<?xml version="1.0" encoding="utf-8"?>
<oval_definitions xmlns="http://oval.mitre.org/XMLSchema/oval-definitions-5" xmlns:oval="http://oval.mitre.org/XMLSchema/oval-common-5" xmlns:unix-def="http://oval.mitre.org/XMLSchema/oval-definitions-5#unix" xmlns:red-def="http://oval.mitre.org/XMLSchema/oval-definitions-5#linux" xmlns:ind-def="http://oval.mitre.org/XMLSchema/oval-definitions-5#independent" xmlns:xsi="http://www.w3.org/2001/XMLSchema-instance" xsi:schemaLocation="http://oval.mitre.org/XMLSchema/oval-common-5 oval-common-schema.xsd http://oval.mitre.org/XMLSchema/oval-definitions-5 oval-definitions-schema.xsd http://oval.mitre.org/XMLSchema/oval-definitions-5#unix unix-definitions-schema.xsd http://oval.mitre.org/XMLSchema/oval-definitions-5#linux linux-definitions-schema.xsd">
<generator>
<oval:product_name>Red Hat OVAL Patch Definition Merger</oval:product_name>
<oval:product_version>3</oval:product_version>
<oval:schema_version>5.10</oval:schema_version>
<oval:timestamp>2025-02-25T09:39:33</oval:timestamp>
<oval:content_version>1740476373</oval:content_version>
</generator>
<definitions>
<definition class="patch" id="oval:com.redhat.rhba:def:20191992" version="635">
 <metadata>
  <title>RHBA-2019:1992: cloud-init bug fix and enhancement update (Moderate)</title>
  <affected family="unix">
   <platform>Red Hat Enterprise Linux 8</platform>
  </affected>
  <reference ref_id="RHBA-2019:1992" ref_url="https://access.redhat.com/errata/RHBA-2019:1992" source="RHSA"/>
  <reference ref_id="CVE-2019-0816" ref_url="https://access.redhat.com/security/cve/CVE-2019-0816" source="CVE"/>
  <description>The cloud-init packages provide a set of init scripts for cloud instances. Cloud instances need special scripts to run during initialization to retrieve and install SSH keys, and to let the user run various scripts.

Users of cloud-init are advised to upgrade to these updated packages.</description>
  <advisory from="secalert@redhat.com">
   <severity>Moderate</severity>
   <rights>Copyright 2019 Red Hat, Inc.</rights>
   <issued date="2019-07-30"/>
   <updated date="2019-07-30"/>
   <cve cvss3="5.4/CVSS:3.0/AV:N/AC:L/PR:L/UI:N/S:U/C:L/I:L/A:N" cwe="CWE-285" href="https://access.redhat.com/security/cve/CVE-2019-0816" impact="moderate" public="20190305">CVE-2019-0816</cve>
   <bugzilla href="https://bugzilla.redhat.com/1680165" id="1680165">cloud-init: extra ssh keys added to authorized_keys on the Azure platform</bugzilla>
   <affected_cpe_list>
    <cpe>cpe:/a:redhat:enterprise_linux:8</cpe>
    <cpe>cpe:/a:redhat:enterprise_linux:8::appstream</cpe>
    <cpe>cpe:/a:redhat:enterprise_linux:8::crb</cpe>
    <cpe>cpe:/a:redhat:enterprise_linux:8::highavailability</cpe>
    <cpe>cpe:/a:redhat:enterprise_linux:8::nfv</cpe>
    <cpe>cpe:/a:redhat:enterprise_linux:8::realtime</cpe>
    <cpe>cpe:/a:redhat:enterprise_linux:8::resilientstorage</cpe>
    <cpe>cpe:/a:redhat:enterprise_linux:8::sap</cpe>
    <cpe>cpe:/a:redhat:enterprise_linux:8::sap_hana</cpe>
    <cpe>cpe:/a:redhat:enterprise_linux:8::supplementary</cpe>
    <cpe>cpe:/o:redhat:enterprise_linux:8</cpe>
    <cpe>cpe:/o:redhat:enterprise_linux:8::baseos</cpe>
   </affected_cpe_list>
  </advisory>
 </metadata>
 <criteria operator="OR">
  <criterion comment="Red Hat Enterprise Linux must be installed" test_ref="oval:com.redhat.rhba:tst:20191992005"/>
  <criteria operator="AND">
   <criterion comment="cloud-init is earlier than 0:18.5-1.el8.4" test_ref="oval:com.redhat.rhba:tst:20191992001"/>
   <criterion comment="cloud-init is signed with Red Hat redhatrelease2 key" test_ref="oval:com.redhat.rhba:tst:20191992002"/>
   <criteria operator="OR">
    <criterion comment="Red Hat Enterprise Linux 8 is installed" test_ref="oval:com.redhat.rhba:tst:20191992003"/>
    <criterion comment="Red Hat CoreOS 4 is installed" test_ref="oval:com.redhat.rhba:tst:20191992004"/>
   </criteria>
  </criteria>
 </criteria>
</definition>
<definition class="patch" id="oval:com.redhat.rhba:def:20192715" version="637">
 <metadata>
  <title>RHBA-2019:2715: virt:rhel bug fix update (Important)</title>
  <affected family="unix">
   <platform>Red Hat Enterprise Linux 8</platform>
  </affected>
  <reference ref_id="RHBA-2019:2715" ref_url="https://access.redhat.com/errata/RHBA-2019:2715" source="RHSA"/>
  <reference ref_id="CVE-2019-14378" ref_url="https://access.redhat.com/security/cve/CVE-2019-14378" source="CVE"/>
  <description>Bug Fix(es):

* qemu-kvm core dumped after hotplug the deleted disk with iothread parameter (BZ#1718992)

* Detached device when trying to upgrade USB device firmware when in doing USB Passthrough via QEMU (BZ#1719228)</description>
  <advisory from="secalert@redhat.com">
   <severity>Important</severity>
   <rights>Copyright 2019 Red Hat, Inc.</rights>
   <issued date="2019-09-12"/>
   <updated date="2019-09-12"/>
   <cve cvss3="7.0/CVSS:3.0/AV:L/AC:H/PR:L/UI:N/S:C/C:L/I:L/A:H" cwe="CWE-122" href="https://access.redhat.com/security/cve/CVE-2019-14378" impact="important" public="20190728">CVE-2019-14378</cve>
   <bugzilla href="https://bugzilla.redhat.com/1734745" id="1734745">QEMU: slirp: heap buffer overflow during packet reassembly</bugzilla>
   <affected_cpe_list>
    <cpe>cpe:/a:redhat:enterprise_linux:8</cpe>
    <cpe>cpe:/a:redhat:enterprise_linux:8::appstream</cpe>
    <cpe>cpe:/a:redhat:enterprise_linux:8::crb</cpe>
    <cpe>cpe:/a:redhat:enterprise_linux:8::highavailability</cpe>
    <cpe>cpe:/a:redhat:enterprise_linux:8::nfv</cpe>
    <cpe>cpe:/a:redhat:enterprise_linux:8::realtime</cpe>
    <cpe>cpe:/a:redhat:enterprise_linux:8::resilientstorage</cpe>
    <cpe>cpe:/a:redhat:enterprise_linux:8::sap</cpe>
    <cpe>cpe:/a:redhat:enterprise_linux:8::sap_hana</cpe>
    <cpe>cpe:/a:redhat:enterprise_linux:8::supplementary</cpe>
    <cpe>cpe:/o:redhat:enterprise_linux:8</cpe>
    <cpe>cpe:/o:redhat:enterprise_linux:8::baseos</cpe>
   </affected_cpe_list>
  </advisory>
 </metadata>
 <criteria operator="OR">
  <criterion comment="Red Hat Enterprise Linux must be installed" test_ref="oval:com.redhat.rhba:tst:20191992005"/>
  <criteria operator="AND">
   <criteria operator="OR">
    <criterion comment="Red Hat Enterprise Linux 8 is installed" test_ref="oval:com.redhat.rhba:tst:20191992003"/>
    <criterion comment="Red Hat CoreOS 4 is installed" test_ref="oval:com.redhat.rhba:tst:20191992004"/>
   </criteria>
   <criteria operator="OR">
    <criteria operator="AND">
     <criterion comment="Module virt:rhel is enabled" test_ref="oval:com.redhat.rhba:tst:20192715195"/>
     <criteria operator="OR">
      <criteria operator="AND">
       <criterion comment="SLOF is earlier than 0:20171214-6.gitfa98132.module+el8.0.0+4084+cceb9f44" test_ref="oval:com.redhat.rhba:tst:20192715001"/>
       <criterion comment="SLOF is signed with Red Hat redhatrelease2 key" test_ref="oval:com.redhat.rhba:tst:20192715002"/>
      </criteria>
      <criteria operator="AND">
       <criterion comment="hivex is earlier than 0:1.3.15-7.module+el8.0.0+4084+cceb9f44" test_ref="oval:com.redhat.rhba:tst:20192715003"/>
       <criterion comment="hivex is signed with Red Hat redhatrelease2 key" test_ref="oval:com.redhat.rhba:tst:20192715004"/>
      </criteria>
      <criteria operator="AND">
       <criterion comment="hivex-devel is earlier than 0:1.3.15-7.module+el8.0.0+4084+cceb9f44" test_ref="oval:com.redhat.rhba:tst:20192715005"/>
       <criterion comment="hivex-devel is signed with Red Hat redhatrelease2 key" test_ref="oval:com.redhat.rhba:tst:20192715006"/>
      </criteria>
      <criteria operator="AND">
       <criterion comment="libguestfs is earlier than 1:1.38.4-11.1.module+el8.0.0+4084+cceb9f44" test_ref="oval:com.redhat.rhba:tst:20192715007"/>
       <criterion comment="libguestfs is signed with Red Hat redhatrelease2 key" test_ref="oval:com.redhat.rhba:tst:20192715008"/>
      </criteria>
      <criteria operator="AND">
       <criterion comment="libguestfs-bash-completion is earlier than 1:1.38.4-11.1.module+el8.0.0+4084+cceb9f44" test_ref="oval:com.redhat.rhba:tst:20192715009"/>
       <criterion comment="libguestfs-bash-completion is signed with Red Hat redhatrelease2 key" test_ref="oval:com.redhat.rhba:tst:20192715010"/>
      </criteria>
      <criteria operator="AND">
       <criterion comment="libguestfs-benchmarking is earlier than 1:1.38.4-11.1.module+el8.0.0+4084+cceb9f44" test_ref="oval:com.redhat.rhba:tst:20192715011"/>
       <criterion comment="libguestfs-benchmarking is signed with Red Hat redhatrelease2 key" test_ref="oval:com.redhat.rhba:tst:20192715012"/>
      </criteria>
      <criteria operator="AND">
       <criterion comment="libguestfs-devel is earlier than 1:1.38.4-11.1.module+el8.0.0+4084+cceb9f44" test_ref="oval:com.redhat.rhba:tst:20192715013"/>
       <criterion comment="libguestfs-devel is signed with Red Hat redhatrelease2 key" test_ref="oval:com.redhat.rhba:tst:20192715014"/>
      </criteria>
      <criteria operator="AND">
       <criterion comment="libguestfs-gfs2 is earlier than 1:1.38.4-11.1.module+el8.0.0+4084+cceb9f44" test_ref="oval:com.redhat.rhba:tst:20192715015"/>
       <criterion comment="libguestfs-gfs2 is signed with Red Hat redhatrelease2 key" test_ref="oval:com.redhat.rhba:tst:20192715016"/>
      </criteria>
      <criteria operator="AND">
       <criterion comment="libguestfs-gobject is earlier than 1:1.38.4-11.1.module+el8.0.0+4084+cceb9f44" test_ref="oval:com.redhat.rhba:tst:20192715017"/>
       <criterion comment="libguestfs-gobject is signed with Red Hat redhatrelease2 key" test_ref="oval:com.redhat.rhba:tst:20192715018"/>
      </criteria>
      <criteria operator="AND">
       <criterion comment="libguestfs-gobject-devel is earlier than 1:1.38.4-11.1.module+el8.0.0+4084+cceb9f44" test_ref="oval:com.redhat.rhba:tst:20192715019"/>
       <criterion comment="libguestfs-gobject-devel is signed with Red Hat redhatrelease2 key" test_ref="oval:com.redhat.rhba:tst:20192715020"/>
      </criteria>
      <criteria operator="AND">
       <criterion comment="libguestfs-inspect-icons is earlier than 1:1.38.4-11.1.module+el8.0.0+4084+cceb9f44" test_ref="oval:com.redhat.rhba:tst:20192715021"/>
       <criterion comment="libguestfs-inspect-icons is signed with Red Hat redhatrelease2 key" test_ref="oval:com.redhat.rhba:tst:20192715022"/>
      </criteria>
      <criteria operator="AND">
       <criterion comment="libguestfs-java is earlier than 1:1.38.4-11.1.module+el8.0.0+4084+cceb9f44" test_ref="oval:com.redhat.rhba:tst:20192715023"/>
       <criterion comment="libguestfs-java is signed with Red Hat redhatrelease2 key" test_ref="oval:com.redhat.rhba:tst:20192715024"/>
      </criteria>
      <criteria operator="AND">
       <criterion comment="libguestfs-java-devel is earlier than 1:1.38.4-11.1.module+el8.0.0+4084+cceb9f44" test_ref="oval:com.redhat.rhba:tst:20192715025"/>
       <criterion comment="libguestfs-java-devel is signed with Red Hat redhatrelease2 key" test_ref="oval:com.redhat.rhba:tst:20192715026"/>
      </criteria>
      <criteria operator="AND">
       <criterion comment="libguestfs-javadoc is earlier than 1:1.38.4-11.1.module+el8.0.0+4084+cceb9f44" test_ref="oval:com.redhat.rhba:tst:20192715027"/>
       <criterion comment="libguestfs-javadoc is signed with Red Hat redhatrelease2 key" test_ref="oval:com.redhat.rhba:tst:20192715028"/>
      </criteria>
      <criteria operator="AND">
       <criterion comment="libguestfs-man-pages-ja is earlier than 1:1.38.4-11.1.module+el8.0.0+4084+cceb9f44" test_ref="oval:com.redhat.rhba:tst:20192715029"/>
       <criterion comment="libguestfs-man-pages-ja is signed with Red Hat redhatrelease2 key" test_ref="oval:com.redhat.rhba:tst:20192715030"/>
      </criteria>
      <criteria operator="AND">
       <criterion comment="libguestfs-man-pages-uk is earlier than 1:1.38.4-11.1.module+el8.0.0+4084+cceb9f44" test_ref="oval:com.redhat.rhba:tst:20192715031"/>
       <criterion comment="libguestfs-man-pages-uk is signed with Red Hat redhatrelease2 key" test_ref="oval:com.redhat.rhba:tst:20192715032"/>
      </criteria>
      <criteria operator="AND">
       <criterion comment="libguestfs-rescue is earlier than 1:1.38.4-11.1.module+el8.0.0+4084+cceb9f44" test_ref="oval:com.redhat.rhba:tst:20192715033"/>
       <criterion comment="libguestfs-rescue is signed with Red Hat redhatrelease2 key" test_ref="oval:com.redhat.rhba:tst:20192715034"/>
      </criteria>
      <criteria operator="AND">
       <criterion comment="libguestfs-rsync is earlier than 1:1.38.4-11.1.module+el8.0.0+4084+cceb9f44" test_ref="oval:com.redhat.rhba:tst:20192715035"/>
       <criterion comment="libguestfs-rsync is signed with Red Hat redhatrelease2 key" test_ref="oval:com.redhat.rhba:tst:20192715036"/>
      </criteria>
      <criteria operator="AND">
       <criterion comment="libguestfs-tools is earlier than 1:1.38.4-11.1.module+el8.0.0+4084+cceb9f44" test_ref="oval:com.redhat.rhba:tst:20192715037"/>
       <criterion comment="libguestfs-tools is signed with Red Hat redhatrelease2 key" test_ref="oval:com.redhat.rhba:tst:20192715038"/>
      </criteria>
      <criteria operator="AND">
       <criterion comment="libguestfs-tools-c is earlier than 1:1.38.4-11.1.module+el8.0.0+4084+cceb9f44" test_ref="oval:com.redhat.rhba:tst:20192715039"/>
       <criterion comment="libguestfs-tools-c is signed with Red Hat redhatrelease2 key" test_ref="oval:com.redhat.rhba:tst:20192715040"/>
      </criteria>
      <criteria operator="AND">
       <criterion comment="libguestfs-winsupport is earlier than 0:8.0-3.module+el8.0.0+4084+cceb9f44" test_ref="oval:com.redhat.rhba:tst:20192715041"/>
       <criterion comment="libguestfs-winsupport is signed with Red Hat redhatrelease2 key" test_ref="oval:com.redhat.rhba:tst:20192715042"/>
      </criteria>
      <criteria operator="AND">
       <criterion comment="libguestfs-xfs is earlier than 1:1.38.4-11.1.module+el8.0.0+4084+cceb9f44" test_ref="oval:com.redhat.rhba:tst:20192715043"/>
       <criterion comment="libguestfs-xfs is signed with Red Hat redhatrelease2 key" test_ref="oval:com.redhat.rhba:tst:20192715044"/>
      </criteria>
      <criteria operator="AND">
       <criterion comment="libiscsi is earlier than 0:1.18.0-7.module+el8.0.0+4084+cceb9f44" test_ref="oval:com.redhat.rhba:tst:20192715045"/>
       <criterion comment="libiscsi is signed with Red Hat redhatrelease2 key" test_ref="oval:com.redhat.rhba:tst:20192715046"/>
      </criteria>
      <criteria operator="AND">
       <criterion comment="libiscsi-devel is earlier than 0:1.18.0-7.module+el8.0.0+4084+cceb9f44" test_ref="oval:com.redhat.rhba:tst:20192715047"/>
       <criterion comment="libiscsi-devel is signed with Red Hat redhatrelease2 key" test_ref="oval:com.redhat.rhba:tst:20192715048"/>
      </criteria>
      <criteria operator="AND">
       <criterion comment="libiscsi-utils is earlier than 0:1.18.0-7.module+el8.0.0+4084+cceb9f44" test_ref="oval:com.redhat.rhba:tst:20192715049"/>
       <criterion comment="libiscsi-utils is signed with Red Hat redhatrelease2 key" test_ref="oval:com.redhat.rhba:tst:20192715050"/>
      </criteria>
      <criteria operator="AND">
       <criterion comment="libssh2 is earlier than 0:1.8.0-8.module+el8.0.0+4084+cceb9f44.1" test_ref="oval:com.redhat.rhba:tst:20192715051"/>
       <criterion comment="libssh2 is signed with Red Hat redhatrelease2 key" test_ref="oval:com.redhat.rhba:tst:20192715052"/>
      </criteria>
      <criteria operator="AND">
       <criterion comment="libvirt is earlier than 0:4.5.0-24.3.module+el8.0.0+4084+cceb9f44" test_ref="oval:com.redhat.rhba:tst:20192715053"/>
       <criterion comment="libvirt is signed with Red Hat redhatrelease2 key" test_ref="oval:com.redhat.rhba:tst:20192715054"/>
      </criteria>
      <criteria operator="AND">
       <criterion comment="libvirt-admin is earlier than 0:4.5.0-24.3.module+el8.0.0+4084+cceb9f44" test_ref="oval:com.redhat.rhba:tst:20192715055"/>
       <criterion comment="libvirt-admin is signed with Red Hat redhatrelease2 key" test_ref="oval:com.redhat.rhba:tst:20192715056"/>
      </criteria>
      <criteria operator="AND">
       <criterion comment="libvirt-bash-completion is earlier than 0:4.5.0-24.3.module+el8.0.0+4084+cceb9f44" test_ref="oval:com.redhat.rhba:tst:20192715057"/>
       <criterion comment="libvirt-bash-completion is signed with Red Hat redhatrelease2 key" test_ref="oval:com.redhat.rhba:tst:20192715058"/>
      </criteria>
      <criteria operator="AND">
       <criterion comment="libvirt-client is earlier than 0:4.5.0-24.3.module+el8.0.0+4084+cceb9f44" test_ref="oval:com.redhat.rhba:tst:20192715059"/>
       <criterion comment="libvirt-client is signed with Red Hat redhatrelease2 key" test_ref="oval:com.redhat.rhba:tst:20192715060"/>
      </criteria>
      <criteria operator="AND">
       <criterion comment="libvirt-daemon is earlier than 0:4.5.0-24.3.module+el8.0.0+4084+cceb9f44" test_ref="oval:com.redhat.rhba:tst:20192715061"/>
       <criterion comment="libvirt-daemon is signed with Red Hat redhatrelease2 key" test_ref="oval:com.redhat.rhba:tst:20192715062"/>
      </criteria>
      <criteria operator="AND">
       <criterion comment="libvirt-daemon-config-network is earlier than 0:4.5.0-24.3.module+el8.0.0+4084+cceb9f44" test_ref="oval:com.redhat.rhba:tst:20192715063"/>
       <criterion comment="libvirt-daemon-config-network is signed with Red Hat redhatrelease2 key" test_ref="oval:com.redhat.rhba:tst:20192715064"/>
      </criteria>
      <criteria operator="AND">
       <criterion comment="libvirt-daemon-config-nwfilter is earlier than 0:4.5.0-24.3.module+el8.0.0+4084+cceb9f44" test_ref="oval:com.redhat.rhba:tst:20192715065"/>
       <criterion comment="libvirt-daemon-config-nwfilter is signed with Red Hat redhatrelease2 key" test_ref="oval:com.redhat.rhba:tst:20192715066"/>
      </criteria>
      <criteria operator="AND">
       <criterion comment="libvirt-daemon-driver-interface is earlier than 0:4.5.0-24.3.module+el8.0.0+4084+cceb9f44" test_ref="oval:com.redhat.rhba:tst:20192715067"/>
       <criterion comment="libvirt-daemon-driver-interface is signed with Red Hat redhatrelease2 key" test_ref="oval:com.redhat.rhba:tst:20192715068"/>
      </criteria>
      <criteria operator="AND">
       <criterion comment="libvirt-daemon-driver-network is earlier than 0:4.5.0-24.3.module+el8.0.0+4084+cceb9f44" test_ref="oval:com.redhat.rhba:tst:20192715069"/>
       <criterion comment="libvirt-daemon-driver-network is signed with Red Hat redhatrelease2 key" test_ref="oval:com.redhat.rhba:tst:20192715070"/>
      </criteria>
      <criteria operator="AND">
       <criterion comment="libvirt-daemon-driver-nodedev is earlier than 0:4.5.0-24.3.module+el8.0.0+4084+cceb9f44" test_ref="oval:com.redhat.rhba:tst:20192715071"/>
       <criterion comment="libvirt-daemon-driver-nodedev is signed with Red Hat redhatrelease2 key" test_ref="oval:com.redhat.rhba:tst:20192715072"/>
      </criteria>
      <criteria operator="AND">
       <criterion comment="libvirt-daemon-driver-nwfilter is earlier than 0:4.5.0-24.3.module+el8.0.0+4084+cceb9f44" test_ref="oval:com.redhat.rhba:tst:20192715073"/>
       <criterion comment="libvirt-daemon-driver-nwfilter is signed with Red Hat redhatrelease2 key" test_ref="oval:com.redhat.rhba:tst:20192715074"/>
      </criteria>
      <criteria operator="AND">
       <criterion comment="libvirt-daemon-driver-qemu is earlier than 0:4.5.0-24.3.module+el8.0.0+4084+cceb9f44" test_ref="oval:com.redhat.rhba:tst:20192715075"/>
       <criterion comment="libvirt-daemon-driver-qemu is signed with Red Hat redhatrelease2 key" test_ref="oval:com.redhat.rhba:tst:20192715076"/>
      </criteria>
      <criteria operator="AND">
       <criterion comment="libvirt-daemon-driver-secret is earlier than 0:4.5.0-24.3.module+el8.0.0+4084+cceb9f44" test_ref="oval:com.redhat.rhba:tst:20192715077"/>
       <criterion comment="libvirt-daemon-driver-secret is signed with Red Hat redhatrelease2 key" test_ref="oval:com.redhat.rhba:tst:20192715078"/>
      </criteria>
      <criteria operator="AND">
       <criterion comment="libvirt-daemon-driver-storage is earlier than 0:4.5.0-24.3.module+el8.0.0+4084+cceb9f44" test_ref="oval:com.redhat.rhba:tst:20192715079"/>
       <criterion comment="libvirt-daemon-driver-storage is signed with Red Hat redhatrelease2 key" test_ref="oval:com.redhat.rhba:tst:20192715080"/>
      </criteria>
      <criteria operator="AND">
       <criterion comment="libvirt-daemon-driver-storage-core is earlier than 0:4.5.0-24.3.module+el8.0.0+4084+cceb9f44" test_ref="oval:com.redhat.rhba:tst:20192715081"/>
       <criterion comment="libvirt-daemon-driver-storage-core is signed with Red Hat redhatrelease2 key" test_ref="oval:com.redhat.rhba:tst:20192715082"/>
      </criteria>
      <criteria operator="AND">
       <criterion comment="libvirt-daemon-driver-storage-disk is earlier than 0:4.5.0-24.3.module+el8.0.0+4084+cceb9f44" test_ref="oval:com.redhat.rhba:tst:20192715083"/>
       <criterion comment="libvirt-daemon-driver-storage-disk is signed with Red Hat redhatrelease2 key" test_ref="oval:com.redhat.rhba:tst:20192715084"/>
      </criteria>
      <criteria operator="AND">
       <criterion comment="libvirt-daemon-driver-storage-gluster is earlier than 0:4.5.0-24.3.module+el8.0.0+4084+cceb9f44" test_ref="oval:com.redhat.rhba:tst:20192715085"/>
       <criterion comment="libvirt-daemon-driver-storage-gluster is signed with Red Hat redhatrelease2 key" test_ref="oval:com.redhat.rhba:tst:20192715086"/>
      </criteria>
      <criteria operator="AND">
       <criterion comment="libvirt-daemon-driver-storage-iscsi is earlier than 0:4.5.0-24.3.module+el8.0.0+4084+cceb9f44" test_ref="oval:com.redhat.rhba:tst:20192715087"/>
       <criterion comment="libvirt-daemon-driver-storage-iscsi is signed with Red Hat redhatrelease2 key" test_ref="oval:com.redhat.rhba:tst:20192715088"/>
      </criteria>
      <criteria operator="AND">
       <criterion comment="libvirt-daemon-driver-storage-logical is earlier than 0:4.5.0-24.3.module+el8.0.0+4084+cceb9f44" test_ref="oval:com.redhat.rhba:tst:20192715089"/>
       <criterion comment="libvirt-daemon-driver-storage-logical is signed with Red Hat redhatrelease2 key" test_ref="oval:com.redhat.rhba:tst:20192715090"/>
      </criteria>
      <criteria operator="AND">
       <criterion comment="libvirt-daemon-driver-storage-mpath is earlier than 0:4.5.0-24.3.module+el8.0.0+4084+cceb9f44" test_ref="oval:com.redhat.rhba:tst:20192715091"/>
       <criterion comment="libvirt-daemon-driver-storage-mpath is signed with Red Hat redhatrelease2 key" test_ref="oval:com.redhat.rhba:tst:20192715092"/>
      </criteria>
      <criteria operator="AND">
       <criterion comment="libvirt-daemon-driver-storage-rbd is earlier than 0:4.5.0-24.3.module+el8.0.0+4084+cceb9f44" test_ref="oval:com.redhat.rhba:tst:20192715093"/>
       <criterion comment="libvirt-daemon-driver-storage-rbd is signed with Red Hat redhatrelease2 key" test_ref="oval:com.redhat.rhba:tst:20192715094"/>
      </criteria>
      <criteria operator="AND">
       <criterion comment="libvirt-daemon-driver-storage-scsi is earlier than 0:4.5.0-24.3.module+el8.0.0+4084+cceb9f44" test_ref="oval:com.redhat.rhba:tst:20192715095"/>
       <criterion comment="libvirt-daemon-driver-storage-scsi is signed with Red Hat redhatrelease2 key" test_ref="oval:com.redhat.rhba:tst:20192715096"/>
      </criteria>
      <criteria operator="AND">
       <criterion comment="libvirt-daemon-kvm is earlier than 0:4.5.0-24.3.module+el8.0.0+4084+cceb9f44" test_ref="oval:com.redhat.rhba:tst:20192715097"/>
       <criterion comment="libvirt-daemon-kvm is signed with Red Hat redhatrelease2 key" test_ref="oval:com.redhat.rhba:tst:20192715098"/>
      </criteria>
      <criteria operator="AND">
       <criterion comment="libvirt-dbus is earlier than 0:1.2.0-3.module+el8.0.0+4084+cceb9f44" test_ref="oval:com.redhat.rhba:tst:20192715099"/>
       <criterion comment="libvirt-dbus is signed with Red Hat redhatrelease2 key" test_ref="oval:com.redhat.rhba:tst:20192715100"/>
      </criteria>
      <criteria operator="AND">
       <criterion comment="libvirt-devel is earlier than 0:4.5.0-24.3.module+el8.0.0+4084+cceb9f44" test_ref="oval:com.redhat.rhba:tst:20192715101"/>
       <criterion comment="libvirt-devel is signed with Red Hat redhatrelease2 key" test_ref="oval:com.redhat.rhba:tst:20192715102"/>
      </criteria>
      <criteria operator="AND">
       <criterion comment="libvirt-docs is earlier than 0:4.5.0-24.3.module+el8.0.0+4084+cceb9f44" test_ref="oval:com.redhat.rhba:tst:20192715103"/>
       <criterion comment="libvirt-docs is signed with Red Hat redhatrelease2 key" test_ref="oval:com.redhat.rhba:tst:20192715104"/>
      </criteria>
      <criteria operator="AND">
       <criterion comment="libvirt-libs is earlier than 0:4.5.0-24.3.module+el8.0.0+4084+cceb9f44" test_ref="oval:com.redhat.rhba:tst:20192715105"/>
       <criterion comment="libvirt-libs is signed with Red Hat redhatrelease2 key" test_ref="oval:com.redhat.rhba:tst:20192715106"/>
      </criteria>
      <criteria operator="AND">
       <criterion comment="libvirt-lock-sanlock is earlier than 0:4.5.0-24.3.module+el8.0.0+4084+cceb9f44" test_ref="oval:com.redhat.rhba:tst:20192715107"/>
       <criterion comment="libvirt-lock-sanlock is signed with Red Hat redhatrelease2 key" test_ref="oval:com.redhat.rhba:tst:20192715108"/>
      </criteria>
      <criteria operator="AND">
       <criterion comment="libvirt-nss is earlier than 0:4.5.0-24.3.module+el8.0.0+4084+cceb9f44" test_ref="oval:com.redhat.rhba:tst:20192715109"/>
       <criterion comment="libvirt-nss is signed with Red Hat redhatrelease2 key" test_ref="oval:com.redhat.rhba:tst:20192715110"/>
      </criteria>
      <criteria operator="AND">
       <criterion comment="lua-guestfs is earlier than 1:1.38.4-11.1.module+el8.0.0+4084+cceb9f44" test_ref="oval:com.redhat.rhba:tst:20192715111"/>
       <criterion comment="lua-guestfs is signed with Red Hat redhatrelease2 key" test_ref="oval:com.redhat.rhba:tst:20192715112"/>
      </criteria>
      <criteria operator="AND">
       <criterion comment="nbdkit is earlier than 0:1.4.2-5.module+el8.0.0+4084+cceb9f44" test_ref="oval:com.redhat.rhba:tst:20192715113"/>
       <criterion comment="nbdkit is signed with Red Hat redhatrelease2 key" test_ref="oval:com.redhat.rhba:tst:20192715114"/>
      </criteria>
      <criteria operator="AND">
       <criterion comment="nbdkit-bash-completion is earlier than 0:1.4.2-5.module+el8.0.0+4084+cceb9f44" test_ref="oval:com.redhat.rhba:tst:20192715115"/>
       <criterion comment="nbdkit-bash-completion is signed with Red Hat redhatrelease2 key" test_ref="oval:com.redhat.rhba:tst:20192715116"/>
      </criteria>
      <criteria operator="AND">
       <criterion comment="nbdkit-basic-plugins is earlier than 0:1.4.2-5.module+el8.0.0+4084+cceb9f44" test_ref="oval:com.redhat.rhba:tst:20192715117"/>
       <criterion comment="nbdkit-basic-plugins is signed with Red Hat redhatrelease2 key" test_ref="oval:com.redhat.rhba:tst:20192715118"/>
      </criteria>
      <criteria operator="AND">
       <criterion comment="nbdkit-devel is earlier than 0:1.4.2-5.module+el8.0.0+4084+cceb9f44" test_ref="oval:com.redhat.rhba:tst:20192715119"/>
       <criterion comment="nbdkit-devel is signed with Red Hat redhatrelease2 key" test_ref="oval:com.redhat.rhba:tst:20192715120"/>
      </criteria>
      <criteria operator="AND">
       <criterion comment="nbdkit-example-plugins is earlier than 0:1.4.2-5.module+el8.0.0+4084+cceb9f44" test_ref="oval:com.redhat.rhba:tst:20192715121"/>
       <criterion comment="nbdkit-example-plugins is signed with Red Hat redhatrelease2 key" test_ref="oval:com.redhat.rhba:tst:20192715122"/>
      </criteria>
      <criteria operator="AND">
       <criterion comment="nbdkit-plugin-gzip is earlier than 0:1.4.2-5.module+el8.0.0+4084+cceb9f44" test_ref="oval:com.redhat.rhba:tst:20192715123"/>
       <criterion comment="nbdkit-plugin-gzip is signed with Red Hat redhatrelease2 key" test_ref="oval:com.redhat.rhba:tst:20192715124"/>
      </criteria>
      <criteria operator="AND">
       <criterion comment="nbdkit-plugin-python-common is earlier than 0:1.4.2-5.module+el8.0.0+4084+cceb9f44" test_ref="oval:com.redhat.rhba:tst:20192715125"/>
       <criterion comment="nbdkit-plugin-python-common is signed with Red Hat redhatrelease2 key" test_ref="oval:com.redhat.rhba:tst:20192715126"/>
      </criteria>
      <criteria operator="AND">
       <criterion comment="nbdkit-plugin-python3 is earlier than 0:1.4.2-5.module+el8.0.0+4084+cceb9f44" test_ref="oval:com.redhat.rhba:tst:20192715127"/>
       <criterion comment="nbdkit-plugin-python3 is signed with Red Hat redhatrelease2 key" test_ref="oval:com.redhat.rhba:tst:20192715128"/>
      </criteria>
      <criteria operator="AND">
       <criterion comment="nbdkit-plugin-vddk is earlier than 0:1.4.2-5.module+el8.0.0+4084+cceb9f44" test_ref="oval:com.redhat.rhba:tst:20192715129"/>
       <criterion comment="nbdkit-plugin-vddk is signed with Red Hat redhatrelease2 key" test_ref="oval:com.redhat.rhba:tst:20192715130"/>
      </criteria>
      <criteria operator="AND">
       <criterion comment="nbdkit-plugin-xz is earlier than 0:1.4.2-5.module+el8.0.0+4084+cceb9f44" test_ref="oval:com.redhat.rhba:tst:20192715131"/>
       <criterion comment="nbdkit-plugin-xz is signed with Red Hat redhatrelease2 key" test_ref="oval:com.redhat.rhba:tst:20192715132"/>
      </criteria>
      <criteria operator="AND">
       <criterion comment="netcf is earlier than 0:0.2.8-11.module+el8.0.0+4084+cceb9f44" test_ref="oval:com.redhat.rhba:tst:20192715133"/>
       <criterion comment="netcf is signed with Red Hat redhatrelease2 key" test_ref="oval:com.redhat.rhba:tst:20192715134"/>
      </criteria>
      <criteria operator="AND">
       <criterion comment="netcf-devel is earlier than 0:0.2.8-11.module+el8.0.0+4084+cceb9f44" test_ref="oval:com.redhat.rhba:tst:20192715135"/>
       <criterion comment="netcf-devel is signed with Red Hat redhatrelease2 key" test_ref="oval:com.redhat.rhba:tst:20192715136"/>
      </criteria>
      <criteria operator="AND">
       <criterion comment="netcf-libs is earlier than 0:0.2.8-11.module+el8.0.0+4084+cceb9f44" test_ref="oval:com.redhat.rhba:tst:20192715137"/>
       <criterion comment="netcf-libs is signed with Red Hat redhatrelease2 key" test_ref="oval:com.redhat.rhba:tst:20192715138"/>
      </criteria>
      <criteria operator="AND">
       <criterion comment="perl-Sys-Guestfs is earlier than 1:1.38.4-11.1.module+el8.0.0+4084+cceb9f44" test_ref="oval:com.redhat.rhba:tst:20192715139"/>
       <criterion comment="perl-Sys-Guestfs is signed with Red Hat redhatrelease2 key" test_ref="oval:com.redhat.rhba:tst:20192715140"/>
      </criteria>
      <criteria operator="AND">
       <criterion comment="perl-Sys-Virt is earlier than 0:4.5.0-5.module+el8.0.0+4084+cceb9f44" test_ref="oval:com.redhat.rhba:tst:20192715141"/>
       <criterion comment="perl-Sys-Virt is signed with Red Hat redhatrelease2 key" test_ref="oval:com.redhat.rhba:tst:20192715142"/>
      </criteria>
      <criteria operator="AND">
       <criterion comment="perl-hivex is earlier than 0:1.3.15-7.module+el8.0.0+4084+cceb9f44" test_ref="oval:com.redhat.rhba:tst:20192715143"/>
       <criterion comment="perl-hivex is signed with Red Hat redhatrelease2 key" test_ref="oval:com.redhat.rhba:tst:20192715144"/>
      </criteria>
      <criteria operator="AND">
       <criterion comment="python3-hivex is earlier than 0:1.3.15-7.module+el8.0.0+4084+cceb9f44" test_ref="oval:com.redhat.rhba:tst:20192715145"/>
       <criterion comment="python3-hivex is signed with Red Hat redhatrelease2 key" test_ref="oval:com.redhat.rhba:tst:20192715146"/>
      </criteria>
      <criteria operator="AND">
       <criterion comment="python3-libguestfs is earlier than 1:1.38.4-11.1.module+el8.0.0+4084+cceb9f44" test_ref="oval:com.redhat.rhba:tst:20192715147"/>
       <criterion comment="python3-libguestfs is signed with Red Hat redhatrelease2 key" test_ref="oval:com.redhat.rhba:tst:20192715148"/>
      </criteria>
      <criteria operator="AND">
       <criterion comment="python3-libvirt is earlier than 0:4.5.0-2.module+el8.0.0+4084+cceb9f44" test_ref="oval:com.redhat.rhba:tst:20192715149"/>
       <criterion comment="python3-libvirt is signed with Red Hat redhatrelease2 key" test_ref="oval:com.redhat.rhba:tst:20192715150"/>
      </criteria>
      <criteria operator="AND">
       <criterion comment="qemu-guest-agent is earlier than 15:2.12.0-65.module+el8.0.0+4084+cceb9f44.5" test_ref="oval:com.redhat.rhba:tst:20192715151"/>
       <criterion comment="qemu-guest-agent is signed with Red Hat redhatrelease2 key" test_ref="oval:com.redhat.rhba:tst:20192715152"/>
      </criteria>
      <criteria operator="AND">
       <criterion comment="qemu-img is earlier than 15:2.12.0-65.module+el8.0.0+4084+cceb9f44.5" test_ref="oval:com.redhat.rhba:tst:20192715153"/>
       <criterion comment="qemu-img is signed with Red Hat redhatrelease2 key" test_ref="oval:com.redhat.rhba:tst:20192715154"/>
      </criteria>
      <criteria operator="AND">
       <criterion comment="qemu-kvm is earlier than 15:2.12.0-65.module+el8.0.0+4084+cceb9f44.5" test_ref="oval:com.redhat.rhba:tst:20192715155"/>
       <criterion comment="qemu-kvm is signed with Red Hat redhatrelease2 key" test_ref="oval:com.redhat.rhba:tst:20192715156"/>
      </criteria>
      <criteria operator="AND">
       <criterion comment="qemu-kvm-block-curl is earlier than 15:2.12.0-65.module+el8.0.0+4084+cceb9f44.5" test_ref="oval:com.redhat.rhba:tst:20192715157"/>
       <criterion comment="qemu-kvm-block-curl is signed with Red Hat redhatrelease2 key" test_ref="oval:com.redhat.rhba:tst:20192715158"/>
      </criteria>
      <criteria operator="AND">
       <criterion comment="qemu-kvm-block-gluster is earlier than 15:2.12.0-65.module+el8.0.0+4084+cceb9f44.5" test_ref="oval:com.redhat.rhba:tst:20192715159"/>
       <criterion comment="qemu-kvm-block-gluster is signed with Red Hat redhatrelease2 key" test_ref="oval:com.redhat.rhba:tst:20192715160"/>
      </criteria>
      <criteria operator="AND">
       <criterion comment="qemu-kvm-block-iscsi is earlier than 15:2.12.0-65.module+el8.0.0+4084+cceb9f44.5" test_ref="oval:com.redhat.rhba:tst:20192715161"/>
       <criterion comment="qemu-kvm-block-iscsi is signed with Red Hat redhatrelease2 key" test_ref="oval:com.redhat.rhba:tst:20192715162"/>
      </criteria>
      <criteria operator="AND">
       <criterion comment="qemu-kvm-block-rbd is earlier than 15:2.12.0-65.module+el8.0.0+4084+cceb9f44.5" test_ref="oval:com.redhat.rhba:tst:20192715163"/>
       <criterion comment="qemu-kvm-block-rbd is signed with Red Hat redhatrelease2 key" test_ref="oval:com.redhat.rhba:tst:20192715164"/>
      </criteria>
      <criteria operator="AND">
       <criterion comment="qemu-kvm-block-ssh is earlier than 15:2.12.0-65.module+el8.0.0+4084+cceb9f44.5" test_ref="oval:com.redhat.rhba:tst:20192715165"/>
       <criterion comment="qemu-kvm-block-ssh is signed with Red Hat redhatrelease2 key" test_ref="oval:com.redhat.rhba:tst:20192715166"/>
      </criteria>
      <criteria operator="AND">
       <criterion comment="qemu-kvm-common is earlier than 15:2.12.0-65.module+el8.0.0+4084+cceb9f44.5" test_ref="oval:com.redhat.rhba:tst:20192715167"/>
       <criterion comment="qemu-kvm-common is signed with Red Hat redhatrelease2 key" test_ref="oval:com.redhat.rhba:tst:20192715168"/>
      </criteria>
      <criteria operator="AND">
       <criterion comment="qemu-kvm-core is earlier than 15:2.12.0-65.module+el8.0.0+4084+cceb9f44.5" test_ref="oval:com.redhat.rhba:tst:20192715169"/>
       <criterion comment="qemu-kvm-core is signed with Red Hat redhatrelease2 key" test_ref="oval:com.redhat.rhba:tst:20192715170"/>
      </criteria>
      <criteria operator="AND">
       <criterion comment="ruby-hivex is earlier than 0:1.3.15-7.module+el8.0.0+4084+cceb9f44" test_ref="oval:com.redhat.rhba:tst:20192715171"/>
       <criterion comment="ruby-hivex is signed with Red Hat redhatrelease2 key" test_ref="oval:com.redhat.rhba:tst:20192715172"/>
      </criteria>
      <criteria operator="AND">
       <criterion comment="ruby-libguestfs is earlier than 1:1.38.4-11.1.module+el8.0.0+4084+cceb9f44" test_ref="oval:com.redhat.rhba:tst:20192715173"/>
       <criterion comment="ruby-libguestfs is signed with Red Hat redhatrelease2 key" test_ref="oval:com.redhat.rhba:tst:20192715174"/>
      </criteria>
      <criteria operator="AND">
       <criterion comment="seabios is earlier than 0:1.11.1-4.module+el8.0.0+4084+cceb9f44" test_ref="oval:com.redhat.rhba:tst:20192715175"/>
       <criterion comment="seabios is signed with Red Hat redhatrelease2 key" test_ref="oval:com.redhat.rhba:tst:20192715176"/>
      </criteria>
      <criteria operator="AND">
       <criterion comment="seabios-bin is earlier than 0:1.11.1-4.module+el8.0.0+4084+cceb9f44" test_ref="oval:com.redhat.rhba:tst:20192715177"/>
       <criterion comment="seabios-bin is signed with Red Hat redhatrelease2 key" test_ref="oval:com.redhat.rhba:tst:20192715178"/>
      </criteria>
      <criteria operator="AND">
       <criterion comment="seavgabios-bin is earlier than 0:1.11.1-4.module+el8.0.0+4084+cceb9f44" test_ref="oval:com.redhat.rhba:tst:20192715179"/>
       <criterion comment="seavgabios-bin is signed with Red Hat redhatrelease2 key" test_ref="oval:com.redhat.rhba:tst:20192715180"/>
      </criteria>
      <criteria operator="AND">
       <criterion comment="sgabios is earlier than 1:0.20170427git-3.module+el8.0.0+4084+cceb9f44" test_ref="oval:com.redhat.rhba:tst:20192715181"/>
       <criterion comment="sgabios is signed with Red Hat redhatrelease2 key" test_ref="oval:com.redhat.rhba:tst:20192715182"/>
      </criteria>
      <criteria operator="AND">
       <criterion comment="sgabios-bin is earlier than 1:0.20170427git-3.module+el8.0.0+4084+cceb9f44" test_ref="oval:com.redhat.rhba:tst:20192715183"/>
       <criterion comment="sgabios-bin is signed with Red Hat redhatrelease2 key" test_ref="oval:com.redhat.rhba:tst:20192715184"/>
      </criteria>
      <criteria operator="AND">
       <criterion comment="supermin is earlier than 0:5.1.19-9.module+el8.0.0+4084+cceb9f44" test_ref="oval:com.redhat.rhba:tst:20192715185"/>
       <criterion comment="supermin is signed with Red Hat redhatrelease2 key" test_ref="oval:com.redhat.rhba:tst:20192715186"/>
      </criteria>
      <criteria operator="AND">
       <criterion comment="supermin-devel is earlier than 0:5.1.19-9.module+el8.0.0+4084+cceb9f44" test_ref="oval:com.redhat.rhba:tst:20192715187"/>
       <criterion comment="supermin-devel is signed with Red Hat redhatrelease2 key" test_ref="oval:com.redhat.rhba:tst:20192715188"/>
      </criteria>
      <criteria operator="AND">
       <criterion comment="virt-dib is earlier than 1:1.38.4-11.1.module+el8.0.0+4084+cceb9f44" test_ref="oval:com.redhat.rhba:tst:20192715189"/>
       <criterion comment="virt-dib is signed with Red Hat redhatrelease2 key" test_ref="oval:com.redhat.rhba:tst:20192715190"/>
      </criteria>
      <criteria operator="AND">
       <criterion comment="virt-p2v-maker is earlier than 1:1.38.4-11.1.module+el8.0.0+4084+cceb9f44" test_ref="oval:com.redhat.rhba:tst:20192715191"/>
       <criterion comment="virt-p2v-maker is signed with Red Hat redhatrelease2 key" test_ref="oval:com.redhat.rhba:tst:20192715192"/>
      </criteria>
      <criteria operator="AND">
       <criterion comment="virt-v2v is earlier than 1:1.38.4-11.1.module+el8.0.0+4084+cceb9f44" test_ref="oval:com.redhat.rhba:tst:20192715193"/>
       <criterion comment="virt-v2v is signed with Red Hat redhatrelease2 key" test_ref="oval:com.redhat.rhba:tst:20192715194"/>
      </criteria>
     </criteria>
    </criteria>
    <criteria operator="AND">
     <criterion comment="Module virt-devel:rhel is enabled" test_ref="oval:com.redhat.rhba:tst:20192715252"/>
     <criteria operator="OR">
      <criteria operator="AND">
       <criterion comment="hivex is earlier than 0:1.3.15-7.module+el8.0.0+4084+cceb9f44" test_ref="oval:com.redhat.rhba:tst:20192715196"/>
       <criterion comment="hivex is signed with Red Hat redhatrelease2 key" test_ref="oval:com.redhat.rhba:tst:20192715004"/>
      </criteria>
      <criteria operator="AND">
       <criterion comment="hivex-devel is earlier than 0:1.3.15-7.module+el8.0.0+4084+cceb9f44" test_ref="oval:com.redhat.rhba:tst:20192715197"/>
       <criterion comment="hivex-devel is signed with Red Hat redhatrelease2 key" test_ref="oval:com.redhat.rhba:tst:20192715006"/>
      </criteria>
      <criteria operator="AND">
       <criterion comment="libguestfs-winsupport is earlier than 0:8.0-3.module+el8.0.0+4084+cceb9f44" test_ref="oval:com.redhat.rhba:tst:20192715198"/>
       <criterion comment="libguestfs-winsupport is signed with Red Hat redhatrelease2 key" test_ref="oval:com.redhat.rhba:tst:20192715042"/>
      </criteria>
      <criteria operator="AND">
       <criterion comment="libiscsi is earlier than 0:1.18.0-7.module+el8.0.0+4084+cceb9f44" test_ref="oval:com.redhat.rhba:tst:20192715199"/>
       <criterion comment="libiscsi is signed with Red Hat redhatrelease2 key" test_ref="oval:com.redhat.rhba:tst:20192715046"/>
      </criteria>
      <criteria operator="AND">
       <criterion comment="libiscsi-devel is earlier than 0:1.18.0-7.module+el8.0.0+4084+cceb9f44" test_ref="oval:com.redhat.rhba:tst:20192715200"/>
       <criterion comment="libiscsi-devel is signed with Red Hat redhatrelease2 key" test_ref="oval:com.redhat.rhba:tst:20192715048"/>
      </criteria>
      <criteria operator="AND">
       <criterion comment="libiscsi-utils is earlier than 0:1.18.0-7.module+el8.0.0+4084+cceb9f44" test_ref="oval:com.redhat.rhba:tst:20192715201"/>
       <criterion comment="libiscsi-utils is signed with Red Hat redhatrelease2 key" test_ref="oval:com.redhat.rhba:tst:20192715050"/>
      </criteria>
      <criteria operator="AND">
       <criterion comment="libssh2 is earlier than 0:1.8.0-8.module+el8.0.0+4084+cceb9f44.1" test_ref="oval:com.redhat.rhba:tst:20192715202"/>
       <criterion comment="libssh2 is signed with Red Hat redhatrelease2 key" test_ref="oval:com.redhat.rhba:tst:20192715052"/>
      </criteria>
      <criteria operator="AND">
       <criterion comment="libssh2-devel is earlier than 0:1.8.0-8.module+el8.0.0+4084+cceb9f44.1" test_ref="oval:com.redhat.rhba:tst:20192715203"/>
       <criterion comment="libssh2-devel is signed with Red Hat redhatrelease2 key" test_ref="oval:com.redhat.rhba:tst:20192715204"/>
      </criteria>
      <criteria operator="AND">
       <criterion comment="libssh2-docs is earlier than 0:1.8.0-8.module+el8.0.0+4084+cceb9f44.1" test_ref="oval:com.redhat.rhba:tst:20192715205"/>
       <criterion comment="libssh2-docs is signed with Red Hat redhatrelease2 key" test_ref="oval:com.redhat.rhba:tst:20192715206"/>
      </criteria>
      <criteria operator="AND">
       <criterion comment="libvirt is earlier than 0:4.5.0-24.3.module+el8.0.0+4084+cceb9f44" test_ref="oval:com.redhat.rhba:tst:20192715207"/>
       <criterion comment="libvirt is signed with Red Hat redhatrelease2 key" test_ref="oval:com.redhat.rhba:tst:20192715054"/>
      </criteria>
      <criteria operator="AND">
       <criterion comment="libvirt-admin is earlier than 0:4.5.0-24.3.module+el8.0.0+4084+cceb9f44" test_ref="oval:com.redhat.rhba:tst:20192715208"/>
       <criterion comment="libvirt-admin is signed with Red Hat redhatrelease2 key" test_ref="oval:com.redhat.rhba:tst:20192715056"/>
      </criteria>
      <criteria operator="AND">
       <criterion comment="libvirt-bash-completion is earlier than 0:4.5.0-24.3.module+el8.0.0+4084+cceb9f44" test_ref="oval:com.redhat.rhba:tst:20192715209"/>
       <criterion comment="libvirt-bash-completion is signed with Red Hat redhatrelease2 key" test_ref="oval:com.redhat.rhba:tst:20192715058"/>
      </criteria>
      <criteria operator="AND">
       <criterion comment="libvirt-client is earlier than 0:4.5.0-24.3.module+el8.0.0+4084+cceb9f44" test_ref="oval:com.redhat.rhba:tst:20192715210"/>
       <criterion comment="libvirt-client is signed with Red Hat redhatrelease2 key" test_ref="oval:com.redhat.rhba:tst:20192715060"/>
      </criteria>
      <criteria operator="AND">
       <criterion comment="libvirt-daemon is earlier than 0:4.5.0-24.3.module+el8.0.0+4084+cceb9f44" test_ref="oval:com.redhat.rhba:tst:20192715211"/>
       <criterion comment="libvirt-daemon is signed with Red Hat redhatrelease2 key" test_ref="oval:com.redhat.rhba:tst:20192715062"/>
      </criteria>
      <criteria operator="AND">
       <criterion comment="libvirt-daemon-config-network is earlier than 0:4.5.0-24.3.module+el8.0.0+4084+cceb9f44" test_ref="oval:com.redhat.rhba:tst:20192715212"/>
       <criterion comment="libvirt-daemon-config-network is signed with Red Hat redhatrelease2 key" test_ref="oval:com.redhat.rhba:tst:20192715064"/>
      </criteria>
      <criteria operator="AND">
       <criterion comment="libvirt-daemon-config-nwfilter is earlier than 0:4.5.0-24.3.module+el8.0.0+4084+cceb9f44" test_ref="oval:com.redhat.rhba:tst:20192715213"/>
       <criterion comment="libvirt-daemon-config-nwfilter is signed with Red Hat redhatrelease2 key" test_ref="oval:com.redhat.rhba:tst:20192715066"/>
      </criteria>
      <criteria operator="AND">
       <criterion comment="libvirt-daemon-driver-interface is earlier than 0:4.5.0-24.3.module+el8.0.0+4084+cceb9f44" test_ref="oval:com.redhat.rhba:tst:20192715214"/>
       <criterion comment="libvirt-daemon-driver-interface is signed with Red Hat redhatrelease2 key" test_ref="oval:com.redhat.rhba:tst:20192715068"/>
      </criteria>
      <criteria operator="AND">
       <criterion comment="libvirt-daemon-driver-network is earlier than 0:4.5.0-24.3.module+el8.0.0+4084+cceb9f44" test_ref="oval:com.redhat.rhba:tst:20192715215"/>
       <criterion comment="libvirt-daemon-driver-network is signed with Red Hat redhatrelease2 key" test_ref="oval:com.redhat.rhba:tst:20192715070"/>
      </criteria>
      <criteria operator="AND">
       <criterion comment="libvirt-daemon-driver-nodedev is earlier than 0:4.5.0-24.3.module+el8.0.0+4084+cceb9f44" test_ref="oval:com.redhat.rhba:tst:20192715216"/>
       <criterion comment="libvirt-daemon-driver-nodedev is signed with Red Hat redhatrelease2 key" test_ref="oval:com.redhat.rhba:tst:20192715072"/>
      </criteria>
      <criteria operator="AND">
       <criterion comment="libvirt-daemon-driver-nwfilter is earlier than 0:4.5.0-24.3.module+el8.0.0+4084+cceb9f44" test_ref="oval:com.redhat.rhba:tst:20192715217"/>
       <criterion comment="libvirt-daemon-driver-nwfilter is signed with Red Hat redhatrelease2 key" test_ref="oval:com.redhat.rhba:tst:20192715074"/>
      </criteria>
      <criteria operator="AND">
       <criterion comment="libvirt-daemon-driver-secret is earlier than 0:4.5.0-24.3.module+el8.0.0+4084+cceb9f44" test_ref="oval:com.redhat.rhba:tst:20192715218"/>
       <criterion comment="libvirt-daemon-driver-secret is signed with Red Hat redhatrelease2 key" test_ref="oval:com.redhat.rhba:tst:20192715078"/>
      </criteria>
      <criteria operator="AND">
       <criterion comment="libvirt-daemon-driver-storage is earlier than 0:4.5.0-24.3.module+el8.0.0+4084+cceb9f44" test_ref="oval:com.redhat.rhba:tst:20192715219"/>
       <criterion comment="libvirt-daemon-driver-storage is signed with Red Hat redhatrelease2 key" test_ref="oval:com.redhat.rhba:tst:20192715080"/>
      </criteria>
      <criteria operator="AND">
       <criterion comment="libvirt-daemon-driver-storage-core is earlier than 0:4.5.0-24.3.module+el8.0.0+4084+cceb9f44" test_ref="oval:com.redhat.rhba:tst:20192715220"/>
       <criterion comment="libvirt-daemon-driver-storage-core is signed with Red Hat redhatrelease2 key" test_ref="oval:com.redhat.rhba:tst:20192715082"/>
      </criteria>
      <criteria operator="AND">
       <criterion comment="libvirt-daemon-driver-storage-disk is earlier than 0:4.5.0-24.3.module+el8.0.0+4084+cceb9f44" test_ref="oval:com.redhat.rhba:tst:20192715221"/>
       <criterion comment="libvirt-daemon-driver-storage-disk is signed with Red Hat redhatrelease2 key" test_ref="oval:com.redhat.rhba:tst:20192715084"/>
      </criteria>
      <criteria operator="AND">
       <criterion comment="libvirt-daemon-driver-storage-gluster is earlier than 0:4.5.0-24.3.module+el8.0.0+4084+cceb9f44" test_ref="oval:com.redhat.rhba:tst:20192715222"/>
       <criterion comment="libvirt-daemon-driver-storage-gluster is signed with Red Hat redhatrelease2 key" test_ref="oval:com.redhat.rhba:tst:20192715086"/>
      </criteria>
      <criteria operator="AND">
       <criterion comment="libvirt-daemon-driver-storage-iscsi is earlier than 0:4.5.0-24.3.module+el8.0.0+4084+cceb9f44" test_ref="oval:com.redhat.rhba:tst:20192715223"/>
       <criterion comment="libvirt-daemon-driver-storage-iscsi is signed with Red Hat redhatrelease2 key" test_ref="oval:com.redhat.rhba:tst:20192715088"/>
      </criteria>
      <criteria operator="AND">
       <criterion comment="libvirt-daemon-driver-storage-logical is earlier than 0:4.5.0-24.3.module+el8.0.0+4084+cceb9f44" test_ref="oval:com.redhat.rhba:tst:20192715224"/>
       <criterion comment="libvirt-daemon-driver-storage-logical is signed with Red Hat redhatrelease2 key" test_ref="oval:com.redhat.rhba:tst:20192715090"/>
      </criteria>
      <criteria operator="AND">
       <criterion comment="libvirt-daemon-driver-storage-mpath is earlier than 0:4.5.0-24.3.module+el8.0.0+4084+cceb9f44" test_ref="oval:com.redhat.rhba:tst:20192715225"/>
       <criterion comment="libvirt-daemon-driver-storage-mpath is signed with Red Hat redhatrelease2 key" test_ref="oval:com.redhat.rhba:tst:20192715092"/>
      </criteria>
      <criteria operator="AND">
       <criterion comment="libvirt-daemon-driver-storage-rbd is earlier than 0:4.5.0-24.3.module+el8.0.0+4084+cceb9f44" test_ref="oval:com.redhat.rhba:tst:20192715226"/>
       <criterion comment="libvirt-daemon-driver-storage-rbd is signed with Red Hat redhatrelease2 key" test_ref="oval:com.redhat.rhba:tst:20192715094"/>
      </criteria>
      <criteria operator="AND">
       <criterion comment="libvirt-daemon-driver-storage-scsi is earlier than 0:4.5.0-24.3.module+el8.0.0+4084+cceb9f44" test_ref="oval:com.redhat.rhba:tst:20192715227"/>
       <criterion comment="libvirt-daemon-driver-storage-scsi is signed with Red Hat redhatrelease2 key" test_ref="oval:com.redhat.rhba:tst:20192715096"/>
      </criteria>
      <criteria operator="AND">
       <criterion comment="libvirt-dbus is earlier than 0:1.2.0-3.module+el8.0.0+4084+cceb9f44" test_ref="oval:com.redhat.rhba:tst:20192715228"/>
       <criterion comment="libvirt-dbus is signed with Red Hat redhatrelease2 key" test_ref="oval:com.redhat.rhba:tst:20192715100"/>
      </criteria>
      <criteria operator="AND">
       <criterion comment="libvirt-devel is earlier than 0:4.5.0-24.3.module+el8.0.0+4084+cceb9f44" test_ref="oval:com.redhat.rhba:tst:20192715229"/>
       <criterion comment="libvirt-devel is signed with Red Hat redhatrelease2 key" test_ref="oval:com.redhat.rhba:tst:20192715102"/>
      </criteria>
      <criteria operator="AND">
       <criterion comment="libvirt-docs is earlier than 0:4.5.0-24.3.module+el8.0.0+4084+cceb9f44" test_ref="oval:com.redhat.rhba:tst:20192715230"/>
       <criterion comment="libvirt-docs is signed with Red Hat redhatrelease2 key" test_ref="oval:com.redhat.rhba:tst:20192715104"/>
      </criteria>
      <criteria operator="AND">
       <criterion comment="libvirt-libs is earlier than 0:4.5.0-24.3.module+el8.0.0+4084+cceb9f44" test_ref="oval:com.redhat.rhba:tst:20192715231"/>
       <criterion comment="libvirt-libs is signed with Red Hat redhatrelease2 key" test_ref="oval:com.redhat.rhba:tst:20192715106"/>
      </criteria>
      <criteria operator="AND">
       <criterion comment="libvirt-nss is earlier than 0:4.5.0-24.3.module+el8.0.0+4084+cceb9f44" test_ref="oval:com.redhat.rhba:tst:20192715232"/>
       <criterion comment="libvirt-nss is signed with Red Hat redhatrelease2 key" test_ref="oval:com.redhat.rhba:tst:20192715110"/>
      </criteria>
      <criteria operator="AND">
       <criterion comment="netcf is earlier than 0:0.2.8-11.module+el8.0.0+4084+cceb9f44" test_ref="oval:com.redhat.rhba:tst:20192715233"/>
       <criterion comment="netcf is signed with Red Hat redhatrelease2 key" test_ref="oval:com.redhat.rhba:tst:20192715134"/>
      </criteria>
      <criteria operator="AND">
       <criterion comment="netcf-devel is earlier than 0:0.2.8-11.module+el8.0.0+4084+cceb9f44" test_ref="oval:com.redhat.rhba:tst:20192715234"/>
       <criterion comment="netcf-devel is signed with Red Hat redhatrelease2 key" test_ref="oval:com.redhat.rhba:tst:20192715136"/>
      </criteria>
      <criteria operator="AND">
       <criterion comment="netcf-libs is earlier than 0:0.2.8-11.module+el8.0.0+4084+cceb9f44" test_ref="oval:com.redhat.rhba:tst:20192715235"/>
       <criterion comment="netcf-libs is signed with Red Hat redhatrelease2 key" test_ref="oval:com.redhat.rhba:tst:20192715138"/>
      </criteria>
      <criteria operator="AND">
       <criterion comment="ocaml-hivex is earlier than 0:1.3.15-7.module+el8.0.0+4084+cceb9f44" test_ref="oval:com.redhat.rhba:tst:20192715236"/>
       <criterion comment="ocaml-hivex is signed with Red Hat redhatrelease2 key" test_ref="oval:com.redhat.rhba:tst:20192715237"/>
      </criteria>
      <criteria operator="AND">
       <criterion comment="ocaml-hivex-devel is earlier than 0:1.3.15-7.module+el8.0.0+4084+cceb9f44" test_ref="oval:com.redhat.rhba:tst:20192715238"/>
       <criterion comment="ocaml-hivex-devel is signed with Red Hat redhatrelease2 key" test_ref="oval:com.redhat.rhba:tst:20192715239"/>
      </criteria>
      <criteria operator="AND">
       <criterion comment="ocaml-libguestfs is earlier than 1:1.38.4-11.1.module+el8.0.0+4084+cceb9f44" test_ref="oval:com.redhat.rhba:tst:20192715240"/>
       <criterion comment="ocaml-libguestfs is signed with Red Hat redhatrelease2 key" test_ref="oval:com.redhat.rhba:tst:20192715241"/>
      </criteria>
      <criteria operator="AND">
       <criterion comment="ocaml-libguestfs-devel is earlier than 1:1.38.4-11.1.module+el8.0.0+4084+cceb9f44" test_ref="oval:com.redhat.rhba:tst:20192715242"/>
       <criterion comment="ocaml-libguestfs-devel is signed with Red Hat redhatrelease2 key" test_ref="oval:com.redhat.rhba:tst:20192715243"/>
      </criteria>
      <criteria operator="AND">
       <criterion comment="perl-Sys-Virt is earlier than 0:4.5.0-5.module+el8.0.0+4084+cceb9f44" test_ref="oval:com.redhat.rhba:tst:20192715244"/>
       <criterion comment="perl-Sys-Virt is signed with Red Hat redhatrelease2 key" test_ref="oval:com.redhat.rhba:tst:20192715142"/>
      </criteria>
      <criteria operator="AND">
       <criterion comment="perl-hivex is earlier than 0:1.3.15-7.module+el8.0.0+4084+cceb9f44" test_ref="oval:com.redhat.rhba:tst:20192715245"/>
       <criterion comment="perl-hivex is signed with Red Hat redhatrelease2 key" test_ref="oval:com.redhat.rhba:tst:20192715144"/>
      </criteria>
      <criteria operator="AND">
       <criterion comment="python3-hivex is earlier than 0:1.3.15-7.module+el8.0.0+4084+cceb9f44" test_ref="oval:com.redhat.rhba:tst:20192715246"/>
       <criterion comment="python3-hivex is signed with Red Hat redhatrelease2 key" test_ref="oval:com.redhat.rhba:tst:20192715146"/>
      </criteria>
      <criteria operator="AND">
       <criterion comment="python3-libvirt is earlier than 0:4.5.0-2.module+el8.0.0+4084+cceb9f44" test_ref="oval:com.redhat.rhba:tst:20192715247"/>
       <criterion comment="python3-libvirt is signed with Red Hat redhatrelease2 key" test_ref="oval:com.redhat.rhba:tst:20192715150"/>
      </criteria>
      <criteria operator="AND">
       <criterion comment="qemu-kvm-tests is earlier than 15:2.12.0-65.module+el8.0.0+4084+cceb9f44.5" test_ref="oval:com.redhat.rhba:tst:20192715248"/>
       <criterion comment="qemu-kvm-tests is signed with Red Hat redhatrelease2 key" test_ref="oval:com.redhat.rhba:tst:20192715249"/>
      </criteria>
      <criteria operator="AND">
       <criterion comment="ruby-hivex is earlier than 0:1.3.15-7.module+el8.0.0+4084+cceb9f44" test_ref="oval:com.redhat.rhba:tst:20192715250"/>
       <criterion comment="ruby-hivex is signed with Red Hat redhatrelease2 key" test_ref="oval:com.redhat.rhba:tst:20192715172"/>
      </criteria>
      <criteria operator="AND">
       <criterion comment="sgabios is earlier than 1:0.20170427git-3.module+el8.0.0+4084+cceb9f44" test_ref="oval:com.redhat.rhba:tst:20192715251"/>
       <criterion comment="sgabios is signed with Red Hat redhatrelease2 key" test_ref="oval:com.redhat.rhba:tst:20192715182"/>
      </criteria>
     </criteria>
    </criteria>
   </criteria>
  </criteria>
 </criteria>
</definition>
<definition class="patch" id="oval:com.redhat.rhba:def:20193384" version="638">
 <metadata>
  <title>RHBA-2019:3384: ruby:2.5 bug fix and enhancement update (Moderate)</title>
  <affected family="unix">
   <platform>Red Hat Enterprise Linux 8</platform>
  </affected>
  <reference ref_id="RHBA-2019:3384" ref_url="https://access.redhat.com/errata/RHBA-2019:3384" source="RHSA"/>
  <reference ref_id="CVE-2019-8320" ref_url="https://access.redhat.com/security/cve/CVE-2019-8320" source="CVE"/>
  <reference ref_id="CVE-2019-8321" ref_url="https://access.redhat.com/security/cve/CVE-2019-8321" source="CVE"/>
  <reference ref_id="CVE-2019-8322" ref_url="https://access.redhat.com/security/cve/CVE-2019-8322" source="CVE"/>
  <reference ref_id="CVE-2019-8323" ref_url="https://access.redhat.com/security/cve/CVE-2019-8323" source="CVE"/>
  <reference ref_id="CVE-2019-8325" ref_url="https://access.redhat.com/security/cve/CVE-2019-8325" source="CVE"/>
  <description>For detailed information on changes in this release, see the Red Hat Enterprise Linux 8.1 Release Notes linked from the References section.</description>
  <advisory from="secalert@redhat.com">
   <severity>Moderate</severity>
   <rights>Copyright 2019 Red Hat, Inc.</rights>
   <issued date="2019-11-05"/>
   <updated date="2019-11-05"/>
   <cve cvss3="7.4/CVSS:3.0/AV:N/AC:H/PR:N/UI:N/S:U/C:N/I:H/A:H" cwe="CWE-22" href="https://access.redhat.com/security/cve/CVE-2019-8320" impact="moderate" public="20190305">CVE-2019-8320</cve>
   <cve cvss3="5.3/CVSS:3.0/AV:N/AC:L/PR:N/UI:N/S:U/C:N/I:L/A:N" cwe="CWE-88" href="https://access.redhat.com/security/cve/CVE-2019-8321" impact="low" public="20190305">CVE-2019-8321</cve>
   <cve cvss3="5.3/CVSS:3.0/AV:N/AC:L/PR:N/UI:N/S:U/C:N/I:L/A:N" cwe="CWE-88" href="https://access.redhat.com/security/cve/CVE-2019-8322" impact="low" public="20190305">CVE-2019-8322</cve>
   <cve cvss3="5.3/CVSS:3.0/AV:N/AC:L/PR:N/UI:N/S:U/C:N/I:L/A:N" cwe="CWE-88" href="https://access.redhat.com/security/cve/CVE-2019-8323" impact="low" public="20190305">CVE-2019-8323</cve>
   <cve cvss3="5.3/CVSS:3.0/AV:N/AC:L/PR:N/UI:N/S:U/C:N/I:L/A:N" cwe="CWE-88" href="https://access.redhat.com/security/cve/CVE-2019-8325" impact="low" public="20190305">CVE-2019-8325</cve>
   <bugzilla href="https://bugzilla.redhat.com/1692512" id="1692512">rubygems: Delete directory using symlink when decompressing tar</bugzilla>
   <bugzilla href="https://bugzilla.redhat.com/1692514" id="1692514">rubygems: Escape sequence injection vulnerability in verbose</bugzilla>
   <bugzilla href="https://bugzilla.redhat.com/1692516" id="1692516">rubygems: Escape sequence injection vulnerability in gem owner</bugzilla>
   <bugzilla href="https://bugzilla.redhat.com/1692519" id="1692519">rubygems: Escape sequence injection vulnerability in API response handling</bugzilla>
   <bugzilla href="https://bugzilla.redhat.com/1692522" id="1692522">rubygems: Escape sequence injection vulnerability in errors</bugzilla>
   <affected_cpe_list>
    <cpe>cpe:/a:redhat:enterprise_linux:8</cpe>
    <cpe>cpe:/a:redhat:enterprise_linux:8::appstream</cpe>
    <cpe>cpe:/a:redhat:enterprise_linux:8::crb</cpe>
    <cpe>cpe:/a:redhat:enterprise_linux:8::highavailability</cpe>
    <cpe>cpe:/a:redhat:enterprise_linux:8::nfv</cpe>
    <cpe>cpe:/a:redhat:enterprise_linux:8::realtime</cpe>
    <cpe>cpe:/a:redhat:enterprise_linux:8::resilientstorage</cpe>
    <cpe>cpe:/a:redhat:enterprise_linux:8::sap</cpe>
    <cpe>cpe:/a:redhat:enterprise_linux:8::sap_hana</cpe>
    <cpe>cpe:/a:redhat:enterprise_linux:8::supplementary</cpe>
    <cpe>cpe:/o:redhat:enterprise_linux:8</cpe>
    <cpe>cpe:/o:redhat:enterprise_linux:8::baseos</cpe>
   </affected_cpe_list>
  </advisory>
 </metadata>
 <criteria operator="OR">
  <criterion comment="Red Hat Enterprise Linux must be installed" test_ref="oval:com.redhat.rhba:tst:20191992005"/>
  <criteria operator="AND">
   <criteria operator="OR">
    <criterion comment="Red Hat Enterprise Linux 8 is installed" test_ref="oval:com.redhat.rhba:tst:20191992003"/>
    <criterion comment="Red Hat CoreOS 4 is installed" test_ref="oval:com.redhat.rhba:tst:20191992004"/>
   </criteria>
   <criteria operator="OR">
    <criteria operator="AND">
     <criterion comment="Module ruby:2.5 is enabled" test_ref="oval:com.redhat.rhba:tst:20193384065"/>
     <criteria operator="OR">
      <criteria operator="AND">
       <criterion comment="ruby is earlier than 0:2.5.5-105.module+el8.1.0+3656+f80bfa1d" test_ref="oval:com.redhat.rhba:tst:20193384001"/>
       <criterion comment="ruby is signed with Red Hat redhatrelease2 key" test_ref="oval:com.redhat.rhba:tst:20193384002"/>
      </criteria>
      <criteria operator="AND">
       <criterion comment="ruby-devel is earlier than 0:2.5.5-105.module+el8.1.0+3656+f80bfa1d" test_ref="oval:com.redhat.rhba:tst:20193384003"/>
       <criterion comment="ruby-devel is signed with Red Hat redhatrelease2 key" test_ref="oval:com.redhat.rhba:tst:20193384004"/>
      </criteria>
      <criteria operator="AND">
       <criterion comment="ruby-doc is earlier than 0:2.5.5-105.module+el8.1.0+3656+f80bfa1d" test_ref="oval:com.redhat.rhba:tst:20193384005"/>
       <criterion comment="ruby-doc is signed with Red Hat redhatrelease2 key" test_ref="oval:com.redhat.rhba:tst:20193384006"/>
      </criteria>
      <criteria operator="AND">
       <criterion comment="ruby-irb is earlier than 0:2.5.5-105.module+el8.1.0+3656+f80bfa1d" test_ref="oval:com.redhat.rhba:tst:20193384007"/>
       <criterion comment="ruby-irb is signed with Red Hat redhatrelease2 key" test_ref="oval:com.redhat.rhba:tst:20193384008"/>
      </criteria>
      <criteria operator="AND">
       <criterion comment="ruby-libs is earlier than 0:2.5.5-105.module+el8.1.0+3656+f80bfa1d" test_ref="oval:com.redhat.rhba:tst:20193384009"/>
       <criterion comment="ruby-libs is signed with Red Hat redhatrelease2 key" test_ref="oval:com.redhat.rhba:tst:20193384010"/>
      </criteria>
      <criteria operator="AND">
       <criterion comment="rubygem-abrt is earlier than 0:0.3.0-4.module+el8.1.0+3656+f80bfa1d" test_ref="oval:com.redhat.rhba:tst:20193384011"/>
       <criterion comment="rubygem-abrt is signed with Red Hat redhatrelease2 key" test_ref="oval:com.redhat.rhba:tst:20193384012"/>
      </criteria>
      <criteria operator="AND">
       <criterion comment="rubygem-abrt-doc is earlier than 0:0.3.0-4.module+el8.1.0+3656+f80bfa1d" test_ref="oval:com.redhat.rhba:tst:20193384013"/>
       <criterion comment="rubygem-abrt-doc is signed with Red Hat redhatrelease2 key" test_ref="oval:com.redhat.rhba:tst:20193384014"/>
      </criteria>
      <criteria operator="AND">
       <criterion comment="rubygem-bigdecimal is earlier than 0:1.3.4-105.module+el8.1.0+3656+f80bfa1d" test_ref="oval:com.redhat.rhba:tst:20193384015"/>
       <criterion comment="rubygem-bigdecimal is signed with Red Hat redhatrelease2 key" test_ref="oval:com.redhat.rhba:tst:20193384016"/>
      </criteria>
      <criteria operator="AND">
       <criterion comment="rubygem-bson is earlier than 0:4.3.0-2.module+el8.1.0+3656+f80bfa1d" test_ref="oval:com.redhat.rhba:tst:20193384017"/>
       <criterion comment="rubygem-bson is signed with Red Hat redhatrelease2 key" test_ref="oval:com.redhat.rhba:tst:20193384018"/>
      </criteria>
      <criteria operator="AND">
       <criterion comment="rubygem-bson-doc is earlier than 0:4.3.0-2.module+el8.1.0+3656+f80bfa1d" test_ref="oval:com.redhat.rhba:tst:20193384019"/>
       <criterion comment="rubygem-bson-doc is signed with Red Hat redhatrelease2 key" test_ref="oval:com.redhat.rhba:tst:20193384020"/>
      </criteria>
      <criteria operator="AND">
       <criterion comment="rubygem-bundler is earlier than 0:1.16.1-3.module+el8.1.0+3656+f80bfa1d" test_ref="oval:com.redhat.rhba:tst:20193384021"/>
       <criterion comment="rubygem-bundler is signed with Red Hat redhatrelease2 key" test_ref="oval:com.redhat.rhba:tst:20193384022"/>
      </criteria>
      <criteria operator="AND">
       <criterion comment="rubygem-bundler-doc is earlier than 0:1.16.1-3.module+el8.1.0+3656+f80bfa1d" test_ref="oval:com.redhat.rhba:tst:20193384023"/>
       <criterion comment="rubygem-bundler-doc is signed with Red Hat redhatrelease2 key" test_ref="oval:com.redhat.rhba:tst:20193384024"/>
      </criteria>
      <criteria operator="AND">
       <criterion comment="rubygem-did_you_mean is earlier than 0:1.2.0-105.module+el8.1.0+3656+f80bfa1d" test_ref="oval:com.redhat.rhba:tst:20193384025"/>
       <criterion comment="rubygem-did_you_mean is signed with Red Hat redhatrelease2 key" test_ref="oval:com.redhat.rhba:tst:20193384026"/>
      </criteria>
      <criteria operator="AND">
       <criterion comment="rubygem-io-console is earlier than 0:0.4.6-105.module+el8.1.0+3656+f80bfa1d" test_ref="oval:com.redhat.rhba:tst:20193384027"/>
       <criterion comment="rubygem-io-console is signed with Red Hat redhatrelease2 key" test_ref="oval:com.redhat.rhba:tst:20193384028"/>
      </criteria>
      <criteria operator="AND">
       <criterion comment="rubygem-json is earlier than 0:2.1.0-105.module+el8.1.0+3656+f80bfa1d" test_ref="oval:com.redhat.rhba:tst:20193384029"/>
       <criterion comment="rubygem-json is signed with Red Hat redhatrelease2 key" test_ref="oval:com.redhat.rhba:tst:20193384030"/>
      </criteria>
      <criteria operator="AND">
       <criterion comment="rubygem-minitest is earlier than 0:5.10.3-105.module+el8.1.0+3656+f80bfa1d" test_ref="oval:com.redhat.rhba:tst:20193384031"/>
       <criterion comment="rubygem-minitest is signed with Red Hat redhatrelease2 key" test_ref="oval:com.redhat.rhba:tst:20193384032"/>
      </criteria>
      <criteria operator="AND">
       <criterion comment="rubygem-mongo is earlier than 0:2.5.1-2.module+el8.1.0+3656+f80bfa1d" test_ref="oval:com.redhat.rhba:tst:20193384033"/>
       <criterion comment="rubygem-mongo is signed with Red Hat redhatrelease2 key" test_ref="oval:com.redhat.rhba:tst:20193384034"/>
      </criteria>
      <criteria operator="AND">
       <criterion comment="rubygem-mongo-doc is earlier than 0:2.5.1-2.module+el8.1.0+3656+f80bfa1d" test_ref="oval:com.redhat.rhba:tst:20193384035"/>
       <criterion comment="rubygem-mongo-doc is signed with Red Hat redhatrelease2 key" test_ref="oval:com.redhat.rhba:tst:20193384036"/>
      </criteria>
      <criteria operator="AND">
       <criterion comment="rubygem-mysql2 is earlier than 0:0.4.10-4.module+el8.1.0+3656+f80bfa1d" test_ref="oval:com.redhat.rhba:tst:20193384037"/>
       <criterion comment="rubygem-mysql2 is signed with Red Hat redhatrelease2 key" test_ref="oval:com.redhat.rhba:tst:20193384038"/>
      </criteria>
      <criteria operator="AND">
       <criterion comment="rubygem-mysql2-doc is earlier than 0:0.4.10-4.module+el8.1.0+3656+f80bfa1d" test_ref="oval:com.redhat.rhba:tst:20193384039"/>
       <criterion comment="rubygem-mysql2-doc is signed with Red Hat redhatrelease2 key" test_ref="oval:com.redhat.rhba:tst:20193384040"/>
      </criteria>
      <criteria operator="AND">
       <criterion comment="rubygem-net-telnet is earlier than 0:0.1.1-105.module+el8.1.0+3656+f80bfa1d" test_ref="oval:com.redhat.rhba:tst:20193384041"/>
       <criterion comment="rubygem-net-telnet is signed with Red Hat redhatrelease2 key" test_ref="oval:com.redhat.rhba:tst:20193384042"/>
      </criteria>
      <criteria operator="AND">
       <criterion comment="rubygem-openssl is earlier than 0:2.1.2-105.module+el8.1.0+3656+f80bfa1d" test_ref="oval:com.redhat.rhba:tst:20193384043"/>
       <criterion comment="rubygem-openssl is signed with Red Hat redhatrelease2 key" test_ref="oval:com.redhat.rhba:tst:20193384044"/>
      </criteria>
      <criteria operator="AND">
       <criterion comment="rubygem-pg is earlier than 0:1.0.0-2.module+el8.1.0+3656+f80bfa1d" test_ref="oval:com.redhat.rhba:tst:20193384045"/>
       <criterion comment="rubygem-pg is signed with Red Hat redhatrelease2 key" test_ref="oval:com.redhat.rhba:tst:20193384046"/>
      </criteria>
      <criteria operator="AND">
       <criterion comment="rubygem-pg-doc is earlier than 0:1.0.0-2.module+el8.1.0+3656+f80bfa1d" test_ref="oval:com.redhat.rhba:tst:20193384047"/>
       <criterion comment="rubygem-pg-doc is signed with Red Hat redhatrelease2 key" test_ref="oval:com.redhat.rhba:tst:20193384048"/>
      </criteria>
      <criteria operator="AND">
       <criterion comment="rubygem-power_assert is earlier than 0:1.1.1-105.module+el8.1.0+3656+f80bfa1d" test_ref="oval:com.redhat.rhba:tst:20193384049"/>
       <criterion comment="rubygem-power_assert is signed with Red Hat redhatrelease2 key" test_ref="oval:com.redhat.rhba:tst:20193384050"/>
      </criteria>
      <criteria operator="AND">
       <criterion comment="rubygem-psych is earlier than 0:3.0.2-105.module+el8.1.0+3656+f80bfa1d" test_ref="oval:com.redhat.rhba:tst:20193384051"/>
       <criterion comment="rubygem-psych is signed with Red Hat redhatrelease2 key" test_ref="oval:com.redhat.rhba:tst:20193384052"/>
      </criteria>
      <criteria operator="AND">
       <criterion comment="rubygem-rake is earlier than 0:12.3.0-105.module+el8.1.0+3656+f80bfa1d" test_ref="oval:com.redhat.rhba:tst:20193384053"/>
       <criterion comment="rubygem-rake is signed with Red Hat redhatrelease2 key" test_ref="oval:com.redhat.rhba:tst:20193384054"/>
      </criteria>
      <criteria operator="AND">
       <criterion comment="rubygem-rdoc is earlier than 0:6.0.1-105.module+el8.1.0+3656+f80bfa1d" test_ref="oval:com.redhat.rhba:tst:20193384055"/>
       <criterion comment="rubygem-rdoc is signed with Red Hat redhatrelease2 key" test_ref="oval:com.redhat.rhba:tst:20193384056"/>
      </criteria>
      <criteria operator="AND">
       <criterion comment="rubygem-test-unit is earlier than 0:3.2.7-105.module+el8.1.0+3656+f80bfa1d" test_ref="oval:com.redhat.rhba:tst:20193384057"/>
       <criterion comment="rubygem-test-unit is signed with Red Hat redhatrelease2 key" test_ref="oval:com.redhat.rhba:tst:20193384058"/>
      </criteria>
      <criteria operator="AND">
       <criterion comment="rubygem-xmlrpc is earlier than 0:0.3.0-105.module+el8.1.0+3656+f80bfa1d" test_ref="oval:com.redhat.rhba:tst:20193384059"/>
       <criterion comment="rubygem-xmlrpc is signed with Red Hat redhatrelease2 key" test_ref="oval:com.redhat.rhba:tst:20193384060"/>
      </criteria>
      <criteria operator="AND">
       <criterion comment="rubygems is earlier than 0:2.7.6.2-105.module+el8.1.0+3656+f80bfa1d" test_ref="oval:com.redhat.rhba:tst:20193384061"/>
       <criterion comment="rubygems is signed with Red Hat redhatrelease2 key" test_ref="oval:com.redhat.rhba:tst:20193384062"/>
      </criteria>
      <criteria operator="AND">
       <criterion comment="rubygems-devel is earlier than 0:2.7.6.2-105.module+el8.1.0+3656+f80bfa1d" test_ref="oval:com.redhat.rhba:tst:20193384063"/>
       <criterion comment="rubygems-devel is signed with Red Hat redhatrelease2 key" test_ref="oval:com.redhat.rhba:tst:20193384064"/>
      </criteria>
     </criteria>
    </criteria>
   </criteria>
  </criteria>
 </criteria>
</definition>
<definition class="patch" id="oval:com.redhat.rhba:def:20193408" version="635">
 <metadata>
  <title>RHBA-2019:3408: openjpeg2 bug fix and enhancement update (Low)</title>
  <affected family="unix">
   <platform>Red Hat Enterprise Linux 8</platform>
  </affected>
  <reference ref_id="RHBA-2019:3408" ref_url="https://access.redhat.com/errata/RHBA-2019:3408" source="RHSA"/>
  <reference ref_id="CVE-2018-6616" ref_url="https://access.redhat.com/security/cve/CVE-2018-6616" source="CVE"/>
  <description>For detailed information on changes in this release, see the Red Hat Enterprise Linux 8.1 Release Notes linked from the References section.</description>
  <advisory from="secalert@redhat.com">
   <severity>Low</severity>
   <rights>Copyright 2019 Red Hat, Inc.</rights>
   <issued date="2019-11-05"/>
   <updated date="2019-11-05"/>
   <cve cvss3="3.3/CVSS:3.0/AV:L/AC:L/PR:N/UI:R/S:U/C:N/I:N/A:L" cwe="CWE-20" href="https://access.redhat.com/security/cve/CVE-2018-6616" impact="low" public="20180204">CVE-2018-6616</cve>
   <bugzilla href="https://bugzilla.redhat.com/1542321" id="1542321">openjpeg2: Excessive iteration in openjp2/t1.c:opj_t1_encode_cblks can allow for denial of service via crafted BMP file</bugzilla>
   <affected_cpe_list>
    <cpe>cpe:/a:redhat:enterprise_linux:8</cpe>
    <cpe>cpe:/a:redhat:enterprise_linux:8::appstream</cpe>
    <cpe>cpe:/a:redhat:enterprise_linux:8::crb</cpe>
    <cpe>cpe:/a:redhat:enterprise_linux:8::highavailability</cpe>
    <cpe>cpe:/a:redhat:enterprise_linux:8::nfv</cpe>
    <cpe>cpe:/a:redhat:enterprise_linux:8::realtime</cpe>
    <cpe>cpe:/a:redhat:enterprise_linux:8::resilientstorage</cpe>
    <cpe>cpe:/a:redhat:enterprise_linux:8::sap</cpe>
    <cpe>cpe:/a:redhat:enterprise_linux:8::sap_hana</cpe>
    <cpe>cpe:/a:redhat:enterprise_linux:8::supplementary</cpe>
    <cpe>cpe:/o:redhat:enterprise_linux:8</cpe>
    <cpe>cpe:/o:redhat:enterprise_linux:8::baseos</cpe>
   </affected_cpe_list>
  </advisory>
 </metadata>
 <criteria operator="OR">
  <criterion comment="Red Hat Enterprise Linux must be installed" test_ref="oval:com.redhat.rhba:tst:20191992005"/>
  <criteria operator="AND">
   <criteria operator="OR">
    <criterion comment="Red Hat Enterprise Linux 8 is installed" test_ref="oval:com.redhat.rhba:tst:20191992003"/>
    <criterion comment="Red Hat CoreOS 4 is installed" test_ref="oval:com.redhat.rhba:tst:20191992004"/>
   </criteria>
   <criteria operator="OR">
    <criteria operator="AND">
     <criterion comment="openjpeg2 is earlier than 0:2.3.1-1.el8" test_ref="oval:com.redhat.rhba:tst:20193408001"/>
     <criterion comment="openjpeg2 is signed with Red Hat redhatrelease2 key" test_ref="oval:com.redhat.rhba:tst:20193408002"/>
    </criteria>
    <criteria operator="AND">
     <criterion comment="openjpeg2-devel is earlier than 0:2.3.1-1.el8" test_ref="oval:com.redhat.rhba:tst:20193408003"/>
     <criterion comment="openjpeg2-devel is signed with Red Hat redhatrelease2 key" test_ref="oval:com.redhat.rhba:tst:20193408004"/>
    </criteria>
    <criteria operator="AND">
     <criterion comment="openjpeg2-devel-docs is earlier than 0:2.3.1-1.el8" test_ref="oval:com.redhat.rhba:tst:20193408005"/>
     <criterion comment="openjpeg2-devel-docs is signed with Red Hat redhatrelease2 key" test_ref="oval:com.redhat.rhba:tst:20193408006"/>
    </criteria>
    <criteria operator="AND">
     <criterion comment="openjpeg2-tools is earlier than 0:2.3.1-1.el8" test_ref="oval:com.redhat.rhba:tst:20193408007"/>
     <criterion comment="openjpeg2-tools is signed with Red Hat redhatrelease2 key" test_ref="oval:com.redhat.rhba:tst:20193408008"/>
    </criteria>
   </criteria>
  </criteria>
 </criteria>
</definition>
<definition class="patch" id="oval:com.redhat.rhba:def:20193416" version="637">
 <metadata>
  <title>RHBA-2019:3416: pki-core:10.6 and pki-deps:10:6 bug fix and enhancement update (Moderate)</title>
  <affected family="unix">
   <platform>Red Hat Enterprise Linux 8</platform>
  </affected>
  <reference ref_id="RHBA-2019:3416" ref_url="https://access.redhat.com/errata/RHBA-2019:3416" source="RHSA"/>
  <reference ref_id="CVE-2019-12086" ref_url="https://access.redhat.com/security/cve/CVE-2019-12086" source="CVE"/>
  <reference ref_id="CVE-2019-12814" ref_url="https://access.redhat.com/security/cve/CVE-2019-12814" source="CVE"/>
  <description>For detailed information on changes in this release, see the Red Hat Enterprise Linux 8.1 Release Notes linked from the References section.</description>
  <advisory from="secalert@redhat.com">
   <severity>Moderate</severity>
   <rights>Copyright 2019 Red Hat, Inc.</rights>
   <issued date="2019-11-05"/>
   <updated date="2019-11-05"/>
   <cve cvss3="7.5/CVSS:3.0/AV:N/AC:L/PR:N/UI:N/S:U/C:H/I:N/A:N" cwe="CWE-502-&gt;CWE-200" href="https://access.redhat.com/security/cve/CVE-2019-12086" impact="moderate" public="20190514">CVE-2019-12086</cve>
   <cve cvss3="7.5/CVSS:3.0/AV:N/AC:L/PR:N/UI:N/S:U/C:H/I:N/A:N" cwe="CWE-502-&gt;CWE-200" href="https://access.redhat.com/security/cve/CVE-2019-12814" impact="moderate" public="20190604">CVE-2019-12814</cve>
   <bugzilla href="https://bugzilla.redhat.com/1713468" id="1713468">jackson-databind: polymorphic typing issue allows attacker to read arbitrary local files on the server.</bugzilla>
   <bugzilla href="https://bugzilla.redhat.com/1725795" id="1725795">jackson-databind: polymorphic typing issue allows attacker to read arbitrary local files on the server via crafted JSON message.</bugzilla>
   <affected_cpe_list>
    <cpe>cpe:/a:redhat:enterprise_linux:8</cpe>
    <cpe>cpe:/a:redhat:enterprise_linux:8::appstream</cpe>
    <cpe>cpe:/a:redhat:enterprise_linux:8::crb</cpe>
    <cpe>cpe:/a:redhat:enterprise_linux:8::highavailability</cpe>
    <cpe>cpe:/a:redhat:enterprise_linux:8::nfv</cpe>
    <cpe>cpe:/a:redhat:enterprise_linux:8::realtime</cpe>
    <cpe>cpe:/a:redhat:enterprise_linux:8::resilientstorage</cpe>
    <cpe>cpe:/a:redhat:enterprise_linux:8::sap</cpe>
    <cpe>cpe:/a:redhat:enterprise_linux:8::sap_hana</cpe>
    <cpe>cpe:/a:redhat:enterprise_linux:8::supplementary</cpe>
    <cpe>cpe:/o:redhat:enterprise_linux:8</cpe>
    <cpe>cpe:/o:redhat:enterprise_linux:8::baseos</cpe>
   </affected_cpe_list>
  </advisory>
 </metadata>
 <criteria operator="OR">
  <criterion comment="Red Hat Enterprise Linux must be installed" test_ref="oval:com.redhat.rhba:tst:20191992005"/>
  <criteria operator="AND">
   <criteria operator="OR">
    <criterion comment="Red Hat Enterprise Linux 8 is installed" test_ref="oval:com.redhat.rhba:tst:20191992003"/>
    <criterion comment="Red Hat CoreOS 4 is installed" test_ref="oval:com.redhat.rhba:tst:20191992004"/>
   </criteria>
   <criteria operator="OR">
    <criteria operator="AND">
     <criterion comment="Module pki-deps:10.6 is enabled" test_ref="oval:com.redhat.rhba:tst:20193416067"/>
     <criteria operator="OR">
      <criteria operator="AND">
       <criterion comment="apache-commons-collections is earlier than 0:3.2.2-10.module+el8.1.0+3366+6dfb954c" test_ref="oval:com.redhat.rhba:tst:20193416001"/>
       <criterion comment="apache-commons-collections is signed with Red Hat redhatrelease2 key" test_ref="oval:com.redhat.rhba:tst:20193416002"/>
      </criteria>
      <criteria operator="AND">
       <criterion comment="apache-commons-lang is earlier than 0:2.6-21.module+el8.1.0+3366+6dfb954c" test_ref="oval:com.redhat.rhba:tst:20193416003"/>
       <criterion comment="apache-commons-lang is signed with Red Hat redhatrelease2 key" test_ref="oval:com.redhat.rhba:tst:20193416004"/>
      </criteria>
      <criteria operator="AND">
       <criterion comment="bea-stax-api is earlier than 0:1.2.0-16.module+el8.1.0+3366+6dfb954c" test_ref="oval:com.redhat.rhba:tst:20193416005"/>
       <criterion comment="bea-stax-api is signed with Red Hat redhatrelease2 key" test_ref="oval:com.redhat.rhba:tst:20193416006"/>
      </criteria>
      <criteria operator="AND">
       <criterion comment="glassfish-fastinfoset is earlier than 0:1.2.13-9.module+el8.1.0+3366+6dfb954c" test_ref="oval:com.redhat.rhba:tst:20193416007"/>
       <criterion comment="glassfish-fastinfoset is signed with Red Hat redhatrelease2 key" test_ref="oval:com.redhat.rhba:tst:20193416008"/>
      </criteria>
      <criteria operator="AND">
       <criterion comment="glassfish-jaxb-api is earlier than 0:2.2.12-8.module+el8.1.0+3366+6dfb954c" test_ref="oval:com.redhat.rhba:tst:20193416009"/>
       <criterion comment="glassfish-jaxb-api is signed with Red Hat redhatrelease2 key" test_ref="oval:com.redhat.rhba:tst:20193416010"/>
      </criteria>
      <criteria operator="AND">
       <criterion comment="glassfish-jaxb-core is earlier than 0:2.2.11-11.module+el8.1.0+3366+6dfb954c" test_ref="oval:com.redhat.rhba:tst:20193416011"/>
       <criterion comment="glassfish-jaxb-core is signed with Red Hat redhatrelease2 key" test_ref="oval:com.redhat.rhba:tst:20193416012"/>
      </criteria>
      <criteria operator="AND">
       <criterion comment="glassfish-jaxb-runtime is earlier than 0:2.2.11-11.module+el8.1.0+3366+6dfb954c" test_ref="oval:com.redhat.rhba:tst:20193416013"/>
       <criterion comment="glassfish-jaxb-runtime is signed with Red Hat redhatrelease2 key" test_ref="oval:com.redhat.rhba:tst:20193416014"/>
      </criteria>
      <criteria operator="AND">
       <criterion comment="glassfish-jaxb-txw2 is earlier than 0:2.2.11-11.module+el8.1.0+3366+6dfb954c" test_ref="oval:com.redhat.rhba:tst:20193416015"/>
       <criterion comment="glassfish-jaxb-txw2 is signed with Red Hat redhatrelease2 key" test_ref="oval:com.redhat.rhba:tst:20193416016"/>
      </criteria>
      <criteria operator="AND">
       <criterion comment="jackson-annotations is earlier than 0:2.9.9-1.module+el8.1.0+3832+9784644d" test_ref="oval:com.redhat.rhba:tst:20193416017"/>
       <criterion comment="jackson-annotations is signed with Red Hat redhatrelease2 key" test_ref="oval:com.redhat.rhba:tst:20193416018"/>
      </criteria>
      <criteria operator="AND">
       <criterion comment="jackson-core is earlier than 0:2.9.9-1.module+el8.1.0+3832+9784644d" test_ref="oval:com.redhat.rhba:tst:20193416019"/>
       <criterion comment="jackson-core is signed with Red Hat redhatrelease2 key" test_ref="oval:com.redhat.rhba:tst:20193416020"/>
      </criteria>
      <criteria operator="AND">
       <criterion comment="jackson-databind is earlier than 0:2.9.9.2-1.module+el8.1.0+3832+9784644d" test_ref="oval:com.redhat.rhba:tst:20193416021"/>
       <criterion comment="jackson-databind is signed with Red Hat redhatrelease2 key" test_ref="oval:com.redhat.rhba:tst:20193416022"/>
      </criteria>
      <criteria operator="AND">
       <criterion comment="jackson-jaxrs-json-provider is earlier than 0:2.9.9-1.module+el8.1.0+3832+9784644d" test_ref="oval:com.redhat.rhba:tst:20193416023"/>
       <criterion comment="jackson-jaxrs-json-provider is signed with Red Hat redhatrelease2 key" test_ref="oval:com.redhat.rhba:tst:20193416024"/>
      </criteria>
      <criteria operator="AND">
       <criterion comment="jackson-jaxrs-providers is earlier than 0:2.9.9-1.module+el8.1.0+3832+9784644d" test_ref="oval:com.redhat.rhba:tst:20193416025"/>
       <criterion comment="jackson-jaxrs-providers is signed with Red Hat redhatrelease2 key" test_ref="oval:com.redhat.rhba:tst:20193416026"/>
      </criteria>
      <criteria operator="AND">
       <criterion comment="jackson-module-jaxb-annotations is earlier than 0:2.7.6-4.module+el8.1.0+3366+6dfb954c" test_ref="oval:com.redhat.rhba:tst:20193416027"/>
       <criterion comment="jackson-module-jaxb-annotations is signed with Red Hat redhatrelease2 key" test_ref="oval:com.redhat.rhba:tst:20193416028"/>
      </criteria>
      <criteria operator="AND">
       <criterion comment="jakarta-commons-httpclient is earlier than 1:3.1-28.module+el8.1.0+3366+6dfb954c" test_ref="oval:com.redhat.rhba:tst:20193416029"/>
       <criterion comment="jakarta-commons-httpclient is signed with Red Hat redhatrelease2 key" test_ref="oval:com.redhat.rhba:tst:20193416030"/>
      </criteria>
      <criteria operator="AND">
       <criterion comment="javassist is earlier than 0:3.18.1-8.module+el8.1.0+3366+6dfb954c" test_ref="oval:com.redhat.rhba:tst:20193416031"/>
       <criterion comment="javassist is signed with Red Hat redhatrelease2 key" test_ref="oval:com.redhat.rhba:tst:20193416032"/>
      </criteria>
      <criteria operator="AND">
       <criterion comment="javassist-javadoc is earlier than 0:3.18.1-8.module+el8.1.0+3366+6dfb954c" test_ref="oval:com.redhat.rhba:tst:20193416033"/>
       <criterion comment="javassist-javadoc is signed with Red Hat redhatrelease2 key" test_ref="oval:com.redhat.rhba:tst:20193416034"/>
      </criteria>
      <criteria operator="AND">
       <criterion comment="pki-servlet-4.0-api is earlier than 1:9.0.7-16.module+el8.1.0+3366+6dfb954c" test_ref="oval:com.redhat.rhba:tst:20193416035"/>
       <criterion comment="pki-servlet-4.0-api is signed with Red Hat redhatrelease2 key" test_ref="oval:com.redhat.rhba:tst:20193416036"/>
      </criteria>
      <criteria operator="AND">
       <criterion comment="pki-servlet-engine is earlier than 1:9.0.7-16.module+el8.1.0+3366+6dfb954c" test_ref="oval:com.redhat.rhba:tst:20193416037"/>
       <criterion comment="pki-servlet-engine is signed with Red Hat redhatrelease2 key" test_ref="oval:com.redhat.rhba:tst:20193416038"/>
      </criteria>
      <criteria operator="AND">
       <criterion comment="python-nss-doc is earlier than 0:1.0.1-10.module+el8.1.0+3366+6dfb954c" test_ref="oval:com.redhat.rhba:tst:20193416039"/>
       <criterion comment="python-nss-doc is signed with Red Hat redhatrelease2 key" test_ref="oval:com.redhat.rhba:tst:20193416040"/>
      </criteria>
      <criteria operator="AND">
       <criterion comment="python3-nss is earlier than 0:1.0.1-10.module+el8.1.0+3366+6dfb954c" test_ref="oval:com.redhat.rhba:tst:20193416041"/>
       <criterion comment="python3-nss is signed with Red Hat redhatrelease2 key" test_ref="oval:com.redhat.rhba:tst:20193416042"/>
      </criteria>
      <criteria operator="AND">
       <criterion comment="relaxngDatatype is earlier than 0:2011.1-7.module+el8.1.0+3366+6dfb954c" test_ref="oval:com.redhat.rhba:tst:20193416043"/>
       <criterion comment="relaxngDatatype is signed with Red Hat redhatrelease2 key" test_ref="oval:com.redhat.rhba:tst:20193416044"/>
      </criteria>
      <criteria operator="AND">
       <criterion comment="resteasy is earlier than 0:3.0.26-3.module+el8.1.0+3366+6dfb954c" test_ref="oval:com.redhat.rhba:tst:20193416045"/>
       <criterion comment="resteasy is signed with Red Hat redhatrelease2 key" test_ref="oval:com.redhat.rhba:tst:20193416046"/>
      </criteria>
      <criteria operator="AND">
       <criterion comment="slf4j is earlier than 0:1.7.25-4.module+el8.1.0+3366+6dfb954c" test_ref="oval:com.redhat.rhba:tst:20193416047"/>
       <criterion comment="slf4j is signed with Red Hat redhatrelease2 key" test_ref="oval:com.redhat.rhba:tst:20193416048"/>
      </criteria>
      <criteria operator="AND">
       <criterion comment="slf4j-jdk14 is earlier than 0:1.7.25-4.module+el8.1.0+3366+6dfb954c" test_ref="oval:com.redhat.rhba:tst:20193416049"/>
       <criterion comment="slf4j-jdk14 is signed with Red Hat redhatrelease2 key" test_ref="oval:com.redhat.rhba:tst:20193416050"/>
      </criteria>
      <criteria operator="AND">
       <criterion comment="stax-ex is earlier than 0:1.7.7-8.module+el8.1.0+3366+6dfb954c" test_ref="oval:com.redhat.rhba:tst:20193416051"/>
       <criterion comment="stax-ex is signed with Red Hat redhatrelease2 key" test_ref="oval:com.redhat.rhba:tst:20193416052"/>
      </criteria>
      <criteria operator="AND">
       <criterion comment="velocity is earlier than 0:1.7-24.module+el8.1.0+3366+6dfb954c" test_ref="oval:com.redhat.rhba:tst:20193416053"/>
       <criterion comment="velocity is signed with Red Hat redhatrelease2 key" test_ref="oval:com.redhat.rhba:tst:20193416054"/>
      </criteria>
      <criteria operator="AND">
       <criterion comment="xalan-j2 is earlier than 0:2.7.1-38.module+el8.1.0+3366+6dfb954c" test_ref="oval:com.redhat.rhba:tst:20193416055"/>
       <criterion comment="xalan-j2 is signed with Red Hat redhatrelease2 key" test_ref="oval:com.redhat.rhba:tst:20193416056"/>
      </criteria>
      <criteria operator="AND">
       <criterion comment="xerces-j2 is earlier than 0:2.11.0-34.module+el8.1.0+3366+6dfb954c" test_ref="oval:com.redhat.rhba:tst:20193416057"/>
       <criterion comment="xerces-j2 is signed with Red Hat redhatrelease2 key" test_ref="oval:com.redhat.rhba:tst:20193416058"/>
      </criteria>
      <criteria operator="AND">
       <criterion comment="xml-commons-apis is earlier than 0:1.4.01-25.module+el8.1.0+3366+6dfb954c" test_ref="oval:com.redhat.rhba:tst:20193416059"/>
       <criterion comment="xml-commons-apis is signed with Red Hat redhatrelease2 key" test_ref="oval:com.redhat.rhba:tst:20193416060"/>
      </criteria>
      <criteria operator="AND">
       <criterion comment="xml-commons-resolver is earlier than 0:1.2-26.module+el8.1.0+3366+6dfb954c" test_ref="oval:com.redhat.rhba:tst:20193416061"/>
       <criterion comment="xml-commons-resolver is signed with Red Hat redhatrelease2 key" test_ref="oval:com.redhat.rhba:tst:20193416062"/>
      </criteria>
      <criteria operator="AND">
       <criterion comment="xmlstreambuffer is earlier than 0:1.5.4-8.module+el8.1.0+3366+6dfb954c" test_ref="oval:com.redhat.rhba:tst:20193416063"/>
       <criterion comment="xmlstreambuffer is signed with Red Hat redhatrelease2 key" test_ref="oval:com.redhat.rhba:tst:20193416064"/>
      </criteria>
      <criteria operator="AND">
       <criterion comment="xsom is earlier than 0:0-19.20110809svn.module+el8.1.0+3366+6dfb954c" test_ref="oval:com.redhat.rhba:tst:20193416065"/>
       <criterion comment="xsom is signed with Red Hat redhatrelease2 key" test_ref="oval:com.redhat.rhba:tst:20193416066"/>
      </criteria>
     </criteria>
    </criteria>
    <criteria operator="AND">
     <criterion comment="Module pki-core:10.6 is enabled" test_ref="oval:com.redhat.rhba:tst:20193416094"/>
     <criteria operator="OR">
      <criteria operator="AND">
       <criterion comment="jss is earlier than 0:4.6.0-5.module+el8.1.0+4218+3fd65c36" test_ref="oval:com.redhat.rhba:tst:20193416068"/>
       <criterion comment="jss is signed with Red Hat redhatrelease2 key" test_ref="oval:com.redhat.rhba:tst:20193416069"/>
      </criteria>
      <criteria operator="AND">
       <criterion comment="jss-javadoc is earlier than 0:4.6.0-5.module+el8.1.0+4218+3fd65c36" test_ref="oval:com.redhat.rhba:tst:20193416070"/>
       <criterion comment="jss-javadoc is signed with Red Hat redhatrelease2 key" test_ref="oval:com.redhat.rhba:tst:20193416071"/>
      </criteria>
      <criteria operator="AND">
       <criterion comment="ldapjdk is earlier than 0:4.21.0-1.module+el8.1.0+3370+6d076660" test_ref="oval:com.redhat.rhba:tst:20193416072"/>
       <criterion comment="ldapjdk is signed with Red Hat redhatrelease2 key" test_ref="oval:com.redhat.rhba:tst:20193416073"/>
      </criteria>
      <criteria operator="AND">
       <criterion comment="ldapjdk-javadoc is earlier than 0:4.21.0-1.module+el8.1.0+3370+6d076660" test_ref="oval:com.redhat.rhba:tst:20193416074"/>
       <criterion comment="ldapjdk-javadoc is signed with Red Hat redhatrelease2 key" test_ref="oval:com.redhat.rhba:tst:20193416075"/>
      </criteria>
      <criteria operator="AND">
       <criterion comment="pki-base is earlier than 0:10.7.3-1.module+el8.1.0+3964+500fc130" test_ref="oval:com.redhat.rhba:tst:20193416076"/>
       <criterion comment="pki-base is signed with Red Hat redhatrelease2 key" test_ref="oval:com.redhat.rhba:tst:20193416077"/>
      </criteria>
      <criteria operator="AND">
       <criterion comment="pki-base-java is earlier than 0:10.7.3-1.module+el8.1.0+3964+500fc130" test_ref="oval:com.redhat.rhba:tst:20193416078"/>
       <criterion comment="pki-base-java is signed with Red Hat redhatrelease2 key" test_ref="oval:com.redhat.rhba:tst:20193416079"/>
      </criteria>
      <criteria operator="AND">
       <criterion comment="pki-ca is earlier than 0:10.7.3-1.module+el8.1.0+3964+500fc130" test_ref="oval:com.redhat.rhba:tst:20193416080"/>
       <criterion comment="pki-ca is signed with Red Hat redhatrelease2 key" test_ref="oval:com.redhat.rhba:tst:20193416081"/>
      </criteria>
      <criteria operator="AND">
       <criterion comment="pki-kra is earlier than 0:10.7.3-1.module+el8.1.0+3964+500fc130" test_ref="oval:com.redhat.rhba:tst:20193416082"/>
       <criterion comment="pki-kra is signed with Red Hat redhatrelease2 key" test_ref="oval:com.redhat.rhba:tst:20193416083"/>
      </criteria>
      <criteria operator="AND">
       <criterion comment="pki-server is earlier than 0:10.7.3-1.module+el8.1.0+3964+500fc130" test_ref="oval:com.redhat.rhba:tst:20193416084"/>
       <criterion comment="pki-server is signed with Red Hat redhatrelease2 key" test_ref="oval:com.redhat.rhba:tst:20193416085"/>
      </criteria>
      <criteria operator="AND">
       <criterion comment="pki-symkey is earlier than 0:10.7.3-1.module+el8.1.0+3964+500fc130" test_ref="oval:com.redhat.rhba:tst:20193416086"/>
       <criterion comment="pki-symkey is signed with Red Hat redhatrelease2 key" test_ref="oval:com.redhat.rhba:tst:20193416087"/>
      </criteria>
      <criteria operator="AND">
       <criterion comment="pki-tools is earlier than 0:10.7.3-1.module+el8.1.0+3964+500fc130" test_ref="oval:com.redhat.rhba:tst:20193416088"/>
       <criterion comment="pki-tools is signed with Red Hat redhatrelease2 key" test_ref="oval:com.redhat.rhba:tst:20193416089"/>
      </criteria>
      <criteria operator="AND">
       <criterion comment="python3-pki is earlier than 0:10.7.3-1.module+el8.1.0+3964+500fc130" test_ref="oval:com.redhat.rhba:tst:20193416090"/>
       <criterion comment="python3-pki is signed with Red Hat redhatrelease2 key" test_ref="oval:com.redhat.rhba:tst:20193416091"/>
      </criteria>
      <criteria operator="AND">
       <criterion comment="tomcatjss is earlier than 0:7.4.1-1.module+el8.1.0+3370+6d076660" test_ref="oval:com.redhat.rhba:tst:20193416092"/>
       <criterion comment="tomcatjss is signed with Red Hat redhatrelease2 key" test_ref="oval:com.redhat.rhba:tst:20193416093"/>
      </criteria>
     </criteria>
    </criteria>
   </criteria>
  </criteria>
 </criteria>
</definition>
</definitions>
<tests>
<red-def:rpminfo_test check="at least one" comment="cloud-init is earlier than 0:18.5-1.el8.4" id="oval:com.redhat.rhba:tst:20191992001" version="635">
 <red-def:object object_ref="oval:com.redhat.rhba:obj:20191992001"/>
 <red-def:state state_ref="oval:com.redhat.rhba:ste:20191992001"/>
</red-def:rpminfo_test>
<red-def:rpminfo_test check="at least one" comment="cloud-init is signed with Red Hat redhatrelease2 key" id="oval:com.redhat.rhba:tst:20191992002" version="635">
 <red-def:object object_ref="oval:com.redhat.rhba:obj:20191992001"/>
 <red-def:state state_ref="oval:com.redhat.rhba:ste:20191992002"/>
</red-def:rpminfo_test>
<red-def:rpmverifyfile_test check="at least one" comment="Red Hat Enterprise Linux 8 is installed" id="oval:com.redhat.rhba:tst:20191992003" version="635">
 <red-def:object object_ref="oval:com.redhat.rhba:obj:20191992002"/>
 <red-def:state state_ref="oval:com.redhat.rhba:ste:20191992003"/>
</red-def:rpmverifyfile_test>
<red-def:rpmverifyfile_test check="at least one" comment="Red Hat CoreOS 4 is installed" id="oval:com.redhat.rhba:tst:20191992004" version="635">
 <red-def:object object_ref="oval:com.redhat.rhba:obj:20191992002"/>
 <red-def:state state_ref="oval:com.redhat.rhba:ste:20191992004"/>
</red-def:rpmverifyfile_test>
<red-def:rpmverifyfile_test check="none satisfy" comment="Red Hat Enterprise Linux must be installed" id="oval:com.redhat.rhba:tst:20191992005" version="635">
 <red-def:object object_ref="oval:com.redhat.rhba:obj:20191992002"/>
 <red-def:state state_ref="oval:com.redhat.rhba:ste:20191992005"/>
</red-def:rpmverifyfile_test>
<red-def:rpminfo_test check="at least one" comment="SLOF is earlier than 0:20171214-6.gitfa98132.module+el8.0.0+4084+cceb9f44" id="oval:com.redhat.rhba:tst:20192715001" version="637">
 <red-def:object object_ref="oval:com.redhat.rhba:obj:20192715001"/>
 <red-def:state state_ref="oval:com.redhat.rhba:ste:20192715001"/>
</red-def:rpminfo_test>
<red-def:rpminfo_test check="at least one" comment="SLOF is signed with Red Hat redhatrelease2 key" id="oval:com.redhat.rhba:tst:20192715002" version="637">
 <red-def:object object_ref="oval:com.redhat.rhba:obj:20192715001"/>
 <red-def:state state_ref="oval:com.redhat.rhba:ste:20191992002"/>
</red-def:rpminfo_test>
<red-def:rpminfo_test check="at least one" comment="hivex is earlier than 0:1.3.15-7.module+el8.0.0+4084+cceb9f44" id="oval:com.redhat.rhba:tst:20192715003" version="637">
 <red-def:object object_ref="oval:com.redhat.rhba:obj:20192715002"/>
 <red-def:state state_ref="oval:com.redhat.rhba:ste:20192715003"/>
</red-def:rpminfo_test>
<red-def:rpminfo_test check="at least one" comment="hivex is signed with Red Hat redhatrelease2 key" id="oval:com.redhat.rhba:tst:20192715004" version="637">
 <red-def:object object_ref="oval:com.redhat.rhba:obj:20192715002"/>
 <red-def:state state_ref="oval:com.redhat.rhba:ste:20191992002"/>
</red-def:rpminfo_test>
<red-def:rpminfo_test check="at least one" comment="hivex-devel is earlier than 0:1.3.15-7.module+el8.0.0+4084+cceb9f44" id="oval:com.redhat.rhba:tst:20192715005" version="637">
 <red-def:object object_ref="oval:com.redhat.rhba:obj:20192715003"/>
 <red-def:state state_ref="oval:com.redhat.rhba:ste:20192715003"/>
</red-def:rpminfo_test>
<red-def:rpminfo_test check="at least one" comment="hivex-devel is signed with Red Hat redhatrelease2 key" id="oval:com.redhat.rhba:tst:20192715006" version="637">
 <red-def:object object_ref="oval:com.redhat.rhba:obj:20192715003"/>
 <red-def:state state_ref="oval:com.redhat.rhba:ste:20191992002"/>
</red-def:rpminfo_test>
<red-def:rpminfo_test check="at least one" comment="libguestfs is earlier than 1:1.38.4-11.1.module+el8.0.0+4084+cceb9f44" id="oval:com.redhat.rhba:tst:20192715007" version="637">
 <red-def:object object_ref="oval:com.redhat.rhba:obj:20192715004"/>
 <red-def:state state_ref="oval:com.redhat.rhba:ste:20192715004"/>
</red-def:rpminfo_test>
<red-def:rpminfo_test check="at least one" comment="libguestfs is signed with Red Hat redhatrelease2 key" id="oval:com.redhat.rhba:tst:20192715008" version="637">
 <red-def:object object_ref="oval:com.redhat.rhba:obj:20192715004"/>
 <red-def:state state_ref="oval:com.redhat.rhba:ste:20191992002"/>
</red-def:rpminfo_test>
<red-def:rpminfo_test check="at least one" comment="libguestfs-bash-completion is earlier than 1:1.38.4-11.1.module+el8.0.0+4084+cceb9f44" id="oval:com.redhat.rhba:tst:20192715009" version="637">
 <red-def:object object_ref="oval:com.redhat.rhba:obj:20192715005"/>
 <red-def:state state_ref="oval:com.redhat.rhba:ste:20192715005"/>
</red-def:rpminfo_test>
<red-def:rpminfo_test check="at least one" comment="libguestfs-bash-completion is signed with Red Hat redhatrelease2 key" id="oval:com.redhat.rhba:tst:20192715010" version="637">
 <red-def:object object_ref="oval:com.redhat.rhba:obj:20192715005"/>
 <red-def:state state_ref="oval:com.redhat.rhba:ste:20191992002"/>
</red-def:rpminfo_test>
<red-def:rpminfo_test check="at least one" comment="libguestfs-benchmarking is earlier than 1:1.38.4-11.1.module+el8.0.0+4084+cceb9f44" id="oval:com.redhat.rhba:tst:20192715011" version="637">
 <red-def:object object_ref="oval:com.redhat.rhba:obj:20192715006"/>
 <red-def:state state_ref="oval:com.redhat.rhba:ste:20192715006"/>
</red-def:rpminfo_test>
<red-def:rpminfo_test check="at least one" comment="libguestfs-benchmarking is signed with Red Hat redhatrelease2 key" id="oval:com.redhat.rhba:tst:20192715012" version="637">
 <red-def:object object_ref="oval:com.redhat.rhba:obj:20192715006"/>
 <red-def:state state_ref="oval:com.redhat.rhba:ste:20191992002"/>
</red-def:rpminfo_test>
<red-def:rpminfo_test check="at least one" comment="libguestfs-devel is earlier than 1:1.38.4-11.1.module+el8.0.0+4084+cceb9f44" id="oval:com.redhat.rhba:tst:20192715013" version="637">
 <red-def:object object_ref="oval:com.redhat.rhba:obj:20192715007"/>
 <red-def:state state_ref="oval:com.redhat.rhba:ste:20192715004"/>
</red-def:rpminfo_test>
<red-def:rpminfo_test check="at least one" comment="libguestfs-devel is signed with Red Hat redhatrelease2 key" id="oval:com.redhat.rhba:tst:20192715014" version="637">
 <red-def:object object_ref="oval:com.redhat.rhba:obj:20192715007"/>
 <red-def:state state_ref="oval:com.redhat.rhba:ste:20191992002"/>
</red-def:rpminfo_test>
<red-def:rpminfo_test check="at least one" comment="libguestfs-gfs2 is earlier than 1:1.38.4-11.1.module+el8.0.0+4084+cceb9f44" id="oval:com.redhat.rhba:tst:20192715015" version="637">
 <red-def:object object_ref="oval:com.redhat.rhba:obj:20192715008"/>
 <red-def:state state_ref="oval:com.redhat.rhba:ste:20192715004"/>
</red-def:rpminfo_test>
<red-def:rpminfo_test check="at least one" comment="libguestfs-gfs2 is signed with Red Hat redhatrelease2 key" id="oval:com.redhat.rhba:tst:20192715016" version="637">
 <red-def:object object_ref="oval:com.redhat.rhba:obj:20192715008"/>
 <red-def:state state_ref="oval:com.redhat.rhba:ste:20191992002"/>
</red-def:rpminfo_test>
<red-def:rpminfo_test check="at least one" comment="libguestfs-gobject is earlier than 1:1.38.4-11.1.module+el8.0.0+4084+cceb9f44" id="oval:com.redhat.rhba:tst:20192715017" version="637">
 <red-def:object object_ref="oval:com.redhat.rhba:obj:20192715009"/>
 <red-def:state state_ref="oval:com.redhat.rhba:ste:20192715004"/>
</red-def:rpminfo_test>
<red-def:rpminfo_test check="at least one" comment="libguestfs-gobject is signed with Red Hat redhatrelease2 key" id="oval:com.redhat.rhba:tst:20192715018" version="637">
 <red-def:object object_ref="oval:com.redhat.rhba:obj:20192715009"/>
 <red-def:state state_ref="oval:com.redhat.rhba:ste:20191992002"/>
</red-def:rpminfo_test>
<red-def:rpminfo_test check="at least one" comment="libguestfs-gobject-devel is earlier than 1:1.38.4-11.1.module+el8.0.0+4084+cceb9f44" id="oval:com.redhat.rhba:tst:20192715019" version="637">
 <red-def:object object_ref="oval:com.redhat.rhba:obj:20192715010"/>
 <red-def:state state_ref="oval:com.redhat.rhba:ste:20192715004"/>
</red-def:rpminfo_test>
<red-def:rpminfo_test check="at least one" comment="libguestfs-gobject-devel is signed with Red Hat redhatrelease2 key" id="oval:com.redhat.rhba:tst:20192715020" version="637">
 <red-def:object object_ref="oval:com.redhat.rhba:obj:20192715010"/>
 <red-def:state state_ref="oval:com.redhat.rhba:ste:20191992002"/>
</red-def:rpminfo_test>
<red-def:rpminfo_test check="at least one" comment="libguestfs-inspect-icons is earlier than 1:1.38.4-11.1.module+el8.0.0+4084+cceb9f44" id="oval:com.redhat.rhba:tst:20192715021" version="637">
 <red-def:object object_ref="oval:com.redhat.rhba:obj:20192715011"/>
 <red-def:state state_ref="oval:com.redhat.rhba:ste:20192715005"/>
</red-def:rpminfo_test>
<red-def:rpminfo_test check="at least one" comment="libguestfs-inspect-icons is signed with Red Hat redhatrelease2 key" id="oval:com.redhat.rhba:tst:20192715022" version="637">
 <red-def:object object_ref="oval:com.redhat.rhba:obj:20192715011"/>
 <red-def:state state_ref="oval:com.redhat.rhba:ste:20191992002"/>
</red-def:rpminfo_test>
<red-def:rpminfo_test check="at least one" comment="libguestfs-java is earlier than 1:1.38.4-11.1.module+el8.0.0+4084+cceb9f44" id="oval:com.redhat.rhba:tst:20192715023" version="637">
 <red-def:object object_ref="oval:com.redhat.rhba:obj:20192715012"/>
 <red-def:state state_ref="oval:com.redhat.rhba:ste:20192715004"/>
</red-def:rpminfo_test>
<red-def:rpminfo_test check="at least one" comment="libguestfs-java is signed with Red Hat redhatrelease2 key" id="oval:com.redhat.rhba:tst:20192715024" version="637">
 <red-def:object object_ref="oval:com.redhat.rhba:obj:20192715012"/>
 <red-def:state state_ref="oval:com.redhat.rhba:ste:20191992002"/>
</red-def:rpminfo_test>
<red-def:rpminfo_test check="at least one" comment="libguestfs-java-devel is earlier than 1:1.38.4-11.1.module+el8.0.0+4084+cceb9f44" id="oval:com.redhat.rhba:tst:20192715025" version="637">
 <red-def:object object_ref="oval:com.redhat.rhba:obj:20192715013"/>
 <red-def:state state_ref="oval:com.redhat.rhba:ste:20192715004"/>
</red-def:rpminfo_test>
<red-def:rpminfo_test check="at least one" comment="libguestfs-java-devel is signed with Red Hat redhatrelease2 key" id="oval:com.redhat.rhba:tst:20192715026" version="637">
 <red-def:object object_ref="oval:com.redhat.rhba:obj:20192715013"/>
 <red-def:state state_ref="oval:com.redhat.rhba:ste:20191992002"/>
</red-def:rpminfo_test>
<red-def:rpminfo_test check="at least one" comment="libguestfs-javadoc is earlier than 1:1.38.4-11.1.module+el8.0.0+4084+cceb9f44" id="oval:com.redhat.rhba:tst:20192715027" version="637">
 <red-def:object object_ref="oval:com.redhat.rhba:obj:20192715014"/>
 <red-def:state state_ref="oval:com.redhat.rhba:ste:20192715005"/>
</red-def:rpminfo_test>
<red-def:rpminfo_test check="at least one" comment="libguestfs-javadoc is signed with Red Hat redhatrelease2 key" id="oval:com.redhat.rhba:tst:20192715028" version="637">
 <red-def:object object_ref="oval:com.redhat.rhba:obj:20192715014"/>
 <red-def:state state_ref="oval:com.redhat.rhba:ste:20191992002"/>
</red-def:rpminfo_test>
<red-def:rpminfo_test check="at least one" comment="libguestfs-man-pages-ja is earlier than 1:1.38.4-11.1.module+el8.0.0+4084+cceb9f44" id="oval:com.redhat.rhba:tst:20192715029" version="637">
 <red-def:object object_ref="oval:com.redhat.rhba:obj:20192715015"/>
 <red-def:state state_ref="oval:com.redhat.rhba:ste:20192715005"/>
</red-def:rpminfo_test>
<red-def:rpminfo_test check="at least one" comment="libguestfs-man-pages-ja is signed with Red Hat redhatrelease2 key" id="oval:com.redhat.rhba:tst:20192715030" version="637">
 <red-def:object object_ref="oval:com.redhat.rhba:obj:20192715015"/>
 <red-def:state state_ref="oval:com.redhat.rhba:ste:20191992002"/>
</red-def:rpminfo_test>
<red-def:rpminfo_test check="at least one" comment="libguestfs-man-pages-uk is earlier than 1:1.38.4-11.1.module+el8.0.0+4084+cceb9f44" id="oval:com.redhat.rhba:tst:20192715031" version="637">
 <red-def:object object_ref="oval:com.redhat.rhba:obj:20192715016"/>
 <red-def:state state_ref="oval:com.redhat.rhba:ste:20192715005"/>
</red-def:rpminfo_test>
<red-def:rpminfo_test check="at least one" comment="libguestfs-man-pages-uk is signed with Red Hat redhatrelease2 key" id="oval:com.redhat.rhba:tst:20192715032" version="637">
 <red-def:object object_ref="oval:com.redhat.rhba:obj:20192715016"/>
 <red-def:state state_ref="oval:com.redhat.rhba:ste:20191992002"/>
</red-def:rpminfo_test>
<red-def:rpminfo_test check="at least one" comment="libguestfs-rescue is earlier than 1:1.38.4-11.1.module+el8.0.0+4084+cceb9f44" id="oval:com.redhat.rhba:tst:20192715033" version="637">
 <red-def:object object_ref="oval:com.redhat.rhba:obj:20192715017"/>
 <red-def:state state_ref="oval:com.redhat.rhba:ste:20192715004"/>
</red-def:rpminfo_test>
<red-def:rpminfo_test check="at least one" comment="libguestfs-rescue is signed with Red Hat redhatrelease2 key" id="oval:com.redhat.rhba:tst:20192715034" version="637">
 <red-def:object object_ref="oval:com.redhat.rhba:obj:20192715017"/>
 <red-def:state state_ref="oval:com.redhat.rhba:ste:20191992002"/>
</red-def:rpminfo_test>
<red-def:rpminfo_test check="at least one" comment="libguestfs-rsync is earlier than 1:1.38.4-11.1.module+el8.0.0+4084+cceb9f44" id="oval:com.redhat.rhba:tst:20192715035" version="637">
 <red-def:object object_ref="oval:com.redhat.rhba:obj:20192715018"/>
 <red-def:state state_ref="oval:com.redhat.rhba:ste:20192715004"/>
</red-def:rpminfo_test>
<red-def:rpminfo_test check="at least one" comment="libguestfs-rsync is signed with Red Hat redhatrelease2 key" id="oval:com.redhat.rhba:tst:20192715036" version="637">
 <red-def:object object_ref="oval:com.redhat.rhba:obj:20192715018"/>
 <red-def:state state_ref="oval:com.redhat.rhba:ste:20191992002"/>
</red-def:rpminfo_test>
<red-def:rpminfo_test check="at least one" comment="libguestfs-tools is earlier than 1:1.38.4-11.1.module+el8.0.0+4084+cceb9f44" id="oval:com.redhat.rhba:tst:20192715037" version="637">
 <red-def:object object_ref="oval:com.redhat.rhba:obj:20192715019"/>
 <red-def:state state_ref="oval:com.redhat.rhba:ste:20192715005"/>
</red-def:rpminfo_test>
<red-def:rpminfo_test check="at least one" comment="libguestfs-tools is signed with Red Hat redhatrelease2 key" id="oval:com.redhat.rhba:tst:20192715038" version="637">
 <red-def:object object_ref="oval:com.redhat.rhba:obj:20192715019"/>
 <red-def:state state_ref="oval:com.redhat.rhba:ste:20191992002"/>
</red-def:rpminfo_test>
<red-def:rpminfo_test check="at least one" comment="libguestfs-tools-c is earlier than 1:1.38.4-11.1.module+el8.0.0+4084+cceb9f44" id="oval:com.redhat.rhba:tst:20192715039" version="637">
 <red-def:object object_ref="oval:com.redhat.rhba:obj:20192715020"/>
 <red-def:state state_ref="oval:com.redhat.rhba:ste:20192715004"/>
</red-def:rpminfo_test>
<red-def:rpminfo_test check="at least one" comment="libguestfs-tools-c is signed with Red Hat redhatrelease2 key" id="oval:com.redhat.rhba:tst:20192715040" version="637">
 <red-def:object object_ref="oval:com.redhat.rhba:obj:20192715020"/>
 <red-def:state state_ref="oval:com.redhat.rhba:ste:20191992002"/>
</red-def:rpminfo_test>
<red-def:rpminfo_test check="at least one" comment="libguestfs-winsupport is earlier than 0:8.0-3.module+el8.0.0+4084+cceb9f44" id="oval:com.redhat.rhba:tst:20192715041" version="637">
 <red-def:object object_ref="oval:com.redhat.rhba:obj:20192715021"/>
 <red-def:state state_ref="oval:com.redhat.rhba:ste:20192715007"/>
</red-def:rpminfo_test>
<red-def:rpminfo_test check="at least one" comment="libguestfs-winsupport is signed with Red Hat redhatrelease2 key" id="oval:com.redhat.rhba:tst:20192715042" version="637">
 <red-def:object object_ref="oval:com.redhat.rhba:obj:20192715021"/>
 <red-def:state state_ref="oval:com.redhat.rhba:ste:20191992002"/>
</red-def:rpminfo_test>
<red-def:rpminfo_test check="at least one" comment="libguestfs-xfs is earlier than 1:1.38.4-11.1.module+el8.0.0+4084+cceb9f44" id="oval:com.redhat.rhba:tst:20192715043" version="637">
 <red-def:object object_ref="oval:com.redhat.rhba:obj:20192715022"/>
 <red-def:state state_ref="oval:com.redhat.rhba:ste:20192715004"/>
</red-def:rpminfo_test>
<red-def:rpminfo_test check="at least one" comment="libguestfs-xfs is signed with Red Hat redhatrelease2 key" id="oval:com.redhat.rhba:tst:20192715044" version="637">
 <red-def:object object_ref="oval:com.redhat.rhba:obj:20192715022"/>
 <red-def:state state_ref="oval:com.redhat.rhba:ste:20191992002"/>
</red-def:rpminfo_test>
<red-def:rpminfo_test check="at least one" comment="libiscsi is earlier than 0:1.18.0-7.module+el8.0.0+4084+cceb9f44" id="oval:com.redhat.rhba:tst:20192715045" version="637">
 <red-def:object object_ref="oval:com.redhat.rhba:obj:20192715023"/>
 <red-def:state state_ref="oval:com.redhat.rhba:ste:20192715008"/>
</red-def:rpminfo_test>
<red-def:rpminfo_test check="at least one" comment="libiscsi is signed with Red Hat redhatrelease2 key" id="oval:com.redhat.rhba:tst:20192715046" version="637">
 <red-def:object object_ref="oval:com.redhat.rhba:obj:20192715023"/>
 <red-def:state state_ref="oval:com.redhat.rhba:ste:20191992002"/>
</red-def:rpminfo_test>
<red-def:rpminfo_test check="at least one" comment="libiscsi-devel is earlier than 0:1.18.0-7.module+el8.0.0+4084+cceb9f44" id="oval:com.redhat.rhba:tst:20192715047" version="637">
 <red-def:object object_ref="oval:com.redhat.rhba:obj:20192715024"/>
 <red-def:state state_ref="oval:com.redhat.rhba:ste:20192715008"/>
</red-def:rpminfo_test>
<red-def:rpminfo_test check="at least one" comment="libiscsi-devel is signed with Red Hat redhatrelease2 key" id="oval:com.redhat.rhba:tst:20192715048" version="637">
 <red-def:object object_ref="oval:com.redhat.rhba:obj:20192715024"/>
 <red-def:state state_ref="oval:com.redhat.rhba:ste:20191992002"/>
</red-def:rpminfo_test>
<red-def:rpminfo_test check="at least one" comment="libiscsi-utils is earlier than 0:1.18.0-7.module+el8.0.0+4084+cceb9f44" id="oval:com.redhat.rhba:tst:20192715049" version="637">
 <red-def:object object_ref="oval:com.redhat.rhba:obj:20192715025"/>
 <red-def:state state_ref="oval:com.redhat.rhba:ste:20192715008"/>
</red-def:rpminfo_test>
<red-def:rpminfo_test check="at least one" comment="libiscsi-utils is signed with Red Hat redhatrelease2 key" id="oval:com.redhat.rhba:tst:20192715050" version="637">
 <red-def:object object_ref="oval:com.redhat.rhba:obj:20192715025"/>
 <red-def:state state_ref="oval:com.redhat.rhba:ste:20191992002"/>
</red-def:rpminfo_test>
<red-def:rpminfo_test check="at least one" comment="libssh2 is earlier than 0:1.8.0-8.module+el8.0.0+4084+cceb9f44.1" id="oval:com.redhat.rhba:tst:20192715051" version="637">
 <red-def:object object_ref="oval:com.redhat.rhba:obj:20192715026"/>
 <red-def:state state_ref="oval:com.redhat.rhba:ste:20192715009"/>
</red-def:rpminfo_test>
<red-def:rpminfo_test check="at least one" comment="libssh2 is signed with Red Hat redhatrelease2 key" id="oval:com.redhat.rhba:tst:20192715052" version="637">
 <red-def:object object_ref="oval:com.redhat.rhba:obj:20192715026"/>
 <red-def:state state_ref="oval:com.redhat.rhba:ste:20191992002"/>
</red-def:rpminfo_test>
<red-def:rpminfo_test check="at least one" comment="libvirt is earlier than 0:4.5.0-24.3.module+el8.0.0+4084+cceb9f44" id="oval:com.redhat.rhba:tst:20192715053" version="637">
 <red-def:object object_ref="oval:com.redhat.rhba:obj:20192715027"/>
 <red-def:state state_ref="oval:com.redhat.rhba:ste:20192715010"/>
</red-def:rpminfo_test>
<red-def:rpminfo_test check="at least one" comment="libvirt is signed with Red Hat redhatrelease2 key" id="oval:com.redhat.rhba:tst:20192715054" version="637">
 <red-def:object object_ref="oval:com.redhat.rhba:obj:20192715027"/>
 <red-def:state state_ref="oval:com.redhat.rhba:ste:20191992002"/>
</red-def:rpminfo_test>
<red-def:rpminfo_test check="at least one" comment="libvirt-admin is earlier than 0:4.5.0-24.3.module+el8.0.0+4084+cceb9f44" id="oval:com.redhat.rhba:tst:20192715055" version="637">
 <red-def:object object_ref="oval:com.redhat.rhba:obj:20192715028"/>
 <red-def:state state_ref="oval:com.redhat.rhba:ste:20192715010"/>
</red-def:rpminfo_test>
<red-def:rpminfo_test check="at least one" comment="libvirt-admin is signed with Red Hat redhatrelease2 key" id="oval:com.redhat.rhba:tst:20192715056" version="637">
 <red-def:object object_ref="oval:com.redhat.rhba:obj:20192715028"/>
 <red-def:state state_ref="oval:com.redhat.rhba:ste:20191992002"/>
</red-def:rpminfo_test>
<red-def:rpminfo_test check="at least one" comment="libvirt-bash-completion is earlier than 0:4.5.0-24.3.module+el8.0.0+4084+cceb9f44" id="oval:com.redhat.rhba:tst:20192715057" version="637">
 <red-def:object object_ref="oval:com.redhat.rhba:obj:20192715029"/>
 <red-def:state state_ref="oval:com.redhat.rhba:ste:20192715010"/>
</red-def:rpminfo_test>
<red-def:rpminfo_test check="at least one" comment="libvirt-bash-completion is signed with Red Hat redhatrelease2 key" id="oval:com.redhat.rhba:tst:20192715058" version="637">
 <red-def:object object_ref="oval:com.redhat.rhba:obj:20192715029"/>
 <red-def:state state_ref="oval:com.redhat.rhba:ste:20191992002"/>
</red-def:rpminfo_test>
<red-def:rpminfo_test check="at least one" comment="libvirt-client is earlier than 0:4.5.0-24.3.module+el8.0.0+4084+cceb9f44" id="oval:com.redhat.rhba:tst:20192715059" version="637">
 <red-def:object object_ref="oval:com.redhat.rhba:obj:20192715030"/>
 <red-def:state state_ref="oval:com.redhat.rhba:ste:20192715010"/>
</red-def:rpminfo_test>
<red-def:rpminfo_test check="at least one" comment="libvirt-client is signed with Red Hat redhatrelease2 key" id="oval:com.redhat.rhba:tst:20192715060" version="637">
 <red-def:object object_ref="oval:com.redhat.rhba:obj:20192715030"/>
 <red-def:state state_ref="oval:com.redhat.rhba:ste:20191992002"/>
</red-def:rpminfo_test>
<red-def:rpminfo_test check="at least one" comment="libvirt-daemon is earlier than 0:4.5.0-24.3.module+el8.0.0+4084+cceb9f44" id="oval:com.redhat.rhba:tst:20192715061" version="637">
 <red-def:object object_ref="oval:com.redhat.rhba:obj:20192715031"/>
 <red-def:state state_ref="oval:com.redhat.rhba:ste:20192715010"/>
</red-def:rpminfo_test>
<red-def:rpminfo_test check="at least one" comment="libvirt-daemon is signed with Red Hat redhatrelease2 key" id="oval:com.redhat.rhba:tst:20192715062" version="637">
 <red-def:object object_ref="oval:com.redhat.rhba:obj:20192715031"/>
 <red-def:state state_ref="oval:com.redhat.rhba:ste:20191992002"/>
</red-def:rpminfo_test>
<red-def:rpminfo_test check="at least one" comment="libvirt-daemon-config-network is earlier than 0:4.5.0-24.3.module+el8.0.0+4084+cceb9f44" id="oval:com.redhat.rhba:tst:20192715063" version="637">
 <red-def:object object_ref="oval:com.redhat.rhba:obj:20192715032"/>
 <red-def:state state_ref="oval:com.redhat.rhba:ste:20192715010"/>
</red-def:rpminfo_test>
<red-def:rpminfo_test check="at least one" comment="libvirt-daemon-config-network is signed with Red Hat redhatrelease2 key" id="oval:com.redhat.rhba:tst:20192715064" version="637">
 <red-def:object object_ref="oval:com.redhat.rhba:obj:20192715032"/>
 <red-def:state state_ref="oval:com.redhat.rhba:ste:20191992002"/>
</red-def:rpminfo_test>
<red-def:rpminfo_test check="at least one" comment="libvirt-daemon-config-nwfilter is earlier than 0:4.5.0-24.3.module+el8.0.0+4084+cceb9f44" id="oval:com.redhat.rhba:tst:20192715065" version="637">
 <red-def:object object_ref="oval:com.redhat.rhba:obj:20192715033"/>
 <red-def:state state_ref="oval:com.redhat.rhba:ste:20192715010"/>
</red-def:rpminfo_test>
<red-def:rpminfo_test check="at least one" comment="libvirt-daemon-config-nwfilter is signed with Red Hat redhatrelease2 key" id="oval:com.redhat.rhba:tst:20192715066" version="637">
 <red-def:object object_ref="oval:com.redhat.rhba:obj:20192715033"/>
 <red-def:state state_ref="oval:com.redhat.rhba:ste:20191992002"/>
</red-def:rpminfo_test>
<red-def:rpminfo_test check="at least one" comment="libvirt-daemon-driver-interface is earlier than 0:4.5.0-24.3.module+el8.0.0+4084+cceb9f44" id="oval:com.redhat.rhba:tst:20192715067" version="637">
 <red-def:object object_ref="oval:com.redhat.rhba:obj:20192715034"/>
 <red-def:state state_ref="oval:com.redhat.rhba:ste:20192715010"/>
</red-def:rpminfo_test>
<red-def:rpminfo_test check="at least one" comment="libvirt-daemon-driver-interface is signed with Red Hat redhatrelease2 key" id="oval:com.redhat.rhba:tst:20192715068" version="637">
 <red-def:object object_ref="oval:com.redhat.rhba:obj:20192715034"/>
 <red-def:state state_ref="oval:com.redhat.rhba:ste:20191992002"/>
</red-def:rpminfo_test>
<red-def:rpminfo_test check="at least one" comment="libvirt-daemon-driver-network is earlier than 0:4.5.0-24.3.module+el8.0.0+4084+cceb9f44" id="oval:com.redhat.rhba:tst:20192715069" version="637">
 <red-def:object object_ref="oval:com.redhat.rhba:obj:20192715035"/>
 <red-def:state state_ref="oval:com.redhat.rhba:ste:20192715010"/>
</red-def:rpminfo_test>
<red-def:rpminfo_test check="at least one" comment="libvirt-daemon-driver-network is signed with Red Hat redhatrelease2 key" id="oval:com.redhat.rhba:tst:20192715070" version="637">
 <red-def:object object_ref="oval:com.redhat.rhba:obj:20192715035"/>
 <red-def:state state_ref="oval:com.redhat.rhba:ste:20191992002"/>
</red-def:rpminfo_test>
<red-def:rpminfo_test check="at least one" comment="libvirt-daemon-driver-nodedev is earlier than 0:4.5.0-24.3.module+el8.0.0+4084+cceb9f44" id="oval:com.redhat.rhba:tst:20192715071" version="637">
 <red-def:object object_ref="oval:com.redhat.rhba:obj:20192715036"/>
 <red-def:state state_ref="oval:com.redhat.rhba:ste:20192715010"/>
</red-def:rpminfo_test>
<red-def:rpminfo_test check="at least one" comment="libvirt-daemon-driver-nodedev is signed with Red Hat redhatrelease2 key" id="oval:com.redhat.rhba:tst:20192715072" version="637">
 <red-def:object object_ref="oval:com.redhat.rhba:obj:20192715036"/>
 <red-def:state state_ref="oval:com.redhat.rhba:ste:20191992002"/>
</red-def:rpminfo_test>
<red-def:rpminfo_test check="at least one" comment="libvirt-daemon-driver-nwfilter is earlier than 0:4.5.0-24.3.module+el8.0.0+4084+cceb9f44" id="oval:com.redhat.rhba:tst:20192715073" version="637">
 <red-def:object object_ref="oval:com.redhat.rhba:obj:20192715037"/>
 <red-def:state state_ref="oval:com.redhat.rhba:ste:20192715010"/>
</red-def:rpminfo_test>
<red-def:rpminfo_test check="at least one" comment="libvirt-daemon-driver-nwfilter is signed with Red Hat redhatrelease2 key" id="oval:com.redhat.rhba:tst:20192715074" version="637">
 <red-def:object object_ref="oval:com.redhat.rhba:obj:20192715037"/>
 <red-def:state state_ref="oval:com.redhat.rhba:ste:20191992002"/>
</red-def:rpminfo_test>
<red-def:rpminfo_test check="at least one" comment="libvirt-daemon-driver-qemu is earlier than 0:4.5.0-24.3.module+el8.0.0+4084+cceb9f44" id="oval:com.redhat.rhba:tst:20192715075" version="637">
 <red-def:object object_ref="oval:com.redhat.rhba:obj:20192715038"/>
 <red-def:state state_ref="oval:com.redhat.rhba:ste:20192715010"/>
</red-def:rpminfo_test>
<red-def:rpminfo_test check="at least one" comment="libvirt-daemon-driver-qemu is signed with Red Hat redhatrelease2 key" id="oval:com.redhat.rhba:tst:20192715076" version="637">
 <red-def:object object_ref="oval:com.redhat.rhba:obj:20192715038"/>
 <red-def:state state_ref="oval:com.redhat.rhba:ste:20191992002"/>
</red-def:rpminfo_test>
<red-def:rpminfo_test check="at least one" comment="libvirt-daemon-driver-secret is earlier than 0:4.5.0-24.3.module+el8.0.0+4084+cceb9f44" id="oval:com.redhat.rhba:tst:20192715077" version="637">
 <red-def:object object_ref="oval:com.redhat.rhba:obj:20192715039"/>
 <red-def:state state_ref="oval:com.redhat.rhba:ste:20192715010"/>
</red-def:rpminfo_test>
<red-def:rpminfo_test check="at least one" comment="libvirt-daemon-driver-secret is signed with Red Hat redhatrelease2 key" id="oval:com.redhat.rhba:tst:20192715078" version="637">
 <red-def:object object_ref="oval:com.redhat.rhba:obj:20192715039"/>
 <red-def:state state_ref="oval:com.redhat.rhba:ste:20191992002"/>
</red-def:rpminfo_test>
<red-def:rpminfo_test check="at least one" comment="libvirt-daemon-driver-storage is earlier than 0:4.5.0-24.3.module+el8.0.0+4084+cceb9f44" id="oval:com.redhat.rhba:tst:20192715079" version="637">
 <red-def:object object_ref="oval:com.redhat.rhba:obj:20192715040"/>
 <red-def:state state_ref="oval:com.redhat.rhba:ste:20192715010"/>
</red-def:rpminfo_test>
<red-def:rpminfo_test check="at least one" comment="libvirt-daemon-driver-storage is signed with Red Hat redhatrelease2 key" id="oval:com.redhat.rhba:tst:20192715080" version="637">
 <red-def:object object_ref="oval:com.redhat.rhba:obj:20192715040"/>
 <red-def:state state_ref="oval:com.redhat.rhba:ste:20191992002"/>
</red-def:rpminfo_test>
<red-def:rpminfo_test check="at least one" comment="libvirt-daemon-driver-storage-core is earlier than 0:4.5.0-24.3.module+el8.0.0+4084+cceb9f44" id="oval:com.redhat.rhba:tst:20192715081" version="637">
 <red-def:object object_ref="oval:com.redhat.rhba:obj:20192715041"/>
 <red-def:state state_ref="oval:com.redhat.rhba:ste:20192715010"/>
</red-def:rpminfo_test>
<red-def:rpminfo_test check="at least one" comment="libvirt-daemon-driver-storage-core is signed with Red Hat redhatrelease2 key" id="oval:com.redhat.rhba:tst:20192715082" version="637">
 <red-def:object object_ref="oval:com.redhat.rhba:obj:20192715041"/>
 <red-def:state state_ref="oval:com.redhat.rhba:ste:20191992002"/>
</red-def:rpminfo_test>
<red-def:rpminfo_test check="at least one" comment="libvirt-daemon-driver-storage-disk is earlier than 0:4.5.0-24.3.module+el8.0.0+4084+cceb9f44" id="oval:com.redhat.rhba:tst:20192715083" version="637">
 <red-def:object object_ref="oval:com.redhat.rhba:obj:20192715042"/>
 <red-def:state state_ref="oval:com.redhat.rhba:ste:20192715010"/>
</red-def:rpminfo_test>
<red-def:rpminfo_test check="at least one" comment="libvirt-daemon-driver-storage-disk is signed with Red Hat redhatrelease2 key" id="oval:com.redhat.rhba:tst:20192715084" version="637">
 <red-def:object object_ref="oval:com.redhat.rhba:obj:20192715042"/>
 <red-def:state state_ref="oval:com.redhat.rhba:ste:20191992002"/>
</red-def:rpminfo_test>
<red-def:rpminfo_test check="at least one" comment="libvirt-daemon-driver-storage-gluster is earlier than 0:4.5.0-24.3.module+el8.0.0+4084+cceb9f44" id="oval:com.redhat.rhba:tst:20192715085" version="637">
 <red-def:object object_ref="oval:com.redhat.rhba:obj:20192715043"/>
 <red-def:state state_ref="oval:com.redhat.rhba:ste:20192715010"/>
</red-def:rpminfo_test>
<red-def:rpminfo_test check="at least one" comment="libvirt-daemon-driver-storage-gluster is signed with Red Hat redhatrelease2 key" id="oval:com.redhat.rhba:tst:20192715086" version="637">
 <red-def:object object_ref="oval:com.redhat.rhba:obj:20192715043"/>
 <red-def:state state_ref="oval:com.redhat.rhba:ste:20191992002"/>
</red-def:rpminfo_test>
<red-def:rpminfo_test check="at least one" comment="libvirt-daemon-driver-storage-iscsi is earlier than 0:4.5.0-24.3.module+el8.0.0+4084+cceb9f44" id="oval:com.redhat.rhba:tst:20192715087" version="637">
 <red-def:object object_ref="oval:com.redhat.rhba:obj:20192715044"/>
 <red-def:state state_ref="oval:com.redhat.rhba:ste:20192715010"/>
</red-def:rpminfo_test>
<red-def:rpminfo_test check="at least one" comment="libvirt-daemon-driver-storage-iscsi is signed with Red Hat redhatrelease2 key" id="oval:com.redhat.rhba:tst:20192715088" version="637">
 <red-def:object object_ref="oval:com.redhat.rhba:obj:20192715044"/>
 <red-def:state state_ref="oval:com.redhat.rhba:ste:20191992002"/>
</red-def:rpminfo_test>
<red-def:rpminfo_test check="at least one" comment="libvirt-daemon-driver-storage-logical is earlier than 0:4.5.0-24.3.module+el8.0.0+4084+cceb9f44" id="oval:com.redhat.rhba:tst:20192715089" version="637">
 <red-def:object object_ref="oval:com.redhat.rhba:obj:20192715045"/>
 <red-def:state state_ref="oval:com.redhat.rhba:ste:20192715010"/>
</red-def:rpminfo_test>
<red-def:rpminfo_test check="at least one" comment="libvirt-daemon-driver-storage-logical is signed with Red Hat redhatrelease2 key" id="oval:com.redhat.rhba:tst:20192715090" version="637">
 <red-def:object object_ref="oval:com.redhat.rhba:obj:20192715045"/>
 <red-def:state state_ref="oval:com.redhat.rhba:ste:20191992002"/>
</red-def:rpminfo_test>
<red-def:rpminfo_test check="at least one" comment="libvirt-daemon-driver-storage-mpath is earlier than 0:4.5.0-24.3.module+el8.0.0+4084+cceb9f44" id="oval:com.redhat.rhba:tst:20192715091" version="637">
 <red-def:object object_ref="oval:com.redhat.rhba:obj:20192715046"/>
 <red-def:state state_ref="oval:com.redhat.rhba:ste:20192715010"/>
</red-def:rpminfo_test>
<red-def:rpminfo_test check="at least one" comment="libvirt-daemon-driver-storage-mpath is signed with Red Hat redhatrelease2 key" id="oval:com.redhat.rhba:tst:20192715092" version="637">
 <red-def:object object_ref="oval:com.redhat.rhba:obj:20192715046"/>
 <red-def:state state_ref="oval:com.redhat.rhba:ste:20191992002"/>
</red-def:rpminfo_test>
<red-def:rpminfo_test check="at least one" comment="libvirt-daemon-driver-storage-rbd is earlier than 0:4.5.0-24.3.module+el8.0.0+4084+cceb9f44" id="oval:com.redhat.rhba:tst:20192715093" version="637">
 <red-def:object object_ref="oval:com.redhat.rhba:obj:20192715047"/>
 <red-def:state state_ref="oval:com.redhat.rhba:ste:20192715010"/>
</red-def:rpminfo_test>
<red-def:rpminfo_test check="at least one" comment="libvirt-daemon-driver-storage-rbd is signed with Red Hat redhatrelease2 key" id="oval:com.redhat.rhba:tst:20192715094" version="637">
 <red-def:object object_ref="oval:com.redhat.rhba:obj:20192715047"/>
 <red-def:state state_ref="oval:com.redhat.rhba:ste:20191992002"/>
</red-def:rpminfo_test>
<red-def:rpminfo_test check="at least one" comment="libvirt-daemon-driver-storage-scsi is earlier than 0:4.5.0-24.3.module+el8.0.0+4084+cceb9f44" id="oval:com.redhat.rhba:tst:20192715095" version="637">
 <red-def:object object_ref="oval:com.redhat.rhba:obj:20192715048"/>
 <red-def:state state_ref="oval:com.redhat.rhba:ste:20192715010"/>
</red-def:rpminfo_test>
<red-def:rpminfo_test check="at least one" comment="libvirt-daemon-driver-storage-scsi is signed with Red Hat redhatrelease2 key" id="oval:com.redhat.rhba:tst:20192715096" version="637">
 <red-def:object object_ref="oval:com.redhat.rhba:obj:20192715048"/>
 <red-def:state state_ref="oval:com.redhat.rhba:ste:20191992002"/>
</red-def:rpminfo_test>
<red-def:rpminfo_test check="at least one" comment="libvirt-daemon-kvm is earlier than 0:4.5.0-24.3.module+el8.0.0+4084+cceb9f44" id="oval:com.redhat.rhba:tst:20192715097" version="637">
 <red-def:object object_ref="oval:com.redhat.rhba:obj:20192715049"/>
 <red-def:state state_ref="oval:com.redhat.rhba:ste:20192715010"/>
</red-def:rpminfo_test>
<red-def:rpminfo_test check="at least one" comment="libvirt-daemon-kvm is signed with Red Hat redhatrelease2 key" id="oval:com.redhat.rhba:tst:20192715098" version="637">
 <red-def:object object_ref="oval:com.redhat.rhba:obj:20192715049"/>
 <red-def:state state_ref="oval:com.redhat.rhba:ste:20191992002"/>
</red-def:rpminfo_test>
<red-def:rpminfo_test check="at least one" comment="libvirt-dbus is earlier than 0:1.2.0-3.module+el8.0.0+4084+cceb9f44" id="oval:com.redhat.rhba:tst:20192715099" version="637">
 <red-def:object object_ref="oval:com.redhat.rhba:obj:20192715050"/>
 <red-def:state state_ref="oval:com.redhat.rhba:ste:20192715011"/>
</red-def:rpminfo_test>
<red-def:rpminfo_test check="at least one" comment="libvirt-dbus is signed with Red Hat redhatrelease2 key" id="oval:com.redhat.rhba:tst:20192715100" version="637">
 <red-def:object object_ref="oval:com.redhat.rhba:obj:20192715050"/>
 <red-def:state state_ref="oval:com.redhat.rhba:ste:20191992002"/>
</red-def:rpminfo_test>
<red-def:rpminfo_test check="at least one" comment="libvirt-devel is earlier than 0:4.5.0-24.3.module+el8.0.0+4084+cceb9f44" id="oval:com.redhat.rhba:tst:20192715101" version="637">
 <red-def:object object_ref="oval:com.redhat.rhba:obj:20192715051"/>
 <red-def:state state_ref="oval:com.redhat.rhba:ste:20192715010"/>
</red-def:rpminfo_test>
<red-def:rpminfo_test check="at least one" comment="libvirt-devel is signed with Red Hat redhatrelease2 key" id="oval:com.redhat.rhba:tst:20192715102" version="637">
 <red-def:object object_ref="oval:com.redhat.rhba:obj:20192715051"/>
 <red-def:state state_ref="oval:com.redhat.rhba:ste:20191992002"/>
</red-def:rpminfo_test>
<red-def:rpminfo_test check="at least one" comment="libvirt-docs is earlier than 0:4.5.0-24.3.module+el8.0.0+4084+cceb9f44" id="oval:com.redhat.rhba:tst:20192715103" version="637">
 <red-def:object object_ref="oval:com.redhat.rhba:obj:20192715052"/>
 <red-def:state state_ref="oval:com.redhat.rhba:ste:20192715010"/>
</red-def:rpminfo_test>
<red-def:rpminfo_test check="at least one" comment="libvirt-docs is signed with Red Hat redhatrelease2 key" id="oval:com.redhat.rhba:tst:20192715104" version="637">
 <red-def:object object_ref="oval:com.redhat.rhba:obj:20192715052"/>
 <red-def:state state_ref="oval:com.redhat.rhba:ste:20191992002"/>
</red-def:rpminfo_test>
<red-def:rpminfo_test check="at least one" comment="libvirt-libs is earlier than 0:4.5.0-24.3.module+el8.0.0+4084+cceb9f44" id="oval:com.redhat.rhba:tst:20192715105" version="637">
 <red-def:object object_ref="oval:com.redhat.rhba:obj:20192715053"/>
 <red-def:state state_ref="oval:com.redhat.rhba:ste:20192715010"/>
</red-def:rpminfo_test>
<red-def:rpminfo_test check="at least one" comment="libvirt-libs is signed with Red Hat redhatrelease2 key" id="oval:com.redhat.rhba:tst:20192715106" version="637">
 <red-def:object object_ref="oval:com.redhat.rhba:obj:20192715053"/>
 <red-def:state state_ref="oval:com.redhat.rhba:ste:20191992002"/>
</red-def:rpminfo_test>
<red-def:rpminfo_test check="at least one" comment="libvirt-lock-sanlock is earlier than 0:4.5.0-24.3.module+el8.0.0+4084+cceb9f44" id="oval:com.redhat.rhba:tst:20192715107" version="637">
 <red-def:object object_ref="oval:com.redhat.rhba:obj:20192715054"/>
 <red-def:state state_ref="oval:com.redhat.rhba:ste:20192715010"/>
</red-def:rpminfo_test>
<red-def:rpminfo_test check="at least one" comment="libvirt-lock-sanlock is signed with Red Hat redhatrelease2 key" id="oval:com.redhat.rhba:tst:20192715108" version="637">
 <red-def:object object_ref="oval:com.redhat.rhba:obj:20192715054"/>
 <red-def:state state_ref="oval:com.redhat.rhba:ste:20191992002"/>
</red-def:rpminfo_test>
<red-def:rpminfo_test check="at least one" comment="libvirt-nss is earlier than 0:4.5.0-24.3.module+el8.0.0+4084+cceb9f44" id="oval:com.redhat.rhba:tst:20192715109" version="637">
 <red-def:object object_ref="oval:com.redhat.rhba:obj:20192715055"/>
 <red-def:state state_ref="oval:com.redhat.rhba:ste:20192715010"/>
</red-def:rpminfo_test>
<red-def:rpminfo_test check="at least one" comment="libvirt-nss is signed with Red Hat redhatrelease2 key" id="oval:com.redhat.rhba:tst:20192715110" version="637">
 <red-def:object object_ref="oval:com.redhat.rhba:obj:20192715055"/>
 <red-def:state state_ref="oval:com.redhat.rhba:ste:20191992002"/>
</red-def:rpminfo_test>
<red-def:rpminfo_test check="at least one" comment="lua-guestfs is earlier than 1:1.38.4-11.1.module+el8.0.0+4084+cceb9f44" id="oval:com.redhat.rhba:tst:20192715111" version="637">
 <red-def:object object_ref="oval:com.redhat.rhba:obj:20192715056"/>
 <red-def:state state_ref="oval:com.redhat.rhba:ste:20192715004"/>
</red-def:rpminfo_test>
<red-def:rpminfo_test check="at least one" comment="lua-guestfs is signed with Red Hat redhatrelease2 key" id="oval:com.redhat.rhba:tst:20192715112" version="637">
 <red-def:object object_ref="oval:com.redhat.rhba:obj:20192715056"/>
 <red-def:state state_ref="oval:com.redhat.rhba:ste:20191992002"/>
</red-def:rpminfo_test>
<red-def:rpminfo_test check="at least one" comment="nbdkit is earlier than 0:1.4.2-5.module+el8.0.0+4084+cceb9f44" id="oval:com.redhat.rhba:tst:20192715113" version="637">
 <red-def:object object_ref="oval:com.redhat.rhba:obj:20192715057"/>
 <red-def:state state_ref="oval:com.redhat.rhba:ste:20192715012"/>
</red-def:rpminfo_test>
<red-def:rpminfo_test check="at least one" comment="nbdkit is signed with Red Hat redhatrelease2 key" id="oval:com.redhat.rhba:tst:20192715114" version="637">
 <red-def:object object_ref="oval:com.redhat.rhba:obj:20192715057"/>
 <red-def:state state_ref="oval:com.redhat.rhba:ste:20191992002"/>
</red-def:rpminfo_test>
<red-def:rpminfo_test check="at least one" comment="nbdkit-bash-completion is earlier than 0:1.4.2-5.module+el8.0.0+4084+cceb9f44" id="oval:com.redhat.rhba:tst:20192715115" version="637">
 <red-def:object object_ref="oval:com.redhat.rhba:obj:20192715058"/>
 <red-def:state state_ref="oval:com.redhat.rhba:ste:20192715013"/>
</red-def:rpminfo_test>
<red-def:rpminfo_test check="at least one" comment="nbdkit-bash-completion is signed with Red Hat redhatrelease2 key" id="oval:com.redhat.rhba:tst:20192715116" version="637">
 <red-def:object object_ref="oval:com.redhat.rhba:obj:20192715058"/>
 <red-def:state state_ref="oval:com.redhat.rhba:ste:20191992002"/>
</red-def:rpminfo_test>
<red-def:rpminfo_test check="at least one" comment="nbdkit-basic-plugins is earlier than 0:1.4.2-5.module+el8.0.0+4084+cceb9f44" id="oval:com.redhat.rhba:tst:20192715117" version="637">
 <red-def:object object_ref="oval:com.redhat.rhba:obj:20192715059"/>
 <red-def:state state_ref="oval:com.redhat.rhba:ste:20192715012"/>
</red-def:rpminfo_test>
<red-def:rpminfo_test check="at least one" comment="nbdkit-basic-plugins is signed with Red Hat redhatrelease2 key" id="oval:com.redhat.rhba:tst:20192715118" version="637">
 <red-def:object object_ref="oval:com.redhat.rhba:obj:20192715059"/>
 <red-def:state state_ref="oval:com.redhat.rhba:ste:20191992002"/>
</red-def:rpminfo_test>
<red-def:rpminfo_test check="at least one" comment="nbdkit-devel is earlier than 0:1.4.2-5.module+el8.0.0+4084+cceb9f44" id="oval:com.redhat.rhba:tst:20192715119" version="637">
 <red-def:object object_ref="oval:com.redhat.rhba:obj:20192715060"/>
 <red-def:state state_ref="oval:com.redhat.rhba:ste:20192715012"/>
</red-def:rpminfo_test>
<red-def:rpminfo_test check="at least one" comment="nbdkit-devel is signed with Red Hat redhatrelease2 key" id="oval:com.redhat.rhba:tst:20192715120" version="637">
 <red-def:object object_ref="oval:com.redhat.rhba:obj:20192715060"/>
 <red-def:state state_ref="oval:com.redhat.rhba:ste:20191992002"/>
</red-def:rpminfo_test>
<red-def:rpminfo_test check="at least one" comment="nbdkit-example-plugins is earlier than 0:1.4.2-5.module+el8.0.0+4084+cceb9f44" id="oval:com.redhat.rhba:tst:20192715121" version="637">
 <red-def:object object_ref="oval:com.redhat.rhba:obj:20192715061"/>
 <red-def:state state_ref="oval:com.redhat.rhba:ste:20192715012"/>
</red-def:rpminfo_test>
<red-def:rpminfo_test check="at least one" comment="nbdkit-example-plugins is signed with Red Hat redhatrelease2 key" id="oval:com.redhat.rhba:tst:20192715122" version="637">
 <red-def:object object_ref="oval:com.redhat.rhba:obj:20192715061"/>
 <red-def:state state_ref="oval:com.redhat.rhba:ste:20191992002"/>
</red-def:rpminfo_test>
<red-def:rpminfo_test check="at least one" comment="nbdkit-plugin-gzip is earlier than 0:1.4.2-5.module+el8.0.0+4084+cceb9f44" id="oval:com.redhat.rhba:tst:20192715123" version="637">
 <red-def:object object_ref="oval:com.redhat.rhba:obj:20192715062"/>
 <red-def:state state_ref="oval:com.redhat.rhba:ste:20192715012"/>
</red-def:rpminfo_test>
<red-def:rpminfo_test check="at least one" comment="nbdkit-plugin-gzip is signed with Red Hat redhatrelease2 key" id="oval:com.redhat.rhba:tst:20192715124" version="637">
 <red-def:object object_ref="oval:com.redhat.rhba:obj:20192715062"/>
 <red-def:state state_ref="oval:com.redhat.rhba:ste:20191992002"/>
</red-def:rpminfo_test>
<red-def:rpminfo_test check="at least one" comment="nbdkit-plugin-python-common is earlier than 0:1.4.2-5.module+el8.0.0+4084+cceb9f44" id="oval:com.redhat.rhba:tst:20192715125" version="637">
 <red-def:object object_ref="oval:com.redhat.rhba:obj:20192715063"/>
 <red-def:state state_ref="oval:com.redhat.rhba:ste:20192715012"/>
</red-def:rpminfo_test>
<red-def:rpminfo_test check="at least one" comment="nbdkit-plugin-python-common is signed with Red Hat redhatrelease2 key" id="oval:com.redhat.rhba:tst:20192715126" version="637">
 <red-def:object object_ref="oval:com.redhat.rhba:obj:20192715063"/>
 <red-def:state state_ref="oval:com.redhat.rhba:ste:20191992002"/>
</red-def:rpminfo_test>
<red-def:rpminfo_test check="at least one" comment="nbdkit-plugin-python3 is earlier than 0:1.4.2-5.module+el8.0.0+4084+cceb9f44" id="oval:com.redhat.rhba:tst:20192715127" version="637">
 <red-def:object object_ref="oval:com.redhat.rhba:obj:20192715064"/>
 <red-def:state state_ref="oval:com.redhat.rhba:ste:20192715012"/>
</red-def:rpminfo_test>
<red-def:rpminfo_test check="at least one" comment="nbdkit-plugin-python3 is signed with Red Hat redhatrelease2 key" id="oval:com.redhat.rhba:tst:20192715128" version="637">
 <red-def:object object_ref="oval:com.redhat.rhba:obj:20192715064"/>
 <red-def:state state_ref="oval:com.redhat.rhba:ste:20191992002"/>
</red-def:rpminfo_test>
<red-def:rpminfo_test check="at least one" comment="nbdkit-plugin-vddk is earlier than 0:1.4.2-5.module+el8.0.0+4084+cceb9f44" id="oval:com.redhat.rhba:tst:20192715129" version="637">
 <red-def:object object_ref="oval:com.redhat.rhba:obj:20192715065"/>
 <red-def:state state_ref="oval:com.redhat.rhba:ste:20192715014"/>
</red-def:rpminfo_test>
<red-def:rpminfo_test check="at least one" comment="nbdkit-plugin-vddk is signed with Red Hat redhatrelease2 key" id="oval:com.redhat.rhba:tst:20192715130" version="637">
 <red-def:object object_ref="oval:com.redhat.rhba:obj:20192715065"/>
 <red-def:state state_ref="oval:com.redhat.rhba:ste:20191992002"/>
</red-def:rpminfo_test>
<red-def:rpminfo_test check="at least one" comment="nbdkit-plugin-xz is earlier than 0:1.4.2-5.module+el8.0.0+4084+cceb9f44" id="oval:com.redhat.rhba:tst:20192715131" version="637">
 <red-def:object object_ref="oval:com.redhat.rhba:obj:20192715066"/>
 <red-def:state state_ref="oval:com.redhat.rhba:ste:20192715012"/>
</red-def:rpminfo_test>
<red-def:rpminfo_test check="at least one" comment="nbdkit-plugin-xz is signed with Red Hat redhatrelease2 key" id="oval:com.redhat.rhba:tst:20192715132" version="637">
 <red-def:object object_ref="oval:com.redhat.rhba:obj:20192715066"/>
 <red-def:state state_ref="oval:com.redhat.rhba:ste:20191992002"/>
</red-def:rpminfo_test>
<red-def:rpminfo_test check="at least one" comment="netcf is earlier than 0:0.2.8-11.module+el8.0.0+4084+cceb9f44" id="oval:com.redhat.rhba:tst:20192715133" version="637">
 <red-def:object object_ref="oval:com.redhat.rhba:obj:20192715067"/>
 <red-def:state state_ref="oval:com.redhat.rhba:ste:20192715015"/>
</red-def:rpminfo_test>
<red-def:rpminfo_test check="at least one" comment="netcf is signed with Red Hat redhatrelease2 key" id="oval:com.redhat.rhba:tst:20192715134" version="637">
 <red-def:object object_ref="oval:com.redhat.rhba:obj:20192715067"/>
 <red-def:state state_ref="oval:com.redhat.rhba:ste:20191992002"/>
</red-def:rpminfo_test>
<red-def:rpminfo_test check="at least one" comment="netcf-devel is earlier than 0:0.2.8-11.module+el8.0.0+4084+cceb9f44" id="oval:com.redhat.rhba:tst:20192715135" version="637">
 <red-def:object object_ref="oval:com.redhat.rhba:obj:20192715068"/>
 <red-def:state state_ref="oval:com.redhat.rhba:ste:20192715015"/>
</red-def:rpminfo_test>
<red-def:rpminfo_test check="at least one" comment="netcf-devel is signed with Red Hat redhatrelease2 key" id="oval:com.redhat.rhba:tst:20192715136" version="637">
 <red-def:object object_ref="oval:com.redhat.rhba:obj:20192715068"/>
 <red-def:state state_ref="oval:com.redhat.rhba:ste:20191992002"/>
</red-def:rpminfo_test>
<red-def:rpminfo_test check="at least one" comment="netcf-libs is earlier than 0:0.2.8-11.module+el8.0.0+4084+cceb9f44" id="oval:com.redhat.rhba:tst:20192715137" version="637">
 <red-def:object object_ref="oval:com.redhat.rhba:obj:20192715069"/>
 <red-def:state state_ref="oval:com.redhat.rhba:ste:20192715015"/>
</red-def:rpminfo_test>
<red-def:rpminfo_test check="at least one" comment="netcf-libs is signed with Red Hat redhatrelease2 key" id="oval:com.redhat.rhba:tst:20192715138" version="637">
 <red-def:object object_ref="oval:com.redhat.rhba:obj:20192715069"/>
 <red-def:state state_ref="oval:com.redhat.rhba:ste:20191992002"/>
</red-def:rpminfo_test>
<red-def:rpminfo_test check="at least one" comment="perl-Sys-Guestfs is earlier than 1:1.38.4-11.1.module+el8.0.0+4084+cceb9f44" id="oval:com.redhat.rhba:tst:20192715139" version="637">
 <red-def:object object_ref="oval:com.redhat.rhba:obj:20192715070"/>
 <red-def:state state_ref="oval:com.redhat.rhba:ste:20192715004"/>
</red-def:rpminfo_test>
<red-def:rpminfo_test check="at least one" comment="perl-Sys-Guestfs is signed with Red Hat redhatrelease2 key" id="oval:com.redhat.rhba:tst:20192715140" version="637">
 <red-def:object object_ref="oval:com.redhat.rhba:obj:20192715070"/>
 <red-def:state state_ref="oval:com.redhat.rhba:ste:20191992002"/>
</red-def:rpminfo_test>
<red-def:rpminfo_test check="at least one" comment="perl-Sys-Virt is earlier than 0:4.5.0-5.module+el8.0.0+4084+cceb9f44" id="oval:com.redhat.rhba:tst:20192715141" version="637">
 <red-def:object object_ref="oval:com.redhat.rhba:obj:20192715071"/>
 <red-def:state state_ref="oval:com.redhat.rhba:ste:20192715016"/>
</red-def:rpminfo_test>
<red-def:rpminfo_test check="at least one" comment="perl-Sys-Virt is signed with Red Hat redhatrelease2 key" id="oval:com.redhat.rhba:tst:20192715142" version="637">
 <red-def:object object_ref="oval:com.redhat.rhba:obj:20192715071"/>
 <red-def:state state_ref="oval:com.redhat.rhba:ste:20191992002"/>
</red-def:rpminfo_test>
<red-def:rpminfo_test check="at least one" comment="perl-hivex is earlier than 0:1.3.15-7.module+el8.0.0+4084+cceb9f44" id="oval:com.redhat.rhba:tst:20192715143" version="637">
 <red-def:object object_ref="oval:com.redhat.rhba:obj:20192715072"/>
 <red-def:state state_ref="oval:com.redhat.rhba:ste:20192715003"/>
</red-def:rpminfo_test>
<red-def:rpminfo_test check="at least one" comment="perl-hivex is signed with Red Hat redhatrelease2 key" id="oval:com.redhat.rhba:tst:20192715144" version="637">
 <red-def:object object_ref="oval:com.redhat.rhba:obj:20192715072"/>
 <red-def:state state_ref="oval:com.redhat.rhba:ste:20191992002"/>
</red-def:rpminfo_test>
<red-def:rpminfo_test check="at least one" comment="python3-hivex is earlier than 0:1.3.15-7.module+el8.0.0+4084+cceb9f44" id="oval:com.redhat.rhba:tst:20192715145" version="637">
 <red-def:object object_ref="oval:com.redhat.rhba:obj:20192715073"/>
 <red-def:state state_ref="oval:com.redhat.rhba:ste:20192715003"/>
</red-def:rpminfo_test>
<red-def:rpminfo_test check="at least one" comment="python3-hivex is signed with Red Hat redhatrelease2 key" id="oval:com.redhat.rhba:tst:20192715146" version="637">
 <red-def:object object_ref="oval:com.redhat.rhba:obj:20192715073"/>
 <red-def:state state_ref="oval:com.redhat.rhba:ste:20191992002"/>
</red-def:rpminfo_test>
<red-def:rpminfo_test check="at least one" comment="python3-libguestfs is earlier than 1:1.38.4-11.1.module+el8.0.0+4084+cceb9f44" id="oval:com.redhat.rhba:tst:20192715147" version="637">
 <red-def:object object_ref="oval:com.redhat.rhba:obj:20192715074"/>
 <red-def:state state_ref="oval:com.redhat.rhba:ste:20192715004"/>
</red-def:rpminfo_test>
<red-def:rpminfo_test check="at least one" comment="python3-libguestfs is signed with Red Hat redhatrelease2 key" id="oval:com.redhat.rhba:tst:20192715148" version="637">
 <red-def:object object_ref="oval:com.redhat.rhba:obj:20192715074"/>
 <red-def:state state_ref="oval:com.redhat.rhba:ste:20191992002"/>
</red-def:rpminfo_test>
<red-def:rpminfo_test check="at least one" comment="python3-libvirt is earlier than 0:4.5.0-2.module+el8.0.0+4084+cceb9f44" id="oval:com.redhat.rhba:tst:20192715149" version="637">
 <red-def:object object_ref="oval:com.redhat.rhba:obj:20192715075"/>
 <red-def:state state_ref="oval:com.redhat.rhba:ste:20192715017"/>
</red-def:rpminfo_test>
<red-def:rpminfo_test check="at least one" comment="python3-libvirt is signed with Red Hat redhatrelease2 key" id="oval:com.redhat.rhba:tst:20192715150" version="637">
 <red-def:object object_ref="oval:com.redhat.rhba:obj:20192715075"/>
 <red-def:state state_ref="oval:com.redhat.rhba:ste:20191992002"/>
</red-def:rpminfo_test>
<red-def:rpminfo_test check="at least one" comment="qemu-guest-agent is earlier than 15:2.12.0-65.module+el8.0.0+4084+cceb9f44.5" id="oval:com.redhat.rhba:tst:20192715151" version="637">
 <red-def:object object_ref="oval:com.redhat.rhba:obj:20192715076"/>
 <red-def:state state_ref="oval:com.redhat.rhba:ste:20192715018"/>
</red-def:rpminfo_test>
<red-def:rpminfo_test check="at least one" comment="qemu-guest-agent is signed with Red Hat redhatrelease2 key" id="oval:com.redhat.rhba:tst:20192715152" version="637">
 <red-def:object object_ref="oval:com.redhat.rhba:obj:20192715076"/>
 <red-def:state state_ref="oval:com.redhat.rhba:ste:20191992002"/>
</red-def:rpminfo_test>
<red-def:rpminfo_test check="at least one" comment="qemu-img is earlier than 15:2.12.0-65.module+el8.0.0+4084+cceb9f44.5" id="oval:com.redhat.rhba:tst:20192715153" version="637">
 <red-def:object object_ref="oval:com.redhat.rhba:obj:20192715077"/>
 <red-def:state state_ref="oval:com.redhat.rhba:ste:20192715018"/>
</red-def:rpminfo_test>
<red-def:rpminfo_test check="at least one" comment="qemu-img is signed with Red Hat redhatrelease2 key" id="oval:com.redhat.rhba:tst:20192715154" version="637">
 <red-def:object object_ref="oval:com.redhat.rhba:obj:20192715077"/>
 <red-def:state state_ref="oval:com.redhat.rhba:ste:20191992002"/>
</red-def:rpminfo_test>
<red-def:rpminfo_test check="at least one" comment="qemu-kvm is earlier than 15:2.12.0-65.module+el8.0.0+4084+cceb9f44.5" id="oval:com.redhat.rhba:tst:20192715155" version="637">
 <red-def:object object_ref="oval:com.redhat.rhba:obj:20192715078"/>
 <red-def:state state_ref="oval:com.redhat.rhba:ste:20192715018"/>
</red-def:rpminfo_test>
<red-def:rpminfo_test check="at least one" comment="qemu-kvm is signed with Red Hat redhatrelease2 key" id="oval:com.redhat.rhba:tst:20192715156" version="637">
 <red-def:object object_ref="oval:com.redhat.rhba:obj:20192715078"/>
 <red-def:state state_ref="oval:com.redhat.rhba:ste:20191992002"/>
</red-def:rpminfo_test>
<red-def:rpminfo_test check="at least one" comment="qemu-kvm-block-curl is earlier than 15:2.12.0-65.module+el8.0.0+4084+cceb9f44.5" id="oval:com.redhat.rhba:tst:20192715157" version="637">
 <red-def:object object_ref="oval:com.redhat.rhba:obj:20192715079"/>
 <red-def:state state_ref="oval:com.redhat.rhba:ste:20192715018"/>
</red-def:rpminfo_test>
<red-def:rpminfo_test check="at least one" comment="qemu-kvm-block-curl is signed with Red Hat redhatrelease2 key" id="oval:com.redhat.rhba:tst:20192715158" version="637">
 <red-def:object object_ref="oval:com.redhat.rhba:obj:20192715079"/>
 <red-def:state state_ref="oval:com.redhat.rhba:ste:20191992002"/>
</red-def:rpminfo_test>
<red-def:rpminfo_test check="at least one" comment="qemu-kvm-block-gluster is earlier than 15:2.12.0-65.module+el8.0.0+4084+cceb9f44.5" id="oval:com.redhat.rhba:tst:20192715159" version="637">
 <red-def:object object_ref="oval:com.redhat.rhba:obj:20192715080"/>
 <red-def:state state_ref="oval:com.redhat.rhba:ste:20192715019"/>
</red-def:rpminfo_test>
<red-def:rpminfo_test check="at least one" comment="qemu-kvm-block-gluster is signed with Red Hat redhatrelease2 key" id="oval:com.redhat.rhba:tst:20192715160" version="637">
 <red-def:object object_ref="oval:com.redhat.rhba:obj:20192715080"/>
 <red-def:state state_ref="oval:com.redhat.rhba:ste:20191992002"/>
</red-def:rpminfo_test>
<red-def:rpminfo_test check="at least one" comment="qemu-kvm-block-iscsi is earlier than 15:2.12.0-65.module+el8.0.0+4084+cceb9f44.5" id="oval:com.redhat.rhba:tst:20192715161" version="637">
 <red-def:object object_ref="oval:com.redhat.rhba:obj:20192715081"/>
 <red-def:state state_ref="oval:com.redhat.rhba:ste:20192715018"/>
</red-def:rpminfo_test>
<red-def:rpminfo_test check="at least one" comment="qemu-kvm-block-iscsi is signed with Red Hat redhatrelease2 key" id="oval:com.redhat.rhba:tst:20192715162" version="637">
 <red-def:object object_ref="oval:com.redhat.rhba:obj:20192715081"/>
 <red-def:state state_ref="oval:com.redhat.rhba:ste:20191992002"/>
</red-def:rpminfo_test>
<red-def:rpminfo_test check="at least one" comment="qemu-kvm-block-rbd is earlier than 15:2.12.0-65.module+el8.0.0+4084+cceb9f44.5" id="oval:com.redhat.rhba:tst:20192715163" version="637">
 <red-def:object object_ref="oval:com.redhat.rhba:obj:20192715082"/>
 <red-def:state state_ref="oval:com.redhat.rhba:ste:20192715018"/>
</red-def:rpminfo_test>
<red-def:rpminfo_test check="at least one" comment="qemu-kvm-block-rbd is signed with Red Hat redhatrelease2 key" id="oval:com.redhat.rhba:tst:20192715164" version="637">
 <red-def:object object_ref="oval:com.redhat.rhba:obj:20192715082"/>
 <red-def:state state_ref="oval:com.redhat.rhba:ste:20191992002"/>
</red-def:rpminfo_test>
<red-def:rpminfo_test check="at least one" comment="qemu-kvm-block-ssh is earlier than 15:2.12.0-65.module+el8.0.0+4084+cceb9f44.5" id="oval:com.redhat.rhba:tst:20192715165" version="637">
 <red-def:object object_ref="oval:com.redhat.rhba:obj:20192715083"/>
 <red-def:state state_ref="oval:com.redhat.rhba:ste:20192715018"/>
</red-def:rpminfo_test>
<red-def:rpminfo_test check="at least one" comment="qemu-kvm-block-ssh is signed with Red Hat redhatrelease2 key" id="oval:com.redhat.rhba:tst:20192715166" version="637">
 <red-def:object object_ref="oval:com.redhat.rhba:obj:20192715083"/>
 <red-def:state state_ref="oval:com.redhat.rhba:ste:20191992002"/>
</red-def:rpminfo_test>
<red-def:rpminfo_test check="at least one" comment="qemu-kvm-common is earlier than 15:2.12.0-65.module+el8.0.0+4084+cceb9f44.5" id="oval:com.redhat.rhba:tst:20192715167" version="637">
 <red-def:object object_ref="oval:com.redhat.rhba:obj:20192715084"/>
 <red-def:state state_ref="oval:com.redhat.rhba:ste:20192715018"/>
</red-def:rpminfo_test>
<red-def:rpminfo_test check="at least one" comment="qemu-kvm-common is signed with Red Hat redhatrelease2 key" id="oval:com.redhat.rhba:tst:20192715168" version="637">
 <red-def:object object_ref="oval:com.redhat.rhba:obj:20192715084"/>
 <red-def:state state_ref="oval:com.redhat.rhba:ste:20191992002"/>
</red-def:rpminfo_test>
<red-def:rpminfo_test check="at least one" comment="qemu-kvm-core is earlier than 15:2.12.0-65.module+el8.0.0+4084+cceb9f44.5" id="oval:com.redhat.rhba:tst:20192715169" version="637">
 <red-def:object object_ref="oval:com.redhat.rhba:obj:20192715085"/>
 <red-def:state state_ref="oval:com.redhat.rhba:ste:20192715018"/>
</red-def:rpminfo_test>
<red-def:rpminfo_test check="at least one" comment="qemu-kvm-core is signed with Red Hat redhatrelease2 key" id="oval:com.redhat.rhba:tst:20192715170" version="637">
 <red-def:object object_ref="oval:com.redhat.rhba:obj:20192715085"/>
 <red-def:state state_ref="oval:com.redhat.rhba:ste:20191992002"/>
</red-def:rpminfo_test>
<red-def:rpminfo_test check="at least one" comment="ruby-hivex is earlier than 0:1.3.15-7.module+el8.0.0+4084+cceb9f44" id="oval:com.redhat.rhba:tst:20192715171" version="637">
 <red-def:object object_ref="oval:com.redhat.rhba:obj:20192715086"/>
 <red-def:state state_ref="oval:com.redhat.rhba:ste:20192715003"/>
</red-def:rpminfo_test>
<red-def:rpminfo_test check="at least one" comment="ruby-hivex is signed with Red Hat redhatrelease2 key" id="oval:com.redhat.rhba:tst:20192715172" version="637">
 <red-def:object object_ref="oval:com.redhat.rhba:obj:20192715086"/>
 <red-def:state state_ref="oval:com.redhat.rhba:ste:20191992002"/>
</red-def:rpminfo_test>
<red-def:rpminfo_test check="at least one" comment="ruby-libguestfs is earlier than 1:1.38.4-11.1.module+el8.0.0+4084+cceb9f44" id="oval:com.redhat.rhba:tst:20192715173" version="637">
 <red-def:object object_ref="oval:com.redhat.rhba:obj:20192715087"/>
 <red-def:state state_ref="oval:com.redhat.rhba:ste:20192715004"/>
</red-def:rpminfo_test>
<red-def:rpminfo_test check="at least one" comment="ruby-libguestfs is signed with Red Hat redhatrelease2 key" id="oval:com.redhat.rhba:tst:20192715174" version="637">
 <red-def:object object_ref="oval:com.redhat.rhba:obj:20192715087"/>
 <red-def:state state_ref="oval:com.redhat.rhba:ste:20191992002"/>
</red-def:rpminfo_test>
<red-def:rpminfo_test check="at least one" comment="seabios is earlier than 0:1.11.1-4.module+el8.0.0+4084+cceb9f44" id="oval:com.redhat.rhba:tst:20192715175" version="637">
 <red-def:object object_ref="oval:com.redhat.rhba:obj:20192715088"/>
 <red-def:state state_ref="oval:com.redhat.rhba:ste:20192715020"/>
</red-def:rpminfo_test>
<red-def:rpminfo_test check="at least one" comment="seabios is signed with Red Hat redhatrelease2 key" id="oval:com.redhat.rhba:tst:20192715176" version="637">
 <red-def:object object_ref="oval:com.redhat.rhba:obj:20192715088"/>
 <red-def:state state_ref="oval:com.redhat.rhba:ste:20191992002"/>
</red-def:rpminfo_test>
<red-def:rpminfo_test check="at least one" comment="seabios-bin is earlier than 0:1.11.1-4.module+el8.0.0+4084+cceb9f44" id="oval:com.redhat.rhba:tst:20192715177" version="637">
 <red-def:object object_ref="oval:com.redhat.rhba:obj:20192715089"/>
 <red-def:state state_ref="oval:com.redhat.rhba:ste:20192715021"/>
</red-def:rpminfo_test>
<red-def:rpminfo_test check="at least one" comment="seabios-bin is signed with Red Hat redhatrelease2 key" id="oval:com.redhat.rhba:tst:20192715178" version="637">
 <red-def:object object_ref="oval:com.redhat.rhba:obj:20192715089"/>
 <red-def:state state_ref="oval:com.redhat.rhba:ste:20191992002"/>
</red-def:rpminfo_test>
<red-def:rpminfo_test check="at least one" comment="seavgabios-bin is earlier than 0:1.11.1-4.module+el8.0.0+4084+cceb9f44" id="oval:com.redhat.rhba:tst:20192715179" version="637">
 <red-def:object object_ref="oval:com.redhat.rhba:obj:20192715090"/>
 <red-def:state state_ref="oval:com.redhat.rhba:ste:20192715021"/>
</red-def:rpminfo_test>
<red-def:rpminfo_test check="at least one" comment="seavgabios-bin is signed with Red Hat redhatrelease2 key" id="oval:com.redhat.rhba:tst:20192715180" version="637">
 <red-def:object object_ref="oval:com.redhat.rhba:obj:20192715090"/>
 <red-def:state state_ref="oval:com.redhat.rhba:ste:20191992002"/>
</red-def:rpminfo_test>
<red-def:rpminfo_test check="at least one" comment="sgabios is earlier than 1:0.20170427git-3.module+el8.0.0+4084+cceb9f44" id="oval:com.redhat.rhba:tst:20192715181" version="637">
 <red-def:object object_ref="oval:com.redhat.rhba:obj:20192715091"/>
 <red-def:state state_ref="oval:com.redhat.rhba:ste:20192715022"/>
</red-def:rpminfo_test>
<red-def:rpminfo_test check="at least one" comment="sgabios is signed with Red Hat redhatrelease2 key" id="oval:com.redhat.rhba:tst:20192715182" version="637">
 <red-def:object object_ref="oval:com.redhat.rhba:obj:20192715091"/>
 <red-def:state state_ref="oval:com.redhat.rhba:ste:20191992002"/>
</red-def:rpminfo_test>
<red-def:rpminfo_test check="at least one" comment="sgabios-bin is earlier than 1:0.20170427git-3.module+el8.0.0+4084+cceb9f44" id="oval:com.redhat.rhba:tst:20192715183" version="637">
 <red-def:object object_ref="oval:com.redhat.rhba:obj:20192715092"/>
 <red-def:state state_ref="oval:com.redhat.rhba:ste:20192715023"/>
</red-def:rpminfo_test>
<red-def:rpminfo_test check="at least one" comment="sgabios-bin is signed with Red Hat redhatrelease2 key" id="oval:com.redhat.rhba:tst:20192715184" version="637">
 <red-def:object object_ref="oval:com.redhat.rhba:obj:20192715092"/>
 <red-def:state state_ref="oval:com.redhat.rhba:ste:20191992002"/>
</red-def:rpminfo_test>
<red-def:rpminfo_test check="at least one" comment="supermin is earlier than 0:5.1.19-9.module+el8.0.0+4084+cceb9f44" id="oval:com.redhat.rhba:tst:20192715185" version="637">
 <red-def:object object_ref="oval:com.redhat.rhba:obj:20192715093"/>
 <red-def:state state_ref="oval:com.redhat.rhba:ste:20192715024"/>
</red-def:rpminfo_test>
<red-def:rpminfo_test check="at least one" comment="supermin is signed with Red Hat redhatrelease2 key" id="oval:com.redhat.rhba:tst:20192715186" version="637">
 <red-def:object object_ref="oval:com.redhat.rhba:obj:20192715093"/>
 <red-def:state state_ref="oval:com.redhat.rhba:ste:20191992002"/>
</red-def:rpminfo_test>
<red-def:rpminfo_test check="at least one" comment="supermin-devel is earlier than 0:5.1.19-9.module+el8.0.0+4084+cceb9f44" id="oval:com.redhat.rhba:tst:20192715187" version="637">
 <red-def:object object_ref="oval:com.redhat.rhba:obj:20192715094"/>
 <red-def:state state_ref="oval:com.redhat.rhba:ste:20192715024"/>
</red-def:rpminfo_test>
<red-def:rpminfo_test check="at least one" comment="supermin-devel is signed with Red Hat redhatrelease2 key" id="oval:com.redhat.rhba:tst:20192715188" version="637">
 <red-def:object object_ref="oval:com.redhat.rhba:obj:20192715094"/>
 <red-def:state state_ref="oval:com.redhat.rhba:ste:20191992002"/>
</red-def:rpminfo_test>
<red-def:rpminfo_test check="at least one" comment="virt-dib is earlier than 1:1.38.4-11.1.module+el8.0.0+4084+cceb9f44" id="oval:com.redhat.rhba:tst:20192715189" version="637">
 <red-def:object object_ref="oval:com.redhat.rhba:obj:20192715095"/>
 <red-def:state state_ref="oval:com.redhat.rhba:ste:20192715004"/>
</red-def:rpminfo_test>
<red-def:rpminfo_test check="at least one" comment="virt-dib is signed with Red Hat redhatrelease2 key" id="oval:com.redhat.rhba:tst:20192715190" version="637">
 <red-def:object object_ref="oval:com.redhat.rhba:obj:20192715095"/>
 <red-def:state state_ref="oval:com.redhat.rhba:ste:20191992002"/>
</red-def:rpminfo_test>
<red-def:rpminfo_test check="at least one" comment="virt-p2v-maker is earlier than 1:1.38.4-11.1.module+el8.0.0+4084+cceb9f44" id="oval:com.redhat.rhba:tst:20192715191" version="637">
 <red-def:object object_ref="oval:com.redhat.rhba:obj:20192715096"/>
 <red-def:state state_ref="oval:com.redhat.rhba:ste:20192715025"/>
</red-def:rpminfo_test>
<red-def:rpminfo_test check="at least one" comment="virt-p2v-maker is signed with Red Hat redhatrelease2 key" id="oval:com.redhat.rhba:tst:20192715192" version="637">
 <red-def:object object_ref="oval:com.redhat.rhba:obj:20192715096"/>
 <red-def:state state_ref="oval:com.redhat.rhba:ste:20191992002"/>
</red-def:rpminfo_test>
<red-def:rpminfo_test check="at least one" comment="virt-v2v is earlier than 1:1.38.4-11.1.module+el8.0.0+4084+cceb9f44" id="oval:com.redhat.rhba:tst:20192715193" version="637">
 <red-def:object object_ref="oval:com.redhat.rhba:obj:20192715097"/>
 <red-def:state state_ref="oval:com.redhat.rhba:ste:20192715025"/>
</red-def:rpminfo_test>
<red-def:rpminfo_test check="at least one" comment="virt-v2v is signed with Red Hat redhatrelease2 key" id="oval:com.redhat.rhba:tst:20192715194" version="637">
 <red-def:object object_ref="oval:com.redhat.rhba:obj:20192715097"/>
 <red-def:state state_ref="oval:com.redhat.rhba:ste:20191992002"/>
</red-def:rpminfo_test>
<ind-def:textfilecontent54_test check="all" comment="Module virt:rhel is enabled" id="oval:com.redhat.rhba:tst:20192715195" version="637">
 <ind-def:object object_ref="oval:com.redhat.rhba:obj:20192715098"/>
 <ind-def:state state_ref="oval:com.redhat.rhba:ste:20192715026"/>
</ind-def:textfilecontent54_test>
<red-def:rpminfo_test check="at least one" comment="hivex is earlier than 0:1.3.15-7.module+el8.0.0+4084+cceb9f44" id="oval:com.redhat.rhba:tst:20192715196" version="637">
 <red-def:object object_ref="oval:com.redhat.rhba:obj:20192715002"/>
 <red-def:state state_ref="oval:com.redhat.rhba:ste:20192715027"/>
</red-def:rpminfo_test>
<red-def:rpminfo_test check="at least one" comment="hivex-devel is earlier than 0:1.3.15-7.module+el8.0.0+4084+cceb9f44" id="oval:com.redhat.rhba:tst:20192715197" version="637">
 <red-def:object object_ref="oval:com.redhat.rhba:obj:20192715003"/>
 <red-def:state state_ref="oval:com.redhat.rhba:ste:20192715027"/>
</red-def:rpminfo_test>
<red-def:rpminfo_test check="at least one" comment="libguestfs-winsupport is earlier than 0:8.0-3.module+el8.0.0+4084+cceb9f44" id="oval:com.redhat.rhba:tst:20192715198" version="637">
 <red-def:object object_ref="oval:com.redhat.rhba:obj:20192715021"/>
 <red-def:state state_ref="oval:com.redhat.rhba:ste:20192715028"/>
</red-def:rpminfo_test>
<red-def:rpminfo_test check="at least one" comment="libiscsi is earlier than 0:1.18.0-7.module+el8.0.0+4084+cceb9f44" id="oval:com.redhat.rhba:tst:20192715199" version="637">
 <red-def:object object_ref="oval:com.redhat.rhba:obj:20192715023"/>
 <red-def:state state_ref="oval:com.redhat.rhba:ste:20192715029"/>
</red-def:rpminfo_test>
<red-def:rpminfo_test check="at least one" comment="libiscsi-devel is earlier than 0:1.18.0-7.module+el8.0.0+4084+cceb9f44" id="oval:com.redhat.rhba:tst:20192715200" version="637">
 <red-def:object object_ref="oval:com.redhat.rhba:obj:20192715024"/>
 <red-def:state state_ref="oval:com.redhat.rhba:ste:20192715029"/>
</red-def:rpminfo_test>
<red-def:rpminfo_test check="at least one" comment="libiscsi-utils is earlier than 0:1.18.0-7.module+el8.0.0+4084+cceb9f44" id="oval:com.redhat.rhba:tst:20192715201" version="637">
 <red-def:object object_ref="oval:com.redhat.rhba:obj:20192715025"/>
 <red-def:state state_ref="oval:com.redhat.rhba:ste:20192715029"/>
</red-def:rpminfo_test>
<red-def:rpminfo_test check="at least one" comment="libssh2 is earlier than 0:1.8.0-8.module+el8.0.0+4084+cceb9f44.1" id="oval:com.redhat.rhba:tst:20192715202" version="637">
 <red-def:object object_ref="oval:com.redhat.rhba:obj:20192715026"/>
 <red-def:state state_ref="oval:com.redhat.rhba:ste:20192715030"/>
</red-def:rpminfo_test>
<red-def:rpminfo_test check="at least one" comment="libssh2-devel is earlier than 0:1.8.0-8.module+el8.0.0+4084+cceb9f44.1" id="oval:com.redhat.rhba:tst:20192715203" version="637">
 <red-def:object object_ref="oval:com.redhat.rhba:obj:20192715099"/>
 <red-def:state state_ref="oval:com.redhat.rhba:ste:20192715031"/>
</red-def:rpminfo_test>
<red-def:rpminfo_test check="at least one" comment="libssh2-devel is signed with Red Hat redhatrelease2 key" id="oval:com.redhat.rhba:tst:20192715204" version="637">
 <red-def:object object_ref="oval:com.redhat.rhba:obj:20192715099"/>
 <red-def:state state_ref="oval:com.redhat.rhba:ste:20191992002"/>
</red-def:rpminfo_test>
<red-def:rpminfo_test check="at least one" comment="libssh2-docs is earlier than 0:1.8.0-8.module+el8.0.0+4084+cceb9f44.1" id="oval:com.redhat.rhba:tst:20192715205" version="637">
 <red-def:object object_ref="oval:com.redhat.rhba:obj:20192715100"/>
 <red-def:state state_ref="oval:com.redhat.rhba:ste:20192715032"/>
</red-def:rpminfo_test>
<red-def:rpminfo_test check="at least one" comment="libssh2-docs is signed with Red Hat redhatrelease2 key" id="oval:com.redhat.rhba:tst:20192715206" version="637">
 <red-def:object object_ref="oval:com.redhat.rhba:obj:20192715100"/>
 <red-def:state state_ref="oval:com.redhat.rhba:ste:20191992002"/>
</red-def:rpminfo_test>
<red-def:rpminfo_test check="at least one" comment="libvirt is earlier than 0:4.5.0-24.3.module+el8.0.0+4084+cceb9f44" id="oval:com.redhat.rhba:tst:20192715207" version="637">
 <red-def:object object_ref="oval:com.redhat.rhba:obj:20192715027"/>
 <red-def:state state_ref="oval:com.redhat.rhba:ste:20192715033"/>
</red-def:rpminfo_test>
<red-def:rpminfo_test check="at least one" comment="libvirt-admin is earlier than 0:4.5.0-24.3.module+el8.0.0+4084+cceb9f44" id="oval:com.redhat.rhba:tst:20192715208" version="637">
 <red-def:object object_ref="oval:com.redhat.rhba:obj:20192715028"/>
 <red-def:state state_ref="oval:com.redhat.rhba:ste:20192715033"/>
</red-def:rpminfo_test>
<red-def:rpminfo_test check="at least one" comment="libvirt-bash-completion is earlier than 0:4.5.0-24.3.module+el8.0.0+4084+cceb9f44" id="oval:com.redhat.rhba:tst:20192715209" version="637">
 <red-def:object object_ref="oval:com.redhat.rhba:obj:20192715029"/>
 <red-def:state state_ref="oval:com.redhat.rhba:ste:20192715033"/>
</red-def:rpminfo_test>
<red-def:rpminfo_test check="at least one" comment="libvirt-client is earlier than 0:4.5.0-24.3.module+el8.0.0+4084+cceb9f44" id="oval:com.redhat.rhba:tst:20192715210" version="637">
 <red-def:object object_ref="oval:com.redhat.rhba:obj:20192715030"/>
 <red-def:state state_ref="oval:com.redhat.rhba:ste:20192715033"/>
</red-def:rpminfo_test>
<red-def:rpminfo_test check="at least one" comment="libvirt-daemon is earlier than 0:4.5.0-24.3.module+el8.0.0+4084+cceb9f44" id="oval:com.redhat.rhba:tst:20192715211" version="637">
 <red-def:object object_ref="oval:com.redhat.rhba:obj:20192715031"/>
 <red-def:state state_ref="oval:com.redhat.rhba:ste:20192715033"/>
</red-def:rpminfo_test>
<red-def:rpminfo_test check="at least one" comment="libvirt-daemon-config-network is earlier than 0:4.5.0-24.3.module+el8.0.0+4084+cceb9f44" id="oval:com.redhat.rhba:tst:20192715212" version="637">
 <red-def:object object_ref="oval:com.redhat.rhba:obj:20192715032"/>
 <red-def:state state_ref="oval:com.redhat.rhba:ste:20192715033"/>
</red-def:rpminfo_test>
<red-def:rpminfo_test check="at least one" comment="libvirt-daemon-config-nwfilter is earlier than 0:4.5.0-24.3.module+el8.0.0+4084+cceb9f44" id="oval:com.redhat.rhba:tst:20192715213" version="637">
 <red-def:object object_ref="oval:com.redhat.rhba:obj:20192715033"/>
 <red-def:state state_ref="oval:com.redhat.rhba:ste:20192715033"/>
</red-def:rpminfo_test>
<red-def:rpminfo_test check="at least one" comment="libvirt-daemon-driver-interface is earlier than 0:4.5.0-24.3.module+el8.0.0+4084+cceb9f44" id="oval:com.redhat.rhba:tst:20192715214" version="637">
 <red-def:object object_ref="oval:com.redhat.rhba:obj:20192715034"/>
 <red-def:state state_ref="oval:com.redhat.rhba:ste:20192715033"/>
</red-def:rpminfo_test>
<red-def:rpminfo_test check="at least one" comment="libvirt-daemon-driver-network is earlier than 0:4.5.0-24.3.module+el8.0.0+4084+cceb9f44" id="oval:com.redhat.rhba:tst:20192715215" version="637">
 <red-def:object object_ref="oval:com.redhat.rhba:obj:20192715035"/>
 <red-def:state state_ref="oval:com.redhat.rhba:ste:20192715033"/>
</red-def:rpminfo_test>
<red-def:rpminfo_test check="at least one" comment="libvirt-daemon-driver-nodedev is earlier than 0:4.5.0-24.3.module+el8.0.0+4084+cceb9f44" id="oval:com.redhat.rhba:tst:20192715216" version="637">
 <red-def:object object_ref="oval:com.redhat.rhba:obj:20192715036"/>
 <red-def:state state_ref="oval:com.redhat.rhba:ste:20192715033"/>
</red-def:rpminfo_test>
<red-def:rpminfo_test check="at least one" comment="libvirt-daemon-driver-nwfilter is earlier than 0:4.5.0-24.3.module+el8.0.0+4084+cceb9f44" id="oval:com.redhat.rhba:tst:20192715217" version="637">
 <red-def:object object_ref="oval:com.redhat.rhba:obj:20192715037"/>
 <red-def:state state_ref="oval:com.redhat.rhba:ste:20192715033"/>
</red-def:rpminfo_test>
<red-def:rpminfo_test check="at least one" comment="libvirt-daemon-driver-secret is earlier than 0:4.5.0-24.3.module+el8.0.0+4084+cceb9f44" id="oval:com.redhat.rhba:tst:20192715218" version="637">
 <red-def:object object_ref="oval:com.redhat.rhba:obj:20192715039"/>
 <red-def:state state_ref="oval:com.redhat.rhba:ste:20192715033"/>
</red-def:rpminfo_test>
<red-def:rpminfo_test check="at least one" comment="libvirt-daemon-driver-storage is earlier than 0:4.5.0-24.3.module+el8.0.0+4084+cceb9f44" id="oval:com.redhat.rhba:tst:20192715219" version="637">
 <red-def:object object_ref="oval:com.redhat.rhba:obj:20192715040"/>
 <red-def:state state_ref="oval:com.redhat.rhba:ste:20192715033"/>
</red-def:rpminfo_test>
<red-def:rpminfo_test check="at least one" comment="libvirt-daemon-driver-storage-core is earlier than 0:4.5.0-24.3.module+el8.0.0+4084+cceb9f44" id="oval:com.redhat.rhba:tst:20192715220" version="637">
 <red-def:object object_ref="oval:com.redhat.rhba:obj:20192715041"/>
 <red-def:state state_ref="oval:com.redhat.rhba:ste:20192715033"/>
</red-def:rpminfo_test>
<red-def:rpminfo_test check="at least one" comment="libvirt-daemon-driver-storage-disk is earlier than 0:4.5.0-24.3.module+el8.0.0+4084+cceb9f44" id="oval:com.redhat.rhba:tst:20192715221" version="637">
 <red-def:object object_ref="oval:com.redhat.rhba:obj:20192715042"/>
 <red-def:state state_ref="oval:com.redhat.rhba:ste:20192715033"/>
</red-def:rpminfo_test>
<red-def:rpminfo_test check="at least one" comment="libvirt-daemon-driver-storage-gluster is earlier than 0:4.5.0-24.3.module+el8.0.0+4084+cceb9f44" id="oval:com.redhat.rhba:tst:20192715222" version="637">
 <red-def:object object_ref="oval:com.redhat.rhba:obj:20192715043"/>
 <red-def:state state_ref="oval:com.redhat.rhba:ste:20192715033"/>
</red-def:rpminfo_test>
<red-def:rpminfo_test check="at least one" comment="libvirt-daemon-driver-storage-iscsi is earlier than 0:4.5.0-24.3.module+el8.0.0+4084+cceb9f44" id="oval:com.redhat.rhba:tst:20192715223" version="637">
 <red-def:object object_ref="oval:com.redhat.rhba:obj:20192715044"/>
 <red-def:state state_ref="oval:com.redhat.rhba:ste:20192715033"/>
</red-def:rpminfo_test>
<red-def:rpminfo_test check="at least one" comment="libvirt-daemon-driver-storage-logical is earlier than 0:4.5.0-24.3.module+el8.0.0+4084+cceb9f44" id="oval:com.redhat.rhba:tst:20192715224" version="637">
 <red-def:object object_ref="oval:com.redhat.rhba:obj:20192715045"/>
 <red-def:state state_ref="oval:com.redhat.rhba:ste:20192715033"/>
</red-def:rpminfo_test>
<red-def:rpminfo_test check="at least one" comment="libvirt-daemon-driver-storage-mpath is earlier than 0:4.5.0-24.3.module+el8.0.0+4084+cceb9f44" id="oval:com.redhat.rhba:tst:20192715225" version="637">
 <red-def:object object_ref="oval:com.redhat.rhba:obj:20192715046"/>
 <red-def:state state_ref="oval:com.redhat.rhba:ste:20192715033"/>
</red-def:rpminfo_test>
<red-def:rpminfo_test check="at least one" comment="libvirt-daemon-driver-storage-rbd is earlier than 0:4.5.0-24.3.module+el8.0.0+4084+cceb9f44" id="oval:com.redhat.rhba:tst:20192715226" version="637">
 <red-def:object object_ref="oval:com.redhat.rhba:obj:20192715047"/>
 <red-def:state state_ref="oval:com.redhat.rhba:ste:20192715033"/>
</red-def:rpminfo_test>
<red-def:rpminfo_test check="at least one" comment="libvirt-daemon-driver-storage-scsi is earlier than 0:4.5.0-24.3.module+el8.0.0+4084+cceb9f44" id="oval:com.redhat.rhba:tst:20192715227" version="637">
 <red-def:object object_ref="oval:com.redhat.rhba:obj:20192715048"/>
 <red-def:state state_ref="oval:com.redhat.rhba:ste:20192715033"/>
</red-def:rpminfo_test>
<red-def:rpminfo_test check="at least one" comment="libvirt-dbus is earlier than 0:1.2.0-3.module+el8.0.0+4084+cceb9f44" id="oval:com.redhat.rhba:tst:20192715228" version="637">
 <red-def:object object_ref="oval:com.redhat.rhba:obj:20192715050"/>
 <red-def:state state_ref="oval:com.redhat.rhba:ste:20192715034"/>
</red-def:rpminfo_test>
<red-def:rpminfo_test check="at least one" comment="libvirt-devel is earlier than 0:4.5.0-24.3.module+el8.0.0+4084+cceb9f44" id="oval:com.redhat.rhba:tst:20192715229" version="637">
 <red-def:object object_ref="oval:com.redhat.rhba:obj:20192715051"/>
 <red-def:state state_ref="oval:com.redhat.rhba:ste:20192715033"/>
</red-def:rpminfo_test>
<red-def:rpminfo_test check="at least one" comment="libvirt-docs is earlier than 0:4.5.0-24.3.module+el8.0.0+4084+cceb9f44" id="oval:com.redhat.rhba:tst:20192715230" version="637">
 <red-def:object object_ref="oval:com.redhat.rhba:obj:20192715052"/>
 <red-def:state state_ref="oval:com.redhat.rhba:ste:20192715033"/>
</red-def:rpminfo_test>
<red-def:rpminfo_test check="at least one" comment="libvirt-libs is earlier than 0:4.5.0-24.3.module+el8.0.0+4084+cceb9f44" id="oval:com.redhat.rhba:tst:20192715231" version="637">
 <red-def:object object_ref="oval:com.redhat.rhba:obj:20192715053"/>
 <red-def:state state_ref="oval:com.redhat.rhba:ste:20192715033"/>
</red-def:rpminfo_test>
<red-def:rpminfo_test check="at least one" comment="libvirt-nss is earlier than 0:4.5.0-24.3.module+el8.0.0+4084+cceb9f44" id="oval:com.redhat.rhba:tst:20192715232" version="637">
 <red-def:object object_ref="oval:com.redhat.rhba:obj:20192715055"/>
 <red-def:state state_ref="oval:com.redhat.rhba:ste:20192715033"/>
</red-def:rpminfo_test>
<red-def:rpminfo_test check="at least one" comment="netcf is earlier than 0:0.2.8-11.module+el8.0.0+4084+cceb9f44" id="oval:com.redhat.rhba:tst:20192715233" version="637">
 <red-def:object object_ref="oval:com.redhat.rhba:obj:20192715067"/>
 <red-def:state state_ref="oval:com.redhat.rhba:ste:20192715035"/>
</red-def:rpminfo_test>
<red-def:rpminfo_test check="at least one" comment="netcf-devel is earlier than 0:0.2.8-11.module+el8.0.0+4084+cceb9f44" id="oval:com.redhat.rhba:tst:20192715234" version="637">
 <red-def:object object_ref="oval:com.redhat.rhba:obj:20192715068"/>
 <red-def:state state_ref="oval:com.redhat.rhba:ste:20192715035"/>
</red-def:rpminfo_test>
<red-def:rpminfo_test check="at least one" comment="netcf-libs is earlier than 0:0.2.8-11.module+el8.0.0+4084+cceb9f44" id="oval:com.redhat.rhba:tst:20192715235" version="637">
 <red-def:object object_ref="oval:com.redhat.rhba:obj:20192715069"/>
 <red-def:state state_ref="oval:com.redhat.rhba:ste:20192715035"/>
</red-def:rpminfo_test>
<red-def:rpminfo_test check="at least one" comment="ocaml-hivex is earlier than 0:1.3.15-7.module+el8.0.0+4084+cceb9f44" id="oval:com.redhat.rhba:tst:20192715236" version="637">
 <red-def:object object_ref="oval:com.redhat.rhba:obj:20192715101"/>
 <red-def:state state_ref="oval:com.redhat.rhba:ste:20192715036"/>
</red-def:rpminfo_test>
<red-def:rpminfo_test check="at least one" comment="ocaml-hivex is signed with Red Hat redhatrelease2 key" id="oval:com.redhat.rhba:tst:20192715237" version="637">
 <red-def:object object_ref="oval:com.redhat.rhba:obj:20192715101"/>
 <red-def:state state_ref="oval:com.redhat.rhba:ste:20191992002"/>
</red-def:rpminfo_test>
<red-def:rpminfo_test check="at least one" comment="ocaml-hivex-devel is earlier than 0:1.3.15-7.module+el8.0.0+4084+cceb9f44" id="oval:com.redhat.rhba:tst:20192715238" version="637">
 <red-def:object object_ref="oval:com.redhat.rhba:obj:20192715102"/>
 <red-def:state state_ref="oval:com.redhat.rhba:ste:20192715036"/>
</red-def:rpminfo_test>
<red-def:rpminfo_test check="at least one" comment="ocaml-hivex-devel is signed with Red Hat redhatrelease2 key" id="oval:com.redhat.rhba:tst:20192715239" version="637">
 <red-def:object object_ref="oval:com.redhat.rhba:obj:20192715102"/>
 <red-def:state state_ref="oval:com.redhat.rhba:ste:20191992002"/>
</red-def:rpminfo_test>
<red-def:rpminfo_test check="at least one" comment="ocaml-libguestfs is earlier than 1:1.38.4-11.1.module+el8.0.0+4084+cceb9f44" id="oval:com.redhat.rhba:tst:20192715240" version="637">
 <red-def:object object_ref="oval:com.redhat.rhba:obj:20192715103"/>
 <red-def:state state_ref="oval:com.redhat.rhba:ste:20192715004"/>
</red-def:rpminfo_test>
<red-def:rpminfo_test check="at least one" comment="ocaml-libguestfs is signed with Red Hat redhatrelease2 key" id="oval:com.redhat.rhba:tst:20192715241" version="637">
 <red-def:object object_ref="oval:com.redhat.rhba:obj:20192715103"/>
 <red-def:state state_ref="oval:com.redhat.rhba:ste:20191992002"/>
</red-def:rpminfo_test>
<red-def:rpminfo_test check="at least one" comment="ocaml-libguestfs-devel is earlier than 1:1.38.4-11.1.module+el8.0.0+4084+cceb9f44" id="oval:com.redhat.rhba:tst:20192715242" version="637">
 <red-def:object object_ref="oval:com.redhat.rhba:obj:20192715104"/>
 <red-def:state state_ref="oval:com.redhat.rhba:ste:20192715004"/>
</red-def:rpminfo_test>
<red-def:rpminfo_test check="at least one" comment="ocaml-libguestfs-devel is signed with Red Hat redhatrelease2 key" id="oval:com.redhat.rhba:tst:20192715243" version="637">
 <red-def:object object_ref="oval:com.redhat.rhba:obj:20192715104"/>
 <red-def:state state_ref="oval:com.redhat.rhba:ste:20191992002"/>
</red-def:rpminfo_test>
<red-def:rpminfo_test check="at least one" comment="perl-Sys-Virt is earlier than 0:4.5.0-5.module+el8.0.0+4084+cceb9f44" id="oval:com.redhat.rhba:tst:20192715244" version="637">
 <red-def:object object_ref="oval:com.redhat.rhba:obj:20192715071"/>
 <red-def:state state_ref="oval:com.redhat.rhba:ste:20192715037"/>
</red-def:rpminfo_test>
<red-def:rpminfo_test check="at least one" comment="perl-hivex is earlier than 0:1.3.15-7.module+el8.0.0+4084+cceb9f44" id="oval:com.redhat.rhba:tst:20192715245" version="637">
 <red-def:object object_ref="oval:com.redhat.rhba:obj:20192715072"/>
 <red-def:state state_ref="oval:com.redhat.rhba:ste:20192715027"/>
</red-def:rpminfo_test>
<red-def:rpminfo_test check="at least one" comment="python3-hivex is earlier than 0:1.3.15-7.module+el8.0.0+4084+cceb9f44" id="oval:com.redhat.rhba:tst:20192715246" version="637">
 <red-def:object object_ref="oval:com.redhat.rhba:obj:20192715073"/>
 <red-def:state state_ref="oval:com.redhat.rhba:ste:20192715027"/>
</red-def:rpminfo_test>
<red-def:rpminfo_test check="at least one" comment="python3-libvirt is earlier than 0:4.5.0-2.module+el8.0.0+4084+cceb9f44" id="oval:com.redhat.rhba:tst:20192715247" version="637">
 <red-def:object object_ref="oval:com.redhat.rhba:obj:20192715075"/>
 <red-def:state state_ref="oval:com.redhat.rhba:ste:20192715038"/>
</red-def:rpminfo_test>
<red-def:rpminfo_test check="at least one" comment="qemu-kvm-tests is earlier than 15:2.12.0-65.module+el8.0.0+4084+cceb9f44.5" id="oval:com.redhat.rhba:tst:20192715248" version="637">
 <red-def:object object_ref="oval:com.redhat.rhba:obj:20192715105"/>
 <red-def:state state_ref="oval:com.redhat.rhba:ste:20192715018"/>
</red-def:rpminfo_test>
<red-def:rpminfo_test check="at least one" comment="qemu-kvm-tests is signed with Red Hat redhatrelease2 key" id="oval:com.redhat.rhba:tst:20192715249" version="637">
 <red-def:object object_ref="oval:com.redhat.rhba:obj:20192715105"/>
 <red-def:state state_ref="oval:com.redhat.rhba:ste:20191992002"/>
</red-def:rpminfo_test>
<red-def:rpminfo_test check="at least one" comment="ruby-hivex is earlier than 0:1.3.15-7.module+el8.0.0+4084+cceb9f44" id="oval:com.redhat.rhba:tst:20192715250" version="637">
 <red-def:object object_ref="oval:com.redhat.rhba:obj:20192715086"/>
 <red-def:state state_ref="oval:com.redhat.rhba:ste:20192715027"/>
</red-def:rpminfo_test>
<red-def:rpminfo_test check="at least one" comment="sgabios is earlier than 1:0.20170427git-3.module+el8.0.0+4084+cceb9f44" id="oval:com.redhat.rhba:tst:20192715251" version="637">
 <red-def:object object_ref="oval:com.redhat.rhba:obj:20192715091"/>
 <red-def:state state_ref="oval:com.redhat.rhba:ste:20192715039"/>
</red-def:rpminfo_test>
<ind-def:textfilecontent54_test check="all" comment="Module virt-devel:rhel is enabled" id="oval:com.redhat.rhba:tst:20192715252" version="637">
 <ind-def:object object_ref="oval:com.redhat.rhba:obj:20192715106"/>
 <ind-def:state state_ref="oval:com.redhat.rhba:ste:20192715026"/>
</ind-def:textfilecontent54_test>
<red-def:rpminfo_test check="at least one" comment="ruby is earlier than 0:2.5.5-105.module+el8.1.0+3656+f80bfa1d" id="oval:com.redhat.rhba:tst:20193384001" version="638">
 <red-def:object object_ref="oval:com.redhat.rhba:obj:20193384001"/>
 <red-def:state state_ref="oval:com.redhat.rhba:ste:20193384001"/>
</red-def:rpminfo_test>
<red-def:rpminfo_test check="at least one" comment="ruby is signed with Red Hat redhatrelease2 key" id="oval:com.redhat.rhba:tst:20193384002" version="638">
 <red-def:object object_ref="oval:com.redhat.rhba:obj:20193384001"/>
 <red-def:state state_ref="oval:com.redhat.rhba:ste:20191992002"/>
</red-def:rpminfo_test>
<red-def:rpminfo_test check="at least one" comment="ruby-devel is earlier than 0:2.5.5-105.module+el8.1.0+3656+f80bfa1d" id="oval:com.redhat.rhba:tst:20193384003" version="638">
 <red-def:object object_ref="oval:com.redhat.rhba:obj:20193384002"/>
 <red-def:state state_ref="oval:com.redhat.rhba:ste:20193384001"/>
</red-def:rpminfo_test>
<red-def:rpminfo_test check="at least one" comment="ruby-devel is signed with Red Hat redhatrelease2 key" id="oval:com.redhat.rhba:tst:20193384004" version="638">
 <red-def:object object_ref="oval:com.redhat.rhba:obj:20193384002"/>
 <red-def:state state_ref="oval:com.redhat.rhba:ste:20191992002"/>
</red-def:rpminfo_test>
<red-def:rpminfo_test check="at least one" comment="ruby-doc is earlier than 0:2.5.5-105.module+el8.1.0+3656+f80bfa1d" id="oval:com.redhat.rhba:tst:20193384005" version="638">
 <red-def:object object_ref="oval:com.redhat.rhba:obj:20193384003"/>
 <red-def:state state_ref="oval:com.redhat.rhba:ste:20193384003"/>
</red-def:rpminfo_test>
<red-def:rpminfo_test check="at least one" comment="ruby-doc is signed with Red Hat redhatrelease2 key" id="oval:com.redhat.rhba:tst:20193384006" version="638">
 <red-def:object object_ref="oval:com.redhat.rhba:obj:20193384003"/>
 <red-def:state state_ref="oval:com.redhat.rhba:ste:20191992002"/>
</red-def:rpminfo_test>
<red-def:rpminfo_test check="at least one" comment="ruby-irb is earlier than 0:2.5.5-105.module+el8.1.0+3656+f80bfa1d" id="oval:com.redhat.rhba:tst:20193384007" version="638">
 <red-def:object object_ref="oval:com.redhat.rhba:obj:20193384004"/>
 <red-def:state state_ref="oval:com.redhat.rhba:ste:20193384003"/>
</red-def:rpminfo_test>
<red-def:rpminfo_test check="at least one" comment="ruby-irb is signed with Red Hat redhatrelease2 key" id="oval:com.redhat.rhba:tst:20193384008" version="638">
 <red-def:object object_ref="oval:com.redhat.rhba:obj:20193384004"/>
 <red-def:state state_ref="oval:com.redhat.rhba:ste:20191992002"/>
</red-def:rpminfo_test>
<red-def:rpminfo_test check="at least one" comment="ruby-libs is earlier than 0:2.5.5-105.module+el8.1.0+3656+f80bfa1d" id="oval:com.redhat.rhba:tst:20193384009" version="638">
 <red-def:object object_ref="oval:com.redhat.rhba:obj:20193384005"/>
 <red-def:state state_ref="oval:com.redhat.rhba:ste:20193384001"/>
</red-def:rpminfo_test>
<red-def:rpminfo_test check="at least one" comment="ruby-libs is signed with Red Hat redhatrelease2 key" id="oval:com.redhat.rhba:tst:20193384010" version="638">
 <red-def:object object_ref="oval:com.redhat.rhba:obj:20193384005"/>
 <red-def:state state_ref="oval:com.redhat.rhba:ste:20191992002"/>
</red-def:rpminfo_test>
<red-def:rpminfo_test check="at least one" comment="rubygem-abrt is earlier than 0:0.3.0-4.module+el8.1.0+3656+f80bfa1d" id="oval:com.redhat.rhba:tst:20193384011" version="638">
 <red-def:object object_ref="oval:com.redhat.rhba:obj:20193384006"/>
 <red-def:state state_ref="oval:com.redhat.rhba:ste:20193384004"/>
</red-def:rpminfo_test>
<red-def:rpminfo_test check="at least one" comment="rubygem-abrt is signed with Red Hat redhatrelease2 key" id="oval:com.redhat.rhba:tst:20193384012" version="638">
 <red-def:object object_ref="oval:com.redhat.rhba:obj:20193384006"/>
 <red-def:state state_ref="oval:com.redhat.rhba:ste:20191992002"/>
</red-def:rpminfo_test>
<red-def:rpminfo_test check="at least one" comment="rubygem-abrt-doc is earlier than 0:0.3.0-4.module+el8.1.0+3656+f80bfa1d" id="oval:com.redhat.rhba:tst:20193384013" version="638">
 <red-def:object object_ref="oval:com.redhat.rhba:obj:20193384007"/>
 <red-def:state state_ref="oval:com.redhat.rhba:ste:20193384004"/>
</red-def:rpminfo_test>
<red-def:rpminfo_test check="at least one" comment="rubygem-abrt-doc is signed with Red Hat redhatrelease2 key" id="oval:com.redhat.rhba:tst:20193384014" version="638">
 <red-def:object object_ref="oval:com.redhat.rhba:obj:20193384007"/>
 <red-def:state state_ref="oval:com.redhat.rhba:ste:20191992002"/>
</red-def:rpminfo_test>
<red-def:rpminfo_test check="at least one" comment="rubygem-bigdecimal is earlier than 0:1.3.4-105.module+el8.1.0+3656+f80bfa1d" id="oval:com.redhat.rhba:tst:20193384015" version="638">
 <red-def:object object_ref="oval:com.redhat.rhba:obj:20193384008"/>
 <red-def:state state_ref="oval:com.redhat.rhba:ste:20193384005"/>
</red-def:rpminfo_test>
<red-def:rpminfo_test check="at least one" comment="rubygem-bigdecimal is signed with Red Hat redhatrelease2 key" id="oval:com.redhat.rhba:tst:20193384016" version="638">
 <red-def:object object_ref="oval:com.redhat.rhba:obj:20193384008"/>
 <red-def:state state_ref="oval:com.redhat.rhba:ste:20191992002"/>
</red-def:rpminfo_test>
<red-def:rpminfo_test check="at least one" comment="rubygem-bson is earlier than 0:4.3.0-2.module+el8.1.0+3656+f80bfa1d" id="oval:com.redhat.rhba:tst:20193384017" version="638">
 <red-def:object object_ref="oval:com.redhat.rhba:obj:20193384009"/>
 <red-def:state state_ref="oval:com.redhat.rhba:ste:20193384006"/>
</red-def:rpminfo_test>
<red-def:rpminfo_test check="at least one" comment="rubygem-bson is signed with Red Hat redhatrelease2 key" id="oval:com.redhat.rhba:tst:20193384018" version="638">
 <red-def:object object_ref="oval:com.redhat.rhba:obj:20193384009"/>
 <red-def:state state_ref="oval:com.redhat.rhba:ste:20191992002"/>
</red-def:rpminfo_test>
<red-def:rpminfo_test check="at least one" comment="rubygem-bson-doc is earlier than 0:4.3.0-2.module+el8.1.0+3656+f80bfa1d" id="oval:com.redhat.rhba:tst:20193384019" version="638">
 <red-def:object object_ref="oval:com.redhat.rhba:obj:20193384010"/>
 <red-def:state state_ref="oval:com.redhat.rhba:ste:20193384007"/>
</red-def:rpminfo_test>
<red-def:rpminfo_test check="at least one" comment="rubygem-bson-doc is signed with Red Hat redhatrelease2 key" id="oval:com.redhat.rhba:tst:20193384020" version="638">
 <red-def:object object_ref="oval:com.redhat.rhba:obj:20193384010"/>
 <red-def:state state_ref="oval:com.redhat.rhba:ste:20191992002"/>
</red-def:rpminfo_test>
<red-def:rpminfo_test check="at least one" comment="rubygem-bundler is earlier than 0:1.16.1-3.module+el8.1.0+3656+f80bfa1d" id="oval:com.redhat.rhba:tst:20193384021" version="638">
 <red-def:object object_ref="oval:com.redhat.rhba:obj:20193384011"/>
 <red-def:state state_ref="oval:com.redhat.rhba:ste:20193384008"/>
</red-def:rpminfo_test>
<red-def:rpminfo_test check="at least one" comment="rubygem-bundler is signed with Red Hat redhatrelease2 key" id="oval:com.redhat.rhba:tst:20193384022" version="638">
 <red-def:object object_ref="oval:com.redhat.rhba:obj:20193384011"/>
 <red-def:state state_ref="oval:com.redhat.rhba:ste:20191992002"/>
</red-def:rpminfo_test>
<red-def:rpminfo_test check="at least one" comment="rubygem-bundler-doc is earlier than 0:1.16.1-3.module+el8.1.0+3656+f80bfa1d" id="oval:com.redhat.rhba:tst:20193384023" version="638">
 <red-def:object object_ref="oval:com.redhat.rhba:obj:20193384012"/>
 <red-def:state state_ref="oval:com.redhat.rhba:ste:20193384008"/>
</red-def:rpminfo_test>
<red-def:rpminfo_test check="at least one" comment="rubygem-bundler-doc is signed with Red Hat redhatrelease2 key" id="oval:com.redhat.rhba:tst:20193384024" version="638">
 <red-def:object object_ref="oval:com.redhat.rhba:obj:20193384012"/>
 <red-def:state state_ref="oval:com.redhat.rhba:ste:20191992002"/>
</red-def:rpminfo_test>
<red-def:rpminfo_test check="at least one" comment="rubygem-did_you_mean is earlier than 0:1.2.0-105.module+el8.1.0+3656+f80bfa1d" id="oval:com.redhat.rhba:tst:20193384025" version="638">
 <red-def:object object_ref="oval:com.redhat.rhba:obj:20193384013"/>
 <red-def:state state_ref="oval:com.redhat.rhba:ste:20193384009"/>
</red-def:rpminfo_test>
<red-def:rpminfo_test check="at least one" comment="rubygem-did_you_mean is signed with Red Hat redhatrelease2 key" id="oval:com.redhat.rhba:tst:20193384026" version="638">
 <red-def:object object_ref="oval:com.redhat.rhba:obj:20193384013"/>
 <red-def:state state_ref="oval:com.redhat.rhba:ste:20191992002"/>
</red-def:rpminfo_test>
<red-def:rpminfo_test check="at least one" comment="rubygem-io-console is earlier than 0:0.4.6-105.module+el8.1.0+3656+f80bfa1d" id="oval:com.redhat.rhba:tst:20193384027" version="638">
 <red-def:object object_ref="oval:com.redhat.rhba:obj:20193384014"/>
 <red-def:state state_ref="oval:com.redhat.rhba:ste:20193384010"/>
</red-def:rpminfo_test>
<red-def:rpminfo_test check="at least one" comment="rubygem-io-console is signed with Red Hat redhatrelease2 key" id="oval:com.redhat.rhba:tst:20193384028" version="638">
 <red-def:object object_ref="oval:com.redhat.rhba:obj:20193384014"/>
 <red-def:state state_ref="oval:com.redhat.rhba:ste:20191992002"/>
</red-def:rpminfo_test>
<red-def:rpminfo_test check="at least one" comment="rubygem-json is earlier than 0:2.1.0-105.module+el8.1.0+3656+f80bfa1d" id="oval:com.redhat.rhba:tst:20193384029" version="638">
 <red-def:object object_ref="oval:com.redhat.rhba:obj:20193384015"/>
 <red-def:state state_ref="oval:com.redhat.rhba:ste:20193384011"/>
</red-def:rpminfo_test>
<red-def:rpminfo_test check="at least one" comment="rubygem-json is signed with Red Hat redhatrelease2 key" id="oval:com.redhat.rhba:tst:20193384030" version="638">
 <red-def:object object_ref="oval:com.redhat.rhba:obj:20193384015"/>
 <red-def:state state_ref="oval:com.redhat.rhba:ste:20191992002"/>
</red-def:rpminfo_test>
<red-def:rpminfo_test check="at least one" comment="rubygem-minitest is earlier than 0:5.10.3-105.module+el8.1.0+3656+f80bfa1d" id="oval:com.redhat.rhba:tst:20193384031" version="638">
 <red-def:object object_ref="oval:com.redhat.rhba:obj:20193384016"/>
 <red-def:state state_ref="oval:com.redhat.rhba:ste:20193384012"/>
</red-def:rpminfo_test>
<red-def:rpminfo_test check="at least one" comment="rubygem-minitest is signed with Red Hat redhatrelease2 key" id="oval:com.redhat.rhba:tst:20193384032" version="638">
 <red-def:object object_ref="oval:com.redhat.rhba:obj:20193384016"/>
 <red-def:state state_ref="oval:com.redhat.rhba:ste:20191992002"/>
</red-def:rpminfo_test>
<red-def:rpminfo_test check="at least one" comment="rubygem-mongo is earlier than 0:2.5.1-2.module+el8.1.0+3656+f80bfa1d" id="oval:com.redhat.rhba:tst:20193384033" version="638">
 <red-def:object object_ref="oval:com.redhat.rhba:obj:20193384017"/>
 <red-def:state state_ref="oval:com.redhat.rhba:ste:20193384013"/>
</red-def:rpminfo_test>
<red-def:rpminfo_test check="at least one" comment="rubygem-mongo is signed with Red Hat redhatrelease2 key" id="oval:com.redhat.rhba:tst:20193384034" version="638">
 <red-def:object object_ref="oval:com.redhat.rhba:obj:20193384017"/>
 <red-def:state state_ref="oval:com.redhat.rhba:ste:20191992002"/>
</red-def:rpminfo_test>
<red-def:rpminfo_test check="at least one" comment="rubygem-mongo-doc is earlier than 0:2.5.1-2.module+el8.1.0+3656+f80bfa1d" id="oval:com.redhat.rhba:tst:20193384035" version="638">
 <red-def:object object_ref="oval:com.redhat.rhba:obj:20193384018"/>
 <red-def:state state_ref="oval:com.redhat.rhba:ste:20193384013"/>
</red-def:rpminfo_test>
<red-def:rpminfo_test check="at least one" comment="rubygem-mongo-doc is signed with Red Hat redhatrelease2 key" id="oval:com.redhat.rhba:tst:20193384036" version="638">
 <red-def:object object_ref="oval:com.redhat.rhba:obj:20193384018"/>
 <red-def:state state_ref="oval:com.redhat.rhba:ste:20191992002"/>
</red-def:rpminfo_test>
<red-def:rpminfo_test check="at least one" comment="rubygem-mysql2 is earlier than 0:0.4.10-4.module+el8.1.0+3656+f80bfa1d" id="oval:com.redhat.rhba:tst:20193384037" version="638">
 <red-def:object object_ref="oval:com.redhat.rhba:obj:20193384019"/>
 <red-def:state state_ref="oval:com.redhat.rhba:ste:20193384014"/>
</red-def:rpminfo_test>
<red-def:rpminfo_test check="at least one" comment="rubygem-mysql2 is signed with Red Hat redhatrelease2 key" id="oval:com.redhat.rhba:tst:20193384038" version="638">
 <red-def:object object_ref="oval:com.redhat.rhba:obj:20193384019"/>
 <red-def:state state_ref="oval:com.redhat.rhba:ste:20191992002"/>
</red-def:rpminfo_test>
<red-def:rpminfo_test check="at least one" comment="rubygem-mysql2-doc is earlier than 0:0.4.10-4.module+el8.1.0+3656+f80bfa1d" id="oval:com.redhat.rhba:tst:20193384039" version="638">
 <red-def:object object_ref="oval:com.redhat.rhba:obj:20193384020"/>
 <red-def:state state_ref="oval:com.redhat.rhba:ste:20193384015"/>
</red-def:rpminfo_test>
<red-def:rpminfo_test check="at least one" comment="rubygem-mysql2-doc is signed with Red Hat redhatrelease2 key" id="oval:com.redhat.rhba:tst:20193384040" version="638">
 <red-def:object object_ref="oval:com.redhat.rhba:obj:20193384020"/>
 <red-def:state state_ref="oval:com.redhat.rhba:ste:20191992002"/>
</red-def:rpminfo_test>
<red-def:rpminfo_test check="at least one" comment="rubygem-net-telnet is earlier than 0:0.1.1-105.module+el8.1.0+3656+f80bfa1d" id="oval:com.redhat.rhba:tst:20193384041" version="638">
 <red-def:object object_ref="oval:com.redhat.rhba:obj:20193384021"/>
 <red-def:state state_ref="oval:com.redhat.rhba:ste:20193384016"/>
</red-def:rpminfo_test>
<red-def:rpminfo_test check="at least one" comment="rubygem-net-telnet is signed with Red Hat redhatrelease2 key" id="oval:com.redhat.rhba:tst:20193384042" version="638">
 <red-def:object object_ref="oval:com.redhat.rhba:obj:20193384021"/>
 <red-def:state state_ref="oval:com.redhat.rhba:ste:20191992002"/>
</red-def:rpminfo_test>
<red-def:rpminfo_test check="at least one" comment="rubygem-openssl is earlier than 0:2.1.2-105.module+el8.1.0+3656+f80bfa1d" id="oval:com.redhat.rhba:tst:20193384043" version="638">
 <red-def:object object_ref="oval:com.redhat.rhba:obj:20193384022"/>
 <red-def:state state_ref="oval:com.redhat.rhba:ste:20193384017"/>
</red-def:rpminfo_test>
<red-def:rpminfo_test check="at least one" comment="rubygem-openssl is signed with Red Hat redhatrelease2 key" id="oval:com.redhat.rhba:tst:20193384044" version="638">
 <red-def:object object_ref="oval:com.redhat.rhba:obj:20193384022"/>
 <red-def:state state_ref="oval:com.redhat.rhba:ste:20191992002"/>
</red-def:rpminfo_test>
<red-def:rpminfo_test check="at least one" comment="rubygem-pg is earlier than 0:1.0.0-2.module+el8.1.0+3656+f80bfa1d" id="oval:com.redhat.rhba:tst:20193384045" version="638">
 <red-def:object object_ref="oval:com.redhat.rhba:obj:20193384023"/>
 <red-def:state state_ref="oval:com.redhat.rhba:ste:20193384018"/>
</red-def:rpminfo_test>
<red-def:rpminfo_test check="at least one" comment="rubygem-pg is signed with Red Hat redhatrelease2 key" id="oval:com.redhat.rhba:tst:20193384046" version="638">
 <red-def:object object_ref="oval:com.redhat.rhba:obj:20193384023"/>
 <red-def:state state_ref="oval:com.redhat.rhba:ste:20191992002"/>
</red-def:rpminfo_test>
<red-def:rpminfo_test check="at least one" comment="rubygem-pg-doc is earlier than 0:1.0.0-2.module+el8.1.0+3656+f80bfa1d" id="oval:com.redhat.rhba:tst:20193384047" version="638">
 <red-def:object object_ref="oval:com.redhat.rhba:obj:20193384024"/>
 <red-def:state state_ref="oval:com.redhat.rhba:ste:20193384019"/>
</red-def:rpminfo_test>
<red-def:rpminfo_test check="at least one" comment="rubygem-pg-doc is signed with Red Hat redhatrelease2 key" id="oval:com.redhat.rhba:tst:20193384048" version="638">
 <red-def:object object_ref="oval:com.redhat.rhba:obj:20193384024"/>
 <red-def:state state_ref="oval:com.redhat.rhba:ste:20191992002"/>
</red-def:rpminfo_test>
<red-def:rpminfo_test check="at least one" comment="rubygem-power_assert is earlier than 0:1.1.1-105.module+el8.1.0+3656+f80bfa1d" id="oval:com.redhat.rhba:tst:20193384049" version="638">
 <red-def:object object_ref="oval:com.redhat.rhba:obj:20193384025"/>
 <red-def:state state_ref="oval:com.redhat.rhba:ste:20193384020"/>
</red-def:rpminfo_test>
<red-def:rpminfo_test check="at least one" comment="rubygem-power_assert is signed with Red Hat redhatrelease2 key" id="oval:com.redhat.rhba:tst:20193384050" version="638">
 <red-def:object object_ref="oval:com.redhat.rhba:obj:20193384025"/>
 <red-def:state state_ref="oval:com.redhat.rhba:ste:20191992002"/>
</red-def:rpminfo_test>
<red-def:rpminfo_test check="at least one" comment="rubygem-psych is earlier than 0:3.0.2-105.module+el8.1.0+3656+f80bfa1d" id="oval:com.redhat.rhba:tst:20193384051" version="638">
 <red-def:object object_ref="oval:com.redhat.rhba:obj:20193384026"/>
 <red-def:state state_ref="oval:com.redhat.rhba:ste:20193384021"/>
</red-def:rpminfo_test>
<red-def:rpminfo_test check="at least one" comment="rubygem-psych is signed with Red Hat redhatrelease2 key" id="oval:com.redhat.rhba:tst:20193384052" version="638">
 <red-def:object object_ref="oval:com.redhat.rhba:obj:20193384026"/>
 <red-def:state state_ref="oval:com.redhat.rhba:ste:20191992002"/>
</red-def:rpminfo_test>
<red-def:rpminfo_test check="at least one" comment="rubygem-rake is earlier than 0:12.3.0-105.module+el8.1.0+3656+f80bfa1d" id="oval:com.redhat.rhba:tst:20193384053" version="638">
 <red-def:object object_ref="oval:com.redhat.rhba:obj:20193384027"/>
 <red-def:state state_ref="oval:com.redhat.rhba:ste:20193384022"/>
</red-def:rpminfo_test>
<red-def:rpminfo_test check="at least one" comment="rubygem-rake is signed with Red Hat redhatrelease2 key" id="oval:com.redhat.rhba:tst:20193384054" version="638">
 <red-def:object object_ref="oval:com.redhat.rhba:obj:20193384027"/>
 <red-def:state state_ref="oval:com.redhat.rhba:ste:20191992002"/>
</red-def:rpminfo_test>
<red-def:rpminfo_test check="at least one" comment="rubygem-rdoc is earlier than 0:6.0.1-105.module+el8.1.0+3656+f80bfa1d" id="oval:com.redhat.rhba:tst:20193384055" version="638">
 <red-def:object object_ref="oval:com.redhat.rhba:obj:20193384028"/>
 <red-def:state state_ref="oval:com.redhat.rhba:ste:20193384023"/>
</red-def:rpminfo_test>
<red-def:rpminfo_test check="at least one" comment="rubygem-rdoc is signed with Red Hat redhatrelease2 key" id="oval:com.redhat.rhba:tst:20193384056" version="638">
 <red-def:object object_ref="oval:com.redhat.rhba:obj:20193384028"/>
 <red-def:state state_ref="oval:com.redhat.rhba:ste:20191992002"/>
</red-def:rpminfo_test>
<red-def:rpminfo_test check="at least one" comment="rubygem-test-unit is earlier than 0:3.2.7-105.module+el8.1.0+3656+f80bfa1d" id="oval:com.redhat.rhba:tst:20193384057" version="638">
 <red-def:object object_ref="oval:com.redhat.rhba:obj:20193384029"/>
 <red-def:state state_ref="oval:com.redhat.rhba:ste:20193384024"/>
</red-def:rpminfo_test>
<red-def:rpminfo_test check="at least one" comment="rubygem-test-unit is signed with Red Hat redhatrelease2 key" id="oval:com.redhat.rhba:tst:20193384058" version="638">
 <red-def:object object_ref="oval:com.redhat.rhba:obj:20193384029"/>
 <red-def:state state_ref="oval:com.redhat.rhba:ste:20191992002"/>
</red-def:rpminfo_test>
<red-def:rpminfo_test check="at least one" comment="rubygem-xmlrpc is earlier than 0:0.3.0-105.module+el8.1.0+3656+f80bfa1d" id="oval:com.redhat.rhba:tst:20193384059" version="638">
 <red-def:object object_ref="oval:com.redhat.rhba:obj:20193384030"/>
 <red-def:state state_ref="oval:com.redhat.rhba:ste:20193384025"/>
</red-def:rpminfo_test>
<red-def:rpminfo_test check="at least one" comment="rubygem-xmlrpc is signed with Red Hat redhatrelease2 key" id="oval:com.redhat.rhba:tst:20193384060" version="638">
 <red-def:object object_ref="oval:com.redhat.rhba:obj:20193384030"/>
 <red-def:state state_ref="oval:com.redhat.rhba:ste:20191992002"/>
</red-def:rpminfo_test>
<red-def:rpminfo_test check="at least one" comment="rubygems is earlier than 0:2.7.6.2-105.module+el8.1.0+3656+f80bfa1d" id="oval:com.redhat.rhba:tst:20193384061" version="638">
 <red-def:object object_ref="oval:com.redhat.rhba:obj:20193384031"/>
 <red-def:state state_ref="oval:com.redhat.rhba:ste:20193384026"/>
</red-def:rpminfo_test>
<red-def:rpminfo_test check="at least one" comment="rubygems is signed with Red Hat redhatrelease2 key" id="oval:com.redhat.rhba:tst:20193384062" version="638">
 <red-def:object object_ref="oval:com.redhat.rhba:obj:20193384031"/>
 <red-def:state state_ref="oval:com.redhat.rhba:ste:20191992002"/>
</red-def:rpminfo_test>
<red-def:rpminfo_test check="at least one" comment="rubygems-devel is earlier than 0:2.7.6.2-105.module+el8.1.0+3656+f80bfa1d" id="oval:com.redhat.rhba:tst:20193384063" version="638">
 <red-def:object object_ref="oval:com.redhat.rhba:obj:20193384032"/>
 <red-def:state state_ref="oval:com.redhat.rhba:ste:20193384026"/>
</red-def:rpminfo_test>
<red-def:rpminfo_test check="at least one" comment="rubygems-devel is signed with Red Hat redhatrelease2 key" id="oval:com.redhat.rhba:tst:20193384064" version="638">
 <red-def:object object_ref="oval:com.redhat.rhba:obj:20193384032"/>
 <red-def:state state_ref="oval:com.redhat.rhba:ste:20191992002"/>
</red-def:rpminfo_test>
<ind-def:textfilecontent54_test check="all" comment="Module ruby:2.5 is enabled" id="oval:com.redhat.rhba:tst:20193384065" version="638">
 <ind-def:object object_ref="oval:com.redhat.rhba:obj:20193384033"/>
 <ind-def:state state_ref="oval:com.redhat.rhba:ste:20193384027"/>
</ind-def:textfilecontent54_test>
<red-def:rpminfo_test check="at least one" comment="openjpeg2 is earlier than 0:2.3.1-1.el8" id="oval:com.redhat.rhba:tst:20193408001" version="635">
 <red-def:object object_ref="oval:com.redhat.rhba:obj:20193408001"/>
 <red-def:state state_ref="oval:com.redhat.rhba:ste:20193408001"/>
</red-def:rpminfo_test>
<red-def:rpminfo_test check="at least one" comment="openjpeg2 is signed with Red Hat redhatrelease2 key" id="oval:com.redhat.rhba:tst:20193408002" version="635">
 <red-def:object object_ref="oval:com.redhat.rhba:obj:20193408001"/>
 <red-def:state state_ref="oval:com.redhat.rhba:ste:20191992002"/>
</red-def:rpminfo_test>
<red-def:rpminfo_test check="at least one" comment="openjpeg2-devel is earlier than 0:2.3.1-1.el8" id="oval:com.redhat.rhba:tst:20193408003" version="635">
 <red-def:object object_ref="oval:com.redhat.rhba:obj:20193408002"/>
 <red-def:state state_ref="oval:com.redhat.rhba:ste:20193408001"/>
</red-def:rpminfo_test>
<red-def:rpminfo_test check="at least one" comment="openjpeg2-devel is signed with Red Hat redhatrelease2 key" id="oval:com.redhat.rhba:tst:20193408004" version="635">
 <red-def:object object_ref="oval:com.redhat.rhba:obj:20193408002"/>
 <red-def:state state_ref="oval:com.redhat.rhba:ste:20191992002"/>
</red-def:rpminfo_test>
<red-def:rpminfo_test check="at least one" comment="openjpeg2-devel-docs is earlier than 0:2.3.1-1.el8" id="oval:com.redhat.rhba:tst:20193408005" version="635">
 <red-def:object object_ref="oval:com.redhat.rhba:obj:20193408003"/>
 <red-def:state state_ref="oval:com.redhat.rhba:ste:20193408003"/>
</red-def:rpminfo_test>
<red-def:rpminfo_test check="at least one" comment="openjpeg2-devel-docs is signed with Red Hat redhatrelease2 key" id="oval:com.redhat.rhba:tst:20193408006" version="635">
 <red-def:object object_ref="oval:com.redhat.rhba:obj:20193408003"/>
 <red-def:state state_ref="oval:com.redhat.rhba:ste:20191992002"/>
</red-def:rpminfo_test>
<red-def:rpminfo_test check="at least one" comment="openjpeg2-tools is earlier than 0:2.3.1-1.el8" id="oval:com.redhat.rhba:tst:20193408007" version="635">
 <red-def:object object_ref="oval:com.redhat.rhba:obj:20193408004"/>
 <red-def:state state_ref="oval:com.redhat.rhba:ste:20193408001"/>
</red-def:rpminfo_test>
<red-def:rpminfo_test check="at least one" comment="openjpeg2-tools is signed with Red Hat redhatrelease2 key" id="oval:com.redhat.rhba:tst:20193408008" version="635">
 <red-def:object object_ref="oval:com.redhat.rhba:obj:20193408004"/>
 <red-def:state state_ref="oval:com.redhat.rhba:ste:20191992002"/>
</red-def:rpminfo_test>
<red-def:rpminfo_test check="at least one" comment="apache-commons-collections is earlier than 0:3.2.2-10.module+el8.1.0+3366+6dfb954c" id="oval:com.redhat.rhba:tst:20193416001" version="637">
 <red-def:object object_ref="oval:com.redhat.rhba:obj:20193416001"/>
 <red-def:state state_ref="oval:com.redhat.rhba:ste:20193416001"/>
</red-def:rpminfo_test>
<red-def:rpminfo_test check="at least one" comment="apache-commons-collections is signed with Red Hat redhatrelease2 key" id="oval:com.redhat.rhba:tst:20193416002" version="637">
 <red-def:object object_ref="oval:com.redhat.rhba:obj:20193416001"/>
 <red-def:state state_ref="oval:com.redhat.rhba:ste:20191992002"/>
</red-def:rpminfo_test>
<red-def:rpminfo_test check="at least one" comment="apache-commons-lang is earlier than 0:2.6-21.module+el8.1.0+3366+6dfb954c" id="oval:com.redhat.rhba:tst:20193416003" version="637">
 <red-def:object object_ref="oval:com.redhat.rhba:obj:20193416002"/>
 <red-def:state state_ref="oval:com.redhat.rhba:ste:20193416003"/>
</red-def:rpminfo_test>
<red-def:rpminfo_test check="at least one" comment="apache-commons-lang is signed with Red Hat redhatrelease2 key" id="oval:com.redhat.rhba:tst:20193416004" version="637">
 <red-def:object object_ref="oval:com.redhat.rhba:obj:20193416002"/>
 <red-def:state state_ref="oval:com.redhat.rhba:ste:20191992002"/>
</red-def:rpminfo_test>
<red-def:rpminfo_test check="at least one" comment="bea-stax-api is earlier than 0:1.2.0-16.module+el8.1.0+3366+6dfb954c" id="oval:com.redhat.rhba:tst:20193416005" version="637">
 <red-def:object object_ref="oval:com.redhat.rhba:obj:20193416003"/>
 <red-def:state state_ref="oval:com.redhat.rhba:ste:20193416004"/>
</red-def:rpminfo_test>
<red-def:rpminfo_test check="at least one" comment="bea-stax-api is signed with Red Hat redhatrelease2 key" id="oval:com.redhat.rhba:tst:20193416006" version="637">
 <red-def:object object_ref="oval:com.redhat.rhba:obj:20193416003"/>
 <red-def:state state_ref="oval:com.redhat.rhba:ste:20191992002"/>
</red-def:rpminfo_test>
<red-def:rpminfo_test check="at least one" comment="glassfish-fastinfoset is earlier than 0:1.2.13-9.module+el8.1.0+3366+6dfb954c" id="oval:com.redhat.rhba:tst:20193416007" version="637">
 <red-def:object object_ref="oval:com.redhat.rhba:obj:20193416004"/>
 <red-def:state state_ref="oval:com.redhat.rhba:ste:20193416005"/>
</red-def:rpminfo_test>
<red-def:rpminfo_test check="at least one" comment="glassfish-fastinfoset is signed with Red Hat redhatrelease2 key" id="oval:com.redhat.rhba:tst:20193416008" version="637">
 <red-def:object object_ref="oval:com.redhat.rhba:obj:20193416004"/>
 <red-def:state state_ref="oval:com.redhat.rhba:ste:20191992002"/>
</red-def:rpminfo_test>
<red-def:rpminfo_test check="at least one" comment="glassfish-jaxb-api is earlier than 0:2.2.12-8.module+el8.1.0+3366+6dfb954c" id="oval:com.redhat.rhba:tst:20193416009" version="637">
 <red-def:object object_ref="oval:com.redhat.rhba:obj:20193416005"/>
 <red-def:state state_ref="oval:com.redhat.rhba:ste:20193416006"/>
</red-def:rpminfo_test>
<red-def:rpminfo_test check="at least one" comment="glassfish-jaxb-api is signed with Red Hat redhatrelease2 key" id="oval:com.redhat.rhba:tst:20193416010" version="637">
 <red-def:object object_ref="oval:com.redhat.rhba:obj:20193416005"/>
 <red-def:state state_ref="oval:com.redhat.rhba:ste:20191992002"/>
</red-def:rpminfo_test>
<red-def:rpminfo_test check="at least one" comment="glassfish-jaxb-core is earlier than 0:2.2.11-11.module+el8.1.0+3366+6dfb954c" id="oval:com.redhat.rhba:tst:20193416011" version="637">
 <red-def:object object_ref="oval:com.redhat.rhba:obj:20193416006"/>
 <red-def:state state_ref="oval:com.redhat.rhba:ste:20193416007"/>
</red-def:rpminfo_test>
<red-def:rpminfo_test check="at least one" comment="glassfish-jaxb-core is signed with Red Hat redhatrelease2 key" id="oval:com.redhat.rhba:tst:20193416012" version="637">
 <red-def:object object_ref="oval:com.redhat.rhba:obj:20193416006"/>
 <red-def:state state_ref="oval:com.redhat.rhba:ste:20191992002"/>
</red-def:rpminfo_test>
<red-def:rpminfo_test check="at least one" comment="glassfish-jaxb-runtime is earlier than 0:2.2.11-11.module+el8.1.0+3366+6dfb954c" id="oval:com.redhat.rhba:tst:20193416013" version="637">
 <red-def:object object_ref="oval:com.redhat.rhba:obj:20193416007"/>
 <red-def:state state_ref="oval:com.redhat.rhba:ste:20193416007"/>
</red-def:rpminfo_test>
<red-def:rpminfo_test check="at least one" comment="glassfish-jaxb-runtime is signed with Red Hat redhatrelease2 key" id="oval:com.redhat.rhba:tst:20193416014" version="637">
 <red-def:object object_ref="oval:com.redhat.rhba:obj:20193416007"/>
 <red-def:state state_ref="oval:com.redhat.rhba:ste:20191992002"/>
</red-def:rpminfo_test>
<red-def:rpminfo_test check="at least one" comment="glassfish-jaxb-txw2 is earlier than 0:2.2.11-11.module+el8.1.0+3366+6dfb954c" id="oval:com.redhat.rhba:tst:20193416015" version="637">
 <red-def:object object_ref="oval:com.redhat.rhba:obj:20193416008"/>
 <red-def:state state_ref="oval:com.redhat.rhba:ste:20193416007"/>
</red-def:rpminfo_test>
<red-def:rpminfo_test check="at least one" comment="glassfish-jaxb-txw2 is signed with Red Hat redhatrelease2 key" id="oval:com.redhat.rhba:tst:20193416016" version="637">
 <red-def:object object_ref="oval:com.redhat.rhba:obj:20193416008"/>
 <red-def:state state_ref="oval:com.redhat.rhba:ste:20191992002"/>
</red-def:rpminfo_test>
<red-def:rpminfo_test check="at least one" comment="jackson-annotations is earlier than 0:2.9.9-1.module+el8.1.0+3832+9784644d" id="oval:com.redhat.rhba:tst:20193416017" version="637">
 <red-def:object object_ref="oval:com.redhat.rhba:obj:20193416009"/>
 <red-def:state state_ref="oval:com.redhat.rhba:ste:20193416008"/>
</red-def:rpminfo_test>
<red-def:rpminfo_test check="at least one" comment="jackson-annotations is signed with Red Hat redhatrelease2 key" id="oval:com.redhat.rhba:tst:20193416018" version="637">
 <red-def:object object_ref="oval:com.redhat.rhba:obj:20193416009"/>
 <red-def:state state_ref="oval:com.redhat.rhba:ste:20191992002"/>
</red-def:rpminfo_test>
<red-def:rpminfo_test check="at least one" comment="jackson-core is earlier than 0:2.9.9-1.module+el8.1.0+3832+9784644d" id="oval:com.redhat.rhba:tst:20193416019" version="637">
 <red-def:object object_ref="oval:com.redhat.rhba:obj:20193416010"/>
 <red-def:state state_ref="oval:com.redhat.rhba:ste:20193416008"/>
</red-def:rpminfo_test>
<red-def:rpminfo_test check="at least one" comment="jackson-core is signed with Red Hat redhatrelease2 key" id="oval:com.redhat.rhba:tst:20193416020" version="637">
 <red-def:object object_ref="oval:com.redhat.rhba:obj:20193416010"/>
 <red-def:state state_ref="oval:com.redhat.rhba:ste:20191992002"/>
</red-def:rpminfo_test>
<red-def:rpminfo_test check="at least one" comment="jackson-databind is earlier than 0:2.9.9.2-1.module+el8.1.0+3832+9784644d" id="oval:com.redhat.rhba:tst:20193416021" version="637">
 <red-def:object object_ref="oval:com.redhat.rhba:obj:20193416011"/>
 <red-def:state state_ref="oval:com.redhat.rhba:ste:20193416009"/>
</red-def:rpminfo_test>
<red-def:rpminfo_test check="at least one" comment="jackson-databind is signed with Red Hat redhatrelease2 key" id="oval:com.redhat.rhba:tst:20193416022" version="637">
 <red-def:object object_ref="oval:com.redhat.rhba:obj:20193416011"/>
 <red-def:state state_ref="oval:com.redhat.rhba:ste:20191992002"/>
</red-def:rpminfo_test>
<red-def:rpminfo_test check="at least one" comment="jackson-jaxrs-json-provider is earlier than 0:2.9.9-1.module+el8.1.0+3832+9784644d" id="oval:com.redhat.rhba:tst:20193416023" version="637">
 <red-def:object object_ref="oval:com.redhat.rhba:obj:20193416012"/>
 <red-def:state state_ref="oval:com.redhat.rhba:ste:20193416008"/>
</red-def:rpminfo_test>
<red-def:rpminfo_test check="at least one" comment="jackson-jaxrs-json-provider is signed with Red Hat redhatrelease2 key" id="oval:com.redhat.rhba:tst:20193416024" version="637">
 <red-def:object object_ref="oval:com.redhat.rhba:obj:20193416012"/>
 <red-def:state state_ref="oval:com.redhat.rhba:ste:20191992002"/>
</red-def:rpminfo_test>
<red-def:rpminfo_test check="at least one" comment="jackson-jaxrs-providers is earlier than 0:2.9.9-1.module+el8.1.0+3832+9784644d" id="oval:com.redhat.rhba:tst:20193416025" version="637">
 <red-def:object object_ref="oval:com.redhat.rhba:obj:20193416013"/>
 <red-def:state state_ref="oval:com.redhat.rhba:ste:20193416008"/>
</red-def:rpminfo_test>
<red-def:rpminfo_test check="at least one" comment="jackson-jaxrs-providers is signed with Red Hat redhatrelease2 key" id="oval:com.redhat.rhba:tst:20193416026" version="637">
 <red-def:object object_ref="oval:com.redhat.rhba:obj:20193416013"/>
 <red-def:state state_ref="oval:com.redhat.rhba:ste:20191992002"/>
</red-def:rpminfo_test>
<red-def:rpminfo_test check="at least one" comment="jackson-module-jaxb-annotations is earlier than 0:2.7.6-4.module+el8.1.0+3366+6dfb954c" id="oval:com.redhat.rhba:tst:20193416027" version="637">
 <red-def:object object_ref="oval:com.redhat.rhba:obj:20193416014"/>
 <red-def:state state_ref="oval:com.redhat.rhba:ste:20193416010"/>
</red-def:rpminfo_test>
<red-def:rpminfo_test check="at least one" comment="jackson-module-jaxb-annotations is signed with Red Hat redhatrelease2 key" id="oval:com.redhat.rhba:tst:20193416028" version="637">
 <red-def:object object_ref="oval:com.redhat.rhba:obj:20193416014"/>
 <red-def:state state_ref="oval:com.redhat.rhba:ste:20191992002"/>
</red-def:rpminfo_test>
<red-def:rpminfo_test check="at least one" comment="jakarta-commons-httpclient is earlier than 1:3.1-28.module+el8.1.0+3366+6dfb954c" id="oval:com.redhat.rhba:tst:20193416029" version="637">
 <red-def:object object_ref="oval:com.redhat.rhba:obj:20193416015"/>
 <red-def:state state_ref="oval:com.redhat.rhba:ste:20193416011"/>
</red-def:rpminfo_test>
<red-def:rpminfo_test check="at least one" comment="jakarta-commons-httpclient is signed with Red Hat redhatrelease2 key" id="oval:com.redhat.rhba:tst:20193416030" version="637">
 <red-def:object object_ref="oval:com.redhat.rhba:obj:20193416015"/>
 <red-def:state state_ref="oval:com.redhat.rhba:ste:20191992002"/>
</red-def:rpminfo_test>
<red-def:rpminfo_test check="at least one" comment="javassist is earlier than 0:3.18.1-8.module+el8.1.0+3366+6dfb954c" id="oval:com.redhat.rhba:tst:20193416031" version="637">
 <red-def:object object_ref="oval:com.redhat.rhba:obj:20193416016"/>
 <red-def:state state_ref="oval:com.redhat.rhba:ste:20193416012"/>
</red-def:rpminfo_test>
<red-def:rpminfo_test check="at least one" comment="javassist is signed with Red Hat redhatrelease2 key" id="oval:com.redhat.rhba:tst:20193416032" version="637">
 <red-def:object object_ref="oval:com.redhat.rhba:obj:20193416016"/>
 <red-def:state state_ref="oval:com.redhat.rhba:ste:20191992002"/>
</red-def:rpminfo_test>
<red-def:rpminfo_test check="at least one" comment="javassist-javadoc is earlier than 0:3.18.1-8.module+el8.1.0+3366+6dfb954c" id="oval:com.redhat.rhba:tst:20193416033" version="637">
 <red-def:object object_ref="oval:com.redhat.rhba:obj:20193416017"/>
 <red-def:state state_ref="oval:com.redhat.rhba:ste:20193416012"/>
</red-def:rpminfo_test>
<red-def:rpminfo_test check="at least one" comment="javassist-javadoc is signed with Red Hat redhatrelease2 key" id="oval:com.redhat.rhba:tst:20193416034" version="637">
 <red-def:object object_ref="oval:com.redhat.rhba:obj:20193416017"/>
 <red-def:state state_ref="oval:com.redhat.rhba:ste:20191992002"/>
</red-def:rpminfo_test>
<red-def:rpminfo_test check="at least one" comment="pki-servlet-4.0-api is earlier than 1:9.0.7-16.module+el8.1.0+3366+6dfb954c" id="oval:com.redhat.rhba:tst:20193416035" version="637">
 <red-def:object object_ref="oval:com.redhat.rhba:obj:20193416018"/>
 <red-def:state state_ref="oval:com.redhat.rhba:ste:20193416013"/>
</red-def:rpminfo_test>
<red-def:rpminfo_test check="at least one" comment="pki-servlet-4.0-api is signed with Red Hat redhatrelease2 key" id="oval:com.redhat.rhba:tst:20193416036" version="637">
 <red-def:object object_ref="oval:com.redhat.rhba:obj:20193416018"/>
 <red-def:state state_ref="oval:com.redhat.rhba:ste:20191992002"/>
</red-def:rpminfo_test>
<red-def:rpminfo_test check="at least one" comment="pki-servlet-engine is earlier than 1:9.0.7-16.module+el8.1.0+3366+6dfb954c" id="oval:com.redhat.rhba:tst:20193416037" version="637">
 <red-def:object object_ref="oval:com.redhat.rhba:obj:20193416019"/>
 <red-def:state state_ref="oval:com.redhat.rhba:ste:20193416013"/>
</red-def:rpminfo_test>
<red-def:rpminfo_test check="at least one" comment="pki-servlet-engine is signed with Red Hat redhatrelease2 key" id="oval:com.redhat.rhba:tst:20193416038" version="637">
 <red-def:object object_ref="oval:com.redhat.rhba:obj:20193416019"/>
 <red-def:state state_ref="oval:com.redhat.rhba:ste:20191992002"/>
</red-def:rpminfo_test>
<red-def:rpminfo_test check="at least one" comment="python-nss-doc is earlier than 0:1.0.1-10.module+el8.1.0+3366+6dfb954c" id="oval:com.redhat.rhba:tst:20193416039" version="637">
 <red-def:object object_ref="oval:com.redhat.rhba:obj:20193416020"/>
 <red-def:state state_ref="oval:com.redhat.rhba:ste:20193416014"/>
</red-def:rpminfo_test>
<red-def:rpminfo_test check="at least one" comment="python-nss-doc is signed with Red Hat redhatrelease2 key" id="oval:com.redhat.rhba:tst:20193416040" version="637">
 <red-def:object object_ref="oval:com.redhat.rhba:obj:20193416020"/>
 <red-def:state state_ref="oval:com.redhat.rhba:ste:20191992002"/>
</red-def:rpminfo_test>
<red-def:rpminfo_test check="at least one" comment="python3-nss is earlier than 0:1.0.1-10.module+el8.1.0+3366+6dfb954c" id="oval:com.redhat.rhba:tst:20193416041" version="637">
 <red-def:object object_ref="oval:com.redhat.rhba:obj:20193416021"/>
 <red-def:state state_ref="oval:com.redhat.rhba:ste:20193416014"/>
</red-def:rpminfo_test>
<red-def:rpminfo_test check="at least one" comment="python3-nss is signed with Red Hat redhatrelease2 key" id="oval:com.redhat.rhba:tst:20193416042" version="637">
 <red-def:object object_ref="oval:com.redhat.rhba:obj:20193416021"/>
 <red-def:state state_ref="oval:com.redhat.rhba:ste:20191992002"/>
</red-def:rpminfo_test>
<red-def:rpminfo_test check="at least one" comment="relaxngDatatype is earlier than 0:2011.1-7.module+el8.1.0+3366+6dfb954c" id="oval:com.redhat.rhba:tst:20193416043" version="637">
 <red-def:object object_ref="oval:com.redhat.rhba:obj:20193416022"/>
 <red-def:state state_ref="oval:com.redhat.rhba:ste:20193416015"/>
</red-def:rpminfo_test>
<red-def:rpminfo_test check="at least one" comment="relaxngDatatype is signed with Red Hat redhatrelease2 key" id="oval:com.redhat.rhba:tst:20193416044" version="637">
 <red-def:object object_ref="oval:com.redhat.rhba:obj:20193416022"/>
 <red-def:state state_ref="oval:com.redhat.rhba:ste:20191992002"/>
</red-def:rpminfo_test>
<red-def:rpminfo_test check="at least one" comment="resteasy is earlier than 0:3.0.26-3.module+el8.1.0+3366+6dfb954c" id="oval:com.redhat.rhba:tst:20193416045" version="637">
 <red-def:object object_ref="oval:com.redhat.rhba:obj:20193416023"/>
 <red-def:state state_ref="oval:com.redhat.rhba:ste:20193416016"/>
</red-def:rpminfo_test>
<red-def:rpminfo_test check="at least one" comment="resteasy is signed with Red Hat redhatrelease2 key" id="oval:com.redhat.rhba:tst:20193416046" version="637">
 <red-def:object object_ref="oval:com.redhat.rhba:obj:20193416023"/>
 <red-def:state state_ref="oval:com.redhat.rhba:ste:20191992002"/>
</red-def:rpminfo_test>
<red-def:rpminfo_test check="at least one" comment="slf4j is earlier than 0:1.7.25-4.module+el8.1.0+3366+6dfb954c" id="oval:com.redhat.rhba:tst:20193416047" version="637">
 <red-def:object object_ref="oval:com.redhat.rhba:obj:20193416024"/>
 <red-def:state state_ref="oval:com.redhat.rhba:ste:20193416017"/>
</red-def:rpminfo_test>
<red-def:rpminfo_test check="at least one" comment="slf4j is signed with Red Hat redhatrelease2 key" id="oval:com.redhat.rhba:tst:20193416048" version="637">
 <red-def:object object_ref="oval:com.redhat.rhba:obj:20193416024"/>
 <red-def:state state_ref="oval:com.redhat.rhba:ste:20191992002"/>
</red-def:rpminfo_test>
<red-def:rpminfo_test check="at least one" comment="slf4j-jdk14 is earlier than 0:1.7.25-4.module+el8.1.0+3366+6dfb954c" id="oval:com.redhat.rhba:tst:20193416049" version="637">
 <red-def:object object_ref="oval:com.redhat.rhba:obj:20193416025"/>
 <red-def:state state_ref="oval:com.redhat.rhba:ste:20193416017"/>
</red-def:rpminfo_test>
<red-def:rpminfo_test check="at least one" comment="slf4j-jdk14 is signed with Red Hat redhatrelease2 key" id="oval:com.redhat.rhba:tst:20193416050" version="637">
 <red-def:object object_ref="oval:com.redhat.rhba:obj:20193416025"/>
 <red-def:state state_ref="oval:com.redhat.rhba:ste:20191992002"/>
</red-def:rpminfo_test>
<red-def:rpminfo_test check="at least one" comment="stax-ex is earlier than 0:1.7.7-8.module+el8.1.0+3366+6dfb954c" id="oval:com.redhat.rhba:tst:20193416051" version="637">
 <red-def:object object_ref="oval:com.redhat.rhba:obj:20193416026"/>
 <red-def:state state_ref="oval:com.redhat.rhba:ste:20193416018"/>
</red-def:rpminfo_test>
<red-def:rpminfo_test check="at least one" comment="stax-ex is signed with Red Hat redhatrelease2 key" id="oval:com.redhat.rhba:tst:20193416052" version="637">
 <red-def:object object_ref="oval:com.redhat.rhba:obj:20193416026"/>
 <red-def:state state_ref="oval:com.redhat.rhba:ste:20191992002"/>
</red-def:rpminfo_test>
<red-def:rpminfo_test check="at least one" comment="velocity is earlier than 0:1.7-24.module+el8.1.0+3366+6dfb954c" id="oval:com.redhat.rhba:tst:20193416053" version="637">
 <red-def:object object_ref="oval:com.redhat.rhba:obj:20193416027"/>
 <red-def:state state_ref="oval:com.redhat.rhba:ste:20193416019"/>
</red-def:rpminfo_test>
<red-def:rpminfo_test check="at least one" comment="velocity is signed with Red Hat redhatrelease2 key" id="oval:com.redhat.rhba:tst:20193416054" version="637">
 <red-def:object object_ref="oval:com.redhat.rhba:obj:20193416027"/>
 <red-def:state state_ref="oval:com.redhat.rhba:ste:20191992002"/>
</red-def:rpminfo_test>
<red-def:rpminfo_test check="at least one" comment="xalan-j2 is earlier than 0:2.7.1-38.module+el8.1.0+3366+6dfb954c" id="oval:com.redhat.rhba:tst:20193416055" version="637">
 <red-def:object object_ref="oval:com.redhat.rhba:obj:20193416028"/>
 <red-def:state state_ref="oval:com.redhat.rhba:ste:20193416020"/>
</red-def:rpminfo_test>
<red-def:rpminfo_test check="at least one" comment="xalan-j2 is signed with Red Hat redhatrelease2 key" id="oval:com.redhat.rhba:tst:20193416056" version="637">
 <red-def:object object_ref="oval:com.redhat.rhba:obj:20193416028"/>
 <red-def:state state_ref="oval:com.redhat.rhba:ste:20191992002"/>
</red-def:rpminfo_test>
<red-def:rpminfo_test check="at least one" comment="xerces-j2 is earlier than 0:2.11.0-34.module+el8.1.0+3366+6dfb954c" id="oval:com.redhat.rhba:tst:20193416057" version="637">
 <red-def:object object_ref="oval:com.redhat.rhba:obj:20193416029"/>
 <red-def:state state_ref="oval:com.redhat.rhba:ste:20193416021"/>
</red-def:rpminfo_test>
<red-def:rpminfo_test check="at least one" comment="xerces-j2 is signed with Red Hat redhatrelease2 key" id="oval:com.redhat.rhba:tst:20193416058" version="637">
 <red-def:object object_ref="oval:com.redhat.rhba:obj:20193416029"/>
 <red-def:state state_ref="oval:com.redhat.rhba:ste:20191992002"/>
</red-def:rpminfo_test>
<red-def:rpminfo_test check="at least one" comment="xml-commons-apis is earlier than 0:1.4.01-25.module+el8.1.0+3366+6dfb954c" id="oval:com.redhat.rhba:tst:20193416059" version="637">
 <red-def:object object_ref="oval:com.redhat.rhba:obj:20193416030"/>
 <red-def:state state_ref="oval:com.redhat.rhba:ste:20193416022"/>
</red-def:rpminfo_test>
<red-def:rpminfo_test check="at least one" comment="xml-commons-apis is signed with Red Hat redhatrelease2 key" id="oval:com.redhat.rhba:tst:20193416060" version="637">
 <red-def:object object_ref="oval:com.redhat.rhba:obj:20193416030"/>
 <red-def:state state_ref="oval:com.redhat.rhba:ste:20191992002"/>
</red-def:rpminfo_test>
<red-def:rpminfo_test check="at least one" comment="xml-commons-resolver is earlier than 0:1.2-26.module+el8.1.0+3366+6dfb954c" id="oval:com.redhat.rhba:tst:20193416061" version="637">
 <red-def:object object_ref="oval:com.redhat.rhba:obj:20193416031"/>
 <red-def:state state_ref="oval:com.redhat.rhba:ste:20193416023"/>
</red-def:rpminfo_test>
<red-def:rpminfo_test check="at least one" comment="xml-commons-resolver is signed with Red Hat redhatrelease2 key" id="oval:com.redhat.rhba:tst:20193416062" version="637">
 <red-def:object object_ref="oval:com.redhat.rhba:obj:20193416031"/>
 <red-def:state state_ref="oval:com.redhat.rhba:ste:20191992002"/>
</red-def:rpminfo_test>
<red-def:rpminfo_test check="at least one" comment="xmlstreambuffer is earlier than 0:1.5.4-8.module+el8.1.0+3366+6dfb954c" id="oval:com.redhat.rhba:tst:20193416063" version="637">
 <red-def:object object_ref="oval:com.redhat.rhba:obj:20193416032"/>
 <red-def:state state_ref="oval:com.redhat.rhba:ste:20193416024"/>
</red-def:rpminfo_test>
<red-def:rpminfo_test check="at least one" comment="xmlstreambuffer is signed with Red Hat redhatrelease2 key" id="oval:com.redhat.rhba:tst:20193416064" version="637">
 <red-def:object object_ref="oval:com.redhat.rhba:obj:20193416032"/>
 <red-def:state state_ref="oval:com.redhat.rhba:ste:20191992002"/>
</red-def:rpminfo_test>
<red-def:rpminfo_test check="at least one" comment="xsom is earlier than 0:0-19.20110809svn.module+el8.1.0+3366+6dfb954c" id="oval:com.redhat.rhba:tst:20193416065" version="637">
 <red-def:object object_ref="oval:com.redhat.rhba:obj:20193416033"/>
 <red-def:state state_ref="oval:com.redhat.rhba:ste:20193416025"/>
</red-def:rpminfo_test>
<red-def:rpminfo_test check="at least one" comment="xsom is signed with Red Hat redhatrelease2 key" id="oval:com.redhat.rhba:tst:20193416066" version="637">
 <red-def:object object_ref="oval:com.redhat.rhba:obj:20193416033"/>
 <red-def:state state_ref="oval:com.redhat.rhba:ste:20191992002"/>
</red-def:rpminfo_test>
<ind-def:textfilecontent54_test check="all" comment="Module pki-deps:10.6 is enabled" id="oval:com.redhat.rhba:tst:20193416067" version="637">
 <ind-def:object object_ref="oval:com.redhat.rhba:obj:20193416034"/>
 <ind-def:state state_ref="oval:com.redhat.rhba:ste:20193416026"/>
</ind-def:textfilecontent54_test>
<red-def:rpminfo_test check="at least one" comment="jss is earlier than 0:4.6.0-5.module+el8.1.0+4218+3fd65c36" id="oval:com.redhat.rhba:tst:20193416068" version="637">
 <red-def:object object_ref="oval:com.redhat.rhba:obj:20193416035"/>
 <red-def:state state_ref="oval:com.redhat.rhba:ste:20193416027"/>
</red-def:rpminfo_test>
<red-def:rpminfo_test check="at least one" comment="jss is signed with Red Hat redhatrelease2 key" id="oval:com.redhat.rhba:tst:20193416069" version="637">
 <red-def:object object_ref="oval:com.redhat.rhba:obj:20193416035"/>
 <red-def:state state_ref="oval:com.redhat.rhba:ste:20191992002"/>
</red-def:rpminfo_test>
<red-def:rpminfo_test check="at least one" comment="jss-javadoc is earlier than 0:4.6.0-5.module+el8.1.0+4218+3fd65c36" id="oval:com.redhat.rhba:tst:20193416070" version="637">
 <red-def:object object_ref="oval:com.redhat.rhba:obj:20193416036"/>
 <red-def:state state_ref="oval:com.redhat.rhba:ste:20193416027"/>
</red-def:rpminfo_test>
<red-def:rpminfo_test check="at least one" comment="jss-javadoc is signed with Red Hat redhatrelease2 key" id="oval:com.redhat.rhba:tst:20193416071" version="637">
 <red-def:object object_ref="oval:com.redhat.rhba:obj:20193416036"/>
 <red-def:state state_ref="oval:com.redhat.rhba:ste:20191992002"/>
</red-def:rpminfo_test>
<red-def:rpminfo_test check="at least one" comment="ldapjdk is earlier than 0:4.21.0-1.module+el8.1.0+3370+6d076660" id="oval:com.redhat.rhba:tst:20193416072" version="637">
 <red-def:object object_ref="oval:com.redhat.rhba:obj:20193416037"/>
 <red-def:state state_ref="oval:com.redhat.rhba:ste:20193416028"/>
</red-def:rpminfo_test>
<red-def:rpminfo_test check="at least one" comment="ldapjdk is signed with Red Hat redhatrelease2 key" id="oval:com.redhat.rhba:tst:20193416073" version="637">
 <red-def:object object_ref="oval:com.redhat.rhba:obj:20193416037"/>
 <red-def:state state_ref="oval:com.redhat.rhba:ste:20191992002"/>
</red-def:rpminfo_test>
<red-def:rpminfo_test check="at least one" comment="ldapjdk-javadoc is earlier than 0:4.21.0-1.module+el8.1.0+3370+6d076660" id="oval:com.redhat.rhba:tst:20193416074" version="637">
 <red-def:object object_ref="oval:com.redhat.rhba:obj:20193416038"/>
 <red-def:state state_ref="oval:com.redhat.rhba:ste:20193416028"/>
</red-def:rpminfo_test>
<red-def:rpminfo_test check="at least one" comment="ldapjdk-javadoc is signed with Red Hat redhatrelease2 key" id="oval:com.redhat.rhba:tst:20193416075" version="637">
 <red-def:object object_ref="oval:com.redhat.rhba:obj:20193416038"/>
 <red-def:state state_ref="oval:com.redhat.rhba:ste:20191992002"/>
</red-def:rpminfo_test>
<red-def:rpminfo_test check="at least one" comment="pki-base is earlier than 0:10.7.3-1.module+el8.1.0+3964+500fc130" id="oval:com.redhat.rhba:tst:20193416076" version="637">
 <red-def:object object_ref="oval:com.redhat.rhba:obj:20193416039"/>
 <red-def:state state_ref="oval:com.redhat.rhba:ste:20193416029"/>
</red-def:rpminfo_test>
<red-def:rpminfo_test check="at least one" comment="pki-base is signed with Red Hat redhatrelease2 key" id="oval:com.redhat.rhba:tst:20193416077" version="637">
 <red-def:object object_ref="oval:com.redhat.rhba:obj:20193416039"/>
 <red-def:state state_ref="oval:com.redhat.rhba:ste:20191992002"/>
</red-def:rpminfo_test>
<red-def:rpminfo_test check="at least one" comment="pki-base-java is earlier than 0:10.7.3-1.module+el8.1.0+3964+500fc130" id="oval:com.redhat.rhba:tst:20193416078" version="637">
 <red-def:object object_ref="oval:com.redhat.rhba:obj:20193416040"/>
 <red-def:state state_ref="oval:com.redhat.rhba:ste:20193416029"/>
</red-def:rpminfo_test>
<red-def:rpminfo_test check="at least one" comment="pki-base-java is signed with Red Hat redhatrelease2 key" id="oval:com.redhat.rhba:tst:20193416079" version="637">
 <red-def:object object_ref="oval:com.redhat.rhba:obj:20193416040"/>
 <red-def:state state_ref="oval:com.redhat.rhba:ste:20191992002"/>
</red-def:rpminfo_test>
<red-def:rpminfo_test check="at least one" comment="pki-ca is earlier than 0:10.7.3-1.module+el8.1.0+3964+500fc130" id="oval:com.redhat.rhba:tst:20193416080" version="637">
 <red-def:object object_ref="oval:com.redhat.rhba:obj:20193416041"/>
 <red-def:state state_ref="oval:com.redhat.rhba:ste:20193416029"/>
</red-def:rpminfo_test>
<red-def:rpminfo_test check="at least one" comment="pki-ca is signed with Red Hat redhatrelease2 key" id="oval:com.redhat.rhba:tst:20193416081" version="637">
 <red-def:object object_ref="oval:com.redhat.rhba:obj:20193416041"/>
 <red-def:state state_ref="oval:com.redhat.rhba:ste:20191992002"/>
</red-def:rpminfo_test>
<red-def:rpminfo_test check="at least one" comment="pki-kra is earlier than 0:10.7.3-1.module+el8.1.0+3964+500fc130" id="oval:com.redhat.rhba:tst:20193416082" version="637">
 <red-def:object object_ref="oval:com.redhat.rhba:obj:20193416042"/>
 <red-def:state state_ref="oval:com.redhat.rhba:ste:20193416029"/>
</red-def:rpminfo_test>
<red-def:rpminfo_test check="at least one" comment="pki-kra is signed with Red Hat redhatrelease2 key" id="oval:com.redhat.rhba:tst:20193416083" version="637">
 <red-def:object object_ref="oval:com.redhat.rhba:obj:20193416042"/>
 <red-def:state state_ref="oval:com.redhat.rhba:ste:20191992002"/>
</red-def:rpminfo_test>
<red-def:rpminfo_test check="at least one" comment="pki-server is earlier than 0:10.7.3-1.module+el8.1.0+3964+500fc130" id="oval:com.redhat.rhba:tst:20193416084" version="637">
 <red-def:object object_ref="oval:com.redhat.rhba:obj:20193416043"/>
 <red-def:state state_ref="oval:com.redhat.rhba:ste:20193416029"/>
</red-def:rpminfo_test>
<red-def:rpminfo_test check="at least one" comment="pki-server is signed with Red Hat redhatrelease2 key" id="oval:com.redhat.rhba:tst:20193416085" version="637">
 <red-def:object object_ref="oval:com.redhat.rhba:obj:20193416043"/>
 <red-def:state state_ref="oval:com.redhat.rhba:ste:20191992002"/>
</red-def:rpminfo_test>
<red-def:rpminfo_test check="at least one" comment="pki-symkey is earlier than 0:10.7.3-1.module+el8.1.0+3964+500fc130" id="oval:com.redhat.rhba:tst:20193416086" version="637">
 <red-def:object object_ref="oval:com.redhat.rhba:obj:20193416044"/>
 <red-def:state state_ref="oval:com.redhat.rhba:ste:20193416030"/>
</red-def:rpminfo_test>
<red-def:rpminfo_test check="at least one" comment="pki-symkey is signed with Red Hat redhatrelease2 key" id="oval:com.redhat.rhba:tst:20193416087" version="637">
 <red-def:object object_ref="oval:com.redhat.rhba:obj:20193416044"/>
 <red-def:state state_ref="oval:com.redhat.rhba:ste:20191992002"/>
</red-def:rpminfo_test>
<red-def:rpminfo_test check="at least one" comment="pki-tools is earlier than 0:10.7.3-1.module+el8.1.0+3964+500fc130" id="oval:com.redhat.rhba:tst:20193416088" version="637">
 <red-def:object object_ref="oval:com.redhat.rhba:obj:20193416045"/>
 <red-def:state state_ref="oval:com.redhat.rhba:ste:20193416030"/>
</red-def:rpminfo_test>
<red-def:rpminfo_test check="at least one" comment="pki-tools is signed with Red Hat redhatrelease2 key" id="oval:com.redhat.rhba:tst:20193416089" version="637">
 <red-def:object object_ref="oval:com.redhat.rhba:obj:20193416045"/>
 <red-def:state state_ref="oval:com.redhat.rhba:ste:20191992002"/>
</red-def:rpminfo_test>
<red-def:rpminfo_test check="at least one" comment="python3-pki is earlier than 0:10.7.3-1.module+el8.1.0+3964+500fc130" id="oval:com.redhat.rhba:tst:20193416090" version="637">
 <red-def:object object_ref="oval:com.redhat.rhba:obj:20193416046"/>
 <red-def:state state_ref="oval:com.redhat.rhba:ste:20193416029"/>
</red-def:rpminfo_test>
<red-def:rpminfo_test check="at least one" comment="python3-pki is signed with Red Hat redhatrelease2 key" id="oval:com.redhat.rhba:tst:20193416091" version="637">
 <red-def:object object_ref="oval:com.redhat.rhba:obj:20193416046"/>
 <red-def:state state_ref="oval:com.redhat.rhba:ste:20191992002"/>
</red-def:rpminfo_test>
<red-def:rpminfo_test check="at least one" comment="tomcatjss is earlier than 0:7.4.1-1.module+el8.1.0+3370+6d076660" id="oval:com.redhat.rhba:tst:20193416092" version="637">
 <red-def:object object_ref="oval:com.redhat.rhba:obj:20193416047"/>
 <red-def:state state_ref="oval:com.redhat.rhba:ste:20193416031"/>
</red-def:rpminfo_test>
<red-def:rpminfo_test check="at least one" comment="tomcatjss is signed with Red Hat redhatrelease2 key" id="oval:com.redhat.rhba:tst:20193416093" version="637">
 <red-def:object object_ref="oval:com.redhat.rhba:obj:20193416047"/>
 <red-def:state state_ref="oval:com.redhat.rhba:ste:20191992002"/>
</red-def:rpminfo_test>
<ind-def:textfilecontent54_test check="all" comment="Module pki-core:10.6 is enabled" id="oval:com.redhat.rhba:tst:20193416094" version="637">
 <ind-def:object object_ref="oval:com.redhat.rhba:obj:20193416048"/>
 <ind-def:state state_ref="oval:com.redhat.rhba:ste:20193416026"/>
</ind-def:textfilecontent54_test>
<red-def:rpminfo_test check="at least one" comment="idn2 is earlier than 0:2.2.0-1.el8" id="oval:com.redhat.rhba:tst:20193621001" version="635">
 <red-def:object object_ref="oval:com.redhat.rhba:obj:20193621001"/>
 <red-def:state state_ref="oval:com.redhat.rhba:ste:20193621001"/>
</red-def:rpminfo_test>
<red-def:rpminfo_test check="at least one" comment="idn2 is signed with Red Hat redhatrelease2 key" id="oval:com.redhat.rhba:tst:20193621002" version="635">
 <red-def:object object_ref="oval:com.redhat.rhba:obj:20193621001"/>
 <red-def:state state_ref="oval:com.redhat.rhba:ste:20191992002"/>
</red-def:rpminfo_test>
<red-def:rpminfo_test check="at least one" comment="libidn2 is earlier than 0:2.2.0-1.el8" id="oval:com.redhat.rhba:tst:20193621003" version="635">
 <red-def:object object_ref="oval:com.redhat.rhba:obj:20193621002"/>
 <red-def:state state_ref="oval:com.redhat.rhba:ste:20193621003"/>
</red-def:rpminfo_test>
<red-def:rpminfo_test check="at least one" comment="libidn2 is signed with Red Hat redhatrelease2 key" id="oval:com.redhat.rhba:tst:20193621004" version="635">
 <red-def:object object_ref="oval:com.redhat.rhba:obj:20193621002"/>
 <red-def:state state_ref="oval:com.redhat.rhba:ste:20191992002"/>
</red-def:rpminfo_test>
<red-def:rpminfo_test check="at least one" comment="libidn2-devel is earlier than 0:2.2.0-1.el8" id="oval:com.redhat.rhba:tst:20193621005" version="635">
 <red-def:object object_ref="oval:com.redhat.rhba:obj:20193621003"/>
 <red-def:state state_ref="oval:com.redhat.rhba:ste:20193621003"/>
</red-def:rpminfo_test>
<red-def:rpminfo_test check="at least one" comment="libidn2-devel is signed with Red Hat redhatrelease2 key" id="oval:com.redhat.rhba:tst:20193621006" version="635">
 <red-def:object object_ref="oval:com.redhat.rhba:obj:20193621003"/>
 <red-def:state state_ref="oval:com.redhat.rhba:ste:20191992002"/>
</red-def:rpminfo_test>
<red-def:rpminfo_test check="at least one" comment="openldap is earlier than 0:2.4.46-10.el8" id="oval:com.redhat.rhba:tst:20193674001" version="635">
 <red-def:object object_ref="oval:com.redhat.rhba:obj:20193674001"/>
 <red-def:state state_ref="oval:com.redhat.rhba:ste:20193674001"/>
</red-def:rpminfo_test>
<red-def:rpminfo_test check="at least one" comment="openldap is signed with Red Hat redhatrelease2 key" id="oval:com.redhat.rhba:tst:20193674002" version="635">
 <red-def:object object_ref="oval:com.redhat.rhba:obj:20193674001"/>
 <red-def:state state_ref="oval:com.redhat.rhba:ste:20191992002"/>
</red-def:rpminfo_test>
<red-def:rpminfo_test check="at least one" comment="openldap-clients is earlier than 0:2.4.46-10.el8" id="oval:com.redhat.rhba:tst:20193674003" version="635">
 <red-def:object object_ref="oval:com.redhat.rhba:obj:20193674002"/>
 <red-def:state state_ref="oval:com.redhat.rhba:ste:20193674003"/>
</red-def:rpminfo_test>
<red-def:rpminfo_test check="at least one" comment="openldap-clients is signed with Red Hat redhatrelease2 key" id="oval:com.redhat.rhba:tst:20193674004" version="635">
 <red-def:object object_ref="oval:com.redhat.rhba:obj:20193674002"/>
 <red-def:state state_ref="oval:com.redhat.rhba:ste:20191992002"/>
</red-def:rpminfo_test>
<red-def:rpminfo_test check="at least one" comment="openldap-devel is earlier than 0:2.4.46-10.el8" id="oval:com.redhat.rhba:tst:20193674005" version="635">
 <red-def:object object_ref="oval:com.redhat.rhba:obj:20193674003"/>
 <red-def:state state_ref="oval:com.redhat.rhba:ste:20193674001"/>
</red-def:rpminfo_test>
<red-def:rpminfo_test check="at least one" comment="openldap-devel is signed with Red Hat redhatrelease2 key" id="oval:com.redhat.rhba:tst:20193674006" version="635">
 <red-def:object object_ref="oval:com.redhat.rhba:obj:20193674003"/>
 <red-def:state state_ref="oval:com.redhat.rhba:ste:20191992002"/>
</red-def:rpminfo_test>
<red-def:rpminfo_test check="at least one" comment="bind-dyndb-ldap is earlier than 0:11.1-14.module+el8.1.0+4098+f286395e" id="oval:com.redhat.rhba:tst:20194268001" version="635">
 <red-def:object object_ref="oval:com.redhat.rhba:obj:20194268001"/>
 <red-def:state state_ref="oval:com.redhat.rhba:ste:20194268001"/>
</red-def:rpminfo_test>
<red-def:rpminfo_test check="at least one" comment="bind-dyndb-ldap is signed with Red Hat redhatrelease2 key" id="oval:com.redhat.rhba:tst:20194268002" version="635">
 <red-def:object object_ref="oval:com.redhat.rhba:obj:20194268001"/>
 <red-def:state state_ref="oval:com.redhat.rhba:ste:20191992002"/>
</red-def:rpminfo_test>
<red-def:rpminfo_test check="at least one" comment="custodia is earlier than 0:0.6.0-3.module+el8.1.0+4098+f286395e" id="oval:com.redhat.rhba:tst:20194268003" version="635">
 <red-def:object object_ref="oval:com.redhat.rhba:obj:20194268002"/>
 <red-def:state state_ref="oval:com.redhat.rhba:ste:20194268003"/>
</red-def:rpminfo_test>
<red-def:rpminfo_test check="at least one" comment="custodia is signed with Red Hat redhatrelease2 key" id="oval:com.redhat.rhba:tst:20194268004" version="635">
 <red-def:object object_ref="oval:com.redhat.rhba:obj:20194268002"/>
 <red-def:state state_ref="oval:com.redhat.rhba:ste:20191992002"/>
</red-def:rpminfo_test>
<red-def:rpminfo_test check="at least one" comment="ipa-client is earlier than 0:4.8.0-13.module+el8.1.0+4923+c6efe041" id="oval:com.redhat.rhba:tst:20194268005" version="635">
 <red-def:object object_ref="oval:com.redhat.rhba:obj:20194268003"/>
 <red-def:state state_ref="oval:com.redhat.rhba:ste:20194268004"/>
</red-def:rpminfo_test>
<red-def:rpminfo_test check="at least one" comment="ipa-client is signed with Red Hat redhatrelease2 key" id="oval:com.redhat.rhba:tst:20194268006" version="635">
 <red-def:object object_ref="oval:com.redhat.rhba:obj:20194268003"/>
 <red-def:state state_ref="oval:com.redhat.rhba:ste:20191992002"/>
</red-def:rpminfo_test>
<red-def:rpminfo_test check="at least one" comment="ipa-client-common is earlier than 0:4.8.0-13.module+el8.1.0+4923+c6efe041" id="oval:com.redhat.rhba:tst:20194268007" version="635">
 <red-def:object object_ref="oval:com.redhat.rhba:obj:20194268004"/>
 <red-def:state state_ref="oval:com.redhat.rhba:ste:20194268005"/>
</red-def:rpminfo_test>
<red-def:rpminfo_test check="at least one" comment="ipa-client-common is signed with Red Hat redhatrelease2 key" id="oval:com.redhat.rhba:tst:20194268008" version="635">
 <red-def:object object_ref="oval:com.redhat.rhba:obj:20194268004"/>
 <red-def:state state_ref="oval:com.redhat.rhba:ste:20191992002"/>
</red-def:rpminfo_test>
<red-def:rpminfo_test check="at least one" comment="ipa-client-samba is earlier than 0:4.8.0-13.module+el8.1.0+4923+c6efe041" id="oval:com.redhat.rhba:tst:20194268009" version="635">
 <red-def:object object_ref="oval:com.redhat.rhba:obj:20194268005"/>
 <red-def:state state_ref="oval:com.redhat.rhba:ste:20194268004"/>
</red-def:rpminfo_test>
<red-def:rpminfo_test check="at least one" comment="ipa-client-samba is signed with Red Hat redhatrelease2 key" id="oval:com.redhat.rhba:tst:20194268010" version="635">
 <red-def:object object_ref="oval:com.redhat.rhba:obj:20194268005"/>
 <red-def:state state_ref="oval:com.redhat.rhba:ste:20191992002"/>
</red-def:rpminfo_test>
<red-def:rpminfo_test check="at least one" comment="ipa-common is earlier than 0:4.8.0-13.module+el8.1.0+4923+c6efe041" id="oval:com.redhat.rhba:tst:20194268011" version="635">
 <red-def:object object_ref="oval:com.redhat.rhba:obj:20194268006"/>
 <red-def:state state_ref="oval:com.redhat.rhba:ste:20194268005"/>
</red-def:rpminfo_test>
<red-def:rpminfo_test check="at least one" comment="ipa-common is signed with Red Hat redhatrelease2 key" id="oval:com.redhat.rhba:tst:20194268012" version="635">
 <red-def:object object_ref="oval:com.redhat.rhba:obj:20194268006"/>
 <red-def:state state_ref="oval:com.redhat.rhba:ste:20191992002"/>
</red-def:rpminfo_test>
<red-def:rpminfo_test check="at least one" comment="ipa-healthcheck is earlier than 0:0.3-4.module+el8.1.0+4098+f286395e" id="oval:com.redhat.rhba:tst:20194268013" version="635">
 <red-def:object object_ref="oval:com.redhat.rhba:obj:20194268007"/>
 <red-def:state state_ref="oval:com.redhat.rhba:ste:20194268006"/>
</red-def:rpminfo_test>
<red-def:rpminfo_test check="at least one" comment="ipa-healthcheck is signed with Red Hat redhatrelease2 key" id="oval:com.redhat.rhba:tst:20194268014" version="635">
 <red-def:object object_ref="oval:com.redhat.rhba:obj:20194268007"/>
 <red-def:state state_ref="oval:com.redhat.rhba:ste:20191992002"/>
</red-def:rpminfo_test>
<red-def:rpminfo_test check="at least one" comment="ipa-idoverride-memberof-plugin is earlier than 0:0.0.4-6.module+el8.1.0+4098+f286395e" id="oval:com.redhat.rhba:tst:20194268015" version="635">
 <red-def:object object_ref="oval:com.redhat.rhba:obj:20194268008"/>
 <red-def:state state_ref="oval:com.redhat.rhba:ste:20194268007"/>
</red-def:rpminfo_test>
<red-def:rpminfo_test check="at least one" comment="ipa-idoverride-memberof-plugin is signed with Red Hat redhatrelease2 key" id="oval:com.redhat.rhba:tst:20194268016" version="635">
 <red-def:object object_ref="oval:com.redhat.rhba:obj:20194268008"/>
 <red-def:state state_ref="oval:com.redhat.rhba:ste:20191992002"/>
</red-def:rpminfo_test>
<red-def:rpminfo_test check="at least one" comment="ipa-python-compat is earlier than 0:4.8.0-13.module+el8.1.0+4923+c6efe041" id="oval:com.redhat.rhba:tst:20194268017" version="635">
 <red-def:object object_ref="oval:com.redhat.rhba:obj:20194268009"/>
 <red-def:state state_ref="oval:com.redhat.rhba:ste:20194268005"/>
</red-def:rpminfo_test>
<red-def:rpminfo_test check="at least one" comment="ipa-python-compat is signed with Red Hat redhatrelease2 key" id="oval:com.redhat.rhba:tst:20194268018" version="635">
 <red-def:object object_ref="oval:com.redhat.rhba:obj:20194268009"/>
 <red-def:state state_ref="oval:com.redhat.rhba:ste:20191992002"/>
</red-def:rpminfo_test>
<red-def:rpminfo_test check="at least one" comment="ipa-server is earlier than 0:4.8.0-13.module+el8.1.0+4923+c6efe041" id="oval:com.redhat.rhba:tst:20194268019" version="635">
 <red-def:object object_ref="oval:com.redhat.rhba:obj:20194268010"/>
 <red-def:state state_ref="oval:com.redhat.rhba:ste:20194268004"/>
</red-def:rpminfo_test>
<red-def:rpminfo_test check="at least one" comment="ipa-server is signed with Red Hat redhatrelease2 key" id="oval:com.redhat.rhba:tst:20194268020" version="635">
 <red-def:object object_ref="oval:com.redhat.rhba:obj:20194268010"/>
 <red-def:state state_ref="oval:com.redhat.rhba:ste:20191992002"/>
</red-def:rpminfo_test>
<red-def:rpminfo_test check="at least one" comment="ipa-server-common is earlier than 0:4.8.0-13.module+el8.1.0+4923+c6efe041" id="oval:com.redhat.rhba:tst:20194268021" version="635">
 <red-def:object object_ref="oval:com.redhat.rhba:obj:20194268011"/>
 <red-def:state state_ref="oval:com.redhat.rhba:ste:20194268005"/>
</red-def:rpminfo_test>
<red-def:rpminfo_test check="at least one" comment="ipa-server-common is signed with Red Hat redhatrelease2 key" id="oval:com.redhat.rhba:tst:20194268022" version="635">
 <red-def:object object_ref="oval:com.redhat.rhba:obj:20194268011"/>
 <red-def:state state_ref="oval:com.redhat.rhba:ste:20191992002"/>
</red-def:rpminfo_test>
<red-def:rpminfo_test check="at least one" comment="ipa-server-dns is earlier than 0:4.8.0-13.module+el8.1.0+4923+c6efe041" id="oval:com.redhat.rhba:tst:20194268023" version="635">
 <red-def:object object_ref="oval:com.redhat.rhba:obj:20194268012"/>
 <red-def:state state_ref="oval:com.redhat.rhba:ste:20194268005"/>
</red-def:rpminfo_test>
<red-def:rpminfo_test check="at least one" comment="ipa-server-dns is signed with Red Hat redhatrelease2 key" id="oval:com.redhat.rhba:tst:20194268024" version="635">
 <red-def:object object_ref="oval:com.redhat.rhba:obj:20194268012"/>
 <red-def:state state_ref="oval:com.redhat.rhba:ste:20191992002"/>
</red-def:rpminfo_test>
<red-def:rpminfo_test check="at least one" comment="ipa-server-trust-ad is earlier than 0:4.8.0-13.module+el8.1.0+4923+c6efe041" id="oval:com.redhat.rhba:tst:20194268025" version="635">
 <red-def:object object_ref="oval:com.redhat.rhba:obj:20194268013"/>
 <red-def:state state_ref="oval:com.redhat.rhba:ste:20194268004"/>
</red-def:rpminfo_test>
<red-def:rpminfo_test check="at least one" comment="ipa-server-trust-ad is signed with Red Hat redhatrelease2 key" id="oval:com.redhat.rhba:tst:20194268026" version="635">
 <red-def:object object_ref="oval:com.redhat.rhba:obj:20194268013"/>
 <red-def:state state_ref="oval:com.redhat.rhba:ste:20191992002"/>
</red-def:rpminfo_test>
<red-def:rpminfo_test check="at least one" comment="opendnssec is earlier than 0:1.4.14-1.module+el8.1.0+4098+f286395e" id="oval:com.redhat.rhba:tst:20194268027" version="635">
 <red-def:object object_ref="oval:com.redhat.rhba:obj:20194268014"/>
 <red-def:state state_ref="oval:com.redhat.rhba:ste:20194268008"/>
</red-def:rpminfo_test>
<red-def:rpminfo_test check="at least one" comment="opendnssec is signed with Red Hat redhatrelease2 key" id="oval:com.redhat.rhba:tst:20194268028" version="635">
 <red-def:object object_ref="oval:com.redhat.rhba:obj:20194268014"/>
 <red-def:state state_ref="oval:com.redhat.rhba:ste:20191992002"/>
</red-def:rpminfo_test>
<red-def:rpminfo_test check="at least one" comment="python3-custodia is earlier than 0:0.6.0-3.module+el8.1.0+4098+f286395e" id="oval:com.redhat.rhba:tst:20194268029" version="635">
 <red-def:object object_ref="oval:com.redhat.rhba:obj:20194268015"/>
 <red-def:state state_ref="oval:com.redhat.rhba:ste:20194268003"/>
</red-def:rpminfo_test>
<red-def:rpminfo_test check="at least one" comment="python3-custodia is signed with Red Hat redhatrelease2 key" id="oval:com.redhat.rhba:tst:20194268030" version="635">
 <red-def:object object_ref="oval:com.redhat.rhba:obj:20194268015"/>
 <red-def:state state_ref="oval:com.redhat.rhba:ste:20191992002"/>
</red-def:rpminfo_test>
<red-def:rpminfo_test check="at least one" comment="python3-ipaclient is earlier than 0:4.8.0-13.module+el8.1.0+4923+c6efe041" id="oval:com.redhat.rhba:tst:20194268031" version="635">
 <red-def:object object_ref="oval:com.redhat.rhba:obj:20194268016"/>
 <red-def:state state_ref="oval:com.redhat.rhba:ste:20194268005"/>
</red-def:rpminfo_test>
<red-def:rpminfo_test check="at least one" comment="python3-ipaclient is signed with Red Hat redhatrelease2 key" id="oval:com.redhat.rhba:tst:20194268032" version="635">
 <red-def:object object_ref="oval:com.redhat.rhba:obj:20194268016"/>
 <red-def:state state_ref="oval:com.redhat.rhba:ste:20191992002"/>
</red-def:rpminfo_test>
<red-def:rpminfo_test check="at least one" comment="python3-ipalib is earlier than 0:4.8.0-13.module+el8.1.0+4923+c6efe041" id="oval:com.redhat.rhba:tst:20194268033" version="635">
 <red-def:object object_ref="oval:com.redhat.rhba:obj:20194268017"/>
 <red-def:state state_ref="oval:com.redhat.rhba:ste:20194268005"/>
</red-def:rpminfo_test>
<red-def:rpminfo_test check="at least one" comment="python3-ipalib is signed with Red Hat redhatrelease2 key" id="oval:com.redhat.rhba:tst:20194268034" version="635">
 <red-def:object object_ref="oval:com.redhat.rhba:obj:20194268017"/>
 <red-def:state state_ref="oval:com.redhat.rhba:ste:20191992002"/>
</red-def:rpminfo_test>
<red-def:rpminfo_test check="at least one" comment="python3-ipaserver is earlier than 0:4.8.0-13.module+el8.1.0+4923+c6efe041" id="oval:com.redhat.rhba:tst:20194268035" version="635">
 <red-def:object object_ref="oval:com.redhat.rhba:obj:20194268018"/>
 <red-def:state state_ref="oval:com.redhat.rhba:ste:20194268005"/>
</red-def:rpminfo_test>
<red-def:rpminfo_test check="at least one" comment="python3-ipaserver is signed with Red Hat redhatrelease2 key" id="oval:com.redhat.rhba:tst:20194268036" version="635">
 <red-def:object object_ref="oval:com.redhat.rhba:obj:20194268018"/>
 <red-def:state state_ref="oval:com.redhat.rhba:ste:20191992002"/>
</red-def:rpminfo_test>
<red-def:rpminfo_test check="at least one" comment="python3-jwcrypto is earlier than 0:0.5.0-1.module+el8.1.0+4098+f286395e" id="oval:com.redhat.rhba:tst:20194268037" version="635">
 <red-def:object object_ref="oval:com.redhat.rhba:obj:20194268019"/>
 <red-def:state state_ref="oval:com.redhat.rhba:ste:20194268009"/>
</red-def:rpminfo_test>
<red-def:rpminfo_test check="at least one" comment="python3-jwcrypto is signed with Red Hat redhatrelease2 key" id="oval:com.redhat.rhba:tst:20194268038" version="635">
 <red-def:object object_ref="oval:com.redhat.rhba:obj:20194268019"/>
 <red-def:state state_ref="oval:com.redhat.rhba:ste:20191992002"/>
</red-def:rpminfo_test>
<red-def:rpminfo_test check="at least one" comment="python3-kdcproxy is earlier than 0:0.4-3.module+el8.1.0+4098+f286395e" id="oval:com.redhat.rhba:tst:20194268039" version="635">
 <red-def:object object_ref="oval:com.redhat.rhba:obj:20194268020"/>
 <red-def:state state_ref="oval:com.redhat.rhba:ste:20194268010"/>
</red-def:rpminfo_test>
<red-def:rpminfo_test check="at least one" comment="python3-kdcproxy is signed with Red Hat redhatrelease2 key" id="oval:com.redhat.rhba:tst:20194268040" version="635">
 <red-def:object object_ref="oval:com.redhat.rhba:obj:20194268020"/>
 <red-def:state state_ref="oval:com.redhat.rhba:ste:20191992002"/>
</red-def:rpminfo_test>
<red-def:rpminfo_test check="at least one" comment="python3-pyusb is earlier than 0:1.0.0-9.module+el8.1.0+4098+f286395e" id="oval:com.redhat.rhba:tst:20194268041" version="635">
 <red-def:object object_ref="oval:com.redhat.rhba:obj:20194268021"/>
 <red-def:state state_ref="oval:com.redhat.rhba:ste:20194268011"/>
</red-def:rpminfo_test>
<red-def:rpminfo_test check="at least one" comment="python3-pyusb is signed with Red Hat redhatrelease2 key" id="oval:com.redhat.rhba:tst:20194268042" version="635">
 <red-def:object object_ref="oval:com.redhat.rhba:obj:20194268021"/>
 <red-def:state state_ref="oval:com.redhat.rhba:ste:20191992002"/>
</red-def:rpminfo_test>
<red-def:rpminfo_test check="at least one" comment="python3-qrcode is earlier than 0:5.1-12.module+el8.1.0+4098+f286395e" id="oval:com.redhat.rhba:tst:20194268043" version="635">
 <red-def:object object_ref="oval:com.redhat.rhba:obj:20194268022"/>
 <red-def:state state_ref="oval:com.redhat.rhba:ste:20194268012"/>
</red-def:rpminfo_test>
<red-def:rpminfo_test check="at least one" comment="python3-qrcode is signed with Red Hat redhatrelease2 key" id="oval:com.redhat.rhba:tst:20194268044" version="635">
 <red-def:object object_ref="oval:com.redhat.rhba:obj:20194268022"/>
 <red-def:state state_ref="oval:com.redhat.rhba:ste:20191992002"/>
</red-def:rpminfo_test>
<red-def:rpminfo_test check="at least one" comment="python3-qrcode-core is earlier than 0:5.1-12.module+el8.1.0+4098+f286395e" id="oval:com.redhat.rhba:tst:20194268045" version="635">
 <red-def:object object_ref="oval:com.redhat.rhba:obj:20194268023"/>
 <red-def:state state_ref="oval:com.redhat.rhba:ste:20194268012"/>
</red-def:rpminfo_test>
<red-def:rpminfo_test check="at least one" comment="python3-qrcode-core is signed with Red Hat redhatrelease2 key" id="oval:com.redhat.rhba:tst:20194268046" version="635">
 <red-def:object object_ref="oval:com.redhat.rhba:obj:20194268023"/>
 <red-def:state state_ref="oval:com.redhat.rhba:ste:20191992002"/>
</red-def:rpminfo_test>
<red-def:rpminfo_test check="at least one" comment="python3-yubico is earlier than 0:1.3.2-9.module+el8.1.0+4098+f286395e" id="oval:com.redhat.rhba:tst:20194268047" version="635">
 <red-def:object object_ref="oval:com.redhat.rhba:obj:20194268024"/>
 <red-def:state state_ref="oval:com.redhat.rhba:ste:20194268013"/>
</red-def:rpminfo_test>
<red-def:rpminfo_test check="at least one" comment="python3-yubico is signed with Red Hat redhatrelease2 key" id="oval:com.redhat.rhba:tst:20194268048" version="635">
 <red-def:object object_ref="oval:com.redhat.rhba:obj:20194268024"/>
 <red-def:state state_ref="oval:com.redhat.rhba:ste:20191992002"/>
</red-def:rpminfo_test>
<red-def:rpminfo_test check="at least one" comment="slapi-nis is earlier than 0:0.56.3-2.module+el8.1.0+4098+f286395e" id="oval:com.redhat.rhba:tst:20194268049" version="635">
 <red-def:object object_ref="oval:com.redhat.rhba:obj:20194268025"/>
 <red-def:state state_ref="oval:com.redhat.rhba:ste:20194268014"/>
</red-def:rpminfo_test>
<red-def:rpminfo_test check="at least one" comment="slapi-nis is signed with Red Hat redhatrelease2 key" id="oval:com.redhat.rhba:tst:20194268050" version="635">
 <red-def:object object_ref="oval:com.redhat.rhba:obj:20194268025"/>
 <red-def:state state_ref="oval:com.redhat.rhba:ste:20191992002"/>
</red-def:rpminfo_test>
<red-def:rpminfo_test check="at least one" comment="softhsm is earlier than 0:2.4.0-2.module+el8.1.0+4098+f286395e" id="oval:com.redhat.rhba:tst:20194268051" version="635">
 <red-def:object object_ref="oval:com.redhat.rhba:obj:20194268026"/>
 <red-def:state state_ref="oval:com.redhat.rhba:ste:20194268015"/>
</red-def:rpminfo_test>
<red-def:rpminfo_test check="at least one" comment="softhsm is signed with Red Hat redhatrelease2 key" id="oval:com.redhat.rhba:tst:20194268052" version="635">
 <red-def:object object_ref="oval:com.redhat.rhba:obj:20194268026"/>
 <red-def:state state_ref="oval:com.redhat.rhba:ste:20191992002"/>
</red-def:rpminfo_test>
<red-def:rpminfo_test check="at least one" comment="softhsm-devel is earlier than 0:2.4.0-2.module+el8.1.0+4098+f286395e" id="oval:com.redhat.rhba:tst:20194268053" version="635">
 <red-def:object object_ref="oval:com.redhat.rhba:obj:20194268027"/>
 <red-def:state state_ref="oval:com.redhat.rhba:ste:20194268015"/>
</red-def:rpminfo_test>
<red-def:rpminfo_test check="at least one" comment="softhsm-devel is signed with Red Hat redhatrelease2 key" id="oval:com.redhat.rhba:tst:20194268054" version="635">
 <red-def:object object_ref="oval:com.redhat.rhba:obj:20194268027"/>
 <red-def:state state_ref="oval:com.redhat.rhba:ste:20191992002"/>
</red-def:rpminfo_test>
<ind-def:textfilecontent54_test check="all" comment="Module idm:DL1 is enabled" id="oval:com.redhat.rhba:tst:20194268055" version="635">
 <ind-def:object object_ref="oval:com.redhat.rhba:obj:20194268028"/>
 <ind-def:state state_ref="oval:com.redhat.rhba:ste:20194268016"/>
</ind-def:textfilecontent54_test>
<red-def:rpminfo_test check="at least one" comment="net-snmp is earlier than 1:5.8-12.el8_1.1" id="oval:com.redhat.rhba:tst:20201376001" version="636">
 <red-def:object object_ref="oval:com.redhat.rhba:obj:20201376001"/>
 <red-def:state state_ref="oval:com.redhat.rhba:ste:20201376001"/>
</red-def:rpminfo_test>
<red-def:rpminfo_test check="at least one" comment="net-snmp is signed with Red Hat redhatrelease2 key" id="oval:com.redhat.rhba:tst:20201376002" version="636">
 <red-def:object object_ref="oval:com.redhat.rhba:obj:20201376001"/>
 <red-def:state state_ref="oval:com.redhat.rhba:ste:20191992002"/>
</red-def:rpminfo_test>
<red-def:rpminfo_test check="at least one" comment="net-snmp-agent-libs is earlier than 1:5.8-12.el8_1.1" id="oval:com.redhat.rhba:tst:20201376003" version="636">
 <red-def:object object_ref="oval:com.redhat.rhba:obj:20201376002"/>
 <red-def:state state_ref="oval:com.redhat.rhba:ste:20201376003"/>
</red-def:rpminfo_test>
<red-def:rpminfo_test check="at least one" comment="net-snmp-agent-libs is signed with Red Hat redhatrelease2 key" id="oval:com.redhat.rhba:tst:20201376004" version="636">
 <red-def:object object_ref="oval:com.redhat.rhba:obj:20201376002"/>
 <red-def:state state_ref="oval:com.redhat.rhba:ste:20191992002"/>
</red-def:rpminfo_test>
<red-def:rpminfo_test check="at least one" comment="net-snmp-devel is earlier than 1:5.8-12.el8_1.1" id="oval:com.redhat.rhba:tst:20201376005" version="636">
 <red-def:object object_ref="oval:com.redhat.rhba:obj:20201376003"/>
 <red-def:state state_ref="oval:com.redhat.rhba:ste:20201376003"/>
</red-def:rpminfo_test>
<red-def:rpminfo_test check="at least one" comment="net-snmp-devel is signed with Red Hat redhatrelease2 key" id="oval:com.redhat.rhba:tst:20201376006" version="636">
 <red-def:object object_ref="oval:com.redhat.rhba:obj:20201376003"/>
 <red-def:state state_ref="oval:com.redhat.rhba:ste:20191992002"/>
</red-def:rpminfo_test>
<red-def:rpminfo_test check="at least one" comment="net-snmp-libs is earlier than 1:5.8-12.el8_1.1" id="oval:com.redhat.rhba:tst:20201376007" version="636">
 <red-def:object object_ref="oval:com.redhat.rhba:obj:20201376004"/>
 <red-def:state state_ref="oval:com.redhat.rhba:ste:20201376003"/>
</red-def:rpminfo_test>
<red-def:rpminfo_test check="at least one" comment="net-snmp-libs is signed with Red Hat redhatrelease2 key" id="oval:com.redhat.rhba:tst:20201376008" version="636">
 <red-def:object object_ref="oval:com.redhat.rhba:obj:20201376004"/>
 <red-def:state state_ref="oval:com.redhat.rhba:ste:20191992002"/>
</red-def:rpminfo_test>
<red-def:rpminfo_test check="at least one" comment="net-snmp-utils is earlier than 1:5.8-12.el8_1.1" id="oval:com.redhat.rhba:tst:20201376009" version="636">
 <red-def:object object_ref="oval:com.redhat.rhba:obj:20201376005"/>
 <red-def:state state_ref="oval:com.redhat.rhba:ste:20201376001"/>
</red-def:rpminfo_test>
<red-def:rpminfo_test check="at least one" comment="net-snmp-utils is signed with Red Hat redhatrelease2 key" id="oval:com.redhat.rhba:tst:20201376010" version="636">
 <red-def:object object_ref="oval:com.redhat.rhba:obj:20201376005"/>
 <red-def:state state_ref="oval:com.redhat.rhba:ste:20191992002"/>
</red-def:rpminfo_test>
<red-def:rpminfo_test check="at least one" comment="pcp is earlier than 0:5.0.2-5.el8" id="oval:com.redhat.rhba:tst:20201628001" version="636">
 <red-def:object object_ref="oval:com.redhat.rhba:obj:20201628001"/>
 <red-def:state state_ref="oval:com.redhat.rhba:ste:20201628001"/>
</red-def:rpminfo_test>
<red-def:rpminfo_test check="at least one" comment="pcp is signed with Red Hat redhatrelease2 key" id="oval:com.redhat.rhba:tst:20201628002" version="636">
 <red-def:object object_ref="oval:com.redhat.rhba:obj:20201628001"/>
 <red-def:state state_ref="oval:com.redhat.rhba:ste:20191992002"/>
</red-def:rpminfo_test>
<red-def:rpminfo_test check="at least one" comment="pcp-conf is earlier than 0:5.0.2-5.el8" id="oval:com.redhat.rhba:tst:20201628003" version="636">
 <red-def:object object_ref="oval:com.redhat.rhba:obj:20201628002"/>
 <red-def:state state_ref="oval:com.redhat.rhba:ste:20201628001"/>
</red-def:rpminfo_test>
<red-def:rpminfo_test check="at least one" comment="pcp-conf is signed with Red Hat redhatrelease2 key" id="oval:com.redhat.rhba:tst:20201628004" version="636">
 <red-def:object object_ref="oval:com.redhat.rhba:obj:20201628002"/>
 <red-def:state state_ref="oval:com.redhat.rhba:ste:20191992002"/>
</red-def:rpminfo_test>
<red-def:rpminfo_test check="at least one" comment="pcp-devel is earlier than 0:5.0.2-5.el8" id="oval:com.redhat.rhba:tst:20201628005" version="636">
 <red-def:object object_ref="oval:com.redhat.rhba:obj:20201628003"/>
 <red-def:state state_ref="oval:com.redhat.rhba:ste:20201628003"/>
</red-def:rpminfo_test>
<red-def:rpminfo_test check="at least one" comment="pcp-devel is signed with Red Hat redhatrelease2 key" id="oval:com.redhat.rhba:tst:20201628006" version="636">
 <red-def:object object_ref="oval:com.redhat.rhba:obj:20201628003"/>
 <red-def:state state_ref="oval:com.redhat.rhba:ste:20191992002"/>
</red-def:rpminfo_test>
<red-def:rpminfo_test check="at least one" comment="pcp-doc is earlier than 0:5.0.2-5.el8" id="oval:com.redhat.rhba:tst:20201628007" version="636">
 <red-def:object object_ref="oval:com.redhat.rhba:obj:20201628004"/>
 <red-def:state state_ref="oval:com.redhat.rhba:ste:20201628004"/>
</red-def:rpminfo_test>
<red-def:rpminfo_test check="at least one" comment="pcp-doc is signed with Red Hat redhatrelease2 key" id="oval:com.redhat.rhba:tst:20201628008" version="636">
 <red-def:object object_ref="oval:com.redhat.rhba:obj:20201628004"/>
 <red-def:state state_ref="oval:com.redhat.rhba:ste:20191992002"/>
</red-def:rpminfo_test>
<red-def:rpminfo_test check="at least one" comment="pcp-export-pcp2elasticsearch is earlier than 0:5.0.2-5.el8" id="oval:com.redhat.rhba:tst:20201628009" version="636">
 <red-def:object object_ref="oval:com.redhat.rhba:obj:20201628005"/>
 <red-def:state state_ref="oval:com.redhat.rhba:ste:20201628001"/>
</red-def:rpminfo_test>
<red-def:rpminfo_test check="at least one" comment="pcp-export-pcp2elasticsearch is signed with Red Hat redhatrelease2 key" id="oval:com.redhat.rhba:tst:20201628010" version="636">
 <red-def:object object_ref="oval:com.redhat.rhba:obj:20201628005"/>
 <red-def:state state_ref="oval:com.redhat.rhba:ste:20191992002"/>
</red-def:rpminfo_test>
<red-def:rpminfo_test check="at least one" comment="pcp-export-pcp2graphite is earlier than 0:5.0.2-5.el8" id="oval:com.redhat.rhba:tst:20201628011" version="636">
 <red-def:object object_ref="oval:com.redhat.rhba:obj:20201628006"/>
 <red-def:state state_ref="oval:com.redhat.rhba:ste:20201628001"/>
</red-def:rpminfo_test>
<red-def:rpminfo_test check="at least one" comment="pcp-export-pcp2graphite is signed with Red Hat redhatrelease2 key" id="oval:com.redhat.rhba:tst:20201628012" version="636">
 <red-def:object object_ref="oval:com.redhat.rhba:obj:20201628006"/>
 <red-def:state state_ref="oval:com.redhat.rhba:ste:20191992002"/>
</red-def:rpminfo_test>
<red-def:rpminfo_test check="at least one" comment="pcp-export-pcp2influxdb is earlier than 0:5.0.2-5.el8" id="oval:com.redhat.rhba:tst:20201628013" version="636">
 <red-def:object object_ref="oval:com.redhat.rhba:obj:20201628007"/>
 <red-def:state state_ref="oval:com.redhat.rhba:ste:20201628001"/>
</red-def:rpminfo_test>
<red-def:rpminfo_test check="at least one" comment="pcp-export-pcp2influxdb is signed with Red Hat redhatrelease2 key" id="oval:com.redhat.rhba:tst:20201628014" version="636">
 <red-def:object object_ref="oval:com.redhat.rhba:obj:20201628007"/>
 <red-def:state state_ref="oval:com.redhat.rhba:ste:20191992002"/>
</red-def:rpminfo_test>
<red-def:rpminfo_test check="at least one" comment="pcp-export-pcp2json is earlier than 0:5.0.2-5.el8" id="oval:com.redhat.rhba:tst:20201628015" version="636">
 <red-def:object object_ref="oval:com.redhat.rhba:obj:20201628008"/>
 <red-def:state state_ref="oval:com.redhat.rhba:ste:20201628001"/>
</red-def:rpminfo_test>
<red-def:rpminfo_test check="at least one" comment="pcp-export-pcp2json is signed with Red Hat redhatrelease2 key" id="oval:com.redhat.rhba:tst:20201628016" version="636">
 <red-def:object object_ref="oval:com.redhat.rhba:obj:20201628008"/>
 <red-def:state state_ref="oval:com.redhat.rhba:ste:20191992002"/>
</red-def:rpminfo_test>
<red-def:rpminfo_test check="at least one" comment="pcp-export-pcp2spark is earlier than 0:5.0.2-5.el8" id="oval:com.redhat.rhba:tst:20201628017" version="636">
 <red-def:object object_ref="oval:com.redhat.rhba:obj:20201628009"/>
 <red-def:state state_ref="oval:com.redhat.rhba:ste:20201628001"/>
</red-def:rpminfo_test>
<red-def:rpminfo_test check="at least one" comment="pcp-export-pcp2spark is signed with Red Hat redhatrelease2 key" id="oval:com.redhat.rhba:tst:20201628018" version="636">
 <red-def:object object_ref="oval:com.redhat.rhba:obj:20201628009"/>
 <red-def:state state_ref="oval:com.redhat.rhba:ste:20191992002"/>
</red-def:rpminfo_test>
<red-def:rpminfo_test check="at least one" comment="pcp-export-pcp2xml is earlier than 0:5.0.2-5.el8" id="oval:com.redhat.rhba:tst:20201628019" version="636">
 <red-def:object object_ref="oval:com.redhat.rhba:obj:20201628010"/>
 <red-def:state state_ref="oval:com.redhat.rhba:ste:20201628001"/>
</red-def:rpminfo_test>
<red-def:rpminfo_test check="at least one" comment="pcp-export-pcp2xml is signed with Red Hat redhatrelease2 key" id="oval:com.redhat.rhba:tst:20201628020" version="636">
 <red-def:object object_ref="oval:com.redhat.rhba:obj:20201628010"/>
 <red-def:state state_ref="oval:com.redhat.rhba:ste:20191992002"/>
</red-def:rpminfo_test>
<red-def:rpminfo_test check="at least one" comment="pcp-export-pcp2zabbix is earlier than 0:5.0.2-5.el8" id="oval:com.redhat.rhba:tst:20201628021" version="636">
 <red-def:object object_ref="oval:com.redhat.rhba:obj:20201628011"/>
 <red-def:state state_ref="oval:com.redhat.rhba:ste:20201628001"/>
</red-def:rpminfo_test>
<red-def:rpminfo_test check="at least one" comment="pcp-export-pcp2zabbix is signed with Red Hat redhatrelease2 key" id="oval:com.redhat.rhba:tst:20201628022" version="636">
 <red-def:object object_ref="oval:com.redhat.rhba:obj:20201628011"/>
 <red-def:state state_ref="oval:com.redhat.rhba:ste:20191992002"/>
</red-def:rpminfo_test>
<red-def:rpminfo_test check="at least one" comment="pcp-export-zabbix-agent is earlier than 0:5.0.2-5.el8" id="oval:com.redhat.rhba:tst:20201628023" version="636">
 <red-def:object object_ref="oval:com.redhat.rhba:obj:20201628012"/>
 <red-def:state state_ref="oval:com.redhat.rhba:ste:20201628001"/>
</red-def:rpminfo_test>
<red-def:rpminfo_test check="at least one" comment="pcp-export-zabbix-agent is signed with Red Hat redhatrelease2 key" id="oval:com.redhat.rhba:tst:20201628024" version="636">
 <red-def:object object_ref="oval:com.redhat.rhba:obj:20201628012"/>
 <red-def:state state_ref="oval:com.redhat.rhba:ste:20191992002"/>
</red-def:rpminfo_test>
<red-def:rpminfo_test check="at least one" comment="pcp-gui is earlier than 0:5.0.2-5.el8" id="oval:com.redhat.rhba:tst:20201628025" version="636">
 <red-def:object object_ref="oval:com.redhat.rhba:obj:20201628013"/>
 <red-def:state state_ref="oval:com.redhat.rhba:ste:20201628001"/>
</red-def:rpminfo_test>
<red-def:rpminfo_test check="at least one" comment="pcp-gui is signed with Red Hat redhatrelease2 key" id="oval:com.redhat.rhba:tst:20201628026" version="636">
 <red-def:object object_ref="oval:com.redhat.rhba:obj:20201628013"/>
 <red-def:state state_ref="oval:com.redhat.rhba:ste:20191992002"/>
</red-def:rpminfo_test>
<red-def:rpminfo_test check="at least one" comment="pcp-import-collectl2pcp is earlier than 0:5.0.2-5.el8" id="oval:com.redhat.rhba:tst:20201628027" version="636">
 <red-def:object object_ref="oval:com.redhat.rhba:obj:20201628014"/>
 <red-def:state state_ref="oval:com.redhat.rhba:ste:20201628001"/>
</red-def:rpminfo_test>
<red-def:rpminfo_test check="at least one" comment="pcp-import-collectl2pcp is signed with Red Hat redhatrelease2 key" id="oval:com.redhat.rhba:tst:20201628028" version="636">
 <red-def:object object_ref="oval:com.redhat.rhba:obj:20201628014"/>
 <red-def:state state_ref="oval:com.redhat.rhba:ste:20191992002"/>
</red-def:rpminfo_test>
<red-def:rpminfo_test check="at least one" comment="pcp-import-ganglia2pcp is earlier than 0:5.0.2-5.el8" id="oval:com.redhat.rhba:tst:20201628029" version="636">
 <red-def:object object_ref="oval:com.redhat.rhba:obj:20201628015"/>
 <red-def:state state_ref="oval:com.redhat.rhba:ste:20201628001"/>
</red-def:rpminfo_test>
<red-def:rpminfo_test check="at least one" comment="pcp-import-ganglia2pcp is signed with Red Hat redhatrelease2 key" id="oval:com.redhat.rhba:tst:20201628030" version="636">
 <red-def:object object_ref="oval:com.redhat.rhba:obj:20201628015"/>
 <red-def:state state_ref="oval:com.redhat.rhba:ste:20191992002"/>
</red-def:rpminfo_test>
<red-def:rpminfo_test check="at least one" comment="pcp-import-iostat2pcp is earlier than 0:5.0.2-5.el8" id="oval:com.redhat.rhba:tst:20201628031" version="636">
 <red-def:object object_ref="oval:com.redhat.rhba:obj:20201628016"/>
 <red-def:state state_ref="oval:com.redhat.rhba:ste:20201628001"/>
</red-def:rpminfo_test>
<red-def:rpminfo_test check="at least one" comment="pcp-import-iostat2pcp is signed with Red Hat redhatrelease2 key" id="oval:com.redhat.rhba:tst:20201628032" version="636">
 <red-def:object object_ref="oval:com.redhat.rhba:obj:20201628016"/>
 <red-def:state state_ref="oval:com.redhat.rhba:ste:20191992002"/>
</red-def:rpminfo_test>
<red-def:rpminfo_test check="at least one" comment="pcp-import-mrtg2pcp is earlier than 0:5.0.2-5.el8" id="oval:com.redhat.rhba:tst:20201628033" version="636">
 <red-def:object object_ref="oval:com.redhat.rhba:obj:20201628017"/>
 <red-def:state state_ref="oval:com.redhat.rhba:ste:20201628001"/>
</red-def:rpminfo_test>
<red-def:rpminfo_test check="at least one" comment="pcp-import-mrtg2pcp is signed with Red Hat redhatrelease2 key" id="oval:com.redhat.rhba:tst:20201628034" version="636">
 <red-def:object object_ref="oval:com.redhat.rhba:obj:20201628017"/>
 <red-def:state state_ref="oval:com.redhat.rhba:ste:20191992002"/>
</red-def:rpminfo_test>
<red-def:rpminfo_test check="at least one" comment="pcp-import-sar2pcp is earlier than 0:5.0.2-5.el8" id="oval:com.redhat.rhba:tst:20201628035" version="636">
 <red-def:object object_ref="oval:com.redhat.rhba:obj:20201628018"/>
 <red-def:state state_ref="oval:com.redhat.rhba:ste:20201628001"/>
</red-def:rpminfo_test>
<red-def:rpminfo_test check="at least one" comment="pcp-import-sar2pcp is signed with Red Hat redhatrelease2 key" id="oval:com.redhat.rhba:tst:20201628036" version="636">
 <red-def:object object_ref="oval:com.redhat.rhba:obj:20201628018"/>
 <red-def:state state_ref="oval:com.redhat.rhba:ste:20191992002"/>
</red-def:rpminfo_test>
<red-def:rpminfo_test check="at least one" comment="pcp-libs is earlier than 0:5.0.2-5.el8" id="oval:com.redhat.rhba:tst:20201628037" version="636">
 <red-def:object object_ref="oval:com.redhat.rhba:obj:20201628019"/>
 <red-def:state state_ref="oval:com.redhat.rhba:ste:20201628003"/>
</red-def:rpminfo_test>
<red-def:rpminfo_test check="at least one" comment="pcp-libs is signed with Red Hat redhatrelease2 key" id="oval:com.redhat.rhba:tst:20201628038" version="636">
 <red-def:object object_ref="oval:com.redhat.rhba:obj:20201628019"/>
 <red-def:state state_ref="oval:com.redhat.rhba:ste:20191992002"/>
</red-def:rpminfo_test>
<red-def:rpminfo_test check="at least one" comment="pcp-libs-devel is earlier than 0:5.0.2-5.el8" id="oval:com.redhat.rhba:tst:20201628039" version="636">
 <red-def:object object_ref="oval:com.redhat.rhba:obj:20201628020"/>
 <red-def:state state_ref="oval:com.redhat.rhba:ste:20201628003"/>
</red-def:rpminfo_test>
<red-def:rpminfo_test check="at least one" comment="pcp-libs-devel is signed with Red Hat redhatrelease2 key" id="oval:com.redhat.rhba:tst:20201628040" version="636">
 <red-def:object object_ref="oval:com.redhat.rhba:obj:20201628020"/>
 <red-def:state state_ref="oval:com.redhat.rhba:ste:20191992002"/>
</red-def:rpminfo_test>
<red-def:rpminfo_test check="at least one" comment="pcp-manager is earlier than 0:5.0.2-5.el8" id="oval:com.redhat.rhba:tst:20201628041" version="636">
 <red-def:object object_ref="oval:com.redhat.rhba:obj:20201628021"/>
 <red-def:state state_ref="oval:com.redhat.rhba:ste:20201628001"/>
</red-def:rpminfo_test>
<red-def:rpminfo_test check="at least one" comment="pcp-manager is signed with Red Hat redhatrelease2 key" id="oval:com.redhat.rhba:tst:20201628042" version="636">
 <red-def:object object_ref="oval:com.redhat.rhba:obj:20201628021"/>
 <red-def:state state_ref="oval:com.redhat.rhba:ste:20191992002"/>
</red-def:rpminfo_test>
<red-def:rpminfo_test check="at least one" comment="pcp-pmda-activemq is earlier than 0:5.0.2-5.el8" id="oval:com.redhat.rhba:tst:20201628043" version="636">
 <red-def:object object_ref="oval:com.redhat.rhba:obj:20201628022"/>
 <red-def:state state_ref="oval:com.redhat.rhba:ste:20201628001"/>
</red-def:rpminfo_test>
<red-def:rpminfo_test check="at least one" comment="pcp-pmda-activemq is signed with Red Hat redhatrelease2 key" id="oval:com.redhat.rhba:tst:20201628044" version="636">
 <red-def:object object_ref="oval:com.redhat.rhba:obj:20201628022"/>
 <red-def:state state_ref="oval:com.redhat.rhba:ste:20191992002"/>
</red-def:rpminfo_test>
<red-def:rpminfo_test check="at least one" comment="pcp-pmda-apache is earlier than 0:5.0.2-5.el8" id="oval:com.redhat.rhba:tst:20201628045" version="636">
 <red-def:object object_ref="oval:com.redhat.rhba:obj:20201628023"/>
 <red-def:state state_ref="oval:com.redhat.rhba:ste:20201628001"/>
</red-def:rpminfo_test>
<red-def:rpminfo_test check="at least one" comment="pcp-pmda-apache is signed with Red Hat redhatrelease2 key" id="oval:com.redhat.rhba:tst:20201628046" version="636">
 <red-def:object object_ref="oval:com.redhat.rhba:obj:20201628023"/>
 <red-def:state state_ref="oval:com.redhat.rhba:ste:20191992002"/>
</red-def:rpminfo_test>
<red-def:rpminfo_test check="at least one" comment="pcp-pmda-bash is earlier than 0:5.0.2-5.el8" id="oval:com.redhat.rhba:tst:20201628047" version="636">
 <red-def:object object_ref="oval:com.redhat.rhba:obj:20201628024"/>
 <red-def:state state_ref="oval:com.redhat.rhba:ste:20201628001"/>
</red-def:rpminfo_test>
<red-def:rpminfo_test check="at least one" comment="pcp-pmda-bash is signed with Red Hat redhatrelease2 key" id="oval:com.redhat.rhba:tst:20201628048" version="636">
 <red-def:object object_ref="oval:com.redhat.rhba:obj:20201628024"/>
 <red-def:state state_ref="oval:com.redhat.rhba:ste:20191992002"/>
</red-def:rpminfo_test>
<red-def:rpminfo_test check="at least one" comment="pcp-pmda-bcc is earlier than 0:5.0.2-5.el8" id="oval:com.redhat.rhba:tst:20201628049" version="636">
 <red-def:object object_ref="oval:com.redhat.rhba:obj:20201628025"/>
 <red-def:state state_ref="oval:com.redhat.rhba:ste:20201628001"/>
</red-def:rpminfo_test>
<red-def:rpminfo_test check="at least one" comment="pcp-pmda-bcc is signed with Red Hat redhatrelease2 key" id="oval:com.redhat.rhba:tst:20201628050" version="636">
 <red-def:object object_ref="oval:com.redhat.rhba:obj:20201628025"/>
 <red-def:state state_ref="oval:com.redhat.rhba:ste:20191992002"/>
</red-def:rpminfo_test>
<red-def:rpminfo_test check="at least one" comment="pcp-pmda-bind2 is earlier than 0:5.0.2-5.el8" id="oval:com.redhat.rhba:tst:20201628051" version="636">
 <red-def:object object_ref="oval:com.redhat.rhba:obj:20201628026"/>
 <red-def:state state_ref="oval:com.redhat.rhba:ste:20201628001"/>
</red-def:rpminfo_test>
<red-def:rpminfo_test check="at least one" comment="pcp-pmda-bind2 is signed with Red Hat redhatrelease2 key" id="oval:com.redhat.rhba:tst:20201628052" version="636">
 <red-def:object object_ref="oval:com.redhat.rhba:obj:20201628026"/>
 <red-def:state state_ref="oval:com.redhat.rhba:ste:20191992002"/>
</red-def:rpminfo_test>
<red-def:rpminfo_test check="at least one" comment="pcp-pmda-bonding is earlier than 0:5.0.2-5.el8" id="oval:com.redhat.rhba:tst:20201628053" version="636">
 <red-def:object object_ref="oval:com.redhat.rhba:obj:20201628027"/>
 <red-def:state state_ref="oval:com.redhat.rhba:ste:20201628001"/>
</red-def:rpminfo_test>
<red-def:rpminfo_test check="at least one" comment="pcp-pmda-bonding is signed with Red Hat redhatrelease2 key" id="oval:com.redhat.rhba:tst:20201628054" version="636">
 <red-def:object object_ref="oval:com.redhat.rhba:obj:20201628027"/>
 <red-def:state state_ref="oval:com.redhat.rhba:ste:20191992002"/>
</red-def:rpminfo_test>
<red-def:rpminfo_test check="at least one" comment="pcp-pmda-bpftrace is earlier than 0:5.0.2-5.el8" id="oval:com.redhat.rhba:tst:20201628055" version="636">
 <red-def:object object_ref="oval:com.redhat.rhba:obj:20201628028"/>
 <red-def:state state_ref="oval:com.redhat.rhba:ste:20201628001"/>
</red-def:rpminfo_test>
<red-def:rpminfo_test check="at least one" comment="pcp-pmda-bpftrace is signed with Red Hat redhatrelease2 key" id="oval:com.redhat.rhba:tst:20201628056" version="636">
 <red-def:object object_ref="oval:com.redhat.rhba:obj:20201628028"/>
 <red-def:state state_ref="oval:com.redhat.rhba:ste:20191992002"/>
</red-def:rpminfo_test>
<red-def:rpminfo_test check="at least one" comment="pcp-pmda-cifs is earlier than 0:5.0.2-5.el8" id="oval:com.redhat.rhba:tst:20201628057" version="636">
 <red-def:object object_ref="oval:com.redhat.rhba:obj:20201628029"/>
 <red-def:state state_ref="oval:com.redhat.rhba:ste:20201628001"/>
</red-def:rpminfo_test>
<red-def:rpminfo_test check="at least one" comment="pcp-pmda-cifs is signed with Red Hat redhatrelease2 key" id="oval:com.redhat.rhba:tst:20201628058" version="636">
 <red-def:object object_ref="oval:com.redhat.rhba:obj:20201628029"/>
 <red-def:state state_ref="oval:com.redhat.rhba:ste:20191992002"/>
</red-def:rpminfo_test>
<red-def:rpminfo_test check="at least one" comment="pcp-pmda-cisco is earlier than 0:5.0.2-5.el8" id="oval:com.redhat.rhba:tst:20201628059" version="636">
 <red-def:object object_ref="oval:com.redhat.rhba:obj:20201628030"/>
 <red-def:state state_ref="oval:com.redhat.rhba:ste:20201628001"/>
</red-def:rpminfo_test>
<red-def:rpminfo_test check="at least one" comment="pcp-pmda-cisco is signed with Red Hat redhatrelease2 key" id="oval:com.redhat.rhba:tst:20201628060" version="636">
 <red-def:object object_ref="oval:com.redhat.rhba:obj:20201628030"/>
 <red-def:state state_ref="oval:com.redhat.rhba:ste:20191992002"/>
</red-def:rpminfo_test>
<red-def:rpminfo_test check="at least one" comment="pcp-pmda-dbping is earlier than 0:5.0.2-5.el8" id="oval:com.redhat.rhba:tst:20201628061" version="636">
 <red-def:object object_ref="oval:com.redhat.rhba:obj:20201628031"/>
 <red-def:state state_ref="oval:com.redhat.rhba:ste:20201628001"/>
</red-def:rpminfo_test>
<red-def:rpminfo_test check="at least one" comment="pcp-pmda-dbping is signed with Red Hat redhatrelease2 key" id="oval:com.redhat.rhba:tst:20201628062" version="636">
 <red-def:object object_ref="oval:com.redhat.rhba:obj:20201628031"/>
 <red-def:state state_ref="oval:com.redhat.rhba:ste:20191992002"/>
</red-def:rpminfo_test>
<red-def:rpminfo_test check="at least one" comment="pcp-pmda-dm is earlier than 0:5.0.2-5.el8" id="oval:com.redhat.rhba:tst:20201628063" version="636">
 <red-def:object object_ref="oval:com.redhat.rhba:obj:20201628032"/>
 <red-def:state state_ref="oval:com.redhat.rhba:ste:20201628001"/>
</red-def:rpminfo_test>
<red-def:rpminfo_test check="at least one" comment="pcp-pmda-dm is signed with Red Hat redhatrelease2 key" id="oval:com.redhat.rhba:tst:20201628064" version="636">
 <red-def:object object_ref="oval:com.redhat.rhba:obj:20201628032"/>
 <red-def:state state_ref="oval:com.redhat.rhba:ste:20191992002"/>
</red-def:rpminfo_test>
<red-def:rpminfo_test check="at least one" comment="pcp-pmda-docker is earlier than 0:5.0.2-5.el8" id="oval:com.redhat.rhba:tst:20201628065" version="636">
 <red-def:object object_ref="oval:com.redhat.rhba:obj:20201628033"/>
 <red-def:state state_ref="oval:com.redhat.rhba:ste:20201628001"/>
</red-def:rpminfo_test>
<red-def:rpminfo_test check="at least one" comment="pcp-pmda-docker is signed with Red Hat redhatrelease2 key" id="oval:com.redhat.rhba:tst:20201628066" version="636">
 <red-def:object object_ref="oval:com.redhat.rhba:obj:20201628033"/>
 <red-def:state state_ref="oval:com.redhat.rhba:ste:20191992002"/>
</red-def:rpminfo_test>
<red-def:rpminfo_test check="at least one" comment="pcp-pmda-ds389 is earlier than 0:5.0.2-5.el8" id="oval:com.redhat.rhba:tst:20201628067" version="636">
 <red-def:object object_ref="oval:com.redhat.rhba:obj:20201628034"/>
 <red-def:state state_ref="oval:com.redhat.rhba:ste:20201628001"/>
</red-def:rpminfo_test>
<red-def:rpminfo_test check="at least one" comment="pcp-pmda-ds389 is signed with Red Hat redhatrelease2 key" id="oval:com.redhat.rhba:tst:20201628068" version="636">
 <red-def:object object_ref="oval:com.redhat.rhba:obj:20201628034"/>
 <red-def:state state_ref="oval:com.redhat.rhba:ste:20191992002"/>
</red-def:rpminfo_test>
<red-def:rpminfo_test check="at least one" comment="pcp-pmda-ds389log is earlier than 0:5.0.2-5.el8" id="oval:com.redhat.rhba:tst:20201628069" version="636">
 <red-def:object object_ref="oval:com.redhat.rhba:obj:20201628035"/>
 <red-def:state state_ref="oval:com.redhat.rhba:ste:20201628001"/>
</red-def:rpminfo_test>
<red-def:rpminfo_test check="at least one" comment="pcp-pmda-ds389log is signed with Red Hat redhatrelease2 key" id="oval:com.redhat.rhba:tst:20201628070" version="636">
 <red-def:object object_ref="oval:com.redhat.rhba:obj:20201628035"/>
 <red-def:state state_ref="oval:com.redhat.rhba:ste:20191992002"/>
</red-def:rpminfo_test>
<red-def:rpminfo_test check="at least one" comment="pcp-pmda-elasticsearch is earlier than 0:5.0.2-5.el8" id="oval:com.redhat.rhba:tst:20201628071" version="636">
 <red-def:object object_ref="oval:com.redhat.rhba:obj:20201628036"/>
 <red-def:state state_ref="oval:com.redhat.rhba:ste:20201628001"/>
</red-def:rpminfo_test>
<red-def:rpminfo_test check="at least one" comment="pcp-pmda-elasticsearch is signed with Red Hat redhatrelease2 key" id="oval:com.redhat.rhba:tst:20201628072" version="636">
 <red-def:object object_ref="oval:com.redhat.rhba:obj:20201628036"/>
 <red-def:state state_ref="oval:com.redhat.rhba:ste:20191992002"/>
</red-def:rpminfo_test>
<red-def:rpminfo_test check="at least one" comment="pcp-pmda-gfs2 is earlier than 0:5.0.2-5.el8" id="oval:com.redhat.rhba:tst:20201628073" version="636">
 <red-def:object object_ref="oval:com.redhat.rhba:obj:20201628037"/>
 <red-def:state state_ref="oval:com.redhat.rhba:ste:20201628001"/>
</red-def:rpminfo_test>
<red-def:rpminfo_test check="at least one" comment="pcp-pmda-gfs2 is signed with Red Hat redhatrelease2 key" id="oval:com.redhat.rhba:tst:20201628074" version="636">
 <red-def:object object_ref="oval:com.redhat.rhba:obj:20201628037"/>
 <red-def:state state_ref="oval:com.redhat.rhba:ste:20191992002"/>
</red-def:rpminfo_test>
<red-def:rpminfo_test check="at least one" comment="pcp-pmda-gluster is earlier than 0:5.0.2-5.el8" id="oval:com.redhat.rhba:tst:20201628075" version="636">
 <red-def:object object_ref="oval:com.redhat.rhba:obj:20201628038"/>
 <red-def:state state_ref="oval:com.redhat.rhba:ste:20201628001"/>
</red-def:rpminfo_test>
<red-def:rpminfo_test check="at least one" comment="pcp-pmda-gluster is signed with Red Hat redhatrelease2 key" id="oval:com.redhat.rhba:tst:20201628076" version="636">
 <red-def:object object_ref="oval:com.redhat.rhba:obj:20201628038"/>
 <red-def:state state_ref="oval:com.redhat.rhba:ste:20191992002"/>
</red-def:rpminfo_test>
<red-def:rpminfo_test check="at least one" comment="pcp-pmda-gpfs is earlier than 0:5.0.2-5.el8" id="oval:com.redhat.rhba:tst:20201628077" version="636">
 <red-def:object object_ref="oval:com.redhat.rhba:obj:20201628039"/>
 <red-def:state state_ref="oval:com.redhat.rhba:ste:20201628001"/>
</red-def:rpminfo_test>
<red-def:rpminfo_test check="at least one" comment="pcp-pmda-gpfs is signed with Red Hat redhatrelease2 key" id="oval:com.redhat.rhba:tst:20201628078" version="636">
 <red-def:object object_ref="oval:com.redhat.rhba:obj:20201628039"/>
 <red-def:state state_ref="oval:com.redhat.rhba:ste:20191992002"/>
</red-def:rpminfo_test>
<red-def:rpminfo_test check="at least one" comment="pcp-pmda-gpsd is earlier than 0:5.0.2-5.el8" id="oval:com.redhat.rhba:tst:20201628079" version="636">
 <red-def:object object_ref="oval:com.redhat.rhba:obj:20201628040"/>
 <red-def:state state_ref="oval:com.redhat.rhba:ste:20201628001"/>
</red-def:rpminfo_test>
<red-def:rpminfo_test check="at least one" comment="pcp-pmda-gpsd is signed with Red Hat redhatrelease2 key" id="oval:com.redhat.rhba:tst:20201628080" version="636">
 <red-def:object object_ref="oval:com.redhat.rhba:obj:20201628040"/>
 <red-def:state state_ref="oval:com.redhat.rhba:ste:20191992002"/>
</red-def:rpminfo_test>
<red-def:rpminfo_test check="at least one" comment="pcp-pmda-haproxy is earlier than 0:5.0.2-5.el8" id="oval:com.redhat.rhba:tst:20201628081" version="636">
 <red-def:object object_ref="oval:com.redhat.rhba:obj:20201628041"/>
 <red-def:state state_ref="oval:com.redhat.rhba:ste:20201628001"/>
</red-def:rpminfo_test>
<red-def:rpminfo_test check="at least one" comment="pcp-pmda-haproxy is signed with Red Hat redhatrelease2 key" id="oval:com.redhat.rhba:tst:20201628082" version="636">
 <red-def:object object_ref="oval:com.redhat.rhba:obj:20201628041"/>
 <red-def:state state_ref="oval:com.redhat.rhba:ste:20191992002"/>
</red-def:rpminfo_test>
<red-def:rpminfo_test check="at least one" comment="pcp-pmda-infiniband is earlier than 0:5.0.2-5.el8" id="oval:com.redhat.rhba:tst:20201628083" version="636">
 <red-def:object object_ref="oval:com.redhat.rhba:obj:20201628042"/>
 <red-def:state state_ref="oval:com.redhat.rhba:ste:20201628005"/>
</red-def:rpminfo_test>
<red-def:rpminfo_test check="at least one" comment="pcp-pmda-infiniband is signed with Red Hat redhatrelease2 key" id="oval:com.redhat.rhba:tst:20201628084" version="636">
 <red-def:object object_ref="oval:com.redhat.rhba:obj:20201628042"/>
 <red-def:state state_ref="oval:com.redhat.rhba:ste:20191992002"/>
</red-def:rpminfo_test>
<red-def:rpminfo_test check="at least one" comment="pcp-pmda-json is earlier than 0:5.0.2-5.el8" id="oval:com.redhat.rhba:tst:20201628085" version="636">
 <red-def:object object_ref="oval:com.redhat.rhba:obj:20201628043"/>
 <red-def:state state_ref="oval:com.redhat.rhba:ste:20201628001"/>
</red-def:rpminfo_test>
<red-def:rpminfo_test check="at least one" comment="pcp-pmda-json is signed with Red Hat redhatrelease2 key" id="oval:com.redhat.rhba:tst:20201628086" version="636">
 <red-def:object object_ref="oval:com.redhat.rhba:obj:20201628043"/>
 <red-def:state state_ref="oval:com.redhat.rhba:ste:20191992002"/>
</red-def:rpminfo_test>
<red-def:rpminfo_test check="at least one" comment="pcp-pmda-libvirt is earlier than 0:5.0.2-5.el8" id="oval:com.redhat.rhba:tst:20201628087" version="636">
 <red-def:object object_ref="oval:com.redhat.rhba:obj:20201628044"/>
 <red-def:state state_ref="oval:com.redhat.rhba:ste:20201628001"/>
</red-def:rpminfo_test>
<red-def:rpminfo_test check="at least one" comment="pcp-pmda-libvirt is signed with Red Hat redhatrelease2 key" id="oval:com.redhat.rhba:tst:20201628088" version="636">
 <red-def:object object_ref="oval:com.redhat.rhba:obj:20201628044"/>
 <red-def:state state_ref="oval:com.redhat.rhba:ste:20191992002"/>
</red-def:rpminfo_test>
<red-def:rpminfo_test check="at least one" comment="pcp-pmda-lio is earlier than 0:5.0.2-5.el8" id="oval:com.redhat.rhba:tst:20201628089" version="636">
 <red-def:object object_ref="oval:com.redhat.rhba:obj:20201628045"/>
 <red-def:state state_ref="oval:com.redhat.rhba:ste:20201628001"/>
</red-def:rpminfo_test>
<red-def:rpminfo_test check="at least one" comment="pcp-pmda-lio is signed with Red Hat redhatrelease2 key" id="oval:com.redhat.rhba:tst:20201628090" version="636">
 <red-def:object object_ref="oval:com.redhat.rhba:obj:20201628045"/>
 <red-def:state state_ref="oval:com.redhat.rhba:ste:20191992002"/>
</red-def:rpminfo_test>
<red-def:rpminfo_test check="at least one" comment="pcp-pmda-lmsensors is earlier than 0:5.0.2-5.el8" id="oval:com.redhat.rhba:tst:20201628091" version="636">
 <red-def:object object_ref="oval:com.redhat.rhba:obj:20201628046"/>
 <red-def:state state_ref="oval:com.redhat.rhba:ste:20201628001"/>
</red-def:rpminfo_test>
<red-def:rpminfo_test check="at least one" comment="pcp-pmda-lmsensors is signed with Red Hat redhatrelease2 key" id="oval:com.redhat.rhba:tst:20201628092" version="636">
 <red-def:object object_ref="oval:com.redhat.rhba:obj:20201628046"/>
 <red-def:state state_ref="oval:com.redhat.rhba:ste:20191992002"/>
</red-def:rpminfo_test>
<red-def:rpminfo_test check="at least one" comment="pcp-pmda-logger is earlier than 0:5.0.2-5.el8" id="oval:com.redhat.rhba:tst:20201628093" version="636">
 <red-def:object object_ref="oval:com.redhat.rhba:obj:20201628047"/>
 <red-def:state state_ref="oval:com.redhat.rhba:ste:20201628001"/>
</red-def:rpminfo_test>
<red-def:rpminfo_test check="at least one" comment="pcp-pmda-logger is signed with Red Hat redhatrelease2 key" id="oval:com.redhat.rhba:tst:20201628094" version="636">
 <red-def:object object_ref="oval:com.redhat.rhba:obj:20201628047"/>
 <red-def:state state_ref="oval:com.redhat.rhba:ste:20191992002"/>
</red-def:rpminfo_test>
<red-def:rpminfo_test check="at least one" comment="pcp-pmda-lustre is earlier than 0:5.0.2-5.el8" id="oval:com.redhat.rhba:tst:20201628095" version="636">
 <red-def:object object_ref="oval:com.redhat.rhba:obj:20201628048"/>
 <red-def:state state_ref="oval:com.redhat.rhba:ste:20201628001"/>
</red-def:rpminfo_test>
<red-def:rpminfo_test check="at least one" comment="pcp-pmda-lustre is signed with Red Hat redhatrelease2 key" id="oval:com.redhat.rhba:tst:20201628096" version="636">
 <red-def:object object_ref="oval:com.redhat.rhba:obj:20201628048"/>
 <red-def:state state_ref="oval:com.redhat.rhba:ste:20191992002"/>
</red-def:rpminfo_test>
<red-def:rpminfo_test check="at least one" comment="pcp-pmda-lustrecomm is earlier than 0:5.0.2-5.el8" id="oval:com.redhat.rhba:tst:20201628097" version="636">
 <red-def:object object_ref="oval:com.redhat.rhba:obj:20201628049"/>
 <red-def:state state_ref="oval:com.redhat.rhba:ste:20201628001"/>
</red-def:rpminfo_test>
<red-def:rpminfo_test check="at least one" comment="pcp-pmda-lustrecomm is signed with Red Hat redhatrelease2 key" id="oval:com.redhat.rhba:tst:20201628098" version="636">
 <red-def:object object_ref="oval:com.redhat.rhba:obj:20201628049"/>
 <red-def:state state_ref="oval:com.redhat.rhba:ste:20191992002"/>
</red-def:rpminfo_test>
<red-def:rpminfo_test check="at least one" comment="pcp-pmda-mailq is earlier than 0:5.0.2-5.el8" id="oval:com.redhat.rhba:tst:20201628099" version="636">
 <red-def:object object_ref="oval:com.redhat.rhba:obj:20201628050"/>
 <red-def:state state_ref="oval:com.redhat.rhba:ste:20201628001"/>
</red-def:rpminfo_test>
<red-def:rpminfo_test check="at least one" comment="pcp-pmda-mailq is signed with Red Hat redhatrelease2 key" id="oval:com.redhat.rhba:tst:20201628100" version="636">
 <red-def:object object_ref="oval:com.redhat.rhba:obj:20201628050"/>
 <red-def:state state_ref="oval:com.redhat.rhba:ste:20191992002"/>
</red-def:rpminfo_test>
<red-def:rpminfo_test check="at least one" comment="pcp-pmda-memcache is earlier than 0:5.0.2-5.el8" id="oval:com.redhat.rhba:tst:20201628101" version="636">
 <red-def:object object_ref="oval:com.redhat.rhba:obj:20201628051"/>
 <red-def:state state_ref="oval:com.redhat.rhba:ste:20201628001"/>
</red-def:rpminfo_test>
<red-def:rpminfo_test check="at least one" comment="pcp-pmda-memcache is signed with Red Hat redhatrelease2 key" id="oval:com.redhat.rhba:tst:20201628102" version="636">
 <red-def:object object_ref="oval:com.redhat.rhba:obj:20201628051"/>
 <red-def:state state_ref="oval:com.redhat.rhba:ste:20191992002"/>
</red-def:rpminfo_test>
<red-def:rpminfo_test check="at least one" comment="pcp-pmda-mic is earlier than 0:5.0.2-5.el8" id="oval:com.redhat.rhba:tst:20201628103" version="636">
 <red-def:object object_ref="oval:com.redhat.rhba:obj:20201628052"/>
 <red-def:state state_ref="oval:com.redhat.rhba:ste:20201628001"/>
</red-def:rpminfo_test>
<red-def:rpminfo_test check="at least one" comment="pcp-pmda-mic is signed with Red Hat redhatrelease2 key" id="oval:com.redhat.rhba:tst:20201628104" version="636">
 <red-def:object object_ref="oval:com.redhat.rhba:obj:20201628052"/>
 <red-def:state state_ref="oval:com.redhat.rhba:ste:20191992002"/>
</red-def:rpminfo_test>
<red-def:rpminfo_test check="at least one" comment="pcp-pmda-mounts is earlier than 0:5.0.2-5.el8" id="oval:com.redhat.rhba:tst:20201628105" version="636">
 <red-def:object object_ref="oval:com.redhat.rhba:obj:20201628053"/>
 <red-def:state state_ref="oval:com.redhat.rhba:ste:20201628001"/>
</red-def:rpminfo_test>
<red-def:rpminfo_test check="at least one" comment="pcp-pmda-mounts is signed with Red Hat redhatrelease2 key" id="oval:com.redhat.rhba:tst:20201628106" version="636">
 <red-def:object object_ref="oval:com.redhat.rhba:obj:20201628053"/>
 <red-def:state state_ref="oval:com.redhat.rhba:ste:20191992002"/>
</red-def:rpminfo_test>
<red-def:rpminfo_test check="at least one" comment="pcp-pmda-mssql is earlier than 0:5.0.2-5.el8" id="oval:com.redhat.rhba:tst:20201628107" version="636">
 <red-def:object object_ref="oval:com.redhat.rhba:obj:20201628054"/>
 <red-def:state state_ref="oval:com.redhat.rhba:ste:20201628006"/>
</red-def:rpminfo_test>
<red-def:rpminfo_test check="at least one" comment="pcp-pmda-mssql is signed with Red Hat redhatrelease2 key" id="oval:com.redhat.rhba:tst:20201628108" version="636">
 <red-def:object object_ref="oval:com.redhat.rhba:obj:20201628054"/>
 <red-def:state state_ref="oval:com.redhat.rhba:ste:20191992002"/>
</red-def:rpminfo_test>
<red-def:rpminfo_test check="at least one" comment="pcp-pmda-mysql is earlier than 0:5.0.2-5.el8" id="oval:com.redhat.rhba:tst:20201628109" version="636">
 <red-def:object object_ref="oval:com.redhat.rhba:obj:20201628055"/>
 <red-def:state state_ref="oval:com.redhat.rhba:ste:20201628001"/>
</red-def:rpminfo_test>
<red-def:rpminfo_test check="at least one" comment="pcp-pmda-mysql is signed with Red Hat redhatrelease2 key" id="oval:com.redhat.rhba:tst:20201628110" version="636">
 <red-def:object object_ref="oval:com.redhat.rhba:obj:20201628055"/>
 <red-def:state state_ref="oval:com.redhat.rhba:ste:20191992002"/>
</red-def:rpminfo_test>
<red-def:rpminfo_test check="at least one" comment="pcp-pmda-named is earlier than 0:5.0.2-5.el8" id="oval:com.redhat.rhba:tst:20201628111" version="636">
 <red-def:object object_ref="oval:com.redhat.rhba:obj:20201628056"/>
 <red-def:state state_ref="oval:com.redhat.rhba:ste:20201628001"/>
</red-def:rpminfo_test>
<red-def:rpminfo_test check="at least one" comment="pcp-pmda-named is signed with Red Hat redhatrelease2 key" id="oval:com.redhat.rhba:tst:20201628112" version="636">
 <red-def:object object_ref="oval:com.redhat.rhba:obj:20201628056"/>
 <red-def:state state_ref="oval:com.redhat.rhba:ste:20191992002"/>
</red-def:rpminfo_test>
<red-def:rpminfo_test check="at least one" comment="pcp-pmda-netcheck is earlier than 0:5.0.2-5.el8" id="oval:com.redhat.rhba:tst:20201628113" version="636">
 <red-def:object object_ref="oval:com.redhat.rhba:obj:20201628057"/>
 <red-def:state state_ref="oval:com.redhat.rhba:ste:20201628001"/>
</red-def:rpminfo_test>
<red-def:rpminfo_test check="at least one" comment="pcp-pmda-netcheck is signed with Red Hat redhatrelease2 key" id="oval:com.redhat.rhba:tst:20201628114" version="636">
 <red-def:object object_ref="oval:com.redhat.rhba:obj:20201628057"/>
 <red-def:state state_ref="oval:com.redhat.rhba:ste:20191992002"/>
</red-def:rpminfo_test>
<red-def:rpminfo_test check="at least one" comment="pcp-pmda-netfilter is earlier than 0:5.0.2-5.el8" id="oval:com.redhat.rhba:tst:20201628115" version="636">
 <red-def:object object_ref="oval:com.redhat.rhba:obj:20201628058"/>
 <red-def:state state_ref="oval:com.redhat.rhba:ste:20201628001"/>
</red-def:rpminfo_test>
<red-def:rpminfo_test check="at least one" comment="pcp-pmda-netfilter is signed with Red Hat redhatrelease2 key" id="oval:com.redhat.rhba:tst:20201628116" version="636">
 <red-def:object object_ref="oval:com.redhat.rhba:obj:20201628058"/>
 <red-def:state state_ref="oval:com.redhat.rhba:ste:20191992002"/>
</red-def:rpminfo_test>
<red-def:rpminfo_test check="at least one" comment="pcp-pmda-news is earlier than 0:5.0.2-5.el8" id="oval:com.redhat.rhba:tst:20201628117" version="636">
 <red-def:object object_ref="oval:com.redhat.rhba:obj:20201628059"/>
 <red-def:state state_ref="oval:com.redhat.rhba:ste:20201628001"/>
</red-def:rpminfo_test>
<red-def:rpminfo_test check="at least one" comment="pcp-pmda-news is signed with Red Hat redhatrelease2 key" id="oval:com.redhat.rhba:tst:20201628118" version="636">
 <red-def:object object_ref="oval:com.redhat.rhba:obj:20201628059"/>
 <red-def:state state_ref="oval:com.redhat.rhba:ste:20191992002"/>
</red-def:rpminfo_test>
<red-def:rpminfo_test check="at least one" comment="pcp-pmda-nfsclient is earlier than 0:5.0.2-5.el8" id="oval:com.redhat.rhba:tst:20201628119" version="636">
 <red-def:object object_ref="oval:com.redhat.rhba:obj:20201628060"/>
 <red-def:state state_ref="oval:com.redhat.rhba:ste:20201628001"/>
</red-def:rpminfo_test>
<red-def:rpminfo_test check="at least one" comment="pcp-pmda-nfsclient is signed with Red Hat redhatrelease2 key" id="oval:com.redhat.rhba:tst:20201628120" version="636">
 <red-def:object object_ref="oval:com.redhat.rhba:obj:20201628060"/>
 <red-def:state state_ref="oval:com.redhat.rhba:ste:20191992002"/>
</red-def:rpminfo_test>
<red-def:rpminfo_test check="at least one" comment="pcp-pmda-nginx is earlier than 0:5.0.2-5.el8" id="oval:com.redhat.rhba:tst:20201628121" version="636">
 <red-def:object object_ref="oval:com.redhat.rhba:obj:20201628061"/>
 <red-def:state state_ref="oval:com.redhat.rhba:ste:20201628001"/>
</red-def:rpminfo_test>
<red-def:rpminfo_test check="at least one" comment="pcp-pmda-nginx is signed with Red Hat redhatrelease2 key" id="oval:com.redhat.rhba:tst:20201628122" version="636">
 <red-def:object object_ref="oval:com.redhat.rhba:obj:20201628061"/>
 <red-def:state state_ref="oval:com.redhat.rhba:ste:20191992002"/>
</red-def:rpminfo_test>
<red-def:rpminfo_test check="at least one" comment="pcp-pmda-nvidia-gpu is earlier than 0:5.0.2-5.el8" id="oval:com.redhat.rhba:tst:20201628123" version="636">
 <red-def:object object_ref="oval:com.redhat.rhba:obj:20201628062"/>
 <red-def:state state_ref="oval:com.redhat.rhba:ste:20201628001"/>
</red-def:rpminfo_test>
<red-def:rpminfo_test check="at least one" comment="pcp-pmda-nvidia-gpu is signed with Red Hat redhatrelease2 key" id="oval:com.redhat.rhba:tst:20201628124" version="636">
 <red-def:object object_ref="oval:com.redhat.rhba:obj:20201628062"/>
 <red-def:state state_ref="oval:com.redhat.rhba:ste:20191992002"/>
</red-def:rpminfo_test>
<red-def:rpminfo_test check="at least one" comment="pcp-pmda-openmetrics is earlier than 0:5.0.2-5.el8" id="oval:com.redhat.rhba:tst:20201628125" version="636">
 <red-def:object object_ref="oval:com.redhat.rhba:obj:20201628063"/>
 <red-def:state state_ref="oval:com.redhat.rhba:ste:20201628001"/>
</red-def:rpminfo_test>
<red-def:rpminfo_test check="at least one" comment="pcp-pmda-openmetrics is signed with Red Hat redhatrelease2 key" id="oval:com.redhat.rhba:tst:20201628126" version="636">
 <red-def:object object_ref="oval:com.redhat.rhba:obj:20201628063"/>
 <red-def:state state_ref="oval:com.redhat.rhba:ste:20191992002"/>
</red-def:rpminfo_test>
<red-def:rpminfo_test check="at least one" comment="pcp-pmda-oracle is earlier than 0:5.0.2-5.el8" id="oval:com.redhat.rhba:tst:20201628127" version="636">
 <red-def:object object_ref="oval:com.redhat.rhba:obj:20201628064"/>
 <red-def:state state_ref="oval:com.redhat.rhba:ste:20201628001"/>
</red-def:rpminfo_test>
<red-def:rpminfo_test check="at least one" comment="pcp-pmda-oracle is signed with Red Hat redhatrelease2 key" id="oval:com.redhat.rhba:tst:20201628128" version="636">
 <red-def:object object_ref="oval:com.redhat.rhba:obj:20201628064"/>
 <red-def:state state_ref="oval:com.redhat.rhba:ste:20191992002"/>
</red-def:rpminfo_test>
<red-def:rpminfo_test check="at least one" comment="pcp-pmda-pdns is earlier than 0:5.0.2-5.el8" id="oval:com.redhat.rhba:tst:20201628129" version="636">
 <red-def:object object_ref="oval:com.redhat.rhba:obj:20201628065"/>
 <red-def:state state_ref="oval:com.redhat.rhba:ste:20201628001"/>
</red-def:rpminfo_test>
<red-def:rpminfo_test check="at least one" comment="pcp-pmda-pdns is signed with Red Hat redhatrelease2 key" id="oval:com.redhat.rhba:tst:20201628130" version="636">
 <red-def:object object_ref="oval:com.redhat.rhba:obj:20201628065"/>
 <red-def:state state_ref="oval:com.redhat.rhba:ste:20191992002"/>
</red-def:rpminfo_test>
<red-def:rpminfo_test check="at least one" comment="pcp-pmda-perfevent is earlier than 0:5.0.2-5.el8" id="oval:com.redhat.rhba:tst:20201628131" version="636">
 <red-def:object object_ref="oval:com.redhat.rhba:obj:20201628066"/>
 <red-def:state state_ref="oval:com.redhat.rhba:ste:20201628005"/>
</red-def:rpminfo_test>
<red-def:rpminfo_test check="at least one" comment="pcp-pmda-perfevent is signed with Red Hat redhatrelease2 key" id="oval:com.redhat.rhba:tst:20201628132" version="636">
 <red-def:object object_ref="oval:com.redhat.rhba:obj:20201628066"/>
 <red-def:state state_ref="oval:com.redhat.rhba:ste:20191992002"/>
</red-def:rpminfo_test>
<red-def:rpminfo_test check="at least one" comment="pcp-pmda-podman is earlier than 0:5.0.2-5.el8" id="oval:com.redhat.rhba:tst:20201628133" version="636">
 <red-def:object object_ref="oval:com.redhat.rhba:obj:20201628067"/>
 <red-def:state state_ref="oval:com.redhat.rhba:ste:20201628001"/>
</red-def:rpminfo_test>
<red-def:rpminfo_test check="at least one" comment="pcp-pmda-podman is signed with Red Hat redhatrelease2 key" id="oval:com.redhat.rhba:tst:20201628134" version="636">
 <red-def:object object_ref="oval:com.redhat.rhba:obj:20201628067"/>
 <red-def:state state_ref="oval:com.redhat.rhba:ste:20191992002"/>
</red-def:rpminfo_test>
<red-def:rpminfo_test check="at least one" comment="pcp-pmda-postfix is earlier than 0:5.0.2-5.el8" id="oval:com.redhat.rhba:tst:20201628135" version="636">
 <red-def:object object_ref="oval:com.redhat.rhba:obj:20201628068"/>
 <red-def:state state_ref="oval:com.redhat.rhba:ste:20201628001"/>
</red-def:rpminfo_test>
<red-def:rpminfo_test check="at least one" comment="pcp-pmda-postfix is signed with Red Hat redhatrelease2 key" id="oval:com.redhat.rhba:tst:20201628136" version="636">
 <red-def:object object_ref="oval:com.redhat.rhba:obj:20201628068"/>
 <red-def:state state_ref="oval:com.redhat.rhba:ste:20191992002"/>
</red-def:rpminfo_test>
<red-def:rpminfo_test check="at least one" comment="pcp-pmda-postgresql is earlier than 0:5.0.2-5.el8" id="oval:com.redhat.rhba:tst:20201628137" version="636">
 <red-def:object object_ref="oval:com.redhat.rhba:obj:20201628069"/>
 <red-def:state state_ref="oval:com.redhat.rhba:ste:20201628001"/>
</red-def:rpminfo_test>
<red-def:rpminfo_test check="at least one" comment="pcp-pmda-postgresql is signed with Red Hat redhatrelease2 key" id="oval:com.redhat.rhba:tst:20201628138" version="636">
 <red-def:object object_ref="oval:com.redhat.rhba:obj:20201628069"/>
 <red-def:state state_ref="oval:com.redhat.rhba:ste:20191992002"/>
</red-def:rpminfo_test>
<red-def:rpminfo_test check="at least one" comment="pcp-pmda-redis is earlier than 0:5.0.2-5.el8" id="oval:com.redhat.rhba:tst:20201628139" version="636">
 <red-def:object object_ref="oval:com.redhat.rhba:obj:20201628070"/>
 <red-def:state state_ref="oval:com.redhat.rhba:ste:20201628001"/>
</red-def:rpminfo_test>
<red-def:rpminfo_test check="at least one" comment="pcp-pmda-redis is signed with Red Hat redhatrelease2 key" id="oval:com.redhat.rhba:tst:20201628140" version="636">
 <red-def:object object_ref="oval:com.redhat.rhba:obj:20201628070"/>
 <red-def:state state_ref="oval:com.redhat.rhba:ste:20191992002"/>
</red-def:rpminfo_test>
<red-def:rpminfo_test check="at least one" comment="pcp-pmda-roomtemp is earlier than 0:5.0.2-5.el8" id="oval:com.redhat.rhba:tst:20201628141" version="636">
 <red-def:object object_ref="oval:com.redhat.rhba:obj:20201628071"/>
 <red-def:state state_ref="oval:com.redhat.rhba:ste:20201628001"/>
</red-def:rpminfo_test>
<red-def:rpminfo_test check="at least one" comment="pcp-pmda-roomtemp is signed with Red Hat redhatrelease2 key" id="oval:com.redhat.rhba:tst:20201628142" version="636">
 <red-def:object object_ref="oval:com.redhat.rhba:obj:20201628071"/>
 <red-def:state state_ref="oval:com.redhat.rhba:ste:20191992002"/>
</red-def:rpminfo_test>
<red-def:rpminfo_test check="at least one" comment="pcp-pmda-rpm is earlier than 0:5.0.2-5.el8" id="oval:com.redhat.rhba:tst:20201628143" version="636">
 <red-def:object object_ref="oval:com.redhat.rhba:obj:20201628072"/>
 <red-def:state state_ref="oval:com.redhat.rhba:ste:20201628001"/>
</red-def:rpminfo_test>
<red-def:rpminfo_test check="at least one" comment="pcp-pmda-rpm is signed with Red Hat redhatrelease2 key" id="oval:com.redhat.rhba:tst:20201628144" version="636">
 <red-def:object object_ref="oval:com.redhat.rhba:obj:20201628072"/>
 <red-def:state state_ref="oval:com.redhat.rhba:ste:20191992002"/>
</red-def:rpminfo_test>
<red-def:rpminfo_test check="at least one" comment="pcp-pmda-rsyslog is earlier than 0:5.0.2-5.el8" id="oval:com.redhat.rhba:tst:20201628145" version="636">
 <red-def:object object_ref="oval:com.redhat.rhba:obj:20201628073"/>
 <red-def:state state_ref="oval:com.redhat.rhba:ste:20201628001"/>
</red-def:rpminfo_test>
<red-def:rpminfo_test check="at least one" comment="pcp-pmda-rsyslog is signed with Red Hat redhatrelease2 key" id="oval:com.redhat.rhba:tst:20201628146" version="636">
 <red-def:object object_ref="oval:com.redhat.rhba:obj:20201628073"/>
 <red-def:state state_ref="oval:com.redhat.rhba:ste:20191992002"/>
</red-def:rpminfo_test>
<red-def:rpminfo_test check="at least one" comment="pcp-pmda-samba is earlier than 0:5.0.2-5.el8" id="oval:com.redhat.rhba:tst:20201628147" version="636">
 <red-def:object object_ref="oval:com.redhat.rhba:obj:20201628074"/>
 <red-def:state state_ref="oval:com.redhat.rhba:ste:20201628001"/>
</red-def:rpminfo_test>
<red-def:rpminfo_test check="at least one" comment="pcp-pmda-samba is signed with Red Hat redhatrelease2 key" id="oval:com.redhat.rhba:tst:20201628148" version="636">
 <red-def:object object_ref="oval:com.redhat.rhba:obj:20201628074"/>
 <red-def:state state_ref="oval:com.redhat.rhba:ste:20191992002"/>
</red-def:rpminfo_test>
<red-def:rpminfo_test check="at least one" comment="pcp-pmda-sendmail is earlier than 0:5.0.2-5.el8" id="oval:com.redhat.rhba:tst:20201628149" version="636">
 <red-def:object object_ref="oval:com.redhat.rhba:obj:20201628075"/>
 <red-def:state state_ref="oval:com.redhat.rhba:ste:20201628001"/>
</red-def:rpminfo_test>
<red-def:rpminfo_test check="at least one" comment="pcp-pmda-sendmail is signed with Red Hat redhatrelease2 key" id="oval:com.redhat.rhba:tst:20201628150" version="636">
 <red-def:object object_ref="oval:com.redhat.rhba:obj:20201628075"/>
 <red-def:state state_ref="oval:com.redhat.rhba:ste:20191992002"/>
</red-def:rpminfo_test>
<red-def:rpminfo_test check="at least one" comment="pcp-pmda-shping is earlier than 0:5.0.2-5.el8" id="oval:com.redhat.rhba:tst:20201628151" version="636">
 <red-def:object object_ref="oval:com.redhat.rhba:obj:20201628076"/>
 <red-def:state state_ref="oval:com.redhat.rhba:ste:20201628001"/>
</red-def:rpminfo_test>
<red-def:rpminfo_test check="at least one" comment="pcp-pmda-shping is signed with Red Hat redhatrelease2 key" id="oval:com.redhat.rhba:tst:20201628152" version="636">
 <red-def:object object_ref="oval:com.redhat.rhba:obj:20201628076"/>
 <red-def:state state_ref="oval:com.redhat.rhba:ste:20191992002"/>
</red-def:rpminfo_test>
<red-def:rpminfo_test check="at least one" comment="pcp-pmda-slurm is earlier than 0:5.0.2-5.el8" id="oval:com.redhat.rhba:tst:20201628153" version="636">
 <red-def:object object_ref="oval:com.redhat.rhba:obj:20201628077"/>
 <red-def:state state_ref="oval:com.redhat.rhba:ste:20201628001"/>
</red-def:rpminfo_test>
<red-def:rpminfo_test check="at least one" comment="pcp-pmda-slurm is signed with Red Hat redhatrelease2 key" id="oval:com.redhat.rhba:tst:20201628154" version="636">
 <red-def:object object_ref="oval:com.redhat.rhba:obj:20201628077"/>
 <red-def:state state_ref="oval:com.redhat.rhba:ste:20191992002"/>
</red-def:rpminfo_test>
<red-def:rpminfo_test check="at least one" comment="pcp-pmda-smart is earlier than 0:5.0.2-5.el8" id="oval:com.redhat.rhba:tst:20201628155" version="636">
 <red-def:object object_ref="oval:com.redhat.rhba:obj:20201628078"/>
 <red-def:state state_ref="oval:com.redhat.rhba:ste:20201628001"/>
</red-def:rpminfo_test>
<red-def:rpminfo_test check="at least one" comment="pcp-pmda-smart is signed with Red Hat redhatrelease2 key" id="oval:com.redhat.rhba:tst:20201628156" version="636">
 <red-def:object object_ref="oval:com.redhat.rhba:obj:20201628078"/>
 <red-def:state state_ref="oval:com.redhat.rhba:ste:20191992002"/>
</red-def:rpminfo_test>
<red-def:rpminfo_test check="at least one" comment="pcp-pmda-snmp is earlier than 0:5.0.2-5.el8" id="oval:com.redhat.rhba:tst:20201628157" version="636">
 <red-def:object object_ref="oval:com.redhat.rhba:obj:20201628079"/>
 <red-def:state state_ref="oval:com.redhat.rhba:ste:20201628001"/>
</red-def:rpminfo_test>
<red-def:rpminfo_test check="at least one" comment="pcp-pmda-snmp is signed with Red Hat redhatrelease2 key" id="oval:com.redhat.rhba:tst:20201628158" version="636">
 <red-def:object object_ref="oval:com.redhat.rhba:obj:20201628079"/>
 <red-def:state state_ref="oval:com.redhat.rhba:ste:20191992002"/>
</red-def:rpminfo_test>
<red-def:rpminfo_test check="at least one" comment="pcp-pmda-summary is earlier than 0:5.0.2-5.el8" id="oval:com.redhat.rhba:tst:20201628159" version="636">
 <red-def:object object_ref="oval:com.redhat.rhba:obj:20201628080"/>
 <red-def:state state_ref="oval:com.redhat.rhba:ste:20201628001"/>
</red-def:rpminfo_test>
<red-def:rpminfo_test check="at least one" comment="pcp-pmda-summary is signed with Red Hat redhatrelease2 key" id="oval:com.redhat.rhba:tst:20201628160" version="636">
 <red-def:object object_ref="oval:com.redhat.rhba:obj:20201628080"/>
 <red-def:state state_ref="oval:com.redhat.rhba:ste:20191992002"/>
</red-def:rpminfo_test>
<red-def:rpminfo_test check="at least one" comment="pcp-pmda-systemd is earlier than 0:5.0.2-5.el8" id="oval:com.redhat.rhba:tst:20201628161" version="636">
 <red-def:object object_ref="oval:com.redhat.rhba:obj:20201628081"/>
 <red-def:state state_ref="oval:com.redhat.rhba:ste:20201628001"/>
</red-def:rpminfo_test>
<red-def:rpminfo_test check="at least one" comment="pcp-pmda-systemd is signed with Red Hat redhatrelease2 key" id="oval:com.redhat.rhba:tst:20201628162" version="636">
 <red-def:object object_ref="oval:com.redhat.rhba:obj:20201628081"/>
 <red-def:state state_ref="oval:com.redhat.rhba:ste:20191992002"/>
</red-def:rpminfo_test>
<red-def:rpminfo_test check="at least one" comment="pcp-pmda-trace is earlier than 0:5.0.2-5.el8" id="oval:com.redhat.rhba:tst:20201628163" version="636">
 <red-def:object object_ref="oval:com.redhat.rhba:obj:20201628082"/>
 <red-def:state state_ref="oval:com.redhat.rhba:ste:20201628001"/>
</red-def:rpminfo_test>
<red-def:rpminfo_test check="at least one" comment="pcp-pmda-trace is signed with Red Hat redhatrelease2 key" id="oval:com.redhat.rhba:tst:20201628164" version="636">
 <red-def:object object_ref="oval:com.redhat.rhba:obj:20201628082"/>
 <red-def:state state_ref="oval:com.redhat.rhba:ste:20191992002"/>
</red-def:rpminfo_test>
<red-def:rpminfo_test check="at least one" comment="pcp-pmda-unbound is earlier than 0:5.0.2-5.el8" id="oval:com.redhat.rhba:tst:20201628165" version="636">
 <red-def:object object_ref="oval:com.redhat.rhba:obj:20201628083"/>
 <red-def:state state_ref="oval:com.redhat.rhba:ste:20201628001"/>
</red-def:rpminfo_test>
<red-def:rpminfo_test check="at least one" comment="pcp-pmda-unbound is signed with Red Hat redhatrelease2 key" id="oval:com.redhat.rhba:tst:20201628166" version="636">
 <red-def:object object_ref="oval:com.redhat.rhba:obj:20201628083"/>
 <red-def:state state_ref="oval:com.redhat.rhba:ste:20191992002"/>
</red-def:rpminfo_test>
<red-def:rpminfo_test check="at least one" comment="pcp-pmda-vmware is earlier than 0:5.0.2-5.el8" id="oval:com.redhat.rhba:tst:20201628167" version="636">
 <red-def:object object_ref="oval:com.redhat.rhba:obj:20201628084"/>
 <red-def:state state_ref="oval:com.redhat.rhba:ste:20201628001"/>
</red-def:rpminfo_test>
<red-def:rpminfo_test check="at least one" comment="pcp-pmda-vmware is signed with Red Hat redhatrelease2 key" id="oval:com.redhat.rhba:tst:20201628168" version="636">
 <red-def:object object_ref="oval:com.redhat.rhba:obj:20201628084"/>
 <red-def:state state_ref="oval:com.redhat.rhba:ste:20191992002"/>
</red-def:rpminfo_test>
<red-def:rpminfo_test check="at least one" comment="pcp-pmda-weblog is earlier than 0:5.0.2-5.el8" id="oval:com.redhat.rhba:tst:20201628169" version="636">
 <red-def:object object_ref="oval:com.redhat.rhba:obj:20201628085"/>
 <red-def:state state_ref="oval:com.redhat.rhba:ste:20201628001"/>
</red-def:rpminfo_test>
<red-def:rpminfo_test check="at least one" comment="pcp-pmda-weblog is signed with Red Hat redhatrelease2 key" id="oval:com.redhat.rhba:tst:20201628170" version="636">
 <red-def:object object_ref="oval:com.redhat.rhba:obj:20201628085"/>
 <red-def:state state_ref="oval:com.redhat.rhba:ste:20191992002"/>
</red-def:rpminfo_test>
<red-def:rpminfo_test check="at least one" comment="pcp-pmda-zimbra is earlier than 0:5.0.2-5.el8" id="oval:com.redhat.rhba:tst:20201628171" version="636">
 <red-def:object object_ref="oval:com.redhat.rhba:obj:20201628086"/>
 <red-def:state state_ref="oval:com.redhat.rhba:ste:20201628001"/>
</red-def:rpminfo_test>
<red-def:rpminfo_test check="at least one" comment="pcp-pmda-zimbra is signed with Red Hat redhatrelease2 key" id="oval:com.redhat.rhba:tst:20201628172" version="636">
 <red-def:object object_ref="oval:com.redhat.rhba:obj:20201628086"/>
 <red-def:state state_ref="oval:com.redhat.rhba:ste:20191992002"/>
</red-def:rpminfo_test>
<red-def:rpminfo_test check="at least one" comment="pcp-pmda-zswap is earlier than 0:5.0.2-5.el8" id="oval:com.redhat.rhba:tst:20201628173" version="636">
 <red-def:object object_ref="oval:com.redhat.rhba:obj:20201628087"/>
 <red-def:state state_ref="oval:com.redhat.rhba:ste:20201628001"/>
</red-def:rpminfo_test>
<red-def:rpminfo_test check="at least one" comment="pcp-pmda-zswap is signed with Red Hat redhatrelease2 key" id="oval:com.redhat.rhba:tst:20201628174" version="636">
 <red-def:object object_ref="oval:com.redhat.rhba:obj:20201628087"/>
 <red-def:state state_ref="oval:com.redhat.rhba:ste:20191992002"/>
</red-def:rpminfo_test>
<red-def:rpminfo_test check="at least one" comment="pcp-selinux is earlier than 0:5.0.2-5.el8" id="oval:com.redhat.rhba:tst:20201628175" version="636">
 <red-def:object object_ref="oval:com.redhat.rhba:obj:20201628088"/>
 <red-def:state state_ref="oval:com.redhat.rhba:ste:20201628001"/>
</red-def:rpminfo_test>
<red-def:rpminfo_test check="at least one" comment="pcp-selinux is signed with Red Hat redhatrelease2 key" id="oval:com.redhat.rhba:tst:20201628176" version="636">
 <red-def:object object_ref="oval:com.redhat.rhba:obj:20201628088"/>
 <red-def:state state_ref="oval:com.redhat.rhba:ste:20191992002"/>
</red-def:rpminfo_test>
<red-def:rpminfo_test check="at least one" comment="pcp-system-tools is earlier than 0:5.0.2-5.el8" id="oval:com.redhat.rhba:tst:20201628177" version="636">
 <red-def:object object_ref="oval:com.redhat.rhba:obj:20201628089"/>
 <red-def:state state_ref="oval:com.redhat.rhba:ste:20201628001"/>
</red-def:rpminfo_test>
<red-def:rpminfo_test check="at least one" comment="pcp-system-tools is signed with Red Hat redhatrelease2 key" id="oval:com.redhat.rhba:tst:20201628178" version="636">
 <red-def:object object_ref="oval:com.redhat.rhba:obj:20201628089"/>
 <red-def:state state_ref="oval:com.redhat.rhba:ste:20191992002"/>
</red-def:rpminfo_test>
<red-def:rpminfo_test check="at least one" comment="pcp-testsuite is earlier than 0:5.0.2-5.el8" id="oval:com.redhat.rhba:tst:20201628179" version="636">
 <red-def:object object_ref="oval:com.redhat.rhba:obj:20201628090"/>
 <red-def:state state_ref="oval:com.redhat.rhba:ste:20201628001"/>
</red-def:rpminfo_test>
<red-def:rpminfo_test check="at least one" comment="pcp-testsuite is signed with Red Hat redhatrelease2 key" id="oval:com.redhat.rhba:tst:20201628180" version="636">
 <red-def:object object_ref="oval:com.redhat.rhba:obj:20201628090"/>
 <red-def:state state_ref="oval:com.redhat.rhba:ste:20191992002"/>
</red-def:rpminfo_test>
<red-def:rpminfo_test check="at least one" comment="pcp-zeroconf is earlier than 0:5.0.2-5.el8" id="oval:com.redhat.rhba:tst:20201628181" version="636">
 <red-def:object object_ref="oval:com.redhat.rhba:obj:20201628091"/>
 <red-def:state state_ref="oval:com.redhat.rhba:ste:20201628001"/>
</red-def:rpminfo_test>
<red-def:rpminfo_test check="at least one" comment="pcp-zeroconf is signed with Red Hat redhatrelease2 key" id="oval:com.redhat.rhba:tst:20201628182" version="636">
 <red-def:object object_ref="oval:com.redhat.rhba:obj:20201628091"/>
 <red-def:state state_ref="oval:com.redhat.rhba:ste:20191992002"/>
</red-def:rpminfo_test>
<red-def:rpminfo_test check="at least one" comment="perl-PCP-LogImport is earlier than 0:5.0.2-5.el8" id="oval:com.redhat.rhba:tst:20201628183" version="636">
 <red-def:object object_ref="oval:com.redhat.rhba:obj:20201628092"/>
 <red-def:state state_ref="oval:com.redhat.rhba:ste:20201628001"/>
</red-def:rpminfo_test>
<red-def:rpminfo_test check="at least one" comment="perl-PCP-LogImport is signed with Red Hat redhatrelease2 key" id="oval:com.redhat.rhba:tst:20201628184" version="636">
 <red-def:object object_ref="oval:com.redhat.rhba:obj:20201628092"/>
 <red-def:state state_ref="oval:com.redhat.rhba:ste:20191992002"/>
</red-def:rpminfo_test>
<red-def:rpminfo_test check="at least one" comment="perl-PCP-LogSummary is earlier than 0:5.0.2-5.el8" id="oval:com.redhat.rhba:tst:20201628185" version="636">
 <red-def:object object_ref="oval:com.redhat.rhba:obj:20201628093"/>
 <red-def:state state_ref="oval:com.redhat.rhba:ste:20201628001"/>
</red-def:rpminfo_test>
<red-def:rpminfo_test check="at least one" comment="perl-PCP-LogSummary is signed with Red Hat redhatrelease2 key" id="oval:com.redhat.rhba:tst:20201628186" version="636">
 <red-def:object object_ref="oval:com.redhat.rhba:obj:20201628093"/>
 <red-def:state state_ref="oval:com.redhat.rhba:ste:20191992002"/>
</red-def:rpminfo_test>
<red-def:rpminfo_test check="at least one" comment="perl-PCP-MMV is earlier than 0:5.0.2-5.el8" id="oval:com.redhat.rhba:tst:20201628187" version="636">
 <red-def:object object_ref="oval:com.redhat.rhba:obj:20201628094"/>
 <red-def:state state_ref="oval:com.redhat.rhba:ste:20201628001"/>
</red-def:rpminfo_test>
<red-def:rpminfo_test check="at least one" comment="perl-PCP-MMV is signed with Red Hat redhatrelease2 key" id="oval:com.redhat.rhba:tst:20201628188" version="636">
 <red-def:object object_ref="oval:com.redhat.rhba:obj:20201628094"/>
 <red-def:state state_ref="oval:com.redhat.rhba:ste:20191992002"/>
</red-def:rpminfo_test>
<red-def:rpminfo_test check="at least one" comment="perl-PCP-PMDA is earlier than 0:5.0.2-5.el8" id="oval:com.redhat.rhba:tst:20201628189" version="636">
 <red-def:object object_ref="oval:com.redhat.rhba:obj:20201628095"/>
 <red-def:state state_ref="oval:com.redhat.rhba:ste:20201628001"/>
</red-def:rpminfo_test>
<red-def:rpminfo_test check="at least one" comment="perl-PCP-PMDA is signed with Red Hat redhatrelease2 key" id="oval:com.redhat.rhba:tst:20201628190" version="636">
 <red-def:object object_ref="oval:com.redhat.rhba:obj:20201628095"/>
 <red-def:state state_ref="oval:com.redhat.rhba:ste:20191992002"/>
</red-def:rpminfo_test>
<red-def:rpminfo_test check="at least one" comment="python3-pcp is earlier than 0:5.0.2-5.el8" id="oval:com.redhat.rhba:tst:20201628191" version="636">
 <red-def:object object_ref="oval:com.redhat.rhba:obj:20201628096"/>
 <red-def:state state_ref="oval:com.redhat.rhba:ste:20201628001"/>
</red-def:rpminfo_test>
<red-def:rpminfo_test check="at least one" comment="python3-pcp is signed with Red Hat redhatrelease2 key" id="oval:com.redhat.rhba:tst:20201628192" version="636">
 <red-def:object object_ref="oval:com.redhat.rhba:obj:20201628096"/>
 <red-def:state state_ref="oval:com.redhat.rhba:ste:20191992002"/>
</red-def:rpminfo_test>
<red-def:rpminfo_test check="at least one" comment="microcode_ctl is earlier than 4:20200609-2.20210216.1.el8_3" id="oval:com.redhat.rhba:tst:20210621001" version="635">
 <red-def:object object_ref="oval:com.redhat.rhba:obj:20210621001"/>
 <red-def:state state_ref="oval:com.redhat.rhba:ste:20210621001"/>
</red-def:rpminfo_test>
<red-def:rpminfo_test check="at least one" comment="microcode_ctl is signed with Red Hat redhatrelease2 key" id="oval:com.redhat.rhba:tst:20210621002" version="635">
 <red-def:object object_ref="oval:com.redhat.rhba:obj:20210621001"/>
 <red-def:state state_ref="oval:com.redhat.rhba:ste:20191992002"/>
</red-def:rpminfo_test>
<red-def:rpminfo_test check="at least one" comment="opencryptoki is earlier than 0:3.15.1-6.el8_4" id="oval:com.redhat.rhba:tst:20213054001" version="635">
 <red-def:object object_ref="oval:com.redhat.rhba:obj:20213054001"/>
 <red-def:state state_ref="oval:com.redhat.rhba:ste:20213054001"/>
</red-def:rpminfo_test>
<red-def:rpminfo_test check="at least one" comment="opencryptoki is signed with Red Hat redhatrelease2 key" id="oval:com.redhat.rhba:tst:20213054002" version="635">
 <red-def:object object_ref="oval:com.redhat.rhba:obj:20213054001"/>
 <red-def:state state_ref="oval:com.redhat.rhba:ste:20191992002"/>
</red-def:rpminfo_test>
<red-def:rpminfo_test check="at least one" comment="opencryptoki-ccatok is earlier than 0:3.15.1-6.el8_4" id="oval:com.redhat.rhba:tst:20213054003" version="635">
 <red-def:object object_ref="oval:com.redhat.rhba:obj:20213054002"/>
 <red-def:state state_ref="oval:com.redhat.rhba:ste:20213054003"/>
</red-def:rpminfo_test>
<red-def:rpminfo_test check="at least one" comment="opencryptoki-ccatok is signed with Red Hat redhatrelease2 key" id="oval:com.redhat.rhba:tst:20213054004" version="635">
 <red-def:object object_ref="oval:com.redhat.rhba:obj:20213054002"/>
 <red-def:state state_ref="oval:com.redhat.rhba:ste:20191992002"/>
</red-def:rpminfo_test>
<red-def:rpminfo_test check="at least one" comment="opencryptoki-devel is earlier than 0:3.15.1-6.el8_4" id="oval:com.redhat.rhba:tst:20213054005" version="635">
 <red-def:object object_ref="oval:com.redhat.rhba:obj:20213054003"/>
 <red-def:state state_ref="oval:com.redhat.rhba:ste:20213054004"/>
</red-def:rpminfo_test>
<red-def:rpminfo_test check="at least one" comment="opencryptoki-devel is signed with Red Hat redhatrelease2 key" id="oval:com.redhat.rhba:tst:20213054006" version="635">
 <red-def:object object_ref="oval:com.redhat.rhba:obj:20213054003"/>
 <red-def:state state_ref="oval:com.redhat.rhba:ste:20191992002"/>
</red-def:rpminfo_test>
<red-def:rpminfo_test check="at least one" comment="opencryptoki-ep11tok is earlier than 0:3.15.1-6.el8_4" id="oval:com.redhat.rhba:tst:20213054007" version="635">
 <red-def:object object_ref="oval:com.redhat.rhba:obj:20213054004"/>
 <red-def:state state_ref="oval:com.redhat.rhba:ste:20213054003"/>
</red-def:rpminfo_test>
<red-def:rpminfo_test check="at least one" comment="opencryptoki-ep11tok is signed with Red Hat redhatrelease2 key" id="oval:com.redhat.rhba:tst:20213054008" version="635">
 <red-def:object object_ref="oval:com.redhat.rhba:obj:20213054004"/>
 <red-def:state state_ref="oval:com.redhat.rhba:ste:20191992002"/>
</red-def:rpminfo_test>
<red-def:rpminfo_test check="at least one" comment="opencryptoki-icatok is earlier than 0:3.15.1-6.el8_4" id="oval:com.redhat.rhba:tst:20213054009" version="635">
 <red-def:object object_ref="oval:com.redhat.rhba:obj:20213054005"/>
 <red-def:state state_ref="oval:com.redhat.rhba:ste:20213054003"/>
</red-def:rpminfo_test>
<red-def:rpminfo_test check="at least one" comment="opencryptoki-icatok is signed with Red Hat redhatrelease2 key" id="oval:com.redhat.rhba:tst:20213054010" version="635">
 <red-def:object object_ref="oval:com.redhat.rhba:obj:20213054005"/>
 <red-def:state state_ref="oval:com.redhat.rhba:ste:20191992002"/>
</red-def:rpminfo_test>
<red-def:rpminfo_test check="at least one" comment="opencryptoki-icsftok is earlier than 0:3.15.1-6.el8_4" id="oval:com.redhat.rhba:tst:20213054011" version="635">
 <red-def:object object_ref="oval:com.redhat.rhba:obj:20213054006"/>
 <red-def:state state_ref="oval:com.redhat.rhba:ste:20213054001"/>
</red-def:rpminfo_test>
<red-def:rpminfo_test check="at least one" comment="opencryptoki-icsftok is signed with Red Hat redhatrelease2 key" id="oval:com.redhat.rhba:tst:20213054012" version="635">
 <red-def:object object_ref="oval:com.redhat.rhba:obj:20213054006"/>
 <red-def:state state_ref="oval:com.redhat.rhba:ste:20191992002"/>
</red-def:rpminfo_test>
<red-def:rpminfo_test check="at least one" comment="opencryptoki-libs is earlier than 0:3.15.1-6.el8_4" id="oval:com.redhat.rhba:tst:20213054013" version="635">
 <red-def:object object_ref="oval:com.redhat.rhba:obj:20213054007"/>
 <red-def:state state_ref="oval:com.redhat.rhba:ste:20213054004"/>
</red-def:rpminfo_test>
<red-def:rpminfo_test check="at least one" comment="opencryptoki-libs is signed with Red Hat redhatrelease2 key" id="oval:com.redhat.rhba:tst:20213054014" version="635">
 <red-def:object object_ref="oval:com.redhat.rhba:obj:20213054007"/>
 <red-def:state state_ref="oval:com.redhat.rhba:ste:20191992002"/>
</red-def:rpminfo_test>
<red-def:rpminfo_test check="at least one" comment="opencryptoki-swtok is earlier than 0:3.15.1-6.el8_4" id="oval:com.redhat.rhba:tst:20213054015" version="635">
 <red-def:object object_ref="oval:com.redhat.rhba:obj:20213054008"/>
 <red-def:state state_ref="oval:com.redhat.rhba:ste:20213054001"/>
</red-def:rpminfo_test>
<red-def:rpminfo_test check="at least one" comment="opencryptoki-swtok is signed with Red Hat redhatrelease2 key" id="oval:com.redhat.rhba:tst:20213054016" version="635">
 <red-def:object object_ref="oval:com.redhat.rhba:obj:20213054008"/>
 <red-def:state state_ref="oval:com.redhat.rhba:ste:20191992002"/>
</red-def:rpminfo_test>
<red-def:rpminfo_test check="at least one" comment="opencryptoki-tpmtok is earlier than 0:3.15.1-6.el8_4" id="oval:com.redhat.rhba:tst:20213054017" version="635">
 <red-def:object object_ref="oval:com.redhat.rhba:obj:20213054009"/>
 <red-def:state state_ref="oval:com.redhat.rhba:ste:20213054001"/>
</red-def:rpminfo_test>
<red-def:rpminfo_test check="at least one" comment="opencryptoki-tpmtok is signed with Red Hat redhatrelease2 key" id="oval:com.redhat.rhba:tst:20213054018" version="635">
 <red-def:object object_ref="oval:com.redhat.rhba:obj:20213054009"/>
 <red-def:state state_ref="oval:com.redhat.rhba:ste:20191992002"/>
</red-def:rpminfo_test>
<red-def:rpminfo_test check="at least one" comment="ctdb is earlier than 0:4.14.5-2.el8" id="oval:com.redhat.rhba:tst:20214438001" version="635">
 <red-def:object object_ref="oval:com.redhat.rhba:obj:20214438001"/>
 <red-def:state state_ref="oval:com.redhat.rhba:ste:20214438001"/>
</red-def:rpminfo_test>
<red-def:rpminfo_test check="at least one" comment="ctdb is signed with Red Hat redhatrelease2 key" id="oval:com.redhat.rhba:tst:20214438002" version="635">
 <red-def:object object_ref="oval:com.redhat.rhba:obj:20214438001"/>
 <red-def:state state_ref="oval:com.redhat.rhba:ste:20191992002"/>
</red-def:rpminfo_test>
<red-def:rpminfo_test check="at least one" comment="libsmbclient is earlier than 0:4.14.5-2.el8" id="oval:com.redhat.rhba:tst:20214438003" version="635">
 <red-def:object object_ref="oval:com.redhat.rhba:obj:20214438002"/>
 <red-def:state state_ref="oval:com.redhat.rhba:ste:20214438003"/>
</red-def:rpminfo_test>
<red-def:rpminfo_test check="at least one" comment="libsmbclient is signed with Red Hat redhatrelease2 key" id="oval:com.redhat.rhba:tst:20214438004" version="635">
 <red-def:object object_ref="oval:com.redhat.rhba:obj:20214438002"/>
 <red-def:state state_ref="oval:com.redhat.rhba:ste:20191992002"/>
</red-def:rpminfo_test>
<red-def:rpminfo_test check="at least one" comment="libsmbclient-devel is earlier than 0:4.14.5-2.el8" id="oval:com.redhat.rhba:tst:20214438005" version="635">
 <red-def:object object_ref="oval:com.redhat.rhba:obj:20214438003"/>
 <red-def:state state_ref="oval:com.redhat.rhba:ste:20214438003"/>
</red-def:rpminfo_test>
<red-def:rpminfo_test check="at least one" comment="libsmbclient-devel is signed with Red Hat redhatrelease2 key" id="oval:com.redhat.rhba:tst:20214438006" version="635">
 <red-def:object object_ref="oval:com.redhat.rhba:obj:20214438003"/>
 <red-def:state state_ref="oval:com.redhat.rhba:ste:20191992002"/>
</red-def:rpminfo_test>
<red-def:rpminfo_test check="at least one" comment="libwbclient is earlier than 0:4.14.5-2.el8" id="oval:com.redhat.rhba:tst:20214438007" version="635">
 <red-def:object object_ref="oval:com.redhat.rhba:obj:20214438004"/>
 <red-def:state state_ref="oval:com.redhat.rhba:ste:20214438003"/>
</red-def:rpminfo_test>
<red-def:rpminfo_test check="at least one" comment="libwbclient is signed with Red Hat redhatrelease2 key" id="oval:com.redhat.rhba:tst:20214438008" version="635">
 <red-def:object object_ref="oval:com.redhat.rhba:obj:20214438004"/>
 <red-def:state state_ref="oval:com.redhat.rhba:ste:20191992002"/>
</red-def:rpminfo_test>
<red-def:rpminfo_test check="at least one" comment="libwbclient-devel is earlier than 0:4.14.5-2.el8" id="oval:com.redhat.rhba:tst:20214438009" version="635">
 <red-def:object object_ref="oval:com.redhat.rhba:obj:20214438005"/>
 <red-def:state state_ref="oval:com.redhat.rhba:ste:20214438003"/>
</red-def:rpminfo_test>
<red-def:rpminfo_test check="at least one" comment="libwbclient-devel is signed with Red Hat redhatrelease2 key" id="oval:com.redhat.rhba:tst:20214438010" version="635">
 <red-def:object object_ref="oval:com.redhat.rhba:obj:20214438005"/>
 <red-def:state state_ref="oval:com.redhat.rhba:ste:20191992002"/>
</red-def:rpminfo_test>
<red-def:rpminfo_test check="at least one" comment="python3-samba is earlier than 0:4.14.5-2.el8" id="oval:com.redhat.rhba:tst:20214438011" version="635">
 <red-def:object object_ref="oval:com.redhat.rhba:obj:20214438006"/>
 <red-def:state state_ref="oval:com.redhat.rhba:ste:20214438003"/>
</red-def:rpminfo_test>
<red-def:rpminfo_test check="at least one" comment="python3-samba is signed with Red Hat redhatrelease2 key" id="oval:com.redhat.rhba:tst:20214438012" version="635">
 <red-def:object object_ref="oval:com.redhat.rhba:obj:20214438006"/>
 <red-def:state state_ref="oval:com.redhat.rhba:ste:20191992002"/>
</red-def:rpminfo_test>
<red-def:rpminfo_test check="at least one" comment="python3-samba-test is earlier than 0:4.14.5-2.el8" id="oval:com.redhat.rhba:tst:20214438013" version="635">
 <red-def:object object_ref="oval:com.redhat.rhba:obj:20214438007"/>
 <red-def:state state_ref="oval:com.redhat.rhba:ste:20214438001"/>
</red-def:rpminfo_test>
<red-def:rpminfo_test check="at least one" comment="python3-samba-test is signed with Red Hat redhatrelease2 key" id="oval:com.redhat.rhba:tst:20214438014" version="635">
 <red-def:object object_ref="oval:com.redhat.rhba:obj:20214438007"/>
 <red-def:state state_ref="oval:com.redhat.rhba:ste:20191992002"/>
</red-def:rpminfo_test>
<red-def:rpminfo_test check="at least one" comment="samba is earlier than 0:4.14.5-2.el8" id="oval:com.redhat.rhba:tst:20214438015" version="635">
 <red-def:object object_ref="oval:com.redhat.rhba:obj:20214438008"/>
 <red-def:state state_ref="oval:com.redhat.rhba:ste:20214438001"/>
</red-def:rpminfo_test>
<red-def:rpminfo_test check="at least one" comment="samba is signed with Red Hat redhatrelease2 key" id="oval:com.redhat.rhba:tst:20214438016" version="635">
 <red-def:object object_ref="oval:com.redhat.rhba:obj:20214438008"/>
 <red-def:state state_ref="oval:com.redhat.rhba:ste:20191992002"/>
</red-def:rpminfo_test>
<red-def:rpminfo_test check="at least one" comment="samba-client is earlier than 0:4.14.5-2.el8" id="oval:com.redhat.rhba:tst:20214438017" version="635">
 <red-def:object object_ref="oval:com.redhat.rhba:obj:20214438009"/>
 <red-def:state state_ref="oval:com.redhat.rhba:ste:20214438001"/>
</red-def:rpminfo_test>
<red-def:rpminfo_test check="at least one" comment="samba-client is signed with Red Hat redhatrelease2 key" id="oval:com.redhat.rhba:tst:20214438018" version="635">
 <red-def:object object_ref="oval:com.redhat.rhba:obj:20214438009"/>
 <red-def:state state_ref="oval:com.redhat.rhba:ste:20191992002"/>
</red-def:rpminfo_test>
<red-def:rpminfo_test check="at least one" comment="samba-client-libs is earlier than 0:4.14.5-2.el8" id="oval:com.redhat.rhba:tst:20214438019" version="635">
 <red-def:object object_ref="oval:com.redhat.rhba:obj:20214438010"/>
 <red-def:state state_ref="oval:com.redhat.rhba:ste:20214438003"/>
</red-def:rpminfo_test>
<red-def:rpminfo_test check="at least one" comment="samba-client-libs is signed with Red Hat redhatrelease2 key" id="oval:com.redhat.rhba:tst:20214438020" version="635">
 <red-def:object object_ref="oval:com.redhat.rhba:obj:20214438010"/>
 <red-def:state state_ref="oval:com.redhat.rhba:ste:20191992002"/>
</red-def:rpminfo_test>
<red-def:rpminfo_test check="at least one" comment="samba-common is earlier than 0:4.14.5-2.el8" id="oval:com.redhat.rhba:tst:20214438021" version="635">
 <red-def:object object_ref="oval:com.redhat.rhba:obj:20214438011"/>
 <red-def:state state_ref="oval:com.redhat.rhba:ste:20214438004"/>
</red-def:rpminfo_test>
<red-def:rpminfo_test check="at least one" comment="samba-common is signed with Red Hat redhatrelease2 key" id="oval:com.redhat.rhba:tst:20214438022" version="635">
 <red-def:object object_ref="oval:com.redhat.rhba:obj:20214438011"/>
 <red-def:state state_ref="oval:com.redhat.rhba:ste:20191992002"/>
</red-def:rpminfo_test>
<red-def:rpminfo_test check="at least one" comment="samba-common-libs is earlier than 0:4.14.5-2.el8" id="oval:com.redhat.rhba:tst:20214438023" version="635">
 <red-def:object object_ref="oval:com.redhat.rhba:obj:20214438012"/>
 <red-def:state state_ref="oval:com.redhat.rhba:ste:20214438001"/>
</red-def:rpminfo_test>
<red-def:rpminfo_test check="at least one" comment="samba-common-libs is signed with Red Hat redhatrelease2 key" id="oval:com.redhat.rhba:tst:20214438024" version="635">
 <red-def:object object_ref="oval:com.redhat.rhba:obj:20214438012"/>
 <red-def:state state_ref="oval:com.redhat.rhba:ste:20191992002"/>
</red-def:rpminfo_test>
<red-def:rpminfo_test check="at least one" comment="samba-common-tools is earlier than 0:4.14.5-2.el8" id="oval:com.redhat.rhba:tst:20214438025" version="635">
 <red-def:object object_ref="oval:com.redhat.rhba:obj:20214438013"/>
 <red-def:state state_ref="oval:com.redhat.rhba:ste:20214438001"/>
</red-def:rpminfo_test>
<red-def:rpminfo_test check="at least one" comment="samba-common-tools is signed with Red Hat redhatrelease2 key" id="oval:com.redhat.rhba:tst:20214438026" version="635">
 <red-def:object object_ref="oval:com.redhat.rhba:obj:20214438013"/>
 <red-def:state state_ref="oval:com.redhat.rhba:ste:20191992002"/>
</red-def:rpminfo_test>
<red-def:rpminfo_test check="at least one" comment="samba-devel is earlier than 0:4.14.5-2.el8" id="oval:com.redhat.rhba:tst:20214438027" version="635">
 <red-def:object object_ref="oval:com.redhat.rhba:obj:20214438014"/>
 <red-def:state state_ref="oval:com.redhat.rhba:ste:20214438003"/>
</red-def:rpminfo_test>
<red-def:rpminfo_test check="at least one" comment="samba-devel is signed with Red Hat redhatrelease2 key" id="oval:com.redhat.rhba:tst:20214438028" version="635">
 <red-def:object object_ref="oval:com.redhat.rhba:obj:20214438014"/>
 <red-def:state state_ref="oval:com.redhat.rhba:ste:20191992002"/>
</red-def:rpminfo_test>
<red-def:rpminfo_test check="at least one" comment="samba-krb5-printing is earlier than 0:4.14.5-2.el8" id="oval:com.redhat.rhba:tst:20214438029" version="635">
 <red-def:object object_ref="oval:com.redhat.rhba:obj:20214438015"/>
 <red-def:state state_ref="oval:com.redhat.rhba:ste:20214438001"/>
</red-def:rpminfo_test>
<red-def:rpminfo_test check="at least one" comment="samba-krb5-printing is signed with Red Hat redhatrelease2 key" id="oval:com.redhat.rhba:tst:20214438030" version="635">
 <red-def:object object_ref="oval:com.redhat.rhba:obj:20214438015"/>
 <red-def:state state_ref="oval:com.redhat.rhba:ste:20191992002"/>
</red-def:rpminfo_test>
<red-def:rpminfo_test check="at least one" comment="samba-libs is earlier than 0:4.14.5-2.el8" id="oval:com.redhat.rhba:tst:20214438031" version="635">
 <red-def:object object_ref="oval:com.redhat.rhba:obj:20214438016"/>
 <red-def:state state_ref="oval:com.redhat.rhba:ste:20214438003"/>
</red-def:rpminfo_test>
<red-def:rpminfo_test check="at least one" comment="samba-libs is signed with Red Hat redhatrelease2 key" id="oval:com.redhat.rhba:tst:20214438032" version="635">
 <red-def:object object_ref="oval:com.redhat.rhba:obj:20214438016"/>
 <red-def:state state_ref="oval:com.redhat.rhba:ste:20191992002"/>
</red-def:rpminfo_test>
<red-def:rpminfo_test check="at least one" comment="samba-pidl is earlier than 0:4.14.5-2.el8" id="oval:com.redhat.rhba:tst:20214438033" version="635">
 <red-def:object object_ref="oval:com.redhat.rhba:obj:20214438017"/>
 <red-def:state state_ref="oval:com.redhat.rhba:ste:20214438004"/>
</red-def:rpminfo_test>
<red-def:rpminfo_test check="at least one" comment="samba-pidl is signed with Red Hat redhatrelease2 key" id="oval:com.redhat.rhba:tst:20214438034" version="635">
 <red-def:object object_ref="oval:com.redhat.rhba:obj:20214438017"/>
 <red-def:state state_ref="oval:com.redhat.rhba:ste:20191992002"/>
</red-def:rpminfo_test>
<red-def:rpminfo_test check="at least one" comment="samba-test is earlier than 0:4.14.5-2.el8" id="oval:com.redhat.rhba:tst:20214438035" version="635">
 <red-def:object object_ref="oval:com.redhat.rhba:obj:20214438018"/>
 <red-def:state state_ref="oval:com.redhat.rhba:ste:20214438001"/>
</red-def:rpminfo_test>
<red-def:rpminfo_test check="at least one" comment="samba-test is signed with Red Hat redhatrelease2 key" id="oval:com.redhat.rhba:tst:20214438036" version="635">
 <red-def:object object_ref="oval:com.redhat.rhba:obj:20214438018"/>
 <red-def:state state_ref="oval:com.redhat.rhba:ste:20191992002"/>
</red-def:rpminfo_test>
<red-def:rpminfo_test check="at least one" comment="samba-test-libs is earlier than 0:4.14.5-2.el8" id="oval:com.redhat.rhba:tst:20214438037" version="635">
 <red-def:object object_ref="oval:com.redhat.rhba:obj:20214438019"/>
 <red-def:state state_ref="oval:com.redhat.rhba:ste:20214438001"/>
</red-def:rpminfo_test>
<red-def:rpminfo_test check="at least one" comment="samba-test-libs is signed with Red Hat redhatrelease2 key" id="oval:com.redhat.rhba:tst:20214438038" version="635">
 <red-def:object object_ref="oval:com.redhat.rhba:obj:20214438019"/>
 <red-def:state state_ref="oval:com.redhat.rhba:ste:20191992002"/>
</red-def:rpminfo_test>
<red-def:rpminfo_test check="at least one" comment="samba-vfs-iouring is earlier than 0:4.14.5-2.el8" id="oval:com.redhat.rhba:tst:20214438039" version="635">
 <red-def:object object_ref="oval:com.redhat.rhba:obj:20214438020"/>
 <red-def:state state_ref="oval:com.redhat.rhba:ste:20214438001"/>
</red-def:rpminfo_test>
<red-def:rpminfo_test check="at least one" comment="samba-vfs-iouring is signed with Red Hat redhatrelease2 key" id="oval:com.redhat.rhba:tst:20214438040" version="635">
 <red-def:object object_ref="oval:com.redhat.rhba:obj:20214438020"/>
 <red-def:state state_ref="oval:com.redhat.rhba:ste:20191992002"/>
</red-def:rpminfo_test>
<red-def:rpminfo_test check="at least one" comment="samba-winbind is earlier than 0:4.14.5-2.el8" id="oval:com.redhat.rhba:tst:20214438041" version="635">
 <red-def:object object_ref="oval:com.redhat.rhba:obj:20214438021"/>
 <red-def:state state_ref="oval:com.redhat.rhba:ste:20214438001"/>
</red-def:rpminfo_test>
<red-def:rpminfo_test check="at least one" comment="samba-winbind is signed with Red Hat redhatrelease2 key" id="oval:com.redhat.rhba:tst:20214438042" version="635">
 <red-def:object object_ref="oval:com.redhat.rhba:obj:20214438021"/>
 <red-def:state state_ref="oval:com.redhat.rhba:ste:20191992002"/>
</red-def:rpminfo_test>
<red-def:rpminfo_test check="at least one" comment="samba-winbind-clients is earlier than 0:4.14.5-2.el8" id="oval:com.redhat.rhba:tst:20214438043" version="635">
 <red-def:object object_ref="oval:com.redhat.rhba:obj:20214438022"/>
 <red-def:state state_ref="oval:com.redhat.rhba:ste:20214438001"/>
</red-def:rpminfo_test>
<red-def:rpminfo_test check="at least one" comment="samba-winbind-clients is signed with Red Hat redhatrelease2 key" id="oval:com.redhat.rhba:tst:20214438044" version="635">
 <red-def:object object_ref="oval:com.redhat.rhba:obj:20214438022"/>
 <red-def:state state_ref="oval:com.redhat.rhba:ste:20191992002"/>
</red-def:rpminfo_test>
<red-def:rpminfo_test check="at least one" comment="samba-winbind-krb5-locator is earlier than 0:4.14.5-2.el8" id="oval:com.redhat.rhba:tst:20214438045" version="635">
 <red-def:object object_ref="oval:com.redhat.rhba:obj:20214438023"/>
 <red-def:state state_ref="oval:com.redhat.rhba:ste:20214438001"/>
</red-def:rpminfo_test>
<red-def:rpminfo_test check="at least one" comment="samba-winbind-krb5-locator is signed with Red Hat redhatrelease2 key" id="oval:com.redhat.rhba:tst:20214438046" version="635">
 <red-def:object object_ref="oval:com.redhat.rhba:obj:20214438023"/>
 <red-def:state state_ref="oval:com.redhat.rhba:ste:20191992002"/>
</red-def:rpminfo_test>
<red-def:rpminfo_test check="at least one" comment="samba-winbind-modules is earlier than 0:4.14.5-2.el8" id="oval:com.redhat.rhba:tst:20214438047" version="635">
 <red-def:object object_ref="oval:com.redhat.rhba:obj:20214438024"/>
 <red-def:state state_ref="oval:com.redhat.rhba:ste:20214438003"/>
</red-def:rpminfo_test>
<red-def:rpminfo_test check="at least one" comment="samba-winbind-modules is signed with Red Hat redhatrelease2 key" id="oval:com.redhat.rhba:tst:20214438048" version="635">
 <red-def:object object_ref="oval:com.redhat.rhba:obj:20214438024"/>
 <red-def:state state_ref="oval:com.redhat.rhba:ste:20191992002"/>
</red-def:rpminfo_test>
<red-def:rpminfo_test check="at least one" comment="samba-winexe is earlier than 0:4.14.5-2.el8" id="oval:com.redhat.rhba:tst:20214438049" version="635">
 <red-def:object object_ref="oval:com.redhat.rhba:obj:20214438025"/>
 <red-def:state state_ref="oval:com.redhat.rhba:ste:20214438005"/>
</red-def:rpminfo_test>
<red-def:rpminfo_test check="at least one" comment="samba-winexe is signed with Red Hat redhatrelease2 key" id="oval:com.redhat.rhba:tst:20214438050" version="635">
 <red-def:object object_ref="oval:com.redhat.rhba:obj:20214438025"/>
 <red-def:state state_ref="oval:com.redhat.rhba:ste:20191992002"/>
</red-def:rpminfo_test>
<red-def:rpminfo_test check="at least one" comment="buildah is earlier than 0:1.19.9-1.module+el8.5.0+12236+c988d830" id="oval:com.redhat.rhba:tst:20220348001" version="635">
 <red-def:object object_ref="oval:com.redhat.rhba:obj:20220348001"/>
 <red-def:state state_ref="oval:com.redhat.rhba:ste:20220348001"/>
</red-def:rpminfo_test>
<red-def:rpminfo_test check="at least one" comment="buildah is signed with Red Hat redhatrelease2 key" id="oval:com.redhat.rhba:tst:20220348002" version="635">
 <red-def:object object_ref="oval:com.redhat.rhba:obj:20220348001"/>
 <red-def:state state_ref="oval:com.redhat.rhba:ste:20191992002"/>
</red-def:rpminfo_test>
<red-def:rpminfo_test check="at least one" comment="buildah-tests is earlier than 0:1.19.9-1.module+el8.5.0+12236+c988d830" id="oval:com.redhat.rhba:tst:20220348003" version="635">
 <red-def:object object_ref="oval:com.redhat.rhba:obj:20220348002"/>
 <red-def:state state_ref="oval:com.redhat.rhba:ste:20220348001"/>
</red-def:rpminfo_test>
<red-def:rpminfo_test check="at least one" comment="buildah-tests is signed with Red Hat redhatrelease2 key" id="oval:com.redhat.rhba:tst:20220348004" version="635">
 <red-def:object object_ref="oval:com.redhat.rhba:obj:20220348002"/>
 <red-def:state state_ref="oval:com.redhat.rhba:ste:20191992002"/>
</red-def:rpminfo_test>
<red-def:rpminfo_test check="at least one" comment="cockpit-podman is earlier than 0:29-2.module+el8.5.0+10306+3f72d66d" id="oval:com.redhat.rhba:tst:20220348005" version="635">
 <red-def:object object_ref="oval:com.redhat.rhba:obj:20220348003"/>
 <red-def:state state_ref="oval:com.redhat.rhba:ste:20220348003"/>
</red-def:rpminfo_test>
<red-def:rpminfo_test check="at least one" comment="cockpit-podman is signed with Red Hat redhatrelease2 key" id="oval:com.redhat.rhba:tst:20220348006" version="635">
 <red-def:object object_ref="oval:com.redhat.rhba:obj:20220348003"/>
 <red-def:state state_ref="oval:com.redhat.rhba:ste:20191992002"/>
</red-def:rpminfo_test>
<red-def:rpminfo_test check="at least one" comment="conmon is earlier than 2:2.0.26-1.module+el8.5.0+10306+3f72d66d" id="oval:com.redhat.rhba:tst:20220348007" version="635">
 <red-def:object object_ref="oval:com.redhat.rhba:obj:20220348004"/>
 <red-def:state state_ref="oval:com.redhat.rhba:ste:20220348004"/>
</red-def:rpminfo_test>
<red-def:rpminfo_test check="at least one" comment="conmon is signed with Red Hat redhatrelease2 key" id="oval:com.redhat.rhba:tst:20220348008" version="635">
 <red-def:object object_ref="oval:com.redhat.rhba:obj:20220348004"/>
 <red-def:state state_ref="oval:com.redhat.rhba:ste:20191992002"/>
</red-def:rpminfo_test>
<red-def:rpminfo_test check="at least one" comment="container-selinux is earlier than 2:2.167.0-1.module+el8.5.0+12609+beaa716d" id="oval:com.redhat.rhba:tst:20220348009" version="635">
 <red-def:object object_ref="oval:com.redhat.rhba:obj:20220348005"/>
 <red-def:state state_ref="oval:com.redhat.rhba:ste:20220348005"/>
</red-def:rpminfo_test>
<red-def:rpminfo_test check="at least one" comment="container-selinux is signed with Red Hat redhatrelease2 key" id="oval:com.redhat.rhba:tst:20220348010" version="635">
 <red-def:object object_ref="oval:com.redhat.rhba:obj:20220348005"/>
 <red-def:state state_ref="oval:com.redhat.rhba:ste:20191992002"/>
</red-def:rpminfo_test>
<red-def:rpminfo_test check="at least one" comment="containernetworking-plugins is earlier than 0:0.9.1-1.module+el8.5.0+10306+3f72d66d" id="oval:com.redhat.rhba:tst:20220348011" version="635">
 <red-def:object object_ref="oval:com.redhat.rhba:obj:20220348006"/>
 <red-def:state state_ref="oval:com.redhat.rhba:ste:20220348006"/>
</red-def:rpminfo_test>
<red-def:rpminfo_test check="at least one" comment="containernetworking-plugins is signed with Red Hat redhatrelease2 key" id="oval:com.redhat.rhba:tst:20220348012" version="635">
 <red-def:object object_ref="oval:com.redhat.rhba:obj:20220348006"/>
 <red-def:state state_ref="oval:com.redhat.rhba:ste:20191992002"/>
</red-def:rpminfo_test>
<red-def:rpminfo_test check="at least one" comment="containers-common is earlier than 1:1.2.4-1.module+el8.5.0+13605+73abf821" id="oval:com.redhat.rhba:tst:20220348013" version="635">
 <red-def:object object_ref="oval:com.redhat.rhba:obj:20220348007"/>
 <red-def:state state_ref="oval:com.redhat.rhba:ste:20220348007"/>
</red-def:rpminfo_test>
<red-def:rpminfo_test check="at least one" comment="containers-common is signed with Red Hat redhatrelease2 key" id="oval:com.redhat.rhba:tst:20220348014" version="635">
 <red-def:object object_ref="oval:com.redhat.rhba:obj:20220348007"/>
 <red-def:state state_ref="oval:com.redhat.rhba:ste:20191992002"/>
</red-def:rpminfo_test>
<red-def:rpminfo_test check="at least one" comment="crit is earlier than 0:3.15-1.module+el8.5.0+10306+3f72d66d" id="oval:com.redhat.rhba:tst:20220348015" version="635">
 <red-def:object object_ref="oval:com.redhat.rhba:obj:20220348008"/>
 <red-def:state state_ref="oval:com.redhat.rhba:ste:20220348008"/>
</red-def:rpminfo_test>
<red-def:rpminfo_test check="at least one" comment="crit is signed with Red Hat redhatrelease2 key" id="oval:com.redhat.rhba:tst:20220348016" version="635">
 <red-def:object object_ref="oval:com.redhat.rhba:obj:20220348008"/>
 <red-def:state state_ref="oval:com.redhat.rhba:ste:20191992002"/>
</red-def:rpminfo_test>
<red-def:rpminfo_test check="at least one" comment="criu is earlier than 0:3.15-1.module+el8.5.0+10306+3f72d66d" id="oval:com.redhat.rhba:tst:20220348017" version="635">
 <red-def:object object_ref="oval:com.redhat.rhba:obj:20220348009"/>
 <red-def:state state_ref="oval:com.redhat.rhba:ste:20220348008"/>
</red-def:rpminfo_test>
<red-def:rpminfo_test check="at least one" comment="criu is signed with Red Hat redhatrelease2 key" id="oval:com.redhat.rhba:tst:20220348018" version="635">
 <red-def:object object_ref="oval:com.redhat.rhba:obj:20220348009"/>
 <red-def:state state_ref="oval:com.redhat.rhba:ste:20191992002"/>
</red-def:rpminfo_test>
<red-def:rpminfo_test check="at least one" comment="crun is earlier than 0:0.18-2.module+el8.5.0+10306+3f72d66d" id="oval:com.redhat.rhba:tst:20220348019" version="635">
 <red-def:object object_ref="oval:com.redhat.rhba:obj:20220348010"/>
 <red-def:state state_ref="oval:com.redhat.rhba:ste:20220348009"/>
</red-def:rpminfo_test>
<red-def:rpminfo_test check="at least one" comment="crun is signed with Red Hat redhatrelease2 key" id="oval:com.redhat.rhba:tst:20220348020" version="635">
 <red-def:object object_ref="oval:com.redhat.rhba:obj:20220348010"/>
 <red-def:state state_ref="oval:com.redhat.rhba:ste:20191992002"/>
</red-def:rpminfo_test>
<red-def:rpminfo_test check="at least one" comment="fuse-overlayfs is earlier than 0:1.4.0-2.module+el8.5.0+10306+3f72d66d" id="oval:com.redhat.rhba:tst:20220348021" version="635">
 <red-def:object object_ref="oval:com.redhat.rhba:obj:20220348011"/>
 <red-def:state state_ref="oval:com.redhat.rhba:ste:20220348010"/>
</red-def:rpminfo_test>
<red-def:rpminfo_test check="at least one" comment="fuse-overlayfs is signed with Red Hat redhatrelease2 key" id="oval:com.redhat.rhba:tst:20220348022" version="635">
 <red-def:object object_ref="oval:com.redhat.rhba:obj:20220348011"/>
 <red-def:state state_ref="oval:com.redhat.rhba:ste:20191992002"/>
</red-def:rpminfo_test>
<red-def:rpminfo_test check="at least one" comment="libslirp is earlier than 0:4.3.1-1.module+el8.5.0+10306+3f72d66d" id="oval:com.redhat.rhba:tst:20220348023" version="635">
 <red-def:object object_ref="oval:com.redhat.rhba:obj:20220348012"/>
 <red-def:state state_ref="oval:com.redhat.rhba:ste:20220348011"/>
</red-def:rpminfo_test>
<red-def:rpminfo_test check="at least one" comment="libslirp is signed with Red Hat redhatrelease2 key" id="oval:com.redhat.rhba:tst:20220348024" version="635">
 <red-def:object object_ref="oval:com.redhat.rhba:obj:20220348012"/>
 <red-def:state state_ref="oval:com.redhat.rhba:ste:20191992002"/>
</red-def:rpminfo_test>
<red-def:rpminfo_test check="at least one" comment="libslirp-devel is earlier than 0:4.3.1-1.module+el8.5.0+10306+3f72d66d" id="oval:com.redhat.rhba:tst:20220348025" version="635">
 <red-def:object object_ref="oval:com.redhat.rhba:obj:20220348013"/>
 <red-def:state state_ref="oval:com.redhat.rhba:ste:20220348011"/>
</red-def:rpminfo_test>
<red-def:rpminfo_test check="at least one" comment="libslirp-devel is signed with Red Hat redhatrelease2 key" id="oval:com.redhat.rhba:tst:20220348026" version="635">
 <red-def:object object_ref="oval:com.redhat.rhba:obj:20220348013"/>
 <red-def:state state_ref="oval:com.redhat.rhba:ste:20191992002"/>
</red-def:rpminfo_test>
<red-def:rpminfo_test check="at least one" comment="oci-seccomp-bpf-hook is earlier than 0:1.2.0-3.module+el8.5.0+11073+ba5c6d09" id="oval:com.redhat.rhba:tst:20220348027" version="635">
 <red-def:object object_ref="oval:com.redhat.rhba:obj:20220348014"/>
 <red-def:state state_ref="oval:com.redhat.rhba:ste:20220348012"/>
</red-def:rpminfo_test>
<red-def:rpminfo_test check="at least one" comment="oci-seccomp-bpf-hook is signed with Red Hat redhatrelease2 key" id="oval:com.redhat.rhba:tst:20220348028" version="635">
 <red-def:object object_ref="oval:com.redhat.rhba:obj:20220348014"/>
 <red-def:state state_ref="oval:com.redhat.rhba:ste:20191992002"/>
</red-def:rpminfo_test>
<red-def:rpminfo_test check="at least one" comment="podman is earlier than 0:3.0.1-7.module+el8.5.0+12960+5b7d72b5" id="oval:com.redhat.rhba:tst:20220348029" version="635">
 <red-def:object object_ref="oval:com.redhat.rhba:obj:20220348015"/>
 <red-def:state state_ref="oval:com.redhat.rhba:ste:20220348013"/>
</red-def:rpminfo_test>
<red-def:rpminfo_test check="at least one" comment="podman is signed with Red Hat redhatrelease2 key" id="oval:com.redhat.rhba:tst:20220348030" version="635">
 <red-def:object object_ref="oval:com.redhat.rhba:obj:20220348015"/>
 <red-def:state state_ref="oval:com.redhat.rhba:ste:20191992002"/>
</red-def:rpminfo_test>
<red-def:rpminfo_test check="at least one" comment="podman-catatonit is earlier than 0:3.0.1-7.module+el8.5.0+12960+5b7d72b5" id="oval:com.redhat.rhba:tst:20220348031" version="635">
 <red-def:object object_ref="oval:com.redhat.rhba:obj:20220348016"/>
 <red-def:state state_ref="oval:com.redhat.rhba:ste:20220348013"/>
</red-def:rpminfo_test>
<red-def:rpminfo_test check="at least one" comment="podman-catatonit is signed with Red Hat redhatrelease2 key" id="oval:com.redhat.rhba:tst:20220348032" version="635">
 <red-def:object object_ref="oval:com.redhat.rhba:obj:20220348016"/>
 <red-def:state state_ref="oval:com.redhat.rhba:ste:20191992002"/>
</red-def:rpminfo_test>
<red-def:rpminfo_test check="at least one" comment="podman-docker is earlier than 0:3.0.1-7.module+el8.5.0+12960+5b7d72b5" id="oval:com.redhat.rhba:tst:20220348033" version="635">
 <red-def:object object_ref="oval:com.redhat.rhba:obj:20220348017"/>
 <red-def:state state_ref="oval:com.redhat.rhba:ste:20220348014"/>
</red-def:rpminfo_test>
<red-def:rpminfo_test check="at least one" comment="podman-docker is signed with Red Hat redhatrelease2 key" id="oval:com.redhat.rhba:tst:20220348034" version="635">
 <red-def:object object_ref="oval:com.redhat.rhba:obj:20220348017"/>
 <red-def:state state_ref="oval:com.redhat.rhba:ste:20191992002"/>
</red-def:rpminfo_test>
<red-def:rpminfo_test check="at least one" comment="podman-plugins is earlier than 0:3.0.1-7.module+el8.5.0+12960+5b7d72b5" id="oval:com.redhat.rhba:tst:20220348035" version="635">
 <red-def:object object_ref="oval:com.redhat.rhba:obj:20220348018"/>
 <red-def:state state_ref="oval:com.redhat.rhba:ste:20220348013"/>
</red-def:rpminfo_test>
<red-def:rpminfo_test check="at least one" comment="podman-plugins is signed with Red Hat redhatrelease2 key" id="oval:com.redhat.rhba:tst:20220348036" version="635">
 <red-def:object object_ref="oval:com.redhat.rhba:obj:20220348018"/>
 <red-def:state state_ref="oval:com.redhat.rhba:ste:20191992002"/>
</red-def:rpminfo_test>
<red-def:rpminfo_test check="at least one" comment="podman-remote is earlier than 0:3.0.1-7.module+el8.5.0+12960+5b7d72b5" id="oval:com.redhat.rhba:tst:20220348037" version="635">
 <red-def:object object_ref="oval:com.redhat.rhba:obj:20220348019"/>
 <red-def:state state_ref="oval:com.redhat.rhba:ste:20220348013"/>
</red-def:rpminfo_test>
<red-def:rpminfo_test check="at least one" comment="podman-remote is signed with Red Hat redhatrelease2 key" id="oval:com.redhat.rhba:tst:20220348038" version="635">
 <red-def:object object_ref="oval:com.redhat.rhba:obj:20220348019"/>
 <red-def:state state_ref="oval:com.redhat.rhba:ste:20191992002"/>
</red-def:rpminfo_test>
<red-def:rpminfo_test check="at least one" comment="podman-tests is earlier than 0:3.0.1-7.module+el8.5.0+12960+5b7d72b5" id="oval:com.redhat.rhba:tst:20220348039" version="635">
 <red-def:object object_ref="oval:com.redhat.rhba:obj:20220348020"/>
 <red-def:state state_ref="oval:com.redhat.rhba:ste:20220348013"/>
</red-def:rpminfo_test>
<red-def:rpminfo_test check="at least one" comment="podman-tests is signed with Red Hat redhatrelease2 key" id="oval:com.redhat.rhba:tst:20220348040" version="635">
 <red-def:object object_ref="oval:com.redhat.rhba:obj:20220348020"/>
 <red-def:state state_ref="oval:com.redhat.rhba:ste:20191992002"/>
</red-def:rpminfo_test>
<red-def:rpminfo_test check="at least one" comment="python3-criu is earlier than 0:3.15-1.module+el8.5.0+10306+3f72d66d" id="oval:com.redhat.rhba:tst:20220348041" version="635">
 <red-def:object object_ref="oval:com.redhat.rhba:obj:20220348021"/>
 <red-def:state state_ref="oval:com.redhat.rhba:ste:20220348008"/>
</red-def:rpminfo_test>
<red-def:rpminfo_test check="at least one" comment="python3-criu is signed with Red Hat redhatrelease2 key" id="oval:com.redhat.rhba:tst:20220348042" version="635">
 <red-def:object object_ref="oval:com.redhat.rhba:obj:20220348021"/>
 <red-def:state state_ref="oval:com.redhat.rhba:ste:20191992002"/>
</red-def:rpminfo_test>
<red-def:rpminfo_test check="at least one" comment="runc is earlier than 0:1.0.0-72.rc92.module+el8.5.0+12236+c988d830" id="oval:com.redhat.rhba:tst:20220348043" version="635">
 <red-def:object object_ref="oval:com.redhat.rhba:obj:20220348022"/>
 <red-def:state state_ref="oval:com.redhat.rhba:ste:20220348015"/>
</red-def:rpminfo_test>
<red-def:rpminfo_test check="at least one" comment="runc is signed with Red Hat redhatrelease2 key" id="oval:com.redhat.rhba:tst:20220348044" version="635">
 <red-def:object object_ref="oval:com.redhat.rhba:obj:20220348022"/>
 <red-def:state state_ref="oval:com.redhat.rhba:ste:20191992002"/>
</red-def:rpminfo_test>
<red-def:rpminfo_test check="at least one" comment="skopeo is earlier than 1:1.2.4-1.module+el8.5.0+13605+73abf821" id="oval:com.redhat.rhba:tst:20220348045" version="635">
 <red-def:object object_ref="oval:com.redhat.rhba:obj:20220348023"/>
 <red-def:state state_ref="oval:com.redhat.rhba:ste:20220348007"/>
</red-def:rpminfo_test>
<red-def:rpminfo_test check="at least one" comment="skopeo is signed with Red Hat redhatrelease2 key" id="oval:com.redhat.rhba:tst:20220348046" version="635">
 <red-def:object object_ref="oval:com.redhat.rhba:obj:20220348023"/>
 <red-def:state state_ref="oval:com.redhat.rhba:ste:20191992002"/>
</red-def:rpminfo_test>
<red-def:rpminfo_test check="at least one" comment="skopeo-tests is earlier than 1:1.2.4-1.module+el8.5.0+13605+73abf821" id="oval:com.redhat.rhba:tst:20220348047" version="635">
 <red-def:object object_ref="oval:com.redhat.rhba:obj:20220348024"/>
 <red-def:state state_ref="oval:com.redhat.rhba:ste:20220348007"/>
</red-def:rpminfo_test>
<red-def:rpminfo_test check="at least one" comment="skopeo-tests is signed with Red Hat redhatrelease2 key" id="oval:com.redhat.rhba:tst:20220348048" version="635">
 <red-def:object object_ref="oval:com.redhat.rhba:obj:20220348024"/>
 <red-def:state state_ref="oval:com.redhat.rhba:ste:20191992002"/>
</red-def:rpminfo_test>
<red-def:rpminfo_test check="at least one" comment="slirp4netns is earlier than 0:1.1.8-1.module+el8.5.0+10306+3f72d66d" id="oval:com.redhat.rhba:tst:20220348049" version="635">
 <red-def:object object_ref="oval:com.redhat.rhba:obj:20220348025"/>
 <red-def:state state_ref="oval:com.redhat.rhba:ste:20220348016"/>
</red-def:rpminfo_test>
<red-def:rpminfo_test check="at least one" comment="slirp4netns is signed with Red Hat redhatrelease2 key" id="oval:com.redhat.rhba:tst:20220348050" version="635">
 <red-def:object object_ref="oval:com.redhat.rhba:obj:20220348025"/>
 <red-def:state state_ref="oval:com.redhat.rhba:ste:20191992002"/>
</red-def:rpminfo_test>
<red-def:rpminfo_test check="at least one" comment="toolbox is earlier than 0:0.0.99.3-1.module+el8.5.0+13746+87221ce8" id="oval:com.redhat.rhba:tst:20220348051" version="635">
 <red-def:object object_ref="oval:com.redhat.rhba:obj:20220348026"/>
 <red-def:state state_ref="oval:com.redhat.rhba:ste:20220348017"/>
</red-def:rpminfo_test>
<red-def:rpminfo_test check="at least one" comment="toolbox is signed with Red Hat redhatrelease2 key" id="oval:com.redhat.rhba:tst:20220348052" version="635">
 <red-def:object object_ref="oval:com.redhat.rhba:obj:20220348026"/>
 <red-def:state state_ref="oval:com.redhat.rhba:ste:20191992002"/>
</red-def:rpminfo_test>
<red-def:rpminfo_test check="at least one" comment="toolbox-tests is earlier than 0:0.0.99.3-1.module+el8.5.0+13746+87221ce8" id="oval:com.redhat.rhba:tst:20220348053" version="635">
 <red-def:object object_ref="oval:com.redhat.rhba:obj:20220348027"/>
 <red-def:state state_ref="oval:com.redhat.rhba:ste:20220348017"/>
</red-def:rpminfo_test>
<red-def:rpminfo_test check="at least one" comment="toolbox-tests is signed with Red Hat redhatrelease2 key" id="oval:com.redhat.rhba:tst:20220348054" version="635">
 <red-def:object object_ref="oval:com.redhat.rhba:obj:20220348027"/>
 <red-def:state state_ref="oval:com.redhat.rhba:ste:20191992002"/>
</red-def:rpminfo_test>
<red-def:rpminfo_test check="at least one" comment="udica is earlier than 0:0.2.4-1.module+el8.5.0+10306+3f72d66d" id="oval:com.redhat.rhba:tst:20220348055" version="635">
 <red-def:object object_ref="oval:com.redhat.rhba:obj:20220348028"/>
 <red-def:state state_ref="oval:com.redhat.rhba:ste:20220348018"/>
</red-def:rpminfo_test>
<red-def:rpminfo_test check="at least one" comment="udica is signed with Red Hat redhatrelease2 key" id="oval:com.redhat.rhba:tst:20220348056" version="635">
 <red-def:object object_ref="oval:com.redhat.rhba:obj:20220348028"/>
 <red-def:state state_ref="oval:com.redhat.rhba:ste:20191992002"/>
</red-def:rpminfo_test>
<ind-def:textfilecontent54_test check="all" comment="Module container-tools:3.0 is enabled" id="oval:com.redhat.rhba:tst:20220348057" version="635">
 <ind-def:object object_ref="oval:com.redhat.rhba:obj:20220348029"/>
 <ind-def:state state_ref="oval:com.redhat.rhba:ste:20220348019"/>
</ind-def:textfilecontent54_test>
<red-def:rpminfo_test check="at least one" comment="aspnetcore-runtime-3.1 is earlier than 0:3.1.24-1.el8_5" id="oval:com.redhat.rhba:tst:20221386001" version="636">
 <red-def:object object_ref="oval:com.redhat.rhba:obj:20221386001"/>
 <red-def:state state_ref="oval:com.redhat.rhba:ste:20221386001"/>
</red-def:rpminfo_test>
<red-def:rpminfo_test check="at least one" comment="aspnetcore-runtime-3.1 is signed with Red Hat redhatrelease2 key" id="oval:com.redhat.rhba:tst:20221386002" version="636">
 <red-def:object object_ref="oval:com.redhat.rhba:obj:20221386001"/>
 <red-def:state state_ref="oval:com.redhat.rhba:ste:20191992002"/>
</red-def:rpminfo_test>
<red-def:rpminfo_test check="at least one" comment="aspnetcore-targeting-pack-3.1 is earlier than 0:3.1.24-1.el8_5" id="oval:com.redhat.rhba:tst:20221386003" version="636">
 <red-def:object object_ref="oval:com.redhat.rhba:obj:20221386002"/>
 <red-def:state state_ref="oval:com.redhat.rhba:ste:20221386001"/>
</red-def:rpminfo_test>
<red-def:rpminfo_test check="at least one" comment="aspnetcore-targeting-pack-3.1 is signed with Red Hat redhatrelease2 key" id="oval:com.redhat.rhba:tst:20221386004" version="636">
 <red-def:object object_ref="oval:com.redhat.rhba:obj:20221386002"/>
 <red-def:state state_ref="oval:com.redhat.rhba:ste:20191992002"/>
</red-def:rpminfo_test>
<red-def:rpminfo_test check="at least one" comment="dotnet-apphost-pack-3.1 is earlier than 0:3.1.24-1.el8_5" id="oval:com.redhat.rhba:tst:20221386005" version="636">
 <red-def:object object_ref="oval:com.redhat.rhba:obj:20221386003"/>
 <red-def:state state_ref="oval:com.redhat.rhba:ste:20221386001"/>
</red-def:rpminfo_test>
<red-def:rpminfo_test check="at least one" comment="dotnet-apphost-pack-3.1 is signed with Red Hat redhatrelease2 key" id="oval:com.redhat.rhba:tst:20221386006" version="636">
 <red-def:object object_ref="oval:com.redhat.rhba:obj:20221386003"/>
 <red-def:state state_ref="oval:com.redhat.rhba:ste:20191992002"/>
</red-def:rpminfo_test>
<red-def:rpminfo_test check="at least one" comment="dotnet-hostfxr-3.1 is earlier than 0:3.1.24-1.el8_5" id="oval:com.redhat.rhba:tst:20221386007" version="636">
 <red-def:object object_ref="oval:com.redhat.rhba:obj:20221386004"/>
 <red-def:state state_ref="oval:com.redhat.rhba:ste:20221386001"/>
</red-def:rpminfo_test>
<red-def:rpminfo_test check="at least one" comment="dotnet-hostfxr-3.1 is signed with Red Hat redhatrelease2 key" id="oval:com.redhat.rhba:tst:20221386008" version="636">
 <red-def:object object_ref="oval:com.redhat.rhba:obj:20221386004"/>
 <red-def:state state_ref="oval:com.redhat.rhba:ste:20191992002"/>
</red-def:rpminfo_test>
<red-def:rpminfo_test check="at least one" comment="dotnet-runtime-3.1 is earlier than 0:3.1.24-1.el8_5" id="oval:com.redhat.rhba:tst:20221386009" version="636">
 <red-def:object object_ref="oval:com.redhat.rhba:obj:20221386005"/>
 <red-def:state state_ref="oval:com.redhat.rhba:ste:20221386001"/>
</red-def:rpminfo_test>
<red-def:rpminfo_test check="at least one" comment="dotnet-runtime-3.1 is signed with Red Hat redhatrelease2 key" id="oval:com.redhat.rhba:tst:20221386010" version="636">
 <red-def:object object_ref="oval:com.redhat.rhba:obj:20221386005"/>
 <red-def:state state_ref="oval:com.redhat.rhba:ste:20191992002"/>
</red-def:rpminfo_test>
<red-def:rpminfo_test check="at least one" comment="dotnet-sdk-3.1 is earlier than 0:3.1.418-1.el8_5" id="oval:com.redhat.rhba:tst:20221386011" version="636">
 <red-def:object object_ref="oval:com.redhat.rhba:obj:20221386006"/>
 <red-def:state state_ref="oval:com.redhat.rhba:ste:20221386003"/>
</red-def:rpminfo_test>
<red-def:rpminfo_test check="at least one" comment="dotnet-sdk-3.1 is signed with Red Hat redhatrelease2 key" id="oval:com.redhat.rhba:tst:20221386012" version="636">
 <red-def:object object_ref="oval:com.redhat.rhba:obj:20221386006"/>
 <red-def:state state_ref="oval:com.redhat.rhba:ste:20191992002"/>
</red-def:rpminfo_test>
<red-def:rpminfo_test check="at least one" comment="dotnet-sdk-3.1-source-built-artifacts is earlier than 0:3.1.418-1.el8_5" id="oval:com.redhat.rhba:tst:20221386013" version="636">
 <red-def:object object_ref="oval:com.redhat.rhba:obj:20221386007"/>
 <red-def:state state_ref="oval:com.redhat.rhba:ste:20221386003"/>
</red-def:rpminfo_test>
<red-def:rpminfo_test check="at least one" comment="dotnet-sdk-3.1-source-built-artifacts is signed with Red Hat redhatrelease2 key" id="oval:com.redhat.rhba:tst:20221386014" version="636">
 <red-def:object object_ref="oval:com.redhat.rhba:obj:20221386007"/>
 <red-def:state state_ref="oval:com.redhat.rhba:ste:20191992002"/>
</red-def:rpminfo_test>
<red-def:rpminfo_test check="at least one" comment="dotnet-targeting-pack-3.1 is earlier than 0:3.1.24-1.el8_5" id="oval:com.redhat.rhba:tst:20221386015" version="636">
 <red-def:object object_ref="oval:com.redhat.rhba:obj:20221386008"/>
 <red-def:state state_ref="oval:com.redhat.rhba:ste:20221386001"/>
</red-def:rpminfo_test>
<red-def:rpminfo_test check="at least one" comment="dotnet-targeting-pack-3.1 is signed with Red Hat redhatrelease2 key" id="oval:com.redhat.rhba:tst:20221386016" version="636">
 <red-def:object object_ref="oval:com.redhat.rhba:obj:20221386008"/>
 <red-def:state state_ref="oval:com.redhat.rhba:ste:20191992002"/>
</red-def:rpminfo_test>
<red-def:rpminfo_test check="at least one" comment="dotnet-templates-3.1 is earlier than 0:3.1.418-1.el8_5" id="oval:com.redhat.rhba:tst:20221386017" version="636">
 <red-def:object object_ref="oval:com.redhat.rhba:obj:20221386009"/>
 <red-def:state state_ref="oval:com.redhat.rhba:ste:20221386003"/>
</red-def:rpminfo_test>
<red-def:rpminfo_test check="at least one" comment="dotnet-templates-3.1 is signed with Red Hat redhatrelease2 key" id="oval:com.redhat.rhba:tst:20221386018" version="636">
 <red-def:object object_ref="oval:com.redhat.rhba:obj:20221386009"/>
 <red-def:state state_ref="oval:com.redhat.rhba:ste:20191992002"/>
</red-def:rpminfo_test>
<red-def:rpminfo_test check="at least one" comment="libtirpc is earlier than 0:1.1.4-6.el8" id="oval:com.redhat.rhba:tst:20222065001" version="635">
 <red-def:object object_ref="oval:com.redhat.rhba:obj:20222065001"/>
 <red-def:state state_ref="oval:com.redhat.rhba:ste:20222065001"/>
</red-def:rpminfo_test>
<red-def:rpminfo_test check="at least one" comment="libtirpc is signed with Red Hat redhatrelease2 key" id="oval:com.redhat.rhba:tst:20222065002" version="635">
 <red-def:object object_ref="oval:com.redhat.rhba:obj:20222065001"/>
 <red-def:state state_ref="oval:com.redhat.rhba:ste:20191992002"/>
</red-def:rpminfo_test>
<red-def:rpminfo_test check="at least one" comment="libtirpc-devel is earlier than 0:1.1.4-6.el8" id="oval:com.redhat.rhba:tst:20222065003" version="635">
 <red-def:object object_ref="oval:com.redhat.rhba:obj:20222065002"/>
 <red-def:state state_ref="oval:com.redhat.rhba:ste:20222065001"/>
</red-def:rpminfo_test>
<red-def:rpminfo_test check="at least one" comment="libtirpc-devel is signed with Red Hat redhatrelease2 key" id="oval:com.redhat.rhba:tst:20222065004" version="635">
 <red-def:object object_ref="oval:com.redhat.rhba:obj:20222065002"/>
 <red-def:state state_ref="oval:com.redhat.rhba:ste:20191992002"/>
</red-def:rpminfo_test>
<red-def:rpminfo_test check="at least one" comment="aspnetcore-runtime-6.0 is earlier than 0:6.0.7-1.el8_6" id="oval:com.redhat.rhba:tst:20225747001" version="636">
 <red-def:object object_ref="oval:com.redhat.rhba:obj:20225747001"/>
 <red-def:state state_ref="oval:com.redhat.rhba:ste:20225747001"/>
</red-def:rpminfo_test>
<red-def:rpminfo_test check="at least one" comment="aspnetcore-runtime-6.0 is signed with Red Hat redhatrelease2 key" id="oval:com.redhat.rhba:tst:20225747002" version="636">
 <red-def:object object_ref="oval:com.redhat.rhba:obj:20225747001"/>
 <red-def:state state_ref="oval:com.redhat.rhba:ste:20191992002"/>
</red-def:rpminfo_test>
<red-def:rpminfo_test check="at least one" comment="aspnetcore-targeting-pack-6.0 is earlier than 0:6.0.7-1.el8_6" id="oval:com.redhat.rhba:tst:20225747003" version="636">
 <red-def:object object_ref="oval:com.redhat.rhba:obj:20225747002"/>
 <red-def:state state_ref="oval:com.redhat.rhba:ste:20225747001"/>
</red-def:rpminfo_test>
<red-def:rpminfo_test check="at least one" comment="aspnetcore-targeting-pack-6.0 is signed with Red Hat redhatrelease2 key" id="oval:com.redhat.rhba:tst:20225747004" version="636">
 <red-def:object object_ref="oval:com.redhat.rhba:obj:20225747002"/>
 <red-def:state state_ref="oval:com.redhat.rhba:ste:20191992002"/>
</red-def:rpminfo_test>
<red-def:rpminfo_test check="at least one" comment="dotnet is earlier than 0:6.0.107-1.el8_6" id="oval:com.redhat.rhba:tst:20225747005" version="636">
 <red-def:object object_ref="oval:com.redhat.rhba:obj:20225747003"/>
 <red-def:state state_ref="oval:com.redhat.rhba:ste:20225747003"/>
</red-def:rpminfo_test>
<red-def:rpminfo_test check="at least one" comment="dotnet is signed with Red Hat redhatrelease2 key" id="oval:com.redhat.rhba:tst:20225747006" version="636">
 <red-def:object object_ref="oval:com.redhat.rhba:obj:20225747003"/>
 <red-def:state state_ref="oval:com.redhat.rhba:ste:20191992002"/>
</red-def:rpminfo_test>
<red-def:rpminfo_test check="at least one" comment="dotnet-apphost-pack-6.0 is earlier than 0:6.0.7-1.el8_6" id="oval:com.redhat.rhba:tst:20225747007" version="636">
 <red-def:object object_ref="oval:com.redhat.rhba:obj:20225747004"/>
 <red-def:state state_ref="oval:com.redhat.rhba:ste:20225747001"/>
</red-def:rpminfo_test>
<red-def:rpminfo_test check="at least one" comment="dotnet-apphost-pack-6.0 is signed with Red Hat redhatrelease2 key" id="oval:com.redhat.rhba:tst:20225747008" version="636">
 <red-def:object object_ref="oval:com.redhat.rhba:obj:20225747004"/>
 <red-def:state state_ref="oval:com.redhat.rhba:ste:20191992002"/>
</red-def:rpminfo_test>
<red-def:rpminfo_test check="at least one" comment="dotnet-host is earlier than 0:6.0.7-1.el8_6" id="oval:com.redhat.rhba:tst:20225747009" version="636">
 <red-def:object object_ref="oval:com.redhat.rhba:obj:20225747005"/>
 <red-def:state state_ref="oval:com.redhat.rhba:ste:20225747001"/>
</red-def:rpminfo_test>
<red-def:rpminfo_test check="at least one" comment="dotnet-host is signed with Red Hat redhatrelease2 key" id="oval:com.redhat.rhba:tst:20225747010" version="636">
 <red-def:object object_ref="oval:com.redhat.rhba:obj:20225747005"/>
 <red-def:state state_ref="oval:com.redhat.rhba:ste:20191992002"/>
</red-def:rpminfo_test>
<red-def:rpminfo_test check="at least one" comment="dotnet-hostfxr-6.0 is earlier than 0:6.0.7-1.el8_6" id="oval:com.redhat.rhba:tst:20225747011" version="636">
 <red-def:object object_ref="oval:com.redhat.rhba:obj:20225747006"/>
 <red-def:state state_ref="oval:com.redhat.rhba:ste:20225747001"/>
</red-def:rpminfo_test>
<red-def:rpminfo_test check="at least one" comment="dotnet-hostfxr-6.0 is signed with Red Hat redhatrelease2 key" id="oval:com.redhat.rhba:tst:20225747012" version="636">
 <red-def:object object_ref="oval:com.redhat.rhba:obj:20225747006"/>
 <red-def:state state_ref="oval:com.redhat.rhba:ste:20191992002"/>
</red-def:rpminfo_test>
<red-def:rpminfo_test check="at least one" comment="dotnet-runtime-6.0 is earlier than 0:6.0.7-1.el8_6" id="oval:com.redhat.rhba:tst:20225747013" version="636">
 <red-def:object object_ref="oval:com.redhat.rhba:obj:20225747007"/>
 <red-def:state state_ref="oval:com.redhat.rhba:ste:20225747001"/>
</red-def:rpminfo_test>
<red-def:rpminfo_test check="at least one" comment="dotnet-runtime-6.0 is signed with Red Hat redhatrelease2 key" id="oval:com.redhat.rhba:tst:20225747014" version="636">
 <red-def:object object_ref="oval:com.redhat.rhba:obj:20225747007"/>
 <red-def:state state_ref="oval:com.redhat.rhba:ste:20191992002"/>
</red-def:rpminfo_test>
<red-def:rpminfo_test check="at least one" comment="dotnet-sdk-6.0 is earlier than 0:6.0.107-1.el8_6" id="oval:com.redhat.rhba:tst:20225747015" version="636">
 <red-def:object object_ref="oval:com.redhat.rhba:obj:20225747008"/>
 <red-def:state state_ref="oval:com.redhat.rhba:ste:20225747003"/>
</red-def:rpminfo_test>
<red-def:rpminfo_test check="at least one" comment="dotnet-sdk-6.0 is signed with Red Hat redhatrelease2 key" id="oval:com.redhat.rhba:tst:20225747016" version="636">
 <red-def:object object_ref="oval:com.redhat.rhba:obj:20225747008"/>
 <red-def:state state_ref="oval:com.redhat.rhba:ste:20191992002"/>
</red-def:rpminfo_test>
<red-def:rpminfo_test check="at least one" comment="dotnet-sdk-6.0-source-built-artifacts is earlier than 0:6.0.107-1.el8_6" id="oval:com.redhat.rhba:tst:20225747017" version="636">
 <red-def:object object_ref="oval:com.redhat.rhba:obj:20225747009"/>
 <red-def:state state_ref="oval:com.redhat.rhba:ste:20225747003"/>
</red-def:rpminfo_test>
<red-def:rpminfo_test check="at least one" comment="dotnet-sdk-6.0-source-built-artifacts is signed with Red Hat redhatrelease2 key" id="oval:com.redhat.rhba:tst:20225747018" version="636">
 <red-def:object object_ref="oval:com.redhat.rhba:obj:20225747009"/>
 <red-def:state state_ref="oval:com.redhat.rhba:ste:20191992002"/>
</red-def:rpminfo_test>
<red-def:rpminfo_test check="at least one" comment="dotnet-targeting-pack-6.0 is earlier than 0:6.0.7-1.el8_6" id="oval:com.redhat.rhba:tst:20225747019" version="636">
 <red-def:object object_ref="oval:com.redhat.rhba:obj:20225747010"/>
 <red-def:state state_ref="oval:com.redhat.rhba:ste:20225747001"/>
</red-def:rpminfo_test>
<red-def:rpminfo_test check="at least one" comment="dotnet-targeting-pack-6.0 is signed with Red Hat redhatrelease2 key" id="oval:com.redhat.rhba:tst:20225747020" version="636">
 <red-def:object object_ref="oval:com.redhat.rhba:obj:20225747010"/>
 <red-def:state state_ref="oval:com.redhat.rhba:ste:20191992002"/>
</red-def:rpminfo_test>
<red-def:rpminfo_test check="at least one" comment="dotnet-templates-6.0 is earlier than 0:6.0.107-1.el8_6" id="oval:com.redhat.rhba:tst:20225747021" version="636">
 <red-def:object object_ref="oval:com.redhat.rhba:obj:20225747011"/>
 <red-def:state state_ref="oval:com.redhat.rhba:ste:20225747003"/>
</red-def:rpminfo_test>
<red-def:rpminfo_test check="at least one" comment="dotnet-templates-6.0 is signed with Red Hat redhatrelease2 key" id="oval:com.redhat.rhba:tst:20225747022" version="636">
 <red-def:object object_ref="oval:com.redhat.rhba:obj:20225747011"/>
 <red-def:state state_ref="oval:com.redhat.rhba:ste:20191992002"/>
</red-def:rpminfo_test>
<red-def:rpminfo_test check="at least one" comment="netstandard-targeting-pack-2.1 is earlier than 0:6.0.107-1.el8_6" id="oval:com.redhat.rhba:tst:20225747023" version="636">
 <red-def:object object_ref="oval:com.redhat.rhba:obj:20225747012"/>
 <red-def:state state_ref="oval:com.redhat.rhba:ste:20225747003"/>
</red-def:rpminfo_test>
<red-def:rpminfo_test check="at least one" comment="netstandard-targeting-pack-2.1 is signed with Red Hat redhatrelease2 key" id="oval:com.redhat.rhba:tst:20225747024" version="636">
 <red-def:object object_ref="oval:com.redhat.rhba:obj:20225747012"/>
 <red-def:state state_ref="oval:com.redhat.rhba:ste:20191992002"/>
</red-def:rpminfo_test>
<red-def:rpminfo_test check="at least one" comment="qatzip is earlier than 0:1.0.9-1.el8" id="oval:com.redhat.rhba:tst:20227667001" version="635">
 <red-def:object object_ref="oval:com.redhat.rhba:obj:20227667001"/>
 <red-def:state state_ref="oval:com.redhat.rhba:ste:20227667001"/>
</red-def:rpminfo_test>
<red-def:rpminfo_test check="at least one" comment="qatzip is signed with Red Hat redhatrelease2 key" id="oval:com.redhat.rhba:tst:20227667002" version="635">
 <red-def:object object_ref="oval:com.redhat.rhba:obj:20227667001"/>
 <red-def:state state_ref="oval:com.redhat.rhba:ste:20191992002"/>
</red-def:rpminfo_test>
<red-def:rpminfo_test check="at least one" comment="qatzip-devel is earlier than 0:1.0.9-1.el8" id="oval:com.redhat.rhba:tst:20227667003" version="635">
 <red-def:object object_ref="oval:com.redhat.rhba:obj:20227667002"/>
 <red-def:state state_ref="oval:com.redhat.rhba:ste:20227667001"/>
</red-def:rpminfo_test>
<red-def:rpminfo_test check="at least one" comment="qatzip-devel is signed with Red Hat redhatrelease2 key" id="oval:com.redhat.rhba:tst:20227667004" version="635">
 <red-def:object object_ref="oval:com.redhat.rhba:obj:20227667002"/>
 <red-def:state state_ref="oval:com.redhat.rhba:ste:20191992002"/>
</red-def:rpminfo_test>
<red-def:rpminfo_test check="at least one" comment="qatzip-libs is earlier than 0:1.0.9-1.el8" id="oval:com.redhat.rhba:tst:20227667005" version="635">
 <red-def:object object_ref="oval:com.redhat.rhba:obj:20227667003"/>
 <red-def:state state_ref="oval:com.redhat.rhba:ste:20227667001"/>
</red-def:rpminfo_test>
<red-def:rpminfo_test check="at least one" comment="qatzip-libs is signed with Red Hat redhatrelease2 key" id="oval:com.redhat.rhba:tst:20227667006" version="635">
 <red-def:object object_ref="oval:com.redhat.rhba:obj:20227667003"/>
 <red-def:state state_ref="oval:com.redhat.rhba:ste:20191992002"/>
</red-def:rpminfo_test>
<red-def:rpminfo_test check="at least one" comment="iwl100-firmware is earlier than 0:39.31.5.1-114.el8_8.1" id="oval:com.redhat.rhba:tst:20232977001" version="634">
 <red-def:object object_ref="oval:com.redhat.rhba:obj:20232977001"/>
 <red-def:state state_ref="oval:com.redhat.rhba:ste:20232977001"/>
</red-def:rpminfo_test>
<red-def:rpminfo_test check="at least one" comment="iwl100-firmware is signed with Red Hat redhatrelease2 key" id="oval:com.redhat.rhba:tst:20232977002" version="634">
 <red-def:object object_ref="oval:com.redhat.rhba:obj:20232977001"/>
 <red-def:state state_ref="oval:com.redhat.rhba:ste:20191992002"/>
</red-def:rpminfo_test>
<red-def:rpminfo_test check="at least one" comment="iwl1000-firmware is earlier than 1:39.31.5.1-114.el8_8.1" id="oval:com.redhat.rhba:tst:20232977003" version="634">
 <red-def:object object_ref="oval:com.redhat.rhba:obj:20232977002"/>
 <red-def:state state_ref="oval:com.redhat.rhba:ste:20232977003"/>
</red-def:rpminfo_test>
<red-def:rpminfo_test check="at least one" comment="iwl1000-firmware is signed with Red Hat redhatrelease2 key" id="oval:com.redhat.rhba:tst:20232977004" version="634">
 <red-def:object object_ref="oval:com.redhat.rhba:obj:20232977002"/>
 <red-def:state state_ref="oval:com.redhat.rhba:ste:20191992002"/>
</red-def:rpminfo_test>
<red-def:rpminfo_test check="at least one" comment="iwl105-firmware is earlier than 0:18.168.6.1-114.el8_8.1" id="oval:com.redhat.rhba:tst:20232977005" version="634">
 <red-def:object object_ref="oval:com.redhat.rhba:obj:20232977003"/>
 <red-def:state state_ref="oval:com.redhat.rhba:ste:20232977004"/>
</red-def:rpminfo_test>
<red-def:rpminfo_test check="at least one" comment="iwl105-firmware is signed with Red Hat redhatrelease2 key" id="oval:com.redhat.rhba:tst:20232977006" version="634">
 <red-def:object object_ref="oval:com.redhat.rhba:obj:20232977003"/>
 <red-def:state state_ref="oval:com.redhat.rhba:ste:20191992002"/>
</red-def:rpminfo_test>
<red-def:rpminfo_test check="at least one" comment="iwl135-firmware is earlier than 0:18.168.6.1-114.el8_8.1" id="oval:com.redhat.rhba:tst:20232977007" version="634">
 <red-def:object object_ref="oval:com.redhat.rhba:obj:20232977004"/>
 <red-def:state state_ref="oval:com.redhat.rhba:ste:20232977004"/>
</red-def:rpminfo_test>
<red-def:rpminfo_test check="at least one" comment="iwl135-firmware is signed with Red Hat redhatrelease2 key" id="oval:com.redhat.rhba:tst:20232977008" version="634">
 <red-def:object object_ref="oval:com.redhat.rhba:obj:20232977004"/>
 <red-def:state state_ref="oval:com.redhat.rhba:ste:20191992002"/>
</red-def:rpminfo_test>
<red-def:rpminfo_test check="at least one" comment="iwl2000-firmware is earlier than 0:18.168.6.1-114.el8_8.1" id="oval:com.redhat.rhba:tst:20232977009" version="634">
 <red-def:object object_ref="oval:com.redhat.rhba:obj:20232977005"/>
 <red-def:state state_ref="oval:com.redhat.rhba:ste:20232977004"/>
</red-def:rpminfo_test>
<red-def:rpminfo_test check="at least one" comment="iwl2000-firmware is signed with Red Hat redhatrelease2 key" id="oval:com.redhat.rhba:tst:20232977010" version="634">
 <red-def:object object_ref="oval:com.redhat.rhba:obj:20232977005"/>
 <red-def:state state_ref="oval:com.redhat.rhba:ste:20191992002"/>
</red-def:rpminfo_test>
<red-def:rpminfo_test check="at least one" comment="iwl2030-firmware is earlier than 0:18.168.6.1-114.el8_8.1" id="oval:com.redhat.rhba:tst:20232977011" version="634">
 <red-def:object object_ref="oval:com.redhat.rhba:obj:20232977006"/>
 <red-def:state state_ref="oval:com.redhat.rhba:ste:20232977004"/>
</red-def:rpminfo_test>
<red-def:rpminfo_test check="at least one" comment="iwl2030-firmware is signed with Red Hat redhatrelease2 key" id="oval:com.redhat.rhba:tst:20232977012" version="634">
 <red-def:object object_ref="oval:com.redhat.rhba:obj:20232977006"/>
 <red-def:state state_ref="oval:com.redhat.rhba:ste:20191992002"/>
</red-def:rpminfo_test>
<red-def:rpminfo_test check="at least one" comment="iwl3160-firmware is earlier than 1:25.30.13.0-114.el8_8.1" id="oval:com.redhat.rhba:tst:20232977013" version="634">
 <red-def:object object_ref="oval:com.redhat.rhba:obj:20232977007"/>
 <red-def:state state_ref="oval:com.redhat.rhba:ste:20232977005"/>
</red-def:rpminfo_test>
<red-def:rpminfo_test check="at least one" comment="iwl3160-firmware is signed with Red Hat redhatrelease2 key" id="oval:com.redhat.rhba:tst:20232977014" version="634">
 <red-def:object object_ref="oval:com.redhat.rhba:obj:20232977007"/>
 <red-def:state state_ref="oval:com.redhat.rhba:ste:20191992002"/>
</red-def:rpminfo_test>
<red-def:rpminfo_test check="at least one" comment="iwl3945-firmware is earlier than 0:15.32.2.9-114.el8_8.1" id="oval:com.redhat.rhba:tst:20232977015" version="634">
 <red-def:object object_ref="oval:com.redhat.rhba:obj:20232977008"/>
 <red-def:state state_ref="oval:com.redhat.rhba:ste:20232977006"/>
</red-def:rpminfo_test>
<red-def:rpminfo_test check="at least one" comment="iwl3945-firmware is signed with Red Hat redhatrelease2 key" id="oval:com.redhat.rhba:tst:20232977016" version="634">
 <red-def:object object_ref="oval:com.redhat.rhba:obj:20232977008"/>
 <red-def:state state_ref="oval:com.redhat.rhba:ste:20191992002"/>
</red-def:rpminfo_test>
<red-def:rpminfo_test check="at least one" comment="iwl4965-firmware is earlier than 0:228.61.2.24-114.el8_8.1" id="oval:com.redhat.rhba:tst:20232977017" version="634">
 <red-def:object object_ref="oval:com.redhat.rhba:obj:20232977009"/>
 <red-def:state state_ref="oval:com.redhat.rhba:ste:20232977007"/>
</red-def:rpminfo_test>
<red-def:rpminfo_test check="at least one" comment="iwl4965-firmware is signed with Red Hat redhatrelease2 key" id="oval:com.redhat.rhba:tst:20232977018" version="634">
 <red-def:object object_ref="oval:com.redhat.rhba:obj:20232977009"/>
 <red-def:state state_ref="oval:com.redhat.rhba:ste:20191992002"/>
</red-def:rpminfo_test>
<red-def:rpminfo_test check="at least one" comment="iwl5000-firmware is earlier than 0:8.83.5.1_1-114.el8_8.1" id="oval:com.redhat.rhba:tst:20232977019" version="634">
 <red-def:object object_ref="oval:com.redhat.rhba:obj:20232977010"/>
 <red-def:state state_ref="oval:com.redhat.rhba:ste:20232977008"/>
</red-def:rpminfo_test>
<red-def:rpminfo_test check="at least one" comment="iwl5000-firmware is signed with Red Hat redhatrelease2 key" id="oval:com.redhat.rhba:tst:20232977020" version="634">
 <red-def:object object_ref="oval:com.redhat.rhba:obj:20232977010"/>
 <red-def:state state_ref="oval:com.redhat.rhba:ste:20191992002"/>
</red-def:rpminfo_test>
<red-def:rpminfo_test check="at least one" comment="iwl5150-firmware is earlier than 0:8.24.2.2-114.el8_8.1" id="oval:com.redhat.rhba:tst:20232977021" version="634">
 <red-def:object object_ref="oval:com.redhat.rhba:obj:20232977011"/>
 <red-def:state state_ref="oval:com.redhat.rhba:ste:20232977009"/>
</red-def:rpminfo_test>
<red-def:rpminfo_test check="at least one" comment="iwl5150-firmware is signed with Red Hat redhatrelease2 key" id="oval:com.redhat.rhba:tst:20232977022" version="634">
 <red-def:object object_ref="oval:com.redhat.rhba:obj:20232977011"/>
 <red-def:state state_ref="oval:com.redhat.rhba:ste:20191992002"/>
</red-def:rpminfo_test>
<red-def:rpminfo_test check="at least one" comment="iwl6000-firmware is earlier than 0:9.221.4.1-114.el8_8.1" id="oval:com.redhat.rhba:tst:20232977023" version="634">
 <red-def:object object_ref="oval:com.redhat.rhba:obj:20232977012"/>
 <red-def:state state_ref="oval:com.redhat.rhba:ste:20232977010"/>
</red-def:rpminfo_test>
<red-def:rpminfo_test check="at least one" comment="iwl6000-firmware is signed with Red Hat redhatrelease2 key" id="oval:com.redhat.rhba:tst:20232977024" version="634">
 <red-def:object object_ref="oval:com.redhat.rhba:obj:20232977012"/>
 <red-def:state state_ref="oval:com.redhat.rhba:ste:20191992002"/>
</red-def:rpminfo_test>
<red-def:rpminfo_test check="at least one" comment="iwl6000g2a-firmware is earlier than 0:18.168.6.1-114.el8_8.1" id="oval:com.redhat.rhba:tst:20232977025" version="634">
 <red-def:object object_ref="oval:com.redhat.rhba:obj:20232977013"/>
 <red-def:state state_ref="oval:com.redhat.rhba:ste:20232977004"/>
</red-def:rpminfo_test>
<red-def:rpminfo_test check="at least one" comment="iwl6000g2a-firmware is signed with Red Hat redhatrelease2 key" id="oval:com.redhat.rhba:tst:20232977026" version="634">
 <red-def:object object_ref="oval:com.redhat.rhba:obj:20232977013"/>
 <red-def:state state_ref="oval:com.redhat.rhba:ste:20191992002"/>
</red-def:rpminfo_test>
<red-def:rpminfo_test check="at least one" comment="iwl6000g2b-firmware is earlier than 0:18.168.6.1-114.el8_8.1" id="oval:com.redhat.rhba:tst:20232977027" version="634">
 <red-def:object object_ref="oval:com.redhat.rhba:obj:20232977014"/>
 <red-def:state state_ref="oval:com.redhat.rhba:ste:20232977004"/>
</red-def:rpminfo_test>
<red-def:rpminfo_test check="at least one" comment="iwl6000g2b-firmware is signed with Red Hat redhatrelease2 key" id="oval:com.redhat.rhba:tst:20232977028" version="634">
 <red-def:object object_ref="oval:com.redhat.rhba:obj:20232977014"/>
 <red-def:state state_ref="oval:com.redhat.rhba:ste:20191992002"/>
</red-def:rpminfo_test>
<red-def:rpminfo_test check="at least one" comment="iwl6050-firmware is earlier than 0:41.28.5.1-114.el8_8.1" id="oval:com.redhat.rhba:tst:20232977029" version="634">
 <red-def:object object_ref="oval:com.redhat.rhba:obj:20232977015"/>
 <red-def:state state_ref="oval:com.redhat.rhba:ste:20232977011"/>
</red-def:rpminfo_test>
<red-def:rpminfo_test check="at least one" comment="iwl6050-firmware is signed with Red Hat redhatrelease2 key" id="oval:com.redhat.rhba:tst:20232977030" version="634">
 <red-def:object object_ref="oval:com.redhat.rhba:obj:20232977015"/>
 <red-def:state state_ref="oval:com.redhat.rhba:ste:20191992002"/>
</red-def:rpminfo_test>
<red-def:rpminfo_test check="at least one" comment="iwl7260-firmware is earlier than 1:25.30.13.0-114.el8_8.1" id="oval:com.redhat.rhba:tst:20232977031" version="634">
 <red-def:object object_ref="oval:com.redhat.rhba:obj:20232977016"/>
 <red-def:state state_ref="oval:com.redhat.rhba:ste:20232977005"/>
</red-def:rpminfo_test>
<red-def:rpminfo_test check="at least one" comment="iwl7260-firmware is signed with Red Hat redhatrelease2 key" id="oval:com.redhat.rhba:tst:20232977032" version="634">
 <red-def:object object_ref="oval:com.redhat.rhba:obj:20232977016"/>
 <red-def:state state_ref="oval:com.redhat.rhba:ste:20191992002"/>
</red-def:rpminfo_test>
<red-def:rpminfo_test check="at least one" comment="libertas-sd8686-firmware is earlier than 0:20230404-114.git2e92a49f.el8_8" id="oval:com.redhat.rhba:tst:20232977033" version="634">
 <red-def:object object_ref="oval:com.redhat.rhba:obj:20232977017"/>
 <red-def:state state_ref="oval:com.redhat.rhba:ste:20232977012"/>
</red-def:rpminfo_test>
<red-def:rpminfo_test check="at least one" comment="libertas-sd8686-firmware is signed with Red Hat redhatrelease2 key" id="oval:com.redhat.rhba:tst:20232977034" version="634">
 <red-def:object object_ref="oval:com.redhat.rhba:obj:20232977017"/>
 <red-def:state state_ref="oval:com.redhat.rhba:ste:20191992002"/>
</red-def:rpminfo_test>
<red-def:rpminfo_test check="at least one" comment="libertas-sd8787-firmware is earlier than 0:20230404-114.git2e92a49f.el8_8" id="oval:com.redhat.rhba:tst:20232977035" version="634">
 <red-def:object object_ref="oval:com.redhat.rhba:obj:20232977018"/>
 <red-def:state state_ref="oval:com.redhat.rhba:ste:20232977012"/>
</red-def:rpminfo_test>
<red-def:rpminfo_test check="at least one" comment="libertas-sd8787-firmware is signed with Red Hat redhatrelease2 key" id="oval:com.redhat.rhba:tst:20232977036" version="634">
 <red-def:object object_ref="oval:com.redhat.rhba:obj:20232977018"/>
 <red-def:state state_ref="oval:com.redhat.rhba:ste:20191992002"/>
</red-def:rpminfo_test>
<red-def:rpminfo_test check="at least one" comment="libertas-usb8388-firmware is earlier than 2:20230404-114.git2e92a49f.el8_8" id="oval:com.redhat.rhba:tst:20232977037" version="634">
 <red-def:object object_ref="oval:com.redhat.rhba:obj:20232977019"/>
 <red-def:state state_ref="oval:com.redhat.rhba:ste:20232977013"/>
</red-def:rpminfo_test>
<red-def:rpminfo_test check="at least one" comment="libertas-usb8388-firmware is signed with Red Hat redhatrelease2 key" id="oval:com.redhat.rhba:tst:20232977038" version="634">
 <red-def:object object_ref="oval:com.redhat.rhba:obj:20232977019"/>
 <red-def:state state_ref="oval:com.redhat.rhba:ste:20191992002"/>
</red-def:rpminfo_test>
<red-def:rpminfo_test check="at least one" comment="libertas-usb8388-olpc-firmware is earlier than 0:20230404-114.git2e92a49f.el8_8" id="oval:com.redhat.rhba:tst:20232977039" version="634">
 <red-def:object object_ref="oval:com.redhat.rhba:obj:20232977020"/>
 <red-def:state state_ref="oval:com.redhat.rhba:ste:20232977012"/>
</red-def:rpminfo_test>
<red-def:rpminfo_test check="at least one" comment="libertas-usb8388-olpc-firmware is signed with Red Hat redhatrelease2 key" id="oval:com.redhat.rhba:tst:20232977040" version="634">
 <red-def:object object_ref="oval:com.redhat.rhba:obj:20232977020"/>
 <red-def:state state_ref="oval:com.redhat.rhba:ste:20191992002"/>
</red-def:rpminfo_test>
<red-def:rpminfo_test check="at least one" comment="linux-firmware is earlier than 0:20230404-114.git2e92a49f.el8_8" id="oval:com.redhat.rhba:tst:20232977041" version="634">
 <red-def:object object_ref="oval:com.redhat.rhba:obj:20232977021"/>
 <red-def:state state_ref="oval:com.redhat.rhba:ste:20232977012"/>
</red-def:rpminfo_test>
<red-def:rpminfo_test check="at least one" comment="linux-firmware is signed with Red Hat redhatrelease2 key" id="oval:com.redhat.rhba:tst:20232977042" version="634">
 <red-def:object object_ref="oval:com.redhat.rhba:obj:20232977021"/>
 <red-def:state state_ref="oval:com.redhat.rhba:ste:20191992002"/>
</red-def:rpminfo_test>
<red-def:rpminfo_test check="at least one" comment="delve is earlier than 0:1.20.2-1.module+el8.9.0+18926+5193682d" id="oval:com.redhat.rhba:tst:20236928001" version="636">
 <red-def:object object_ref="oval:com.redhat.rhba:obj:20236928001"/>
 <red-def:state state_ref="oval:com.redhat.rhba:ste:20236928001"/>
</red-def:rpminfo_test>
<red-def:rpminfo_test check="at least one" comment="delve is signed with Red Hat redhatrelease2 key" id="oval:com.redhat.rhba:tst:20236928002" version="636">
 <red-def:object object_ref="oval:com.redhat.rhba:obj:20236928001"/>
 <red-def:state state_ref="oval:com.redhat.rhba:ste:20191992002"/>
</red-def:rpminfo_test>
<red-def:rpminfo_test check="at least one" comment="go-toolset is earlier than 0:1.20.10-1.module+el8.9.0+20382+04f7fe80" id="oval:com.redhat.rhba:tst:20236928003" version="636">
 <red-def:object object_ref="oval:com.redhat.rhba:obj:20236928002"/>
 <red-def:state state_ref="oval:com.redhat.rhba:ste:20236928003"/>
</red-def:rpminfo_test>
<red-def:rpminfo_test check="at least one" comment="go-toolset is signed with Red Hat redhatrelease2 key" id="oval:com.redhat.rhba:tst:20236928004" version="636">
 <red-def:object object_ref="oval:com.redhat.rhba:obj:20236928002"/>
 <red-def:state state_ref="oval:com.redhat.rhba:ste:20191992002"/>
</red-def:rpminfo_test>
<red-def:rpminfo_test check="at least one" comment="golang is earlier than 0:1.20.10-1.module+el8.9.0+20382+04f7fe80" id="oval:com.redhat.rhba:tst:20236928005" version="636">
 <red-def:object object_ref="oval:com.redhat.rhba:obj:20236928003"/>
 <red-def:state state_ref="oval:com.redhat.rhba:ste:20236928003"/>
</red-def:rpminfo_test>
<red-def:rpminfo_test check="at least one" comment="golang is signed with Red Hat redhatrelease2 key" id="oval:com.redhat.rhba:tst:20236928006" version="636">
 <red-def:object object_ref="oval:com.redhat.rhba:obj:20236928003"/>
 <red-def:state state_ref="oval:com.redhat.rhba:ste:20191992002"/>
</red-def:rpminfo_test>
<red-def:rpminfo_test check="at least one" comment="golang-bin is earlier than 0:1.20.10-1.module+el8.9.0+20382+04f7fe80" id="oval:com.redhat.rhba:tst:20236928007" version="636">
 <red-def:object object_ref="oval:com.redhat.rhba:obj:20236928004"/>
 <red-def:state state_ref="oval:com.redhat.rhba:ste:20236928003"/>
</red-def:rpminfo_test>
<red-def:rpminfo_test check="at least one" comment="golang-bin is signed with Red Hat redhatrelease2 key" id="oval:com.redhat.rhba:tst:20236928008" version="636">
 <red-def:object object_ref="oval:com.redhat.rhba:obj:20236928004"/>
 <red-def:state state_ref="oval:com.redhat.rhba:ste:20191992002"/>
</red-def:rpminfo_test>
<red-def:rpminfo_test check="at least one" comment="golang-docs is earlier than 0:1.20.10-1.module+el8.9.0+20382+04f7fe80" id="oval:com.redhat.rhba:tst:20236928009" version="636">
 <red-def:object object_ref="oval:com.redhat.rhba:obj:20236928005"/>
 <red-def:state state_ref="oval:com.redhat.rhba:ste:20236928004"/>
</red-def:rpminfo_test>
<red-def:rpminfo_test check="at least one" comment="golang-docs is signed with Red Hat redhatrelease2 key" id="oval:com.redhat.rhba:tst:20236928010" version="636">
 <red-def:object object_ref="oval:com.redhat.rhba:obj:20236928005"/>
 <red-def:state state_ref="oval:com.redhat.rhba:ste:20191992002"/>
</red-def:rpminfo_test>
<red-def:rpminfo_test check="at least one" comment="golang-misc is earlier than 0:1.20.10-1.module+el8.9.0+20382+04f7fe80" id="oval:com.redhat.rhba:tst:20236928011" version="636">
 <red-def:object object_ref="oval:com.redhat.rhba:obj:20236928006"/>
 <red-def:state state_ref="oval:com.redhat.rhba:ste:20236928004"/>
</red-def:rpminfo_test>
<red-def:rpminfo_test check="at least one" comment="golang-misc is signed with Red Hat redhatrelease2 key" id="oval:com.redhat.rhba:tst:20236928012" version="636">
 <red-def:object object_ref="oval:com.redhat.rhba:obj:20236928006"/>
 <red-def:state state_ref="oval:com.redhat.rhba:ste:20191992002"/>
</red-def:rpminfo_test>
<red-def:rpminfo_test check="at least one" comment="golang-src is earlier than 0:1.20.10-1.module+el8.9.0+20382+04f7fe80" id="oval:com.redhat.rhba:tst:20236928013" version="636">
 <red-def:object object_ref="oval:com.redhat.rhba:obj:20236928007"/>
 <red-def:state state_ref="oval:com.redhat.rhba:ste:20236928004"/>
</red-def:rpminfo_test>
<red-def:rpminfo_test check="at least one" comment="golang-src is signed with Red Hat redhatrelease2 key" id="oval:com.redhat.rhba:tst:20236928014" version="636">
 <red-def:object object_ref="oval:com.redhat.rhba:obj:20236928007"/>
 <red-def:state state_ref="oval:com.redhat.rhba:ste:20191992002"/>
</red-def:rpminfo_test>
<red-def:rpminfo_test check="at least one" comment="golang-tests is earlier than 0:1.20.10-1.module+el8.9.0+20382+04f7fe80" id="oval:com.redhat.rhba:tst:20236928015" version="636">
 <red-def:object object_ref="oval:com.redhat.rhba:obj:20236928008"/>
 <red-def:state state_ref="oval:com.redhat.rhba:ste:20236928004"/>
</red-def:rpminfo_test>
<red-def:rpminfo_test check="at least one" comment="golang-tests is signed with Red Hat redhatrelease2 key" id="oval:com.redhat.rhba:tst:20236928016" version="636">
 <red-def:object object_ref="oval:com.redhat.rhba:obj:20236928008"/>
 <red-def:state state_ref="oval:com.redhat.rhba:ste:20191992002"/>
</red-def:rpminfo_test>
<ind-def:textfilecontent54_test check="all" comment="Module go-toolset:rhel8 is enabled" id="oval:com.redhat.rhba:tst:20236928017" version="636">
 <ind-def:object object_ref="oval:com.redhat.rhba:obj:20236928009"/>
 <ind-def:state state_ref="oval:com.redhat.rhba:ste:20236928005"/>
</ind-def:textfilecontent54_test>
<red-def:rpminfo_test check="at least one" comment="git-lfs is earlier than 0:3.4.1-1.el8" id="oval:com.redhat.rhba:tst:20243053001" version="636">
 <red-def:object object_ref="oval:com.redhat.rhba:obj:20243053001"/>
 <red-def:state state_ref="oval:com.redhat.rhba:ste:20243053001"/>
</red-def:rpminfo_test>
<red-def:rpminfo_test check="at least one" comment="git-lfs is signed with Red Hat redhatrelease2 key" id="oval:com.redhat.rhba:tst:20243053002" version="636">
 <red-def:object object_ref="oval:com.redhat.rhba:obj:20243053001"/>
 <red-def:state state_ref="oval:com.redhat.rhba:ste:20191992002"/>
</red-def:rpminfo_test>
<red-def:rpminfo_test check="at least one" comment="ca-certificates is earlier than 0:2024.2.69_v8.0.303-80.0.el8_10" id="oval:com.redhat.rhba:tst:20245736001" version="636">
 <red-def:object object_ref="oval:com.redhat.rhba:obj:20245736001"/>
 <red-def:state state_ref="oval:com.redhat.rhba:ste:20245736001"/>
</red-def:rpminfo_test>
<red-def:rpminfo_test check="at least one" comment="ca-certificates is signed with Red Hat redhatrelease2 key" id="oval:com.redhat.rhba:tst:20245736002" version="636">
 <red-def:object object_ref="oval:com.redhat.rhba:obj:20245736001"/>
 <red-def:state state_ref="oval:com.redhat.rhba:ste:20191992002"/>
</red-def:rpminfo_test>
<red-def:rpminfo_test check="at least one" comment="nss is earlier than 0:3.101.0-7.el8_8" id="oval:com.redhat.rhba:tst:20246680001" version="639">
 <red-def:object object_ref="oval:com.redhat.rhba:obj:20246680001"/>
 <red-def:state state_ref="oval:com.redhat.rhba:ste:20246680001"/>
</red-def:rpminfo_test>
<red-def:rpminfo_test check="at least one" comment="nss is signed with Red Hat redhatrelease2 key" id="oval:com.redhat.rhba:tst:20246680002" version="639">
 <red-def:object object_ref="oval:com.redhat.rhba:obj:20246680001"/>
 <red-def:state state_ref="oval:com.redhat.rhba:ste:20191992002"/>
</red-def:rpminfo_test>
<red-def:rpminfo_test check="at least one" comment="nss-devel is earlier than 0:3.101.0-7.el8_8" id="oval:com.redhat.rhba:tst:20246680003" version="639">
 <red-def:object object_ref="oval:com.redhat.rhba:obj:20246680002"/>
 <red-def:state state_ref="oval:com.redhat.rhba:ste:20246680001"/>
</red-def:rpminfo_test>
<red-def:rpminfo_test check="at least one" comment="nss-devel is signed with Red Hat redhatrelease2 key" id="oval:com.redhat.rhba:tst:20246680004" version="639">
 <red-def:object object_ref="oval:com.redhat.rhba:obj:20246680002"/>
 <red-def:state state_ref="oval:com.redhat.rhba:ste:20191992002"/>
</red-def:rpminfo_test>
<red-def:rpminfo_test check="at least one" comment="nss-softokn is earlier than 0:3.101.0-7.el8_8" id="oval:com.redhat.rhba:tst:20246680005" version="639">
 <red-def:object object_ref="oval:com.redhat.rhba:obj:20246680003"/>
 <red-def:state state_ref="oval:com.redhat.rhba:ste:20246680001"/>
</red-def:rpminfo_test>
<red-def:rpminfo_test check="at least one" comment="nss-softokn is signed with Red Hat redhatrelease2 key" id="oval:com.redhat.rhba:tst:20246680006" version="639">
 <red-def:object object_ref="oval:com.redhat.rhba:obj:20246680003"/>
 <red-def:state state_ref="oval:com.redhat.rhba:ste:20191992002"/>
</red-def:rpminfo_test>
<red-def:rpminfo_test check="at least one" comment="nss-softokn-devel is earlier than 0:3.101.0-7.el8_8" id="oval:com.redhat.rhba:tst:20246680007" version="639">
 <red-def:object object_ref="oval:com.redhat.rhba:obj:20246680004"/>
 <red-def:state state_ref="oval:com.redhat.rhba:ste:20246680001"/>
</red-def:rpminfo_test>
<red-def:rpminfo_test check="at least one" comment="nss-softokn-devel is signed with Red Hat redhatrelease2 key" id="oval:com.redhat.rhba:tst:20246680008" version="639">
 <red-def:object object_ref="oval:com.redhat.rhba:obj:20246680004"/>
 <red-def:state state_ref="oval:com.redhat.rhba:ste:20191992002"/>
</red-def:rpminfo_test>
<red-def:rpminfo_test check="at least one" comment="nss-softokn-freebl is earlier than 0:3.101.0-7.el8_8" id="oval:com.redhat.rhba:tst:20246680009" version="639">
 <red-def:object object_ref="oval:com.redhat.rhba:obj:20246680005"/>
 <red-def:state state_ref="oval:com.redhat.rhba:ste:20246680001"/>
</red-def:rpminfo_test>
<red-def:rpminfo_test check="at least one" comment="nss-softokn-freebl is signed with Red Hat redhatrelease2 key" id="oval:com.redhat.rhba:tst:20246680010" version="639">
 <red-def:object object_ref="oval:com.redhat.rhba:obj:20246680005"/>
 <red-def:state state_ref="oval:com.redhat.rhba:ste:20191992002"/>
</red-def:rpminfo_test>
<red-def:rpminfo_test check="at least one" comment="nss-softokn-freebl-devel is earlier than 0:3.101.0-7.el8_8" id="oval:com.redhat.rhba:tst:20246680011" version="639">
 <red-def:object object_ref="oval:com.redhat.rhba:obj:20246680006"/>
 <red-def:state state_ref="oval:com.redhat.rhba:ste:20246680001"/>
</red-def:rpminfo_test>
<red-def:rpminfo_test check="at least one" comment="nss-softokn-freebl-devel is signed with Red Hat redhatrelease2 key" id="oval:com.redhat.rhba:tst:20246680012" version="639">
 <red-def:object object_ref="oval:com.redhat.rhba:obj:20246680006"/>
 <red-def:state state_ref="oval:com.redhat.rhba:ste:20191992002"/>
</red-def:rpminfo_test>
<red-def:rpminfo_test check="at least one" comment="nss-sysinit is earlier than 0:3.101.0-7.el8_8" id="oval:com.redhat.rhba:tst:20246680013" version="639">
 <red-def:object object_ref="oval:com.redhat.rhba:obj:20246680007"/>
 <red-def:state state_ref="oval:com.redhat.rhba:ste:20246680003"/>
</red-def:rpminfo_test>
<red-def:rpminfo_test check="at least one" comment="nss-sysinit is signed with Red Hat redhatrelease2 key" id="oval:com.redhat.rhba:tst:20246680014" version="639">
 <red-def:object object_ref="oval:com.redhat.rhba:obj:20246680007"/>
 <red-def:state state_ref="oval:com.redhat.rhba:ste:20191992002"/>
</red-def:rpminfo_test>
<red-def:rpminfo_test check="at least one" comment="nss-tools is earlier than 0:3.101.0-7.el8_8" id="oval:com.redhat.rhba:tst:20246680015" version="639">
 <red-def:object object_ref="oval:com.redhat.rhba:obj:20246680008"/>
 <red-def:state state_ref="oval:com.redhat.rhba:ste:20246680003"/>
</red-def:rpminfo_test>
<red-def:rpminfo_test check="at least one" comment="nss-tools is signed with Red Hat redhatrelease2 key" id="oval:com.redhat.rhba:tst:20246680016" version="639">
 <red-def:object object_ref="oval:com.redhat.rhba:obj:20246680008"/>
 <red-def:state state_ref="oval:com.redhat.rhba:ste:20191992002"/>
</red-def:rpminfo_test>
<red-def:rpminfo_test check="at least one" comment="nss-util is earlier than 0:3.101.0-7.el8_8" id="oval:com.redhat.rhba:tst:20246680017" version="639">
 <red-def:object object_ref="oval:com.redhat.rhba:obj:20246680009"/>
 <red-def:state state_ref="oval:com.redhat.rhba:ste:20246680001"/>
</red-def:rpminfo_test>
<red-def:rpminfo_test check="at least one" comment="nss-util is signed with Red Hat redhatrelease2 key" id="oval:com.redhat.rhba:tst:20246680018" version="639">
 <red-def:object object_ref="oval:com.redhat.rhba:obj:20246680009"/>
 <red-def:state state_ref="oval:com.redhat.rhba:ste:20191992002"/>
</red-def:rpminfo_test>
<red-def:rpminfo_test check="at least one" comment="nss-util-devel is earlier than 0:3.101.0-7.el8_8" id="oval:com.redhat.rhba:tst:20246680019" version="639">
 <red-def:object object_ref="oval:com.redhat.rhba:obj:20246680010"/>
 <red-def:state state_ref="oval:com.redhat.rhba:ste:20246680001"/>
</red-def:rpminfo_test>
<red-def:rpminfo_test check="at least one" comment="nss-util-devel is signed with Red Hat redhatrelease2 key" id="oval:com.redhat.rhba:tst:20246680020" version="639">
 <red-def:object object_ref="oval:com.redhat.rhba:obj:20246680010"/>
 <red-def:state state_ref="oval:com.redhat.rhba:ste:20191992002"/>
</red-def:rpminfo_test>
<red-def:rpminfo_test check="at least one" comment="microcode_ctl is earlier than 4:20190618-1.20191112.1.el8_1" id="oval:com.redhat.rhea:tst:20193845001" version="640">
 <red-def:object object_ref="oval:com.redhat.rhba:obj:20210621001"/>
 <red-def:state state_ref="oval:com.redhat.rhea:ste:20193845001"/>
</red-def:rpminfo_test>
<red-def:rpminfo_test check="at least one" comment="webkit2gtk3 is earlier than 0:2.24.4-2.el8_1" id="oval:com.redhat.rhea:tst:20194262001" version="635">
 <red-def:object object_ref="oval:com.redhat.rhea:obj:20194262001"/>
 <red-def:state state_ref="oval:com.redhat.rhea:ste:20194262001"/>
</red-def:rpminfo_test>
<red-def:rpminfo_test check="at least one" comment="webkit2gtk3 is signed with Red Hat redhatrelease2 key" id="oval:com.redhat.rhea:tst:20194262002" version="635">
 <red-def:object object_ref="oval:com.redhat.rhea:obj:20194262001"/>
 <red-def:state state_ref="oval:com.redhat.rhba:ste:20191992002"/>
</red-def:rpminfo_test>
<red-def:rpminfo_test check="at least one" comment="webkit2gtk3-devel is earlier than 0:2.24.4-2.el8_1" id="oval:com.redhat.rhea:tst:20194262003" version="635">
 <red-def:object object_ref="oval:com.redhat.rhea:obj:20194262002"/>
 <red-def:state state_ref="oval:com.redhat.rhea:ste:20194262003"/>
</red-def:rpminfo_test>
<red-def:rpminfo_test check="at least one" comment="webkit2gtk3-devel is signed with Red Hat redhatrelease2 key" id="oval:com.redhat.rhea:tst:20194262004" version="635">
 <red-def:object object_ref="oval:com.redhat.rhea:obj:20194262002"/>
 <red-def:state state_ref="oval:com.redhat.rhba:ste:20191992002"/>
</red-def:rpminfo_test>
<red-def:rpminfo_test check="at least one" comment="webkit2gtk3-jsc is earlier than 0:2.24.4-2.el8_1" id="oval:com.redhat.rhea:tst:20194262005" version="635">
 <red-def:object object_ref="oval:com.redhat.rhea:obj:20194262003"/>
 <red-def:state state_ref="oval:com.redhat.rhea:ste:20194262001"/>
</red-def:rpminfo_test>
<red-def:rpminfo_test check="at least one" comment="webkit2gtk3-jsc is signed with Red Hat redhatrelease2 key" id="oval:com.redhat.rhea:tst:20194262006" version="635">
 <red-def:object object_ref="oval:com.redhat.rhea:obj:20194262003"/>
 <red-def:state state_ref="oval:com.redhat.rhba:ste:20191992002"/>
</red-def:rpminfo_test>
<red-def:rpminfo_test check="at least one" comment="webkit2gtk3-jsc-devel is earlier than 0:2.24.4-2.el8_1" id="oval:com.redhat.rhea:tst:20194262007" version="635">
 <red-def:object object_ref="oval:com.redhat.rhea:obj:20194262004"/>
 <red-def:state state_ref="oval:com.redhat.rhea:ste:20194262003"/>
</red-def:rpminfo_test>
<red-def:rpminfo_test check="at least one" comment="webkit2gtk3-jsc-devel is signed with Red Hat redhatrelease2 key" id="oval:com.redhat.rhea:tst:20194262008" version="635">
 <red-def:object object_ref="oval:com.redhat.rhea:obj:20194262004"/>
 <red-def:state state_ref="oval:com.redhat.rhba:ste:20191992002"/>
</red-def:rpminfo_test>
<red-def:rpminfo_test check="at least one" comment="webkit2gtk3-plugin-process-gtk2 is earlier than 0:2.24.4-2.el8_1" id="oval:com.redhat.rhea:tst:20194262009" version="635">
 <red-def:object object_ref="oval:com.redhat.rhea:obj:20194262005"/>
 <red-def:state state_ref="oval:com.redhat.rhea:ste:20194262001"/>
</red-def:rpminfo_test>
<red-def:rpminfo_test check="at least one" comment="webkit2gtk3-plugin-process-gtk2 is signed with Red Hat redhatrelease2 key" id="oval:com.redhat.rhea:tst:20194262010" version="635">
 <red-def:object object_ref="oval:com.redhat.rhea:obj:20194262005"/>
 <red-def:state state_ref="oval:com.redhat.rhba:ste:20191992002"/>
</red-def:rpminfo_test>
<red-def:rpminfo_test check="at least one" comment="nodejs is earlier than 1:12.14.1-1.module+el8.1.0+5466+30f75629" id="oval:com.redhat.rhea:tst:20200330001" version="634">
 <red-def:object object_ref="oval:com.redhat.rhea:obj:20200330001"/>
 <red-def:state state_ref="oval:com.redhat.rhea:ste:20200330001"/>
</red-def:rpminfo_test>
<red-def:rpminfo_test check="at least one" comment="nodejs is signed with Red Hat redhatrelease2 key" id="oval:com.redhat.rhea:tst:20200330002" version="634">
 <red-def:object object_ref="oval:com.redhat.rhea:obj:20200330001"/>
 <red-def:state state_ref="oval:com.redhat.rhba:ste:20191992002"/>
</red-def:rpminfo_test>
<red-def:rpminfo_test check="at least one" comment="nodejs-devel is earlier than 1:12.14.1-1.module+el8.1.0+5466+30f75629" id="oval:com.redhat.rhea:tst:20200330003" version="634">
 <red-def:object object_ref="oval:com.redhat.rhea:obj:20200330002"/>
 <red-def:state state_ref="oval:com.redhat.rhea:ste:20200330001"/>
</red-def:rpminfo_test>
<red-def:rpminfo_test check="at least one" comment="nodejs-devel is signed with Red Hat redhatrelease2 key" id="oval:com.redhat.rhea:tst:20200330004" version="634">
 <red-def:object object_ref="oval:com.redhat.rhea:obj:20200330002"/>
 <red-def:state state_ref="oval:com.redhat.rhba:ste:20191992002"/>
</red-def:rpminfo_test>
<red-def:rpminfo_test check="at least one" comment="nodejs-docs is earlier than 1:12.14.1-1.module+el8.1.0+5466+30f75629" id="oval:com.redhat.rhea:tst:20200330005" version="634">
 <red-def:object object_ref="oval:com.redhat.rhea:obj:20200330003"/>
 <red-def:state state_ref="oval:com.redhat.rhea:ste:20200330003"/>
</red-def:rpminfo_test>
<red-def:rpminfo_test check="at least one" comment="nodejs-docs is signed with Red Hat redhatrelease2 key" id="oval:com.redhat.rhea:tst:20200330006" version="634">
 <red-def:object object_ref="oval:com.redhat.rhea:obj:20200330003"/>
 <red-def:state state_ref="oval:com.redhat.rhba:ste:20191992002"/>
</red-def:rpminfo_test>
<red-def:rpminfo_test check="at least one" comment="nodejs-nodemon is earlier than 0:1.18.3-1.module+el8.1.0+3369+37ae6a45" id="oval:com.redhat.rhea:tst:20200330007" version="634">
 <red-def:object object_ref="oval:com.redhat.rhea:obj:20200330004"/>
 <red-def:state state_ref="oval:com.redhat.rhea:ste:20200330004"/>
</red-def:rpminfo_test>
<red-def:rpminfo_test check="at least one" comment="nodejs-nodemon is signed with Red Hat redhatrelease2 key" id="oval:com.redhat.rhea:tst:20200330008" version="634">
 <red-def:object object_ref="oval:com.redhat.rhea:obj:20200330004"/>
 <red-def:state state_ref="oval:com.redhat.rhba:ste:20191992002"/>
</red-def:rpminfo_test>
<red-def:rpminfo_test check="at least one" comment="nodejs-packaging is earlier than 0:17-3.module+el8.1.0+3369+37ae6a45" id="oval:com.redhat.rhea:tst:20200330009" version="634">
 <red-def:object object_ref="oval:com.redhat.rhea:obj:20200330005"/>
 <red-def:state state_ref="oval:com.redhat.rhea:ste:20200330005"/>
</red-def:rpminfo_test>
<red-def:rpminfo_test check="at least one" comment="nodejs-packaging is signed with Red Hat redhatrelease2 key" id="oval:com.redhat.rhea:tst:20200330010" version="634">
 <red-def:object object_ref="oval:com.redhat.rhea:obj:20200330005"/>
 <red-def:state state_ref="oval:com.redhat.rhba:ste:20191992002"/>
</red-def:rpminfo_test>
<red-def:rpminfo_test check="at least one" comment="npm is earlier than 1:6.13.4-1.12.14.1.1.module+el8.1.0+5466+30f75629" id="oval:com.redhat.rhea:tst:20200330011" version="634">
 <red-def:object object_ref="oval:com.redhat.rhea:obj:20200330006"/>
 <red-def:state state_ref="oval:com.redhat.rhea:ste:20200330006"/>
</red-def:rpminfo_test>
<red-def:rpminfo_test check="at least one" comment="npm is signed with Red Hat redhatrelease2 key" id="oval:com.redhat.rhea:tst:20200330012" version="634">
 <red-def:object object_ref="oval:com.redhat.rhea:obj:20200330006"/>
 <red-def:state state_ref="oval:com.redhat.rhba:ste:20191992002"/>
</red-def:rpminfo_test>
<ind-def:textfilecontent54_test check="all" comment="Module nodejs:12 is enabled" id="oval:com.redhat.rhea:tst:20200330013" version="634">
 <ind-def:object object_ref="oval:com.redhat.rhea:obj:20200330007"/>
 <ind-def:state state_ref="oval:com.redhat.rhea:ste:20200330007"/>
</ind-def:textfilecontent54_test>
<red-def:rpminfo_test check="at least one" comment="libpq is earlier than 0:12.1-3.el8" id="oval:com.redhat.rhea:tst:20200343001" version="635">
 <red-def:object object_ref="oval:com.redhat.rhea:obj:20200343001"/>
 <red-def:state state_ref="oval:com.redhat.rhea:ste:20200343001"/>
</red-def:rpminfo_test>
<red-def:rpminfo_test check="at least one" comment="libpq is signed with Red Hat redhatrelease2 key" id="oval:com.redhat.rhea:tst:20200343002" version="635">
 <red-def:object object_ref="oval:com.redhat.rhea:obj:20200343001"/>
 <red-def:state state_ref="oval:com.redhat.rhba:ste:20191992002"/>
</red-def:rpminfo_test>
<red-def:rpminfo_test check="at least one" comment="libpq-devel is earlier than 0:12.1-3.el8" id="oval:com.redhat.rhea:tst:20200343003" version="635">
 <red-def:object object_ref="oval:com.redhat.rhea:obj:20200343002"/>
 <red-def:state state_ref="oval:com.redhat.rhea:ste:20200343001"/>
</red-def:rpminfo_test>
<red-def:rpminfo_test check="at least one" comment="libpq-devel is signed with Red Hat redhatrelease2 key" id="oval:com.redhat.rhea:tst:20200343004" version="635">
 <red-def:object object_ref="oval:com.redhat.rhea:obj:20200343002"/>
 <red-def:state state_ref="oval:com.redhat.rhba:ste:20191992002"/>
</red-def:rpminfo_test>
<red-def:rpminfo_test check="at least one" comment="python3-rtslib is earlier than 0:2.1.73-2.el8" id="oval:com.redhat.rhea:tst:20204505001" version="636">
 <red-def:object object_ref="oval:com.redhat.rhea:obj:20204505001"/>
 <red-def:state state_ref="oval:com.redhat.rhea:ste:20204505001"/>
</red-def:rpminfo_test>
<red-def:rpminfo_test check="at least one" comment="python3-rtslib is signed with Red Hat redhatrelease2 key" id="oval:com.redhat.rhea:tst:20204505002" version="636">
 <red-def:object object_ref="oval:com.redhat.rhea:obj:20204505001"/>
 <red-def:state state_ref="oval:com.redhat.rhba:ste:20191992002"/>
</red-def:rpminfo_test>
<red-def:rpminfo_test check="at least one" comment="target-restore is earlier than 0:2.1.73-2.el8" id="oval:com.redhat.rhea:tst:20204505003" version="636">
 <red-def:object object_ref="oval:com.redhat.rhea:obj:20204505002"/>
 <red-def:state state_ref="oval:com.redhat.rhea:ste:20204505001"/>
</red-def:rpminfo_test>
<red-def:rpminfo_test check="at least one" comment="target-restore is signed with Red Hat redhatrelease2 key" id="oval:com.redhat.rhea:tst:20204505004" version="636">
 <red-def:object object_ref="oval:com.redhat.rhea:obj:20204505002"/>
 <red-def:state state_ref="oval:com.redhat.rhba:ste:20191992002"/>
</red-def:rpminfo_test>
<red-def:rpminfo_test check="at least one" comment="bsdtar is earlier than 0:3.3.3-1.el8" id="oval:com.redhat.rhea:tst:20211580001" version="635">
 <red-def:object object_ref="oval:com.redhat.rhea:obj:20211580001"/>
 <red-def:state state_ref="oval:com.redhat.rhea:ste:20211580001"/>
</red-def:rpminfo_test>
<red-def:rpminfo_test check="at least one" comment="bsdtar is signed with Red Hat redhatrelease2 key" id="oval:com.redhat.rhea:tst:20211580002" version="635">
 <red-def:object object_ref="oval:com.redhat.rhea:obj:20211580001"/>
 <red-def:state state_ref="oval:com.redhat.rhba:ste:20191992002"/>
</red-def:rpminfo_test>
<red-def:rpminfo_test check="at least one" comment="libarchive is earlier than 0:3.3.3-1.el8" id="oval:com.redhat.rhea:tst:20211580003" version="635">
 <red-def:object object_ref="oval:com.redhat.rhea:obj:20211580002"/>
 <red-def:state state_ref="oval:com.redhat.rhea:ste:20211580003"/>
</red-def:rpminfo_test>
<red-def:rpminfo_test check="at least one" comment="libarchive is signed with Red Hat redhatrelease2 key" id="oval:com.redhat.rhea:tst:20211580004" version="635">
 <red-def:object object_ref="oval:com.redhat.rhea:obj:20211580002"/>
 <red-def:state state_ref="oval:com.redhat.rhba:ste:20191992002"/>
</red-def:rpminfo_test>
<red-def:rpminfo_test check="at least one" comment="libarchive-devel is earlier than 0:3.3.3-1.el8" id="oval:com.redhat.rhea:tst:20211580005" version="635">
 <red-def:object object_ref="oval:com.redhat.rhea:obj:20211580003"/>
 <red-def:state state_ref="oval:com.redhat.rhea:ste:20211580003"/>
</red-def:rpminfo_test>
<red-def:rpminfo_test check="at least one" comment="libarchive-devel is signed with Red Hat redhatrelease2 key" id="oval:com.redhat.rhea:tst:20211580006" version="635">
 <red-def:object object_ref="oval:com.redhat.rhea:obj:20211580003"/>
 <red-def:state state_ref="oval:com.redhat.rhba:ste:20191992002"/>
</red-def:rpminfo_test>
<red-def:rpminfo_test check="at least one" comment="libyang is earlier than 0:1.0.184-1.el8" id="oval:com.redhat.rhea:tst:20211906001" version="635">
 <red-def:object object_ref="oval:com.redhat.rhea:obj:20211906001"/>
 <red-def:state state_ref="oval:com.redhat.rhea:ste:20211906001"/>
</red-def:rpminfo_test>
<red-def:rpminfo_test check="at least one" comment="libyang is signed with Red Hat redhatrelease2 key" id="oval:com.redhat.rhea:tst:20211906002" version="635">
 <red-def:object object_ref="oval:com.redhat.rhea:obj:20211906001"/>
 <red-def:state state_ref="oval:com.redhat.rhba:ste:20191992002"/>
</red-def:rpminfo_test>
<red-def:rpminfo_test check="at least one" comment="nodejs is earlier than 1:12.22.12-1.module+el8.6.0+15324+1f2c5d8d" id="oval:com.redhat.rhea:tst:20225139001" version="636">
 <red-def:object object_ref="oval:com.redhat.rhea:obj:20200330001"/>
 <red-def:state state_ref="oval:com.redhat.rhea:ste:20225139001"/>
</red-def:rpminfo_test>
<red-def:rpminfo_test check="at least one" comment="nodejs-devel is earlier than 1:12.22.12-1.module+el8.6.0+15324+1f2c5d8d" id="oval:com.redhat.rhea:tst:20225139003" version="636">
 <red-def:object object_ref="oval:com.redhat.rhea:obj:20200330002"/>
 <red-def:state state_ref="oval:com.redhat.rhea:ste:20225139001"/>
</red-def:rpminfo_test>
<red-def:rpminfo_test check="at least one" comment="nodejs-docs is earlier than 1:12.22.12-1.module+el8.6.0+15324+1f2c5d8d" id="oval:com.redhat.rhea:tst:20225139005" version="636">
 <red-def:object object_ref="oval:com.redhat.rhea:obj:20200330003"/>
 <red-def:state state_ref="oval:com.redhat.rhea:ste:20225139003"/>
</red-def:rpminfo_test>
<red-def:rpminfo_test check="at least one" comment="nodejs-full-i18n is earlier than 1:12.22.12-1.module+el8.6.0+15324+1f2c5d8d" id="oval:com.redhat.rhea:tst:20225139007" version="636">
 <red-def:object object_ref="oval:com.redhat.rhea:obj:20225139004"/>
 <red-def:state state_ref="oval:com.redhat.rhea:ste:20225139001"/>
</red-def:rpminfo_test>
<red-def:rpminfo_test check="at least one" comment="nodejs-full-i18n is signed with Red Hat redhatrelease2 key" id="oval:com.redhat.rhea:tst:20225139008" version="636">
 <red-def:object object_ref="oval:com.redhat.rhea:obj:20225139004"/>
 <red-def:state state_ref="oval:com.redhat.rhba:ste:20191992002"/>
</red-def:rpminfo_test>
<red-def:rpminfo_test check="at least one" comment="nodejs-nodemon is earlier than 0:2.0.3-1.module+el8.4.0+11732+c668cc9f" id="oval:com.redhat.rhea:tst:20225139009" version="636">
 <red-def:object object_ref="oval:com.redhat.rhea:obj:20200330004"/>
 <red-def:state state_ref="oval:com.redhat.rhea:ste:20225139004"/>
</red-def:rpminfo_test>
<red-def:rpminfo_test check="at least one" comment="npm is earlier than 1:6.14.16-1.12.22.12.1.module+el8.6.0+15324+1f2c5d8d" id="oval:com.redhat.rhea:tst:20225139013" version="636">
 <red-def:object object_ref="oval:com.redhat.rhea:obj:20200330006"/>
 <red-def:state state_ref="oval:com.redhat.rhea:ste:20225139006"/>
</red-def:rpminfo_test>
<red-def:rpminfo_test check="at least one" comment="krb5-devel is earlier than 0:1.18.2-25.el8_8" id="oval:com.redhat.rhea:tst:20233850001" version="636">
 <red-def:object object_ref="oval:com.redhat.rhea:obj:20233850001"/>
 <red-def:state state_ref="oval:com.redhat.rhea:ste:20233850001"/>
</red-def:rpminfo_test>
<red-def:rpminfo_test check="at least one" comment="krb5-devel is signed with Red Hat redhatrelease2 key" id="oval:com.redhat.rhea:tst:20233850002" version="636">
 <red-def:object object_ref="oval:com.redhat.rhea:obj:20233850001"/>
 <red-def:state state_ref="oval:com.redhat.rhba:ste:20191992002"/>
</red-def:rpminfo_test>
<red-def:rpminfo_test check="at least one" comment="krb5-libs is earlier than 0:1.18.2-25.el8_8" id="oval:com.redhat.rhea:tst:20233850003" version="636">
 <red-def:object object_ref="oval:com.redhat.rhea:obj:20233850002"/>
 <red-def:state state_ref="oval:com.redhat.rhea:ste:20233850001"/>
</red-def:rpminfo_test>
<red-def:rpminfo_test check="at least one" comment="krb5-libs is signed with Red Hat redhatrelease2 key" id="oval:com.redhat.rhea:tst:20233850004" version="636">
 <red-def:object object_ref="oval:com.redhat.rhea:obj:20233850002"/>
 <red-def:state state_ref="oval:com.redhat.rhba:ste:20191992002"/>
</red-def:rpminfo_test>
<red-def:rpminfo_test check="at least one" comment="krb5-pkinit is earlier than 0:1.18.2-25.el8_8" id="oval:com.redhat.rhea:tst:20233850005" version="636">
 <red-def:object object_ref="oval:com.redhat.rhea:obj:20233850003"/>
 <red-def:state state_ref="oval:com.redhat.rhea:ste:20233850001"/>
</red-def:rpminfo_test>
<red-def:rpminfo_test check="at least one" comment="krb5-pkinit is signed with Red Hat redhatrelease2 key" id="oval:com.redhat.rhea:tst:20233850006" version="636">
 <red-def:object object_ref="oval:com.redhat.rhea:obj:20233850003"/>
 <red-def:state state_ref="oval:com.redhat.rhba:ste:20191992002"/>
</red-def:rpminfo_test>
<red-def:rpminfo_test check="at least one" comment="krb5-server is earlier than 0:1.18.2-25.el8_8" id="oval:com.redhat.rhea:tst:20233850007" version="636">
 <red-def:object object_ref="oval:com.redhat.rhea:obj:20233850004"/>
 <red-def:state state_ref="oval:com.redhat.rhea:ste:20233850001"/>
</red-def:rpminfo_test>
<red-def:rpminfo_test check="at least one" comment="krb5-server is signed with Red Hat redhatrelease2 key" id="oval:com.redhat.rhea:tst:20233850008" version="636">
 <red-def:object object_ref="oval:com.redhat.rhea:obj:20233850004"/>
 <red-def:state state_ref="oval:com.redhat.rhba:ste:20191992002"/>
</red-def:rpminfo_test>
<red-def:rpminfo_test check="at least one" comment="krb5-server-ldap is earlier than 0:1.18.2-25.el8_8" id="oval:com.redhat.rhea:tst:20233850009" version="636">
 <red-def:object object_ref="oval:com.redhat.rhea:obj:20233850005"/>
 <red-def:state state_ref="oval:com.redhat.rhea:ste:20233850001"/>
</red-def:rpminfo_test>
<red-def:rpminfo_test check="at least one" comment="krb5-server-ldap is signed with Red Hat redhatrelease2 key" id="oval:com.redhat.rhea:tst:20233850010" version="636">
 <red-def:object object_ref="oval:com.redhat.rhea:obj:20233850005"/>
 <red-def:state state_ref="oval:com.redhat.rhba:ste:20191992002"/>
</red-def:rpminfo_test>
<red-def:rpminfo_test check="at least one" comment="krb5-workstation is earlier than 0:1.18.2-25.el8_8" id="oval:com.redhat.rhea:tst:20233850011" version="636">
 <red-def:object object_ref="oval:com.redhat.rhea:obj:20233850006"/>
 <red-def:state state_ref="oval:com.redhat.rhea:ste:20233850003"/>
</red-def:rpminfo_test>
<red-def:rpminfo_test check="at least one" comment="krb5-workstation is signed with Red Hat redhatrelease2 key" id="oval:com.redhat.rhea:tst:20233850012" version="636">
 <red-def:object object_ref="oval:com.redhat.rhea:obj:20233850006"/>
 <red-def:state state_ref="oval:com.redhat.rhba:ste:20191992002"/>
</red-def:rpminfo_test>
<red-def:rpminfo_test check="at least one" comment="libkadm5 is earlier than 0:1.18.2-25.el8_8" id="oval:com.redhat.rhea:tst:20233850013" version="636">
 <red-def:object object_ref="oval:com.redhat.rhea:obj:20233850007"/>
 <red-def:state state_ref="oval:com.redhat.rhea:ste:20233850001"/>
</red-def:rpminfo_test>
<red-def:rpminfo_test check="at least one" comment="libkadm5 is signed with Red Hat redhatrelease2 key" id="oval:com.redhat.rhea:tst:20233850014" version="636">
 <red-def:object object_ref="oval:com.redhat.rhea:obj:20233850007"/>
 <red-def:state state_ref="oval:com.redhat.rhba:ste:20191992002"/>
</red-def:rpminfo_test>
<red-def:rpminfo_test check="at least one" comment="firefox is earlier than 0:60.6.1-1.el8" id="oval:com.redhat.rhsa:tst:20190966001" version="638">
 <red-def:object object_ref="oval:com.redhat.rhsa:obj:20190966001"/>
 <red-def:state state_ref="oval:com.redhat.rhsa:ste:20190966001"/>
</red-def:rpminfo_test>
<red-def:rpminfo_test check="at least one" comment="firefox is signed with Red Hat redhatrelease2 key" id="oval:com.redhat.rhsa:tst:20190966002" version="638">
 <red-def:object object_ref="oval:com.redhat.rhsa:obj:20190966001"/>
 <red-def:state state_ref="oval:com.redhat.rhba:ste:20191992002"/>
</red-def:rpminfo_test>
<red-def:rpminfo_test check="at least one" comment="edk2-aarch64 is earlier than 0:20180508gitee3198e672e2-9.el8_0.1" id="oval:com.redhat.rhsa:tst:20190968001" version="637">
 <red-def:object object_ref="oval:com.redhat.rhsa:obj:20190968001"/>
 <red-def:state state_ref="oval:com.redhat.rhsa:ste:20190968001"/>
</red-def:rpminfo_test>
<red-def:rpminfo_test check="at least one" comment="edk2-aarch64 is signed with Red Hat redhatrelease2 key" id="oval:com.redhat.rhsa:tst:20190968002" version="637">
 <red-def:object object_ref="oval:com.redhat.rhsa:obj:20190968001"/>
 <red-def:state state_ref="oval:com.redhat.rhba:ste:20191992002"/>
</red-def:rpminfo_test>
<red-def:rpminfo_test check="at least one" comment="edk2-ovmf is earlier than 0:20180508gitee3198e672e2-9.el8_0.1" id="oval:com.redhat.rhsa:tst:20190968003" version="637">
 <red-def:object object_ref="oval:com.redhat.rhsa:obj:20190968002"/>
 <red-def:state state_ref="oval:com.redhat.rhsa:ste:20190968001"/>
</red-def:rpminfo_test>
<red-def:rpminfo_test check="at least one" comment="edk2-ovmf is signed with Red Hat redhatrelease2 key" id="oval:com.redhat.rhsa:tst:20190968004" version="637">
 <red-def:object object_ref="oval:com.redhat.rhsa:obj:20190968002"/>
 <red-def:state state_ref="oval:com.redhat.rhba:ste:20191992002"/>
</red-def:rpminfo_test>
<red-def:rpminfo_test check="at least one" comment="ghostscript is earlier than 0:9.25-2.el8_0.1" id="oval:com.redhat.rhsa:tst:20190971001" version="636">
 <red-def:object object_ref="oval:com.redhat.rhsa:obj:20190971001"/>
 <red-def:state state_ref="oval:com.redhat.rhsa:ste:20190971001"/>
</red-def:rpminfo_test>
<red-def:rpminfo_test check="at least one" comment="ghostscript is signed with Red Hat redhatrelease2 key" id="oval:com.redhat.rhsa:tst:20190971002" version="636">
 <red-def:object object_ref="oval:com.redhat.rhsa:obj:20190971001"/>
 <red-def:state state_ref="oval:com.redhat.rhba:ste:20191992002"/>
</red-def:rpminfo_test>
<red-def:rpminfo_test check="at least one" comment="ghostscript-doc is earlier than 0:9.25-2.el8_0.1" id="oval:com.redhat.rhsa:tst:20190971003" version="636">
 <red-def:object object_ref="oval:com.redhat.rhsa:obj:20190971002"/>
 <red-def:state state_ref="oval:com.redhat.rhsa:ste:20190971003"/>
</red-def:rpminfo_test>
<red-def:rpminfo_test check="at least one" comment="ghostscript-doc is signed with Red Hat redhatrelease2 key" id="oval:com.redhat.rhsa:tst:20190971004" version="636">
 <red-def:object object_ref="oval:com.redhat.rhsa:obj:20190971002"/>
 <red-def:state state_ref="oval:com.redhat.rhba:ste:20191992002"/>
</red-def:rpminfo_test>
<red-def:rpminfo_test check="at least one" comment="ghostscript-tools-dvipdf is earlier than 0:9.25-2.el8_0.1" id="oval:com.redhat.rhsa:tst:20190971005" version="636">
 <red-def:object object_ref="oval:com.redhat.rhsa:obj:20190971003"/>
 <red-def:state state_ref="oval:com.redhat.rhsa:ste:20190971001"/>
</red-def:rpminfo_test>
<red-def:rpminfo_test check="at least one" comment="ghostscript-tools-dvipdf is signed with Red Hat redhatrelease2 key" id="oval:com.redhat.rhsa:tst:20190971006" version="636">
 <red-def:object object_ref="oval:com.redhat.rhsa:obj:20190971003"/>
 <red-def:state state_ref="oval:com.redhat.rhba:ste:20191992002"/>
</red-def:rpminfo_test>
<red-def:rpminfo_test check="at least one" comment="ghostscript-tools-fonts is earlier than 0:9.25-2.el8_0.1" id="oval:com.redhat.rhsa:tst:20190971007" version="636">
 <red-def:object object_ref="oval:com.redhat.rhsa:obj:20190971004"/>
 <red-def:state state_ref="oval:com.redhat.rhsa:ste:20190971001"/>
</red-def:rpminfo_test>
<red-def:rpminfo_test check="at least one" comment="ghostscript-tools-fonts is signed with Red Hat redhatrelease2 key" id="oval:com.redhat.rhsa:tst:20190971008" version="636">
 <red-def:object object_ref="oval:com.redhat.rhsa:obj:20190971004"/>
 <red-def:state state_ref="oval:com.redhat.rhba:ste:20191992002"/>
</red-def:rpminfo_test>
<red-def:rpminfo_test check="at least one" comment="ghostscript-tools-printing is earlier than 0:9.25-2.el8_0.1" id="oval:com.redhat.rhsa:tst:20190971009" version="636">
 <red-def:object object_ref="oval:com.redhat.rhsa:obj:20190971005"/>
 <red-def:state state_ref="oval:com.redhat.rhsa:ste:20190971001"/>
</red-def:rpminfo_test>
<red-def:rpminfo_test check="at least one" comment="ghostscript-tools-printing is signed with Red Hat redhatrelease2 key" id="oval:com.redhat.rhsa:tst:20190971010" version="636">
 <red-def:object object_ref="oval:com.redhat.rhsa:obj:20190971005"/>
 <red-def:state state_ref="oval:com.redhat.rhba:ste:20191992002"/>
</red-def:rpminfo_test>
<red-def:rpminfo_test check="at least one" comment="ghostscript-x11 is earlier than 0:9.25-2.el8_0.1" id="oval:com.redhat.rhsa:tst:20190971011" version="636">
 <red-def:object object_ref="oval:com.redhat.rhsa:obj:20190971006"/>
 <red-def:state state_ref="oval:com.redhat.rhsa:ste:20190971001"/>
</red-def:rpminfo_test>
<red-def:rpminfo_test check="at least one" comment="ghostscript-x11 is signed with Red Hat redhatrelease2 key" id="oval:com.redhat.rhsa:tst:20190971012" version="636">
 <red-def:object object_ref="oval:com.redhat.rhsa:obj:20190971006"/>
 <red-def:state state_ref="oval:com.redhat.rhba:ste:20191992002"/>
</red-def:rpminfo_test>
<red-def:rpminfo_test check="at least one" comment="libgs is earlier than 0:9.25-2.el8_0.1" id="oval:com.redhat.rhsa:tst:20190971013" version="636">
 <red-def:object object_ref="oval:com.redhat.rhsa:obj:20190971007"/>
 <red-def:state state_ref="oval:com.redhat.rhsa:ste:20190971004"/>
</red-def:rpminfo_test>
<red-def:rpminfo_test check="at least one" comment="libgs is signed with Red Hat redhatrelease2 key" id="oval:com.redhat.rhsa:tst:20190971014" version="636">
 <red-def:object object_ref="oval:com.redhat.rhsa:obj:20190971007"/>
 <red-def:state state_ref="oval:com.redhat.rhba:ste:20191992002"/>
</red-def:rpminfo_test>
<red-def:rpminfo_test check="at least one" comment="libgs-devel is earlier than 0:9.25-2.el8_0.1" id="oval:com.redhat.rhsa:tst:20190971015" version="636">
 <red-def:object object_ref="oval:com.redhat.rhsa:obj:20190971008"/>
 <red-def:state state_ref="oval:com.redhat.rhsa:ste:20190971004"/>
</red-def:rpminfo_test>
<red-def:rpminfo_test check="at least one" comment="libgs-devel is signed with Red Hat redhatrelease2 key" id="oval:com.redhat.rhsa:tst:20190971016" version="636">
 <red-def:object object_ref="oval:com.redhat.rhsa:obj:20190971008"/>
 <red-def:state state_ref="oval:com.redhat.rhba:ste:20191992002"/>
</red-def:rpminfo_test>
<red-def:rpminfo_test check="at least one" comment="libwsman-devel is earlier than 0:2.6.5-5.el8" id="oval:com.redhat.rhsa:tst:20190972001" version="636">
 <red-def:object object_ref="oval:com.redhat.rhsa:obj:20190972001"/>
 <red-def:state state_ref="oval:com.redhat.rhsa:ste:20190972001"/>
</red-def:rpminfo_test>
<red-def:rpminfo_test check="at least one" comment="libwsman-devel is signed with Red Hat redhatrelease2 key" id="oval:com.redhat.rhsa:tst:20190972002" version="636">
 <red-def:object object_ref="oval:com.redhat.rhsa:obj:20190972001"/>
 <red-def:state state_ref="oval:com.redhat.rhba:ste:20191992002"/>
</red-def:rpminfo_test>
<red-def:rpminfo_test check="at least one" comment="libwsman1 is earlier than 0:2.6.5-5.el8" id="oval:com.redhat.rhsa:tst:20190972003" version="636">
 <red-def:object object_ref="oval:com.redhat.rhsa:obj:20190972002"/>
 <red-def:state state_ref="oval:com.redhat.rhsa:ste:20190972001"/>
</red-def:rpminfo_test>
<red-def:rpminfo_test check="at least one" comment="libwsman1 is signed with Red Hat redhatrelease2 key" id="oval:com.redhat.rhsa:tst:20190972004" version="636">
 <red-def:object object_ref="oval:com.redhat.rhsa:obj:20190972002"/>
 <red-def:state state_ref="oval:com.redhat.rhba:ste:20191992002"/>
</red-def:rpminfo_test>
<red-def:rpminfo_test check="at least one" comment="openwsman-client is earlier than 0:2.6.5-5.el8" id="oval:com.redhat.rhsa:tst:20190972005" version="636">
 <red-def:object object_ref="oval:com.redhat.rhsa:obj:20190972003"/>
 <red-def:state state_ref="oval:com.redhat.rhsa:ste:20190972001"/>
</red-def:rpminfo_test>
<red-def:rpminfo_test check="at least one" comment="openwsman-client is signed with Red Hat redhatrelease2 key" id="oval:com.redhat.rhsa:tst:20190972006" version="636">
 <red-def:object object_ref="oval:com.redhat.rhsa:obj:20190972003"/>
 <red-def:state state_ref="oval:com.redhat.rhba:ste:20191992002"/>
</red-def:rpminfo_test>
<red-def:rpminfo_test check="at least one" comment="openwsman-python3 is earlier than 0:2.6.5-5.el8" id="oval:com.redhat.rhsa:tst:20190972007" version="636">
 <red-def:object object_ref="oval:com.redhat.rhsa:obj:20190972004"/>
 <red-def:state state_ref="oval:com.redhat.rhsa:ste:20190972003"/>
</red-def:rpminfo_test>
<red-def:rpminfo_test check="at least one" comment="openwsman-python3 is signed with Red Hat redhatrelease2 key" id="oval:com.redhat.rhsa:tst:20190972008" version="636">
 <red-def:object object_ref="oval:com.redhat.rhsa:obj:20190972004"/>
 <red-def:state state_ref="oval:com.redhat.rhba:ste:20191992002"/>
</red-def:rpminfo_test>
<red-def:rpminfo_test check="at least one" comment="openwsman-server is earlier than 0:2.6.5-5.el8" id="oval:com.redhat.rhsa:tst:20190972009" version="636">
 <red-def:object object_ref="oval:com.redhat.rhsa:obj:20190972005"/>
 <red-def:state state_ref="oval:com.redhat.rhsa:ste:20190972001"/>
</red-def:rpminfo_test>
<red-def:rpminfo_test check="at least one" comment="openwsman-server is signed with Red Hat redhatrelease2 key" id="oval:com.redhat.rhsa:tst:20190972010" version="636">
 <red-def:object object_ref="oval:com.redhat.rhsa:obj:20190972005"/>
 <red-def:state state_ref="oval:com.redhat.rhba:ste:20191992002"/>
</red-def:rpminfo_test>
<red-def:rpminfo_test check="at least one" comment="buildah is earlier than 0:1.5-3.gite94b4f9.module+el8.0.0+2958+4e823551" id="oval:com.redhat.rhsa:tst:20190975001" version="641">
 <red-def:object object_ref="oval:com.redhat.rhba:obj:20220348001"/>
 <red-def:state state_ref="oval:com.redhat.rhsa:ste:20190975001"/>
</red-def:rpminfo_test>
<red-def:rpminfo_test check="at least one" comment="container-selinux is earlier than 2:2.94-1.git1e99f1d.module+el8.0.0+2958+4e823551" id="oval:com.redhat.rhsa:tst:20190975003" version="641">
 <red-def:object object_ref="oval:com.redhat.rhba:obj:20220348005"/>
 <red-def:state state_ref="oval:com.redhat.rhsa:ste:20190975003"/>
</red-def:rpminfo_test>
<red-def:rpminfo_test check="at least one" comment="containernetworking-plugins is earlier than 0:0.7.4-3.git9ebe139.module+el8.0.0+2958+4e823551" id="oval:com.redhat.rhsa:tst:20190975005" version="641">
 <red-def:object object_ref="oval:com.redhat.rhba:obj:20220348006"/>
 <red-def:state state_ref="oval:com.redhat.rhsa:ste:20190975004"/>
</red-def:rpminfo_test>
<red-def:rpminfo_test check="at least one" comment="containers-common is earlier than 1:0.1.32-3.git1715c90.module+el8.0.0+2958+4e823551" id="oval:com.redhat.rhsa:tst:20190975007" version="641">
 <red-def:object object_ref="oval:com.redhat.rhba:obj:20220348007"/>
 <red-def:state state_ref="oval:com.redhat.rhsa:ste:20190975005"/>
</red-def:rpminfo_test>
<red-def:rpminfo_test check="at least one" comment="fuse-overlayfs is earlier than 0:0.3-2.module+el8.0.0+2958+4e823551" id="oval:com.redhat.rhsa:tst:20190975009" version="641">
 <red-def:object object_ref="oval:com.redhat.rhba:obj:20220348011"/>
 <red-def:state state_ref="oval:com.redhat.rhsa:ste:20190975006"/>
</red-def:rpminfo_test>
<red-def:rpminfo_test check="at least one" comment="oci-systemd-hook is earlier than 1:0.1.15-2.git2d0b8a3.module+el8.0.0+2958+4e823551" id="oval:com.redhat.rhsa:tst:20190975011" version="641">
 <red-def:object object_ref="oval:com.redhat.rhsa:obj:20190975006"/>
 <red-def:state state_ref="oval:com.redhat.rhsa:ste:20190975007"/>
</red-def:rpminfo_test>
<red-def:rpminfo_test check="at least one" comment="oci-systemd-hook is signed with Red Hat redhatrelease2 key" id="oval:com.redhat.rhsa:tst:20190975012" version="641">
 <red-def:object object_ref="oval:com.redhat.rhsa:obj:20190975006"/>
 <red-def:state state_ref="oval:com.redhat.rhba:ste:20191992002"/>
</red-def:rpminfo_test>
<red-def:rpminfo_test check="at least one" comment="oci-umount is earlier than 2:2.3.4-2.git87f9237.module+el8.0.0+2958+4e823551" id="oval:com.redhat.rhsa:tst:20190975013" version="641">
 <red-def:object object_ref="oval:com.redhat.rhsa:obj:20190975007"/>
 <red-def:state state_ref="oval:com.redhat.rhsa:ste:20190975008"/>
</red-def:rpminfo_test>
<red-def:rpminfo_test check="at least one" comment="oci-umount is signed with Red Hat redhatrelease2 key" id="oval:com.redhat.rhsa:tst:20190975014" version="641">
 <red-def:object object_ref="oval:com.redhat.rhsa:obj:20190975007"/>
 <red-def:state state_ref="oval:com.redhat.rhba:ste:20191992002"/>
</red-def:rpminfo_test>
<red-def:rpminfo_test check="at least one" comment="podman is earlier than 0:1.0.0-2.git921f98f.module+el8.0.0+2958+4e823551" id="oval:com.redhat.rhsa:tst:20190975015" version="641">
 <red-def:object object_ref="oval:com.redhat.rhba:obj:20220348015"/>
 <red-def:state state_ref="oval:com.redhat.rhsa:ste:20190975009"/>
</red-def:rpminfo_test>
<red-def:rpminfo_test check="at least one" comment="podman-docker is earlier than 0:1.0.0-2.git921f98f.module+el8.0.0+2958+4e823551" id="oval:com.redhat.rhsa:tst:20190975017" version="641">
 <red-def:object object_ref="oval:com.redhat.rhba:obj:20220348017"/>
 <red-def:state state_ref="oval:com.redhat.rhsa:ste:20190975010"/>
</red-def:rpminfo_test>
<red-def:rpminfo_test check="at least one" comment="runc is earlier than 0:1.0.0-55.rc5.dev.git2abd837.module+el8.0.0+3049+59fd2bba" id="oval:com.redhat.rhsa:tst:20190975019" version="641">
 <red-def:object object_ref="oval:com.redhat.rhba:obj:20220348022"/>
 <red-def:state state_ref="oval:com.redhat.rhsa:ste:20190975011"/>
</red-def:rpminfo_test>
<red-def:rpminfo_test check="at least one" comment="skopeo is earlier than 1:0.1.32-3.git1715c90.module+el8.0.0+2958+4e823551" id="oval:com.redhat.rhsa:tst:20190975021" version="641">
 <red-def:object object_ref="oval:com.redhat.rhba:obj:20220348023"/>
 <red-def:state state_ref="oval:com.redhat.rhsa:ste:20190975005"/>
</red-def:rpminfo_test>
<red-def:rpminfo_test check="at least one" comment="slirp4netns is earlier than 0:0.1-2.dev.gitc4e1bc5.module+el8.0.0+2958+4e823551" id="oval:com.redhat.rhsa:tst:20190975023" version="641">
 <red-def:object object_ref="oval:com.redhat.rhba:obj:20220348025"/>
 <red-def:state state_ref="oval:com.redhat.rhsa:ste:20190975012"/>
</red-def:rpminfo_test>
<ind-def:textfilecontent54_test check="all" comment="Module container-tools:rhel8 is enabled" id="oval:com.redhat.rhsa:tst:20190975025" version="641">
 <ind-def:object object_ref="oval:com.redhat.rhba:obj:20220348029"/>
 <ind-def:state state_ref="oval:com.redhat.rhba:ste:20236928005"/>
</ind-def:textfilecontent54_test>
<red-def:rpminfo_test check="at least one" comment="httpd is earlier than 0:2.4.37-11.module+el8.0.0+2969+90015743" id="oval:com.redhat.rhsa:tst:20190980001" version="637">
 <red-def:object object_ref="oval:com.redhat.rhsa:obj:20190980001"/>
 <red-def:state state_ref="oval:com.redhat.rhsa:ste:20190980001"/>
</red-def:rpminfo_test>
<red-def:rpminfo_test check="at least one" comment="httpd is signed with Red Hat redhatrelease2 key" id="oval:com.redhat.rhsa:tst:20190980002" version="637">
 <red-def:object object_ref="oval:com.redhat.rhsa:obj:20190980001"/>
 <red-def:state state_ref="oval:com.redhat.rhba:ste:20191992002"/>
</red-def:rpminfo_test>
<red-def:rpminfo_test check="at least one" comment="httpd-devel is earlier than 0:2.4.37-11.module+el8.0.0+2969+90015743" id="oval:com.redhat.rhsa:tst:20190980003" version="637">
 <red-def:object object_ref="oval:com.redhat.rhsa:obj:20190980002"/>
 <red-def:state state_ref="oval:com.redhat.rhsa:ste:20190980001"/>
</red-def:rpminfo_test>
<red-def:rpminfo_test check="at least one" comment="httpd-devel is signed with Red Hat redhatrelease2 key" id="oval:com.redhat.rhsa:tst:20190980004" version="637">
 <red-def:object object_ref="oval:com.redhat.rhsa:obj:20190980002"/>
 <red-def:state state_ref="oval:com.redhat.rhba:ste:20191992002"/>
</red-def:rpminfo_test>
<red-def:rpminfo_test check="at least one" comment="httpd-filesystem is earlier than 0:2.4.37-11.module+el8.0.0+2969+90015743" id="oval:com.redhat.rhsa:tst:20190980005" version="637">
 <red-def:object object_ref="oval:com.redhat.rhsa:obj:20190980003"/>
 <red-def:state state_ref="oval:com.redhat.rhsa:ste:20190980003"/>
</red-def:rpminfo_test>
<red-def:rpminfo_test check="at least one" comment="httpd-filesystem is signed with Red Hat redhatrelease2 key" id="oval:com.redhat.rhsa:tst:20190980006" version="637">
 <red-def:object object_ref="oval:com.redhat.rhsa:obj:20190980003"/>
 <red-def:state state_ref="oval:com.redhat.rhba:ste:20191992002"/>
</red-def:rpminfo_test>
<red-def:rpminfo_test check="at least one" comment="httpd-manual is earlier than 0:2.4.37-11.module+el8.0.0+2969+90015743" id="oval:com.redhat.rhsa:tst:20190980007" version="637">
 <red-def:object object_ref="oval:com.redhat.rhsa:obj:20190980004"/>
 <red-def:state state_ref="oval:com.redhat.rhsa:ste:20190980003"/>
</red-def:rpminfo_test>
<red-def:rpminfo_test check="at least one" comment="httpd-manual is signed with Red Hat redhatrelease2 key" id="oval:com.redhat.rhsa:tst:20190980008" version="637">
 <red-def:object object_ref="oval:com.redhat.rhsa:obj:20190980004"/>
 <red-def:state state_ref="oval:com.redhat.rhba:ste:20191992002"/>
</red-def:rpminfo_test>
<red-def:rpminfo_test check="at least one" comment="httpd-tools is earlier than 0:2.4.37-11.module+el8.0.0+2969+90015743" id="oval:com.redhat.rhsa:tst:20190980009" version="637">
 <red-def:object object_ref="oval:com.redhat.rhsa:obj:20190980005"/>
 <red-def:state state_ref="oval:com.redhat.rhsa:ste:20190980001"/>
</red-def:rpminfo_test>
<red-def:rpminfo_test check="at least one" comment="httpd-tools is signed with Red Hat redhatrelease2 key" id="oval:com.redhat.rhsa:tst:20190980010" version="637">
 <red-def:object object_ref="oval:com.redhat.rhsa:obj:20190980005"/>
 <red-def:state state_ref="oval:com.redhat.rhba:ste:20191992002"/>
</red-def:rpminfo_test>
<red-def:rpminfo_test check="at least one" comment="mod_http2 is earlier than 0:1.11.3-2.module+el8.0.0+2969+90015743" id="oval:com.redhat.rhsa:tst:20190980011" version="637">
 <red-def:object object_ref="oval:com.redhat.rhsa:obj:20190980006"/>
 <red-def:state state_ref="oval:com.redhat.rhsa:ste:20190980004"/>
</red-def:rpminfo_test>
<red-def:rpminfo_test check="at least one" comment="mod_http2 is signed with Red Hat redhatrelease2 key" id="oval:com.redhat.rhsa:tst:20190980012" version="637">
 <red-def:object object_ref="oval:com.redhat.rhsa:obj:20190980006"/>
 <red-def:state state_ref="oval:com.redhat.rhba:ste:20191992002"/>
</red-def:rpminfo_test>
<red-def:rpminfo_test check="at least one" comment="mod_ldap is earlier than 0:2.4.37-11.module+el8.0.0+2969+90015743" id="oval:com.redhat.rhsa:tst:20190980013" version="637">
 <red-def:object object_ref="oval:com.redhat.rhsa:obj:20190980007"/>
 <red-def:state state_ref="oval:com.redhat.rhsa:ste:20190980001"/>
</red-def:rpminfo_test>
<red-def:rpminfo_test check="at least one" comment="mod_ldap is signed with Red Hat redhatrelease2 key" id="oval:com.redhat.rhsa:tst:20190980014" version="637">
 <red-def:object object_ref="oval:com.redhat.rhsa:obj:20190980007"/>
 <red-def:state state_ref="oval:com.redhat.rhba:ste:20191992002"/>
</red-def:rpminfo_test>
<red-def:rpminfo_test check="at least one" comment="mod_md is earlier than 0:2.4.37-11.module+el8.0.0+2969+90015743" id="oval:com.redhat.rhsa:tst:20190980015" version="637">
 <red-def:object object_ref="oval:com.redhat.rhsa:obj:20190980008"/>
 <red-def:state state_ref="oval:com.redhat.rhsa:ste:20190980001"/>
</red-def:rpminfo_test>
<red-def:rpminfo_test check="at least one" comment="mod_md is signed with Red Hat redhatrelease2 key" id="oval:com.redhat.rhsa:tst:20190980016" version="637">
 <red-def:object object_ref="oval:com.redhat.rhsa:obj:20190980008"/>
 <red-def:state state_ref="oval:com.redhat.rhba:ste:20191992002"/>
</red-def:rpminfo_test>
<red-def:rpminfo_test check="at least one" comment="mod_proxy_html is earlier than 1:2.4.37-11.module+el8.0.0+2969+90015743" id="oval:com.redhat.rhsa:tst:20190980017" version="637">
 <red-def:object object_ref="oval:com.redhat.rhsa:obj:20190980009"/>
 <red-def:state state_ref="oval:com.redhat.rhsa:ste:20190980005"/>
</red-def:rpminfo_test>
<red-def:rpminfo_test check="at least one" comment="mod_proxy_html is signed with Red Hat redhatrelease2 key" id="oval:com.redhat.rhsa:tst:20190980018" version="637">
 <red-def:object object_ref="oval:com.redhat.rhsa:obj:20190980009"/>
 <red-def:state state_ref="oval:com.redhat.rhba:ste:20191992002"/>
</red-def:rpminfo_test>
<red-def:rpminfo_test check="at least one" comment="mod_session is earlier than 0:2.4.37-11.module+el8.0.0+2969+90015743" id="oval:com.redhat.rhsa:tst:20190980019" version="637">
 <red-def:object object_ref="oval:com.redhat.rhsa:obj:20190980010"/>
 <red-def:state state_ref="oval:com.redhat.rhsa:ste:20190980001"/>
</red-def:rpminfo_test>
<red-def:rpminfo_test check="at least one" comment="mod_session is signed with Red Hat redhatrelease2 key" id="oval:com.redhat.rhsa:tst:20190980020" version="637">
 <red-def:object object_ref="oval:com.redhat.rhsa:obj:20190980010"/>
 <red-def:state state_ref="oval:com.redhat.rhba:ste:20191992002"/>
</red-def:rpminfo_test>
<red-def:rpminfo_test check="at least one" comment="mod_ssl is earlier than 1:2.4.37-11.module+el8.0.0+2969+90015743" id="oval:com.redhat.rhsa:tst:20190980021" version="637">
 <red-def:object object_ref="oval:com.redhat.rhsa:obj:20190980011"/>
 <red-def:state state_ref="oval:com.redhat.rhsa:ste:20190980005"/>
</red-def:rpminfo_test>
<red-def:rpminfo_test check="at least one" comment="mod_ssl is signed with Red Hat redhatrelease2 key" id="oval:com.redhat.rhsa:tst:20190980022" version="637">
 <red-def:object object_ref="oval:com.redhat.rhsa:obj:20190980011"/>
 <red-def:state state_ref="oval:com.redhat.rhba:ste:20191992002"/>
</red-def:rpminfo_test>
<ind-def:textfilecontent54_test check="all" comment="Module httpd:2.4 is enabled" id="oval:com.redhat.rhsa:tst:20190980023" version="637">
 <ind-def:object object_ref="oval:com.redhat.rhsa:obj:20190980012"/>
 <ind-def:state state_ref="oval:com.redhat.rhsa:ste:20190980006"/>
</ind-def:textfilecontent54_test>
<red-def:rpminfo_test check="at least one" comment="babel is earlier than 0:2.5.1-9.module+el8.0.0+2961+596d0223" id="oval:com.redhat.rhsa:tst:20190981001" version="637">
 <red-def:object object_ref="oval:com.redhat.rhsa:obj:20190981001"/>
 <red-def:state state_ref="oval:com.redhat.rhsa:ste:20190981001"/>
</red-def:rpminfo_test>
<red-def:rpminfo_test check="at least one" comment="babel is signed with Red Hat redhatrelease2 key" id="oval:com.redhat.rhsa:tst:20190981002" version="637">
 <red-def:object object_ref="oval:com.redhat.rhsa:obj:20190981001"/>
 <red-def:state state_ref="oval:com.redhat.rhba:ste:20191992002"/>
</red-def:rpminfo_test>
<red-def:rpminfo_test check="at least one" comment="python-nose-docs is earlier than 0:1.3.7-30.module+el8.0.0+2961+596d0223" id="oval:com.redhat.rhsa:tst:20190981003" version="637">
 <red-def:object object_ref="oval:com.redhat.rhsa:obj:20190981002"/>
 <red-def:state state_ref="oval:com.redhat.rhsa:ste:20190981003"/>
</red-def:rpminfo_test>
<red-def:rpminfo_test check="at least one" comment="python-nose-docs is signed with Red Hat redhatrelease2 key" id="oval:com.redhat.rhsa:tst:20190981004" version="637">
 <red-def:object object_ref="oval:com.redhat.rhsa:obj:20190981002"/>
 <red-def:state state_ref="oval:com.redhat.rhba:ste:20191992002"/>
</red-def:rpminfo_test>
<red-def:rpminfo_test check="at least one" comment="python-psycopg2-doc is earlier than 0:2.7.5-7.module+el8.0.0+2961+596d0223" id="oval:com.redhat.rhsa:tst:20190981005" version="637">
 <red-def:object object_ref="oval:com.redhat.rhsa:obj:20190981003"/>
 <red-def:state state_ref="oval:com.redhat.rhsa:ste:20190981004"/>
</red-def:rpminfo_test>
<red-def:rpminfo_test check="at least one" comment="python-psycopg2-doc is signed with Red Hat redhatrelease2 key" id="oval:com.redhat.rhsa:tst:20190981006" version="637">
 <red-def:object object_ref="oval:com.redhat.rhsa:obj:20190981003"/>
 <red-def:state state_ref="oval:com.redhat.rhba:ste:20191992002"/>
</red-def:rpminfo_test>
<red-def:rpminfo_test check="at least one" comment="python-sqlalchemy-doc is earlier than 0:1.3.2-1.module+el8.0.0+2974+76d21d2e" id="oval:com.redhat.rhsa:tst:20190981007" version="637">
 <red-def:object object_ref="oval:com.redhat.rhsa:obj:20190981004"/>
 <red-def:state state_ref="oval:com.redhat.rhsa:ste:20190981005"/>
</red-def:rpminfo_test>
<red-def:rpminfo_test check="at least one" comment="python-sqlalchemy-doc is signed with Red Hat redhatrelease2 key" id="oval:com.redhat.rhsa:tst:20190981008" version="637">
 <red-def:object object_ref="oval:com.redhat.rhsa:obj:20190981004"/>
 <red-def:state state_ref="oval:com.redhat.rhba:ste:20191992002"/>
</red-def:rpminfo_test>
<red-def:rpminfo_test check="at least one" comment="python2 is earlier than 0:2.7.15-22.module+el8.0.0+2961+596d0223" id="oval:com.redhat.rhsa:tst:20190981009" version="637">
 <red-def:object object_ref="oval:com.redhat.rhsa:obj:20190981005"/>
 <red-def:state state_ref="oval:com.redhat.rhsa:ste:20190981006"/>
</red-def:rpminfo_test>
<red-def:rpminfo_test check="at least one" comment="python2 is signed with Red Hat redhatrelease2 key" id="oval:com.redhat.rhsa:tst:20190981010" version="637">
 <red-def:object object_ref="oval:com.redhat.rhsa:obj:20190981005"/>
 <red-def:state state_ref="oval:com.redhat.rhba:ste:20191992002"/>
</red-def:rpminfo_test>
<red-def:rpminfo_test check="at least one" comment="python2-Cython is earlier than 0:0.28.1-7.module+el8.0.0+2961+596d0223" id="oval:com.redhat.rhsa:tst:20190981011" version="637">
 <red-def:object object_ref="oval:com.redhat.rhsa:obj:20190981006"/>
 <red-def:state state_ref="oval:com.redhat.rhsa:ste:20190981007"/>
</red-def:rpminfo_test>
<red-def:rpminfo_test check="at least one" comment="python2-Cython is signed with Red Hat redhatrelease2 key" id="oval:com.redhat.rhsa:tst:20190981012" version="637">
 <red-def:object object_ref="oval:com.redhat.rhsa:obj:20190981006"/>
 <red-def:state state_ref="oval:com.redhat.rhba:ste:20191992002"/>
</red-def:rpminfo_test>
<red-def:rpminfo_test check="at least one" comment="python2-PyMySQL is earlier than 0:0.8.0-10.module+el8.0.0+2961+596d0223" id="oval:com.redhat.rhsa:tst:20190981013" version="637">
 <red-def:object object_ref="oval:com.redhat.rhsa:obj:20190981007"/>
 <red-def:state state_ref="oval:com.redhat.rhsa:ste:20190981008"/>
</red-def:rpminfo_test>
<red-def:rpminfo_test check="at least one" comment="python2-PyMySQL is signed with Red Hat redhatrelease2 key" id="oval:com.redhat.rhsa:tst:20190981014" version="637">
 <red-def:object object_ref="oval:com.redhat.rhsa:obj:20190981007"/>
 <red-def:state state_ref="oval:com.redhat.rhba:ste:20191992002"/>
</red-def:rpminfo_test>
<red-def:rpminfo_test check="at least one" comment="python2-attrs is earlier than 0:17.4.0-10.module+el8.0.0+2961+596d0223" id="oval:com.redhat.rhsa:tst:20190981015" version="637">
 <red-def:object object_ref="oval:com.redhat.rhsa:obj:20190981008"/>
 <red-def:state state_ref="oval:com.redhat.rhsa:ste:20190981009"/>
</red-def:rpminfo_test>
<red-def:rpminfo_test check="at least one" comment="python2-attrs is signed with Red Hat redhatrelease2 key" id="oval:com.redhat.rhsa:tst:20190981016" version="637">
 <red-def:object object_ref="oval:com.redhat.rhsa:obj:20190981008"/>
 <red-def:state state_ref="oval:com.redhat.rhba:ste:20191992002"/>
</red-def:rpminfo_test>
<red-def:rpminfo_test check="at least one" comment="python2-babel is earlier than 0:2.5.1-9.module+el8.0.0+2961+596d0223" id="oval:com.redhat.rhsa:tst:20190981017" version="637">
 <red-def:object object_ref="oval:com.redhat.rhsa:obj:20190981009"/>
 <red-def:state state_ref="oval:com.redhat.rhsa:ste:20190981001"/>
</red-def:rpminfo_test>
<red-def:rpminfo_test check="at least one" comment="python2-babel is signed with Red Hat redhatrelease2 key" id="oval:com.redhat.rhsa:tst:20190981018" version="637">
 <red-def:object object_ref="oval:com.redhat.rhsa:obj:20190981009"/>
 <red-def:state state_ref="oval:com.redhat.rhba:ste:20191992002"/>
</red-def:rpminfo_test>
<red-def:rpminfo_test check="at least one" comment="python2-backports is earlier than 0:1.0-15.module+el8.0.0+2961+596d0223" id="oval:com.redhat.rhsa:tst:20190981019" version="637">
 <red-def:object object_ref="oval:com.redhat.rhsa:obj:20190981010"/>
 <red-def:state state_ref="oval:com.redhat.rhsa:ste:20190981010"/>
</red-def:rpminfo_test>
<red-def:rpminfo_test check="at least one" comment="python2-backports is signed with Red Hat redhatrelease2 key" id="oval:com.redhat.rhsa:tst:20190981020" version="637">
 <red-def:object object_ref="oval:com.redhat.rhsa:obj:20190981010"/>
 <red-def:state state_ref="oval:com.redhat.rhba:ste:20191992002"/>
</red-def:rpminfo_test>
<red-def:rpminfo_test check="at least one" comment="python2-backports-ssl_match_hostname is earlier than 0:3.5.0.1-11.module+el8.0.0+2961+596d0223" id="oval:com.redhat.rhsa:tst:20190981021" version="637">
 <red-def:object object_ref="oval:com.redhat.rhsa:obj:20190981011"/>
 <red-def:state state_ref="oval:com.redhat.rhsa:ste:20190981011"/>
</red-def:rpminfo_test>
<red-def:rpminfo_test check="at least one" comment="python2-backports-ssl_match_hostname is signed with Red Hat redhatrelease2 key" id="oval:com.redhat.rhsa:tst:20190981022" version="637">
 <red-def:object object_ref="oval:com.redhat.rhsa:obj:20190981011"/>
 <red-def:state state_ref="oval:com.redhat.rhba:ste:20191992002"/>
</red-def:rpminfo_test>
<red-def:rpminfo_test check="at least one" comment="python2-bson is earlier than 0:3.6.1-9.module+el8.0.0+2961+596d0223" id="oval:com.redhat.rhsa:tst:20190981023" version="637">
 <red-def:object object_ref="oval:com.redhat.rhsa:obj:20190981012"/>
 <red-def:state state_ref="oval:com.redhat.rhsa:ste:20190981012"/>
</red-def:rpminfo_test>
<red-def:rpminfo_test check="at least one" comment="python2-bson is signed with Red Hat redhatrelease2 key" id="oval:com.redhat.rhsa:tst:20190981024" version="637">
 <red-def:object object_ref="oval:com.redhat.rhsa:obj:20190981012"/>
 <red-def:state state_ref="oval:com.redhat.rhba:ste:20191992002"/>
</red-def:rpminfo_test>
<red-def:rpminfo_test check="at least one" comment="python2-chardet is earlier than 0:3.0.4-10.module+el8.0.0+2961+596d0223" id="oval:com.redhat.rhsa:tst:20190981025" version="637">
 <red-def:object object_ref="oval:com.redhat.rhsa:obj:20190981013"/>
 <red-def:state state_ref="oval:com.redhat.rhsa:ste:20190981013"/>
</red-def:rpminfo_test>
<red-def:rpminfo_test check="at least one" comment="python2-chardet is signed with Red Hat redhatrelease2 key" id="oval:com.redhat.rhsa:tst:20190981026" version="637">
 <red-def:object object_ref="oval:com.redhat.rhsa:obj:20190981013"/>
 <red-def:state state_ref="oval:com.redhat.rhba:ste:20191992002"/>
</red-def:rpminfo_test>
<red-def:rpminfo_test check="at least one" comment="python2-coverage is earlier than 0:4.5.1-4.module+el8.0.0+2961+596d0223" id="oval:com.redhat.rhsa:tst:20190981027" version="637">
 <red-def:object object_ref="oval:com.redhat.rhsa:obj:20190981014"/>
 <red-def:state state_ref="oval:com.redhat.rhsa:ste:20190981014"/>
</red-def:rpminfo_test>
<red-def:rpminfo_test check="at least one" comment="python2-coverage is signed with Red Hat redhatrelease2 key" id="oval:com.redhat.rhsa:tst:20190981028" version="637">
 <red-def:object object_ref="oval:com.redhat.rhsa:obj:20190981014"/>
 <red-def:state state_ref="oval:com.redhat.rhba:ste:20191992002"/>
</red-def:rpminfo_test>
<red-def:rpminfo_test check="at least one" comment="python2-debug is earlier than 0:2.7.15-22.module+el8.0.0+2961+596d0223" id="oval:com.redhat.rhsa:tst:20190981029" version="637">
 <red-def:object object_ref="oval:com.redhat.rhsa:obj:20190981015"/>
 <red-def:state state_ref="oval:com.redhat.rhsa:ste:20190981006"/>
</red-def:rpminfo_test>
<red-def:rpminfo_test check="at least one" comment="python2-debug is signed with Red Hat redhatrelease2 key" id="oval:com.redhat.rhsa:tst:20190981030" version="637">
 <red-def:object object_ref="oval:com.redhat.rhsa:obj:20190981015"/>
 <red-def:state state_ref="oval:com.redhat.rhba:ste:20191992002"/>
</red-def:rpminfo_test>
<red-def:rpminfo_test check="at least one" comment="python2-devel is earlier than 0:2.7.15-22.module+el8.0.0+2961+596d0223" id="oval:com.redhat.rhsa:tst:20190981031" version="637">
 <red-def:object object_ref="oval:com.redhat.rhsa:obj:20190981016"/>
 <red-def:state state_ref="oval:com.redhat.rhsa:ste:20190981006"/>
</red-def:rpminfo_test>
<red-def:rpminfo_test check="at least one" comment="python2-devel is signed with Red Hat redhatrelease2 key" id="oval:com.redhat.rhsa:tst:20190981032" version="637">
 <red-def:object object_ref="oval:com.redhat.rhsa:obj:20190981016"/>
 <red-def:state state_ref="oval:com.redhat.rhba:ste:20191992002"/>
</red-def:rpminfo_test>
<red-def:rpminfo_test check="at least one" comment="python2-dns is earlier than 0:1.15.0-9.module+el8.0.0+2961+596d0223" id="oval:com.redhat.rhsa:tst:20190981033" version="637">
 <red-def:object object_ref="oval:com.redhat.rhsa:obj:20190981017"/>
 <red-def:state state_ref="oval:com.redhat.rhsa:ste:20190981015"/>
</red-def:rpminfo_test>
<red-def:rpminfo_test check="at least one" comment="python2-dns is signed with Red Hat redhatrelease2 key" id="oval:com.redhat.rhsa:tst:20190981034" version="637">
 <red-def:object object_ref="oval:com.redhat.rhsa:obj:20190981017"/>
 <red-def:state state_ref="oval:com.redhat.rhba:ste:20191992002"/>
</red-def:rpminfo_test>
<red-def:rpminfo_test check="at least one" comment="python2-docs is earlier than 0:2.7.15-4.module+el8.0.0+2961+596d0223" id="oval:com.redhat.rhsa:tst:20190981035" version="637">
 <red-def:object object_ref="oval:com.redhat.rhsa:obj:20190981018"/>
 <red-def:state state_ref="oval:com.redhat.rhsa:ste:20190981016"/>
</red-def:rpminfo_test>
<red-def:rpminfo_test check="at least one" comment="python2-docs is signed with Red Hat redhatrelease2 key" id="oval:com.redhat.rhsa:tst:20190981036" version="637">
 <red-def:object object_ref="oval:com.redhat.rhsa:obj:20190981018"/>
 <red-def:state state_ref="oval:com.redhat.rhba:ste:20191992002"/>
</red-def:rpminfo_test>
<red-def:rpminfo_test check="at least one" comment="python2-docs-info is earlier than 0:2.7.15-4.module+el8.0.0+2961+596d0223" id="oval:com.redhat.rhsa:tst:20190981037" version="637">
 <red-def:object object_ref="oval:com.redhat.rhsa:obj:20190981019"/>
 <red-def:state state_ref="oval:com.redhat.rhsa:ste:20190981016"/>
</red-def:rpminfo_test>
<red-def:rpminfo_test check="at least one" comment="python2-docs-info is signed with Red Hat redhatrelease2 key" id="oval:com.redhat.rhsa:tst:20190981038" version="637">
 <red-def:object object_ref="oval:com.redhat.rhsa:obj:20190981019"/>
 <red-def:state state_ref="oval:com.redhat.rhba:ste:20191992002"/>
</red-def:rpminfo_test>
<red-def:rpminfo_test check="at least one" comment="python2-docutils is earlier than 0:0.14-12.module+el8.0.0+2961+596d0223" id="oval:com.redhat.rhsa:tst:20190981039" version="637">
 <red-def:object object_ref="oval:com.redhat.rhsa:obj:20190981020"/>
 <red-def:state state_ref="oval:com.redhat.rhsa:ste:20190981017"/>
</red-def:rpminfo_test>
<red-def:rpminfo_test check="at least one" comment="python2-docutils is signed with Red Hat redhatrelease2 key" id="oval:com.redhat.rhsa:tst:20190981040" version="637">
 <red-def:object object_ref="oval:com.redhat.rhsa:obj:20190981020"/>
 <red-def:state state_ref="oval:com.redhat.rhba:ste:20191992002"/>
</red-def:rpminfo_test>
<red-def:rpminfo_test check="at least one" comment="python2-funcsigs is earlier than 0:1.0.2-13.module+el8.0.0+2961+596d0223" id="oval:com.redhat.rhsa:tst:20190981041" version="637">
 <red-def:object object_ref="oval:com.redhat.rhsa:obj:20190981021"/>
 <red-def:state state_ref="oval:com.redhat.rhsa:ste:20190981018"/>
</red-def:rpminfo_test>
<red-def:rpminfo_test check="at least one" comment="python2-funcsigs is signed with Red Hat redhatrelease2 key" id="oval:com.redhat.rhsa:tst:20190981042" version="637">
 <red-def:object object_ref="oval:com.redhat.rhsa:obj:20190981021"/>
 <red-def:state state_ref="oval:com.redhat.rhba:ste:20191992002"/>
</red-def:rpminfo_test>
<red-def:rpminfo_test check="at least one" comment="python2-idna is earlier than 0:2.5-7.module+el8.0.0+2961+596d0223" id="oval:com.redhat.rhsa:tst:20190981043" version="637">
 <red-def:object object_ref="oval:com.redhat.rhsa:obj:20190981022"/>
 <red-def:state state_ref="oval:com.redhat.rhsa:ste:20190981019"/>
</red-def:rpminfo_test>
<red-def:rpminfo_test check="at least one" comment="python2-idna is signed with Red Hat redhatrelease2 key" id="oval:com.redhat.rhsa:tst:20190981044" version="637">
 <red-def:object object_ref="oval:com.redhat.rhsa:obj:20190981022"/>
 <red-def:state state_ref="oval:com.redhat.rhba:ste:20191992002"/>
</red-def:rpminfo_test>
<red-def:rpminfo_test check="at least one" comment="python2-ipaddress is earlier than 0:1.0.18-6.module+el8.0.0+2961+596d0223" id="oval:com.redhat.rhsa:tst:20190981045" version="637">
 <red-def:object object_ref="oval:com.redhat.rhsa:obj:20190981023"/>
 <red-def:state state_ref="oval:com.redhat.rhsa:ste:20190981020"/>
</red-def:rpminfo_test>
<red-def:rpminfo_test check="at least one" comment="python2-ipaddress is signed with Red Hat redhatrelease2 key" id="oval:com.redhat.rhsa:tst:20190981046" version="637">
 <red-def:object object_ref="oval:com.redhat.rhsa:obj:20190981023"/>
 <red-def:state state_ref="oval:com.redhat.rhba:ste:20191992002"/>
</red-def:rpminfo_test>
<red-def:rpminfo_test check="at least one" comment="python2-jinja2 is earlier than 0:2.10-8.module+el8.0.0+2961+596d0223" id="oval:com.redhat.rhsa:tst:20190981047" version="637">
 <red-def:object object_ref="oval:com.redhat.rhsa:obj:20190981024"/>
 <red-def:state state_ref="oval:com.redhat.rhsa:ste:20190981021"/>
</red-def:rpminfo_test>
<red-def:rpminfo_test check="at least one" comment="python2-jinja2 is signed with Red Hat redhatrelease2 key" id="oval:com.redhat.rhsa:tst:20190981048" version="637">
 <red-def:object object_ref="oval:com.redhat.rhsa:obj:20190981024"/>
 <red-def:state state_ref="oval:com.redhat.rhba:ste:20191992002"/>
</red-def:rpminfo_test>
<red-def:rpminfo_test check="at least one" comment="python2-libs is earlier than 0:2.7.15-22.module+el8.0.0+2961+596d0223" id="oval:com.redhat.rhsa:tst:20190981049" version="637">
 <red-def:object object_ref="oval:com.redhat.rhsa:obj:20190981025"/>
 <red-def:state state_ref="oval:com.redhat.rhsa:ste:20190981006"/>
</red-def:rpminfo_test>
<red-def:rpminfo_test check="at least one" comment="python2-libs is signed with Red Hat redhatrelease2 key" id="oval:com.redhat.rhsa:tst:20190981050" version="637">
 <red-def:object object_ref="oval:com.redhat.rhsa:obj:20190981025"/>
 <red-def:state state_ref="oval:com.redhat.rhba:ste:20191992002"/>
</red-def:rpminfo_test>
<red-def:rpminfo_test check="at least one" comment="python2-lxml is earlier than 0:4.2.3-3.module+el8.0.0+2961+596d0223" id="oval:com.redhat.rhsa:tst:20190981051" version="637">
 <red-def:object object_ref="oval:com.redhat.rhsa:obj:20190981026"/>
 <red-def:state state_ref="oval:com.redhat.rhsa:ste:20190981022"/>
</red-def:rpminfo_test>
<red-def:rpminfo_test check="at least one" comment="python2-lxml is signed with Red Hat redhatrelease2 key" id="oval:com.redhat.rhsa:tst:20190981052" version="637">
 <red-def:object object_ref="oval:com.redhat.rhsa:obj:20190981026"/>
 <red-def:state state_ref="oval:com.redhat.rhba:ste:20191992002"/>
</red-def:rpminfo_test>
<red-def:rpminfo_test check="at least one" comment="python2-markupsafe is earlier than 0:0.23-19.module+el8.0.0+2961+596d0223" id="oval:com.redhat.rhsa:tst:20190981053" version="637">
 <red-def:object object_ref="oval:com.redhat.rhsa:obj:20190981027"/>
 <red-def:state state_ref="oval:com.redhat.rhsa:ste:20190981023"/>
</red-def:rpminfo_test>
<red-def:rpminfo_test check="at least one" comment="python2-markupsafe is signed with Red Hat redhatrelease2 key" id="oval:com.redhat.rhsa:tst:20190981054" version="637">
 <red-def:object object_ref="oval:com.redhat.rhsa:obj:20190981027"/>
 <red-def:state state_ref="oval:com.redhat.rhba:ste:20191992002"/>
</red-def:rpminfo_test>
<red-def:rpminfo_test check="at least one" comment="python2-mock is earlier than 0:2.0.0-13.module+el8.0.0+2961+596d0223" id="oval:com.redhat.rhsa:tst:20190981055" version="637">
 <red-def:object object_ref="oval:com.redhat.rhsa:obj:20190981028"/>
 <red-def:state state_ref="oval:com.redhat.rhsa:ste:20190981024"/>
</red-def:rpminfo_test>
<red-def:rpminfo_test check="at least one" comment="python2-mock is signed with Red Hat redhatrelease2 key" id="oval:com.redhat.rhsa:tst:20190981056" version="637">
 <red-def:object object_ref="oval:com.redhat.rhsa:obj:20190981028"/>
 <red-def:state state_ref="oval:com.redhat.rhba:ste:20191992002"/>
</red-def:rpminfo_test>
<red-def:rpminfo_test check="at least one" comment="python2-nose is earlier than 0:1.3.7-30.module+el8.0.0+2961+596d0223" id="oval:com.redhat.rhsa:tst:20190981057" version="637">
 <red-def:object object_ref="oval:com.redhat.rhsa:obj:20190981029"/>
 <red-def:state state_ref="oval:com.redhat.rhsa:ste:20190981003"/>
</red-def:rpminfo_test>
<red-def:rpminfo_test check="at least one" comment="python2-nose is signed with Red Hat redhatrelease2 key" id="oval:com.redhat.rhsa:tst:20190981058" version="637">
 <red-def:object object_ref="oval:com.redhat.rhsa:obj:20190981029"/>
 <red-def:state state_ref="oval:com.redhat.rhba:ste:20191992002"/>
</red-def:rpminfo_test>
<red-def:rpminfo_test check="at least one" comment="python2-numpy is earlier than 1:1.14.2-10.module+el8.0.0+2961+596d0223" id="oval:com.redhat.rhsa:tst:20190981059" version="637">
 <red-def:object object_ref="oval:com.redhat.rhsa:obj:20190981030"/>
 <red-def:state state_ref="oval:com.redhat.rhsa:ste:20190981025"/>
</red-def:rpminfo_test>
<red-def:rpminfo_test check="at least one" comment="python2-numpy is signed with Red Hat redhatrelease2 key" id="oval:com.redhat.rhsa:tst:20190981060" version="637">
 <red-def:object object_ref="oval:com.redhat.rhsa:obj:20190981030"/>
 <red-def:state state_ref="oval:com.redhat.rhba:ste:20191992002"/>
</red-def:rpminfo_test>
<red-def:rpminfo_test check="at least one" comment="python2-numpy-doc is earlier than 1:1.14.2-10.module+el8.0.0+2961+596d0223" id="oval:com.redhat.rhsa:tst:20190981061" version="637">
 <red-def:object object_ref="oval:com.redhat.rhsa:obj:20190981031"/>
 <red-def:state state_ref="oval:com.redhat.rhsa:ste:20190981026"/>
</red-def:rpminfo_test>
<red-def:rpminfo_test check="at least one" comment="python2-numpy-doc is signed with Red Hat redhatrelease2 key" id="oval:com.redhat.rhsa:tst:20190981062" version="637">
 <red-def:object object_ref="oval:com.redhat.rhsa:obj:20190981031"/>
 <red-def:state state_ref="oval:com.redhat.rhba:ste:20191992002"/>
</red-def:rpminfo_test>
<red-def:rpminfo_test check="at least one" comment="python2-numpy-f2py is earlier than 1:1.14.2-10.module+el8.0.0+2961+596d0223" id="oval:com.redhat.rhsa:tst:20190981063" version="637">
 <red-def:object object_ref="oval:com.redhat.rhsa:obj:20190981032"/>
 <red-def:state state_ref="oval:com.redhat.rhsa:ste:20190981025"/>
</red-def:rpminfo_test>
<red-def:rpminfo_test check="at least one" comment="python2-numpy-f2py is signed with Red Hat redhatrelease2 key" id="oval:com.redhat.rhsa:tst:20190981064" version="637">
 <red-def:object object_ref="oval:com.redhat.rhsa:obj:20190981032"/>
 <red-def:state state_ref="oval:com.redhat.rhba:ste:20191992002"/>
</red-def:rpminfo_test>
<red-def:rpminfo_test check="at least one" comment="python2-pip is earlier than 0:9.0.3-13.module+el8.0.0+2961+596d0223" id="oval:com.redhat.rhsa:tst:20190981065" version="637">
 <red-def:object object_ref="oval:com.redhat.rhsa:obj:20190981033"/>
 <red-def:state state_ref="oval:com.redhat.rhsa:ste:20190981027"/>
</red-def:rpminfo_test>
<red-def:rpminfo_test check="at least one" comment="python2-pip is signed with Red Hat redhatrelease2 key" id="oval:com.redhat.rhsa:tst:20190981066" version="637">
 <red-def:object object_ref="oval:com.redhat.rhsa:obj:20190981033"/>
 <red-def:state state_ref="oval:com.redhat.rhba:ste:20191992002"/>
</red-def:rpminfo_test>
<red-def:rpminfo_test check="at least one" comment="python2-pluggy is earlier than 0:0.6.0-8.module+el8.0.0+2961+596d0223" id="oval:com.redhat.rhsa:tst:20190981067" version="637">
 <red-def:object object_ref="oval:com.redhat.rhsa:obj:20190981034"/>
 <red-def:state state_ref="oval:com.redhat.rhsa:ste:20190981028"/>
</red-def:rpminfo_test>
<red-def:rpminfo_test check="at least one" comment="python2-pluggy is signed with Red Hat redhatrelease2 key" id="oval:com.redhat.rhsa:tst:20190981068" version="637">
 <red-def:object object_ref="oval:com.redhat.rhsa:obj:20190981034"/>
 <red-def:state state_ref="oval:com.redhat.rhba:ste:20191992002"/>
</red-def:rpminfo_test>
<red-def:rpminfo_test check="at least one" comment="python2-psycopg2 is earlier than 0:2.7.5-7.module+el8.0.0+2961+596d0223" id="oval:com.redhat.rhsa:tst:20190981069" version="637">
 <red-def:object object_ref="oval:com.redhat.rhsa:obj:20190981035"/>
 <red-def:state state_ref="oval:com.redhat.rhsa:ste:20190981004"/>
</red-def:rpminfo_test>
<red-def:rpminfo_test check="at least one" comment="python2-psycopg2 is signed with Red Hat redhatrelease2 key" id="oval:com.redhat.rhsa:tst:20190981070" version="637">
 <red-def:object object_ref="oval:com.redhat.rhsa:obj:20190981035"/>
 <red-def:state state_ref="oval:com.redhat.rhba:ste:20191992002"/>
</red-def:rpminfo_test>
<red-def:rpminfo_test check="at least one" comment="python2-psycopg2-debug is earlier than 0:2.7.5-7.module+el8.0.0+2961+596d0223" id="oval:com.redhat.rhsa:tst:20190981071" version="637">
 <red-def:object object_ref="oval:com.redhat.rhsa:obj:20190981036"/>
 <red-def:state state_ref="oval:com.redhat.rhsa:ste:20190981004"/>
</red-def:rpminfo_test>
<red-def:rpminfo_test check="at least one" comment="python2-psycopg2-debug is signed with Red Hat redhatrelease2 key" id="oval:com.redhat.rhsa:tst:20190981072" version="637">
 <red-def:object object_ref="oval:com.redhat.rhsa:obj:20190981036"/>
 <red-def:state state_ref="oval:com.redhat.rhba:ste:20191992002"/>
</red-def:rpminfo_test>
<red-def:rpminfo_test check="at least one" comment="python2-psycopg2-tests is earlier than 0:2.7.5-7.module+el8.0.0+2961+596d0223" id="oval:com.redhat.rhsa:tst:20190981073" version="637">
 <red-def:object object_ref="oval:com.redhat.rhsa:obj:20190981037"/>
 <red-def:state state_ref="oval:com.redhat.rhsa:ste:20190981004"/>
</red-def:rpminfo_test>
<red-def:rpminfo_test check="at least one" comment="python2-psycopg2-tests is signed with Red Hat redhatrelease2 key" id="oval:com.redhat.rhsa:tst:20190981074" version="637">
 <red-def:object object_ref="oval:com.redhat.rhsa:obj:20190981037"/>
 <red-def:state state_ref="oval:com.redhat.rhba:ste:20191992002"/>
</red-def:rpminfo_test>
<red-def:rpminfo_test check="at least one" comment="python2-py is earlier than 0:1.5.3-6.module+el8.0.0+2961+596d0223" id="oval:com.redhat.rhsa:tst:20190981075" version="637">
 <red-def:object object_ref="oval:com.redhat.rhsa:obj:20190981038"/>
 <red-def:state state_ref="oval:com.redhat.rhsa:ste:20190981029"/>
</red-def:rpminfo_test>
<red-def:rpminfo_test check="at least one" comment="python2-py is signed with Red Hat redhatrelease2 key" id="oval:com.redhat.rhsa:tst:20190981076" version="637">
 <red-def:object object_ref="oval:com.redhat.rhsa:obj:20190981038"/>
 <red-def:state state_ref="oval:com.redhat.rhba:ste:20191992002"/>
</red-def:rpminfo_test>
<red-def:rpminfo_test check="at least one" comment="python2-pygments is earlier than 0:2.2.0-20.module+el8.0.0+2961+596d0223" id="oval:com.redhat.rhsa:tst:20190981077" version="637">
 <red-def:object object_ref="oval:com.redhat.rhsa:obj:20190981039"/>
 <red-def:state state_ref="oval:com.redhat.rhsa:ste:20190981030"/>
</red-def:rpminfo_test>
<red-def:rpminfo_test check="at least one" comment="python2-pygments is signed with Red Hat redhatrelease2 key" id="oval:com.redhat.rhsa:tst:20190981078" version="637">
 <red-def:object object_ref="oval:com.redhat.rhsa:obj:20190981039"/>
 <red-def:state state_ref="oval:com.redhat.rhba:ste:20191992002"/>
</red-def:rpminfo_test>
<red-def:rpminfo_test check="at least one" comment="python2-pymongo is earlier than 0:3.6.1-9.module+el8.0.0+2961+596d0223" id="oval:com.redhat.rhsa:tst:20190981079" version="637">
 <red-def:object object_ref="oval:com.redhat.rhsa:obj:20190981040"/>
 <red-def:state state_ref="oval:com.redhat.rhsa:ste:20190981012"/>
</red-def:rpminfo_test>
<red-def:rpminfo_test check="at least one" comment="python2-pymongo is signed with Red Hat redhatrelease2 key" id="oval:com.redhat.rhsa:tst:20190981080" version="637">
 <red-def:object object_ref="oval:com.redhat.rhsa:obj:20190981040"/>
 <red-def:state state_ref="oval:com.redhat.rhba:ste:20191992002"/>
</red-def:rpminfo_test>
<red-def:rpminfo_test check="at least one" comment="python2-pymongo-gridfs is earlier than 0:3.6.1-9.module+el8.0.0+2961+596d0223" id="oval:com.redhat.rhsa:tst:20190981081" version="637">
 <red-def:object object_ref="oval:com.redhat.rhsa:obj:20190981041"/>
 <red-def:state state_ref="oval:com.redhat.rhsa:ste:20190981012"/>
</red-def:rpminfo_test>
<red-def:rpminfo_test check="at least one" comment="python2-pymongo-gridfs is signed with Red Hat redhatrelease2 key" id="oval:com.redhat.rhsa:tst:20190981082" version="637">
 <red-def:object object_ref="oval:com.redhat.rhsa:obj:20190981041"/>
 <red-def:state state_ref="oval:com.redhat.rhba:ste:20191992002"/>
</red-def:rpminfo_test>
<red-def:rpminfo_test check="at least one" comment="python2-pysocks is earlier than 0:1.6.8-6.module+el8.0.0+2961+596d0223" id="oval:com.redhat.rhsa:tst:20190981083" version="637">
 <red-def:object object_ref="oval:com.redhat.rhsa:obj:20190981042"/>
 <red-def:state state_ref="oval:com.redhat.rhsa:ste:20190981031"/>
</red-def:rpminfo_test>
<red-def:rpminfo_test check="at least one" comment="python2-pysocks is signed with Red Hat redhatrelease2 key" id="oval:com.redhat.rhsa:tst:20190981084" version="637">
 <red-def:object object_ref="oval:com.redhat.rhsa:obj:20190981042"/>
 <red-def:state state_ref="oval:com.redhat.rhba:ste:20191992002"/>
</red-def:rpminfo_test>
<red-def:rpminfo_test check="at least one" comment="python2-pytest is earlier than 0:3.4.2-13.module+el8.0.0+2961+596d0223" id="oval:com.redhat.rhsa:tst:20190981085" version="637">
 <red-def:object object_ref="oval:com.redhat.rhsa:obj:20190981043"/>
 <red-def:state state_ref="oval:com.redhat.rhsa:ste:20190981032"/>
</red-def:rpminfo_test>
<red-def:rpminfo_test check="at least one" comment="python2-pytest is signed with Red Hat redhatrelease2 key" id="oval:com.redhat.rhsa:tst:20190981086" version="637">
 <red-def:object object_ref="oval:com.redhat.rhsa:obj:20190981043"/>
 <red-def:state state_ref="oval:com.redhat.rhba:ste:20191992002"/>
</red-def:rpminfo_test>
<red-def:rpminfo_test check="at least one" comment="python2-pytest-mock is earlier than 0:1.9.0-4.module+el8.0.0+2961+596d0223" id="oval:com.redhat.rhsa:tst:20190981087" version="637">
 <red-def:object object_ref="oval:com.redhat.rhsa:obj:20190981044"/>
 <red-def:state state_ref="oval:com.redhat.rhsa:ste:20190981033"/>
</red-def:rpminfo_test>
<red-def:rpminfo_test check="at least one" comment="python2-pytest-mock is signed with Red Hat redhatrelease2 key" id="oval:com.redhat.rhsa:tst:20190981088" version="637">
 <red-def:object object_ref="oval:com.redhat.rhsa:obj:20190981044"/>
 <red-def:state state_ref="oval:com.redhat.rhba:ste:20191992002"/>
</red-def:rpminfo_test>
<red-def:rpminfo_test check="at least one" comment="python2-pytz is earlier than 0:2017.2-12.module+el8.0.0+2961+596d0223" id="oval:com.redhat.rhsa:tst:20190981089" version="637">
 <red-def:object object_ref="oval:com.redhat.rhsa:obj:20190981045"/>
 <red-def:state state_ref="oval:com.redhat.rhsa:ste:20190981034"/>
</red-def:rpminfo_test>
<red-def:rpminfo_test check="at least one" comment="python2-pytz is signed with Red Hat redhatrelease2 key" id="oval:com.redhat.rhsa:tst:20190981090" version="637">
 <red-def:object object_ref="oval:com.redhat.rhsa:obj:20190981045"/>
 <red-def:state state_ref="oval:com.redhat.rhba:ste:20191992002"/>
</red-def:rpminfo_test>
<red-def:rpminfo_test check="at least one" comment="python2-pyyaml is earlier than 0:3.12-16.module+el8.0.0+2961+596d0223" id="oval:com.redhat.rhsa:tst:20190981091" version="637">
 <red-def:object object_ref="oval:com.redhat.rhsa:obj:20190981046"/>
 <red-def:state state_ref="oval:com.redhat.rhsa:ste:20190981035"/>
</red-def:rpminfo_test>
<red-def:rpminfo_test check="at least one" comment="python2-pyyaml is signed with Red Hat redhatrelease2 key" id="oval:com.redhat.rhsa:tst:20190981092" version="637">
 <red-def:object object_ref="oval:com.redhat.rhsa:obj:20190981046"/>
 <red-def:state state_ref="oval:com.redhat.rhba:ste:20191992002"/>
</red-def:rpminfo_test>
<red-def:rpminfo_test check="at least one" comment="python2-requests is earlier than 0:2.20.0-2.module+el8.0.0+2961+596d0223" id="oval:com.redhat.rhsa:tst:20190981093" version="637">
 <red-def:object object_ref="oval:com.redhat.rhsa:obj:20190981047"/>
 <red-def:state state_ref="oval:com.redhat.rhsa:ste:20190981036"/>
</red-def:rpminfo_test>
<red-def:rpminfo_test check="at least one" comment="python2-requests is signed with Red Hat redhatrelease2 key" id="oval:com.redhat.rhsa:tst:20190981094" version="637">
 <red-def:object object_ref="oval:com.redhat.rhsa:obj:20190981047"/>
 <red-def:state state_ref="oval:com.redhat.rhba:ste:20191992002"/>
</red-def:rpminfo_test>
<red-def:rpminfo_test check="at least one" comment="python2-rpm-macros is earlier than 0:3-38.module+el8.0.0+2961+596d0223" id="oval:com.redhat.rhsa:tst:20190981095" version="637">
 <red-def:object object_ref="oval:com.redhat.rhsa:obj:20190981048"/>
 <red-def:state state_ref="oval:com.redhat.rhsa:ste:20190981037"/>
</red-def:rpminfo_test>
<red-def:rpminfo_test check="at least one" comment="python2-rpm-macros is signed with Red Hat redhatrelease2 key" id="oval:com.redhat.rhsa:tst:20190981096" version="637">
 <red-def:object object_ref="oval:com.redhat.rhsa:obj:20190981048"/>
 <red-def:state state_ref="oval:com.redhat.rhba:ste:20191992002"/>
</red-def:rpminfo_test>
<red-def:rpminfo_test check="at least one" comment="python2-scipy is earlier than 0:1.0.0-19.module+el8.0.0+2961+596d0223" id="oval:com.redhat.rhsa:tst:20190981097" version="637">
 <red-def:object object_ref="oval:com.redhat.rhsa:obj:20190981049"/>
 <red-def:state state_ref="oval:com.redhat.rhsa:ste:20190981038"/>
</red-def:rpminfo_test>
<red-def:rpminfo_test check="at least one" comment="python2-scipy is signed with Red Hat redhatrelease2 key" id="oval:com.redhat.rhsa:tst:20190981098" version="637">
 <red-def:object object_ref="oval:com.redhat.rhsa:obj:20190981049"/>
 <red-def:state state_ref="oval:com.redhat.rhba:ste:20191992002"/>
</red-def:rpminfo_test>
<red-def:rpminfo_test check="at least one" comment="python2-setuptools is earlier than 0:39.0.1-11.module+el8.0.0+2961+596d0223" id="oval:com.redhat.rhsa:tst:20190981099" version="637">
 <red-def:object object_ref="oval:com.redhat.rhsa:obj:20190981050"/>
 <red-def:state state_ref="oval:com.redhat.rhsa:ste:20190981039"/>
</red-def:rpminfo_test>
<red-def:rpminfo_test check="at least one" comment="python2-setuptools is signed with Red Hat redhatrelease2 key" id="oval:com.redhat.rhsa:tst:20190981100" version="637">
 <red-def:object object_ref="oval:com.redhat.rhsa:obj:20190981050"/>
 <red-def:state state_ref="oval:com.redhat.rhba:ste:20191992002"/>
</red-def:rpminfo_test>
<red-def:rpminfo_test check="at least one" comment="python2-setuptools_scm is earlier than 0:1.15.7-6.module+el8.0.0+2961+596d0223" id="oval:com.redhat.rhsa:tst:20190981101" version="637">
 <red-def:object object_ref="oval:com.redhat.rhsa:obj:20190981051"/>
 <red-def:state state_ref="oval:com.redhat.rhsa:ste:20190981040"/>
</red-def:rpminfo_test>
<red-def:rpminfo_test check="at least one" comment="python2-setuptools_scm is signed with Red Hat redhatrelease2 key" id="oval:com.redhat.rhsa:tst:20190981102" version="637">
 <red-def:object object_ref="oval:com.redhat.rhsa:obj:20190981051"/>
 <red-def:state state_ref="oval:com.redhat.rhba:ste:20191992002"/>
</red-def:rpminfo_test>
<red-def:rpminfo_test check="at least one" comment="python2-six is earlier than 0:1.11.0-5.module+el8.0.0+2961+596d0223" id="oval:com.redhat.rhsa:tst:20190981103" version="637">
 <red-def:object object_ref="oval:com.redhat.rhsa:obj:20190981052"/>
 <red-def:state state_ref="oval:com.redhat.rhsa:ste:20190981041"/>
</red-def:rpminfo_test>
<red-def:rpminfo_test check="at least one" comment="python2-six is signed with Red Hat redhatrelease2 key" id="oval:com.redhat.rhsa:tst:20190981104" version="637">
 <red-def:object object_ref="oval:com.redhat.rhsa:obj:20190981052"/>
 <red-def:state state_ref="oval:com.redhat.rhba:ste:20191992002"/>
</red-def:rpminfo_test>
<red-def:rpminfo_test check="at least one" comment="python2-sqlalchemy is earlier than 0:1.3.2-1.module+el8.0.0+2974+76d21d2e" id="oval:com.redhat.rhsa:tst:20190981105" version="637">
 <red-def:object object_ref="oval:com.redhat.rhsa:obj:20190981053"/>
 <red-def:state state_ref="oval:com.redhat.rhsa:ste:20190981042"/>
</red-def:rpminfo_test>
<red-def:rpminfo_test check="at least one" comment="python2-sqlalchemy is signed with Red Hat redhatrelease2 key" id="oval:com.redhat.rhsa:tst:20190981106" version="637">
 <red-def:object object_ref="oval:com.redhat.rhsa:obj:20190981053"/>
 <red-def:state state_ref="oval:com.redhat.rhba:ste:20191992002"/>
</red-def:rpminfo_test>
<red-def:rpminfo_test check="at least one" comment="python2-test is earlier than 0:2.7.15-22.module+el8.0.0+2961+596d0223" id="oval:com.redhat.rhsa:tst:20190981107" version="637">
 <red-def:object object_ref="oval:com.redhat.rhsa:obj:20190981054"/>
 <red-def:state state_ref="oval:com.redhat.rhsa:ste:20190981006"/>
</red-def:rpminfo_test>
<red-def:rpminfo_test check="at least one" comment="python2-test is signed with Red Hat redhatrelease2 key" id="oval:com.redhat.rhsa:tst:20190981108" version="637">
 <red-def:object object_ref="oval:com.redhat.rhsa:obj:20190981054"/>
 <red-def:state state_ref="oval:com.redhat.rhba:ste:20191992002"/>
</red-def:rpminfo_test>
<red-def:rpminfo_test check="at least one" comment="python2-tkinter is earlier than 0:2.7.15-22.module+el8.0.0+2961+596d0223" id="oval:com.redhat.rhsa:tst:20190981109" version="637">
 <red-def:object object_ref="oval:com.redhat.rhsa:obj:20190981055"/>
 <red-def:state state_ref="oval:com.redhat.rhsa:ste:20190981006"/>
</red-def:rpminfo_test>
<red-def:rpminfo_test check="at least one" comment="python2-tkinter is signed with Red Hat redhatrelease2 key" id="oval:com.redhat.rhsa:tst:20190981110" version="637">
 <red-def:object object_ref="oval:com.redhat.rhsa:obj:20190981055"/>
 <red-def:state state_ref="oval:com.redhat.rhba:ste:20191992002"/>
</red-def:rpminfo_test>
<red-def:rpminfo_test check="at least one" comment="python2-tools is earlier than 0:2.7.15-22.module+el8.0.0+2961+596d0223" id="oval:com.redhat.rhsa:tst:20190981111" version="637">
 <red-def:object object_ref="oval:com.redhat.rhsa:obj:20190981056"/>
 <red-def:state state_ref="oval:com.redhat.rhsa:ste:20190981006"/>
</red-def:rpminfo_test>
<red-def:rpminfo_test check="at least one" comment="python2-tools is signed with Red Hat redhatrelease2 key" id="oval:com.redhat.rhsa:tst:20190981112" version="637">
 <red-def:object object_ref="oval:com.redhat.rhsa:obj:20190981056"/>
 <red-def:state state_ref="oval:com.redhat.rhba:ste:20191992002"/>
</red-def:rpminfo_test>
<red-def:rpminfo_test check="at least one" comment="python2-urllib3 is earlier than 0:1.23-7.module+el8.0.0+2961+596d0223" id="oval:com.redhat.rhsa:tst:20190981113" version="637">
 <red-def:object object_ref="oval:com.redhat.rhsa:obj:20190981057"/>
 <red-def:state state_ref="oval:com.redhat.rhsa:ste:20190981043"/>
</red-def:rpminfo_test>
<red-def:rpminfo_test check="at least one" comment="python2-urllib3 is signed with Red Hat redhatrelease2 key" id="oval:com.redhat.rhsa:tst:20190981114" version="637">
 <red-def:object object_ref="oval:com.redhat.rhsa:obj:20190981057"/>
 <red-def:state state_ref="oval:com.redhat.rhba:ste:20191992002"/>
</red-def:rpminfo_test>
<red-def:rpminfo_test check="at least one" comment="python2-virtualenv is earlier than 0:15.1.0-18.module+el8.0.0+2961+596d0223" id="oval:com.redhat.rhsa:tst:20190981115" version="637">
 <red-def:object object_ref="oval:com.redhat.rhsa:obj:20190981058"/>
 <red-def:state state_ref="oval:com.redhat.rhsa:ste:20190981044"/>
</red-def:rpminfo_test>
<red-def:rpminfo_test check="at least one" comment="python2-virtualenv is signed with Red Hat redhatrelease2 key" id="oval:com.redhat.rhsa:tst:20190981116" version="637">
 <red-def:object object_ref="oval:com.redhat.rhsa:obj:20190981058"/>
 <red-def:state state_ref="oval:com.redhat.rhba:ste:20191992002"/>
</red-def:rpminfo_test>
<red-def:rpminfo_test check="at least one" comment="python2-wheel is earlier than 1:0.30.0-13.module+el8.0.0+2961+596d0223" id="oval:com.redhat.rhsa:tst:20190981117" version="637">
 <red-def:object object_ref="oval:com.redhat.rhsa:obj:20190981059"/>
 <red-def:state state_ref="oval:com.redhat.rhsa:ste:20190981045"/>
</red-def:rpminfo_test>
<red-def:rpminfo_test check="at least one" comment="python2-wheel is signed with Red Hat redhatrelease2 key" id="oval:com.redhat.rhsa:tst:20190981118" version="637">
 <red-def:object object_ref="oval:com.redhat.rhsa:obj:20190981059"/>
 <red-def:state state_ref="oval:com.redhat.rhba:ste:20191992002"/>
</red-def:rpminfo_test>
<ind-def:textfilecontent54_test check="all" comment="Module python27:2.7 is enabled" id="oval:com.redhat.rhsa:tst:20190981119" version="637">
 <ind-def:object object_ref="oval:com.redhat.rhsa:obj:20190981060"/>
 <ind-def:state state_ref="oval:com.redhat.rhsa:ste:20190981046"/>
</ind-def:textfilecontent54_test>
<red-def:rpminfo_test check="at least one" comment="wget is earlier than 0:1.19.5-7.el8_0.1" id="oval:com.redhat.rhsa:tst:20190983001" version="636">
 <red-def:object object_ref="oval:com.redhat.rhsa:obj:20190983001"/>
 <red-def:state state_ref="oval:com.redhat.rhsa:ste:20190983001"/>
</red-def:rpminfo_test>
<red-def:rpminfo_test check="at least one" comment="wget is signed with Red Hat redhatrelease2 key" id="oval:com.redhat.rhsa:tst:20190983002" version="636">
 <red-def:object object_ref="oval:com.redhat.rhsa:obj:20190983001"/>
 <red-def:state state_ref="oval:com.redhat.rhba:ste:20191992002"/>
</red-def:rpminfo_test>
<red-def:rpminfo_test check="at least one" comment="python-nose-docs is earlier than 0:1.3.7-30.module+el8.0.0+2966+d39a1df3" id="oval:com.redhat.rhsa:tst:20190984001" version="636">
 <red-def:object object_ref="oval:com.redhat.rhsa:obj:20190981002"/>
 <red-def:state state_ref="oval:com.redhat.rhsa:ste:20190984001"/>
</red-def:rpminfo_test>
<red-def:rpminfo_test check="at least one" comment="python-pymongo-doc is earlier than 0:3.6.1-9.module+el8.0.0+2966+d39a1df3" id="oval:com.redhat.rhsa:tst:20190984003" version="636">
 <red-def:object object_ref="oval:com.redhat.rhsa:obj:20190984002"/>
 <red-def:state state_ref="oval:com.redhat.rhsa:ste:20190984003"/>
</red-def:rpminfo_test>
<red-def:rpminfo_test check="at least one" comment="python-pymongo-doc is signed with Red Hat redhatrelease2 key" id="oval:com.redhat.rhsa:tst:20190984004" version="636">
 <red-def:object object_ref="oval:com.redhat.rhsa:obj:20190984002"/>
 <red-def:state state_ref="oval:com.redhat.rhba:ste:20191992002"/>
</red-def:rpminfo_test>
<red-def:rpminfo_test check="at least one" comment="python-sqlalchemy-doc is earlier than 0:1.3.2-1.module+el8.0.0+2975+e0f02136" id="oval:com.redhat.rhsa:tst:20190984005" version="636">
 <red-def:object object_ref="oval:com.redhat.rhsa:obj:20190981004"/>
 <red-def:state state_ref="oval:com.redhat.rhsa:ste:20190984004"/>
</red-def:rpminfo_test>
<red-def:rpminfo_test check="at least one" comment="python-virtualenv-doc is earlier than 0:15.1.0-18.module+el8.0.0+2966+d39a1df3" id="oval:com.redhat.rhsa:tst:20190984007" version="636">
 <red-def:object object_ref="oval:com.redhat.rhsa:obj:20190984004"/>
 <red-def:state state_ref="oval:com.redhat.rhsa:ste:20190984005"/>
</red-def:rpminfo_test>
<red-def:rpminfo_test check="at least one" comment="python-virtualenv-doc is signed with Red Hat redhatrelease2 key" id="oval:com.redhat.rhsa:tst:20190984008" version="636">
 <red-def:object object_ref="oval:com.redhat.rhsa:obj:20190984004"/>
 <red-def:state state_ref="oval:com.redhat.rhba:ste:20191992002"/>
</red-def:rpminfo_test>
<red-def:rpminfo_test check="at least one" comment="python3-PyMySQL is earlier than 0:0.8.0-10.module+el8.0.0+2966+d39a1df3" id="oval:com.redhat.rhsa:tst:20190984009" version="636">
 <red-def:object object_ref="oval:com.redhat.rhsa:obj:20190984005"/>
 <red-def:state state_ref="oval:com.redhat.rhsa:ste:20190984006"/>
</red-def:rpminfo_test>
<red-def:rpminfo_test check="at least one" comment="python3-PyMySQL is signed with Red Hat redhatrelease2 key" id="oval:com.redhat.rhsa:tst:20190984010" version="636">
 <red-def:object object_ref="oval:com.redhat.rhsa:obj:20190984005"/>
 <red-def:state state_ref="oval:com.redhat.rhba:ste:20191992002"/>
</red-def:rpminfo_test>
<red-def:rpminfo_test check="at least one" comment="python3-bson is earlier than 0:3.6.1-9.module+el8.0.0+2966+d39a1df3" id="oval:com.redhat.rhsa:tst:20190984011" version="636">
 <red-def:object object_ref="oval:com.redhat.rhsa:obj:20190984006"/>
 <red-def:state state_ref="oval:com.redhat.rhsa:ste:20190984007"/>
</red-def:rpminfo_test>
<red-def:rpminfo_test check="at least one" comment="python3-bson is signed with Red Hat redhatrelease2 key" id="oval:com.redhat.rhsa:tst:20190984012" version="636">
 <red-def:object object_ref="oval:com.redhat.rhsa:obj:20190984006"/>
 <red-def:state state_ref="oval:com.redhat.rhba:ste:20191992002"/>
</red-def:rpminfo_test>
<red-def:rpminfo_test check="at least one" comment="python3-docs is earlier than 0:3.6.7-2.module+el8.0.0+2966+d39a1df3" id="oval:com.redhat.rhsa:tst:20190984013" version="636">
 <red-def:object object_ref="oval:com.redhat.rhsa:obj:20190984007"/>
 <red-def:state state_ref="oval:com.redhat.rhsa:ste:20190984008"/>
</red-def:rpminfo_test>
<red-def:rpminfo_test check="at least one" comment="python3-docs is signed with Red Hat redhatrelease2 key" id="oval:com.redhat.rhsa:tst:20190984014" version="636">
 <red-def:object object_ref="oval:com.redhat.rhsa:obj:20190984007"/>
 <red-def:state state_ref="oval:com.redhat.rhba:ste:20191992002"/>
</red-def:rpminfo_test>
<red-def:rpminfo_test check="at least one" comment="python3-docutils is earlier than 0:0.14-12.module+el8.0.0+2966+d39a1df3" id="oval:com.redhat.rhsa:tst:20190984015" version="636">
 <red-def:object object_ref="oval:com.redhat.rhsa:obj:20190984008"/>
 <red-def:state state_ref="oval:com.redhat.rhsa:ste:20190984009"/>
</red-def:rpminfo_test>
<red-def:rpminfo_test check="at least one" comment="python3-docutils is signed with Red Hat redhatrelease2 key" id="oval:com.redhat.rhsa:tst:20190984016" version="636">
 <red-def:object object_ref="oval:com.redhat.rhsa:obj:20190984008"/>
 <red-def:state state_ref="oval:com.redhat.rhba:ste:20191992002"/>
</red-def:rpminfo_test>
<red-def:rpminfo_test check="at least one" comment="python3-nose is earlier than 0:1.3.7-30.module+el8.0.0+2966+d39a1df3" id="oval:com.redhat.rhsa:tst:20190984017" version="636">
 <red-def:object object_ref="oval:com.redhat.rhsa:obj:20190984009"/>
 <red-def:state state_ref="oval:com.redhat.rhsa:ste:20190984001"/>
</red-def:rpminfo_test>
<red-def:rpminfo_test check="at least one" comment="python3-nose is signed with Red Hat redhatrelease2 key" id="oval:com.redhat.rhsa:tst:20190984018" version="636">
 <red-def:object object_ref="oval:com.redhat.rhsa:obj:20190984009"/>
 <red-def:state state_ref="oval:com.redhat.rhba:ste:20191992002"/>
</red-def:rpminfo_test>
<red-def:rpminfo_test check="at least one" comment="python3-pygments is earlier than 0:2.2.0-20.module+el8.0.0+2966+d39a1df3" id="oval:com.redhat.rhsa:tst:20190984019" version="636">
 <red-def:object object_ref="oval:com.redhat.rhsa:obj:20190984010"/>
 <red-def:state state_ref="oval:com.redhat.rhsa:ste:20190984010"/>
</red-def:rpminfo_test>
<red-def:rpminfo_test check="at least one" comment="python3-pygments is signed with Red Hat redhatrelease2 key" id="oval:com.redhat.rhsa:tst:20190984020" version="636">
 <red-def:object object_ref="oval:com.redhat.rhsa:obj:20190984010"/>
 <red-def:state state_ref="oval:com.redhat.rhba:ste:20191992002"/>
</red-def:rpminfo_test>
<red-def:rpminfo_test check="at least one" comment="python3-pymongo is earlier than 0:3.6.1-9.module+el8.0.0+2966+d39a1df3" id="oval:com.redhat.rhsa:tst:20190984021" version="636">
 <red-def:object object_ref="oval:com.redhat.rhsa:obj:20190984011"/>
 <red-def:state state_ref="oval:com.redhat.rhsa:ste:20190984007"/>
</red-def:rpminfo_test>
<red-def:rpminfo_test check="at least one" comment="python3-pymongo is signed with Red Hat redhatrelease2 key" id="oval:com.redhat.rhsa:tst:20190984022" version="636">
 <red-def:object object_ref="oval:com.redhat.rhsa:obj:20190984011"/>
 <red-def:state state_ref="oval:com.redhat.rhba:ste:20191992002"/>
</red-def:rpminfo_test>
<red-def:rpminfo_test check="at least one" comment="python3-pymongo-gridfs is earlier than 0:3.6.1-9.module+el8.0.0+2966+d39a1df3" id="oval:com.redhat.rhsa:tst:20190984023" version="636">
 <red-def:object object_ref="oval:com.redhat.rhsa:obj:20190984012"/>
 <red-def:state state_ref="oval:com.redhat.rhsa:ste:20190984007"/>
</red-def:rpminfo_test>
<red-def:rpminfo_test check="at least one" comment="python3-pymongo-gridfs is signed with Red Hat redhatrelease2 key" id="oval:com.redhat.rhsa:tst:20190984024" version="636">
 <red-def:object object_ref="oval:com.redhat.rhsa:obj:20190984012"/>
 <red-def:state state_ref="oval:com.redhat.rhba:ste:20191992002"/>
</red-def:rpminfo_test>
<red-def:rpminfo_test check="at least one" comment="python3-scipy is earlier than 0:1.0.0-19.module+el8.0.0+2966+d39a1df3" id="oval:com.redhat.rhsa:tst:20190984025" version="636">
 <red-def:object object_ref="oval:com.redhat.rhsa:obj:20190984013"/>
 <red-def:state state_ref="oval:com.redhat.rhsa:ste:20190984011"/>
</red-def:rpminfo_test>
<red-def:rpminfo_test check="at least one" comment="python3-scipy is signed with Red Hat redhatrelease2 key" id="oval:com.redhat.rhsa:tst:20190984026" version="636">
 <red-def:object object_ref="oval:com.redhat.rhsa:obj:20190984013"/>
 <red-def:state state_ref="oval:com.redhat.rhba:ste:20191992002"/>
</red-def:rpminfo_test>
<red-def:rpminfo_test check="at least one" comment="python3-sqlalchemy is earlier than 0:1.3.2-1.module+el8.0.0+2975+e0f02136" id="oval:com.redhat.rhsa:tst:20190984027" version="636">
 <red-def:object object_ref="oval:com.redhat.rhsa:obj:20190984014"/>
 <red-def:state state_ref="oval:com.redhat.rhsa:ste:20190984012"/>
</red-def:rpminfo_test>
<red-def:rpminfo_test check="at least one" comment="python3-sqlalchemy is signed with Red Hat redhatrelease2 key" id="oval:com.redhat.rhsa:tst:20190984028" version="636">
 <red-def:object object_ref="oval:com.redhat.rhsa:obj:20190984014"/>
 <red-def:state state_ref="oval:com.redhat.rhba:ste:20191992002"/>
</red-def:rpminfo_test>
<red-def:rpminfo_test check="at least one" comment="python3-virtualenv is earlier than 0:15.1.0-18.module+el8.0.0+2966+d39a1df3" id="oval:com.redhat.rhsa:tst:20190984029" version="636">
 <red-def:object object_ref="oval:com.redhat.rhsa:obj:20190984015"/>
 <red-def:state state_ref="oval:com.redhat.rhsa:ste:20190984005"/>
</red-def:rpminfo_test>
<red-def:rpminfo_test check="at least one" comment="python3-virtualenv is signed with Red Hat redhatrelease2 key" id="oval:com.redhat.rhsa:tst:20190984030" version="636">
 <red-def:object object_ref="oval:com.redhat.rhsa:obj:20190984015"/>
 <red-def:state state_ref="oval:com.redhat.rhba:ste:20191992002"/>
</red-def:rpminfo_test>
<red-def:rpminfo_test check="at least one" comment="python3-wheel is earlier than 1:0.30.0-13.module+el8.0.0+2966+d39a1df3" id="oval:com.redhat.rhsa:tst:20190984031" version="636">
 <red-def:object object_ref="oval:com.redhat.rhsa:obj:20190984016"/>
 <red-def:state state_ref="oval:com.redhat.rhsa:ste:20190984013"/>
</red-def:rpminfo_test>
<red-def:rpminfo_test check="at least one" comment="python3-wheel is signed with Red Hat redhatrelease2 key" id="oval:com.redhat.rhsa:tst:20190984032" version="636">
 <red-def:object object_ref="oval:com.redhat.rhsa:obj:20190984016"/>
 <red-def:state state_ref="oval:com.redhat.rhba:ste:20191992002"/>
</red-def:rpminfo_test>
<red-def:rpminfo_test check="at least one" comment="python36 is earlier than 0:3.6.8-2.module+el8.0.0+2975+e0f02136" id="oval:com.redhat.rhsa:tst:20190984033" version="636">
 <red-def:object object_ref="oval:com.redhat.rhsa:obj:20190984017"/>
 <red-def:state state_ref="oval:com.redhat.rhsa:ste:20190984014"/>
</red-def:rpminfo_test>
<red-def:rpminfo_test check="at least one" comment="python36 is signed with Red Hat redhatrelease2 key" id="oval:com.redhat.rhsa:tst:20190984034" version="636">
 <red-def:object object_ref="oval:com.redhat.rhsa:obj:20190984017"/>
 <red-def:state state_ref="oval:com.redhat.rhba:ste:20191992002"/>
</red-def:rpminfo_test>
<red-def:rpminfo_test check="at least one" comment="python36-debug is earlier than 0:3.6.8-2.module+el8.0.0+2975+e0f02136" id="oval:com.redhat.rhsa:tst:20190984035" version="636">
 <red-def:object object_ref="oval:com.redhat.rhsa:obj:20190984018"/>
 <red-def:state state_ref="oval:com.redhat.rhsa:ste:20190984014"/>
</red-def:rpminfo_test>
<red-def:rpminfo_test check="at least one" comment="python36-debug is signed with Red Hat redhatrelease2 key" id="oval:com.redhat.rhsa:tst:20190984036" version="636">
 <red-def:object object_ref="oval:com.redhat.rhsa:obj:20190984018"/>
 <red-def:state state_ref="oval:com.redhat.rhba:ste:20191992002"/>
</red-def:rpminfo_test>
<red-def:rpminfo_test check="at least one" comment="python36-devel is earlier than 0:3.6.8-2.module+el8.0.0+2975+e0f02136" id="oval:com.redhat.rhsa:tst:20190984037" version="636">
 <red-def:object object_ref="oval:com.redhat.rhsa:obj:20190984019"/>
 <red-def:state state_ref="oval:com.redhat.rhsa:ste:20190984014"/>
</red-def:rpminfo_test>
<red-def:rpminfo_test check="at least one" comment="python36-devel is signed with Red Hat redhatrelease2 key" id="oval:com.redhat.rhsa:tst:20190984038" version="636">
 <red-def:object object_ref="oval:com.redhat.rhsa:obj:20190984019"/>
 <red-def:state state_ref="oval:com.redhat.rhba:ste:20191992002"/>
</red-def:rpminfo_test>
<red-def:rpminfo_test check="at least one" comment="python36-rpm-macros is earlier than 0:3.6.8-2.module+el8.0.0+2975+e0f02136" id="oval:com.redhat.rhsa:tst:20190984039" version="636">
 <red-def:object object_ref="oval:com.redhat.rhsa:obj:20190984020"/>
 <red-def:state state_ref="oval:com.redhat.rhsa:ste:20190984015"/>
</red-def:rpminfo_test>
<red-def:rpminfo_test check="at least one" comment="python36-rpm-macros is signed with Red Hat redhatrelease2 key" id="oval:com.redhat.rhsa:tst:20190984040" version="636">
 <red-def:object object_ref="oval:com.redhat.rhsa:obj:20190984020"/>
 <red-def:state state_ref="oval:com.redhat.rhba:ste:20191992002"/>
</red-def:rpminfo_test>
<ind-def:textfilecontent54_test check="all" comment="Module python36:3.6 is enabled" id="oval:com.redhat.rhsa:tst:20190984041" version="636">
 <ind-def:object object_ref="oval:com.redhat.rhsa:obj:20190984021"/>
 <ind-def:state state_ref="oval:com.redhat.rhsa:ste:20190984016"/>
</ind-def:textfilecontent54_test>
<red-def:rpminfo_test check="at least one" comment="mod_auth_mellon is earlier than 0:0.14.0-3.el8_0.2" id="oval:com.redhat.rhsa:tst:20190985001" version="634">
 <red-def:object object_ref="oval:com.redhat.rhsa:obj:20190985001"/>
 <red-def:state state_ref="oval:com.redhat.rhsa:ste:20190985001"/>
</red-def:rpminfo_test>
<red-def:rpminfo_test check="at least one" comment="mod_auth_mellon is signed with Red Hat redhatrelease2 key" id="oval:com.redhat.rhsa:tst:20190985002" version="634">
 <red-def:object object_ref="oval:com.redhat.rhsa:obj:20190985001"/>
 <red-def:state state_ref="oval:com.redhat.rhba:ste:20191992002"/>
</red-def:rpminfo_test>
<red-def:rpminfo_test check="at least one" comment="systemd is earlier than 0:239-13.el8_0.3" id="oval:com.redhat.rhsa:tst:20190990001" version="636">
 <red-def:object object_ref="oval:com.redhat.rhsa:obj:20190990001"/>
 <red-def:state state_ref="oval:com.redhat.rhsa:ste:20190990001"/>
</red-def:rpminfo_test>
<red-def:rpminfo_test check="at least one" comment="systemd is signed with Red Hat redhatrelease2 key" id="oval:com.redhat.rhsa:tst:20190990002" version="636">
 <red-def:object object_ref="oval:com.redhat.rhsa:obj:20190990001"/>
 <red-def:state state_ref="oval:com.redhat.rhba:ste:20191992002"/>
</red-def:rpminfo_test>
<red-def:rpminfo_test check="at least one" comment="systemd-container is earlier than 0:239-13.el8_0.3" id="oval:com.redhat.rhsa:tst:20190990003" version="636">
 <red-def:object object_ref="oval:com.redhat.rhsa:obj:20190990002"/>
 <red-def:state state_ref="oval:com.redhat.rhsa:ste:20190990001"/>
</red-def:rpminfo_test>
<red-def:rpminfo_test check="at least one" comment="systemd-container is signed with Red Hat redhatrelease2 key" id="oval:com.redhat.rhsa:tst:20190990004" version="636">
 <red-def:object object_ref="oval:com.redhat.rhsa:obj:20190990002"/>
 <red-def:state state_ref="oval:com.redhat.rhba:ste:20191992002"/>
</red-def:rpminfo_test>
<red-def:rpminfo_test check="at least one" comment="systemd-devel is earlier than 0:239-13.el8_0.3" id="oval:com.redhat.rhsa:tst:20190990005" version="636">
 <red-def:object object_ref="oval:com.redhat.rhsa:obj:20190990003"/>
 <red-def:state state_ref="oval:com.redhat.rhsa:ste:20190990001"/>
</red-def:rpminfo_test>
<red-def:rpminfo_test check="at least one" comment="systemd-devel is signed with Red Hat redhatrelease2 key" id="oval:com.redhat.rhsa:tst:20190990006" version="636">
 <red-def:object object_ref="oval:com.redhat.rhsa:obj:20190990003"/>
 <red-def:state state_ref="oval:com.redhat.rhba:ste:20191992002"/>
</red-def:rpminfo_test>
<red-def:rpminfo_test check="at least one" comment="systemd-journal-remote is earlier than 0:239-13.el8_0.3" id="oval:com.redhat.rhsa:tst:20190990007" version="636">
 <red-def:object object_ref="oval:com.redhat.rhsa:obj:20190990004"/>
 <red-def:state state_ref="oval:com.redhat.rhsa:ste:20190990003"/>
</red-def:rpminfo_test>
<red-def:rpminfo_test check="at least one" comment="systemd-journal-remote is signed with Red Hat redhatrelease2 key" id="oval:com.redhat.rhsa:tst:20190990008" version="636">
 <red-def:object object_ref="oval:com.redhat.rhsa:obj:20190990004"/>
 <red-def:state state_ref="oval:com.redhat.rhba:ste:20191992002"/>
</red-def:rpminfo_test>
<red-def:rpminfo_test check="at least one" comment="systemd-libs is earlier than 0:239-13.el8_0.3" id="oval:com.redhat.rhsa:tst:20190990009" version="636">
 <red-def:object object_ref="oval:com.redhat.rhsa:obj:20190990005"/>
 <red-def:state state_ref="oval:com.redhat.rhsa:ste:20190990001"/>
</red-def:rpminfo_test>
<red-def:rpminfo_test check="at least one" comment="systemd-libs is signed with Red Hat redhatrelease2 key" id="oval:com.redhat.rhsa:tst:20190990010" version="636">
 <red-def:object object_ref="oval:com.redhat.rhsa:obj:20190990005"/>
 <red-def:state state_ref="oval:com.redhat.rhba:ste:20191992002"/>
</red-def:rpminfo_test>
<red-def:rpminfo_test check="at least one" comment="systemd-pam is earlier than 0:239-13.el8_0.3" id="oval:com.redhat.rhsa:tst:20190990011" version="636">
 <red-def:object object_ref="oval:com.redhat.rhsa:obj:20190990006"/>
 <red-def:state state_ref="oval:com.redhat.rhsa:ste:20190990003"/>
</red-def:rpminfo_test>
<red-def:rpminfo_test check="at least one" comment="systemd-pam is signed with Red Hat redhatrelease2 key" id="oval:com.redhat.rhsa:tst:20190990012" version="636">
 <red-def:object object_ref="oval:com.redhat.rhsa:obj:20190990006"/>
 <red-def:state state_ref="oval:com.redhat.rhba:ste:20191992002"/>
</red-def:rpminfo_test>
<red-def:rpminfo_test check="at least one" comment="systemd-tests is earlier than 0:239-13.el8_0.3" id="oval:com.redhat.rhsa:tst:20190990013" version="636">
 <red-def:object object_ref="oval:com.redhat.rhsa:obj:20190990007"/>
 <red-def:state state_ref="oval:com.redhat.rhsa:ste:20190990003"/>
</red-def:rpminfo_test>
<red-def:rpminfo_test check="at least one" comment="systemd-tests is signed with Red Hat redhatrelease2 key" id="oval:com.redhat.rhsa:tst:20190990014" version="636">
 <red-def:object object_ref="oval:com.redhat.rhsa:obj:20190990007"/>
 <red-def:state state_ref="oval:com.redhat.rhba:ste:20191992002"/>
</red-def:rpminfo_test>
<red-def:rpminfo_test check="at least one" comment="systemd-udev is earlier than 0:239-13.el8_0.3" id="oval:com.redhat.rhsa:tst:20190990015" version="636">
 <red-def:object object_ref="oval:com.redhat.rhsa:obj:20190990008"/>
 <red-def:state state_ref="oval:com.redhat.rhsa:ste:20190990003"/>
</red-def:rpminfo_test>
<red-def:rpminfo_test check="at least one" comment="systemd-udev is signed with Red Hat redhatrelease2 key" id="oval:com.redhat.rhsa:tst:20190990016" version="636">
 <red-def:object object_ref="oval:com.redhat.rhsa:obj:20190990008"/>
 <red-def:state state_ref="oval:com.redhat.rhba:ste:20191992002"/>
</red-def:rpminfo_test>
<red-def:rpminfo_test check="at least one" comment="platform-python is earlier than 0:3.6.8-2.el8_0" id="oval:com.redhat.rhsa:tst:20190997001" version="637">
 <red-def:object object_ref="oval:com.redhat.rhsa:obj:20190997001"/>
 <red-def:state state_ref="oval:com.redhat.rhsa:ste:20190997001"/>
</red-def:rpminfo_test>
<red-def:rpminfo_test check="at least one" comment="platform-python is signed with Red Hat redhatrelease2 key" id="oval:com.redhat.rhsa:tst:20190997002" version="637">
 <red-def:object object_ref="oval:com.redhat.rhsa:obj:20190997001"/>
 <red-def:state state_ref="oval:com.redhat.rhba:ste:20191992002"/>
</red-def:rpminfo_test>
<red-def:rpminfo_test check="at least one" comment="platform-python-debug is earlier than 0:3.6.8-2.el8_0" id="oval:com.redhat.rhsa:tst:20190997003" version="637">
 <red-def:object object_ref="oval:com.redhat.rhsa:obj:20190997002"/>
 <red-def:state state_ref="oval:com.redhat.rhsa:ste:20190997001"/>
</red-def:rpminfo_test>
<red-def:rpminfo_test check="at least one" comment="platform-python-debug is signed with Red Hat redhatrelease2 key" id="oval:com.redhat.rhsa:tst:20190997004" version="637">
 <red-def:object object_ref="oval:com.redhat.rhsa:obj:20190997002"/>
 <red-def:state state_ref="oval:com.redhat.rhba:ste:20191992002"/>
</red-def:rpminfo_test>
<red-def:rpminfo_test check="at least one" comment="platform-python-devel is earlier than 0:3.6.8-2.el8_0" id="oval:com.redhat.rhsa:tst:20190997005" version="637">
 <red-def:object object_ref="oval:com.redhat.rhsa:obj:20190997003"/>
 <red-def:state state_ref="oval:com.redhat.rhsa:ste:20190997001"/>
</red-def:rpminfo_test>
<red-def:rpminfo_test check="at least one" comment="platform-python-devel is signed with Red Hat redhatrelease2 key" id="oval:com.redhat.rhsa:tst:20190997006" version="637">
 <red-def:object object_ref="oval:com.redhat.rhsa:obj:20190997003"/>
 <red-def:state state_ref="oval:com.redhat.rhba:ste:20191992002"/>
</red-def:rpminfo_test>
<red-def:rpminfo_test check="at least one" comment="python3-idle is earlier than 0:3.6.8-2.el8_0" id="oval:com.redhat.rhsa:tst:20190997007" version="637">
 <red-def:object object_ref="oval:com.redhat.rhsa:obj:20190997004"/>
 <red-def:state state_ref="oval:com.redhat.rhsa:ste:20190997001"/>
</red-def:rpminfo_test>
<red-def:rpminfo_test check="at least one" comment="python3-idle is signed with Red Hat redhatrelease2 key" id="oval:com.redhat.rhsa:tst:20190997008" version="637">
 <red-def:object object_ref="oval:com.redhat.rhsa:obj:20190997004"/>
 <red-def:state state_ref="oval:com.redhat.rhba:ste:20191992002"/>
</red-def:rpminfo_test>
<red-def:rpminfo_test check="at least one" comment="python3-libs is earlier than 0:3.6.8-2.el8_0" id="oval:com.redhat.rhsa:tst:20190997009" version="637">
 <red-def:object object_ref="oval:com.redhat.rhsa:obj:20190997005"/>
 <red-def:state state_ref="oval:com.redhat.rhsa:ste:20190997001"/>
</red-def:rpminfo_test>
<red-def:rpminfo_test check="at least one" comment="python3-libs is signed with Red Hat redhatrelease2 key" id="oval:com.redhat.rhsa:tst:20190997010" version="637">
 <red-def:object object_ref="oval:com.redhat.rhsa:obj:20190997005"/>
 <red-def:state state_ref="oval:com.redhat.rhba:ste:20191992002"/>
</red-def:rpminfo_test>
<red-def:rpminfo_test check="at least one" comment="python3-test is earlier than 0:3.6.8-2.el8_0" id="oval:com.redhat.rhsa:tst:20190997011" version="637">
 <red-def:object object_ref="oval:com.redhat.rhsa:obj:20190997006"/>
 <red-def:state state_ref="oval:com.redhat.rhsa:ste:20190997001"/>
</red-def:rpminfo_test>
<red-def:rpminfo_test check="at least one" comment="python3-test is signed with Red Hat redhatrelease2 key" id="oval:com.redhat.rhsa:tst:20190997012" version="637">
 <red-def:object object_ref="oval:com.redhat.rhsa:obj:20190997006"/>
 <red-def:state state_ref="oval:com.redhat.rhba:ste:20191992002"/>
</red-def:rpminfo_test>
<red-def:rpminfo_test check="at least one" comment="python3-tkinter is earlier than 0:3.6.8-2.el8_0" id="oval:com.redhat.rhsa:tst:20190997013" version="637">
 <red-def:object object_ref="oval:com.redhat.rhsa:obj:20190997007"/>
 <red-def:state state_ref="oval:com.redhat.rhsa:ste:20190997001"/>
</red-def:rpminfo_test>
<red-def:rpminfo_test check="at least one" comment="python3-tkinter is signed with Red Hat redhatrelease2 key" id="oval:com.redhat.rhsa:tst:20190997014" version="637">
 <red-def:object object_ref="oval:com.redhat.rhsa:obj:20190997007"/>
 <red-def:state state_ref="oval:com.redhat.rhba:ste:20191992002"/>
</red-def:rpminfo_test>
<red-def:rpminfo_test check="at least one" comment="freeradius is earlier than 0:3.0.17-4.module+el8.0.0+3108+851cb559" id="oval:com.redhat.rhsa:tst:20191142001" version="635">
 <red-def:object object_ref="oval:com.redhat.rhsa:obj:20191142001"/>
 <red-def:state state_ref="oval:com.redhat.rhsa:ste:20191142001"/>
</red-def:rpminfo_test>
<red-def:rpminfo_test check="at least one" comment="freeradius is signed with Red Hat redhatrelease2 key" id="oval:com.redhat.rhsa:tst:20191142002" version="635">
 <red-def:object object_ref="oval:com.redhat.rhsa:obj:20191142001"/>
 <red-def:state state_ref="oval:com.redhat.rhba:ste:20191992002"/>
</red-def:rpminfo_test>
<red-def:rpminfo_test check="at least one" comment="freeradius-devel is earlier than 0:3.0.17-4.module+el8.0.0+3108+851cb559" id="oval:com.redhat.rhsa:tst:20191142003" version="635">
 <red-def:object object_ref="oval:com.redhat.rhsa:obj:20191142002"/>
 <red-def:state state_ref="oval:com.redhat.rhsa:ste:20191142001"/>
</red-def:rpminfo_test>
<red-def:rpminfo_test check="at least one" comment="freeradius-devel is signed with Red Hat redhatrelease2 key" id="oval:com.redhat.rhsa:tst:20191142004" version="635">
 <red-def:object object_ref="oval:com.redhat.rhsa:obj:20191142002"/>
 <red-def:state state_ref="oval:com.redhat.rhba:ste:20191992002"/>
</red-def:rpminfo_test>
<red-def:rpminfo_test check="at least one" comment="freeradius-doc is earlier than 0:3.0.17-4.module+el8.0.0+3108+851cb559" id="oval:com.redhat.rhsa:tst:20191142005" version="635">
 <red-def:object object_ref="oval:com.redhat.rhsa:obj:20191142003"/>
 <red-def:state state_ref="oval:com.redhat.rhsa:ste:20191142001"/>
</red-def:rpminfo_test>
<red-def:rpminfo_test check="at least one" comment="freeradius-doc is signed with Red Hat redhatrelease2 key" id="oval:com.redhat.rhsa:tst:20191142006" version="635">
 <red-def:object object_ref="oval:com.redhat.rhsa:obj:20191142003"/>
 <red-def:state state_ref="oval:com.redhat.rhba:ste:20191992002"/>
</red-def:rpminfo_test>
<red-def:rpminfo_test check="at least one" comment="freeradius-krb5 is earlier than 0:3.0.17-4.module+el8.0.0+3108+851cb559" id="oval:com.redhat.rhsa:tst:20191142007" version="635">
 <red-def:object object_ref="oval:com.redhat.rhsa:obj:20191142004"/>
 <red-def:state state_ref="oval:com.redhat.rhsa:ste:20191142001"/>
</red-def:rpminfo_test>
<red-def:rpminfo_test check="at least one" comment="freeradius-krb5 is signed with Red Hat redhatrelease2 key" id="oval:com.redhat.rhsa:tst:20191142008" version="635">
 <red-def:object object_ref="oval:com.redhat.rhsa:obj:20191142004"/>
 <red-def:state state_ref="oval:com.redhat.rhba:ste:20191992002"/>
</red-def:rpminfo_test>
<red-def:rpminfo_test check="at least one" comment="freeradius-ldap is earlier than 0:3.0.17-4.module+el8.0.0+3108+851cb559" id="oval:com.redhat.rhsa:tst:20191142009" version="635">
 <red-def:object object_ref="oval:com.redhat.rhsa:obj:20191142005"/>
 <red-def:state state_ref="oval:com.redhat.rhsa:ste:20191142001"/>
</red-def:rpminfo_test>
<red-def:rpminfo_test check="at least one" comment="freeradius-ldap is signed with Red Hat redhatrelease2 key" id="oval:com.redhat.rhsa:tst:20191142010" version="635">
 <red-def:object object_ref="oval:com.redhat.rhsa:obj:20191142005"/>
 <red-def:state state_ref="oval:com.redhat.rhba:ste:20191992002"/>
</red-def:rpminfo_test>
<red-def:rpminfo_test check="at least one" comment="freeradius-mysql is earlier than 0:3.0.17-4.module+el8.0.0+3108+851cb559" id="oval:com.redhat.rhsa:tst:20191142011" version="635">
 <red-def:object object_ref="oval:com.redhat.rhsa:obj:20191142006"/>
 <red-def:state state_ref="oval:com.redhat.rhsa:ste:20191142001"/>
</red-def:rpminfo_test>
<red-def:rpminfo_test check="at least one" comment="freeradius-mysql is signed with Red Hat redhatrelease2 key" id="oval:com.redhat.rhsa:tst:20191142012" version="635">
 <red-def:object object_ref="oval:com.redhat.rhsa:obj:20191142006"/>
 <red-def:state state_ref="oval:com.redhat.rhba:ste:20191992002"/>
</red-def:rpminfo_test>
<red-def:rpminfo_test check="at least one" comment="freeradius-perl is earlier than 0:3.0.17-4.module+el8.0.0+3108+851cb559" id="oval:com.redhat.rhsa:tst:20191142013" version="635">
 <red-def:object object_ref="oval:com.redhat.rhsa:obj:20191142007"/>
 <red-def:state state_ref="oval:com.redhat.rhsa:ste:20191142001"/>
</red-def:rpminfo_test>
<red-def:rpminfo_test check="at least one" comment="freeradius-perl is signed with Red Hat redhatrelease2 key" id="oval:com.redhat.rhsa:tst:20191142014" version="635">
 <red-def:object object_ref="oval:com.redhat.rhsa:obj:20191142007"/>
 <red-def:state state_ref="oval:com.redhat.rhba:ste:20191992002"/>
</red-def:rpminfo_test>
<red-def:rpminfo_test check="at least one" comment="freeradius-postgresql is earlier than 0:3.0.17-4.module+el8.0.0+3108+851cb559" id="oval:com.redhat.rhsa:tst:20191142015" version="635">
 <red-def:object object_ref="oval:com.redhat.rhsa:obj:20191142008"/>
 <red-def:state state_ref="oval:com.redhat.rhsa:ste:20191142001"/>
</red-def:rpminfo_test>
<red-def:rpminfo_test check="at least one" comment="freeradius-postgresql is signed with Red Hat redhatrelease2 key" id="oval:com.redhat.rhsa:tst:20191142016" version="635">
 <red-def:object object_ref="oval:com.redhat.rhsa:obj:20191142008"/>
 <red-def:state state_ref="oval:com.redhat.rhba:ste:20191992002"/>
</red-def:rpminfo_test>
<red-def:rpminfo_test check="at least one" comment="freeradius-rest is earlier than 0:3.0.17-4.module+el8.0.0+3108+851cb559" id="oval:com.redhat.rhsa:tst:20191142017" version="635">
 <red-def:object object_ref="oval:com.redhat.rhsa:obj:20191142009"/>
 <red-def:state state_ref="oval:com.redhat.rhsa:ste:20191142001"/>
</red-def:rpminfo_test>
<red-def:rpminfo_test check="at least one" comment="freeradius-rest is signed with Red Hat redhatrelease2 key" id="oval:com.redhat.rhsa:tst:20191142018" version="635">
 <red-def:object object_ref="oval:com.redhat.rhsa:obj:20191142009"/>
 <red-def:state state_ref="oval:com.redhat.rhba:ste:20191992002"/>
</red-def:rpminfo_test>
<red-def:rpminfo_test check="at least one" comment="freeradius-sqlite is earlier than 0:3.0.17-4.module+el8.0.0+3108+851cb559" id="oval:com.redhat.rhsa:tst:20191142019" version="635">
 <red-def:object object_ref="oval:com.redhat.rhsa:obj:20191142010"/>
 <red-def:state state_ref="oval:com.redhat.rhsa:ste:20191142001"/>
</red-def:rpminfo_test>
<red-def:rpminfo_test check="at least one" comment="freeradius-sqlite is signed with Red Hat redhatrelease2 key" id="oval:com.redhat.rhsa:tst:20191142020" version="635">
 <red-def:object object_ref="oval:com.redhat.rhsa:obj:20191142010"/>
 <red-def:state state_ref="oval:com.redhat.rhba:ste:20191992002"/>
</red-def:rpminfo_test>
<red-def:rpminfo_test check="at least one" comment="freeradius-unixODBC is earlier than 0:3.0.17-4.module+el8.0.0+3108+851cb559" id="oval:com.redhat.rhsa:tst:20191142021" version="635">
 <red-def:object object_ref="oval:com.redhat.rhsa:obj:20191142011"/>
 <red-def:state state_ref="oval:com.redhat.rhsa:ste:20191142001"/>
</red-def:rpminfo_test>
<red-def:rpminfo_test check="at least one" comment="freeradius-unixODBC is signed with Red Hat redhatrelease2 key" id="oval:com.redhat.rhsa:tst:20191142022" version="635">
 <red-def:object object_ref="oval:com.redhat.rhsa:obj:20191142011"/>
 <red-def:state state_ref="oval:com.redhat.rhba:ste:20191992002"/>
</red-def:rpminfo_test>
<red-def:rpminfo_test check="at least one" comment="freeradius-utils is earlier than 0:3.0.17-4.module+el8.0.0+3108+851cb559" id="oval:com.redhat.rhsa:tst:20191142023" version="635">
 <red-def:object object_ref="oval:com.redhat.rhsa:obj:20191142012"/>
 <red-def:state state_ref="oval:com.redhat.rhsa:ste:20191142001"/>
</red-def:rpminfo_test>
<red-def:rpminfo_test check="at least one" comment="freeradius-utils is signed with Red Hat redhatrelease2 key" id="oval:com.redhat.rhsa:tst:20191142024" version="635">
 <red-def:object object_ref="oval:com.redhat.rhsa:obj:20191142012"/>
 <red-def:state state_ref="oval:com.redhat.rhba:ste:20191992002"/>
</red-def:rpminfo_test>
<ind-def:textfilecontent54_test check="all" comment="Module freeradius:3.0 is enabled" id="oval:com.redhat.rhsa:tst:20191142025" version="635">
 <ind-def:object object_ref="oval:com.redhat.rhsa:obj:20191142013"/>
 <ind-def:state state_ref="oval:com.redhat.rhba:ste:20220348019"/>
</ind-def:textfilecontent54_test>
<red-def:rpminfo_test check="at least one" comment="flatpak is earlier than 0:1.0.6-3.el8_0" id="oval:com.redhat.rhsa:tst:20191143001" version="635">
 <red-def:object object_ref="oval:com.redhat.rhsa:obj:20191143001"/>
 <red-def:state state_ref="oval:com.redhat.rhsa:ste:20191143001"/>
</red-def:rpminfo_test>
<red-def:rpminfo_test check="at least one" comment="flatpak is signed with Red Hat redhatrelease2 key" id="oval:com.redhat.rhsa:tst:20191143002" version="635">
 <red-def:object object_ref="oval:com.redhat.rhsa:obj:20191143001"/>
 <red-def:state state_ref="oval:com.redhat.rhba:ste:20191992002"/>
</red-def:rpminfo_test>
<red-def:rpminfo_test check="at least one" comment="flatpak-libs is earlier than 0:1.0.6-3.el8_0" id="oval:com.redhat.rhsa:tst:20191143003" version="635">
 <red-def:object object_ref="oval:com.redhat.rhsa:obj:20191143002"/>
 <red-def:state state_ref="oval:com.redhat.rhsa:ste:20191143003"/>
</red-def:rpminfo_test>
<red-def:rpminfo_test check="at least one" comment="flatpak-libs is signed with Red Hat redhatrelease2 key" id="oval:com.redhat.rhsa:tst:20191143004" version="635">
 <red-def:object object_ref="oval:com.redhat.rhsa:obj:20191143002"/>
 <red-def:state state_ref="oval:com.redhat.rhba:ste:20191992002"/>
</red-def:rpminfo_test>
<red-def:rpminfo_test check="at least one" comment="thunderbird is earlier than 0:60.6.1-1.el8" id="oval:com.redhat.rhsa:tst:20191144001" version="639">
 <red-def:object object_ref="oval:com.redhat.rhsa:obj:20191144001"/>
 <red-def:state state_ref="oval:com.redhat.rhsa:ste:20191144001"/>
</red-def:rpminfo_test>
<red-def:rpminfo_test check="at least one" comment="thunderbird is signed with Red Hat redhatrelease2 key" id="oval:com.redhat.rhsa:tst:20191144002" version="639">
 <red-def:object object_ref="oval:com.redhat.rhsa:obj:20191144001"/>
 <red-def:state state_ref="oval:com.redhat.rhba:ste:20191992002"/>
</red-def:rpminfo_test>
<red-def:rpminfo_test check="at least one" comment="bind is earlier than 32:9.11.4-17.P2.el8_0" id="oval:com.redhat.rhsa:tst:20191145001" version="635">
 <red-def:object object_ref="oval:com.redhat.rhsa:obj:20191145001"/>
 <red-def:state state_ref="oval:com.redhat.rhsa:ste:20191145001"/>
</red-def:rpminfo_test>
<red-def:rpminfo_test check="at least one" comment="bind is signed with Red Hat redhatrelease2 key" id="oval:com.redhat.rhsa:tst:20191145002" version="635">
 <red-def:object object_ref="oval:com.redhat.rhsa:obj:20191145001"/>
 <red-def:state state_ref="oval:com.redhat.rhba:ste:20191992002"/>
</red-def:rpminfo_test>
<red-def:rpminfo_test check="at least one" comment="bind-chroot is earlier than 32:9.11.4-17.P2.el8_0" id="oval:com.redhat.rhsa:tst:20191145003" version="635">
 <red-def:object object_ref="oval:com.redhat.rhsa:obj:20191145002"/>
 <red-def:state state_ref="oval:com.redhat.rhsa:ste:20191145001"/>
</red-def:rpminfo_test>
<red-def:rpminfo_test check="at least one" comment="bind-chroot is signed with Red Hat redhatrelease2 key" id="oval:com.redhat.rhsa:tst:20191145004" version="635">
 <red-def:object object_ref="oval:com.redhat.rhsa:obj:20191145002"/>
 <red-def:state state_ref="oval:com.redhat.rhba:ste:20191992002"/>
</red-def:rpminfo_test>
<red-def:rpminfo_test check="at least one" comment="bind-devel is earlier than 32:9.11.4-17.P2.el8_0" id="oval:com.redhat.rhsa:tst:20191145005" version="635">
 <red-def:object object_ref="oval:com.redhat.rhsa:obj:20191145003"/>
 <red-def:state state_ref="oval:com.redhat.rhsa:ste:20191145003"/>
</red-def:rpminfo_test>
<red-def:rpminfo_test check="at least one" comment="bind-devel is signed with Red Hat redhatrelease2 key" id="oval:com.redhat.rhsa:tst:20191145006" version="635">
 <red-def:object object_ref="oval:com.redhat.rhsa:obj:20191145003"/>
 <red-def:state state_ref="oval:com.redhat.rhba:ste:20191992002"/>
</red-def:rpminfo_test>
<red-def:rpminfo_test check="at least one" comment="bind-export-devel is earlier than 32:9.11.4-17.P2.el8_0" id="oval:com.redhat.rhsa:tst:20191145007" version="635">
 <red-def:object object_ref="oval:com.redhat.rhsa:obj:20191145004"/>
 <red-def:state state_ref="oval:com.redhat.rhsa:ste:20191145003"/>
</red-def:rpminfo_test>
<red-def:rpminfo_test check="at least one" comment="bind-export-devel is signed with Red Hat redhatrelease2 key" id="oval:com.redhat.rhsa:tst:20191145008" version="635">
 <red-def:object object_ref="oval:com.redhat.rhsa:obj:20191145004"/>
 <red-def:state state_ref="oval:com.redhat.rhba:ste:20191992002"/>
</red-def:rpminfo_test>
<red-def:rpminfo_test check="at least one" comment="bind-export-libs is earlier than 32:9.11.4-17.P2.el8_0" id="oval:com.redhat.rhsa:tst:20191145009" version="635">
 <red-def:object object_ref="oval:com.redhat.rhsa:obj:20191145005"/>
 <red-def:state state_ref="oval:com.redhat.rhsa:ste:20191145003"/>
</red-def:rpminfo_test>
<red-def:rpminfo_test check="at least one" comment="bind-export-libs is signed with Red Hat redhatrelease2 key" id="oval:com.redhat.rhsa:tst:20191145010" version="635">
 <red-def:object object_ref="oval:com.redhat.rhsa:obj:20191145005"/>
 <red-def:state state_ref="oval:com.redhat.rhba:ste:20191992002"/>
</red-def:rpminfo_test>
<red-def:rpminfo_test check="at least one" comment="bind-libs is earlier than 32:9.11.4-17.P2.el8_0" id="oval:com.redhat.rhsa:tst:20191145011" version="635">
 <red-def:object object_ref="oval:com.redhat.rhsa:obj:20191145006"/>
 <red-def:state state_ref="oval:com.redhat.rhsa:ste:20191145003"/>
</red-def:rpminfo_test>
<red-def:rpminfo_test check="at least one" comment="bind-libs is signed with Red Hat redhatrelease2 key" id="oval:com.redhat.rhsa:tst:20191145012" version="635">
 <red-def:object object_ref="oval:com.redhat.rhsa:obj:20191145006"/>
 <red-def:state state_ref="oval:com.redhat.rhba:ste:20191992002"/>
</red-def:rpminfo_test>
<red-def:rpminfo_test check="at least one" comment="bind-libs-lite is earlier than 32:9.11.4-17.P2.el8_0" id="oval:com.redhat.rhsa:tst:20191145013" version="635">
 <red-def:object object_ref="oval:com.redhat.rhsa:obj:20191145007"/>
 <red-def:state state_ref="oval:com.redhat.rhsa:ste:20191145003"/>
</red-def:rpminfo_test>
<red-def:rpminfo_test check="at least one" comment="bind-libs-lite is signed with Red Hat redhatrelease2 key" id="oval:com.redhat.rhsa:tst:20191145014" version="635">
 <red-def:object object_ref="oval:com.redhat.rhsa:obj:20191145007"/>
 <red-def:state state_ref="oval:com.redhat.rhba:ste:20191992002"/>
</red-def:rpminfo_test>
<red-def:rpminfo_test check="at least one" comment="bind-license is earlier than 32:9.11.4-17.P2.el8_0" id="oval:com.redhat.rhsa:tst:20191145015" version="635">
 <red-def:object object_ref="oval:com.redhat.rhsa:obj:20191145008"/>
 <red-def:state state_ref="oval:com.redhat.rhsa:ste:20191145004"/>
</red-def:rpminfo_test>
<red-def:rpminfo_test check="at least one" comment="bind-license is signed with Red Hat redhatrelease2 key" id="oval:com.redhat.rhsa:tst:20191145016" version="635">
 <red-def:object object_ref="oval:com.redhat.rhsa:obj:20191145008"/>
 <red-def:state state_ref="oval:com.redhat.rhba:ste:20191992002"/>
</red-def:rpminfo_test>
<red-def:rpminfo_test check="at least one" comment="bind-lite-devel is earlier than 32:9.11.4-17.P2.el8_0" id="oval:com.redhat.rhsa:tst:20191145017" version="635">
 <red-def:object object_ref="oval:com.redhat.rhsa:obj:20191145009"/>
 <red-def:state state_ref="oval:com.redhat.rhsa:ste:20191145003"/>
</red-def:rpminfo_test>
<red-def:rpminfo_test check="at least one" comment="bind-lite-devel is signed with Red Hat redhatrelease2 key" id="oval:com.redhat.rhsa:tst:20191145018" version="635">
 <red-def:object object_ref="oval:com.redhat.rhsa:obj:20191145009"/>
 <red-def:state state_ref="oval:com.redhat.rhba:ste:20191992002"/>
</red-def:rpminfo_test>
<red-def:rpminfo_test check="at least one" comment="bind-pkcs11 is earlier than 32:9.11.4-17.P2.el8_0" id="oval:com.redhat.rhsa:tst:20191145019" version="635">
 <red-def:object object_ref="oval:com.redhat.rhsa:obj:20191145010"/>
 <red-def:state state_ref="oval:com.redhat.rhsa:ste:20191145001"/>
</red-def:rpminfo_test>
<red-def:rpminfo_test check="at least one" comment="bind-pkcs11 is signed with Red Hat redhatrelease2 key" id="oval:com.redhat.rhsa:tst:20191145020" version="635">
 <red-def:object object_ref="oval:com.redhat.rhsa:obj:20191145010"/>
 <red-def:state state_ref="oval:com.redhat.rhba:ste:20191992002"/>
</red-def:rpminfo_test>
<red-def:rpminfo_test check="at least one" comment="bind-pkcs11-devel is earlier than 32:9.11.4-17.P2.el8_0" id="oval:com.redhat.rhsa:tst:20191145021" version="635">
 <red-def:object object_ref="oval:com.redhat.rhsa:obj:20191145011"/>
 <red-def:state state_ref="oval:com.redhat.rhsa:ste:20191145003"/>
</red-def:rpminfo_test>
<red-def:rpminfo_test check="at least one" comment="bind-pkcs11-devel is signed with Red Hat redhatrelease2 key" id="oval:com.redhat.rhsa:tst:20191145022" version="635">
 <red-def:object object_ref="oval:com.redhat.rhsa:obj:20191145011"/>
 <red-def:state state_ref="oval:com.redhat.rhba:ste:20191992002"/>
</red-def:rpminfo_test>
<red-def:rpminfo_test check="at least one" comment="bind-pkcs11-libs is earlier than 32:9.11.4-17.P2.el8_0" id="oval:com.redhat.rhsa:tst:20191145023" version="635">
 <red-def:object object_ref="oval:com.redhat.rhsa:obj:20191145012"/>
 <red-def:state state_ref="oval:com.redhat.rhsa:ste:20191145003"/>
</red-def:rpminfo_test>
<red-def:rpminfo_test check="at least one" comment="bind-pkcs11-libs is signed with Red Hat redhatrelease2 key" id="oval:com.redhat.rhsa:tst:20191145024" version="635">
 <red-def:object object_ref="oval:com.redhat.rhsa:obj:20191145012"/>
 <red-def:state state_ref="oval:com.redhat.rhba:ste:20191992002"/>
</red-def:rpminfo_test>
<red-def:rpminfo_test check="at least one" comment="bind-pkcs11-utils is earlier than 32:9.11.4-17.P2.el8_0" id="oval:com.redhat.rhsa:tst:20191145025" version="635">
 <red-def:object object_ref="oval:com.redhat.rhsa:obj:20191145013"/>
 <red-def:state state_ref="oval:com.redhat.rhsa:ste:20191145001"/>
</red-def:rpminfo_test>
<red-def:rpminfo_test check="at least one" comment="bind-pkcs11-utils is signed with Red Hat redhatrelease2 key" id="oval:com.redhat.rhsa:tst:20191145026" version="635">
 <red-def:object object_ref="oval:com.redhat.rhsa:obj:20191145013"/>
 <red-def:state state_ref="oval:com.redhat.rhba:ste:20191992002"/>
</red-def:rpminfo_test>
<red-def:rpminfo_test check="at least one" comment="bind-sdb is earlier than 32:9.11.4-17.P2.el8_0" id="oval:com.redhat.rhsa:tst:20191145027" version="635">
 <red-def:object object_ref="oval:com.redhat.rhsa:obj:20191145014"/>
 <red-def:state state_ref="oval:com.redhat.rhsa:ste:20191145001"/>
</red-def:rpminfo_test>
<red-def:rpminfo_test check="at least one" comment="bind-sdb is signed with Red Hat redhatrelease2 key" id="oval:com.redhat.rhsa:tst:20191145028" version="635">
 <red-def:object object_ref="oval:com.redhat.rhsa:obj:20191145014"/>
 <red-def:state state_ref="oval:com.redhat.rhba:ste:20191992002"/>
</red-def:rpminfo_test>
<red-def:rpminfo_test check="at least one" comment="bind-sdb-chroot is earlier than 32:9.11.4-17.P2.el8_0" id="oval:com.redhat.rhsa:tst:20191145029" version="635">
 <red-def:object object_ref="oval:com.redhat.rhsa:obj:20191145015"/>
 <red-def:state state_ref="oval:com.redhat.rhsa:ste:20191145001"/>
</red-def:rpminfo_test>
<red-def:rpminfo_test check="at least one" comment="bind-sdb-chroot is signed with Red Hat redhatrelease2 key" id="oval:com.redhat.rhsa:tst:20191145030" version="635">
 <red-def:object object_ref="oval:com.redhat.rhsa:obj:20191145015"/>
 <red-def:state state_ref="oval:com.redhat.rhba:ste:20191992002"/>
</red-def:rpminfo_test>
<red-def:rpminfo_test check="at least one" comment="bind-utils is earlier than 32:9.11.4-17.P2.el8_0" id="oval:com.redhat.rhsa:tst:20191145031" version="635">
 <red-def:object object_ref="oval:com.redhat.rhsa:obj:20191145016"/>
 <red-def:state state_ref="oval:com.redhat.rhsa:ste:20191145001"/>
</red-def:rpminfo_test>
<red-def:rpminfo_test check="at least one" comment="bind-utils is signed with Red Hat redhatrelease2 key" id="oval:com.redhat.rhsa:tst:20191145032" version="635">
 <red-def:object object_ref="oval:com.redhat.rhsa:obj:20191145016"/>
 <red-def:state state_ref="oval:com.redhat.rhba:ste:20191992002"/>
</red-def:rpminfo_test>
<red-def:rpminfo_test check="at least one" comment="python3-bind is earlier than 32:9.11.4-17.P2.el8_0" id="oval:com.redhat.rhsa:tst:20191145033" version="635">
 <red-def:object object_ref="oval:com.redhat.rhsa:obj:20191145017"/>
 <red-def:state state_ref="oval:com.redhat.rhsa:ste:20191145004"/>
</red-def:rpminfo_test>
<red-def:rpminfo_test check="at least one" comment="python3-bind is signed with Red Hat redhatrelease2 key" id="oval:com.redhat.rhsa:tst:20191145034" version="635">
 <red-def:object object_ref="oval:com.redhat.rhsa:obj:20191145017"/>
 <red-def:state state_ref="oval:com.redhat.rhba:ste:20191992002"/>
</red-def:rpminfo_test>
<red-def:rpminfo_test check="at least one" comment="java-1.8.0-openjdk is earlier than 1:1.8.0.212.b04-1.el8_0" id="oval:com.redhat.rhsa:tst:20191146001" version="635">
 <red-def:object object_ref="oval:com.redhat.rhsa:obj:20191146001"/>
 <red-def:state state_ref="oval:com.redhat.rhsa:ste:20191146001"/>
</red-def:rpminfo_test>
<red-def:rpminfo_test check="at least one" comment="java-1.8.0-openjdk is signed with Red Hat redhatrelease2 key" id="oval:com.redhat.rhsa:tst:20191146002" version="635">
 <red-def:object object_ref="oval:com.redhat.rhsa:obj:20191146001"/>
 <red-def:state state_ref="oval:com.redhat.rhba:ste:20191992002"/>
</red-def:rpminfo_test>
<red-def:rpminfo_test check="at least one" comment="java-1.8.0-openjdk-accessibility is earlier than 1:1.8.0.212.b04-1.el8_0" id="oval:com.redhat.rhsa:tst:20191146003" version="635">
 <red-def:object object_ref="oval:com.redhat.rhsa:obj:20191146002"/>
 <red-def:state state_ref="oval:com.redhat.rhsa:ste:20191146001"/>
</red-def:rpminfo_test>
<red-def:rpminfo_test check="at least one" comment="java-1.8.0-openjdk-accessibility is signed with Red Hat redhatrelease2 key" id="oval:com.redhat.rhsa:tst:20191146004" version="635">
 <red-def:object object_ref="oval:com.redhat.rhsa:obj:20191146002"/>
 <red-def:state state_ref="oval:com.redhat.rhba:ste:20191992002"/>
</red-def:rpminfo_test>
<red-def:rpminfo_test check="at least one" comment="java-1.8.0-openjdk-demo is earlier than 1:1.8.0.212.b04-1.el8_0" id="oval:com.redhat.rhsa:tst:20191146005" version="635">
 <red-def:object object_ref="oval:com.redhat.rhsa:obj:20191146003"/>
 <red-def:state state_ref="oval:com.redhat.rhsa:ste:20191146001"/>
</red-def:rpminfo_test>
<red-def:rpminfo_test check="at least one" comment="java-1.8.0-openjdk-demo is signed with Red Hat redhatrelease2 key" id="oval:com.redhat.rhsa:tst:20191146006" version="635">
 <red-def:object object_ref="oval:com.redhat.rhsa:obj:20191146003"/>
 <red-def:state state_ref="oval:com.redhat.rhba:ste:20191992002"/>
</red-def:rpminfo_test>
<red-def:rpminfo_test check="at least one" comment="java-1.8.0-openjdk-devel is earlier than 1:1.8.0.212.b04-1.el8_0" id="oval:com.redhat.rhsa:tst:20191146007" version="635">
 <red-def:object object_ref="oval:com.redhat.rhsa:obj:20191146004"/>
 <red-def:state state_ref="oval:com.redhat.rhsa:ste:20191146001"/>
</red-def:rpminfo_test>
<red-def:rpminfo_test check="at least one" comment="java-1.8.0-openjdk-devel is signed with Red Hat redhatrelease2 key" id="oval:com.redhat.rhsa:tst:20191146008" version="635">
 <red-def:object object_ref="oval:com.redhat.rhsa:obj:20191146004"/>
 <red-def:state state_ref="oval:com.redhat.rhba:ste:20191992002"/>
</red-def:rpminfo_test>
<red-def:rpminfo_test check="at least one" comment="java-1.8.0-openjdk-headless is earlier than 1:1.8.0.212.b04-1.el8_0" id="oval:com.redhat.rhsa:tst:20191146009" version="635">
 <red-def:object object_ref="oval:com.redhat.rhsa:obj:20191146005"/>
 <red-def:state state_ref="oval:com.redhat.rhsa:ste:20191146001"/>
</red-def:rpminfo_test>
<red-def:rpminfo_test check="at least one" comment="java-1.8.0-openjdk-headless is signed with Red Hat redhatrelease2 key" id="oval:com.redhat.rhsa:tst:20191146010" version="635">
 <red-def:object object_ref="oval:com.redhat.rhsa:obj:20191146005"/>
 <red-def:state state_ref="oval:com.redhat.rhba:ste:20191992002"/>
</red-def:rpminfo_test>
<red-def:rpminfo_test check="at least one" comment="java-1.8.0-openjdk-javadoc is earlier than 1:1.8.0.212.b04-1.el8_0" id="oval:com.redhat.rhsa:tst:20191146011" version="635">
 <red-def:object object_ref="oval:com.redhat.rhsa:obj:20191146006"/>
 <red-def:state state_ref="oval:com.redhat.rhsa:ste:20191146003"/>
</red-def:rpminfo_test>
<red-def:rpminfo_test check="at least one" comment="java-1.8.0-openjdk-javadoc is signed with Red Hat redhatrelease2 key" id="oval:com.redhat.rhsa:tst:20191146012" version="635">
 <red-def:object object_ref="oval:com.redhat.rhsa:obj:20191146006"/>
 <red-def:state state_ref="oval:com.redhat.rhba:ste:20191992002"/>
</red-def:rpminfo_test>
<red-def:rpminfo_test check="at least one" comment="java-1.8.0-openjdk-javadoc-zip is earlier than 1:1.8.0.212.b04-1.el8_0" id="oval:com.redhat.rhsa:tst:20191146013" version="635">
 <red-def:object object_ref="oval:com.redhat.rhsa:obj:20191146007"/>
 <red-def:state state_ref="oval:com.redhat.rhsa:ste:20191146003"/>
</red-def:rpminfo_test>
<red-def:rpminfo_test check="at least one" comment="java-1.8.0-openjdk-javadoc-zip is signed with Red Hat redhatrelease2 key" id="oval:com.redhat.rhsa:tst:20191146014" version="635">
 <red-def:object object_ref="oval:com.redhat.rhsa:obj:20191146007"/>
 <red-def:state state_ref="oval:com.redhat.rhba:ste:20191992002"/>
</red-def:rpminfo_test>
<red-def:rpminfo_test check="at least one" comment="java-1.8.0-openjdk-src is earlier than 1:1.8.0.212.b04-1.el8_0" id="oval:com.redhat.rhsa:tst:20191146015" version="635">
 <red-def:object object_ref="oval:com.redhat.rhsa:obj:20191146008"/>
 <red-def:state state_ref="oval:com.redhat.rhsa:ste:20191146001"/>
</red-def:rpminfo_test>
<red-def:rpminfo_test check="at least one" comment="java-1.8.0-openjdk-src is signed with Red Hat redhatrelease2 key" id="oval:com.redhat.rhsa:tst:20191146016" version="635">
 <red-def:object object_ref="oval:com.redhat.rhsa:obj:20191146008"/>
 <red-def:state state_ref="oval:com.redhat.rhba:ste:20191992002"/>
</red-def:rpminfo_test>
<red-def:rpminfo_test check="at least one" comment="python3-jinja2 is earlier than 0:2.10.1-2.el8_0" id="oval:com.redhat.rhsa:tst:20191152001" version="636">
 <red-def:object object_ref="oval:com.redhat.rhsa:obj:20191152001"/>
 <red-def:state state_ref="oval:com.redhat.rhsa:ste:20191152001"/>
</red-def:rpminfo_test>
<red-def:rpminfo_test check="at least one" comment="python3-jinja2 is signed with Red Hat redhatrelease2 key" id="oval:com.redhat.rhsa:tst:20191152002" version="636">
 <red-def:object object_ref="oval:com.redhat.rhsa:obj:20191152001"/>
 <red-def:state state_ref="oval:com.redhat.rhba:ste:20191992002"/>
</red-def:rpminfo_test>
<red-def:rpminfo_test check="at least one" comment="bpftool is earlier than 0:4.18.0-80.1.2.el8_0" id="oval:com.redhat.rhsa:tst:20191167001" version="644">
 <red-def:object object_ref="oval:com.redhat.rhsa:obj:20191167001"/>
 <red-def:state state_ref="oval:com.redhat.rhsa:ste:20191167001"/>
</red-def:rpminfo_test>
<red-def:rpminfo_test check="at least one" comment="bpftool is signed with Red Hat redhatrelease2 key" id="oval:com.redhat.rhsa:tst:20191167002" version="644">
 <red-def:object object_ref="oval:com.redhat.rhsa:obj:20191167001"/>
 <red-def:state state_ref="oval:com.redhat.rhba:ste:20191992002"/>
</red-def:rpminfo_test>
<red-def:rpminfo_test check="at least one" comment="kernel is earlier than 0:4.18.0-80.1.2.el8_0" id="oval:com.redhat.rhsa:tst:20191167003" version="644">
 <red-def:object object_ref="oval:com.redhat.rhsa:obj:20191167002"/>
 <red-def:state state_ref="oval:com.redhat.rhsa:ste:20191167001"/>
</red-def:rpminfo_test>
<red-def:rpminfo_test check="at least one" comment="kernel is signed with Red Hat redhatrelease2 key" id="oval:com.redhat.rhsa:tst:20191167004" version="644">
 <red-def:object object_ref="oval:com.redhat.rhsa:obj:20191167002"/>
 <red-def:state state_ref="oval:com.redhat.rhba:ste:20191992002"/>
</red-def:rpminfo_test>
<red-def:rpminfo_test check="at least one" comment="kernel-abi-whitelists is earlier than 0:4.18.0-80.1.2.el8_0" id="oval:com.redhat.rhsa:tst:20191167005" version="644">
 <red-def:object object_ref="oval:com.redhat.rhsa:obj:20191167003"/>
 <red-def:state state_ref="oval:com.redhat.rhsa:ste:20191167003"/>
</red-def:rpminfo_test>
<red-def:rpminfo_test check="at least one" comment="kernel-abi-whitelists is signed with Red Hat redhatrelease2 key" id="oval:com.redhat.rhsa:tst:20191167006" version="644">
 <red-def:object object_ref="oval:com.redhat.rhsa:obj:20191167003"/>
 <red-def:state state_ref="oval:com.redhat.rhba:ste:20191992002"/>
</red-def:rpminfo_test>
<red-def:rpminfo_test check="at least one" comment="kernel-core is earlier than 0:4.18.0-80.1.2.el8_0" id="oval:com.redhat.rhsa:tst:20191167007" version="644">
 <red-def:object object_ref="oval:com.redhat.rhsa:obj:20191167004"/>
 <red-def:state state_ref="oval:com.redhat.rhsa:ste:20191167001"/>
</red-def:rpminfo_test>
<red-def:rpminfo_test check="at least one" comment="kernel-core is signed with Red Hat redhatrelease2 key" id="oval:com.redhat.rhsa:tst:20191167008" version="644">
 <red-def:object object_ref="oval:com.redhat.rhsa:obj:20191167004"/>
 <red-def:state state_ref="oval:com.redhat.rhba:ste:20191992002"/>
</red-def:rpminfo_test>
<red-def:rpminfo_test check="at least one" comment="kernel-cross-headers is earlier than 0:4.18.0-80.1.2.el8_0" id="oval:com.redhat.rhsa:tst:20191167009" version="644">
 <red-def:object object_ref="oval:com.redhat.rhsa:obj:20191167005"/>
 <red-def:state state_ref="oval:com.redhat.rhsa:ste:20191167001"/>
</red-def:rpminfo_test>
<red-def:rpminfo_test check="at least one" comment="kernel-cross-headers is signed with Red Hat redhatrelease2 key" id="oval:com.redhat.rhsa:tst:20191167010" version="644">
 <red-def:object object_ref="oval:com.redhat.rhsa:obj:20191167005"/>
 <red-def:state state_ref="oval:com.redhat.rhba:ste:20191992002"/>
</red-def:rpminfo_test>
<red-def:rpminfo_test check="at least one" comment="kernel-debug is earlier than 0:4.18.0-80.1.2.el8_0" id="oval:com.redhat.rhsa:tst:20191167011" version="644">
 <red-def:object object_ref="oval:com.redhat.rhsa:obj:20191167006"/>
 <red-def:state state_ref="oval:com.redhat.rhsa:ste:20191167001"/>
</red-def:rpminfo_test>
<red-def:rpminfo_test check="at least one" comment="kernel-debug is signed with Red Hat redhatrelease2 key" id="oval:com.redhat.rhsa:tst:20191167012" version="644">
 <red-def:object object_ref="oval:com.redhat.rhsa:obj:20191167006"/>
 <red-def:state state_ref="oval:com.redhat.rhba:ste:20191992002"/>
</red-def:rpminfo_test>
<red-def:rpminfo_test check="at least one" comment="kernel-debug-core is earlier than 0:4.18.0-80.1.2.el8_0" id="oval:com.redhat.rhsa:tst:20191167013" version="644">
 <red-def:object object_ref="oval:com.redhat.rhsa:obj:20191167007"/>
 <red-def:state state_ref="oval:com.redhat.rhsa:ste:20191167001"/>
</red-def:rpminfo_test>
<red-def:rpminfo_test check="at least one" comment="kernel-debug-core is signed with Red Hat redhatrelease2 key" id="oval:com.redhat.rhsa:tst:20191167014" version="644">
 <red-def:object object_ref="oval:com.redhat.rhsa:obj:20191167007"/>
 <red-def:state state_ref="oval:com.redhat.rhba:ste:20191992002"/>
</red-def:rpminfo_test>
<red-def:rpminfo_test check="at least one" comment="kernel-debug-devel is earlier than 0:4.18.0-80.1.2.el8_0" id="oval:com.redhat.rhsa:tst:20191167015" version="644">
 <red-def:object object_ref="oval:com.redhat.rhsa:obj:20191167008"/>
 <red-def:state state_ref="oval:com.redhat.rhsa:ste:20191167001"/>
</red-def:rpminfo_test>
<red-def:rpminfo_test check="at least one" comment="kernel-debug-devel is signed with Red Hat redhatrelease2 key" id="oval:com.redhat.rhsa:tst:20191167016" version="644">
 <red-def:object object_ref="oval:com.redhat.rhsa:obj:20191167008"/>
 <red-def:state state_ref="oval:com.redhat.rhba:ste:20191992002"/>
</red-def:rpminfo_test>
<red-def:rpminfo_test check="at least one" comment="kernel-debug-modules is earlier than 0:4.18.0-80.1.2.el8_0" id="oval:com.redhat.rhsa:tst:20191167017" version="644">
 <red-def:object object_ref="oval:com.redhat.rhsa:obj:20191167009"/>
 <red-def:state state_ref="oval:com.redhat.rhsa:ste:20191167001"/>
</red-def:rpminfo_test>
<red-def:rpminfo_test check="at least one" comment="kernel-debug-modules is signed with Red Hat redhatrelease2 key" id="oval:com.redhat.rhsa:tst:20191167018" version="644">
 <red-def:object object_ref="oval:com.redhat.rhsa:obj:20191167009"/>
 <red-def:state state_ref="oval:com.redhat.rhba:ste:20191992002"/>
</red-def:rpminfo_test>
<red-def:rpminfo_test check="at least one" comment="kernel-debug-modules-extra is earlier than 0:4.18.0-80.1.2.el8_0" id="oval:com.redhat.rhsa:tst:20191167019" version="644">
 <red-def:object object_ref="oval:com.redhat.rhsa:obj:20191167010"/>
 <red-def:state state_ref="oval:com.redhat.rhsa:ste:20191167001"/>
</red-def:rpminfo_test>
<red-def:rpminfo_test check="at least one" comment="kernel-debug-modules-extra is signed with Red Hat redhatrelease2 key" id="oval:com.redhat.rhsa:tst:20191167020" version="644">
 <red-def:object object_ref="oval:com.redhat.rhsa:obj:20191167010"/>
 <red-def:state state_ref="oval:com.redhat.rhba:ste:20191992002"/>
</red-def:rpminfo_test>
<red-def:rpminfo_test check="at least one" comment="kernel-devel is earlier than 0:4.18.0-80.1.2.el8_0" id="oval:com.redhat.rhsa:tst:20191167021" version="644">
 <red-def:object object_ref="oval:com.redhat.rhsa:obj:20191167011"/>
 <red-def:state state_ref="oval:com.redhat.rhsa:ste:20191167001"/>
</red-def:rpminfo_test>
<red-def:rpminfo_test check="at least one" comment="kernel-devel is signed with Red Hat redhatrelease2 key" id="oval:com.redhat.rhsa:tst:20191167022" version="644">
 <red-def:object object_ref="oval:com.redhat.rhsa:obj:20191167011"/>
 <red-def:state state_ref="oval:com.redhat.rhba:ste:20191992002"/>
</red-def:rpminfo_test>
<red-def:rpminfo_test check="at least one" comment="kernel-doc is earlier than 0:4.18.0-80.1.2.el8_0" id="oval:com.redhat.rhsa:tst:20191167023" version="644">
 <red-def:object object_ref="oval:com.redhat.rhsa:obj:20191167012"/>
 <red-def:state state_ref="oval:com.redhat.rhsa:ste:20191167003"/>
</red-def:rpminfo_test>
<red-def:rpminfo_test check="at least one" comment="kernel-doc is signed with Red Hat redhatrelease2 key" id="oval:com.redhat.rhsa:tst:20191167024" version="644">
 <red-def:object object_ref="oval:com.redhat.rhsa:obj:20191167012"/>
 <red-def:state state_ref="oval:com.redhat.rhba:ste:20191992002"/>
</red-def:rpminfo_test>
<red-def:rpminfo_test check="at least one" comment="kernel-headers is earlier than 0:4.18.0-80.1.2.el8_0" id="oval:com.redhat.rhsa:tst:20191167025" version="644">
 <red-def:object object_ref="oval:com.redhat.rhsa:obj:20191167013"/>
 <red-def:state state_ref="oval:com.redhat.rhsa:ste:20191167001"/>
</red-def:rpminfo_test>
<red-def:rpminfo_test check="at least one" comment="kernel-headers is signed with Red Hat redhatrelease2 key" id="oval:com.redhat.rhsa:tst:20191167026" version="644">
 <red-def:object object_ref="oval:com.redhat.rhsa:obj:20191167013"/>
 <red-def:state state_ref="oval:com.redhat.rhba:ste:20191992002"/>
</red-def:rpminfo_test>
<red-def:rpminfo_test check="at least one" comment="kernel-modules is earlier than 0:4.18.0-80.1.2.el8_0" id="oval:com.redhat.rhsa:tst:20191167027" version="644">
 <red-def:object object_ref="oval:com.redhat.rhsa:obj:20191167014"/>
 <red-def:state state_ref="oval:com.redhat.rhsa:ste:20191167001"/>
</red-def:rpminfo_test>
<red-def:rpminfo_test check="at least one" comment="kernel-modules is signed with Red Hat redhatrelease2 key" id="oval:com.redhat.rhsa:tst:20191167028" version="644">
 <red-def:object object_ref="oval:com.redhat.rhsa:obj:20191167014"/>
 <red-def:state state_ref="oval:com.redhat.rhba:ste:20191992002"/>
</red-def:rpminfo_test>
<red-def:rpminfo_test check="at least one" comment="kernel-modules-extra is earlier than 0:4.18.0-80.1.2.el8_0" id="oval:com.redhat.rhsa:tst:20191167029" version="644">
 <red-def:object object_ref="oval:com.redhat.rhsa:obj:20191167015"/>
 <red-def:state state_ref="oval:com.redhat.rhsa:ste:20191167001"/>
</red-def:rpminfo_test>
<red-def:rpminfo_test check="at least one" comment="kernel-modules-extra is signed with Red Hat redhatrelease2 key" id="oval:com.redhat.rhsa:tst:20191167030" version="644">
 <red-def:object object_ref="oval:com.redhat.rhsa:obj:20191167015"/>
 <red-def:state state_ref="oval:com.redhat.rhba:ste:20191992002"/>
</red-def:rpminfo_test>
<red-def:rpminfo_test check="at least one" comment="kernel-tools is earlier than 0:4.18.0-80.1.2.el8_0" id="oval:com.redhat.rhsa:tst:20191167031" version="644">
 <red-def:object object_ref="oval:com.redhat.rhsa:obj:20191167016"/>
 <red-def:state state_ref="oval:com.redhat.rhsa:ste:20191167001"/>
</red-def:rpminfo_test>
<red-def:rpminfo_test check="at least one" comment="kernel-tools is signed with Red Hat redhatrelease2 key" id="oval:com.redhat.rhsa:tst:20191167032" version="644">
 <red-def:object object_ref="oval:com.redhat.rhsa:obj:20191167016"/>
 <red-def:state state_ref="oval:com.redhat.rhba:ste:20191992002"/>
</red-def:rpminfo_test>
<red-def:rpminfo_test check="at least one" comment="kernel-tools-libs is earlier than 0:4.18.0-80.1.2.el8_0" id="oval:com.redhat.rhsa:tst:20191167033" version="644">
 <red-def:object object_ref="oval:com.redhat.rhsa:obj:20191167017"/>
 <red-def:state state_ref="oval:com.redhat.rhsa:ste:20191167004"/>
</red-def:rpminfo_test>
<red-def:rpminfo_test check="at least one" comment="kernel-tools-libs is signed with Red Hat redhatrelease2 key" id="oval:com.redhat.rhsa:tst:20191167034" version="644">
 <red-def:object object_ref="oval:com.redhat.rhsa:obj:20191167017"/>
 <red-def:state state_ref="oval:com.redhat.rhba:ste:20191992002"/>
</red-def:rpminfo_test>
<red-def:rpminfo_test check="at least one" comment="kernel-tools-libs-devel is earlier than 0:4.18.0-80.1.2.el8_0" id="oval:com.redhat.rhsa:tst:20191167035" version="644">
 <red-def:object object_ref="oval:com.redhat.rhsa:obj:20191167018"/>
 <red-def:state state_ref="oval:com.redhat.rhsa:ste:20191167004"/>
</red-def:rpminfo_test>
<red-def:rpminfo_test check="at least one" comment="kernel-tools-libs-devel is signed with Red Hat redhatrelease2 key" id="oval:com.redhat.rhsa:tst:20191167036" version="644">
 <red-def:object object_ref="oval:com.redhat.rhsa:obj:20191167018"/>
 <red-def:state state_ref="oval:com.redhat.rhba:ste:20191992002"/>
</red-def:rpminfo_test>
<red-def:rpminfo_test check="at least one" comment="kernel-zfcpdump is earlier than 0:4.18.0-80.1.2.el8_0" id="oval:com.redhat.rhsa:tst:20191167037" version="644">
 <red-def:object object_ref="oval:com.redhat.rhsa:obj:20191167019"/>
 <red-def:state state_ref="oval:com.redhat.rhsa:ste:20191167005"/>
</red-def:rpminfo_test>
<red-def:rpminfo_test check="at least one" comment="kernel-zfcpdump is signed with Red Hat redhatrelease2 key" id="oval:com.redhat.rhsa:tst:20191167038" version="644">
 <red-def:object object_ref="oval:com.redhat.rhsa:obj:20191167019"/>
 <red-def:state state_ref="oval:com.redhat.rhba:ste:20191992002"/>
</red-def:rpminfo_test>
<red-def:rpminfo_test check="at least one" comment="kernel-zfcpdump-core is earlier than 0:4.18.0-80.1.2.el8_0" id="oval:com.redhat.rhsa:tst:20191167039" version="644">
 <red-def:object object_ref="oval:com.redhat.rhsa:obj:20191167020"/>
 <red-def:state state_ref="oval:com.redhat.rhsa:ste:20191167005"/>
</red-def:rpminfo_test>
<red-def:rpminfo_test check="at least one" comment="kernel-zfcpdump-core is signed with Red Hat redhatrelease2 key" id="oval:com.redhat.rhsa:tst:20191167040" version="644">
 <red-def:object object_ref="oval:com.redhat.rhsa:obj:20191167020"/>
 <red-def:state state_ref="oval:com.redhat.rhba:ste:20191992002"/>
</red-def:rpminfo_test>
<red-def:rpminfo_test check="at least one" comment="kernel-zfcpdump-devel is earlier than 0:4.18.0-80.1.2.el8_0" id="oval:com.redhat.rhsa:tst:20191167041" version="644">
 <red-def:object object_ref="oval:com.redhat.rhsa:obj:20191167021"/>
 <red-def:state state_ref="oval:com.redhat.rhsa:ste:20191167005"/>
</red-def:rpminfo_test>
<red-def:rpminfo_test check="at least one" comment="kernel-zfcpdump-devel is signed with Red Hat redhatrelease2 key" id="oval:com.redhat.rhsa:tst:20191167042" version="644">
 <red-def:object object_ref="oval:com.redhat.rhsa:obj:20191167021"/>
 <red-def:state state_ref="oval:com.redhat.rhba:ste:20191992002"/>
</red-def:rpminfo_test>
<red-def:rpminfo_test check="at least one" comment="kernel-zfcpdump-modules is earlier than 0:4.18.0-80.1.2.el8_0" id="oval:com.redhat.rhsa:tst:20191167043" version="644">
 <red-def:object object_ref="oval:com.redhat.rhsa:obj:20191167022"/>
 <red-def:state state_ref="oval:com.redhat.rhsa:ste:20191167005"/>
</red-def:rpminfo_test>
<red-def:rpminfo_test check="at least one" comment="kernel-zfcpdump-modules is signed with Red Hat redhatrelease2 key" id="oval:com.redhat.rhsa:tst:20191167044" version="644">
 <red-def:object object_ref="oval:com.redhat.rhsa:obj:20191167022"/>
 <red-def:state state_ref="oval:com.redhat.rhba:ste:20191992002"/>
</red-def:rpminfo_test>
<red-def:rpminfo_test check="at least one" comment="kernel-zfcpdump-modules-extra is earlier than 0:4.18.0-80.1.2.el8_0" id="oval:com.redhat.rhsa:tst:20191167045" version="644">
 <red-def:object object_ref="oval:com.redhat.rhsa:obj:20191167023"/>
 <red-def:state state_ref="oval:com.redhat.rhsa:ste:20191167005"/>
</red-def:rpminfo_test>
<red-def:rpminfo_test check="at least one" comment="kernel-zfcpdump-modules-extra is signed with Red Hat redhatrelease2 key" id="oval:com.redhat.rhsa:tst:20191167046" version="644">
 <red-def:object object_ref="oval:com.redhat.rhsa:obj:20191167023"/>
 <red-def:state state_ref="oval:com.redhat.rhba:ste:20191992002"/>
</red-def:rpminfo_test>
<red-def:rpminfo_test check="at least one" comment="perf is earlier than 0:4.18.0-80.1.2.el8_0" id="oval:com.redhat.rhsa:tst:20191167047" version="644">
 <red-def:object object_ref="oval:com.redhat.rhsa:obj:20191167024"/>
 <red-def:state state_ref="oval:com.redhat.rhsa:ste:20191167001"/>
</red-def:rpminfo_test>
<red-def:rpminfo_test check="at least one" comment="perf is signed with Red Hat redhatrelease2 key" id="oval:com.redhat.rhsa:tst:20191167048" version="644">
 <red-def:object object_ref="oval:com.redhat.rhsa:obj:20191167024"/>
 <red-def:state state_ref="oval:com.redhat.rhba:ste:20191992002"/>
</red-def:rpminfo_test>
<red-def:rpminfo_test check="at least one" comment="python3-perf is earlier than 0:4.18.0-80.1.2.el8_0" id="oval:com.redhat.rhsa:tst:20191167049" version="644">
 <red-def:object object_ref="oval:com.redhat.rhsa:obj:20191167025"/>
 <red-def:state state_ref="oval:com.redhat.rhsa:ste:20191167001"/>
</red-def:rpminfo_test>
<red-def:rpminfo_test check="at least one" comment="python3-perf is signed with Red Hat redhatrelease2 key" id="oval:com.redhat.rhsa:tst:20191167050" version="644">
 <red-def:object object_ref="oval:com.redhat.rhsa:obj:20191167025"/>
 <red-def:state state_ref="oval:com.redhat.rhba:ste:20191992002"/>
</red-def:rpminfo_test>
<unix-def:uname_test check="at least one" comment="kernel earlier than 0:4.18.0-80.1.2.el8_0 is currently running" id="oval:com.redhat.rhsa:tst:20191167051" version="644">
 <unix-def:object object_ref="oval:com.redhat.rhsa:obj:20191167026"/>
 <unix-def:state state_ref="oval:com.redhat.rhsa:ste:20191167006"/>
</unix-def:uname_test>
<ind-def:textfilecontent54_test check="all" comment="kernel earlier than 0:4.18.0-80.1.2.el8_0 is set to boot up on next boot" id="oval:com.redhat.rhsa:tst:20191167052" version="644">
 <ind-def:object object_ref="oval:com.redhat.rhsa:obj:20191167027"/>
 <ind-def:state state_ref="oval:com.redhat.rhsa:ste:20191167007"/>
</ind-def:textfilecontent54_test>
<red-def:rpminfo_test check="at least one" comment="kernel-rt is earlier than 0:4.18.0-80.1.2.rt9.145.el8_0" id="oval:com.redhat.rhsa:tst:20191174001" version="641">
 <red-def:object object_ref="oval:com.redhat.rhsa:obj:20191174001"/>
 <red-def:state state_ref="oval:com.redhat.rhsa:ste:20191174001"/>
</red-def:rpminfo_test>
<red-def:rpminfo_test check="at least one" comment="kernel-rt is signed with Red Hat redhatrelease2 key" id="oval:com.redhat.rhsa:tst:20191174002" version="641">
 <red-def:object object_ref="oval:com.redhat.rhsa:obj:20191174001"/>
 <red-def:state state_ref="oval:com.redhat.rhba:ste:20191992002"/>
</red-def:rpminfo_test>
<red-def:rpminfo_test check="at least one" comment="kernel-rt-core is earlier than 0:4.18.0-80.1.2.rt9.145.el8_0" id="oval:com.redhat.rhsa:tst:20191174003" version="641">
 <red-def:object object_ref="oval:com.redhat.rhsa:obj:20191174002"/>
 <red-def:state state_ref="oval:com.redhat.rhsa:ste:20191174001"/>
</red-def:rpminfo_test>
<red-def:rpminfo_test check="at least one" comment="kernel-rt-core is signed with Red Hat redhatrelease2 key" id="oval:com.redhat.rhsa:tst:20191174004" version="641">
 <red-def:object object_ref="oval:com.redhat.rhsa:obj:20191174002"/>
 <red-def:state state_ref="oval:com.redhat.rhba:ste:20191992002"/>
</red-def:rpminfo_test>
<red-def:rpminfo_test check="at least one" comment="kernel-rt-debug is earlier than 0:4.18.0-80.1.2.rt9.145.el8_0" id="oval:com.redhat.rhsa:tst:20191174005" version="641">
 <red-def:object object_ref="oval:com.redhat.rhsa:obj:20191174003"/>
 <red-def:state state_ref="oval:com.redhat.rhsa:ste:20191174001"/>
</red-def:rpminfo_test>
<red-def:rpminfo_test check="at least one" comment="kernel-rt-debug is signed with Red Hat redhatrelease2 key" id="oval:com.redhat.rhsa:tst:20191174006" version="641">
 <red-def:object object_ref="oval:com.redhat.rhsa:obj:20191174003"/>
 <red-def:state state_ref="oval:com.redhat.rhba:ste:20191992002"/>
</red-def:rpminfo_test>
<red-def:rpminfo_test check="at least one" comment="kernel-rt-debug-core is earlier than 0:4.18.0-80.1.2.rt9.145.el8_0" id="oval:com.redhat.rhsa:tst:20191174007" version="641">
 <red-def:object object_ref="oval:com.redhat.rhsa:obj:20191174004"/>
 <red-def:state state_ref="oval:com.redhat.rhsa:ste:20191174001"/>
</red-def:rpminfo_test>
<red-def:rpminfo_test check="at least one" comment="kernel-rt-debug-core is signed with Red Hat redhatrelease2 key" id="oval:com.redhat.rhsa:tst:20191174008" version="641">
 <red-def:object object_ref="oval:com.redhat.rhsa:obj:20191174004"/>
 <red-def:state state_ref="oval:com.redhat.rhba:ste:20191992002"/>
</red-def:rpminfo_test>
<red-def:rpminfo_test check="at least one" comment="kernel-rt-debug-devel is earlier than 0:4.18.0-80.1.2.rt9.145.el8_0" id="oval:com.redhat.rhsa:tst:20191174009" version="641">
 <red-def:object object_ref="oval:com.redhat.rhsa:obj:20191174005"/>
 <red-def:state state_ref="oval:com.redhat.rhsa:ste:20191174001"/>
</red-def:rpminfo_test>
<red-def:rpminfo_test check="at least one" comment="kernel-rt-debug-devel is signed with Red Hat redhatrelease2 key" id="oval:com.redhat.rhsa:tst:20191174010" version="641">
 <red-def:object object_ref="oval:com.redhat.rhsa:obj:20191174005"/>
 <red-def:state state_ref="oval:com.redhat.rhba:ste:20191992002"/>
</red-def:rpminfo_test>
<red-def:rpminfo_test check="at least one" comment="kernel-rt-debug-kvm is earlier than 0:4.18.0-80.1.2.rt9.145.el8_0" id="oval:com.redhat.rhsa:tst:20191174011" version="641">
 <red-def:object object_ref="oval:com.redhat.rhsa:obj:20191174006"/>
 <red-def:state state_ref="oval:com.redhat.rhsa:ste:20191174001"/>
</red-def:rpminfo_test>
<red-def:rpminfo_test check="at least one" comment="kernel-rt-debug-kvm is signed with Red Hat redhatrelease2 key" id="oval:com.redhat.rhsa:tst:20191174012" version="641">
 <red-def:object object_ref="oval:com.redhat.rhsa:obj:20191174006"/>
 <red-def:state state_ref="oval:com.redhat.rhba:ste:20191992002"/>
</red-def:rpminfo_test>
<red-def:rpminfo_test check="at least one" comment="kernel-rt-debug-modules is earlier than 0:4.18.0-80.1.2.rt9.145.el8_0" id="oval:com.redhat.rhsa:tst:20191174013" version="641">
 <red-def:object object_ref="oval:com.redhat.rhsa:obj:20191174007"/>
 <red-def:state state_ref="oval:com.redhat.rhsa:ste:20191174001"/>
</red-def:rpminfo_test>
<red-def:rpminfo_test check="at least one" comment="kernel-rt-debug-modules is signed with Red Hat redhatrelease2 key" id="oval:com.redhat.rhsa:tst:20191174014" version="641">
 <red-def:object object_ref="oval:com.redhat.rhsa:obj:20191174007"/>
 <red-def:state state_ref="oval:com.redhat.rhba:ste:20191992002"/>
</red-def:rpminfo_test>
<red-def:rpminfo_test check="at least one" comment="kernel-rt-debug-modules-extra is earlier than 0:4.18.0-80.1.2.rt9.145.el8_0" id="oval:com.redhat.rhsa:tst:20191174015" version="641">
 <red-def:object object_ref="oval:com.redhat.rhsa:obj:20191174008"/>
 <red-def:state state_ref="oval:com.redhat.rhsa:ste:20191174001"/>
</red-def:rpminfo_test>
<red-def:rpminfo_test check="at least one" comment="kernel-rt-debug-modules-extra is signed with Red Hat redhatrelease2 key" id="oval:com.redhat.rhsa:tst:20191174016" version="641">
 <red-def:object object_ref="oval:com.redhat.rhsa:obj:20191174008"/>
 <red-def:state state_ref="oval:com.redhat.rhba:ste:20191992002"/>
</red-def:rpminfo_test>
<red-def:rpminfo_test check="at least one" comment="kernel-rt-devel is earlier than 0:4.18.0-80.1.2.rt9.145.el8_0" id="oval:com.redhat.rhsa:tst:20191174017" version="641">
 <red-def:object object_ref="oval:com.redhat.rhsa:obj:20191174009"/>
 <red-def:state state_ref="oval:com.redhat.rhsa:ste:20191174001"/>
</red-def:rpminfo_test>
<red-def:rpminfo_test check="at least one" comment="kernel-rt-devel is signed with Red Hat redhatrelease2 key" id="oval:com.redhat.rhsa:tst:20191174018" version="641">
 <red-def:object object_ref="oval:com.redhat.rhsa:obj:20191174009"/>
 <red-def:state state_ref="oval:com.redhat.rhba:ste:20191992002"/>
</red-def:rpminfo_test>
<red-def:rpminfo_test check="at least one" comment="kernel-rt-kvm is earlier than 0:4.18.0-80.1.2.rt9.145.el8_0" id="oval:com.redhat.rhsa:tst:20191174019" version="641">
 <red-def:object object_ref="oval:com.redhat.rhsa:obj:20191174010"/>
 <red-def:state state_ref="oval:com.redhat.rhsa:ste:20191174001"/>
</red-def:rpminfo_test>
<red-def:rpminfo_test check="at least one" comment="kernel-rt-kvm is signed with Red Hat redhatrelease2 key" id="oval:com.redhat.rhsa:tst:20191174020" version="641">
 <red-def:object object_ref="oval:com.redhat.rhsa:obj:20191174010"/>
 <red-def:state state_ref="oval:com.redhat.rhba:ste:20191992002"/>
</red-def:rpminfo_test>
<red-def:rpminfo_test check="at least one" comment="kernel-rt-modules is earlier than 0:4.18.0-80.1.2.rt9.145.el8_0" id="oval:com.redhat.rhsa:tst:20191174021" version="641">
 <red-def:object object_ref="oval:com.redhat.rhsa:obj:20191174011"/>
 <red-def:state state_ref="oval:com.redhat.rhsa:ste:20191174001"/>
</red-def:rpminfo_test>
<red-def:rpminfo_test check="at least one" comment="kernel-rt-modules is signed with Red Hat redhatrelease2 key" id="oval:com.redhat.rhsa:tst:20191174022" version="641">
 <red-def:object object_ref="oval:com.redhat.rhsa:obj:20191174011"/>
 <red-def:state state_ref="oval:com.redhat.rhba:ste:20191992002"/>
</red-def:rpminfo_test>
<red-def:rpminfo_test check="at least one" comment="kernel-rt-modules-extra is earlier than 0:4.18.0-80.1.2.rt9.145.el8_0" id="oval:com.redhat.rhsa:tst:20191174023" version="641">
 <red-def:object object_ref="oval:com.redhat.rhsa:obj:20191174012"/>
 <red-def:state state_ref="oval:com.redhat.rhsa:ste:20191174001"/>
</red-def:rpminfo_test>
<red-def:rpminfo_test check="at least one" comment="kernel-rt-modules-extra is signed with Red Hat redhatrelease2 key" id="oval:com.redhat.rhsa:tst:20191174024" version="641">
 <red-def:object object_ref="oval:com.redhat.rhsa:obj:20191174012"/>
 <red-def:state state_ref="oval:com.redhat.rhba:ste:20191992002"/>
</red-def:rpminfo_test>
<red-def:rpminfo_test check="at least one" comment="SLOF is earlier than 0:20171214-5.gitfa98132.module+el8.0.0+3075+09be6b65" id="oval:com.redhat.rhsa:tst:20191175001" version="641">
 <red-def:object object_ref="oval:com.redhat.rhba:obj:20192715001"/>
 <red-def:state state_ref="oval:com.redhat.rhsa:ste:20191175001"/>
</red-def:rpminfo_test>
<red-def:rpminfo_test check="at least one" comment="hivex is earlier than 0:1.3.15-6.module+el8.0.0+3075+09be6b65" id="oval:com.redhat.rhsa:tst:20191175003" version="641">
 <red-def:object object_ref="oval:com.redhat.rhba:obj:20192715002"/>
 <red-def:state state_ref="oval:com.redhat.rhsa:ste:20191175003"/>
</red-def:rpminfo_test>
<red-def:rpminfo_test check="at least one" comment="hivex-devel is earlier than 0:1.3.15-6.module+el8.0.0+3075+09be6b65" id="oval:com.redhat.rhsa:tst:20191175005" version="641">
 <red-def:object object_ref="oval:com.redhat.rhba:obj:20192715003"/>
 <red-def:state state_ref="oval:com.redhat.rhsa:ste:20191175003"/>
</red-def:rpminfo_test>
<red-def:rpminfo_test check="at least one" comment="libguestfs is earlier than 1:1.38.4-10.module+el8.0.0+3075+09be6b65" id="oval:com.redhat.rhsa:tst:20191175007" version="641">
 <red-def:object object_ref="oval:com.redhat.rhba:obj:20192715004"/>
 <red-def:state state_ref="oval:com.redhat.rhsa:ste:20191175004"/>
</red-def:rpminfo_test>
<red-def:rpminfo_test check="at least one" comment="libguestfs-bash-completion is earlier than 1:1.38.4-10.module+el8.0.0+3075+09be6b65" id="oval:com.redhat.rhsa:tst:20191175009" version="641">
 <red-def:object object_ref="oval:com.redhat.rhba:obj:20192715005"/>
 <red-def:state state_ref="oval:com.redhat.rhsa:ste:20191175005"/>
</red-def:rpminfo_test>
<red-def:rpminfo_test check="at least one" comment="libguestfs-benchmarking is earlier than 1:1.38.4-10.module+el8.0.0+3075+09be6b65" id="oval:com.redhat.rhsa:tst:20191175011" version="641">
 <red-def:object object_ref="oval:com.redhat.rhba:obj:20192715006"/>
 <red-def:state state_ref="oval:com.redhat.rhsa:ste:20191175006"/>
</red-def:rpminfo_test>
<red-def:rpminfo_test check="at least one" comment="libguestfs-devel is earlier than 1:1.38.4-10.module+el8.0.0+3075+09be6b65" id="oval:com.redhat.rhsa:tst:20191175013" version="641">
 <red-def:object object_ref="oval:com.redhat.rhba:obj:20192715007"/>
 <red-def:state state_ref="oval:com.redhat.rhsa:ste:20191175004"/>
</red-def:rpminfo_test>
<red-def:rpminfo_test check="at least one" comment="libguestfs-gfs2 is earlier than 1:1.38.4-10.module+el8.0.0+3075+09be6b65" id="oval:com.redhat.rhsa:tst:20191175015" version="641">
 <red-def:object object_ref="oval:com.redhat.rhba:obj:20192715008"/>
 <red-def:state state_ref="oval:com.redhat.rhsa:ste:20191175004"/>
</red-def:rpminfo_test>
<red-def:rpminfo_test check="at least one" comment="libguestfs-gobject is earlier than 1:1.38.4-10.module+el8.0.0+3075+09be6b65" id="oval:com.redhat.rhsa:tst:20191175017" version="641">
 <red-def:object object_ref="oval:com.redhat.rhba:obj:20192715009"/>
 <red-def:state state_ref="oval:com.redhat.rhsa:ste:20191175004"/>
</red-def:rpminfo_test>
<red-def:rpminfo_test check="at least one" comment="libguestfs-gobject-devel is earlier than 1:1.38.4-10.module+el8.0.0+3075+09be6b65" id="oval:com.redhat.rhsa:tst:20191175019" version="641">
 <red-def:object object_ref="oval:com.redhat.rhba:obj:20192715010"/>
 <red-def:state state_ref="oval:com.redhat.rhsa:ste:20191175004"/>
</red-def:rpminfo_test>
<red-def:rpminfo_test check="at least one" comment="libguestfs-inspect-icons is earlier than 1:1.38.4-10.module+el8.0.0+3075+09be6b65" id="oval:com.redhat.rhsa:tst:20191175021" version="641">
 <red-def:object object_ref="oval:com.redhat.rhba:obj:20192715011"/>
 <red-def:state state_ref="oval:com.redhat.rhsa:ste:20191175005"/>
</red-def:rpminfo_test>
<red-def:rpminfo_test check="at least one" comment="libguestfs-java is earlier than 1:1.38.4-10.module+el8.0.0+3075+09be6b65" id="oval:com.redhat.rhsa:tst:20191175023" version="641">
 <red-def:object object_ref="oval:com.redhat.rhba:obj:20192715012"/>
 <red-def:state state_ref="oval:com.redhat.rhsa:ste:20191175004"/>
</red-def:rpminfo_test>
<red-def:rpminfo_test check="at least one" comment="libguestfs-java-devel is earlier than 1:1.38.4-10.module+el8.0.0+3075+09be6b65" id="oval:com.redhat.rhsa:tst:20191175025" version="641">
 <red-def:object object_ref="oval:com.redhat.rhba:obj:20192715013"/>
 <red-def:state state_ref="oval:com.redhat.rhsa:ste:20191175004"/>
</red-def:rpminfo_test>
<red-def:rpminfo_test check="at least one" comment="libguestfs-javadoc is earlier than 1:1.38.4-10.module+el8.0.0+3075+09be6b65" id="oval:com.redhat.rhsa:tst:20191175027" version="641">
 <red-def:object object_ref="oval:com.redhat.rhba:obj:20192715014"/>
 <red-def:state state_ref="oval:com.redhat.rhsa:ste:20191175005"/>
</red-def:rpminfo_test>
<red-def:rpminfo_test check="at least one" comment="libguestfs-man-pages-ja is earlier than 1:1.38.4-10.module+el8.0.0+3075+09be6b65" id="oval:com.redhat.rhsa:tst:20191175029" version="641">
 <red-def:object object_ref="oval:com.redhat.rhba:obj:20192715015"/>
 <red-def:state state_ref="oval:com.redhat.rhsa:ste:20191175005"/>
</red-def:rpminfo_test>
<red-def:rpminfo_test check="at least one" comment="libguestfs-man-pages-uk is earlier than 1:1.38.4-10.module+el8.0.0+3075+09be6b65" id="oval:com.redhat.rhsa:tst:20191175031" version="641">
 <red-def:object object_ref="oval:com.redhat.rhba:obj:20192715016"/>
 <red-def:state state_ref="oval:com.redhat.rhsa:ste:20191175005"/>
</red-def:rpminfo_test>
<red-def:rpminfo_test check="at least one" comment="libguestfs-rescue is earlier than 1:1.38.4-10.module+el8.0.0+3075+09be6b65" id="oval:com.redhat.rhsa:tst:20191175033" version="641">
 <red-def:object object_ref="oval:com.redhat.rhba:obj:20192715017"/>
 <red-def:state state_ref="oval:com.redhat.rhsa:ste:20191175004"/>
</red-def:rpminfo_test>
<red-def:rpminfo_test check="at least one" comment="libguestfs-rsync is earlier than 1:1.38.4-10.module+el8.0.0+3075+09be6b65" id="oval:com.redhat.rhsa:tst:20191175035" version="641">
 <red-def:object object_ref="oval:com.redhat.rhba:obj:20192715018"/>
 <red-def:state state_ref="oval:com.redhat.rhsa:ste:20191175004"/>
</red-def:rpminfo_test>
<red-def:rpminfo_test check="at least one" comment="libguestfs-tools is earlier than 1:1.38.4-10.module+el8.0.0+3075+09be6b65" id="oval:com.redhat.rhsa:tst:20191175037" version="641">
 <red-def:object object_ref="oval:com.redhat.rhba:obj:20192715019"/>
 <red-def:state state_ref="oval:com.redhat.rhsa:ste:20191175005"/>
</red-def:rpminfo_test>
<red-def:rpminfo_test check="at least one" comment="libguestfs-tools-c is earlier than 1:1.38.4-10.module+el8.0.0+3075+09be6b65" id="oval:com.redhat.rhsa:tst:20191175039" version="641">
 <red-def:object object_ref="oval:com.redhat.rhba:obj:20192715020"/>
 <red-def:state state_ref="oval:com.redhat.rhsa:ste:20191175004"/>
</red-def:rpminfo_test>
<red-def:rpminfo_test check="at least one" comment="libguestfs-winsupport is earlier than 0:8.0-2.module+el8.0.0+3075+09be6b65" id="oval:com.redhat.rhsa:tst:20191175041" version="641">
 <red-def:object object_ref="oval:com.redhat.rhba:obj:20192715021"/>
 <red-def:state state_ref="oval:com.redhat.rhsa:ste:20191175007"/>
</red-def:rpminfo_test>
<red-def:rpminfo_test check="at least one" comment="libguestfs-xfs is earlier than 1:1.38.4-10.module+el8.0.0+3075+09be6b65" id="oval:com.redhat.rhsa:tst:20191175043" version="641">
 <red-def:object object_ref="oval:com.redhat.rhba:obj:20192715022"/>
 <red-def:state state_ref="oval:com.redhat.rhsa:ste:20191175004"/>
</red-def:rpminfo_test>
<red-def:rpminfo_test check="at least one" comment="libiscsi is earlier than 0:1.18.0-6.module+el8.0.0+3075+09be6b65" id="oval:com.redhat.rhsa:tst:20191175045" version="641">
 <red-def:object object_ref="oval:com.redhat.rhba:obj:20192715023"/>
 <red-def:state state_ref="oval:com.redhat.rhsa:ste:20191175008"/>
</red-def:rpminfo_test>
<red-def:rpminfo_test check="at least one" comment="libiscsi-devel is earlier than 0:1.18.0-6.module+el8.0.0+3075+09be6b65" id="oval:com.redhat.rhsa:tst:20191175047" version="641">
 <red-def:object object_ref="oval:com.redhat.rhba:obj:20192715024"/>
 <red-def:state state_ref="oval:com.redhat.rhsa:ste:20191175008"/>
</red-def:rpminfo_test>
<red-def:rpminfo_test check="at least one" comment="libiscsi-utils is earlier than 0:1.18.0-6.module+el8.0.0+3075+09be6b65" id="oval:com.redhat.rhsa:tst:20191175049" version="641">
 <red-def:object object_ref="oval:com.redhat.rhba:obj:20192715025"/>
 <red-def:state state_ref="oval:com.redhat.rhsa:ste:20191175008"/>
</red-def:rpminfo_test>
<red-def:rpminfo_test check="at least one" comment="libssh2 is earlier than 0:1.8.0-7.module+el8.0.0+3075+09be6b65.1" id="oval:com.redhat.rhsa:tst:20191175051" version="641">
 <red-def:object object_ref="oval:com.redhat.rhba:obj:20192715026"/>
 <red-def:state state_ref="oval:com.redhat.rhsa:ste:20191175009"/>
</red-def:rpminfo_test>
<red-def:rpminfo_test check="at least one" comment="libvirt is earlier than 0:4.5.0-23.1.module+el8.0.0+3151+3ba813f9" id="oval:com.redhat.rhsa:tst:20191175053" version="641">
 <red-def:object object_ref="oval:com.redhat.rhba:obj:20192715027"/>
 <red-def:state state_ref="oval:com.redhat.rhsa:ste:20191175010"/>
</red-def:rpminfo_test>
<red-def:rpminfo_test check="at least one" comment="libvirt-admin is earlier than 0:4.5.0-23.1.module+el8.0.0+3151+3ba813f9" id="oval:com.redhat.rhsa:tst:20191175055" version="641">
 <red-def:object object_ref="oval:com.redhat.rhba:obj:20192715028"/>
 <red-def:state state_ref="oval:com.redhat.rhsa:ste:20191175010"/>
</red-def:rpminfo_test>
<red-def:rpminfo_test check="at least one" comment="libvirt-bash-completion is earlier than 0:4.5.0-23.1.module+el8.0.0+3151+3ba813f9" id="oval:com.redhat.rhsa:tst:20191175057" version="641">
 <red-def:object object_ref="oval:com.redhat.rhba:obj:20192715029"/>
 <red-def:state state_ref="oval:com.redhat.rhsa:ste:20191175010"/>
</red-def:rpminfo_test>
<red-def:rpminfo_test check="at least one" comment="libvirt-client is earlier than 0:4.5.0-23.1.module+el8.0.0+3151+3ba813f9" id="oval:com.redhat.rhsa:tst:20191175059" version="641">
 <red-def:object object_ref="oval:com.redhat.rhba:obj:20192715030"/>
 <red-def:state state_ref="oval:com.redhat.rhsa:ste:20191175010"/>
</red-def:rpminfo_test>
<red-def:rpminfo_test check="at least one" comment="libvirt-daemon is earlier than 0:4.5.0-23.1.module+el8.0.0+3151+3ba813f9" id="oval:com.redhat.rhsa:tst:20191175061" version="641">
 <red-def:object object_ref="oval:com.redhat.rhba:obj:20192715031"/>
 <red-def:state state_ref="oval:com.redhat.rhsa:ste:20191175010"/>
</red-def:rpminfo_test>
<red-def:rpminfo_test check="at least one" comment="libvirt-daemon-config-network is earlier than 0:4.5.0-23.1.module+el8.0.0+3151+3ba813f9" id="oval:com.redhat.rhsa:tst:20191175063" version="641">
 <red-def:object object_ref="oval:com.redhat.rhba:obj:20192715032"/>
 <red-def:state state_ref="oval:com.redhat.rhsa:ste:20191175010"/>
</red-def:rpminfo_test>
<red-def:rpminfo_test check="at least one" comment="libvirt-daemon-config-nwfilter is earlier than 0:4.5.0-23.1.module+el8.0.0+3151+3ba813f9" id="oval:com.redhat.rhsa:tst:20191175065" version="641">
 <red-def:object object_ref="oval:com.redhat.rhba:obj:20192715033"/>
 <red-def:state state_ref="oval:com.redhat.rhsa:ste:20191175010"/>
</red-def:rpminfo_test>
<red-def:rpminfo_test check="at least one" comment="libvirt-daemon-driver-interface is earlier than 0:4.5.0-23.1.module+el8.0.0+3151+3ba813f9" id="oval:com.redhat.rhsa:tst:20191175067" version="641">
 <red-def:object object_ref="oval:com.redhat.rhba:obj:20192715034"/>
 <red-def:state state_ref="oval:com.redhat.rhsa:ste:20191175010"/>
</red-def:rpminfo_test>
<red-def:rpminfo_test check="at least one" comment="libvirt-daemon-driver-network is earlier than 0:4.5.0-23.1.module+el8.0.0+3151+3ba813f9" id="oval:com.redhat.rhsa:tst:20191175069" version="641">
 <red-def:object object_ref="oval:com.redhat.rhba:obj:20192715035"/>
 <red-def:state state_ref="oval:com.redhat.rhsa:ste:20191175010"/>
</red-def:rpminfo_test>
<red-def:rpminfo_test check="at least one" comment="libvirt-daemon-driver-nodedev is earlier than 0:4.5.0-23.1.module+el8.0.0+3151+3ba813f9" id="oval:com.redhat.rhsa:tst:20191175071" version="641">
 <red-def:object object_ref="oval:com.redhat.rhba:obj:20192715036"/>
 <red-def:state state_ref="oval:com.redhat.rhsa:ste:20191175010"/>
</red-def:rpminfo_test>
<red-def:rpminfo_test check="at least one" comment="libvirt-daemon-driver-nwfilter is earlier than 0:4.5.0-23.1.module+el8.0.0+3151+3ba813f9" id="oval:com.redhat.rhsa:tst:20191175073" version="641">
 <red-def:object object_ref="oval:com.redhat.rhba:obj:20192715037"/>
 <red-def:state state_ref="oval:com.redhat.rhsa:ste:20191175010"/>
</red-def:rpminfo_test>
<red-def:rpminfo_test check="at least one" comment="libvirt-daemon-driver-qemu is earlier than 0:4.5.0-23.1.module+el8.0.0+3151+3ba813f9" id="oval:com.redhat.rhsa:tst:20191175075" version="641">
 <red-def:object object_ref="oval:com.redhat.rhba:obj:20192715038"/>
 <red-def:state state_ref="oval:com.redhat.rhsa:ste:20191175010"/>
</red-def:rpminfo_test>
<red-def:rpminfo_test check="at least one" comment="libvirt-daemon-driver-secret is earlier than 0:4.5.0-23.1.module+el8.0.0+3151+3ba813f9" id="oval:com.redhat.rhsa:tst:20191175077" version="641">
 <red-def:object object_ref="oval:com.redhat.rhba:obj:20192715039"/>
 <red-def:state state_ref="oval:com.redhat.rhsa:ste:20191175010"/>
</red-def:rpminfo_test>
<red-def:rpminfo_test check="at least one" comment="libvirt-daemon-driver-storage is earlier than 0:4.5.0-23.1.module+el8.0.0+3151+3ba813f9" id="oval:com.redhat.rhsa:tst:20191175079" version="641">
 <red-def:object object_ref="oval:com.redhat.rhba:obj:20192715040"/>
 <red-def:state state_ref="oval:com.redhat.rhsa:ste:20191175010"/>
</red-def:rpminfo_test>
<red-def:rpminfo_test check="at least one" comment="libvirt-daemon-driver-storage-core is earlier than 0:4.5.0-23.1.module+el8.0.0+3151+3ba813f9" id="oval:com.redhat.rhsa:tst:20191175081" version="641">
 <red-def:object object_ref="oval:com.redhat.rhba:obj:20192715041"/>
 <red-def:state state_ref="oval:com.redhat.rhsa:ste:20191175010"/>
</red-def:rpminfo_test>
<red-def:rpminfo_test check="at least one" comment="libvirt-daemon-driver-storage-disk is earlier than 0:4.5.0-23.1.module+el8.0.0+3151+3ba813f9" id="oval:com.redhat.rhsa:tst:20191175083" version="641">
 <red-def:object object_ref="oval:com.redhat.rhba:obj:20192715042"/>
 <red-def:state state_ref="oval:com.redhat.rhsa:ste:20191175010"/>
</red-def:rpminfo_test>
<red-def:rpminfo_test check="at least one" comment="libvirt-daemon-driver-storage-gluster is earlier than 0:4.5.0-23.1.module+el8.0.0+3151+3ba813f9" id="oval:com.redhat.rhsa:tst:20191175085" version="641">
 <red-def:object object_ref="oval:com.redhat.rhba:obj:20192715043"/>
 <red-def:state state_ref="oval:com.redhat.rhsa:ste:20191175010"/>
</red-def:rpminfo_test>
<red-def:rpminfo_test check="at least one" comment="libvirt-daemon-driver-storage-iscsi is earlier than 0:4.5.0-23.1.module+el8.0.0+3151+3ba813f9" id="oval:com.redhat.rhsa:tst:20191175087" version="641">
 <red-def:object object_ref="oval:com.redhat.rhba:obj:20192715044"/>
 <red-def:state state_ref="oval:com.redhat.rhsa:ste:20191175010"/>
</red-def:rpminfo_test>
<red-def:rpminfo_test check="at least one" comment="libvirt-daemon-driver-storage-logical is earlier than 0:4.5.0-23.1.module+el8.0.0+3151+3ba813f9" id="oval:com.redhat.rhsa:tst:20191175089" version="641">
 <red-def:object object_ref="oval:com.redhat.rhba:obj:20192715045"/>
 <red-def:state state_ref="oval:com.redhat.rhsa:ste:20191175010"/>
</red-def:rpminfo_test>
<red-def:rpminfo_test check="at least one" comment="libvirt-daemon-driver-storage-mpath is earlier than 0:4.5.0-23.1.module+el8.0.0+3151+3ba813f9" id="oval:com.redhat.rhsa:tst:20191175091" version="641">
 <red-def:object object_ref="oval:com.redhat.rhba:obj:20192715046"/>
 <red-def:state state_ref="oval:com.redhat.rhsa:ste:20191175010"/>
</red-def:rpminfo_test>
<red-def:rpminfo_test check="at least one" comment="libvirt-daemon-driver-storage-rbd is earlier than 0:4.5.0-23.1.module+el8.0.0+3151+3ba813f9" id="oval:com.redhat.rhsa:tst:20191175093" version="641">
 <red-def:object object_ref="oval:com.redhat.rhba:obj:20192715047"/>
 <red-def:state state_ref="oval:com.redhat.rhsa:ste:20191175010"/>
</red-def:rpminfo_test>
<red-def:rpminfo_test check="at least one" comment="libvirt-daemon-driver-storage-scsi is earlier than 0:4.5.0-23.1.module+el8.0.0+3151+3ba813f9" id="oval:com.redhat.rhsa:tst:20191175095" version="641">
 <red-def:object object_ref="oval:com.redhat.rhba:obj:20192715048"/>
 <red-def:state state_ref="oval:com.redhat.rhsa:ste:20191175010"/>
</red-def:rpminfo_test>
<red-def:rpminfo_test check="at least one" comment="libvirt-daemon-kvm is earlier than 0:4.5.0-23.1.module+el8.0.0+3151+3ba813f9" id="oval:com.redhat.rhsa:tst:20191175097" version="641">
 <red-def:object object_ref="oval:com.redhat.rhba:obj:20192715049"/>
 <red-def:state state_ref="oval:com.redhat.rhsa:ste:20191175010"/>
</red-def:rpminfo_test>
<red-def:rpminfo_test check="at least one" comment="libvirt-dbus is earlier than 0:1.2.0-2.module+el8.0.0+3075+09be6b65" id="oval:com.redhat.rhsa:tst:20191175099" version="641">
 <red-def:object object_ref="oval:com.redhat.rhba:obj:20192715050"/>
 <red-def:state state_ref="oval:com.redhat.rhsa:ste:20191175011"/>
</red-def:rpminfo_test>
<red-def:rpminfo_test check="at least one" comment="libvirt-devel is earlier than 0:4.5.0-23.1.module+el8.0.0+3151+3ba813f9" id="oval:com.redhat.rhsa:tst:20191175101" version="641">
 <red-def:object object_ref="oval:com.redhat.rhba:obj:20192715051"/>
 <red-def:state state_ref="oval:com.redhat.rhsa:ste:20191175010"/>
</red-def:rpminfo_test>
<red-def:rpminfo_test check="at least one" comment="libvirt-docs is earlier than 0:4.5.0-23.1.module+el8.0.0+3151+3ba813f9" id="oval:com.redhat.rhsa:tst:20191175103" version="641">
 <red-def:object object_ref="oval:com.redhat.rhba:obj:20192715052"/>
 <red-def:state state_ref="oval:com.redhat.rhsa:ste:20191175010"/>
</red-def:rpminfo_test>
<red-def:rpminfo_test check="at least one" comment="libvirt-libs is earlier than 0:4.5.0-23.1.module+el8.0.0+3151+3ba813f9" id="oval:com.redhat.rhsa:tst:20191175105" version="641">
 <red-def:object object_ref="oval:com.redhat.rhba:obj:20192715053"/>
 <red-def:state state_ref="oval:com.redhat.rhsa:ste:20191175010"/>
</red-def:rpminfo_test>
<red-def:rpminfo_test check="at least one" comment="libvirt-lock-sanlock is earlier than 0:4.5.0-23.1.module+el8.0.0+3151+3ba813f9" id="oval:com.redhat.rhsa:tst:20191175107" version="641">
 <red-def:object object_ref="oval:com.redhat.rhba:obj:20192715054"/>
 <red-def:state state_ref="oval:com.redhat.rhsa:ste:20191175010"/>
</red-def:rpminfo_test>
<red-def:rpminfo_test check="at least one" comment="libvirt-nss is earlier than 0:4.5.0-23.1.module+el8.0.0+3151+3ba813f9" id="oval:com.redhat.rhsa:tst:20191175109" version="641">
 <red-def:object object_ref="oval:com.redhat.rhba:obj:20192715055"/>
 <red-def:state state_ref="oval:com.redhat.rhsa:ste:20191175010"/>
</red-def:rpminfo_test>
<red-def:rpminfo_test check="at least one" comment="lua-guestfs is earlier than 1:1.38.4-10.module+el8.0.0+3075+09be6b65" id="oval:com.redhat.rhsa:tst:20191175111" version="641">
 <red-def:object object_ref="oval:com.redhat.rhba:obj:20192715056"/>
 <red-def:state state_ref="oval:com.redhat.rhsa:ste:20191175004"/>
</red-def:rpminfo_test>
<red-def:rpminfo_test check="at least one" comment="nbdkit is earlier than 0:1.4.2-4.module+el8.0.0+3075+09be6b65" id="oval:com.redhat.rhsa:tst:20191175113" version="641">
 <red-def:object object_ref="oval:com.redhat.rhba:obj:20192715057"/>
 <red-def:state state_ref="oval:com.redhat.rhsa:ste:20191175012"/>
</red-def:rpminfo_test>
<red-def:rpminfo_test check="at least one" comment="nbdkit-bash-completion is earlier than 0:1.4.2-4.module+el8.0.0+3075+09be6b65" id="oval:com.redhat.rhsa:tst:20191175115" version="641">
 <red-def:object object_ref="oval:com.redhat.rhba:obj:20192715058"/>
 <red-def:state state_ref="oval:com.redhat.rhsa:ste:20191175013"/>
</red-def:rpminfo_test>
<red-def:rpminfo_test check="at least one" comment="nbdkit-basic-plugins is earlier than 0:1.4.2-4.module+el8.0.0+3075+09be6b65" id="oval:com.redhat.rhsa:tst:20191175117" version="641">
 <red-def:object object_ref="oval:com.redhat.rhba:obj:20192715059"/>
 <red-def:state state_ref="oval:com.redhat.rhsa:ste:20191175012"/>
</red-def:rpminfo_test>
<red-def:rpminfo_test check="at least one" comment="nbdkit-devel is earlier than 0:1.4.2-4.module+el8.0.0+3075+09be6b65" id="oval:com.redhat.rhsa:tst:20191175119" version="641">
 <red-def:object object_ref="oval:com.redhat.rhba:obj:20192715060"/>
 <red-def:state state_ref="oval:com.redhat.rhsa:ste:20191175012"/>
</red-def:rpminfo_test>
<red-def:rpminfo_test check="at least one" comment="nbdkit-example-plugins is earlier than 0:1.4.2-4.module+el8.0.0+3075+09be6b65" id="oval:com.redhat.rhsa:tst:20191175121" version="641">
 <red-def:object object_ref="oval:com.redhat.rhba:obj:20192715061"/>
 <red-def:state state_ref="oval:com.redhat.rhsa:ste:20191175012"/>
</red-def:rpminfo_test>
<red-def:rpminfo_test check="at least one" comment="nbdkit-plugin-gzip is earlier than 0:1.4.2-4.module+el8.0.0+3075+09be6b65" id="oval:com.redhat.rhsa:tst:20191175123" version="641">
 <red-def:object object_ref="oval:com.redhat.rhba:obj:20192715062"/>
 <red-def:state state_ref="oval:com.redhat.rhsa:ste:20191175012"/>
</red-def:rpminfo_test>
<red-def:rpminfo_test check="at least one" comment="nbdkit-plugin-python-common is earlier than 0:1.4.2-4.module+el8.0.0+3075+09be6b65" id="oval:com.redhat.rhsa:tst:20191175125" version="641">
 <red-def:object object_ref="oval:com.redhat.rhba:obj:20192715063"/>
 <red-def:state state_ref="oval:com.redhat.rhsa:ste:20191175012"/>
</red-def:rpminfo_test>
<red-def:rpminfo_test check="at least one" comment="nbdkit-plugin-python3 is earlier than 0:1.4.2-4.module+el8.0.0+3075+09be6b65" id="oval:com.redhat.rhsa:tst:20191175127" version="641">
 <red-def:object object_ref="oval:com.redhat.rhba:obj:20192715064"/>
 <red-def:state state_ref="oval:com.redhat.rhsa:ste:20191175012"/>
</red-def:rpminfo_test>
<red-def:rpminfo_test check="at least one" comment="nbdkit-plugin-vddk is earlier than 0:1.4.2-4.module+el8.0.0+3075+09be6b65" id="oval:com.redhat.rhsa:tst:20191175129" version="641">
 <red-def:object object_ref="oval:com.redhat.rhba:obj:20192715065"/>
 <red-def:state state_ref="oval:com.redhat.rhsa:ste:20191175014"/>
</red-def:rpminfo_test>
<red-def:rpminfo_test check="at least one" comment="nbdkit-plugin-xz is earlier than 0:1.4.2-4.module+el8.0.0+3075+09be6b65" id="oval:com.redhat.rhsa:tst:20191175131" version="641">
 <red-def:object object_ref="oval:com.redhat.rhba:obj:20192715066"/>
 <red-def:state state_ref="oval:com.redhat.rhsa:ste:20191175012"/>
</red-def:rpminfo_test>
<red-def:rpminfo_test check="at least one" comment="netcf is earlier than 0:0.2.8-10.module+el8.0.0+3075+09be6b65" id="oval:com.redhat.rhsa:tst:20191175133" version="641">
 <red-def:object object_ref="oval:com.redhat.rhba:obj:20192715067"/>
 <red-def:state state_ref="oval:com.redhat.rhsa:ste:20191175015"/>
</red-def:rpminfo_test>
<red-def:rpminfo_test check="at least one" comment="netcf-devel is earlier than 0:0.2.8-10.module+el8.0.0+3075+09be6b65" id="oval:com.redhat.rhsa:tst:20191175135" version="641">
 <red-def:object object_ref="oval:com.redhat.rhba:obj:20192715068"/>
 <red-def:state state_ref="oval:com.redhat.rhsa:ste:20191175015"/>
</red-def:rpminfo_test>
<red-def:rpminfo_test check="at least one" comment="netcf-libs is earlier than 0:0.2.8-10.module+el8.0.0+3075+09be6b65" id="oval:com.redhat.rhsa:tst:20191175137" version="641">
 <red-def:object object_ref="oval:com.redhat.rhba:obj:20192715069"/>
 <red-def:state state_ref="oval:com.redhat.rhsa:ste:20191175015"/>
</red-def:rpminfo_test>
<red-def:rpminfo_test check="at least one" comment="perl-Sys-Guestfs is earlier than 1:1.38.4-10.module+el8.0.0+3075+09be6b65" id="oval:com.redhat.rhsa:tst:20191175139" version="641">
 <red-def:object object_ref="oval:com.redhat.rhba:obj:20192715070"/>
 <red-def:state state_ref="oval:com.redhat.rhsa:ste:20191175004"/>
</red-def:rpminfo_test>
<red-def:rpminfo_test check="at least one" comment="perl-Sys-Virt is earlier than 0:4.5.0-4.module+el8.0.0+3075+09be6b65" id="oval:com.redhat.rhsa:tst:20191175141" version="641">
 <red-def:object object_ref="oval:com.redhat.rhba:obj:20192715071"/>
 <red-def:state state_ref="oval:com.redhat.rhsa:ste:20191175016"/>
</red-def:rpminfo_test>
<red-def:rpminfo_test check="at least one" comment="perl-hivex is earlier than 0:1.3.15-6.module+el8.0.0+3075+09be6b65" id="oval:com.redhat.rhsa:tst:20191175143" version="641">
 <red-def:object object_ref="oval:com.redhat.rhba:obj:20192715072"/>
 <red-def:state state_ref="oval:com.redhat.rhsa:ste:20191175003"/>
</red-def:rpminfo_test>
<red-def:rpminfo_test check="at least one" comment="python3-hivex is earlier than 0:1.3.15-6.module+el8.0.0+3075+09be6b65" id="oval:com.redhat.rhsa:tst:20191175145" version="641">
 <red-def:object object_ref="oval:com.redhat.rhba:obj:20192715073"/>
 <red-def:state state_ref="oval:com.redhat.rhsa:ste:20191175003"/>
</red-def:rpminfo_test>
<red-def:rpminfo_test check="at least one" comment="python3-libguestfs is earlier than 1:1.38.4-10.module+el8.0.0+3075+09be6b65" id="oval:com.redhat.rhsa:tst:20191175147" version="641">
 <red-def:object object_ref="oval:com.redhat.rhba:obj:20192715074"/>
 <red-def:state state_ref="oval:com.redhat.rhsa:ste:20191175004"/>
</red-def:rpminfo_test>
<red-def:rpminfo_test check="at least one" comment="python3-libvirt is earlier than 0:4.5.0-1.module+el8.0.0+3075+09be6b65" id="oval:com.redhat.rhsa:tst:20191175149" version="641">
 <red-def:object object_ref="oval:com.redhat.rhba:obj:20192715075"/>
 <red-def:state state_ref="oval:com.redhat.rhsa:ste:20191175017"/>
</red-def:rpminfo_test>
<red-def:rpminfo_test check="at least one" comment="qemu-guest-agent is earlier than 15:2.12.0-64.module+el8.0.0+3180+d6a3561d.2" id="oval:com.redhat.rhsa:tst:20191175151" version="641">
 <red-def:object object_ref="oval:com.redhat.rhba:obj:20192715076"/>
 <red-def:state state_ref="oval:com.redhat.rhsa:ste:20191175018"/>
</red-def:rpminfo_test>
<red-def:rpminfo_test check="at least one" comment="qemu-img is earlier than 15:2.12.0-64.module+el8.0.0+3180+d6a3561d.2" id="oval:com.redhat.rhsa:tst:20191175153" version="641">
 <red-def:object object_ref="oval:com.redhat.rhba:obj:20192715077"/>
 <red-def:state state_ref="oval:com.redhat.rhsa:ste:20191175018"/>
</red-def:rpminfo_test>
<red-def:rpminfo_test check="at least one" comment="qemu-kvm is earlier than 15:2.12.0-64.module+el8.0.0+3180+d6a3561d.2" id="oval:com.redhat.rhsa:tst:20191175155" version="641">
 <red-def:object object_ref="oval:com.redhat.rhba:obj:20192715078"/>
 <red-def:state state_ref="oval:com.redhat.rhsa:ste:20191175018"/>
</red-def:rpminfo_test>
<red-def:rpminfo_test check="at least one" comment="qemu-kvm-block-curl is earlier than 15:2.12.0-64.module+el8.0.0+3180+d6a3561d.2" id="oval:com.redhat.rhsa:tst:20191175157" version="641">
 <red-def:object object_ref="oval:com.redhat.rhba:obj:20192715079"/>
 <red-def:state state_ref="oval:com.redhat.rhsa:ste:20191175018"/>
</red-def:rpminfo_test>
<red-def:rpminfo_test check="at least one" comment="qemu-kvm-block-gluster is earlier than 15:2.12.0-64.module+el8.0.0+3180+d6a3561d.2" id="oval:com.redhat.rhsa:tst:20191175159" version="641">
 <red-def:object object_ref="oval:com.redhat.rhba:obj:20192715080"/>
 <red-def:state state_ref="oval:com.redhat.rhsa:ste:20191175019"/>
</red-def:rpminfo_test>
<red-def:rpminfo_test check="at least one" comment="qemu-kvm-block-iscsi is earlier than 15:2.12.0-64.module+el8.0.0+3180+d6a3561d.2" id="oval:com.redhat.rhsa:tst:20191175161" version="641">
 <red-def:object object_ref="oval:com.redhat.rhba:obj:20192715081"/>
 <red-def:state state_ref="oval:com.redhat.rhsa:ste:20191175018"/>
</red-def:rpminfo_test>
<red-def:rpminfo_test check="at least one" comment="qemu-kvm-block-rbd is earlier than 15:2.12.0-64.module+el8.0.0+3180+d6a3561d.2" id="oval:com.redhat.rhsa:tst:20191175163" version="641">
 <red-def:object object_ref="oval:com.redhat.rhba:obj:20192715082"/>
 <red-def:state state_ref="oval:com.redhat.rhsa:ste:20191175018"/>
</red-def:rpminfo_test>
<red-def:rpminfo_test check="at least one" comment="qemu-kvm-block-ssh is earlier than 15:2.12.0-64.module+el8.0.0+3180+d6a3561d.2" id="oval:com.redhat.rhsa:tst:20191175165" version="641">
 <red-def:object object_ref="oval:com.redhat.rhba:obj:20192715083"/>
 <red-def:state state_ref="oval:com.redhat.rhsa:ste:20191175018"/>
</red-def:rpminfo_test>
<red-def:rpminfo_test check="at least one" comment="qemu-kvm-common is earlier than 15:2.12.0-64.module+el8.0.0+3180+d6a3561d.2" id="oval:com.redhat.rhsa:tst:20191175167" version="641">
 <red-def:object object_ref="oval:com.redhat.rhba:obj:20192715084"/>
 <red-def:state state_ref="oval:com.redhat.rhsa:ste:20191175018"/>
</red-def:rpminfo_test>
<red-def:rpminfo_test check="at least one" comment="qemu-kvm-core is earlier than 15:2.12.0-64.module+el8.0.0+3180+d6a3561d.2" id="oval:com.redhat.rhsa:tst:20191175169" version="641">
 <red-def:object object_ref="oval:com.redhat.rhba:obj:20192715085"/>
 <red-def:state state_ref="oval:com.redhat.rhsa:ste:20191175018"/>
</red-def:rpminfo_test>
<red-def:rpminfo_test check="at least one" comment="ruby-hivex is earlier than 0:1.3.15-6.module+el8.0.0+3075+09be6b65" id="oval:com.redhat.rhsa:tst:20191175171" version="641">
 <red-def:object object_ref="oval:com.redhat.rhba:obj:20192715086"/>
 <red-def:state state_ref="oval:com.redhat.rhsa:ste:20191175003"/>
</red-def:rpminfo_test>
<red-def:rpminfo_test check="at least one" comment="ruby-libguestfs is earlier than 1:1.38.4-10.module+el8.0.0+3075+09be6b65" id="oval:com.redhat.rhsa:tst:20191175173" version="641">
 <red-def:object object_ref="oval:com.redhat.rhba:obj:20192715087"/>
 <red-def:state state_ref="oval:com.redhat.rhsa:ste:20191175004"/>
</red-def:rpminfo_test>
<red-def:rpminfo_test check="at least one" comment="seabios is earlier than 0:1.11.1-3.module+el8.0.0+3075+09be6b65" id="oval:com.redhat.rhsa:tst:20191175175" version="641">
 <red-def:object object_ref="oval:com.redhat.rhba:obj:20192715088"/>
 <red-def:state state_ref="oval:com.redhat.rhsa:ste:20191175020"/>
</red-def:rpminfo_test>
<red-def:rpminfo_test check="at least one" comment="seabios-bin is earlier than 0:1.11.1-3.module+el8.0.0+3075+09be6b65" id="oval:com.redhat.rhsa:tst:20191175177" version="641">
 <red-def:object object_ref="oval:com.redhat.rhba:obj:20192715089"/>
 <red-def:state state_ref="oval:com.redhat.rhsa:ste:20191175021"/>
</red-def:rpminfo_test>
<red-def:rpminfo_test check="at least one" comment="seavgabios-bin is earlier than 0:1.11.1-3.module+el8.0.0+3075+09be6b65" id="oval:com.redhat.rhsa:tst:20191175179" version="641">
 <red-def:object object_ref="oval:com.redhat.rhba:obj:20192715090"/>
 <red-def:state state_ref="oval:com.redhat.rhsa:ste:20191175021"/>
</red-def:rpminfo_test>
<red-def:rpminfo_test check="at least one" comment="sgabios is earlier than 1:0.20170427git-2.module+el8.0.0+3075+09be6b65" id="oval:com.redhat.rhsa:tst:20191175181" version="641">
 <red-def:object object_ref="oval:com.redhat.rhba:obj:20192715091"/>
 <red-def:state state_ref="oval:com.redhat.rhsa:ste:20191175022"/>
</red-def:rpminfo_test>
<red-def:rpminfo_test check="at least one" comment="sgabios-bin is earlier than 1:0.20170427git-2.module+el8.0.0+3075+09be6b65" id="oval:com.redhat.rhsa:tst:20191175183" version="641">
 <red-def:object object_ref="oval:com.redhat.rhba:obj:20192715092"/>
 <red-def:state state_ref="oval:com.redhat.rhsa:ste:20191175023"/>
</red-def:rpminfo_test>
<red-def:rpminfo_test check="at least one" comment="supermin is earlier than 0:5.1.19-8.module+el8.0.0+3075+09be6b65" id="oval:com.redhat.rhsa:tst:20191175185" version="641">
 <red-def:object object_ref="oval:com.redhat.rhba:obj:20192715093"/>
 <red-def:state state_ref="oval:com.redhat.rhsa:ste:20191175024"/>
</red-def:rpminfo_test>
<red-def:rpminfo_test check="at least one" comment="supermin-devel is earlier than 0:5.1.19-8.module+el8.0.0+3075+09be6b65" id="oval:com.redhat.rhsa:tst:20191175187" version="641">
 <red-def:object object_ref="oval:com.redhat.rhba:obj:20192715094"/>
 <red-def:state state_ref="oval:com.redhat.rhsa:ste:20191175024"/>
</red-def:rpminfo_test>
<red-def:rpminfo_test check="at least one" comment="virt-dib is earlier than 1:1.38.4-10.module+el8.0.0+3075+09be6b65" id="oval:com.redhat.rhsa:tst:20191175189" version="641">
 <red-def:object object_ref="oval:com.redhat.rhba:obj:20192715095"/>
 <red-def:state state_ref="oval:com.redhat.rhsa:ste:20191175004"/>
</red-def:rpminfo_test>
<red-def:rpminfo_test check="at least one" comment="virt-p2v-maker is earlier than 1:1.38.4-10.module+el8.0.0+3075+09be6b65" id="oval:com.redhat.rhsa:tst:20191175191" version="641">
 <red-def:object object_ref="oval:com.redhat.rhba:obj:20192715096"/>
 <red-def:state state_ref="oval:com.redhat.rhsa:ste:20191175025"/>
</red-def:rpminfo_test>
<red-def:rpminfo_test check="at least one" comment="virt-v2v is earlier than 1:1.38.4-10.module+el8.0.0+3075+09be6b65" id="oval:com.redhat.rhsa:tst:20191175193" version="641">
 <red-def:object object_ref="oval:com.redhat.rhba:obj:20192715097"/>
 <red-def:state state_ref="oval:com.redhat.rhsa:ste:20191175025"/>
</red-def:rpminfo_test>
<red-def:rpminfo_test check="at least one" comment="java-1.8.0-ibm is earlier than 1:1.8.0.5.35-3.el8_0" id="oval:com.redhat.rhsa:tst:20191238001" version="636">
 <red-def:object object_ref="oval:com.redhat.rhsa:obj:20191238001"/>
 <red-def:state state_ref="oval:com.redhat.rhsa:ste:20191238001"/>
</red-def:rpminfo_test>
<red-def:rpminfo_test check="at least one" comment="java-1.8.0-ibm is signed with Red Hat redhatrelease2 key" id="oval:com.redhat.rhsa:tst:20191238002" version="636">
 <red-def:object object_ref="oval:com.redhat.rhsa:obj:20191238001"/>
 <red-def:state state_ref="oval:com.redhat.rhba:ste:20191992002"/>
</red-def:rpminfo_test>
<red-def:rpminfo_test check="at least one" comment="java-1.8.0-ibm-demo is earlier than 1:1.8.0.5.35-3.el8_0" id="oval:com.redhat.rhsa:tst:20191238003" version="636">
 <red-def:object object_ref="oval:com.redhat.rhsa:obj:20191238002"/>
 <red-def:state state_ref="oval:com.redhat.rhsa:ste:20191238001"/>
</red-def:rpminfo_test>
<red-def:rpminfo_test check="at least one" comment="java-1.8.0-ibm-demo is signed with Red Hat redhatrelease2 key" id="oval:com.redhat.rhsa:tst:20191238004" version="636">
 <red-def:object object_ref="oval:com.redhat.rhsa:obj:20191238002"/>
 <red-def:state state_ref="oval:com.redhat.rhba:ste:20191992002"/>
</red-def:rpminfo_test>
<red-def:rpminfo_test check="at least one" comment="java-1.8.0-ibm-devel is earlier than 1:1.8.0.5.35-3.el8_0" id="oval:com.redhat.rhsa:tst:20191238005" version="636">
 <red-def:object object_ref="oval:com.redhat.rhsa:obj:20191238003"/>
 <red-def:state state_ref="oval:com.redhat.rhsa:ste:20191238001"/>
</red-def:rpminfo_test>
<red-def:rpminfo_test check="at least one" comment="java-1.8.0-ibm-devel is signed with Red Hat redhatrelease2 key" id="oval:com.redhat.rhsa:tst:20191238006" version="636">
 <red-def:object object_ref="oval:com.redhat.rhsa:obj:20191238003"/>
 <red-def:state state_ref="oval:com.redhat.rhba:ste:20191992002"/>
</red-def:rpminfo_test>
<red-def:rpminfo_test check="at least one" comment="java-1.8.0-ibm-headless is earlier than 1:1.8.0.5.35-3.el8_0" id="oval:com.redhat.rhsa:tst:20191238007" version="636">
 <red-def:object object_ref="oval:com.redhat.rhsa:obj:20191238004"/>
 <red-def:state state_ref="oval:com.redhat.rhsa:ste:20191238001"/>
</red-def:rpminfo_test>
<red-def:rpminfo_test check="at least one" comment="java-1.8.0-ibm-headless is signed with Red Hat redhatrelease2 key" id="oval:com.redhat.rhsa:tst:20191238008" version="636">
 <red-def:object object_ref="oval:com.redhat.rhsa:obj:20191238004"/>
 <red-def:state state_ref="oval:com.redhat.rhba:ste:20191992002"/>
</red-def:rpminfo_test>
<red-def:rpminfo_test check="at least one" comment="java-1.8.0-ibm-jdbc is earlier than 1:1.8.0.5.35-3.el8_0" id="oval:com.redhat.rhsa:tst:20191238009" version="636">
 <red-def:object object_ref="oval:com.redhat.rhsa:obj:20191238005"/>
 <red-def:state state_ref="oval:com.redhat.rhsa:ste:20191238001"/>
</red-def:rpminfo_test>
<red-def:rpminfo_test check="at least one" comment="java-1.8.0-ibm-jdbc is signed with Red Hat redhatrelease2 key" id="oval:com.redhat.rhsa:tst:20191238010" version="636">
 <red-def:object object_ref="oval:com.redhat.rhsa:obj:20191238005"/>
 <red-def:state state_ref="oval:com.redhat.rhba:ste:20191992002"/>
</red-def:rpminfo_test>
<red-def:rpminfo_test check="at least one" comment="java-1.8.0-ibm-plugin is earlier than 1:1.8.0.5.35-3.el8_0" id="oval:com.redhat.rhsa:tst:20191238011" version="636">
 <red-def:object object_ref="oval:com.redhat.rhsa:obj:20191238006"/>
 <red-def:state state_ref="oval:com.redhat.rhsa:ste:20191238003"/>
</red-def:rpminfo_test>
<red-def:rpminfo_test check="at least one" comment="java-1.8.0-ibm-plugin is signed with Red Hat redhatrelease2 key" id="oval:com.redhat.rhsa:tst:20191238012" version="636">
 <red-def:object object_ref="oval:com.redhat.rhsa:obj:20191238006"/>
 <red-def:state state_ref="oval:com.redhat.rhba:ste:20191992002"/>
</red-def:rpminfo_test>
<red-def:rpminfo_test check="at least one" comment="java-1.8.0-ibm-src is earlier than 1:1.8.0.5.35-3.el8_0" id="oval:com.redhat.rhsa:tst:20191238013" version="636">
 <red-def:object object_ref="oval:com.redhat.rhsa:obj:20191238007"/>
 <red-def:state state_ref="oval:com.redhat.rhsa:ste:20191238001"/>
</red-def:rpminfo_test>
<red-def:rpminfo_test check="at least one" comment="java-1.8.0-ibm-src is signed with Red Hat redhatrelease2 key" id="oval:com.redhat.rhsa:tst:20191238014" version="636">
 <red-def:object object_ref="oval:com.redhat.rhsa:obj:20191238007"/>
 <red-def:state state_ref="oval:com.redhat.rhba:ste:20191992002"/>
</red-def:rpminfo_test>
<red-def:rpminfo_test check="at least one" comment="java-1.8.0-ibm-webstart is earlier than 1:1.8.0.5.35-3.el8_0" id="oval:com.redhat.rhsa:tst:20191238015" version="636">
 <red-def:object object_ref="oval:com.redhat.rhsa:obj:20191238008"/>
 <red-def:state state_ref="oval:com.redhat.rhsa:ste:20191238003"/>
</red-def:rpminfo_test>
<red-def:rpminfo_test check="at least one" comment="java-1.8.0-ibm-webstart is signed with Red Hat redhatrelease2 key" id="oval:com.redhat.rhsa:tst:20191238016" version="636">
 <red-def:object object_ref="oval:com.redhat.rhsa:obj:20191238008"/>
 <red-def:state state_ref="oval:com.redhat.rhba:ste:20191992002"/>
</red-def:rpminfo_test>
<red-def:rpminfo_test check="at least one" comment="dotnet is earlier than 0:2.1.507-2.el8_0" id="oval:com.redhat.rhsa:tst:20191259001" version="638">
 <red-def:object object_ref="oval:com.redhat.rhba:obj:20225747003"/>
 <red-def:state state_ref="oval:com.redhat.rhsa:ste:20191259001"/>
</red-def:rpminfo_test>
<red-def:rpminfo_test check="at least one" comment="dotnet-host is earlier than 0:2.1.11-2.el8_0" id="oval:com.redhat.rhsa:tst:20191259003" version="638">
 <red-def:object object_ref="oval:com.redhat.rhba:obj:20225747005"/>
 <red-def:state state_ref="oval:com.redhat.rhsa:ste:20191259003"/>
</red-def:rpminfo_test>
<red-def:rpminfo_test check="at least one" comment="dotnet-host-fxr-2.1 is earlier than 0:2.1.11-2.el8_0" id="oval:com.redhat.rhsa:tst:20191259005" version="638">
 <red-def:object object_ref="oval:com.redhat.rhsa:obj:20191259003"/>
 <red-def:state state_ref="oval:com.redhat.rhsa:ste:20191259003"/>
</red-def:rpminfo_test>
<red-def:rpminfo_test check="at least one" comment="dotnet-host-fxr-2.1 is signed with Red Hat redhatrelease2 key" id="oval:com.redhat.rhsa:tst:20191259006" version="638">
 <red-def:object object_ref="oval:com.redhat.rhsa:obj:20191259003"/>
 <red-def:state state_ref="oval:com.redhat.rhba:ste:20191992002"/>
</red-def:rpminfo_test>
<red-def:rpminfo_test check="at least one" comment="dotnet-runtime-2.1 is earlier than 0:2.1.11-2.el8_0" id="oval:com.redhat.rhsa:tst:20191259007" version="638">
 <red-def:object object_ref="oval:com.redhat.rhsa:obj:20191259004"/>
 <red-def:state state_ref="oval:com.redhat.rhsa:ste:20191259003"/>
</red-def:rpminfo_test>
<red-def:rpminfo_test check="at least one" comment="dotnet-runtime-2.1 is signed with Red Hat redhatrelease2 key" id="oval:com.redhat.rhsa:tst:20191259008" version="638">
 <red-def:object object_ref="oval:com.redhat.rhsa:obj:20191259004"/>
 <red-def:state state_ref="oval:com.redhat.rhba:ste:20191992002"/>
</red-def:rpminfo_test>
<red-def:rpminfo_test check="at least one" comment="dotnet-sdk-2.1 is earlier than 0:2.1.507-2.el8_0" id="oval:com.redhat.rhsa:tst:20191259009" version="638">
 <red-def:object object_ref="oval:com.redhat.rhsa:obj:20191259005"/>
 <red-def:state state_ref="oval:com.redhat.rhsa:ste:20191259001"/>
</red-def:rpminfo_test>
<red-def:rpminfo_test check="at least one" comment="dotnet-sdk-2.1 is signed with Red Hat redhatrelease2 key" id="oval:com.redhat.rhsa:tst:20191259010" version="638">
 <red-def:object object_ref="oval:com.redhat.rhsa:obj:20191259005"/>
 <red-def:state state_ref="oval:com.redhat.rhba:ste:20191992002"/>
</red-def:rpminfo_test>
<red-def:rpminfo_test check="at least one" comment="dotnet-sdk-2.1.5xx is earlier than 0:2.1.507-2.el8_0" id="oval:com.redhat.rhsa:tst:20191259011" version="638">
 <red-def:object object_ref="oval:com.redhat.rhsa:obj:20191259006"/>
 <red-def:state state_ref="oval:com.redhat.rhsa:ste:20191259001"/>
</red-def:rpminfo_test>
<red-def:rpminfo_test check="at least one" comment="dotnet-sdk-2.1.5xx is signed with Red Hat redhatrelease2 key" id="oval:com.redhat.rhsa:tst:20191259012" version="638">
 <red-def:object object_ref="oval:com.redhat.rhsa:obj:20191259006"/>
 <red-def:state state_ref="oval:com.redhat.rhba:ste:20191992002"/>
</red-def:rpminfo_test>
<red-def:rpminfo_test check="at least one" comment="libvirt is earlier than 0:4.5.0-23.2.module+el8.0.0+3213+f56c86d8" id="oval:com.redhat.rhsa:tst:20191268053" version="635">
 <red-def:object object_ref="oval:com.redhat.rhba:obj:20192715027"/>
 <red-def:state state_ref="oval:com.redhat.rhsa:ste:20191268010"/>
</red-def:rpminfo_test>
<red-def:rpminfo_test check="at least one" comment="libvirt-admin is earlier than 0:4.5.0-23.2.module+el8.0.0+3213+f56c86d8" id="oval:com.redhat.rhsa:tst:20191268055" version="635">
 <red-def:object object_ref="oval:com.redhat.rhba:obj:20192715028"/>
 <red-def:state state_ref="oval:com.redhat.rhsa:ste:20191268010"/>
</red-def:rpminfo_test>
<red-def:rpminfo_test check="at least one" comment="libvirt-bash-completion is earlier than 0:4.5.0-23.2.module+el8.0.0+3213+f56c86d8" id="oval:com.redhat.rhsa:tst:20191268057" version="635">
 <red-def:object object_ref="oval:com.redhat.rhba:obj:20192715029"/>
 <red-def:state state_ref="oval:com.redhat.rhsa:ste:20191268010"/>
</red-def:rpminfo_test>
<red-def:rpminfo_test check="at least one" comment="libvirt-client is earlier than 0:4.5.0-23.2.module+el8.0.0+3213+f56c86d8" id="oval:com.redhat.rhsa:tst:20191268059" version="635">
 <red-def:object object_ref="oval:com.redhat.rhba:obj:20192715030"/>
 <red-def:state state_ref="oval:com.redhat.rhsa:ste:20191268010"/>
</red-def:rpminfo_test>
<red-def:rpminfo_test check="at least one" comment="libvirt-daemon is earlier than 0:4.5.0-23.2.module+el8.0.0+3213+f56c86d8" id="oval:com.redhat.rhsa:tst:20191268061" version="635">
 <red-def:object object_ref="oval:com.redhat.rhba:obj:20192715031"/>
 <red-def:state state_ref="oval:com.redhat.rhsa:ste:20191268010"/>
</red-def:rpminfo_test>
<red-def:rpminfo_test check="at least one" comment="libvirt-daemon-config-network is earlier than 0:4.5.0-23.2.module+el8.0.0+3213+f56c86d8" id="oval:com.redhat.rhsa:tst:20191268063" version="635">
 <red-def:object object_ref="oval:com.redhat.rhba:obj:20192715032"/>
 <red-def:state state_ref="oval:com.redhat.rhsa:ste:20191268010"/>
</red-def:rpminfo_test>
<red-def:rpminfo_test check="at least one" comment="libvirt-daemon-config-nwfilter is earlier than 0:4.5.0-23.2.module+el8.0.0+3213+f56c86d8" id="oval:com.redhat.rhsa:tst:20191268065" version="635">
 <red-def:object object_ref="oval:com.redhat.rhba:obj:20192715033"/>
 <red-def:state state_ref="oval:com.redhat.rhsa:ste:20191268010"/>
</red-def:rpminfo_test>
<red-def:rpminfo_test check="at least one" comment="libvirt-daemon-driver-interface is earlier than 0:4.5.0-23.2.module+el8.0.0+3213+f56c86d8" id="oval:com.redhat.rhsa:tst:20191268067" version="635">
 <red-def:object object_ref="oval:com.redhat.rhba:obj:20192715034"/>
 <red-def:state state_ref="oval:com.redhat.rhsa:ste:20191268010"/>
</red-def:rpminfo_test>
<red-def:rpminfo_test check="at least one" comment="libvirt-daemon-driver-network is earlier than 0:4.5.0-23.2.module+el8.0.0+3213+f56c86d8" id="oval:com.redhat.rhsa:tst:20191268069" version="635">
 <red-def:object object_ref="oval:com.redhat.rhba:obj:20192715035"/>
 <red-def:state state_ref="oval:com.redhat.rhsa:ste:20191268010"/>
</red-def:rpminfo_test>
<red-def:rpminfo_test check="at least one" comment="libvirt-daemon-driver-nodedev is earlier than 0:4.5.0-23.2.module+el8.0.0+3213+f56c86d8" id="oval:com.redhat.rhsa:tst:20191268071" version="635">
 <red-def:object object_ref="oval:com.redhat.rhba:obj:20192715036"/>
 <red-def:state state_ref="oval:com.redhat.rhsa:ste:20191268010"/>
</red-def:rpminfo_test>
<red-def:rpminfo_test check="at least one" comment="libvirt-daemon-driver-nwfilter is earlier than 0:4.5.0-23.2.module+el8.0.0+3213+f56c86d8" id="oval:com.redhat.rhsa:tst:20191268073" version="635">
 <red-def:object object_ref="oval:com.redhat.rhba:obj:20192715037"/>
 <red-def:state state_ref="oval:com.redhat.rhsa:ste:20191268010"/>
</red-def:rpminfo_test>
<red-def:rpminfo_test check="at least one" comment="libvirt-daemon-driver-qemu is earlier than 0:4.5.0-23.2.module+el8.0.0+3213+f56c86d8" id="oval:com.redhat.rhsa:tst:20191268075" version="635">
 <red-def:object object_ref="oval:com.redhat.rhba:obj:20192715038"/>
 <red-def:state state_ref="oval:com.redhat.rhsa:ste:20191268010"/>
</red-def:rpminfo_test>
<red-def:rpminfo_test check="at least one" comment="libvirt-daemon-driver-secret is earlier than 0:4.5.0-23.2.module+el8.0.0+3213+f56c86d8" id="oval:com.redhat.rhsa:tst:20191268077" version="635">
 <red-def:object object_ref="oval:com.redhat.rhba:obj:20192715039"/>
 <red-def:state state_ref="oval:com.redhat.rhsa:ste:20191268010"/>
</red-def:rpminfo_test>
<red-def:rpminfo_test check="at least one" comment="libvirt-daemon-driver-storage is earlier than 0:4.5.0-23.2.module+el8.0.0+3213+f56c86d8" id="oval:com.redhat.rhsa:tst:20191268079" version="635">
 <red-def:object object_ref="oval:com.redhat.rhba:obj:20192715040"/>
 <red-def:state state_ref="oval:com.redhat.rhsa:ste:20191268010"/>
</red-def:rpminfo_test>
<red-def:rpminfo_test check="at least one" comment="libvirt-daemon-driver-storage-core is earlier than 0:4.5.0-23.2.module+el8.0.0+3213+f56c86d8" id="oval:com.redhat.rhsa:tst:20191268081" version="635">
 <red-def:object object_ref="oval:com.redhat.rhba:obj:20192715041"/>
 <red-def:state state_ref="oval:com.redhat.rhsa:ste:20191268010"/>
</red-def:rpminfo_test>
<red-def:rpminfo_test check="at least one" comment="libvirt-daemon-driver-storage-disk is earlier than 0:4.5.0-23.2.module+el8.0.0+3213+f56c86d8" id="oval:com.redhat.rhsa:tst:20191268083" version="635">
 <red-def:object object_ref="oval:com.redhat.rhba:obj:20192715042"/>
 <red-def:state state_ref="oval:com.redhat.rhsa:ste:20191268010"/>
</red-def:rpminfo_test>
<red-def:rpminfo_test check="at least one" comment="libvirt-daemon-driver-storage-gluster is earlier than 0:4.5.0-23.2.module+el8.0.0+3213+f56c86d8" id="oval:com.redhat.rhsa:tst:20191268085" version="635">
 <red-def:object object_ref="oval:com.redhat.rhba:obj:20192715043"/>
 <red-def:state state_ref="oval:com.redhat.rhsa:ste:20191268010"/>
</red-def:rpminfo_test>
<red-def:rpminfo_test check="at least one" comment="libvirt-daemon-driver-storage-iscsi is earlier than 0:4.5.0-23.2.module+el8.0.0+3213+f56c86d8" id="oval:com.redhat.rhsa:tst:20191268087" version="635">
 <red-def:object object_ref="oval:com.redhat.rhba:obj:20192715044"/>
 <red-def:state state_ref="oval:com.redhat.rhsa:ste:20191268010"/>
</red-def:rpminfo_test>
<red-def:rpminfo_test check="at least one" comment="libvirt-daemon-driver-storage-logical is earlier than 0:4.5.0-23.2.module+el8.0.0+3213+f56c86d8" id="oval:com.redhat.rhsa:tst:20191268089" version="635">
 <red-def:object object_ref="oval:com.redhat.rhba:obj:20192715045"/>
 <red-def:state state_ref="oval:com.redhat.rhsa:ste:20191268010"/>
</red-def:rpminfo_test>
<red-def:rpminfo_test check="at least one" comment="libvirt-daemon-driver-storage-mpath is earlier than 0:4.5.0-23.2.module+el8.0.0+3213+f56c86d8" id="oval:com.redhat.rhsa:tst:20191268091" version="635">
 <red-def:object object_ref="oval:com.redhat.rhba:obj:20192715046"/>
 <red-def:state state_ref="oval:com.redhat.rhsa:ste:20191268010"/>
</red-def:rpminfo_test>
<red-def:rpminfo_test check="at least one" comment="libvirt-daemon-driver-storage-rbd is earlier than 0:4.5.0-23.2.module+el8.0.0+3213+f56c86d8" id="oval:com.redhat.rhsa:tst:20191268093" version="635">
 <red-def:object object_ref="oval:com.redhat.rhba:obj:20192715047"/>
 <red-def:state state_ref="oval:com.redhat.rhsa:ste:20191268010"/>
</red-def:rpminfo_test>
<red-def:rpminfo_test check="at least one" comment="libvirt-daemon-driver-storage-scsi is earlier than 0:4.5.0-23.2.module+el8.0.0+3213+f56c86d8" id="oval:com.redhat.rhsa:tst:20191268095" version="635">
 <red-def:object object_ref="oval:com.redhat.rhba:obj:20192715048"/>
 <red-def:state state_ref="oval:com.redhat.rhsa:ste:20191268010"/>
</red-def:rpminfo_test>
<red-def:rpminfo_test check="at least one" comment="libvirt-daemon-kvm is earlier than 0:4.5.0-23.2.module+el8.0.0+3213+f56c86d8" id="oval:com.redhat.rhsa:tst:20191268097" version="635">
 <red-def:object object_ref="oval:com.redhat.rhba:obj:20192715049"/>
 <red-def:state state_ref="oval:com.redhat.rhsa:ste:20191268010"/>
</red-def:rpminfo_test>
<red-def:rpminfo_test check="at least one" comment="libvirt-devel is earlier than 0:4.5.0-23.2.module+el8.0.0+3213+f56c86d8" id="oval:com.redhat.rhsa:tst:20191268101" version="635">
 <red-def:object object_ref="oval:com.redhat.rhba:obj:20192715051"/>
 <red-def:state state_ref="oval:com.redhat.rhsa:ste:20191268010"/>
</red-def:rpminfo_test>
<red-def:rpminfo_test check="at least one" comment="libvirt-docs is earlier than 0:4.5.0-23.2.module+el8.0.0+3213+f56c86d8" id="oval:com.redhat.rhsa:tst:20191268103" version="635">
 <red-def:object object_ref="oval:com.redhat.rhba:obj:20192715052"/>
 <red-def:state state_ref="oval:com.redhat.rhsa:ste:20191268010"/>
</red-def:rpminfo_test>
<red-def:rpminfo_test check="at least one" comment="libvirt-libs is earlier than 0:4.5.0-23.2.module+el8.0.0+3213+f56c86d8" id="oval:com.redhat.rhsa:tst:20191268105" version="635">
 <red-def:object object_ref="oval:com.redhat.rhba:obj:20192715053"/>
 <red-def:state state_ref="oval:com.redhat.rhsa:ste:20191268010"/>
</red-def:rpminfo_test>
<red-def:rpminfo_test check="at least one" comment="libvirt-lock-sanlock is earlier than 0:4.5.0-23.2.module+el8.0.0+3213+f56c86d8" id="oval:com.redhat.rhsa:tst:20191268107" version="635">
 <red-def:object object_ref="oval:com.redhat.rhba:obj:20192715054"/>
 <red-def:state state_ref="oval:com.redhat.rhsa:ste:20191268010"/>
</red-def:rpminfo_test>
<red-def:rpminfo_test check="at least one" comment="libvirt-nss is earlier than 0:4.5.0-23.2.module+el8.0.0+3213+f56c86d8" id="oval:com.redhat.rhsa:tst:20191268109" version="635">
 <red-def:object object_ref="oval:com.redhat.rhba:obj:20192715055"/>
 <red-def:state state_ref="oval:com.redhat.rhsa:ste:20191268010"/>
</red-def:rpminfo_test>
<red-def:rpminfo_test check="at least one" comment="firefox is earlier than 0:60.7.0-1.el8_0" id="oval:com.redhat.rhsa:tst:20191269001" version="637">
 <red-def:object object_ref="oval:com.redhat.rhsa:obj:20190966001"/>
 <red-def:state state_ref="oval:com.redhat.rhsa:ste:20191269001"/>
</red-def:rpminfo_test>
<red-def:rpminfo_test check="at least one" comment="pacemaker is earlier than 0:2.0.1-4.el8_0.3" id="oval:com.redhat.rhsa:tst:20191279001" version="635">
 <red-def:object object_ref="oval:com.redhat.rhsa:obj:20191279001"/>
 <red-def:state state_ref="oval:com.redhat.rhsa:ste:20191279001"/>
</red-def:rpminfo_test>
<red-def:rpminfo_test check="at least one" comment="pacemaker is signed with Red Hat redhatrelease2 key" id="oval:com.redhat.rhsa:tst:20191279002" version="635">
 <red-def:object object_ref="oval:com.redhat.rhsa:obj:20191279001"/>
 <red-def:state state_ref="oval:com.redhat.rhba:ste:20191992002"/>
</red-def:rpminfo_test>
<red-def:rpminfo_test check="at least one" comment="pacemaker-cli is earlier than 0:2.0.1-4.el8_0.3" id="oval:com.redhat.rhsa:tst:20191279003" version="635">
 <red-def:object object_ref="oval:com.redhat.rhsa:obj:20191279002"/>
 <red-def:state state_ref="oval:com.redhat.rhsa:ste:20191279001"/>
</red-def:rpminfo_test>
<red-def:rpminfo_test check="at least one" comment="pacemaker-cli is signed with Red Hat redhatrelease2 key" id="oval:com.redhat.rhsa:tst:20191279004" version="635">
 <red-def:object object_ref="oval:com.redhat.rhsa:obj:20191279002"/>
 <red-def:state state_ref="oval:com.redhat.rhba:ste:20191992002"/>
</red-def:rpminfo_test>
<red-def:rpminfo_test check="at least one" comment="pacemaker-cluster-libs is earlier than 0:2.0.1-4.el8_0.3" id="oval:com.redhat.rhsa:tst:20191279005" version="635">
 <red-def:object object_ref="oval:com.redhat.rhsa:obj:20191279003"/>
 <red-def:state state_ref="oval:com.redhat.rhsa:ste:20191279003"/>
</red-def:rpminfo_test>
<red-def:rpminfo_test check="at least one" comment="pacemaker-cluster-libs is signed with Red Hat redhatrelease2 key" id="oval:com.redhat.rhsa:tst:20191279006" version="635">
 <red-def:object object_ref="oval:com.redhat.rhsa:obj:20191279003"/>
 <red-def:state state_ref="oval:com.redhat.rhba:ste:20191992002"/>
</red-def:rpminfo_test>
<red-def:rpminfo_test check="at least one" comment="pacemaker-cts is earlier than 0:2.0.1-4.el8_0.3" id="oval:com.redhat.rhsa:tst:20191279007" version="635">
 <red-def:object object_ref="oval:com.redhat.rhsa:obj:20191279004"/>
 <red-def:state state_ref="oval:com.redhat.rhsa:ste:20191279004"/>
</red-def:rpminfo_test>
<red-def:rpminfo_test check="at least one" comment="pacemaker-cts is signed with Red Hat redhatrelease2 key" id="oval:com.redhat.rhsa:tst:20191279008" version="635">
 <red-def:object object_ref="oval:com.redhat.rhsa:obj:20191279004"/>
 <red-def:state state_ref="oval:com.redhat.rhba:ste:20191992002"/>
</red-def:rpminfo_test>
<red-def:rpminfo_test check="at least one" comment="pacemaker-doc is earlier than 0:2.0.1-4.el8_0.3" id="oval:com.redhat.rhsa:tst:20191279009" version="635">
 <red-def:object object_ref="oval:com.redhat.rhsa:obj:20191279005"/>
 <red-def:state state_ref="oval:com.redhat.rhsa:ste:20191279004"/>
</red-def:rpminfo_test>
<red-def:rpminfo_test check="at least one" comment="pacemaker-doc is signed with Red Hat redhatrelease2 key" id="oval:com.redhat.rhsa:tst:20191279010" version="635">
 <red-def:object object_ref="oval:com.redhat.rhsa:obj:20191279005"/>
 <red-def:state state_ref="oval:com.redhat.rhba:ste:20191992002"/>
</red-def:rpminfo_test>
<red-def:rpminfo_test check="at least one" comment="pacemaker-libs is earlier than 0:2.0.1-4.el8_0.3" id="oval:com.redhat.rhsa:tst:20191279011" version="635">
 <red-def:object object_ref="oval:com.redhat.rhsa:obj:20191279006"/>
 <red-def:state state_ref="oval:com.redhat.rhsa:ste:20191279003"/>
</red-def:rpminfo_test>
<red-def:rpminfo_test check="at least one" comment="pacemaker-libs is signed with Red Hat redhatrelease2 key" id="oval:com.redhat.rhsa:tst:20191279012" version="635">
 <red-def:object object_ref="oval:com.redhat.rhsa:obj:20191279006"/>
 <red-def:state state_ref="oval:com.redhat.rhba:ste:20191992002"/>
</red-def:rpminfo_test>
<red-def:rpminfo_test check="at least one" comment="pacemaker-libs-devel is earlier than 0:2.0.1-4.el8_0.3" id="oval:com.redhat.rhsa:tst:20191279013" version="635">
 <red-def:object object_ref="oval:com.redhat.rhsa:obj:20191279007"/>
 <red-def:state state_ref="oval:com.redhat.rhsa:ste:20191279005"/>
</red-def:rpminfo_test>
<red-def:rpminfo_test check="at least one" comment="pacemaker-libs-devel is signed with Red Hat redhatrelease2 key" id="oval:com.redhat.rhsa:tst:20191279014" version="635">
 <red-def:object object_ref="oval:com.redhat.rhsa:obj:20191279007"/>
 <red-def:state state_ref="oval:com.redhat.rhba:ste:20191992002"/>
</red-def:rpminfo_test>
<red-def:rpminfo_test check="at least one" comment="pacemaker-nagios-plugins-metadata is earlier than 0:2.0.1-4.el8_0.3" id="oval:com.redhat.rhsa:tst:20191279015" version="635">
 <red-def:object object_ref="oval:com.redhat.rhsa:obj:20191279008"/>
 <red-def:state state_ref="oval:com.redhat.rhsa:ste:20191279004"/>
</red-def:rpminfo_test>
<red-def:rpminfo_test check="at least one" comment="pacemaker-nagios-plugins-metadata is signed with Red Hat redhatrelease2 key" id="oval:com.redhat.rhsa:tst:20191279016" version="635">
 <red-def:object object_ref="oval:com.redhat.rhsa:obj:20191279008"/>
 <red-def:state state_ref="oval:com.redhat.rhba:ste:20191992002"/>
</red-def:rpminfo_test>
<red-def:rpminfo_test check="at least one" comment="pacemaker-remote is earlier than 0:2.0.1-4.el8_0.3" id="oval:com.redhat.rhsa:tst:20191279017" version="635">
 <red-def:object object_ref="oval:com.redhat.rhsa:obj:20191279009"/>
 <red-def:state state_ref="oval:com.redhat.rhsa:ste:20191279001"/>
</red-def:rpminfo_test>
<red-def:rpminfo_test check="at least one" comment="pacemaker-remote is signed with Red Hat redhatrelease2 key" id="oval:com.redhat.rhsa:tst:20191279018" version="635">
 <red-def:object object_ref="oval:com.redhat.rhsa:obj:20191279009"/>
 <red-def:state state_ref="oval:com.redhat.rhba:ste:20191992002"/>
</red-def:rpminfo_test>
<red-def:rpminfo_test check="at least one" comment="pacemaker-schemas is earlier than 0:2.0.1-4.el8_0.3" id="oval:com.redhat.rhsa:tst:20191279019" version="635">
 <red-def:object object_ref="oval:com.redhat.rhsa:obj:20191279010"/>
 <red-def:state state_ref="oval:com.redhat.rhsa:ste:20191279004"/>
</red-def:rpminfo_test>
<red-def:rpminfo_test check="at least one" comment="pacemaker-schemas is signed with Red Hat redhatrelease2 key" id="oval:com.redhat.rhsa:tst:20191279020" version="635">
 <red-def:object object_ref="oval:com.redhat.rhsa:obj:20191279010"/>
 <red-def:state state_ref="oval:com.redhat.rhba:ste:20191992002"/>
</red-def:rpminfo_test>
<red-def:rpminfo_test check="at least one" comment="thunderbird is earlier than 0:60.7.0-1.el8_0" id="oval:com.redhat.rhsa:tst:20191308001" version="637">
 <red-def:object object_ref="oval:com.redhat.rhsa:obj:20191144001"/>
 <red-def:state state_ref="oval:com.redhat.rhsa:ste:20191308001"/>
</red-def:rpminfo_test>
<red-def:rpminfo_test check="at least one" comment="bpftool is earlier than 0:4.18.0-80.4.2.el8_0" id="oval:com.redhat.rhsa:tst:20191479001" version="641">
 <red-def:object object_ref="oval:com.redhat.rhsa:obj:20191167001"/>
 <red-def:state state_ref="oval:com.redhat.rhsa:ste:20191479001"/>
</red-def:rpminfo_test>
<red-def:rpminfo_test check="at least one" comment="kernel is earlier than 0:4.18.0-80.4.2.el8_0" id="oval:com.redhat.rhsa:tst:20191479003" version="641">
 <red-def:object object_ref="oval:com.redhat.rhsa:obj:20191167002"/>
 <red-def:state state_ref="oval:com.redhat.rhsa:ste:20191479001"/>
</red-def:rpminfo_test>
<red-def:rpminfo_test check="at least one" comment="kernel-abi-whitelists is earlier than 0:4.18.0-80.4.2.el8_0" id="oval:com.redhat.rhsa:tst:20191479005" version="641">
 <red-def:object object_ref="oval:com.redhat.rhsa:obj:20191167003"/>
 <red-def:state state_ref="oval:com.redhat.rhsa:ste:20191479003"/>
</red-def:rpminfo_test>
<red-def:rpminfo_test check="at least one" comment="kernel-core is earlier than 0:4.18.0-80.4.2.el8_0" id="oval:com.redhat.rhsa:tst:20191479007" version="641">
 <red-def:object object_ref="oval:com.redhat.rhsa:obj:20191167004"/>
 <red-def:state state_ref="oval:com.redhat.rhsa:ste:20191479001"/>
</red-def:rpminfo_test>
<red-def:rpminfo_test check="at least one" comment="kernel-cross-headers is earlier than 0:4.18.0-80.4.2.el8_0" id="oval:com.redhat.rhsa:tst:20191479009" version="641">
 <red-def:object object_ref="oval:com.redhat.rhsa:obj:20191167005"/>
 <red-def:state state_ref="oval:com.redhat.rhsa:ste:20191479001"/>
</red-def:rpminfo_test>
<red-def:rpminfo_test check="at least one" comment="kernel-debug is earlier than 0:4.18.0-80.4.2.el8_0" id="oval:com.redhat.rhsa:tst:20191479011" version="641">
 <red-def:object object_ref="oval:com.redhat.rhsa:obj:20191167006"/>
 <red-def:state state_ref="oval:com.redhat.rhsa:ste:20191479001"/>
</red-def:rpminfo_test>
<red-def:rpminfo_test check="at least one" comment="kernel-debug-core is earlier than 0:4.18.0-80.4.2.el8_0" id="oval:com.redhat.rhsa:tst:20191479013" version="641">
 <red-def:object object_ref="oval:com.redhat.rhsa:obj:20191167007"/>
 <red-def:state state_ref="oval:com.redhat.rhsa:ste:20191479001"/>
</red-def:rpminfo_test>
<red-def:rpminfo_test check="at least one" comment="kernel-debug-devel is earlier than 0:4.18.0-80.4.2.el8_0" id="oval:com.redhat.rhsa:tst:20191479015" version="641">
 <red-def:object object_ref="oval:com.redhat.rhsa:obj:20191167008"/>
 <red-def:state state_ref="oval:com.redhat.rhsa:ste:20191479001"/>
</red-def:rpminfo_test>
<red-def:rpminfo_test check="at least one" comment="kernel-debug-modules is earlier than 0:4.18.0-80.4.2.el8_0" id="oval:com.redhat.rhsa:tst:20191479017" version="641">
 <red-def:object object_ref="oval:com.redhat.rhsa:obj:20191167009"/>
 <red-def:state state_ref="oval:com.redhat.rhsa:ste:20191479001"/>
</red-def:rpminfo_test>
<red-def:rpminfo_test check="at least one" comment="kernel-debug-modules-extra is earlier than 0:4.18.0-80.4.2.el8_0" id="oval:com.redhat.rhsa:tst:20191479019" version="641">
 <red-def:object object_ref="oval:com.redhat.rhsa:obj:20191167010"/>
 <red-def:state state_ref="oval:com.redhat.rhsa:ste:20191479001"/>
</red-def:rpminfo_test>
<red-def:rpminfo_test check="at least one" comment="kernel-devel is earlier than 0:4.18.0-80.4.2.el8_0" id="oval:com.redhat.rhsa:tst:20191479021" version="641">
 <red-def:object object_ref="oval:com.redhat.rhsa:obj:20191167011"/>
 <red-def:state state_ref="oval:com.redhat.rhsa:ste:20191479001"/>
</red-def:rpminfo_test>
<red-def:rpminfo_test check="at least one" comment="kernel-doc is earlier than 0:4.18.0-80.4.2.el8_0" id="oval:com.redhat.rhsa:tst:20191479023" version="641">
 <red-def:object object_ref="oval:com.redhat.rhsa:obj:20191167012"/>
 <red-def:state state_ref="oval:com.redhat.rhsa:ste:20191479003"/>
</red-def:rpminfo_test>
<red-def:rpminfo_test check="at least one" comment="kernel-headers is earlier than 0:4.18.0-80.4.2.el8_0" id="oval:com.redhat.rhsa:tst:20191479025" version="641">
 <red-def:object object_ref="oval:com.redhat.rhsa:obj:20191167013"/>
 <red-def:state state_ref="oval:com.redhat.rhsa:ste:20191479001"/>
</red-def:rpminfo_test>
<red-def:rpminfo_test check="at least one" comment="kernel-modules is earlier than 0:4.18.0-80.4.2.el8_0" id="oval:com.redhat.rhsa:tst:20191479027" version="641">
 <red-def:object object_ref="oval:com.redhat.rhsa:obj:20191167014"/>
 <red-def:state state_ref="oval:com.redhat.rhsa:ste:20191479001"/>
</red-def:rpminfo_test>
<red-def:rpminfo_test check="at least one" comment="kernel-modules-extra is earlier than 0:4.18.0-80.4.2.el8_0" id="oval:com.redhat.rhsa:tst:20191479029" version="641">
 <red-def:object object_ref="oval:com.redhat.rhsa:obj:20191167015"/>
 <red-def:state state_ref="oval:com.redhat.rhsa:ste:20191479001"/>
</red-def:rpminfo_test>
<red-def:rpminfo_test check="at least one" comment="kernel-tools is earlier than 0:4.18.0-80.4.2.el8_0" id="oval:com.redhat.rhsa:tst:20191479031" version="641">
 <red-def:object object_ref="oval:com.redhat.rhsa:obj:20191167016"/>
 <red-def:state state_ref="oval:com.redhat.rhsa:ste:20191479001"/>
</red-def:rpminfo_test>
<red-def:rpminfo_test check="at least one" comment="kernel-tools-libs is earlier than 0:4.18.0-80.4.2.el8_0" id="oval:com.redhat.rhsa:tst:20191479033" version="641">
 <red-def:object object_ref="oval:com.redhat.rhsa:obj:20191167017"/>
 <red-def:state state_ref="oval:com.redhat.rhsa:ste:20191479004"/>
</red-def:rpminfo_test>
<red-def:rpminfo_test check="at least one" comment="kernel-tools-libs-devel is earlier than 0:4.18.0-80.4.2.el8_0" id="oval:com.redhat.rhsa:tst:20191479035" version="641">
 <red-def:object object_ref="oval:com.redhat.rhsa:obj:20191167018"/>
 <red-def:state state_ref="oval:com.redhat.rhsa:ste:20191479004"/>
</red-def:rpminfo_test>
<red-def:rpminfo_test check="at least one" comment="kernel-zfcpdump is earlier than 0:4.18.0-80.4.2.el8_0" id="oval:com.redhat.rhsa:tst:20191479037" version="641">
 <red-def:object object_ref="oval:com.redhat.rhsa:obj:20191167019"/>
 <red-def:state state_ref="oval:com.redhat.rhsa:ste:20191479005"/>
</red-def:rpminfo_test>
<red-def:rpminfo_test check="at least one" comment="kernel-zfcpdump-core is earlier than 0:4.18.0-80.4.2.el8_0" id="oval:com.redhat.rhsa:tst:20191479039" version="641">
 <red-def:object object_ref="oval:com.redhat.rhsa:obj:20191167020"/>
 <red-def:state state_ref="oval:com.redhat.rhsa:ste:20191479005"/>
</red-def:rpminfo_test>
<red-def:rpminfo_test check="at least one" comment="kernel-zfcpdump-devel is earlier than 0:4.18.0-80.4.2.el8_0" id="oval:com.redhat.rhsa:tst:20191479041" version="641">
 <red-def:object object_ref="oval:com.redhat.rhsa:obj:20191167021"/>
 <red-def:state state_ref="oval:com.redhat.rhsa:ste:20191479005"/>
</red-def:rpminfo_test>
<red-def:rpminfo_test check="at least one" comment="kernel-zfcpdump-modules is earlier than 0:4.18.0-80.4.2.el8_0" id="oval:com.redhat.rhsa:tst:20191479043" version="641">
 <red-def:object object_ref="oval:com.redhat.rhsa:obj:20191167022"/>
 <red-def:state state_ref="oval:com.redhat.rhsa:ste:20191479005"/>
</red-def:rpminfo_test>
<red-def:rpminfo_test check="at least one" comment="kernel-zfcpdump-modules-extra is earlier than 0:4.18.0-80.4.2.el8_0" id="oval:com.redhat.rhsa:tst:20191479045" version="641">
 <red-def:object object_ref="oval:com.redhat.rhsa:obj:20191167023"/>
 <red-def:state state_ref="oval:com.redhat.rhsa:ste:20191479005"/>
</red-def:rpminfo_test>
<red-def:rpminfo_test check="at least one" comment="perf is earlier than 0:4.18.0-80.4.2.el8_0" id="oval:com.redhat.rhsa:tst:20191479047" version="641">
 <red-def:object object_ref="oval:com.redhat.rhsa:obj:20191167024"/>
 <red-def:state state_ref="oval:com.redhat.rhsa:ste:20191479001"/>
</red-def:rpminfo_test>
<red-def:rpminfo_test check="at least one" comment="python3-perf is earlier than 0:4.18.0-80.4.2.el8_0" id="oval:com.redhat.rhsa:tst:20191479049" version="641">
 <red-def:object object_ref="oval:com.redhat.rhsa:obj:20191167025"/>
 <red-def:state state_ref="oval:com.redhat.rhsa:ste:20191479001"/>
</red-def:rpminfo_test>
<unix-def:uname_test check="at least one" comment="kernel earlier than 0:4.18.0-80.4.2.el8_0 is currently running" id="oval:com.redhat.rhsa:tst:20191479051" version="641">
 <unix-def:object object_ref="oval:com.redhat.rhsa:obj:20191167026"/>
 <unix-def:state state_ref="oval:com.redhat.rhsa:ste:20191479006"/>
</unix-def:uname_test>
<ind-def:textfilecontent54_test check="all" comment="kernel earlier than 0:4.18.0-80.4.2.el8_0 is set to boot up on next boot" id="oval:com.redhat.rhsa:tst:20191479052" version="641">
 <ind-def:object object_ref="oval:com.redhat.rhsa:obj:20191167027"/>
 <ind-def:state state_ref="oval:com.redhat.rhsa:ste:20191479007"/>
</ind-def:textfilecontent54_test>
<red-def:rpminfo_test check="at least one" comment="kernel-rt is earlier than 0:4.18.0-80.4.2.rt9.152.el8_0" id="oval:com.redhat.rhsa:tst:20191480001" version="640">
 <red-def:object object_ref="oval:com.redhat.rhsa:obj:20191174001"/>
 <red-def:state state_ref="oval:com.redhat.rhsa:ste:20191480001"/>
</red-def:rpminfo_test>
<red-def:rpminfo_test check="at least one" comment="kernel-rt-core is earlier than 0:4.18.0-80.4.2.rt9.152.el8_0" id="oval:com.redhat.rhsa:tst:20191480003" version="640">
 <red-def:object object_ref="oval:com.redhat.rhsa:obj:20191174002"/>
 <red-def:state state_ref="oval:com.redhat.rhsa:ste:20191480001"/>
</red-def:rpminfo_test>
<red-def:rpminfo_test check="at least one" comment="kernel-rt-debug is earlier than 0:4.18.0-80.4.2.rt9.152.el8_0" id="oval:com.redhat.rhsa:tst:20191480005" version="640">
 <red-def:object object_ref="oval:com.redhat.rhsa:obj:20191174003"/>
 <red-def:state state_ref="oval:com.redhat.rhsa:ste:20191480001"/>
</red-def:rpminfo_test>
<red-def:rpminfo_test check="at least one" comment="kernel-rt-debug-core is earlier than 0:4.18.0-80.4.2.rt9.152.el8_0" id="oval:com.redhat.rhsa:tst:20191480007" version="640">
 <red-def:object object_ref="oval:com.redhat.rhsa:obj:20191174004"/>
 <red-def:state state_ref="oval:com.redhat.rhsa:ste:20191480001"/>
</red-def:rpminfo_test>
<red-def:rpminfo_test check="at least one" comment="kernel-rt-debug-devel is earlier than 0:4.18.0-80.4.2.rt9.152.el8_0" id="oval:com.redhat.rhsa:tst:20191480009" version="640">
 <red-def:object object_ref="oval:com.redhat.rhsa:obj:20191174005"/>
 <red-def:state state_ref="oval:com.redhat.rhsa:ste:20191480001"/>
</red-def:rpminfo_test>
<red-def:rpminfo_test check="at least one" comment="kernel-rt-debug-kvm is earlier than 0:4.18.0-80.4.2.rt9.152.el8_0" id="oval:com.redhat.rhsa:tst:20191480011" version="640">
 <red-def:object object_ref="oval:com.redhat.rhsa:obj:20191174006"/>
 <red-def:state state_ref="oval:com.redhat.rhsa:ste:20191480001"/>
</red-def:rpminfo_test>
<red-def:rpminfo_test check="at least one" comment="kernel-rt-debug-modules is earlier than 0:4.18.0-80.4.2.rt9.152.el8_0" id="oval:com.redhat.rhsa:tst:20191480013" version="640">
 <red-def:object object_ref="oval:com.redhat.rhsa:obj:20191174007"/>
 <red-def:state state_ref="oval:com.redhat.rhsa:ste:20191480001"/>
</red-def:rpminfo_test>
<red-def:rpminfo_test check="at least one" comment="kernel-rt-debug-modules-extra is earlier than 0:4.18.0-80.4.2.rt9.152.el8_0" id="oval:com.redhat.rhsa:tst:20191480015" version="640">
 <red-def:object object_ref="oval:com.redhat.rhsa:obj:20191174008"/>
 <red-def:state state_ref="oval:com.redhat.rhsa:ste:20191480001"/>
</red-def:rpminfo_test>
<red-def:rpminfo_test check="at least one" comment="kernel-rt-devel is earlier than 0:4.18.0-80.4.2.rt9.152.el8_0" id="oval:com.redhat.rhsa:tst:20191480017" version="640">
 <red-def:object object_ref="oval:com.redhat.rhsa:obj:20191174009"/>
 <red-def:state state_ref="oval:com.redhat.rhsa:ste:20191480001"/>
</red-def:rpminfo_test>
<red-def:rpminfo_test check="at least one" comment="kernel-rt-kvm is earlier than 0:4.18.0-80.4.2.rt9.152.el8_0" id="oval:com.redhat.rhsa:tst:20191480019" version="640">
 <red-def:object object_ref="oval:com.redhat.rhsa:obj:20191174010"/>
 <red-def:state state_ref="oval:com.redhat.rhsa:ste:20191480001"/>
</red-def:rpminfo_test>
<red-def:rpminfo_test check="at least one" comment="kernel-rt-modules is earlier than 0:4.18.0-80.4.2.rt9.152.el8_0" id="oval:com.redhat.rhsa:tst:20191480021" version="640">
 <red-def:object object_ref="oval:com.redhat.rhsa:obj:20191174011"/>
 <red-def:state state_ref="oval:com.redhat.rhsa:ste:20191480001"/>
</red-def:rpminfo_test>
<red-def:rpminfo_test check="at least one" comment="kernel-rt-modules-extra is earlier than 0:4.18.0-80.4.2.rt9.152.el8_0" id="oval:com.redhat.rhsa:tst:20191480023" version="640">
 <red-def:object object_ref="oval:com.redhat.rhsa:obj:20191174012"/>
 <red-def:state state_ref="oval:com.redhat.rhsa:ste:20191480001"/>
</red-def:rpminfo_test>
<red-def:rpminfo_test check="at least one" comment="gvfs is earlier than 0:1.36.2-2.el8_0.1" id="oval:com.redhat.rhsa:tst:20191517001" version="635">
 <red-def:object object_ref="oval:com.redhat.rhsa:obj:20191517001"/>
 <red-def:state state_ref="oval:com.redhat.rhsa:ste:20191517001"/>
</red-def:rpminfo_test>
<red-def:rpminfo_test check="at least one" comment="gvfs is signed with Red Hat redhatrelease2 key" id="oval:com.redhat.rhsa:tst:20191517002" version="635">
 <red-def:object object_ref="oval:com.redhat.rhsa:obj:20191517001"/>
 <red-def:state state_ref="oval:com.redhat.rhba:ste:20191992002"/>
</red-def:rpminfo_test>
<red-def:rpminfo_test check="at least one" comment="gvfs-afc is earlier than 0:1.36.2-2.el8_0.1" id="oval:com.redhat.rhsa:tst:20191517003" version="635">
 <red-def:object object_ref="oval:com.redhat.rhsa:obj:20191517002"/>
 <red-def:state state_ref="oval:com.redhat.rhsa:ste:20191517003"/>
</red-def:rpminfo_test>
<red-def:rpminfo_test check="at least one" comment="gvfs-afc is signed with Red Hat redhatrelease2 key" id="oval:com.redhat.rhsa:tst:20191517004" version="635">
 <red-def:object object_ref="oval:com.redhat.rhsa:obj:20191517002"/>
 <red-def:state state_ref="oval:com.redhat.rhba:ste:20191992002"/>
</red-def:rpminfo_test>
<red-def:rpminfo_test check="at least one" comment="gvfs-afp is earlier than 0:1.36.2-2.el8_0.1" id="oval:com.redhat.rhsa:tst:20191517005" version="635">
 <red-def:object object_ref="oval:com.redhat.rhsa:obj:20191517003"/>
 <red-def:state state_ref="oval:com.redhat.rhsa:ste:20191517003"/>
</red-def:rpminfo_test>
<red-def:rpminfo_test check="at least one" comment="gvfs-afp is signed with Red Hat redhatrelease2 key" id="oval:com.redhat.rhsa:tst:20191517006" version="635">
 <red-def:object object_ref="oval:com.redhat.rhsa:obj:20191517003"/>
 <red-def:state state_ref="oval:com.redhat.rhba:ste:20191992002"/>
</red-def:rpminfo_test>
<red-def:rpminfo_test check="at least one" comment="gvfs-archive is earlier than 0:1.36.2-2.el8_0.1" id="oval:com.redhat.rhsa:tst:20191517007" version="635">
 <red-def:object object_ref="oval:com.redhat.rhsa:obj:20191517004"/>
 <red-def:state state_ref="oval:com.redhat.rhsa:ste:20191517003"/>
</red-def:rpminfo_test>
<red-def:rpminfo_test check="at least one" comment="gvfs-archive is signed with Red Hat redhatrelease2 key" id="oval:com.redhat.rhsa:tst:20191517008" version="635">
 <red-def:object object_ref="oval:com.redhat.rhsa:obj:20191517004"/>
 <red-def:state state_ref="oval:com.redhat.rhba:ste:20191992002"/>
</red-def:rpminfo_test>
<red-def:rpminfo_test check="at least one" comment="gvfs-client is earlier than 0:1.36.2-2.el8_0.1" id="oval:com.redhat.rhsa:tst:20191517009" version="635">
 <red-def:object object_ref="oval:com.redhat.rhsa:obj:20191517005"/>
 <red-def:state state_ref="oval:com.redhat.rhsa:ste:20191517001"/>
</red-def:rpminfo_test>
<red-def:rpminfo_test check="at least one" comment="gvfs-client is signed with Red Hat redhatrelease2 key" id="oval:com.redhat.rhsa:tst:20191517010" version="635">
 <red-def:object object_ref="oval:com.redhat.rhsa:obj:20191517005"/>
 <red-def:state state_ref="oval:com.redhat.rhba:ste:20191992002"/>
</red-def:rpminfo_test>
<red-def:rpminfo_test check="at least one" comment="gvfs-devel is earlier than 0:1.36.2-2.el8_0.1" id="oval:com.redhat.rhsa:tst:20191517011" version="635">
 <red-def:object object_ref="oval:com.redhat.rhsa:obj:20191517006"/>
 <red-def:state state_ref="oval:com.redhat.rhsa:ste:20191517001"/>
</red-def:rpminfo_test>
<red-def:rpminfo_test check="at least one" comment="gvfs-devel is signed with Red Hat redhatrelease2 key" id="oval:com.redhat.rhsa:tst:20191517012" version="635">
 <red-def:object object_ref="oval:com.redhat.rhsa:obj:20191517006"/>
 <red-def:state state_ref="oval:com.redhat.rhba:ste:20191992002"/>
</red-def:rpminfo_test>
<red-def:rpminfo_test check="at least one" comment="gvfs-fuse is earlier than 0:1.36.2-2.el8_0.1" id="oval:com.redhat.rhsa:tst:20191517013" version="635">
 <red-def:object object_ref="oval:com.redhat.rhsa:obj:20191517007"/>
 <red-def:state state_ref="oval:com.redhat.rhsa:ste:20191517004"/>
</red-def:rpminfo_test>
<red-def:rpminfo_test check="at least one" comment="gvfs-fuse is signed with Red Hat redhatrelease2 key" id="oval:com.redhat.rhsa:tst:20191517014" version="635">
 <red-def:object object_ref="oval:com.redhat.rhsa:obj:20191517007"/>
 <red-def:state state_ref="oval:com.redhat.rhba:ste:20191992002"/>
</red-def:rpminfo_test>
<red-def:rpminfo_test check="at least one" comment="gvfs-goa is earlier than 0:1.36.2-2.el8_0.1" id="oval:com.redhat.rhsa:tst:20191517015" version="635">
 <red-def:object object_ref="oval:com.redhat.rhsa:obj:20191517008"/>
 <red-def:state state_ref="oval:com.redhat.rhsa:ste:20191517003"/>
</red-def:rpminfo_test>
<red-def:rpminfo_test check="at least one" comment="gvfs-goa is signed with Red Hat redhatrelease2 key" id="oval:com.redhat.rhsa:tst:20191517016" version="635">
 <red-def:object object_ref="oval:com.redhat.rhsa:obj:20191517008"/>
 <red-def:state state_ref="oval:com.redhat.rhba:ste:20191992002"/>
</red-def:rpminfo_test>
<red-def:rpminfo_test check="at least one" comment="gvfs-gphoto2 is earlier than 0:1.36.2-2.el8_0.1" id="oval:com.redhat.rhsa:tst:20191517017" version="635">
 <red-def:object object_ref="oval:com.redhat.rhsa:obj:20191517009"/>
 <red-def:state state_ref="oval:com.redhat.rhsa:ste:20191517004"/>
</red-def:rpminfo_test>
<red-def:rpminfo_test check="at least one" comment="gvfs-gphoto2 is signed with Red Hat redhatrelease2 key" id="oval:com.redhat.rhsa:tst:20191517018" version="635">
 <red-def:object object_ref="oval:com.redhat.rhsa:obj:20191517009"/>
 <red-def:state state_ref="oval:com.redhat.rhba:ste:20191992002"/>
</red-def:rpminfo_test>
<red-def:rpminfo_test check="at least one" comment="gvfs-mtp is earlier than 0:1.36.2-2.el8_0.1" id="oval:com.redhat.rhsa:tst:20191517019" version="635">
 <red-def:object object_ref="oval:com.redhat.rhsa:obj:20191517010"/>
 <red-def:state state_ref="oval:com.redhat.rhsa:ste:20191517004"/>
</red-def:rpminfo_test>
<red-def:rpminfo_test check="at least one" comment="gvfs-mtp is signed with Red Hat redhatrelease2 key" id="oval:com.redhat.rhsa:tst:20191517020" version="635">
 <red-def:object object_ref="oval:com.redhat.rhsa:obj:20191517010"/>
 <red-def:state state_ref="oval:com.redhat.rhba:ste:20191992002"/>
</red-def:rpminfo_test>
<red-def:rpminfo_test check="at least one" comment="gvfs-smb is earlier than 0:1.36.2-2.el8_0.1" id="oval:com.redhat.rhsa:tst:20191517021" version="635">
 <red-def:object object_ref="oval:com.redhat.rhsa:obj:20191517011"/>
 <red-def:state state_ref="oval:com.redhat.rhsa:ste:20191517004"/>
</red-def:rpminfo_test>
<red-def:rpminfo_test check="at least one" comment="gvfs-smb is signed with Red Hat redhatrelease2 key" id="oval:com.redhat.rhsa:tst:20191517022" version="635">
 <red-def:object object_ref="oval:com.redhat.rhsa:obj:20191517011"/>
 <red-def:state state_ref="oval:com.redhat.rhba:ste:20191992002"/>
</red-def:rpminfo_test>
<red-def:rpminfo_test check="at least one" comment="java-11-openjdk is earlier than 1:11.0.3.7-2.el8_0" id="oval:com.redhat.rhsa:tst:20191518001" version="636">
 <red-def:object object_ref="oval:com.redhat.rhsa:obj:20191518001"/>
 <red-def:state state_ref="oval:com.redhat.rhsa:ste:20191518001"/>
</red-def:rpminfo_test>
<red-def:rpminfo_test check="at least one" comment="java-11-openjdk is signed with Red Hat redhatrelease2 key" id="oval:com.redhat.rhsa:tst:20191518002" version="636">
 <red-def:object object_ref="oval:com.redhat.rhsa:obj:20191518001"/>
 <red-def:state state_ref="oval:com.redhat.rhba:ste:20191992002"/>
</red-def:rpminfo_test>
<red-def:rpminfo_test check="at least one" comment="java-11-openjdk-demo is earlier than 1:11.0.3.7-2.el8_0" id="oval:com.redhat.rhsa:tst:20191518003" version="636">
 <red-def:object object_ref="oval:com.redhat.rhsa:obj:20191518002"/>
 <red-def:state state_ref="oval:com.redhat.rhsa:ste:20191518001"/>
</red-def:rpminfo_test>
<red-def:rpminfo_test check="at least one" comment="java-11-openjdk-demo is signed with Red Hat redhatrelease2 key" id="oval:com.redhat.rhsa:tst:20191518004" version="636">
 <red-def:object object_ref="oval:com.redhat.rhsa:obj:20191518002"/>
 <red-def:state state_ref="oval:com.redhat.rhba:ste:20191992002"/>
</red-def:rpminfo_test>
<red-def:rpminfo_test check="at least one" comment="java-11-openjdk-devel is earlier than 1:11.0.3.7-2.el8_0" id="oval:com.redhat.rhsa:tst:20191518005" version="636">
 <red-def:object object_ref="oval:com.redhat.rhsa:obj:20191518003"/>
 <red-def:state state_ref="oval:com.redhat.rhsa:ste:20191518001"/>
</red-def:rpminfo_test>
<red-def:rpminfo_test check="at least one" comment="java-11-openjdk-devel is signed with Red Hat redhatrelease2 key" id="oval:com.redhat.rhsa:tst:20191518006" version="636">
 <red-def:object object_ref="oval:com.redhat.rhsa:obj:20191518003"/>
 <red-def:state state_ref="oval:com.redhat.rhba:ste:20191992002"/>
</red-def:rpminfo_test>
<red-def:rpminfo_test check="at least one" comment="java-11-openjdk-headless is earlier than 1:11.0.3.7-2.el8_0" id="oval:com.redhat.rhsa:tst:20191518007" version="636">
 <red-def:object object_ref="oval:com.redhat.rhsa:obj:20191518004"/>
 <red-def:state state_ref="oval:com.redhat.rhsa:ste:20191518001"/>
</red-def:rpminfo_test>
<red-def:rpminfo_test check="at least one" comment="java-11-openjdk-headless is signed with Red Hat redhatrelease2 key" id="oval:com.redhat.rhsa:tst:20191518008" version="636">
 <red-def:object object_ref="oval:com.redhat.rhsa:obj:20191518004"/>
 <red-def:state state_ref="oval:com.redhat.rhba:ste:20191992002"/>
</red-def:rpminfo_test>
<red-def:rpminfo_test check="at least one" comment="java-11-openjdk-javadoc is earlier than 1:11.0.3.7-2.el8_0" id="oval:com.redhat.rhsa:tst:20191518009" version="636">
 <red-def:object object_ref="oval:com.redhat.rhsa:obj:20191518005"/>
 <red-def:state state_ref="oval:com.redhat.rhsa:ste:20191518001"/>
</red-def:rpminfo_test>
<red-def:rpminfo_test check="at least one" comment="java-11-openjdk-javadoc is signed with Red Hat redhatrelease2 key" id="oval:com.redhat.rhsa:tst:20191518010" version="636">
 <red-def:object object_ref="oval:com.redhat.rhsa:obj:20191518005"/>
 <red-def:state state_ref="oval:com.redhat.rhba:ste:20191992002"/>
</red-def:rpminfo_test>
<red-def:rpminfo_test check="at least one" comment="java-11-openjdk-javadoc-zip is earlier than 1:11.0.3.7-2.el8_0" id="oval:com.redhat.rhsa:tst:20191518011" version="636">
 <red-def:object object_ref="oval:com.redhat.rhsa:obj:20191518006"/>
 <red-def:state state_ref="oval:com.redhat.rhsa:ste:20191518001"/>
</red-def:rpminfo_test>
<red-def:rpminfo_test check="at least one" comment="java-11-openjdk-javadoc-zip is signed with Red Hat redhatrelease2 key" id="oval:com.redhat.rhsa:tst:20191518012" version="636">
 <red-def:object object_ref="oval:com.redhat.rhsa:obj:20191518006"/>
 <red-def:state state_ref="oval:com.redhat.rhba:ste:20191992002"/>
</red-def:rpminfo_test>
<red-def:rpminfo_test check="at least one" comment="java-11-openjdk-jmods is earlier than 1:11.0.3.7-2.el8_0" id="oval:com.redhat.rhsa:tst:20191518013" version="636">
 <red-def:object object_ref="oval:com.redhat.rhsa:obj:20191518007"/>
 <red-def:state state_ref="oval:com.redhat.rhsa:ste:20191518001"/>
</red-def:rpminfo_test>
<red-def:rpminfo_test check="at least one" comment="java-11-openjdk-jmods is signed with Red Hat redhatrelease2 key" id="oval:com.redhat.rhsa:tst:20191518014" version="636">
 <red-def:object object_ref="oval:com.redhat.rhsa:obj:20191518007"/>
 <red-def:state state_ref="oval:com.redhat.rhba:ste:20191992002"/>
</red-def:rpminfo_test>
<red-def:rpminfo_test check="at least one" comment="java-11-openjdk-src is earlier than 1:11.0.3.7-2.el8_0" id="oval:com.redhat.rhsa:tst:20191518015" version="636">
 <red-def:object object_ref="oval:com.redhat.rhsa:obj:20191518008"/>
 <red-def:state state_ref="oval:com.redhat.rhsa:ste:20191518001"/>
</red-def:rpminfo_test>
<red-def:rpminfo_test check="at least one" comment="java-11-openjdk-src is signed with Red Hat redhatrelease2 key" id="oval:com.redhat.rhsa:tst:20191518016" version="636">
 <red-def:object object_ref="oval:com.redhat.rhsa:obj:20191518008"/>
 <red-def:state state_ref="oval:com.redhat.rhba:ste:20191992002"/>
</red-def:rpminfo_test>
<red-def:rpminfo_test check="at least one" comment="go-toolset is earlier than 0:1.11.5-2.module+el8.0.0+3175+261ae921" id="oval:com.redhat.rhsa:tst:20191519001" version="637">
 <red-def:object object_ref="oval:com.redhat.rhba:obj:20236928002"/>
 <red-def:state state_ref="oval:com.redhat.rhsa:ste:20191519001"/>
</red-def:rpminfo_test>
<red-def:rpminfo_test check="at least one" comment="golang is earlier than 0:1.11.5-2.module+el8.0.0+3175+261ae921" id="oval:com.redhat.rhsa:tst:20191519003" version="637">
 <red-def:object object_ref="oval:com.redhat.rhba:obj:20236928003"/>
 <red-def:state state_ref="oval:com.redhat.rhsa:ste:20191519001"/>
</red-def:rpminfo_test>
<red-def:rpminfo_test check="at least one" comment="golang-bin is earlier than 0:1.11.5-2.module+el8.0.0+3175+261ae921" id="oval:com.redhat.rhsa:tst:20191519005" version="637">
 <red-def:object object_ref="oval:com.redhat.rhba:obj:20236928004"/>
 <red-def:state state_ref="oval:com.redhat.rhsa:ste:20191519001"/>
</red-def:rpminfo_test>
<red-def:rpminfo_test check="at least one" comment="golang-docs is earlier than 0:1.11.5-2.module+el8.0.0+3175+261ae921" id="oval:com.redhat.rhsa:tst:20191519007" version="637">
 <red-def:object object_ref="oval:com.redhat.rhba:obj:20236928005"/>
 <red-def:state state_ref="oval:com.redhat.rhsa:ste:20191519003"/>
</red-def:rpminfo_test>
<red-def:rpminfo_test check="at least one" comment="golang-misc is earlier than 0:1.11.5-2.module+el8.0.0+3175+261ae921" id="oval:com.redhat.rhsa:tst:20191519009" version="637">
 <red-def:object object_ref="oval:com.redhat.rhba:obj:20236928006"/>
 <red-def:state state_ref="oval:com.redhat.rhsa:ste:20191519003"/>
</red-def:rpminfo_test>
<red-def:rpminfo_test check="at least one" comment="golang-race is earlier than 0:1.11.5-2.module+el8.0.0+3175+261ae921" id="oval:com.redhat.rhsa:tst:20191519011" version="637">
 <red-def:object object_ref="oval:com.redhat.rhsa:obj:20191519006"/>
 <red-def:state state_ref="oval:com.redhat.rhsa:ste:20191519004"/>
</red-def:rpminfo_test>
<red-def:rpminfo_test check="at least one" comment="golang-race is signed with Red Hat redhatrelease2 key" id="oval:com.redhat.rhsa:tst:20191519012" version="637">
 <red-def:object object_ref="oval:com.redhat.rhsa:obj:20191519006"/>
 <red-def:state state_ref="oval:com.redhat.rhba:ste:20191992002"/>
</red-def:rpminfo_test>
<red-def:rpminfo_test check="at least one" comment="golang-src is earlier than 0:1.11.5-2.module+el8.0.0+3175+261ae921" id="oval:com.redhat.rhsa:tst:20191519013" version="637">
 <red-def:object object_ref="oval:com.redhat.rhba:obj:20236928007"/>
 <red-def:state state_ref="oval:com.redhat.rhsa:ste:20191519003"/>
</red-def:rpminfo_test>
<red-def:rpminfo_test check="at least one" comment="golang-tests is earlier than 0:1.11.5-2.module+el8.0.0+3175+261ae921" id="oval:com.redhat.rhsa:tst:20191519015" version="637">
 <red-def:object object_ref="oval:com.redhat.rhba:obj:20236928008"/>
 <red-def:state state_ref="oval:com.redhat.rhsa:ste:20191519003"/>
</red-def:rpminfo_test>
<red-def:rpminfo_test check="at least one" comment="WALinuxAgent is earlier than 0:2.2.32-1.el8_0.1" id="oval:com.redhat.rhsa:tst:20191527001" version="635">
 <red-def:object object_ref="oval:com.redhat.rhsa:obj:20191527001"/>
 <red-def:state state_ref="oval:com.redhat.rhsa:ste:20191527001"/>
</red-def:rpminfo_test>
<red-def:rpminfo_test check="at least one" comment="WALinuxAgent is signed with Red Hat redhatrelease2 key" id="oval:com.redhat.rhsa:tst:20191527002" version="635">
 <red-def:object object_ref="oval:com.redhat.rhsa:obj:20191527001"/>
 <red-def:state state_ref="oval:com.redhat.rhba:ste:20191992002"/>
</red-def:rpminfo_test>
<red-def:rpminfo_test check="at least one" comment="apache-commons-collections is earlier than 0:3.2.2-10.module+el8.0.0+3248+9d514f3b" id="oval:com.redhat.rhsa:tst:20191529001" version="635">
 <red-def:object object_ref="oval:com.redhat.rhba:obj:20193416001"/>
 <red-def:state state_ref="oval:com.redhat.rhsa:ste:20191529001"/>
</red-def:rpminfo_test>
<red-def:rpminfo_test check="at least one" comment="apache-commons-lang is earlier than 0:2.6-21.module+el8.0.0+3248+9d514f3b" id="oval:com.redhat.rhsa:tst:20191529003" version="635">
 <red-def:object object_ref="oval:com.redhat.rhba:obj:20193416002"/>
 <red-def:state state_ref="oval:com.redhat.rhsa:ste:20191529003"/>
</red-def:rpminfo_test>
<red-def:rpminfo_test check="at least one" comment="bea-stax-api is earlier than 0:1.2.0-16.module+el8.0.0+3248+9d514f3b" id="oval:com.redhat.rhsa:tst:20191529005" version="635">
 <red-def:object object_ref="oval:com.redhat.rhba:obj:20193416003"/>
 <red-def:state state_ref="oval:com.redhat.rhsa:ste:20191529004"/>
</red-def:rpminfo_test>
<red-def:rpminfo_test check="at least one" comment="glassfish-fastinfoset is earlier than 0:1.2.13-9.module+el8.0.0+3248+9d514f3b" id="oval:com.redhat.rhsa:tst:20191529007" version="635">
 <red-def:object object_ref="oval:com.redhat.rhba:obj:20193416004"/>
 <red-def:state state_ref="oval:com.redhat.rhsa:ste:20191529005"/>
</red-def:rpminfo_test>
<red-def:rpminfo_test check="at least one" comment="glassfish-jaxb-api is earlier than 0:2.2.12-8.module+el8.0.0+3248+9d514f3b" id="oval:com.redhat.rhsa:tst:20191529009" version="635">
 <red-def:object object_ref="oval:com.redhat.rhba:obj:20193416005"/>
 <red-def:state state_ref="oval:com.redhat.rhsa:ste:20191529006"/>
</red-def:rpminfo_test>
<red-def:rpminfo_test check="at least one" comment="glassfish-jaxb-core is earlier than 0:2.2.11-11.module+el8.0.0+3248+9d514f3b" id="oval:com.redhat.rhsa:tst:20191529011" version="635">
 <red-def:object object_ref="oval:com.redhat.rhba:obj:20193416006"/>
 <red-def:state state_ref="oval:com.redhat.rhsa:ste:20191529007"/>
</red-def:rpminfo_test>
<red-def:rpminfo_test check="at least one" comment="glassfish-jaxb-runtime is earlier than 0:2.2.11-11.module+el8.0.0+3248+9d514f3b" id="oval:com.redhat.rhsa:tst:20191529013" version="635">
 <red-def:object object_ref="oval:com.redhat.rhba:obj:20193416007"/>
 <red-def:state state_ref="oval:com.redhat.rhsa:ste:20191529007"/>
</red-def:rpminfo_test>
<red-def:rpminfo_test check="at least one" comment="glassfish-jaxb-txw2 is earlier than 0:2.2.11-11.module+el8.0.0+3248+9d514f3b" id="oval:com.redhat.rhsa:tst:20191529015" version="635">
 <red-def:object object_ref="oval:com.redhat.rhba:obj:20193416008"/>
 <red-def:state state_ref="oval:com.redhat.rhsa:ste:20191529007"/>
</red-def:rpminfo_test>
<red-def:rpminfo_test check="at least one" comment="jackson-annotations is earlier than 0:2.9.8-1.module+el8.0.0+3248+9d514f3b" id="oval:com.redhat.rhsa:tst:20191529017" version="635">
 <red-def:object object_ref="oval:com.redhat.rhba:obj:20193416009"/>
 <red-def:state state_ref="oval:com.redhat.rhsa:ste:20191529008"/>
</red-def:rpminfo_test>
<red-def:rpminfo_test check="at least one" comment="jackson-core is earlier than 0:2.9.8-1.module+el8.0.0+3248+9d514f3b" id="oval:com.redhat.rhsa:tst:20191529019" version="635">
 <red-def:object object_ref="oval:com.redhat.rhba:obj:20193416010"/>
 <red-def:state state_ref="oval:com.redhat.rhsa:ste:20191529008"/>
</red-def:rpminfo_test>
<red-def:rpminfo_test check="at least one" comment="jackson-databind is earlier than 0:2.9.8-1.module+el8.0.0+3248+9d514f3b" id="oval:com.redhat.rhsa:tst:20191529021" version="635">
 <red-def:object object_ref="oval:com.redhat.rhba:obj:20193416011"/>
 <red-def:state state_ref="oval:com.redhat.rhsa:ste:20191529008"/>
</red-def:rpminfo_test>
<red-def:rpminfo_test check="at least one" comment="jackson-jaxrs-json-provider is earlier than 0:2.9.8-1.module+el8.0.0+3248+9d514f3b" id="oval:com.redhat.rhsa:tst:20191529023" version="635">
 <red-def:object object_ref="oval:com.redhat.rhba:obj:20193416012"/>
 <red-def:state state_ref="oval:com.redhat.rhsa:ste:20191529008"/>
</red-def:rpminfo_test>
<red-def:rpminfo_test check="at least one" comment="jackson-jaxrs-providers is earlier than 0:2.9.8-1.module+el8.0.0+3248+9d514f3b" id="oval:com.redhat.rhsa:tst:20191529025" version="635">
 <red-def:object object_ref="oval:com.redhat.rhba:obj:20193416013"/>
 <red-def:state state_ref="oval:com.redhat.rhsa:ste:20191529008"/>
</red-def:rpminfo_test>
<red-def:rpminfo_test check="at least one" comment="jackson-module-jaxb-annotations is earlier than 0:2.7.6-4.module+el8.0.0+3248+9d514f3b" id="oval:com.redhat.rhsa:tst:20191529027" version="635">
 <red-def:object object_ref="oval:com.redhat.rhba:obj:20193416014"/>
 <red-def:state state_ref="oval:com.redhat.rhsa:ste:20191529009"/>
</red-def:rpminfo_test>
<red-def:rpminfo_test check="at least one" comment="jakarta-commons-httpclient is earlier than 1:3.1-28.module+el8.0.0+3248+9d514f3b" id="oval:com.redhat.rhsa:tst:20191529029" version="635">
 <red-def:object object_ref="oval:com.redhat.rhba:obj:20193416015"/>
 <red-def:state state_ref="oval:com.redhat.rhsa:ste:20191529010"/>
</red-def:rpminfo_test>
<red-def:rpminfo_test check="at least one" comment="javassist is earlier than 0:3.18.1-8.module+el8.0.0+3248+9d514f3b" id="oval:com.redhat.rhsa:tst:20191529031" version="635">
 <red-def:object object_ref="oval:com.redhat.rhba:obj:20193416016"/>
 <red-def:state state_ref="oval:com.redhat.rhsa:ste:20191529011"/>
</red-def:rpminfo_test>
<red-def:rpminfo_test check="at least one" comment="javassist-javadoc is earlier than 0:3.18.1-8.module+el8.0.0+3248+9d514f3b" id="oval:com.redhat.rhsa:tst:20191529033" version="635">
 <red-def:object object_ref="oval:com.redhat.rhba:obj:20193416017"/>
 <red-def:state state_ref="oval:com.redhat.rhsa:ste:20191529011"/>
</red-def:rpminfo_test>
<red-def:rpminfo_test check="at least one" comment="pki-servlet-4.0-api is earlier than 1:9.0.7-14.module+el8.0.0+3248+9d514f3b" id="oval:com.redhat.rhsa:tst:20191529035" version="635">
 <red-def:object object_ref="oval:com.redhat.rhba:obj:20193416018"/>
 <red-def:state state_ref="oval:com.redhat.rhsa:ste:20191529012"/>
</red-def:rpminfo_test>
<red-def:rpminfo_test check="at least one" comment="pki-servlet-container is earlier than 1:9.0.7-14.module+el8.0.0+3248+9d514f3b" id="oval:com.redhat.rhsa:tst:20191529037" version="635">
 <red-def:object object_ref="oval:com.redhat.rhsa:obj:20191529019"/>
 <red-def:state state_ref="oval:com.redhat.rhsa:ste:20191529012"/>
</red-def:rpminfo_test>
<red-def:rpminfo_test check="at least one" comment="pki-servlet-container is signed with Red Hat redhatrelease2 key" id="oval:com.redhat.rhsa:tst:20191529038" version="635">
 <red-def:object object_ref="oval:com.redhat.rhsa:obj:20191529019"/>
 <red-def:state state_ref="oval:com.redhat.rhba:ste:20191992002"/>
</red-def:rpminfo_test>
<red-def:rpminfo_test check="at least one" comment="python-nss-doc is earlier than 0:1.0.1-10.module+el8.0.0+3248+9d514f3b" id="oval:com.redhat.rhsa:tst:20191529039" version="635">
 <red-def:object object_ref="oval:com.redhat.rhba:obj:20193416020"/>
 <red-def:state state_ref="oval:com.redhat.rhsa:ste:20191529013"/>
</red-def:rpminfo_test>
<red-def:rpminfo_test check="at least one" comment="python3-nss is earlier than 0:1.0.1-10.module+el8.0.0+3248+9d514f3b" id="oval:com.redhat.rhsa:tst:20191529041" version="635">
 <red-def:object object_ref="oval:com.redhat.rhba:obj:20193416021"/>
 <red-def:state state_ref="oval:com.redhat.rhsa:ste:20191529013"/>
</red-def:rpminfo_test>
<red-def:rpminfo_test check="at least one" comment="relaxngDatatype is earlier than 0:2011.1-7.module+el8.0.0+3248+9d514f3b" id="oval:com.redhat.rhsa:tst:20191529043" version="635">
 <red-def:object object_ref="oval:com.redhat.rhba:obj:20193416022"/>
 <red-def:state state_ref="oval:com.redhat.rhsa:ste:20191529014"/>
</red-def:rpminfo_test>
<red-def:rpminfo_test check="at least one" comment="resteasy is earlier than 0:3.0.26-3.module+el8.0.0+3248+9d514f3b" id="oval:com.redhat.rhsa:tst:20191529045" version="635">
 <red-def:object object_ref="oval:com.redhat.rhba:obj:20193416023"/>
 <red-def:state state_ref="oval:com.redhat.rhsa:ste:20191529015"/>
</red-def:rpminfo_test>
<red-def:rpminfo_test check="at least one" comment="slf4j is earlier than 0:1.7.25-4.module+el8.0.0+3248+9d514f3b" id="oval:com.redhat.rhsa:tst:20191529047" version="635">
 <red-def:object object_ref="oval:com.redhat.rhba:obj:20193416024"/>
 <red-def:state state_ref="oval:com.redhat.rhsa:ste:20191529016"/>
</red-def:rpminfo_test>
<red-def:rpminfo_test check="at least one" comment="slf4j-jdk14 is earlier than 0:1.7.25-4.module+el8.0.0+3248+9d514f3b" id="oval:com.redhat.rhsa:tst:20191529049" version="635">
 <red-def:object object_ref="oval:com.redhat.rhba:obj:20193416025"/>
 <red-def:state state_ref="oval:com.redhat.rhsa:ste:20191529016"/>
</red-def:rpminfo_test>
<red-def:rpminfo_test check="at least one" comment="stax-ex is earlier than 0:1.7.7-8.module+el8.0.0+3248+9d514f3b" id="oval:com.redhat.rhsa:tst:20191529051" version="635">
 <red-def:object object_ref="oval:com.redhat.rhba:obj:20193416026"/>
 <red-def:state state_ref="oval:com.redhat.rhsa:ste:20191529017"/>
</red-def:rpminfo_test>
<red-def:rpminfo_test check="at least one" comment="velocity is earlier than 0:1.7-24.module+el8.0.0+3248+9d514f3b" id="oval:com.redhat.rhsa:tst:20191529053" version="635">
 <red-def:object object_ref="oval:com.redhat.rhba:obj:20193416027"/>
 <red-def:state state_ref="oval:com.redhat.rhsa:ste:20191529018"/>
</red-def:rpminfo_test>
<red-def:rpminfo_test check="at least one" comment="xalan-j2 is earlier than 0:2.7.1-38.module+el8.0.0+3248+9d514f3b" id="oval:com.redhat.rhsa:tst:20191529055" version="635">
 <red-def:object object_ref="oval:com.redhat.rhba:obj:20193416028"/>
 <red-def:state state_ref="oval:com.redhat.rhsa:ste:20191529019"/>
</red-def:rpminfo_test>
<red-def:rpminfo_test check="at least one" comment="xerces-j2 is earlier than 0:2.11.0-34.module+el8.0.0+3248+9d514f3b" id="oval:com.redhat.rhsa:tst:20191529057" version="635">
 <red-def:object object_ref="oval:com.redhat.rhba:obj:20193416029"/>
 <red-def:state state_ref="oval:com.redhat.rhsa:ste:20191529020"/>
</red-def:rpminfo_test>
<red-def:rpminfo_test check="at least one" comment="xml-commons-apis is earlier than 0:1.4.01-25.module+el8.0.0+3248+9d514f3b" id="oval:com.redhat.rhsa:tst:20191529059" version="635">
 <red-def:object object_ref="oval:com.redhat.rhba:obj:20193416030"/>
 <red-def:state state_ref="oval:com.redhat.rhsa:ste:20191529021"/>
</red-def:rpminfo_test>
<red-def:rpminfo_test check="at least one" comment="xml-commons-resolver is earlier than 0:1.2-26.module+el8.0.0+3248+9d514f3b" id="oval:com.redhat.rhsa:tst:20191529061" version="635">
 <red-def:object object_ref="oval:com.redhat.rhba:obj:20193416031"/>
 <red-def:state state_ref="oval:com.redhat.rhsa:ste:20191529022"/>
</red-def:rpminfo_test>
<red-def:rpminfo_test check="at least one" comment="xmlstreambuffer is earlier than 0:1.5.4-8.module+el8.0.0+3248+9d514f3b" id="oval:com.redhat.rhsa:tst:20191529063" version="635">
 <red-def:object object_ref="oval:com.redhat.rhba:obj:20193416032"/>
 <red-def:state state_ref="oval:com.redhat.rhsa:ste:20191529023"/>
</red-def:rpminfo_test>
<red-def:rpminfo_test check="at least one" comment="xsom is earlier than 0:0-19.20110809svn.module+el8.0.0+3248+9d514f3b" id="oval:com.redhat.rhsa:tst:20191529065" version="635">
 <red-def:object object_ref="oval:com.redhat.rhba:obj:20193416033"/>
 <red-def:state state_ref="oval:com.redhat.rhsa:ste:20191529024"/>
</red-def:rpminfo_test>
<red-def:rpminfo_test check="at least one" comment="SLOF is earlier than 0:20171214-5.gitfa98132.module+el8.0.0.z+3418+a72cf898" id="oval:com.redhat.rhsa:tst:20191580001" version="636">
 <red-def:object object_ref="oval:com.redhat.rhba:obj:20192715001"/>
 <red-def:state state_ref="oval:com.redhat.rhsa:ste:20191580001"/>
</red-def:rpminfo_test>
<red-def:rpminfo_test check="at least one" comment="hivex is earlier than 0:1.3.15-6.module+el8.0.0.z+3418+a72cf898" id="oval:com.redhat.rhsa:tst:20191580003" version="636">
 <red-def:object object_ref="oval:com.redhat.rhba:obj:20192715002"/>
 <red-def:state state_ref="oval:com.redhat.rhsa:ste:20191580003"/>
</red-def:rpminfo_test>
<red-def:rpminfo_test check="at least one" comment="hivex-devel is earlier than 0:1.3.15-6.module+el8.0.0.z+3418+a72cf898" id="oval:com.redhat.rhsa:tst:20191580005" version="636">
 <red-def:object object_ref="oval:com.redhat.rhba:obj:20192715003"/>
 <red-def:state state_ref="oval:com.redhat.rhsa:ste:20191580003"/>
</red-def:rpminfo_test>
<red-def:rpminfo_test check="at least one" comment="libguestfs is earlier than 1:1.38.4-10.1.module+el8.0.0.z+3418+a72cf898" id="oval:com.redhat.rhsa:tst:20191580007" version="636">
 <red-def:object object_ref="oval:com.redhat.rhba:obj:20192715004"/>
 <red-def:state state_ref="oval:com.redhat.rhsa:ste:20191580004"/>
</red-def:rpminfo_test>
<red-def:rpminfo_test check="at least one" comment="libguestfs-bash-completion is earlier than 1:1.38.4-10.1.module+el8.0.0.z+3418+a72cf898" id="oval:com.redhat.rhsa:tst:20191580009" version="636">
 <red-def:object object_ref="oval:com.redhat.rhba:obj:20192715005"/>
 <red-def:state state_ref="oval:com.redhat.rhsa:ste:20191580005"/>
</red-def:rpminfo_test>
<red-def:rpminfo_test check="at least one" comment="libguestfs-benchmarking is earlier than 1:1.38.4-10.1.module+el8.0.0.z+3418+a72cf898" id="oval:com.redhat.rhsa:tst:20191580011" version="636">
 <red-def:object object_ref="oval:com.redhat.rhba:obj:20192715006"/>
 <red-def:state state_ref="oval:com.redhat.rhsa:ste:20191580006"/>
</red-def:rpminfo_test>
<red-def:rpminfo_test check="at least one" comment="libguestfs-devel is earlier than 1:1.38.4-10.1.module+el8.0.0.z+3418+a72cf898" id="oval:com.redhat.rhsa:tst:20191580013" version="636">
 <red-def:object object_ref="oval:com.redhat.rhba:obj:20192715007"/>
 <red-def:state state_ref="oval:com.redhat.rhsa:ste:20191580004"/>
</red-def:rpminfo_test>
<red-def:rpminfo_test check="at least one" comment="libguestfs-gfs2 is earlier than 1:1.38.4-10.1.module+el8.0.0.z+3418+a72cf898" id="oval:com.redhat.rhsa:tst:20191580015" version="636">
 <red-def:object object_ref="oval:com.redhat.rhba:obj:20192715008"/>
 <red-def:state state_ref="oval:com.redhat.rhsa:ste:20191580004"/>
</red-def:rpminfo_test>
<red-def:rpminfo_test check="at least one" comment="libguestfs-gobject is earlier than 1:1.38.4-10.1.module+el8.0.0.z+3418+a72cf898" id="oval:com.redhat.rhsa:tst:20191580017" version="636">
 <red-def:object object_ref="oval:com.redhat.rhba:obj:20192715009"/>
 <red-def:state state_ref="oval:com.redhat.rhsa:ste:20191580004"/>
</red-def:rpminfo_test>
<red-def:rpminfo_test check="at least one" comment="libguestfs-gobject-devel is earlier than 1:1.38.4-10.1.module+el8.0.0.z+3418+a72cf898" id="oval:com.redhat.rhsa:tst:20191580019" version="636">
 <red-def:object object_ref="oval:com.redhat.rhba:obj:20192715010"/>
 <red-def:state state_ref="oval:com.redhat.rhsa:ste:20191580004"/>
</red-def:rpminfo_test>
<red-def:rpminfo_test check="at least one" comment="libguestfs-inspect-icons is earlier than 1:1.38.4-10.1.module+el8.0.0.z+3418+a72cf898" id="oval:com.redhat.rhsa:tst:20191580021" version="636">
 <red-def:object object_ref="oval:com.redhat.rhba:obj:20192715011"/>
 <red-def:state state_ref="oval:com.redhat.rhsa:ste:20191580005"/>
</red-def:rpminfo_test>
<red-def:rpminfo_test check="at least one" comment="libguestfs-java is earlier than 1:1.38.4-10.1.module+el8.0.0.z+3418+a72cf898" id="oval:com.redhat.rhsa:tst:20191580023" version="636">
 <red-def:object object_ref="oval:com.redhat.rhba:obj:20192715012"/>
 <red-def:state state_ref="oval:com.redhat.rhsa:ste:20191580004"/>
</red-def:rpminfo_test>
<red-def:rpminfo_test check="at least one" comment="libguestfs-java-devel is earlier than 1:1.38.4-10.1.module+el8.0.0.z+3418+a72cf898" id="oval:com.redhat.rhsa:tst:20191580025" version="636">
 <red-def:object object_ref="oval:com.redhat.rhba:obj:20192715013"/>
 <red-def:state state_ref="oval:com.redhat.rhsa:ste:20191580004"/>
</red-def:rpminfo_test>
<red-def:rpminfo_test check="at least one" comment="libguestfs-javadoc is earlier than 1:1.38.4-10.1.module+el8.0.0.z+3418+a72cf898" id="oval:com.redhat.rhsa:tst:20191580027" version="636">
 <red-def:object object_ref="oval:com.redhat.rhba:obj:20192715014"/>
 <red-def:state state_ref="oval:com.redhat.rhsa:ste:20191580005"/>
</red-def:rpminfo_test>
<red-def:rpminfo_test check="at least one" comment="libguestfs-man-pages-ja is earlier than 1:1.38.4-10.1.module+el8.0.0.z+3418+a72cf898" id="oval:com.redhat.rhsa:tst:20191580029" version="636">
 <red-def:object object_ref="oval:com.redhat.rhba:obj:20192715015"/>
 <red-def:state state_ref="oval:com.redhat.rhsa:ste:20191580005"/>
</red-def:rpminfo_test>
<red-def:rpminfo_test check="at least one" comment="libguestfs-man-pages-uk is earlier than 1:1.38.4-10.1.module+el8.0.0.z+3418+a72cf898" id="oval:com.redhat.rhsa:tst:20191580031" version="636">
 <red-def:object object_ref="oval:com.redhat.rhba:obj:20192715016"/>
 <red-def:state state_ref="oval:com.redhat.rhsa:ste:20191580005"/>
</red-def:rpminfo_test>
<red-def:rpminfo_test check="at least one" comment="libguestfs-rescue is earlier than 1:1.38.4-10.1.module+el8.0.0.z+3418+a72cf898" id="oval:com.redhat.rhsa:tst:20191580033" version="636">
 <red-def:object object_ref="oval:com.redhat.rhba:obj:20192715017"/>
 <red-def:state state_ref="oval:com.redhat.rhsa:ste:20191580004"/>
</red-def:rpminfo_test>
<red-def:rpminfo_test check="at least one" comment="libguestfs-rsync is earlier than 1:1.38.4-10.1.module+el8.0.0.z+3418+a72cf898" id="oval:com.redhat.rhsa:tst:20191580035" version="636">
 <red-def:object object_ref="oval:com.redhat.rhba:obj:20192715018"/>
 <red-def:state state_ref="oval:com.redhat.rhsa:ste:20191580004"/>
</red-def:rpminfo_test>
<red-def:rpminfo_test check="at least one" comment="libguestfs-tools is earlier than 1:1.38.4-10.1.module+el8.0.0.z+3418+a72cf898" id="oval:com.redhat.rhsa:tst:20191580037" version="636">
 <red-def:object object_ref="oval:com.redhat.rhba:obj:20192715019"/>
 <red-def:state state_ref="oval:com.redhat.rhsa:ste:20191580005"/>
</red-def:rpminfo_test>
<red-def:rpminfo_test check="at least one" comment="libguestfs-tools-c is earlier than 1:1.38.4-10.1.module+el8.0.0.z+3418+a72cf898" id="oval:com.redhat.rhsa:tst:20191580039" version="636">
 <red-def:object object_ref="oval:com.redhat.rhba:obj:20192715020"/>
 <red-def:state state_ref="oval:com.redhat.rhsa:ste:20191580004"/>
</red-def:rpminfo_test>
<red-def:rpminfo_test check="at least one" comment="libguestfs-winsupport is earlier than 0:8.0-2.module+el8.0.0.z+3418+a72cf898" id="oval:com.redhat.rhsa:tst:20191580041" version="636">
 <red-def:object object_ref="oval:com.redhat.rhba:obj:20192715021"/>
 <red-def:state state_ref="oval:com.redhat.rhsa:ste:20191580007"/>
</red-def:rpminfo_test>
<red-def:rpminfo_test check="at least one" comment="libguestfs-xfs is earlier than 1:1.38.4-10.1.module+el8.0.0.z+3418+a72cf898" id="oval:com.redhat.rhsa:tst:20191580043" version="636">
 <red-def:object object_ref="oval:com.redhat.rhba:obj:20192715022"/>
 <red-def:state state_ref="oval:com.redhat.rhsa:ste:20191580004"/>
</red-def:rpminfo_test>
<red-def:rpminfo_test check="at least one" comment="libiscsi is earlier than 0:1.18.0-6.module+el8.0.0.z+3418+a72cf898" id="oval:com.redhat.rhsa:tst:20191580045" version="636">
 <red-def:object object_ref="oval:com.redhat.rhba:obj:20192715023"/>
 <red-def:state state_ref="oval:com.redhat.rhsa:ste:20191580008"/>
</red-def:rpminfo_test>
<red-def:rpminfo_test check="at least one" comment="libiscsi-devel is earlier than 0:1.18.0-6.module+el8.0.0.z+3418+a72cf898" id="oval:com.redhat.rhsa:tst:20191580047" version="636">
 <red-def:object object_ref="oval:com.redhat.rhba:obj:20192715024"/>
 <red-def:state state_ref="oval:com.redhat.rhsa:ste:20191580008"/>
</red-def:rpminfo_test>
<red-def:rpminfo_test check="at least one" comment="libiscsi-utils is earlier than 0:1.18.0-6.module+el8.0.0.z+3418+a72cf898" id="oval:com.redhat.rhsa:tst:20191580049" version="636">
 <red-def:object object_ref="oval:com.redhat.rhba:obj:20192715025"/>
 <red-def:state state_ref="oval:com.redhat.rhsa:ste:20191580008"/>
</red-def:rpminfo_test>
<red-def:rpminfo_test check="at least one" comment="libssh2 is earlier than 0:1.8.0-7.module+el8.0.0.z+3418+a72cf898.1" id="oval:com.redhat.rhsa:tst:20191580051" version="636">
 <red-def:object object_ref="oval:com.redhat.rhba:obj:20192715026"/>
 <red-def:state state_ref="oval:com.redhat.rhsa:ste:20191580009"/>
</red-def:rpminfo_test>
<red-def:rpminfo_test check="at least one" comment="libvirt is earlier than 0:4.5.0-23.3.module+el8.0.0.z+3418+a72cf898" id="oval:com.redhat.rhsa:tst:20191580053" version="636">
 <red-def:object object_ref="oval:com.redhat.rhba:obj:20192715027"/>
 <red-def:state state_ref="oval:com.redhat.rhsa:ste:20191580010"/>
</red-def:rpminfo_test>
<red-def:rpminfo_test check="at least one" comment="libvirt-admin is earlier than 0:4.5.0-23.3.module+el8.0.0.z+3418+a72cf898" id="oval:com.redhat.rhsa:tst:20191580055" version="636">
 <red-def:object object_ref="oval:com.redhat.rhba:obj:20192715028"/>
 <red-def:state state_ref="oval:com.redhat.rhsa:ste:20191580010"/>
</red-def:rpminfo_test>
<red-def:rpminfo_test check="at least one" comment="libvirt-bash-completion is earlier than 0:4.5.0-23.3.module+el8.0.0.z+3418+a72cf898" id="oval:com.redhat.rhsa:tst:20191580057" version="636">
 <red-def:object object_ref="oval:com.redhat.rhba:obj:20192715029"/>
 <red-def:state state_ref="oval:com.redhat.rhsa:ste:20191580010"/>
</red-def:rpminfo_test>
<red-def:rpminfo_test check="at least one" comment="libvirt-client is earlier than 0:4.5.0-23.3.module+el8.0.0.z+3418+a72cf898" id="oval:com.redhat.rhsa:tst:20191580059" version="636">
 <red-def:object object_ref="oval:com.redhat.rhba:obj:20192715030"/>
 <red-def:state state_ref="oval:com.redhat.rhsa:ste:20191580010"/>
</red-def:rpminfo_test>
<red-def:rpminfo_test check="at least one" comment="libvirt-daemon is earlier than 0:4.5.0-23.3.module+el8.0.0.z+3418+a72cf898" id="oval:com.redhat.rhsa:tst:20191580061" version="636">
 <red-def:object object_ref="oval:com.redhat.rhba:obj:20192715031"/>
 <red-def:state state_ref="oval:com.redhat.rhsa:ste:20191580010"/>
</red-def:rpminfo_test>
<red-def:rpminfo_test check="at least one" comment="libvirt-daemon-config-network is earlier than 0:4.5.0-23.3.module+el8.0.0.z+3418+a72cf898" id="oval:com.redhat.rhsa:tst:20191580063" version="636">
 <red-def:object object_ref="oval:com.redhat.rhba:obj:20192715032"/>
 <red-def:state state_ref="oval:com.redhat.rhsa:ste:20191580010"/>
</red-def:rpminfo_test>
<red-def:rpminfo_test check="at least one" comment="libvirt-daemon-config-nwfilter is earlier than 0:4.5.0-23.3.module+el8.0.0.z+3418+a72cf898" id="oval:com.redhat.rhsa:tst:20191580065" version="636">
 <red-def:object object_ref="oval:com.redhat.rhba:obj:20192715033"/>
 <red-def:state state_ref="oval:com.redhat.rhsa:ste:20191580010"/>
</red-def:rpminfo_test>
<red-def:rpminfo_test check="at least one" comment="libvirt-daemon-driver-interface is earlier than 0:4.5.0-23.3.module+el8.0.0.z+3418+a72cf898" id="oval:com.redhat.rhsa:tst:20191580067" version="636">
 <red-def:object object_ref="oval:com.redhat.rhba:obj:20192715034"/>
 <red-def:state state_ref="oval:com.redhat.rhsa:ste:20191580010"/>
</red-def:rpminfo_test>
<red-def:rpminfo_test check="at least one" comment="libvirt-daemon-driver-network is earlier than 0:4.5.0-23.3.module+el8.0.0.z+3418+a72cf898" id="oval:com.redhat.rhsa:tst:20191580069" version="636">
 <red-def:object object_ref="oval:com.redhat.rhba:obj:20192715035"/>
 <red-def:state state_ref="oval:com.redhat.rhsa:ste:20191580010"/>
</red-def:rpminfo_test>
<red-def:rpminfo_test check="at least one" comment="libvirt-daemon-driver-nodedev is earlier than 0:4.5.0-23.3.module+el8.0.0.z+3418+a72cf898" id="oval:com.redhat.rhsa:tst:20191580071" version="636">
 <red-def:object object_ref="oval:com.redhat.rhba:obj:20192715036"/>
 <red-def:state state_ref="oval:com.redhat.rhsa:ste:20191580010"/>
</red-def:rpminfo_test>
<red-def:rpminfo_test check="at least one" comment="libvirt-daemon-driver-nwfilter is earlier than 0:4.5.0-23.3.module+el8.0.0.z+3418+a72cf898" id="oval:com.redhat.rhsa:tst:20191580073" version="636">
 <red-def:object object_ref="oval:com.redhat.rhba:obj:20192715037"/>
 <red-def:state state_ref="oval:com.redhat.rhsa:ste:20191580010"/>
</red-def:rpminfo_test>
<red-def:rpminfo_test check="at least one" comment="libvirt-daemon-driver-qemu is earlier than 0:4.5.0-23.3.module+el8.0.0.z+3418+a72cf898" id="oval:com.redhat.rhsa:tst:20191580075" version="636">
 <red-def:object object_ref="oval:com.redhat.rhba:obj:20192715038"/>
 <red-def:state state_ref="oval:com.redhat.rhsa:ste:20191580010"/>
</red-def:rpminfo_test>
<red-def:rpminfo_test check="at least one" comment="libvirt-daemon-driver-secret is earlier than 0:4.5.0-23.3.module+el8.0.0.z+3418+a72cf898" id="oval:com.redhat.rhsa:tst:20191580077" version="636">
 <red-def:object object_ref="oval:com.redhat.rhba:obj:20192715039"/>
 <red-def:state state_ref="oval:com.redhat.rhsa:ste:20191580010"/>
</red-def:rpminfo_test>
<red-def:rpminfo_test check="at least one" comment="libvirt-daemon-driver-storage is earlier than 0:4.5.0-23.3.module+el8.0.0.z+3418+a72cf898" id="oval:com.redhat.rhsa:tst:20191580079" version="636">
 <red-def:object object_ref="oval:com.redhat.rhba:obj:20192715040"/>
 <red-def:state state_ref="oval:com.redhat.rhsa:ste:20191580010"/>
</red-def:rpminfo_test>
<red-def:rpminfo_test check="at least one" comment="libvirt-daemon-driver-storage-core is earlier than 0:4.5.0-23.3.module+el8.0.0.z+3418+a72cf898" id="oval:com.redhat.rhsa:tst:20191580081" version="636">
 <red-def:object object_ref="oval:com.redhat.rhba:obj:20192715041"/>
 <red-def:state state_ref="oval:com.redhat.rhsa:ste:20191580010"/>
</red-def:rpminfo_test>
<red-def:rpminfo_test check="at least one" comment="libvirt-daemon-driver-storage-disk is earlier than 0:4.5.0-23.3.module+el8.0.0.z+3418+a72cf898" id="oval:com.redhat.rhsa:tst:20191580083" version="636">
 <red-def:object object_ref="oval:com.redhat.rhba:obj:20192715042"/>
 <red-def:state state_ref="oval:com.redhat.rhsa:ste:20191580010"/>
</red-def:rpminfo_test>
<red-def:rpminfo_test check="at least one" comment="libvirt-daemon-driver-storage-gluster is earlier than 0:4.5.0-23.3.module+el8.0.0.z+3418+a72cf898" id="oval:com.redhat.rhsa:tst:20191580085" version="636">
 <red-def:object object_ref="oval:com.redhat.rhba:obj:20192715043"/>
 <red-def:state state_ref="oval:com.redhat.rhsa:ste:20191580010"/>
</red-def:rpminfo_test>
<red-def:rpminfo_test check="at least one" comment="libvirt-daemon-driver-storage-iscsi is earlier than 0:4.5.0-23.3.module+el8.0.0.z+3418+a72cf898" id="oval:com.redhat.rhsa:tst:20191580087" version="636">
 <red-def:object object_ref="oval:com.redhat.rhba:obj:20192715044"/>
 <red-def:state state_ref="oval:com.redhat.rhsa:ste:20191580010"/>
</red-def:rpminfo_test>
<red-def:rpminfo_test check="at least one" comment="libvirt-daemon-driver-storage-logical is earlier than 0:4.5.0-23.3.module+el8.0.0.z+3418+a72cf898" id="oval:com.redhat.rhsa:tst:20191580089" version="636">
 <red-def:object object_ref="oval:com.redhat.rhba:obj:20192715045"/>
 <red-def:state state_ref="oval:com.redhat.rhsa:ste:20191580010"/>
</red-def:rpminfo_test>
<red-def:rpminfo_test check="at least one" comment="libvirt-daemon-driver-storage-mpath is earlier than 0:4.5.0-23.3.module+el8.0.0.z+3418+a72cf898" id="oval:com.redhat.rhsa:tst:20191580091" version="636">
 <red-def:object object_ref="oval:com.redhat.rhba:obj:20192715046"/>
 <red-def:state state_ref="oval:com.redhat.rhsa:ste:20191580010"/>
</red-def:rpminfo_test>
<red-def:rpminfo_test check="at least one" comment="libvirt-daemon-driver-storage-rbd is earlier than 0:4.5.0-23.3.module+el8.0.0.z+3418+a72cf898" id="oval:com.redhat.rhsa:tst:20191580093" version="636">
 <red-def:object object_ref="oval:com.redhat.rhba:obj:20192715047"/>
 <red-def:state state_ref="oval:com.redhat.rhsa:ste:20191580010"/>
</red-def:rpminfo_test>
<red-def:rpminfo_test check="at least one" comment="libvirt-daemon-driver-storage-scsi is earlier than 0:4.5.0-23.3.module+el8.0.0.z+3418+a72cf898" id="oval:com.redhat.rhsa:tst:20191580095" version="636">
 <red-def:object object_ref="oval:com.redhat.rhba:obj:20192715048"/>
 <red-def:state state_ref="oval:com.redhat.rhsa:ste:20191580010"/>
</red-def:rpminfo_test>
<red-def:rpminfo_test check="at least one" comment="libvirt-daemon-kvm is earlier than 0:4.5.0-23.3.module+el8.0.0.z+3418+a72cf898" id="oval:com.redhat.rhsa:tst:20191580097" version="636">
 <red-def:object object_ref="oval:com.redhat.rhba:obj:20192715049"/>
 <red-def:state state_ref="oval:com.redhat.rhsa:ste:20191580010"/>
</red-def:rpminfo_test>
<red-def:rpminfo_test check="at least one" comment="libvirt-dbus is earlier than 0:1.2.0-2.module+el8.0.0.z+3418+a72cf898" id="oval:com.redhat.rhsa:tst:20191580099" version="636">
 <red-def:object object_ref="oval:com.redhat.rhba:obj:20192715050"/>
 <red-def:state state_ref="oval:com.redhat.rhsa:ste:20191580011"/>
</red-def:rpminfo_test>
<red-def:rpminfo_test check="at least one" comment="libvirt-devel is earlier than 0:4.5.0-23.3.module+el8.0.0.z+3418+a72cf898" id="oval:com.redhat.rhsa:tst:20191580101" version="636">
 <red-def:object object_ref="oval:com.redhat.rhba:obj:20192715051"/>
 <red-def:state state_ref="oval:com.redhat.rhsa:ste:20191580010"/>
</red-def:rpminfo_test>
<red-def:rpminfo_test check="at least one" comment="libvirt-docs is earlier than 0:4.5.0-23.3.module+el8.0.0.z+3418+a72cf898" id="oval:com.redhat.rhsa:tst:20191580103" version="636">
 <red-def:object object_ref="oval:com.redhat.rhba:obj:20192715052"/>
 <red-def:state state_ref="oval:com.redhat.rhsa:ste:20191580010"/>
</red-def:rpminfo_test>
<red-def:rpminfo_test check="at least one" comment="libvirt-libs is earlier than 0:4.5.0-23.3.module+el8.0.0.z+3418+a72cf898" id="oval:com.redhat.rhsa:tst:20191580105" version="636">
 <red-def:object object_ref="oval:com.redhat.rhba:obj:20192715053"/>
 <red-def:state state_ref="oval:com.redhat.rhsa:ste:20191580010"/>
</red-def:rpminfo_test>
<red-def:rpminfo_test check="at least one" comment="libvirt-lock-sanlock is earlier than 0:4.5.0-23.3.module+el8.0.0.z+3418+a72cf898" id="oval:com.redhat.rhsa:tst:20191580107" version="636">
 <red-def:object object_ref="oval:com.redhat.rhba:obj:20192715054"/>
 <red-def:state state_ref="oval:com.redhat.rhsa:ste:20191580010"/>
</red-def:rpminfo_test>
<red-def:rpminfo_test check="at least one" comment="libvirt-nss is earlier than 0:4.5.0-23.3.module+el8.0.0.z+3418+a72cf898" id="oval:com.redhat.rhsa:tst:20191580109" version="636">
 <red-def:object object_ref="oval:com.redhat.rhba:obj:20192715055"/>
 <red-def:state state_ref="oval:com.redhat.rhsa:ste:20191580010"/>
</red-def:rpminfo_test>
<red-def:rpminfo_test check="at least one" comment="lua-guestfs is earlier than 1:1.38.4-10.1.module+el8.0.0.z+3418+a72cf898" id="oval:com.redhat.rhsa:tst:20191580111" version="636">
 <red-def:object object_ref="oval:com.redhat.rhba:obj:20192715056"/>
 <red-def:state state_ref="oval:com.redhat.rhsa:ste:20191580004"/>
</red-def:rpminfo_test>
<red-def:rpminfo_test check="at least one" comment="nbdkit is earlier than 0:1.4.2-4.module+el8.0.0.z+3418+a72cf898" id="oval:com.redhat.rhsa:tst:20191580113" version="636">
 <red-def:object object_ref="oval:com.redhat.rhba:obj:20192715057"/>
 <red-def:state state_ref="oval:com.redhat.rhsa:ste:20191580012"/>
</red-def:rpminfo_test>
<red-def:rpminfo_test check="at least one" comment="nbdkit-bash-completion is earlier than 0:1.4.2-4.module+el8.0.0.z+3418+a72cf898" id="oval:com.redhat.rhsa:tst:20191580115" version="636">
 <red-def:object object_ref="oval:com.redhat.rhba:obj:20192715058"/>
 <red-def:state state_ref="oval:com.redhat.rhsa:ste:20191580013"/>
</red-def:rpminfo_test>
<red-def:rpminfo_test check="at least one" comment="nbdkit-basic-plugins is earlier than 0:1.4.2-4.module+el8.0.0.z+3418+a72cf898" id="oval:com.redhat.rhsa:tst:20191580117" version="636">
 <red-def:object object_ref="oval:com.redhat.rhba:obj:20192715059"/>
 <red-def:state state_ref="oval:com.redhat.rhsa:ste:20191580012"/>
</red-def:rpminfo_test>
<red-def:rpminfo_test check="at least one" comment="nbdkit-devel is earlier than 0:1.4.2-4.module+el8.0.0.z+3418+a72cf898" id="oval:com.redhat.rhsa:tst:20191580119" version="636">
 <red-def:object object_ref="oval:com.redhat.rhba:obj:20192715060"/>
 <red-def:state state_ref="oval:com.redhat.rhsa:ste:20191580012"/>
</red-def:rpminfo_test>
<red-def:rpminfo_test check="at least one" comment="nbdkit-example-plugins is earlier than 0:1.4.2-4.module+el8.0.0.z+3418+a72cf898" id="oval:com.redhat.rhsa:tst:20191580121" version="636">
 <red-def:object object_ref="oval:com.redhat.rhba:obj:20192715061"/>
 <red-def:state state_ref="oval:com.redhat.rhsa:ste:20191580012"/>
</red-def:rpminfo_test>
<red-def:rpminfo_test check="at least one" comment="nbdkit-plugin-gzip is earlier than 0:1.4.2-4.module+el8.0.0.z+3418+a72cf898" id="oval:com.redhat.rhsa:tst:20191580123" version="636">
 <red-def:object object_ref="oval:com.redhat.rhba:obj:20192715062"/>
 <red-def:state state_ref="oval:com.redhat.rhsa:ste:20191580012"/>
</red-def:rpminfo_test>
<red-def:rpminfo_test check="at least one" comment="nbdkit-plugin-python-common is earlier than 0:1.4.2-4.module+el8.0.0.z+3418+a72cf898" id="oval:com.redhat.rhsa:tst:20191580125" version="636">
 <red-def:object object_ref="oval:com.redhat.rhba:obj:20192715063"/>
 <red-def:state state_ref="oval:com.redhat.rhsa:ste:20191580012"/>
</red-def:rpminfo_test>
<red-def:rpminfo_test check="at least one" comment="nbdkit-plugin-python3 is earlier than 0:1.4.2-4.module+el8.0.0.z+3418+a72cf898" id="oval:com.redhat.rhsa:tst:20191580127" version="636">
 <red-def:object object_ref="oval:com.redhat.rhba:obj:20192715064"/>
 <red-def:state state_ref="oval:com.redhat.rhsa:ste:20191580012"/>
</red-def:rpminfo_test>
<red-def:rpminfo_test check="at least one" comment="nbdkit-plugin-vddk is earlier than 0:1.4.2-4.module+el8.0.0.z+3418+a72cf898" id="oval:com.redhat.rhsa:tst:20191580129" version="636">
 <red-def:object object_ref="oval:com.redhat.rhba:obj:20192715065"/>
 <red-def:state state_ref="oval:com.redhat.rhsa:ste:20191580014"/>
</red-def:rpminfo_test>
<red-def:rpminfo_test check="at least one" comment="nbdkit-plugin-xz is earlier than 0:1.4.2-4.module+el8.0.0.z+3418+a72cf898" id="oval:com.redhat.rhsa:tst:20191580131" version="636">
 <red-def:object object_ref="oval:com.redhat.rhba:obj:20192715066"/>
 <red-def:state state_ref="oval:com.redhat.rhsa:ste:20191580012"/>
</red-def:rpminfo_test>
<red-def:rpminfo_test check="at least one" comment="netcf is earlier than 0:0.2.8-10.module+el8.0.0.z+3418+a72cf898" id="oval:com.redhat.rhsa:tst:20191580133" version="636">
 <red-def:object object_ref="oval:com.redhat.rhba:obj:20192715067"/>
 <red-def:state state_ref="oval:com.redhat.rhsa:ste:20191580015"/>
</red-def:rpminfo_test>
<red-def:rpminfo_test check="at least one" comment="netcf-devel is earlier than 0:0.2.8-10.module+el8.0.0.z+3418+a72cf898" id="oval:com.redhat.rhsa:tst:20191580135" version="636">
 <red-def:object object_ref="oval:com.redhat.rhba:obj:20192715068"/>
 <red-def:state state_ref="oval:com.redhat.rhsa:ste:20191580015"/>
</red-def:rpminfo_test>
<red-def:rpminfo_test check="at least one" comment="netcf-libs is earlier than 0:0.2.8-10.module+el8.0.0.z+3418+a72cf898" id="oval:com.redhat.rhsa:tst:20191580137" version="636">
 <red-def:object object_ref="oval:com.redhat.rhba:obj:20192715069"/>
 <red-def:state state_ref="oval:com.redhat.rhsa:ste:20191580015"/>
</red-def:rpminfo_test>
<red-def:rpminfo_test check="at least one" comment="perl-Sys-Guestfs is earlier than 1:1.38.4-10.1.module+el8.0.0.z+3418+a72cf898" id="oval:com.redhat.rhsa:tst:20191580139" version="636">
 <red-def:object object_ref="oval:com.redhat.rhba:obj:20192715070"/>
 <red-def:state state_ref="oval:com.redhat.rhsa:ste:20191580004"/>
</red-def:rpminfo_test>
<red-def:rpminfo_test check="at least one" comment="perl-Sys-Virt is earlier than 0:4.5.0-4.module+el8.0.0.z+3418+a72cf898" id="oval:com.redhat.rhsa:tst:20191580141" version="636">
 <red-def:object object_ref="oval:com.redhat.rhba:obj:20192715071"/>
 <red-def:state state_ref="oval:com.redhat.rhsa:ste:20191580016"/>
</red-def:rpminfo_test>
<red-def:rpminfo_test check="at least one" comment="perl-hivex is earlier than 0:1.3.15-6.module+el8.0.0.z+3418+a72cf898" id="oval:com.redhat.rhsa:tst:20191580143" version="636">
 <red-def:object object_ref="oval:com.redhat.rhba:obj:20192715072"/>
 <red-def:state state_ref="oval:com.redhat.rhsa:ste:20191580003"/>
</red-def:rpminfo_test>
<red-def:rpminfo_test check="at least one" comment="python3-hivex is earlier than 0:1.3.15-6.module+el8.0.0.z+3418+a72cf898" id="oval:com.redhat.rhsa:tst:20191580145" version="636">
 <red-def:object object_ref="oval:com.redhat.rhba:obj:20192715073"/>
 <red-def:state state_ref="oval:com.redhat.rhsa:ste:20191580003"/>
</red-def:rpminfo_test>
<red-def:rpminfo_test check="at least one" comment="python3-libguestfs is earlier than 1:1.38.4-10.1.module+el8.0.0.z+3418+a72cf898" id="oval:com.redhat.rhsa:tst:20191580147" version="636">
 <red-def:object object_ref="oval:com.redhat.rhba:obj:20192715074"/>
 <red-def:state state_ref="oval:com.redhat.rhsa:ste:20191580004"/>
</red-def:rpminfo_test>
<red-def:rpminfo_test check="at least one" comment="python3-libvirt is earlier than 0:4.5.0-1.module+el8.0.0.z+3418+a72cf898" id="oval:com.redhat.rhsa:tst:20191580149" version="636">
 <red-def:object object_ref="oval:com.redhat.rhba:obj:20192715075"/>
 <red-def:state state_ref="oval:com.redhat.rhsa:ste:20191580017"/>
</red-def:rpminfo_test>
<red-def:rpminfo_test check="at least one" comment="qemu-guest-agent is earlier than 15:2.12.0-64.module+el8.0.0.z+3418+a72cf898.2" id="oval:com.redhat.rhsa:tst:20191580151" version="636">
 <red-def:object object_ref="oval:com.redhat.rhba:obj:20192715076"/>
 <red-def:state state_ref="oval:com.redhat.rhsa:ste:20191580018"/>
</red-def:rpminfo_test>
<red-def:rpminfo_test check="at least one" comment="qemu-img is earlier than 15:2.12.0-64.module+el8.0.0.z+3418+a72cf898.2" id="oval:com.redhat.rhsa:tst:20191580153" version="636">
 <red-def:object object_ref="oval:com.redhat.rhba:obj:20192715077"/>
 <red-def:state state_ref="oval:com.redhat.rhsa:ste:20191580018"/>
</red-def:rpminfo_test>
<red-def:rpminfo_test check="at least one" comment="qemu-kvm is earlier than 15:2.12.0-64.module+el8.0.0.z+3418+a72cf898.2" id="oval:com.redhat.rhsa:tst:20191580155" version="636">
 <red-def:object object_ref="oval:com.redhat.rhba:obj:20192715078"/>
 <red-def:state state_ref="oval:com.redhat.rhsa:ste:20191580018"/>
</red-def:rpminfo_test>
<red-def:rpminfo_test check="at least one" comment="qemu-kvm-block-curl is earlier than 15:2.12.0-64.module+el8.0.0.z+3418+a72cf898.2" id="oval:com.redhat.rhsa:tst:20191580157" version="636">
 <red-def:object object_ref="oval:com.redhat.rhba:obj:20192715079"/>
 <red-def:state state_ref="oval:com.redhat.rhsa:ste:20191580018"/>
</red-def:rpminfo_test>
<red-def:rpminfo_test check="at least one" comment="qemu-kvm-block-gluster is earlier than 15:2.12.0-64.module+el8.0.0.z+3418+a72cf898.2" id="oval:com.redhat.rhsa:tst:20191580159" version="636">
 <red-def:object object_ref="oval:com.redhat.rhba:obj:20192715080"/>
 <red-def:state state_ref="oval:com.redhat.rhsa:ste:20191580019"/>
</red-def:rpminfo_test>
<red-def:rpminfo_test check="at least one" comment="qemu-kvm-block-iscsi is earlier than 15:2.12.0-64.module+el8.0.0.z+3418+a72cf898.2" id="oval:com.redhat.rhsa:tst:20191580161" version="636">
 <red-def:object object_ref="oval:com.redhat.rhba:obj:20192715081"/>
 <red-def:state state_ref="oval:com.redhat.rhsa:ste:20191580018"/>
</red-def:rpminfo_test>
<red-def:rpminfo_test check="at least one" comment="qemu-kvm-block-rbd is earlier than 15:2.12.0-64.module+el8.0.0.z+3418+a72cf898.2" id="oval:com.redhat.rhsa:tst:20191580163" version="636">
 <red-def:object object_ref="oval:com.redhat.rhba:obj:20192715082"/>
 <red-def:state state_ref="oval:com.redhat.rhsa:ste:20191580018"/>
</red-def:rpminfo_test>
<red-def:rpminfo_test check="at least one" comment="qemu-kvm-block-ssh is earlier than 15:2.12.0-64.module+el8.0.0.z+3418+a72cf898.2" id="oval:com.redhat.rhsa:tst:20191580165" version="636">
 <red-def:object object_ref="oval:com.redhat.rhba:obj:20192715083"/>
 <red-def:state state_ref="oval:com.redhat.rhsa:ste:20191580018"/>
</red-def:rpminfo_test>
<red-def:rpminfo_test check="at least one" comment="qemu-kvm-common is earlier than 15:2.12.0-64.module+el8.0.0.z+3418+a72cf898.2" id="oval:com.redhat.rhsa:tst:20191580167" version="636">
 <red-def:object object_ref="oval:com.redhat.rhba:obj:20192715084"/>
 <red-def:state state_ref="oval:com.redhat.rhsa:ste:20191580018"/>
</red-def:rpminfo_test>
<red-def:rpminfo_test check="at least one" comment="qemu-kvm-core is earlier than 15:2.12.0-64.module+el8.0.0.z+3418+a72cf898.2" id="oval:com.redhat.rhsa:tst:20191580169" version="636">
 <red-def:object object_ref="oval:com.redhat.rhba:obj:20192715085"/>
 <red-def:state state_ref="oval:com.redhat.rhsa:ste:20191580018"/>
</red-def:rpminfo_test>
<red-def:rpminfo_test check="at least one" comment="ruby-hivex is earlier than 0:1.3.15-6.module+el8.0.0.z+3418+a72cf898" id="oval:com.redhat.rhsa:tst:20191580171" version="636">
 <red-def:object object_ref="oval:com.redhat.rhba:obj:20192715086"/>
 <red-def:state state_ref="oval:com.redhat.rhsa:ste:20191580003"/>
</red-def:rpminfo_test>
<red-def:rpminfo_test check="at least one" comment="ruby-libguestfs is earlier than 1:1.38.4-10.1.module+el8.0.0.z+3418+a72cf898" id="oval:com.redhat.rhsa:tst:20191580173" version="636">
 <red-def:object object_ref="oval:com.redhat.rhba:obj:20192715087"/>
 <red-def:state state_ref="oval:com.redhat.rhsa:ste:20191580004"/>
</red-def:rpminfo_test>
<red-def:rpminfo_test check="at least one" comment="seabios is earlier than 0:1.11.1-3.module+el8.0.0.z+3418+a72cf898" id="oval:com.redhat.rhsa:tst:20191580175" version="636">
 <red-def:object object_ref="oval:com.redhat.rhba:obj:20192715088"/>
 <red-def:state state_ref="oval:com.redhat.rhsa:ste:20191580020"/>
</red-def:rpminfo_test>
<red-def:rpminfo_test check="at least one" comment="seabios-bin is earlier than 0:1.11.1-3.module+el8.0.0.z+3418+a72cf898" id="oval:com.redhat.rhsa:tst:20191580177" version="636">
 <red-def:object object_ref="oval:com.redhat.rhba:obj:20192715089"/>
 <red-def:state state_ref="oval:com.redhat.rhsa:ste:20191580021"/>
</red-def:rpminfo_test>
<red-def:rpminfo_test check="at least one" comment="seavgabios-bin is earlier than 0:1.11.1-3.module+el8.0.0.z+3418+a72cf898" id="oval:com.redhat.rhsa:tst:20191580179" version="636">
 <red-def:object object_ref="oval:com.redhat.rhba:obj:20192715090"/>
 <red-def:state state_ref="oval:com.redhat.rhsa:ste:20191580021"/>
</red-def:rpminfo_test>
<red-def:rpminfo_test check="at least one" comment="sgabios is earlier than 1:0.20170427git-2.module+el8.0.0.z+3418+a72cf898" id="oval:com.redhat.rhsa:tst:20191580181" version="636">
 <red-def:object object_ref="oval:com.redhat.rhba:obj:20192715091"/>
 <red-def:state state_ref="oval:com.redhat.rhsa:ste:20191580022"/>
</red-def:rpminfo_test>
<red-def:rpminfo_test check="at least one" comment="sgabios-bin is earlier than 1:0.20170427git-2.module+el8.0.0.z+3418+a72cf898" id="oval:com.redhat.rhsa:tst:20191580183" version="636">
 <red-def:object object_ref="oval:com.redhat.rhba:obj:20192715092"/>
 <red-def:state state_ref="oval:com.redhat.rhsa:ste:20191580023"/>
</red-def:rpminfo_test>
<red-def:rpminfo_test check="at least one" comment="supermin is earlier than 0:5.1.19-8.module+el8.0.0.z+3418+a72cf898" id="oval:com.redhat.rhsa:tst:20191580185" version="636">
 <red-def:object object_ref="oval:com.redhat.rhba:obj:20192715093"/>
 <red-def:state state_ref="oval:com.redhat.rhsa:ste:20191580024"/>
</red-def:rpminfo_test>
<red-def:rpminfo_test check="at least one" comment="supermin-devel is earlier than 0:5.1.19-8.module+el8.0.0.z+3418+a72cf898" id="oval:com.redhat.rhsa:tst:20191580187" version="636">
 <red-def:object object_ref="oval:com.redhat.rhba:obj:20192715094"/>
 <red-def:state state_ref="oval:com.redhat.rhsa:ste:20191580024"/>
</red-def:rpminfo_test>
<red-def:rpminfo_test check="at least one" comment="virt-dib is earlier than 1:1.38.4-10.1.module+el8.0.0.z+3418+a72cf898" id="oval:com.redhat.rhsa:tst:20191580189" version="636">
 <red-def:object object_ref="oval:com.redhat.rhba:obj:20192715095"/>
 <red-def:state state_ref="oval:com.redhat.rhsa:ste:20191580004"/>
</red-def:rpminfo_test>
<red-def:rpminfo_test check="at least one" comment="virt-p2v-maker is earlier than 1:1.38.4-10.1.module+el8.0.0.z+3418+a72cf898" id="oval:com.redhat.rhsa:tst:20191580191" version="636">
 <red-def:object object_ref="oval:com.redhat.rhba:obj:20192715096"/>
 <red-def:state state_ref="oval:com.redhat.rhsa:ste:20191580025"/>
</red-def:rpminfo_test>
<red-def:rpminfo_test check="at least one" comment="virt-v2v is earlier than 1:1.38.4-10.1.module+el8.0.0.z+3418+a72cf898" id="oval:com.redhat.rhsa:tst:20191580193" version="636">
 <red-def:object object_ref="oval:com.redhat.rhba:obj:20192715097"/>
 <red-def:state state_ref="oval:com.redhat.rhsa:ste:20191580025"/>
</red-def:rpminfo_test>
<red-def:rpminfo_test check="at least one" comment="vim-X11 is earlier than 2:8.0.1763-11.el8_0" id="oval:com.redhat.rhsa:tst:20191619001" version="636">
 <red-def:object object_ref="oval:com.redhat.rhsa:obj:20191619001"/>
 <red-def:state state_ref="oval:com.redhat.rhsa:ste:20191619001"/>
</red-def:rpminfo_test>
<red-def:rpminfo_test check="at least one" comment="vim-X11 is signed with Red Hat redhatrelease2 key" id="oval:com.redhat.rhsa:tst:20191619002" version="636">
 <red-def:object object_ref="oval:com.redhat.rhsa:obj:20191619001"/>
 <red-def:state state_ref="oval:com.redhat.rhba:ste:20191992002"/>
</red-def:rpminfo_test>
<red-def:rpminfo_test check="at least one" comment="vim-common is earlier than 2:8.0.1763-11.el8_0" id="oval:com.redhat.rhsa:tst:20191619003" version="636">
 <red-def:object object_ref="oval:com.redhat.rhsa:obj:20191619002"/>
 <red-def:state state_ref="oval:com.redhat.rhsa:ste:20191619001"/>
</red-def:rpminfo_test>
<red-def:rpminfo_test check="at least one" comment="vim-common is signed with Red Hat redhatrelease2 key" id="oval:com.redhat.rhsa:tst:20191619004" version="636">
 <red-def:object object_ref="oval:com.redhat.rhsa:obj:20191619002"/>
 <red-def:state state_ref="oval:com.redhat.rhba:ste:20191992002"/>
</red-def:rpminfo_test>
<red-def:rpminfo_test check="at least one" comment="vim-enhanced is earlier than 2:8.0.1763-11.el8_0" id="oval:com.redhat.rhsa:tst:20191619005" version="636">
 <red-def:object object_ref="oval:com.redhat.rhsa:obj:20191619003"/>
 <red-def:state state_ref="oval:com.redhat.rhsa:ste:20191619001"/>
</red-def:rpminfo_test>
<red-def:rpminfo_test check="at least one" comment="vim-enhanced is signed with Red Hat redhatrelease2 key" id="oval:com.redhat.rhsa:tst:20191619006" version="636">
 <red-def:object object_ref="oval:com.redhat.rhsa:obj:20191619003"/>
 <red-def:state state_ref="oval:com.redhat.rhba:ste:20191992002"/>
</red-def:rpminfo_test>
<red-def:rpminfo_test check="at least one" comment="vim-filesystem is earlier than 2:8.0.1763-11.el8_0" id="oval:com.redhat.rhsa:tst:20191619007" version="636">
 <red-def:object object_ref="oval:com.redhat.rhsa:obj:20191619004"/>
 <red-def:state state_ref="oval:com.redhat.rhsa:ste:20191619003"/>
</red-def:rpminfo_test>
<red-def:rpminfo_test check="at least one" comment="vim-filesystem is signed with Red Hat redhatrelease2 key" id="oval:com.redhat.rhsa:tst:20191619008" version="636">
 <red-def:object object_ref="oval:com.redhat.rhsa:obj:20191619004"/>
 <red-def:state state_ref="oval:com.redhat.rhba:ste:20191992002"/>
</red-def:rpminfo_test>
<red-def:rpminfo_test check="at least one" comment="vim-minimal is earlier than 2:8.0.1763-11.el8_0" id="oval:com.redhat.rhsa:tst:20191619009" version="636">
 <red-def:object object_ref="oval:com.redhat.rhsa:obj:20191619005"/>
 <red-def:state state_ref="oval:com.redhat.rhsa:ste:20191619001"/>
</red-def:rpminfo_test>
<red-def:rpminfo_test check="at least one" comment="vim-minimal is signed with Red Hat redhatrelease2 key" id="oval:com.redhat.rhsa:tst:20191619010" version="636">
 <red-def:object object_ref="oval:com.redhat.rhsa:obj:20191619005"/>
 <red-def:state state_ref="oval:com.redhat.rhba:ste:20191992002"/>
</red-def:rpminfo_test>
<red-def:rpminfo_test check="at least one" comment="thunderbird is earlier than 0:60.7.2-2.el8_0" id="oval:com.redhat.rhsa:tst:20191623001" version="637">
 <red-def:object object_ref="oval:com.redhat.rhsa:obj:20191144001"/>
 <red-def:state state_ref="oval:com.redhat.rhsa:ste:20191623001"/>
</red-def:rpminfo_test>
<red-def:rpminfo_test check="at least one" comment="firefox is earlier than 0:60.7.2-3.el8_0" id="oval:com.redhat.rhsa:tst:20191696001" version="637">
 <red-def:object object_ref="oval:com.redhat.rhsa:obj:20190966001"/>
 <red-def:state state_ref="oval:com.redhat.rhsa:ste:20191696001"/>
</red-def:rpminfo_test>
<red-def:rpminfo_test check="at least one" comment="bind is earlier than 32:9.11.4-17.P2.el8_0.1" id="oval:com.redhat.rhsa:tst:20191714001" version="635">
 <red-def:object object_ref="oval:com.redhat.rhsa:obj:20191145001"/>
 <red-def:state state_ref="oval:com.redhat.rhsa:ste:20191714001"/>
</red-def:rpminfo_test>
<red-def:rpminfo_test check="at least one" comment="bind-chroot is earlier than 32:9.11.4-17.P2.el8_0.1" id="oval:com.redhat.rhsa:tst:20191714003" version="635">
 <red-def:object object_ref="oval:com.redhat.rhsa:obj:20191145002"/>
 <red-def:state state_ref="oval:com.redhat.rhsa:ste:20191714001"/>
</red-def:rpminfo_test>
<red-def:rpminfo_test check="at least one" comment="bind-devel is earlier than 32:9.11.4-17.P2.el8_0.1" id="oval:com.redhat.rhsa:tst:20191714005" version="635">
 <red-def:object object_ref="oval:com.redhat.rhsa:obj:20191145003"/>
 <red-def:state state_ref="oval:com.redhat.rhsa:ste:20191714003"/>
</red-def:rpminfo_test>
<red-def:rpminfo_test check="at least one" comment="bind-export-devel is earlier than 32:9.11.4-17.P2.el8_0.1" id="oval:com.redhat.rhsa:tst:20191714007" version="635">
 <red-def:object object_ref="oval:com.redhat.rhsa:obj:20191145004"/>
 <red-def:state state_ref="oval:com.redhat.rhsa:ste:20191714003"/>
</red-def:rpminfo_test>
<red-def:rpminfo_test check="at least one" comment="bind-export-libs is earlier than 32:9.11.4-17.P2.el8_0.1" id="oval:com.redhat.rhsa:tst:20191714009" version="635">
 <red-def:object object_ref="oval:com.redhat.rhsa:obj:20191145005"/>
 <red-def:state state_ref="oval:com.redhat.rhsa:ste:20191714003"/>
</red-def:rpminfo_test>
<red-def:rpminfo_test check="at least one" comment="bind-libs is earlier than 32:9.11.4-17.P2.el8_0.1" id="oval:com.redhat.rhsa:tst:20191714011" version="635">
 <red-def:object object_ref="oval:com.redhat.rhsa:obj:20191145006"/>
 <red-def:state state_ref="oval:com.redhat.rhsa:ste:20191714003"/>
</red-def:rpminfo_test>
<red-def:rpminfo_test check="at least one" comment="bind-libs-lite is earlier than 32:9.11.4-17.P2.el8_0.1" id="oval:com.redhat.rhsa:tst:20191714013" version="635">
 <red-def:object object_ref="oval:com.redhat.rhsa:obj:20191145007"/>
 <red-def:state state_ref="oval:com.redhat.rhsa:ste:20191714003"/>
</red-def:rpminfo_test>
<red-def:rpminfo_test check="at least one" comment="bind-license is earlier than 32:9.11.4-17.P2.el8_0.1" id="oval:com.redhat.rhsa:tst:20191714015" version="635">
 <red-def:object object_ref="oval:com.redhat.rhsa:obj:20191145008"/>
 <red-def:state state_ref="oval:com.redhat.rhsa:ste:20191714004"/>
</red-def:rpminfo_test>
<red-def:rpminfo_test check="at least one" comment="bind-lite-devel is earlier than 32:9.11.4-17.P2.el8_0.1" id="oval:com.redhat.rhsa:tst:20191714017" version="635">
 <red-def:object object_ref="oval:com.redhat.rhsa:obj:20191145009"/>
 <red-def:state state_ref="oval:com.redhat.rhsa:ste:20191714003"/>
</red-def:rpminfo_test>
<red-def:rpminfo_test check="at least one" comment="bind-pkcs11 is earlier than 32:9.11.4-17.P2.el8_0.1" id="oval:com.redhat.rhsa:tst:20191714019" version="635">
 <red-def:object object_ref="oval:com.redhat.rhsa:obj:20191145010"/>
 <red-def:state state_ref="oval:com.redhat.rhsa:ste:20191714001"/>
</red-def:rpminfo_test>
<red-def:rpminfo_test check="at least one" comment="bind-pkcs11-devel is earlier than 32:9.11.4-17.P2.el8_0.1" id="oval:com.redhat.rhsa:tst:20191714021" version="635">
 <red-def:object object_ref="oval:com.redhat.rhsa:obj:20191145011"/>
 <red-def:state state_ref="oval:com.redhat.rhsa:ste:20191714003"/>
</red-def:rpminfo_test>
<red-def:rpminfo_test check="at least one" comment="bind-pkcs11-libs is earlier than 32:9.11.4-17.P2.el8_0.1" id="oval:com.redhat.rhsa:tst:20191714023" version="635">
 <red-def:object object_ref="oval:com.redhat.rhsa:obj:20191145012"/>
 <red-def:state state_ref="oval:com.redhat.rhsa:ste:20191714003"/>
</red-def:rpminfo_test>
<red-def:rpminfo_test check="at least one" comment="bind-pkcs11-utils is earlier than 32:9.11.4-17.P2.el8_0.1" id="oval:com.redhat.rhsa:tst:20191714025" version="635">
 <red-def:object object_ref="oval:com.redhat.rhsa:obj:20191145013"/>
 <red-def:state state_ref="oval:com.redhat.rhsa:ste:20191714001"/>
</red-def:rpminfo_test>
<red-def:rpminfo_test check="at least one" comment="bind-sdb is earlier than 32:9.11.4-17.P2.el8_0.1" id="oval:com.redhat.rhsa:tst:20191714027" version="635">
 <red-def:object object_ref="oval:com.redhat.rhsa:obj:20191145014"/>
 <red-def:state state_ref="oval:com.redhat.rhsa:ste:20191714001"/>
</red-def:rpminfo_test>
<red-def:rpminfo_test check="at least one" comment="bind-sdb-chroot is earlier than 32:9.11.4-17.P2.el8_0.1" id="oval:com.redhat.rhsa:tst:20191714029" version="635">
 <red-def:object object_ref="oval:com.redhat.rhsa:obj:20191145015"/>
 <red-def:state state_ref="oval:com.redhat.rhsa:ste:20191714001"/>
</red-def:rpminfo_test>
<red-def:rpminfo_test check="at least one" comment="bind-utils is earlier than 32:9.11.4-17.P2.el8_0.1" id="oval:com.redhat.rhsa:tst:20191714031" version="635">
 <red-def:object object_ref="oval:com.redhat.rhsa:obj:20191145016"/>
 <red-def:state state_ref="oval:com.redhat.rhsa:ste:20191714001"/>
</red-def:rpminfo_test>
<red-def:rpminfo_test check="at least one" comment="python3-bind is earlier than 32:9.11.4-17.P2.el8_0.1" id="oval:com.redhat.rhsa:tst:20191714033" version="635">
 <red-def:object object_ref="oval:com.redhat.rhsa:obj:20191145017"/>
 <red-def:state state_ref="oval:com.redhat.rhsa:ste:20191714004"/>
</red-def:rpminfo_test>
<red-def:rpminfo_test check="at least one" comment="firefox is earlier than 0:60.8.0-1.el8_0" id="oval:com.redhat.rhsa:tst:20191764001" version="636">
 <red-def:object object_ref="oval:com.redhat.rhsa:obj:20190966001"/>
 <red-def:state state_ref="oval:com.redhat.rhsa:ste:20191764001"/>
</red-def:rpminfo_test>
<red-def:rpminfo_test check="at least one" comment="cyrus-imapd is earlier than 0:3.0.7-15.el8_0.1" id="oval:com.redhat.rhsa:tst:20191771001" version="636">
 <red-def:object object_ref="oval:com.redhat.rhsa:obj:20191771001"/>
 <red-def:state state_ref="oval:com.redhat.rhsa:ste:20191771001"/>
</red-def:rpminfo_test>
<red-def:rpminfo_test check="at least one" comment="cyrus-imapd is signed with Red Hat redhatrelease2 key" id="oval:com.redhat.rhsa:tst:20191771002" version="636">
 <red-def:object object_ref="oval:com.redhat.rhsa:obj:20191771001"/>
 <red-def:state state_ref="oval:com.redhat.rhba:ste:20191992002"/>
</red-def:rpminfo_test>
<red-def:rpminfo_test check="at least one" comment="cyrus-imapd-utils is earlier than 0:3.0.7-15.el8_0.1" id="oval:com.redhat.rhsa:tst:20191771003" version="636">
 <red-def:object object_ref="oval:com.redhat.rhsa:obj:20191771002"/>
 <red-def:state state_ref="oval:com.redhat.rhsa:ste:20191771003"/>
</red-def:rpminfo_test>
<red-def:rpminfo_test check="at least one" comment="cyrus-imapd-utils is signed with Red Hat redhatrelease2 key" id="oval:com.redhat.rhsa:tst:20191771004" version="636">
 <red-def:object object_ref="oval:com.redhat.rhsa:obj:20191771002"/>
 <red-def:state state_ref="oval:com.redhat.rhba:ste:20191992002"/>
</red-def:rpminfo_test>
<red-def:rpminfo_test check="at least one" comment="cyrus-imapd-vzic is earlier than 0:3.0.7-15.el8_0.1" id="oval:com.redhat.rhsa:tst:20191771005" version="636">
 <red-def:object object_ref="oval:com.redhat.rhsa:obj:20191771003"/>
 <red-def:state state_ref="oval:com.redhat.rhsa:ste:20191771003"/>
</red-def:rpminfo_test>
<red-def:rpminfo_test check="at least one" comment="cyrus-imapd-vzic is signed with Red Hat redhatrelease2 key" id="oval:com.redhat.rhsa:tst:20191771006" version="636">
 <red-def:object object_ref="oval:com.redhat.rhsa:obj:20191771003"/>
 <red-def:state state_ref="oval:com.redhat.rhba:ste:20191992002"/>
</red-def:rpminfo_test>
<red-def:rpminfo_test check="at least one" comment="thunderbird is earlier than 0:60.8.0-1.el8_0" id="oval:com.redhat.rhsa:tst:20191799001" version="635">
 <red-def:object object_ref="oval:com.redhat.rhsa:obj:20191144001"/>
 <red-def:state state_ref="oval:com.redhat.rhsa:ste:20191799001"/>
</red-def:rpminfo_test>
<red-def:rpminfo_test check="at least one" comment="java-1.8.0-openjdk is earlier than 1:1.8.0.222.b10-0.el8_0" id="oval:com.redhat.rhsa:tst:20191816001" version="637">
 <red-def:object object_ref="oval:com.redhat.rhsa:obj:20191146001"/>
 <red-def:state state_ref="oval:com.redhat.rhsa:ste:20191816001"/>
</red-def:rpminfo_test>
<red-def:rpminfo_test check="at least one" comment="java-1.8.0-openjdk-accessibility is earlier than 1:1.8.0.222.b10-0.el8_0" id="oval:com.redhat.rhsa:tst:20191816003" version="637">
 <red-def:object object_ref="oval:com.redhat.rhsa:obj:20191146002"/>
 <red-def:state state_ref="oval:com.redhat.rhsa:ste:20191816001"/>
</red-def:rpminfo_test>
<red-def:rpminfo_test check="at least one" comment="java-1.8.0-openjdk-demo is earlier than 1:1.8.0.222.b10-0.el8_0" id="oval:com.redhat.rhsa:tst:20191816005" version="637">
 <red-def:object object_ref="oval:com.redhat.rhsa:obj:20191146003"/>
 <red-def:state state_ref="oval:com.redhat.rhsa:ste:20191816001"/>
</red-def:rpminfo_test>
<red-def:rpminfo_test check="at least one" comment="java-1.8.0-openjdk-devel is earlier than 1:1.8.0.222.b10-0.el8_0" id="oval:com.redhat.rhsa:tst:20191816007" version="637">
 <red-def:object object_ref="oval:com.redhat.rhsa:obj:20191146004"/>
 <red-def:state state_ref="oval:com.redhat.rhsa:ste:20191816001"/>
</red-def:rpminfo_test>
<red-def:rpminfo_test check="at least one" comment="java-1.8.0-openjdk-headless is earlier than 1:1.8.0.222.b10-0.el8_0" id="oval:com.redhat.rhsa:tst:20191816009" version="637">
 <red-def:object object_ref="oval:com.redhat.rhsa:obj:20191146005"/>
 <red-def:state state_ref="oval:com.redhat.rhsa:ste:20191816001"/>
</red-def:rpminfo_test>
<red-def:rpminfo_test check="at least one" comment="java-1.8.0-openjdk-javadoc is earlier than 1:1.8.0.222.b10-0.el8_0" id="oval:com.redhat.rhsa:tst:20191816011" version="637">
 <red-def:object object_ref="oval:com.redhat.rhsa:obj:20191146006"/>
 <red-def:state state_ref="oval:com.redhat.rhsa:ste:20191816003"/>
</red-def:rpminfo_test>
<red-def:rpminfo_test check="at least one" comment="java-1.8.0-openjdk-javadoc-zip is earlier than 1:1.8.0.222.b10-0.el8_0" id="oval:com.redhat.rhsa:tst:20191816013" version="637">
 <red-def:object object_ref="oval:com.redhat.rhsa:obj:20191146007"/>
 <red-def:state state_ref="oval:com.redhat.rhsa:ste:20191816003"/>
</red-def:rpminfo_test>
<red-def:rpminfo_test check="at least one" comment="java-1.8.0-openjdk-src is earlier than 1:1.8.0.222.b10-0.el8_0" id="oval:com.redhat.rhsa:tst:20191816015" version="637">
 <red-def:object object_ref="oval:com.redhat.rhsa:obj:20191146008"/>
 <red-def:state state_ref="oval:com.redhat.rhsa:ste:20191816001"/>
</red-def:rpminfo_test>
<red-def:rpminfo_test check="at least one" comment="java-11-openjdk is earlier than 1:11.0.4.11-0.el8_0" id="oval:com.redhat.rhsa:tst:20191817001" version="637">
 <red-def:object object_ref="oval:com.redhat.rhsa:obj:20191518001"/>
 <red-def:state state_ref="oval:com.redhat.rhsa:ste:20191817001"/>
</red-def:rpminfo_test>
<red-def:rpminfo_test check="at least one" comment="java-11-openjdk-demo is earlier than 1:11.0.4.11-0.el8_0" id="oval:com.redhat.rhsa:tst:20191817003" version="637">
 <red-def:object object_ref="oval:com.redhat.rhsa:obj:20191518002"/>
 <red-def:state state_ref="oval:com.redhat.rhsa:ste:20191817001"/>
</red-def:rpminfo_test>
<red-def:rpminfo_test check="at least one" comment="java-11-openjdk-devel is earlier than 1:11.0.4.11-0.el8_0" id="oval:com.redhat.rhsa:tst:20191817005" version="637">
 <red-def:object object_ref="oval:com.redhat.rhsa:obj:20191518003"/>
 <red-def:state state_ref="oval:com.redhat.rhsa:ste:20191817001"/>
</red-def:rpminfo_test>
<red-def:rpminfo_test check="at least one" comment="java-11-openjdk-headless is earlier than 1:11.0.4.11-0.el8_0" id="oval:com.redhat.rhsa:tst:20191817007" version="637">
 <red-def:object object_ref="oval:com.redhat.rhsa:obj:20191518004"/>
 <red-def:state state_ref="oval:com.redhat.rhsa:ste:20191817001"/>
</red-def:rpminfo_test>
<red-def:rpminfo_test check="at least one" comment="java-11-openjdk-javadoc is earlier than 1:11.0.4.11-0.el8_0" id="oval:com.redhat.rhsa:tst:20191817009" version="637">
 <red-def:object object_ref="oval:com.redhat.rhsa:obj:20191518005"/>
 <red-def:state state_ref="oval:com.redhat.rhsa:ste:20191817001"/>
</red-def:rpminfo_test>
<red-def:rpminfo_test check="at least one" comment="java-11-openjdk-javadoc-zip is earlier than 1:11.0.4.11-0.el8_0" id="oval:com.redhat.rhsa:tst:20191817011" version="637">
 <red-def:object object_ref="oval:com.redhat.rhsa:obj:20191518006"/>
 <red-def:state state_ref="oval:com.redhat.rhsa:ste:20191817001"/>
</red-def:rpminfo_test>
<red-def:rpminfo_test check="at least one" comment="java-11-openjdk-jmods is earlier than 1:11.0.4.11-0.el8_0" id="oval:com.redhat.rhsa:tst:20191817013" version="637">
 <red-def:object object_ref="oval:com.redhat.rhsa:obj:20191518007"/>
 <red-def:state state_ref="oval:com.redhat.rhsa:ste:20191817001"/>
</red-def:rpminfo_test>
<red-def:rpminfo_test check="at least one" comment="java-11-openjdk-src is earlier than 1:11.0.4.11-0.el8_0" id="oval:com.redhat.rhsa:tst:20191817015" version="637">
 <red-def:object object_ref="oval:com.redhat.rhsa:obj:20191518008"/>
 <red-def:state state_ref="oval:com.redhat.rhsa:ste:20191817001"/>
</red-def:rpminfo_test>
<red-def:rpminfo_test check="at least one" comment="nspr is earlier than 0:4.21.0-2.el8_0" id="oval:com.redhat.rhsa:tst:20191951001" version="638">
 <red-def:object object_ref="oval:com.redhat.rhsa:obj:20191951001"/>
 <red-def:state state_ref="oval:com.redhat.rhsa:ste:20191951001"/>
</red-def:rpminfo_test>
<red-def:rpminfo_test check="at least one" comment="nspr is signed with Red Hat redhatrelease2 key" id="oval:com.redhat.rhsa:tst:20191951002" version="638">
 <red-def:object object_ref="oval:com.redhat.rhsa:obj:20191951001"/>
 <red-def:state state_ref="oval:com.redhat.rhba:ste:20191992002"/>
</red-def:rpminfo_test>
<red-def:rpminfo_test check="at least one" comment="nspr-devel is earlier than 0:4.21.0-2.el8_0" id="oval:com.redhat.rhsa:tst:20191951003" version="638">
 <red-def:object object_ref="oval:com.redhat.rhsa:obj:20191951002"/>
 <red-def:state state_ref="oval:com.redhat.rhsa:ste:20191951001"/>
</red-def:rpminfo_test>
<red-def:rpminfo_test check="at least one" comment="nspr-devel is signed with Red Hat redhatrelease2 key" id="oval:com.redhat.rhsa:tst:20191951004" version="638">
 <red-def:object object_ref="oval:com.redhat.rhsa:obj:20191951002"/>
 <red-def:state state_ref="oval:com.redhat.rhba:ste:20191992002"/>
</red-def:rpminfo_test>
<red-def:rpminfo_test check="at least one" comment="nss is earlier than 0:3.44.0-7.el8_0" id="oval:com.redhat.rhsa:tst:20191951005" version="638">
 <red-def:object object_ref="oval:com.redhat.rhba:obj:20246680001"/>
 <red-def:state state_ref="oval:com.redhat.rhsa:ste:20191951003"/>
</red-def:rpminfo_test>
<red-def:rpminfo_test check="at least one" comment="nss-devel is earlier than 0:3.44.0-7.el8_0" id="oval:com.redhat.rhsa:tst:20191951007" version="638">
 <red-def:object object_ref="oval:com.redhat.rhba:obj:20246680002"/>
 <red-def:state state_ref="oval:com.redhat.rhsa:ste:20191951003"/>
</red-def:rpminfo_test>
<red-def:rpminfo_test check="at least one" comment="nss-softokn is earlier than 0:3.44.0-7.el8_0" id="oval:com.redhat.rhsa:tst:20191951009" version="638">
 <red-def:object object_ref="oval:com.redhat.rhba:obj:20246680003"/>
 <red-def:state state_ref="oval:com.redhat.rhsa:ste:20191951003"/>
</red-def:rpminfo_test>
<red-def:rpminfo_test check="at least one" comment="nss-softokn-devel is earlier than 0:3.44.0-7.el8_0" id="oval:com.redhat.rhsa:tst:20191951011" version="638">
 <red-def:object object_ref="oval:com.redhat.rhba:obj:20246680004"/>
 <red-def:state state_ref="oval:com.redhat.rhsa:ste:20191951003"/>
</red-def:rpminfo_test>
<red-def:rpminfo_test check="at least one" comment="nss-softokn-freebl is earlier than 0:3.44.0-7.el8_0" id="oval:com.redhat.rhsa:tst:20191951013" version="638">
 <red-def:object object_ref="oval:com.redhat.rhba:obj:20246680005"/>
 <red-def:state state_ref="oval:com.redhat.rhsa:ste:20191951003"/>
</red-def:rpminfo_test>
<red-def:rpminfo_test check="at least one" comment="nss-softokn-freebl-devel is earlier than 0:3.44.0-7.el8_0" id="oval:com.redhat.rhsa:tst:20191951015" version="638">
 <red-def:object object_ref="oval:com.redhat.rhba:obj:20246680006"/>
 <red-def:state state_ref="oval:com.redhat.rhsa:ste:20191951003"/>
</red-def:rpminfo_test>
<red-def:rpminfo_test check="at least one" comment="nss-sysinit is earlier than 0:3.44.0-7.el8_0" id="oval:com.redhat.rhsa:tst:20191951017" version="638">
 <red-def:object object_ref="oval:com.redhat.rhba:obj:20246680007"/>
 <red-def:state state_ref="oval:com.redhat.rhsa:ste:20191951004"/>
</red-def:rpminfo_test>
<red-def:rpminfo_test check="at least one" comment="nss-tools is earlier than 0:3.44.0-7.el8_0" id="oval:com.redhat.rhsa:tst:20191951019" version="638">
 <red-def:object object_ref="oval:com.redhat.rhba:obj:20246680008"/>
 <red-def:state state_ref="oval:com.redhat.rhsa:ste:20191951004"/>
</red-def:rpminfo_test>
<red-def:rpminfo_test check="at least one" comment="nss-util is earlier than 0:3.44.0-7.el8_0" id="oval:com.redhat.rhsa:tst:20191951021" version="638">
 <red-def:object object_ref="oval:com.redhat.rhba:obj:20246680009"/>
 <red-def:state state_ref="oval:com.redhat.rhsa:ste:20191951003"/>
</red-def:rpminfo_test>
<red-def:rpminfo_test check="at least one" comment="nss-util-devel is earlier than 0:3.44.0-7.el8_0" id="oval:com.redhat.rhsa:tst:20191951023" version="638">
 <red-def:object object_ref="oval:com.redhat.rhba:obj:20246680010"/>
 <red-def:state state_ref="oval:com.redhat.rhsa:ste:20191951003"/>
</red-def:rpminfo_test>
<red-def:rpminfo_test check="at least one" comment="bpftool is earlier than 0:4.18.0-80.7.1.el8_0" id="oval:com.redhat.rhsa:tst:20191959001" version="641">
 <red-def:object object_ref="oval:com.redhat.rhsa:obj:20191167001"/>
 <red-def:state state_ref="oval:com.redhat.rhsa:ste:20191959001"/>
</red-def:rpminfo_test>
<red-def:rpminfo_test check="at least one" comment="kernel is earlier than 0:4.18.0-80.7.1.el8_0" id="oval:com.redhat.rhsa:tst:20191959003" version="641">
 <red-def:object object_ref="oval:com.redhat.rhsa:obj:20191167002"/>
 <red-def:state state_ref="oval:com.redhat.rhsa:ste:20191959001"/>
</red-def:rpminfo_test>
<red-def:rpminfo_test check="at least one" comment="kernel-abi-whitelists is earlier than 0:4.18.0-80.7.1.el8_0" id="oval:com.redhat.rhsa:tst:20191959005" version="641">
 <red-def:object object_ref="oval:com.redhat.rhsa:obj:20191167003"/>
 <red-def:state state_ref="oval:com.redhat.rhsa:ste:20191959003"/>
</red-def:rpminfo_test>
<red-def:rpminfo_test check="at least one" comment="kernel-core is earlier than 0:4.18.0-80.7.1.el8_0" id="oval:com.redhat.rhsa:tst:20191959007" version="641">
 <red-def:object object_ref="oval:com.redhat.rhsa:obj:20191167004"/>
 <red-def:state state_ref="oval:com.redhat.rhsa:ste:20191959001"/>
</red-def:rpminfo_test>
<red-def:rpminfo_test check="at least one" comment="kernel-cross-headers is earlier than 0:4.18.0-80.7.1.el8_0" id="oval:com.redhat.rhsa:tst:20191959009" version="641">
 <red-def:object object_ref="oval:com.redhat.rhsa:obj:20191167005"/>
 <red-def:state state_ref="oval:com.redhat.rhsa:ste:20191959001"/>
</red-def:rpminfo_test>
<red-def:rpminfo_test check="at least one" comment="kernel-debug is earlier than 0:4.18.0-80.7.1.el8_0" id="oval:com.redhat.rhsa:tst:20191959011" version="641">
 <red-def:object object_ref="oval:com.redhat.rhsa:obj:20191167006"/>
 <red-def:state state_ref="oval:com.redhat.rhsa:ste:20191959001"/>
</red-def:rpminfo_test>
<red-def:rpminfo_test check="at least one" comment="kernel-debug-core is earlier than 0:4.18.0-80.7.1.el8_0" id="oval:com.redhat.rhsa:tst:20191959013" version="641">
 <red-def:object object_ref="oval:com.redhat.rhsa:obj:20191167007"/>
 <red-def:state state_ref="oval:com.redhat.rhsa:ste:20191959001"/>
</red-def:rpminfo_test>
<red-def:rpminfo_test check="at least one" comment="kernel-debug-devel is earlier than 0:4.18.0-80.7.1.el8_0" id="oval:com.redhat.rhsa:tst:20191959015" version="641">
 <red-def:object object_ref="oval:com.redhat.rhsa:obj:20191167008"/>
 <red-def:state state_ref="oval:com.redhat.rhsa:ste:20191959001"/>
</red-def:rpminfo_test>
<red-def:rpminfo_test check="at least one" comment="kernel-debug-modules is earlier than 0:4.18.0-80.7.1.el8_0" id="oval:com.redhat.rhsa:tst:20191959017" version="641">
 <red-def:object object_ref="oval:com.redhat.rhsa:obj:20191167009"/>
 <red-def:state state_ref="oval:com.redhat.rhsa:ste:20191959001"/>
</red-def:rpminfo_test>
<red-def:rpminfo_test check="at least one" comment="kernel-debug-modules-extra is earlier than 0:4.18.0-80.7.1.el8_0" id="oval:com.redhat.rhsa:tst:20191959019" version="641">
 <red-def:object object_ref="oval:com.redhat.rhsa:obj:20191167010"/>
 <red-def:state state_ref="oval:com.redhat.rhsa:ste:20191959001"/>
</red-def:rpminfo_test>
<red-def:rpminfo_test check="at least one" comment="kernel-devel is earlier than 0:4.18.0-80.7.1.el8_0" id="oval:com.redhat.rhsa:tst:20191959021" version="641">
 <red-def:object object_ref="oval:com.redhat.rhsa:obj:20191167011"/>
 <red-def:state state_ref="oval:com.redhat.rhsa:ste:20191959001"/>
</red-def:rpminfo_test>
<red-def:rpminfo_test check="at least one" comment="kernel-doc is earlier than 0:4.18.0-80.7.1.el8_0" id="oval:com.redhat.rhsa:tst:20191959023" version="641">
 <red-def:object object_ref="oval:com.redhat.rhsa:obj:20191167012"/>
 <red-def:state state_ref="oval:com.redhat.rhsa:ste:20191959003"/>
</red-def:rpminfo_test>
<red-def:rpminfo_test check="at least one" comment="kernel-headers is earlier than 0:4.18.0-80.7.1.el8_0" id="oval:com.redhat.rhsa:tst:20191959025" version="641">
 <red-def:object object_ref="oval:com.redhat.rhsa:obj:20191167013"/>
 <red-def:state state_ref="oval:com.redhat.rhsa:ste:20191959001"/>
</red-def:rpminfo_test>
<red-def:rpminfo_test check="at least one" comment="kernel-modules is earlier than 0:4.18.0-80.7.1.el8_0" id="oval:com.redhat.rhsa:tst:20191959027" version="641">
 <red-def:object object_ref="oval:com.redhat.rhsa:obj:20191167014"/>
 <red-def:state state_ref="oval:com.redhat.rhsa:ste:20191959001"/>
</red-def:rpminfo_test>
<red-def:rpminfo_test check="at least one" comment="kernel-modules-extra is earlier than 0:4.18.0-80.7.1.el8_0" id="oval:com.redhat.rhsa:tst:20191959029" version="641">
 <red-def:object object_ref="oval:com.redhat.rhsa:obj:20191167015"/>
 <red-def:state state_ref="oval:com.redhat.rhsa:ste:20191959001"/>
</red-def:rpminfo_test>
<red-def:rpminfo_test check="at least one" comment="kernel-tools is earlier than 0:4.18.0-80.7.1.el8_0" id="oval:com.redhat.rhsa:tst:20191959031" version="641">
 <red-def:object object_ref="oval:com.redhat.rhsa:obj:20191167016"/>
 <red-def:state state_ref="oval:com.redhat.rhsa:ste:20191959001"/>
</red-def:rpminfo_test>
<red-def:rpminfo_test check="at least one" comment="kernel-tools-libs is earlier than 0:4.18.0-80.7.1.el8_0" id="oval:com.redhat.rhsa:tst:20191959033" version="641">
 <red-def:object object_ref="oval:com.redhat.rhsa:obj:20191167017"/>
 <red-def:state state_ref="oval:com.redhat.rhsa:ste:20191959004"/>
</red-def:rpminfo_test>
<red-def:rpminfo_test check="at least one" comment="kernel-tools-libs-devel is earlier than 0:4.18.0-80.7.1.el8_0" id="oval:com.redhat.rhsa:tst:20191959035" version="641">
 <red-def:object object_ref="oval:com.redhat.rhsa:obj:20191167018"/>
 <red-def:state state_ref="oval:com.redhat.rhsa:ste:20191959004"/>
</red-def:rpminfo_test>
<red-def:rpminfo_test check="at least one" comment="kernel-zfcpdump is earlier than 0:4.18.0-80.7.1.el8_0" id="oval:com.redhat.rhsa:tst:20191959037" version="641">
 <red-def:object object_ref="oval:com.redhat.rhsa:obj:20191167019"/>
 <red-def:state state_ref="oval:com.redhat.rhsa:ste:20191959005"/>
</red-def:rpminfo_test>
<red-def:rpminfo_test check="at least one" comment="kernel-zfcpdump-core is earlier than 0:4.18.0-80.7.1.el8_0" id="oval:com.redhat.rhsa:tst:20191959039" version="641">
 <red-def:object object_ref="oval:com.redhat.rhsa:obj:20191167020"/>
 <red-def:state state_ref="oval:com.redhat.rhsa:ste:20191959005"/>
</red-def:rpminfo_test>
<red-def:rpminfo_test check="at least one" comment="kernel-zfcpdump-devel is earlier than 0:4.18.0-80.7.1.el8_0" id="oval:com.redhat.rhsa:tst:20191959041" version="641">
 <red-def:object object_ref="oval:com.redhat.rhsa:obj:20191167021"/>
 <red-def:state state_ref="oval:com.redhat.rhsa:ste:20191959005"/>
</red-def:rpminfo_test>
<red-def:rpminfo_test check="at least one" comment="kernel-zfcpdump-modules is earlier than 0:4.18.0-80.7.1.el8_0" id="oval:com.redhat.rhsa:tst:20191959043" version="641">
 <red-def:object object_ref="oval:com.redhat.rhsa:obj:20191167022"/>
 <red-def:state state_ref="oval:com.redhat.rhsa:ste:20191959005"/>
</red-def:rpminfo_test>
<red-def:rpminfo_test check="at least one" comment="kernel-zfcpdump-modules-extra is earlier than 0:4.18.0-80.7.1.el8_0" id="oval:com.redhat.rhsa:tst:20191959045" version="641">
 <red-def:object object_ref="oval:com.redhat.rhsa:obj:20191167023"/>
 <red-def:state state_ref="oval:com.redhat.rhsa:ste:20191959005"/>
</red-def:rpminfo_test>
<red-def:rpminfo_test check="at least one" comment="perf is earlier than 0:4.18.0-80.7.1.el8_0" id="oval:com.redhat.rhsa:tst:20191959047" version="641">
 <red-def:object object_ref="oval:com.redhat.rhsa:obj:20191167024"/>
 <red-def:state state_ref="oval:com.redhat.rhsa:ste:20191959001"/>
</red-def:rpminfo_test>
<red-def:rpminfo_test check="at least one" comment="python3-perf is earlier than 0:4.18.0-80.7.1.el8_0" id="oval:com.redhat.rhsa:tst:20191959049" version="641">
 <red-def:object object_ref="oval:com.redhat.rhsa:obj:20191167025"/>
 <red-def:state state_ref="oval:com.redhat.rhsa:ste:20191959001"/>
</red-def:rpminfo_test>
<unix-def:uname_test check="at least one" comment="kernel earlier than 0:4.18.0-80.7.1.el8_0 is currently running" id="oval:com.redhat.rhsa:tst:20191959051" version="641">
 <unix-def:object object_ref="oval:com.redhat.rhsa:obj:20191167026"/>
 <unix-def:state state_ref="oval:com.redhat.rhsa:ste:20191959006"/>
</unix-def:uname_test>
<ind-def:textfilecontent54_test check="all" comment="kernel earlier than 0:4.18.0-80.7.1.el8_0 is set to boot up on next boot" id="oval:com.redhat.rhsa:tst:20191959052" version="641">
 <ind-def:object object_ref="oval:com.redhat.rhsa:obj:20191167027"/>
 <ind-def:state state_ref="oval:com.redhat.rhsa:ste:20191959007"/>
</ind-def:textfilecontent54_test>
<red-def:rpminfo_test check="at least one" comment="kernel-rt is earlier than 0:4.18.0-80.7.1.rt9.153.el8_0" id="oval:com.redhat.rhsa:tst:20191971001" version="638">
 <red-def:object object_ref="oval:com.redhat.rhsa:obj:20191174001"/>
 <red-def:state state_ref="oval:com.redhat.rhsa:ste:20191971001"/>
</red-def:rpminfo_test>
<red-def:rpminfo_test check="at least one" comment="kernel-rt-core is earlier than 0:4.18.0-80.7.1.rt9.153.el8_0" id="oval:com.redhat.rhsa:tst:20191971003" version="638">
 <red-def:object object_ref="oval:com.redhat.rhsa:obj:20191174002"/>
 <red-def:state state_ref="oval:com.redhat.rhsa:ste:20191971001"/>
</red-def:rpminfo_test>
<red-def:rpminfo_test check="at least one" comment="kernel-rt-debug is earlier than 0:4.18.0-80.7.1.rt9.153.el8_0" id="oval:com.redhat.rhsa:tst:20191971005" version="638">
 <red-def:object object_ref="oval:com.redhat.rhsa:obj:20191174003"/>
 <red-def:state state_ref="oval:com.redhat.rhsa:ste:20191971001"/>
</red-def:rpminfo_test>
<red-def:rpminfo_test check="at least one" comment="kernel-rt-debug-core is earlier than 0:4.18.0-80.7.1.rt9.153.el8_0" id="oval:com.redhat.rhsa:tst:20191971007" version="638">
 <red-def:object object_ref="oval:com.redhat.rhsa:obj:20191174004"/>
 <red-def:state state_ref="oval:com.redhat.rhsa:ste:20191971001"/>
</red-def:rpminfo_test>
<red-def:rpminfo_test check="at least one" comment="kernel-rt-debug-devel is earlier than 0:4.18.0-80.7.1.rt9.153.el8_0" id="oval:com.redhat.rhsa:tst:20191971009" version="638">
 <red-def:object object_ref="oval:com.redhat.rhsa:obj:20191174005"/>
 <red-def:state state_ref="oval:com.redhat.rhsa:ste:20191971001"/>
</red-def:rpminfo_test>
<red-def:rpminfo_test check="at least one" comment="kernel-rt-debug-kvm is earlier than 0:4.18.0-80.7.1.rt9.153.el8_0" id="oval:com.redhat.rhsa:tst:20191971011" version="638">
 <red-def:object object_ref="oval:com.redhat.rhsa:obj:20191174006"/>
 <red-def:state state_ref="oval:com.redhat.rhsa:ste:20191971001"/>
</red-def:rpminfo_test>
<red-def:rpminfo_test check="at least one" comment="kernel-rt-debug-modules is earlier than 0:4.18.0-80.7.1.rt9.153.el8_0" id="oval:com.redhat.rhsa:tst:20191971013" version="638">
 <red-def:object object_ref="oval:com.redhat.rhsa:obj:20191174007"/>
 <red-def:state state_ref="oval:com.redhat.rhsa:ste:20191971001"/>
</red-def:rpminfo_test>
<red-def:rpminfo_test check="at least one" comment="kernel-rt-debug-modules-extra is earlier than 0:4.18.0-80.7.1.rt9.153.el8_0" id="oval:com.redhat.rhsa:tst:20191971015" version="638">
 <red-def:object object_ref="oval:com.redhat.rhsa:obj:20191174008"/>
 <red-def:state state_ref="oval:com.redhat.rhsa:ste:20191971001"/>
</red-def:rpminfo_test>
<red-def:rpminfo_test check="at least one" comment="kernel-rt-devel is earlier than 0:4.18.0-80.7.1.rt9.153.el8_0" id="oval:com.redhat.rhsa:tst:20191971017" version="638">
 <red-def:object object_ref="oval:com.redhat.rhsa:obj:20191174009"/>
 <red-def:state state_ref="oval:com.redhat.rhsa:ste:20191971001"/>
</red-def:rpminfo_test>
<red-def:rpminfo_test check="at least one" comment="kernel-rt-kvm is earlier than 0:4.18.0-80.7.1.rt9.153.el8_0" id="oval:com.redhat.rhsa:tst:20191971019" version="638">
 <red-def:object object_ref="oval:com.redhat.rhsa:obj:20191174010"/>
 <red-def:state state_ref="oval:com.redhat.rhsa:ste:20191971001"/>
</red-def:rpminfo_test>
<red-def:rpminfo_test check="at least one" comment="kernel-rt-modules is earlier than 0:4.18.0-80.7.1.rt9.153.el8_0" id="oval:com.redhat.rhsa:tst:20191971021" version="638">
 <red-def:object object_ref="oval:com.redhat.rhsa:obj:20191174011"/>
 <red-def:state state_ref="oval:com.redhat.rhsa:ste:20191971001"/>
</red-def:rpminfo_test>
<red-def:rpminfo_test check="at least one" comment="kernel-rt-modules-extra is earlier than 0:4.18.0-80.7.1.rt9.153.el8_0" id="oval:com.redhat.rhsa:tst:20191971023" version="638">
 <red-def:object object_ref="oval:com.redhat.rhsa:obj:20191174012"/>
 <red-def:state state_ref="oval:com.redhat.rhsa:ste:20191971001"/>
</red-def:rpminfo_test>
<red-def:rpminfo_test check="at least one" comment="ruby is earlier than 0:2.5.3-104.module+el8.0.0+3250+4b7d6d43" id="oval:com.redhat.rhsa:tst:20191972001" version="636">
 <red-def:object object_ref="oval:com.redhat.rhba:obj:20193384001"/>
 <red-def:state state_ref="oval:com.redhat.rhsa:ste:20191972001"/>
</red-def:rpminfo_test>
<red-def:rpminfo_test check="at least one" comment="ruby-devel is earlier than 0:2.5.3-104.module+el8.0.0+3250+4b7d6d43" id="oval:com.redhat.rhsa:tst:20191972003" version="636">
 <red-def:object object_ref="oval:com.redhat.rhba:obj:20193384002"/>
 <red-def:state state_ref="oval:com.redhat.rhsa:ste:20191972001"/>
</red-def:rpminfo_test>
<red-def:rpminfo_test check="at least one" comment="ruby-doc is earlier than 0:2.5.3-104.module+el8.0.0+3250+4b7d6d43" id="oval:com.redhat.rhsa:tst:20191972005" version="636">
 <red-def:object object_ref="oval:com.redhat.rhba:obj:20193384003"/>
 <red-def:state state_ref="oval:com.redhat.rhsa:ste:20191972003"/>
</red-def:rpminfo_test>
<red-def:rpminfo_test check="at least one" comment="ruby-irb is earlier than 0:2.5.3-104.module+el8.0.0+3250+4b7d6d43" id="oval:com.redhat.rhsa:tst:20191972007" version="636">
 <red-def:object object_ref="oval:com.redhat.rhba:obj:20193384004"/>
 <red-def:state state_ref="oval:com.redhat.rhsa:ste:20191972003"/>
</red-def:rpminfo_test>
<red-def:rpminfo_test check="at least one" comment="ruby-libs is earlier than 0:2.5.3-104.module+el8.0.0+3250+4b7d6d43" id="oval:com.redhat.rhsa:tst:20191972009" version="636">
 <red-def:object object_ref="oval:com.redhat.rhba:obj:20193384005"/>
 <red-def:state state_ref="oval:com.redhat.rhsa:ste:20191972001"/>
</red-def:rpminfo_test>
<red-def:rpminfo_test check="at least one" comment="rubygem-abrt is earlier than 0:0.3.0-4.module+el8.0.0+3250+4b7d6d43" id="oval:com.redhat.rhsa:tst:20191972011" version="636">
 <red-def:object object_ref="oval:com.redhat.rhba:obj:20193384006"/>
 <red-def:state state_ref="oval:com.redhat.rhsa:ste:20191972004"/>
</red-def:rpminfo_test>
<red-def:rpminfo_test check="at least one" comment="rubygem-abrt-doc is earlier than 0:0.3.0-4.module+el8.0.0+3250+4b7d6d43" id="oval:com.redhat.rhsa:tst:20191972013" version="636">
 <red-def:object object_ref="oval:com.redhat.rhba:obj:20193384007"/>
 <red-def:state state_ref="oval:com.redhat.rhsa:ste:20191972004"/>
</red-def:rpminfo_test>
<red-def:rpminfo_test check="at least one" comment="rubygem-bigdecimal is earlier than 0:1.3.4-104.module+el8.0.0+3250+4b7d6d43" id="oval:com.redhat.rhsa:tst:20191972015" version="636">
 <red-def:object object_ref="oval:com.redhat.rhba:obj:20193384008"/>
 <red-def:state state_ref="oval:com.redhat.rhsa:ste:20191972005"/>
</red-def:rpminfo_test>
<red-def:rpminfo_test check="at least one" comment="rubygem-bson is earlier than 0:4.3.0-2.module+el8.0.0+3250+4b7d6d43" id="oval:com.redhat.rhsa:tst:20191972017" version="636">
 <red-def:object object_ref="oval:com.redhat.rhba:obj:20193384009"/>
 <red-def:state state_ref="oval:com.redhat.rhsa:ste:20191972006"/>
</red-def:rpminfo_test>
<red-def:rpminfo_test check="at least one" comment="rubygem-bson-doc is earlier than 0:4.3.0-2.module+el8.0.0+3250+4b7d6d43" id="oval:com.redhat.rhsa:tst:20191972019" version="636">
 <red-def:object object_ref="oval:com.redhat.rhba:obj:20193384010"/>
 <red-def:state state_ref="oval:com.redhat.rhsa:ste:20191972007"/>
</red-def:rpminfo_test>
<red-def:rpminfo_test check="at least one" comment="rubygem-bundler is earlier than 0:1.16.1-3.module+el8.0.0+3250+4b7d6d43" id="oval:com.redhat.rhsa:tst:20191972021" version="636">
 <red-def:object object_ref="oval:com.redhat.rhba:obj:20193384011"/>
 <red-def:state state_ref="oval:com.redhat.rhsa:ste:20191972008"/>
</red-def:rpminfo_test>
<red-def:rpminfo_test check="at least one" comment="rubygem-bundler-doc is earlier than 0:1.16.1-3.module+el8.0.0+3250+4b7d6d43" id="oval:com.redhat.rhsa:tst:20191972023" version="636">
 <red-def:object object_ref="oval:com.redhat.rhba:obj:20193384012"/>
 <red-def:state state_ref="oval:com.redhat.rhsa:ste:20191972008"/>
</red-def:rpminfo_test>
<red-def:rpminfo_test check="at least one" comment="rubygem-did_you_mean is earlier than 0:1.2.0-104.module+el8.0.0+3250+4b7d6d43" id="oval:com.redhat.rhsa:tst:20191972025" version="636">
 <red-def:object object_ref="oval:com.redhat.rhba:obj:20193384013"/>
 <red-def:state state_ref="oval:com.redhat.rhsa:ste:20191972009"/>
</red-def:rpminfo_test>
<red-def:rpminfo_test check="at least one" comment="rubygem-io-console is earlier than 0:0.4.6-104.module+el8.0.0+3250+4b7d6d43" id="oval:com.redhat.rhsa:tst:20191972027" version="636">
 <red-def:object object_ref="oval:com.redhat.rhba:obj:20193384014"/>
 <red-def:state state_ref="oval:com.redhat.rhsa:ste:20191972010"/>
</red-def:rpminfo_test>
<red-def:rpminfo_test check="at least one" comment="rubygem-json is earlier than 0:2.1.0-104.module+el8.0.0+3250+4b7d6d43" id="oval:com.redhat.rhsa:tst:20191972029" version="636">
 <red-def:object object_ref="oval:com.redhat.rhba:obj:20193384015"/>
 <red-def:state state_ref="oval:com.redhat.rhsa:ste:20191972011"/>
</red-def:rpminfo_test>
<red-def:rpminfo_test check="at least one" comment="rubygem-minitest is earlier than 0:5.10.3-104.module+el8.0.0+3250+4b7d6d43" id="oval:com.redhat.rhsa:tst:20191972031" version="636">
 <red-def:object object_ref="oval:com.redhat.rhba:obj:20193384016"/>
 <red-def:state state_ref="oval:com.redhat.rhsa:ste:20191972012"/>
</red-def:rpminfo_test>
<red-def:rpminfo_test check="at least one" comment="rubygem-mongo is earlier than 0:2.5.1-2.module+el8.0.0+3250+4b7d6d43" id="oval:com.redhat.rhsa:tst:20191972033" version="636">
 <red-def:object object_ref="oval:com.redhat.rhba:obj:20193384017"/>
 <red-def:state state_ref="oval:com.redhat.rhsa:ste:20191972013"/>
</red-def:rpminfo_test>
<red-def:rpminfo_test check="at least one" comment="rubygem-mongo-doc is earlier than 0:2.5.1-2.module+el8.0.0+3250+4b7d6d43" id="oval:com.redhat.rhsa:tst:20191972035" version="636">
 <red-def:object object_ref="oval:com.redhat.rhba:obj:20193384018"/>
 <red-def:state state_ref="oval:com.redhat.rhsa:ste:20191972013"/>
</red-def:rpminfo_test>
<red-def:rpminfo_test check="at least one" comment="rubygem-mysql2 is earlier than 0:0.4.10-4.module+el8.0.0+3250+4b7d6d43" id="oval:com.redhat.rhsa:tst:20191972037" version="636">
 <red-def:object object_ref="oval:com.redhat.rhba:obj:20193384019"/>
 <red-def:state state_ref="oval:com.redhat.rhsa:ste:20191972014"/>
</red-def:rpminfo_test>
<red-def:rpminfo_test check="at least one" comment="rubygem-mysql2-doc is earlier than 0:0.4.10-4.module+el8.0.0+3250+4b7d6d43" id="oval:com.redhat.rhsa:tst:20191972039" version="636">
 <red-def:object object_ref="oval:com.redhat.rhba:obj:20193384020"/>
 <red-def:state state_ref="oval:com.redhat.rhsa:ste:20191972015"/>
</red-def:rpminfo_test>
<red-def:rpminfo_test check="at least one" comment="rubygem-net-telnet is earlier than 0:0.1.1-104.module+el8.0.0+3250+4b7d6d43" id="oval:com.redhat.rhsa:tst:20191972041" version="636">
 <red-def:object object_ref="oval:com.redhat.rhba:obj:20193384021"/>
 <red-def:state state_ref="oval:com.redhat.rhsa:ste:20191972016"/>
</red-def:rpminfo_test>
<red-def:rpminfo_test check="at least one" comment="rubygem-openssl is earlier than 0:2.1.2-104.module+el8.0.0+3250+4b7d6d43" id="oval:com.redhat.rhsa:tst:20191972043" version="636">
 <red-def:object object_ref="oval:com.redhat.rhba:obj:20193384022"/>
 <red-def:state state_ref="oval:com.redhat.rhsa:ste:20191972017"/>
</red-def:rpminfo_test>
<red-def:rpminfo_test check="at least one" comment="rubygem-pg is earlier than 0:1.0.0-2.module+el8.0.0+3250+4b7d6d43" id="oval:com.redhat.rhsa:tst:20191972045" version="636">
 <red-def:object object_ref="oval:com.redhat.rhba:obj:20193384023"/>
 <red-def:state state_ref="oval:com.redhat.rhsa:ste:20191972018"/>
</red-def:rpminfo_test>
<red-def:rpminfo_test check="at least one" comment="rubygem-pg-doc is earlier than 0:1.0.0-2.module+el8.0.0+3250+4b7d6d43" id="oval:com.redhat.rhsa:tst:20191972047" version="636">
 <red-def:object object_ref="oval:com.redhat.rhba:obj:20193384024"/>
 <red-def:state state_ref="oval:com.redhat.rhsa:ste:20191972019"/>
</red-def:rpminfo_test>
<red-def:rpminfo_test check="at least one" comment="rubygem-power_assert is earlier than 0:1.1.1-104.module+el8.0.0+3250+4b7d6d43" id="oval:com.redhat.rhsa:tst:20191972049" version="636">
 <red-def:object object_ref="oval:com.redhat.rhba:obj:20193384025"/>
 <red-def:state state_ref="oval:com.redhat.rhsa:ste:20191972020"/>
</red-def:rpminfo_test>
<red-def:rpminfo_test check="at least one" comment="rubygem-psych is earlier than 0:3.0.2-104.module+el8.0.0+3250+4b7d6d43" id="oval:com.redhat.rhsa:tst:20191972051" version="636">
 <red-def:object object_ref="oval:com.redhat.rhba:obj:20193384026"/>
 <red-def:state state_ref="oval:com.redhat.rhsa:ste:20191972021"/>
</red-def:rpminfo_test>
<red-def:rpminfo_test check="at least one" comment="rubygem-rake is earlier than 0:12.3.0-104.module+el8.0.0+3250+4b7d6d43" id="oval:com.redhat.rhsa:tst:20191972053" version="636">
 <red-def:object object_ref="oval:com.redhat.rhba:obj:20193384027"/>
 <red-def:state state_ref="oval:com.redhat.rhsa:ste:20191972022"/>
</red-def:rpminfo_test>
<red-def:rpminfo_test check="at least one" comment="rubygem-rdoc is earlier than 0:6.0.1-104.module+el8.0.0+3250+4b7d6d43" id="oval:com.redhat.rhsa:tst:20191972055" version="636">
 <red-def:object object_ref="oval:com.redhat.rhba:obj:20193384028"/>
 <red-def:state state_ref="oval:com.redhat.rhsa:ste:20191972023"/>
</red-def:rpminfo_test>
<red-def:rpminfo_test check="at least one" comment="rubygem-test-unit is earlier than 0:3.2.7-104.module+el8.0.0+3250+4b7d6d43" id="oval:com.redhat.rhsa:tst:20191972057" version="636">
 <red-def:object object_ref="oval:com.redhat.rhba:obj:20193384029"/>
 <red-def:state state_ref="oval:com.redhat.rhsa:ste:20191972024"/>
</red-def:rpminfo_test>
<red-def:rpminfo_test check="at least one" comment="rubygem-xmlrpc is earlier than 0:0.3.0-104.module+el8.0.0+3250+4b7d6d43" id="oval:com.redhat.rhsa:tst:20191972059" version="636">
 <red-def:object object_ref="oval:com.redhat.rhba:obj:20193384030"/>
 <red-def:state state_ref="oval:com.redhat.rhsa:ste:20191972025"/>
</red-def:rpminfo_test>
<red-def:rpminfo_test check="at least one" comment="rubygems is earlier than 0:2.7.6-104.module+el8.0.0+3250+4b7d6d43" id="oval:com.redhat.rhsa:tst:20191972061" version="636">
 <red-def:object object_ref="oval:com.redhat.rhba:obj:20193384031"/>
 <red-def:state state_ref="oval:com.redhat.rhsa:ste:20191972026"/>
</red-def:rpminfo_test>
<red-def:rpminfo_test check="at least one" comment="rubygems-devel is earlier than 0:2.7.6-104.module+el8.0.0+3250+4b7d6d43" id="oval:com.redhat.rhsa:tst:20191972063" version="636">
 <red-def:object object_ref="oval:com.redhat.rhba:obj:20193384032"/>
 <red-def:state state_ref="oval:com.redhat.rhsa:ste:20191972026"/>
</red-def:rpminfo_test>
<red-def:rpminfo_test check="at least one" comment="redis is earlier than 0:5.0.3-2.module+el8.0.0.z+3657+acb471dc" id="oval:com.redhat.rhsa:tst:20192002001" version="636">
 <red-def:object object_ref="oval:com.redhat.rhsa:obj:20192002001"/>
 <red-def:state state_ref="oval:com.redhat.rhsa:ste:20192002001"/>
</red-def:rpminfo_test>
<red-def:rpminfo_test check="at least one" comment="redis is signed with Red Hat redhatrelease2 key" id="oval:com.redhat.rhsa:tst:20192002002" version="636">
 <red-def:object object_ref="oval:com.redhat.rhsa:obj:20192002001"/>
 <red-def:state state_ref="oval:com.redhat.rhba:ste:20191992002"/>
</red-def:rpminfo_test>
<red-def:rpminfo_test check="at least one" comment="redis-devel is earlier than 0:5.0.3-2.module+el8.0.0.z+3657+acb471dc" id="oval:com.redhat.rhsa:tst:20192002003" version="636">
 <red-def:object object_ref="oval:com.redhat.rhsa:obj:20192002002"/>
 <red-def:state state_ref="oval:com.redhat.rhsa:ste:20192002001"/>
</red-def:rpminfo_test>
<red-def:rpminfo_test check="at least one" comment="redis-devel is signed with Red Hat redhatrelease2 key" id="oval:com.redhat.rhsa:tst:20192002004" version="636">
 <red-def:object object_ref="oval:com.redhat.rhsa:obj:20192002002"/>
 <red-def:state state_ref="oval:com.redhat.rhba:ste:20191992002"/>
</red-def:rpminfo_test>
<red-def:rpminfo_test check="at least one" comment="redis-doc is earlier than 0:5.0.3-2.module+el8.0.0.z+3657+acb471dc" id="oval:com.redhat.rhsa:tst:20192002005" version="636">
 <red-def:object object_ref="oval:com.redhat.rhsa:obj:20192002003"/>
 <red-def:state state_ref="oval:com.redhat.rhsa:ste:20192002003"/>
</red-def:rpminfo_test>
<red-def:rpminfo_test check="at least one" comment="redis-doc is signed with Red Hat redhatrelease2 key" id="oval:com.redhat.rhsa:tst:20192002006" version="636">
 <red-def:object object_ref="oval:com.redhat.rhsa:obj:20192002003"/>
 <red-def:state state_ref="oval:com.redhat.rhba:ste:20191992002"/>
</red-def:rpminfo_test>
<ind-def:textfilecontent54_test check="all" comment="Module redis:5 is enabled" id="oval:com.redhat.rhsa:tst:20192002007" version="636">
 <ind-def:object object_ref="oval:com.redhat.rhsa:obj:20192002004"/>
 <ind-def:state state_ref="oval:com.redhat.rhsa:ste:20192002004"/>
</ind-def:textfilecontent54_test>
<red-def:rpminfo_test check="at least one" comment="icedtea-web is earlier than 0:1.7.1-17.el8_0" id="oval:com.redhat.rhsa:tst:20192004001" version="637">
 <red-def:object object_ref="oval:com.redhat.rhsa:obj:20192004001"/>
 <red-def:state state_ref="oval:com.redhat.rhsa:ste:20192004001"/>
</red-def:rpminfo_test>
<red-def:rpminfo_test check="at least one" comment="icedtea-web is signed with Red Hat redhatrelease2 key" id="oval:com.redhat.rhsa:tst:20192004002" version="637">
 <red-def:object object_ref="oval:com.redhat.rhsa:obj:20192004001"/>
 <red-def:state state_ref="oval:com.redhat.rhba:ste:20191992002"/>
</red-def:rpminfo_test>
<red-def:rpminfo_test check="at least one" comment="icedtea-web-javadoc is earlier than 0:1.7.1-17.el8_0" id="oval:com.redhat.rhsa:tst:20192004003" version="637">
 <red-def:object object_ref="oval:com.redhat.rhsa:obj:20192004002"/>
 <red-def:state state_ref="oval:com.redhat.rhsa:ste:20192004001"/>
</red-def:rpminfo_test>
<red-def:rpminfo_test check="at least one" comment="icedtea-web-javadoc is signed with Red Hat redhatrelease2 key" id="oval:com.redhat.rhsa:tst:20192004004" version="637">
 <red-def:object object_ref="oval:com.redhat.rhsa:obj:20192004002"/>
 <red-def:state state_ref="oval:com.redhat.rhba:ste:20191992002"/>
</red-def:rpminfo_test>
<red-def:rpminfo_test check="at least one" comment="kernel-rt is earlier than 0:4.18.0-80.7.2.rt9.154.el8_0" id="oval:com.redhat.rhsa:tst:20192405001" version="636">
 <red-def:object object_ref="oval:com.redhat.rhsa:obj:20191174001"/>
 <red-def:state state_ref="oval:com.redhat.rhsa:ste:20192405001"/>
</red-def:rpminfo_test>
<red-def:rpminfo_test check="at least one" comment="kernel-rt-core is earlier than 0:4.18.0-80.7.2.rt9.154.el8_0" id="oval:com.redhat.rhsa:tst:20192405003" version="636">
 <red-def:object object_ref="oval:com.redhat.rhsa:obj:20191174002"/>
 <red-def:state state_ref="oval:com.redhat.rhsa:ste:20192405001"/>
</red-def:rpminfo_test>
<red-def:rpminfo_test check="at least one" comment="kernel-rt-debug is earlier than 0:4.18.0-80.7.2.rt9.154.el8_0" id="oval:com.redhat.rhsa:tst:20192405005" version="636">
 <red-def:object object_ref="oval:com.redhat.rhsa:obj:20191174003"/>
 <red-def:state state_ref="oval:com.redhat.rhsa:ste:20192405001"/>
</red-def:rpminfo_test>
<red-def:rpminfo_test check="at least one" comment="kernel-rt-debug-core is earlier than 0:4.18.0-80.7.2.rt9.154.el8_0" id="oval:com.redhat.rhsa:tst:20192405007" version="636">
 <red-def:object object_ref="oval:com.redhat.rhsa:obj:20191174004"/>
 <red-def:state state_ref="oval:com.redhat.rhsa:ste:20192405001"/>
</red-def:rpminfo_test>
<red-def:rpminfo_test check="at least one" comment="kernel-rt-debug-devel is earlier than 0:4.18.0-80.7.2.rt9.154.el8_0" id="oval:com.redhat.rhsa:tst:20192405009" version="636">
 <red-def:object object_ref="oval:com.redhat.rhsa:obj:20191174005"/>
 <red-def:state state_ref="oval:com.redhat.rhsa:ste:20192405001"/>
</red-def:rpminfo_test>
<red-def:rpminfo_test check="at least one" comment="kernel-rt-debug-kvm is earlier than 0:4.18.0-80.7.2.rt9.154.el8_0" id="oval:com.redhat.rhsa:tst:20192405011" version="636">
 <red-def:object object_ref="oval:com.redhat.rhsa:obj:20191174006"/>
 <red-def:state state_ref="oval:com.redhat.rhsa:ste:20192405001"/>
</red-def:rpminfo_test>
<red-def:rpminfo_test check="at least one" comment="kernel-rt-debug-modules is earlier than 0:4.18.0-80.7.2.rt9.154.el8_0" id="oval:com.redhat.rhsa:tst:20192405013" version="636">
 <red-def:object object_ref="oval:com.redhat.rhsa:obj:20191174007"/>
 <red-def:state state_ref="oval:com.redhat.rhsa:ste:20192405001"/>
</red-def:rpminfo_test>
<red-def:rpminfo_test check="at least one" comment="kernel-rt-debug-modules-extra is earlier than 0:4.18.0-80.7.2.rt9.154.el8_0" id="oval:com.redhat.rhsa:tst:20192405015" version="636">
 <red-def:object object_ref="oval:com.redhat.rhsa:obj:20191174008"/>
 <red-def:state state_ref="oval:com.redhat.rhsa:ste:20192405001"/>
</red-def:rpminfo_test>
<red-def:rpminfo_test check="at least one" comment="kernel-rt-devel is earlier than 0:4.18.0-80.7.2.rt9.154.el8_0" id="oval:com.redhat.rhsa:tst:20192405017" version="636">
 <red-def:object object_ref="oval:com.redhat.rhsa:obj:20191174009"/>
 <red-def:state state_ref="oval:com.redhat.rhsa:ste:20192405001"/>
</red-def:rpminfo_test>
<red-def:rpminfo_test check="at least one" comment="kernel-rt-kvm is earlier than 0:4.18.0-80.7.2.rt9.154.el8_0" id="oval:com.redhat.rhsa:tst:20192405019" version="636">
 <red-def:object object_ref="oval:com.redhat.rhsa:obj:20191174010"/>
 <red-def:state state_ref="oval:com.redhat.rhsa:ste:20192405001"/>
</red-def:rpminfo_test>
<red-def:rpminfo_test check="at least one" comment="kernel-rt-modules is earlier than 0:4.18.0-80.7.2.rt9.154.el8_0" id="oval:com.redhat.rhsa:tst:20192405021" version="636">
 <red-def:object object_ref="oval:com.redhat.rhsa:obj:20191174011"/>
 <red-def:state state_ref="oval:com.redhat.rhsa:ste:20192405001"/>
</red-def:rpminfo_test>
<red-def:rpminfo_test check="at least one" comment="kernel-rt-modules-extra is earlier than 0:4.18.0-80.7.2.rt9.154.el8_0" id="oval:com.redhat.rhsa:tst:20192405023" version="636">
 <red-def:object object_ref="oval:com.redhat.rhsa:obj:20191174012"/>
 <red-def:state state_ref="oval:com.redhat.rhsa:ste:20192405001"/>
</red-def:rpminfo_test>
<unix-def:uname_test check="at least one" comment="kernel-rt earlier than 0:4.18.0-80.7.2.rt9.154.el8_0 is currently running" id="oval:com.redhat.rhsa:tst:20192405025" version="636">
 <unix-def:object object_ref="oval:com.redhat.rhsa:obj:20191167026"/>
 <unix-def:state state_ref="oval:com.redhat.rhsa:ste:20192405003"/>
</unix-def:uname_test>
<ind-def:textfilecontent54_test check="all" comment="kernel-rt earlier than 0:4.18.0-80.7.2.rt9.154.el8_0 is set to boot up on next boot" id="oval:com.redhat.rhsa:tst:20192405026" version="636">
 <ind-def:object object_ref="oval:com.redhat.rhsa:obj:20191167027"/>
 <ind-def:state state_ref="oval:com.redhat.rhsa:ste:20192405004"/>
</ind-def:textfilecontent54_test>
<red-def:rpminfo_test check="at least one" comment="bpftool is earlier than 0:4.18.0-80.7.2.el8_0" id="oval:com.redhat.rhsa:tst:20192411001" version="636">
 <red-def:object object_ref="oval:com.redhat.rhsa:obj:20191167001"/>
 <red-def:state state_ref="oval:com.redhat.rhsa:ste:20192411001"/>
</red-def:rpminfo_test>
<red-def:rpminfo_test check="at least one" comment="kernel is earlier than 0:4.18.0-80.7.2.el8_0" id="oval:com.redhat.rhsa:tst:20192411003" version="636">
 <red-def:object object_ref="oval:com.redhat.rhsa:obj:20191167002"/>
 <red-def:state state_ref="oval:com.redhat.rhsa:ste:20192411001"/>
</red-def:rpminfo_test>
<red-def:rpminfo_test check="at least one" comment="kernel-abi-whitelists is earlier than 0:4.18.0-80.7.2.el8_0" id="oval:com.redhat.rhsa:tst:20192411005" version="636">
 <red-def:object object_ref="oval:com.redhat.rhsa:obj:20191167003"/>
 <red-def:state state_ref="oval:com.redhat.rhsa:ste:20192411003"/>
</red-def:rpminfo_test>
<red-def:rpminfo_test check="at least one" comment="kernel-core is earlier than 0:4.18.0-80.7.2.el8_0" id="oval:com.redhat.rhsa:tst:20192411007" version="636">
 <red-def:object object_ref="oval:com.redhat.rhsa:obj:20191167004"/>
 <red-def:state state_ref="oval:com.redhat.rhsa:ste:20192411001"/>
</red-def:rpminfo_test>
<red-def:rpminfo_test check="at least one" comment="kernel-cross-headers is earlier than 0:4.18.0-80.7.2.el8_0" id="oval:com.redhat.rhsa:tst:20192411009" version="636">
 <red-def:object object_ref="oval:com.redhat.rhsa:obj:20191167005"/>
 <red-def:state state_ref="oval:com.redhat.rhsa:ste:20192411001"/>
</red-def:rpminfo_test>
<red-def:rpminfo_test check="at least one" comment="kernel-debug is earlier than 0:4.18.0-80.7.2.el8_0" id="oval:com.redhat.rhsa:tst:20192411011" version="636">
 <red-def:object object_ref="oval:com.redhat.rhsa:obj:20191167006"/>
 <red-def:state state_ref="oval:com.redhat.rhsa:ste:20192411001"/>
</red-def:rpminfo_test>
<red-def:rpminfo_test check="at least one" comment="kernel-debug-core is earlier than 0:4.18.0-80.7.2.el8_0" id="oval:com.redhat.rhsa:tst:20192411013" version="636">
 <red-def:object object_ref="oval:com.redhat.rhsa:obj:20191167007"/>
 <red-def:state state_ref="oval:com.redhat.rhsa:ste:20192411001"/>
</red-def:rpminfo_test>
<red-def:rpminfo_test check="at least one" comment="kernel-debug-devel is earlier than 0:4.18.0-80.7.2.el8_0" id="oval:com.redhat.rhsa:tst:20192411015" version="636">
 <red-def:object object_ref="oval:com.redhat.rhsa:obj:20191167008"/>
 <red-def:state state_ref="oval:com.redhat.rhsa:ste:20192411001"/>
</red-def:rpminfo_test>
<red-def:rpminfo_test check="at least one" comment="kernel-debug-modules is earlier than 0:4.18.0-80.7.2.el8_0" id="oval:com.redhat.rhsa:tst:20192411017" version="636">
 <red-def:object object_ref="oval:com.redhat.rhsa:obj:20191167009"/>
 <red-def:state state_ref="oval:com.redhat.rhsa:ste:20192411001"/>
</red-def:rpminfo_test>
<red-def:rpminfo_test check="at least one" comment="kernel-debug-modules-extra is earlier than 0:4.18.0-80.7.2.el8_0" id="oval:com.redhat.rhsa:tst:20192411019" version="636">
 <red-def:object object_ref="oval:com.redhat.rhsa:obj:20191167010"/>
 <red-def:state state_ref="oval:com.redhat.rhsa:ste:20192411001"/>
</red-def:rpminfo_test>
<red-def:rpminfo_test check="at least one" comment="kernel-devel is earlier than 0:4.18.0-80.7.2.el8_0" id="oval:com.redhat.rhsa:tst:20192411021" version="636">
 <red-def:object object_ref="oval:com.redhat.rhsa:obj:20191167011"/>
 <red-def:state state_ref="oval:com.redhat.rhsa:ste:20192411001"/>
</red-def:rpminfo_test>
<red-def:rpminfo_test check="at least one" comment="kernel-doc is earlier than 0:4.18.0-80.7.2.el8_0" id="oval:com.redhat.rhsa:tst:20192411023" version="636">
 <red-def:object object_ref="oval:com.redhat.rhsa:obj:20191167012"/>
 <red-def:state state_ref="oval:com.redhat.rhsa:ste:20192411003"/>
</red-def:rpminfo_test>
<red-def:rpminfo_test check="at least one" comment="kernel-headers is earlier than 0:4.18.0-80.7.2.el8_0" id="oval:com.redhat.rhsa:tst:20192411025" version="636">
 <red-def:object object_ref="oval:com.redhat.rhsa:obj:20191167013"/>
 <red-def:state state_ref="oval:com.redhat.rhsa:ste:20192411001"/>
</red-def:rpminfo_test>
<red-def:rpminfo_test check="at least one" comment="kernel-modules is earlier than 0:4.18.0-80.7.2.el8_0" id="oval:com.redhat.rhsa:tst:20192411027" version="636">
 <red-def:object object_ref="oval:com.redhat.rhsa:obj:20191167014"/>
 <red-def:state state_ref="oval:com.redhat.rhsa:ste:20192411001"/>
</red-def:rpminfo_test>
<red-def:rpminfo_test check="at least one" comment="kernel-modules-extra is earlier than 0:4.18.0-80.7.2.el8_0" id="oval:com.redhat.rhsa:tst:20192411029" version="636">
 <red-def:object object_ref="oval:com.redhat.rhsa:obj:20191167015"/>
 <red-def:state state_ref="oval:com.redhat.rhsa:ste:20192411001"/>
</red-def:rpminfo_test>
<red-def:rpminfo_test check="at least one" comment="kernel-tools is earlier than 0:4.18.0-80.7.2.el8_0" id="oval:com.redhat.rhsa:tst:20192411031" version="636">
 <red-def:object object_ref="oval:com.redhat.rhsa:obj:20191167016"/>
 <red-def:state state_ref="oval:com.redhat.rhsa:ste:20192411001"/>
</red-def:rpminfo_test>
<red-def:rpminfo_test check="at least one" comment="kernel-tools-libs is earlier than 0:4.18.0-80.7.2.el8_0" id="oval:com.redhat.rhsa:tst:20192411033" version="636">
 <red-def:object object_ref="oval:com.redhat.rhsa:obj:20191167017"/>
 <red-def:state state_ref="oval:com.redhat.rhsa:ste:20192411004"/>
</red-def:rpminfo_test>
<red-def:rpminfo_test check="at least one" comment="kernel-tools-libs-devel is earlier than 0:4.18.0-80.7.2.el8_0" id="oval:com.redhat.rhsa:tst:20192411035" version="636">
 <red-def:object object_ref="oval:com.redhat.rhsa:obj:20191167018"/>
 <red-def:state state_ref="oval:com.redhat.rhsa:ste:20192411004"/>
</red-def:rpminfo_test>
<red-def:rpminfo_test check="at least one" comment="kernel-zfcpdump is earlier than 0:4.18.0-80.7.2.el8_0" id="oval:com.redhat.rhsa:tst:20192411037" version="636">
 <red-def:object object_ref="oval:com.redhat.rhsa:obj:20191167019"/>
 <red-def:state state_ref="oval:com.redhat.rhsa:ste:20192411005"/>
</red-def:rpminfo_test>
<red-def:rpminfo_test check="at least one" comment="kernel-zfcpdump-core is earlier than 0:4.18.0-80.7.2.el8_0" id="oval:com.redhat.rhsa:tst:20192411039" version="636">
 <red-def:object object_ref="oval:com.redhat.rhsa:obj:20191167020"/>
 <red-def:state state_ref="oval:com.redhat.rhsa:ste:20192411005"/>
</red-def:rpminfo_test>
<red-def:rpminfo_test check="at least one" comment="kernel-zfcpdump-devel is earlier than 0:4.18.0-80.7.2.el8_0" id="oval:com.redhat.rhsa:tst:20192411041" version="636">
 <red-def:object object_ref="oval:com.redhat.rhsa:obj:20191167021"/>
 <red-def:state state_ref="oval:com.redhat.rhsa:ste:20192411005"/>
</red-def:rpminfo_test>
<red-def:rpminfo_test check="at least one" comment="kernel-zfcpdump-modules is earlier than 0:4.18.0-80.7.2.el8_0" id="oval:com.redhat.rhsa:tst:20192411043" version="636">
 <red-def:object object_ref="oval:com.redhat.rhsa:obj:20191167022"/>
 <red-def:state state_ref="oval:com.redhat.rhsa:ste:20192411005"/>
</red-def:rpminfo_test>
<red-def:rpminfo_test check="at least one" comment="kernel-zfcpdump-modules-extra is earlier than 0:4.18.0-80.7.2.el8_0" id="oval:com.redhat.rhsa:tst:20192411045" version="636">
 <red-def:object object_ref="oval:com.redhat.rhsa:obj:20191167023"/>
 <red-def:state state_ref="oval:com.redhat.rhsa:ste:20192411005"/>
</red-def:rpminfo_test>
<red-def:rpminfo_test check="at least one" comment="perf is earlier than 0:4.18.0-80.7.2.el8_0" id="oval:com.redhat.rhsa:tst:20192411047" version="636">
 <red-def:object object_ref="oval:com.redhat.rhsa:obj:20191167024"/>
 <red-def:state state_ref="oval:com.redhat.rhsa:ste:20192411001"/>
</red-def:rpminfo_test>
<red-def:rpminfo_test check="at least one" comment="python3-perf is earlier than 0:4.18.0-80.7.2.el8_0" id="oval:com.redhat.rhsa:tst:20192411049" version="636">
 <red-def:object object_ref="oval:com.redhat.rhsa:obj:20191167025"/>
 <red-def:state state_ref="oval:com.redhat.rhsa:ste:20192411001"/>
</red-def:rpminfo_test>
<red-def:rpminfo_test check="at least one" comment="ghostscript is earlier than 0:9.25-2.el8_0.2" id="oval:com.redhat.rhsa:tst:20192465001" version="634">
 <red-def:object object_ref="oval:com.redhat.rhsa:obj:20190971001"/>
 <red-def:state state_ref="oval:com.redhat.rhsa:ste:20192465001"/>
</red-def:rpminfo_test>
<red-def:rpminfo_test check="at least one" comment="ghostscript-doc is earlier than 0:9.25-2.el8_0.2" id="oval:com.redhat.rhsa:tst:20192465003" version="634">
 <red-def:object object_ref="oval:com.redhat.rhsa:obj:20190971002"/>
 <red-def:state state_ref="oval:com.redhat.rhsa:ste:20192465003"/>
</red-def:rpminfo_test>
<red-def:rpminfo_test check="at least one" comment="ghostscript-tools-dvipdf is earlier than 0:9.25-2.el8_0.2" id="oval:com.redhat.rhsa:tst:20192465005" version="634">
 <red-def:object object_ref="oval:com.redhat.rhsa:obj:20190971003"/>
 <red-def:state state_ref="oval:com.redhat.rhsa:ste:20192465001"/>
</red-def:rpminfo_test>
<red-def:rpminfo_test check="at least one" comment="ghostscript-tools-fonts is earlier than 0:9.25-2.el8_0.2" id="oval:com.redhat.rhsa:tst:20192465007" version="634">
 <red-def:object object_ref="oval:com.redhat.rhsa:obj:20190971004"/>
 <red-def:state state_ref="oval:com.redhat.rhsa:ste:20192465001"/>
</red-def:rpminfo_test>
<red-def:rpminfo_test check="at least one" comment="ghostscript-tools-printing is earlier than 0:9.25-2.el8_0.2" id="oval:com.redhat.rhsa:tst:20192465009" version="634">
 <red-def:object object_ref="oval:com.redhat.rhsa:obj:20190971005"/>
 <red-def:state state_ref="oval:com.redhat.rhsa:ste:20192465001"/>
</red-def:rpminfo_test>
<red-def:rpminfo_test check="at least one" comment="ghostscript-x11 is earlier than 0:9.25-2.el8_0.2" id="oval:com.redhat.rhsa:tst:20192465011" version="634">
 <red-def:object object_ref="oval:com.redhat.rhsa:obj:20190971006"/>
 <red-def:state state_ref="oval:com.redhat.rhsa:ste:20192465001"/>
</red-def:rpminfo_test>
<red-def:rpminfo_test check="at least one" comment="libgs is earlier than 0:9.25-2.el8_0.2" id="oval:com.redhat.rhsa:tst:20192465013" version="634">
 <red-def:object object_ref="oval:com.redhat.rhsa:obj:20190971007"/>
 <red-def:state state_ref="oval:com.redhat.rhsa:ste:20192465004"/>
</red-def:rpminfo_test>
<red-def:rpminfo_test check="at least one" comment="libgs-devel is earlier than 0:9.25-2.el8_0.2" id="oval:com.redhat.rhsa:tst:20192465015" version="634">
 <red-def:object object_ref="oval:com.redhat.rhsa:obj:20190971008"/>
 <red-def:state state_ref="oval:com.redhat.rhsa:ste:20192465004"/>
</red-def:rpminfo_test>
<red-def:rpminfo_test check="at least one" comment="mecab is earlier than 0:0.996-1.module+el8.0.0+3898+e09bb8de.9" id="oval:com.redhat.rhsa:tst:20192511001" version="636">
 <red-def:object object_ref="oval:com.redhat.rhsa:obj:20192511001"/>
 <red-def:state state_ref="oval:com.redhat.rhsa:ste:20192511001"/>
</red-def:rpminfo_test>
<red-def:rpminfo_test check="at least one" comment="mecab is signed with Red Hat redhatrelease2 key" id="oval:com.redhat.rhsa:tst:20192511002" version="636">
 <red-def:object object_ref="oval:com.redhat.rhsa:obj:20192511001"/>
 <red-def:state state_ref="oval:com.redhat.rhba:ste:20191992002"/>
</red-def:rpminfo_test>
<red-def:rpminfo_test check="at least one" comment="mecab-ipadic is earlier than 0:2.7.0.20070801-16.module+el8.0.0+3898+e09bb8de" id="oval:com.redhat.rhsa:tst:20192511003" version="636">
 <red-def:object object_ref="oval:com.redhat.rhsa:obj:20192511002"/>
 <red-def:state state_ref="oval:com.redhat.rhsa:ste:20192511003"/>
</red-def:rpminfo_test>
<red-def:rpminfo_test check="at least one" comment="mecab-ipadic is signed with Red Hat redhatrelease2 key" id="oval:com.redhat.rhsa:tst:20192511004" version="636">
 <red-def:object object_ref="oval:com.redhat.rhsa:obj:20192511002"/>
 <red-def:state state_ref="oval:com.redhat.rhba:ste:20191992002"/>
</red-def:rpminfo_test>
<red-def:rpminfo_test check="at least one" comment="mecab-ipadic-EUCJP is earlier than 0:2.7.0.20070801-16.module+el8.0.0+3898+e09bb8de" id="oval:com.redhat.rhsa:tst:20192511005" version="636">
 <red-def:object object_ref="oval:com.redhat.rhsa:obj:20192511003"/>
 <red-def:state state_ref="oval:com.redhat.rhsa:ste:20192511003"/>
</red-def:rpminfo_test>
<red-def:rpminfo_test check="at least one" comment="mecab-ipadic-EUCJP is signed with Red Hat redhatrelease2 key" id="oval:com.redhat.rhsa:tst:20192511006" version="636">
 <red-def:object object_ref="oval:com.redhat.rhsa:obj:20192511003"/>
 <red-def:state state_ref="oval:com.redhat.rhba:ste:20191992002"/>
</red-def:rpminfo_test>
<red-def:rpminfo_test check="at least one" comment="mysql is earlier than 0:8.0.17-3.module+el8.0.0+3898+e09bb8de" id="oval:com.redhat.rhsa:tst:20192511007" version="636">
 <red-def:object object_ref="oval:com.redhat.rhsa:obj:20192511004"/>
 <red-def:state state_ref="oval:com.redhat.rhsa:ste:20192511004"/>
</red-def:rpminfo_test>
<red-def:rpminfo_test check="at least one" comment="mysql is signed with Red Hat redhatrelease2 key" id="oval:com.redhat.rhsa:tst:20192511008" version="636">
 <red-def:object object_ref="oval:com.redhat.rhsa:obj:20192511004"/>
 <red-def:state state_ref="oval:com.redhat.rhba:ste:20191992002"/>
</red-def:rpminfo_test>
<red-def:rpminfo_test check="at least one" comment="mysql-common is earlier than 0:8.0.17-3.module+el8.0.0+3898+e09bb8de" id="oval:com.redhat.rhsa:tst:20192511009" version="636">
 <red-def:object object_ref="oval:com.redhat.rhsa:obj:20192511005"/>
 <red-def:state state_ref="oval:com.redhat.rhsa:ste:20192511004"/>
</red-def:rpminfo_test>
<red-def:rpminfo_test check="at least one" comment="mysql-common is signed with Red Hat redhatrelease2 key" id="oval:com.redhat.rhsa:tst:20192511010" version="636">
 <red-def:object object_ref="oval:com.redhat.rhsa:obj:20192511005"/>
 <red-def:state state_ref="oval:com.redhat.rhba:ste:20191992002"/>
</red-def:rpminfo_test>
<red-def:rpminfo_test check="at least one" comment="mysql-devel is earlier than 0:8.0.17-3.module+el8.0.0+3898+e09bb8de" id="oval:com.redhat.rhsa:tst:20192511011" version="636">
 <red-def:object object_ref="oval:com.redhat.rhsa:obj:20192511006"/>
 <red-def:state state_ref="oval:com.redhat.rhsa:ste:20192511004"/>
</red-def:rpminfo_test>
<red-def:rpminfo_test check="at least one" comment="mysql-devel is signed with Red Hat redhatrelease2 key" id="oval:com.redhat.rhsa:tst:20192511012" version="636">
 <red-def:object object_ref="oval:com.redhat.rhsa:obj:20192511006"/>
 <red-def:state state_ref="oval:com.redhat.rhba:ste:20191992002"/>
</red-def:rpminfo_test>
<red-def:rpminfo_test check="at least one" comment="mysql-errmsg is earlier than 0:8.0.17-3.module+el8.0.0+3898+e09bb8de" id="oval:com.redhat.rhsa:tst:20192511013" version="636">
 <red-def:object object_ref="oval:com.redhat.rhsa:obj:20192511007"/>
 <red-def:state state_ref="oval:com.redhat.rhsa:ste:20192511004"/>
</red-def:rpminfo_test>
<red-def:rpminfo_test check="at least one" comment="mysql-errmsg is signed with Red Hat redhatrelease2 key" id="oval:com.redhat.rhsa:tst:20192511014" version="636">
 <red-def:object object_ref="oval:com.redhat.rhsa:obj:20192511007"/>
 <red-def:state state_ref="oval:com.redhat.rhba:ste:20191992002"/>
</red-def:rpminfo_test>
<red-def:rpminfo_test check="at least one" comment="mysql-libs is earlier than 0:8.0.17-3.module+el8.0.0+3898+e09bb8de" id="oval:com.redhat.rhsa:tst:20192511015" version="636">
 <red-def:object object_ref="oval:com.redhat.rhsa:obj:20192511008"/>
 <red-def:state state_ref="oval:com.redhat.rhsa:ste:20192511004"/>
</red-def:rpminfo_test>
<red-def:rpminfo_test check="at least one" comment="mysql-libs is signed with Red Hat redhatrelease2 key" id="oval:com.redhat.rhsa:tst:20192511016" version="636">
 <red-def:object object_ref="oval:com.redhat.rhsa:obj:20192511008"/>
 <red-def:state state_ref="oval:com.redhat.rhba:ste:20191992002"/>
</red-def:rpminfo_test>
<red-def:rpminfo_test check="at least one" comment="mysql-server is earlier than 0:8.0.17-3.module+el8.0.0+3898+e09bb8de" id="oval:com.redhat.rhsa:tst:20192511017" version="636">
 <red-def:object object_ref="oval:com.redhat.rhsa:obj:20192511009"/>
 <red-def:state state_ref="oval:com.redhat.rhsa:ste:20192511004"/>
</red-def:rpminfo_test>
<red-def:rpminfo_test check="at least one" comment="mysql-server is signed with Red Hat redhatrelease2 key" id="oval:com.redhat.rhsa:tst:20192511018" version="636">
 <red-def:object object_ref="oval:com.redhat.rhsa:obj:20192511009"/>
 <red-def:state state_ref="oval:com.redhat.rhba:ste:20191992002"/>
</red-def:rpminfo_test>
<red-def:rpminfo_test check="at least one" comment="mysql-test is earlier than 0:8.0.17-3.module+el8.0.0+3898+e09bb8de" id="oval:com.redhat.rhsa:tst:20192511019" version="636">
 <red-def:object object_ref="oval:com.redhat.rhsa:obj:20192511010"/>
 <red-def:state state_ref="oval:com.redhat.rhsa:ste:20192511004"/>
</red-def:rpminfo_test>
<red-def:rpminfo_test check="at least one" comment="mysql-test is signed with Red Hat redhatrelease2 key" id="oval:com.redhat.rhsa:tst:20192511020" version="636">
 <red-def:object object_ref="oval:com.redhat.rhsa:obj:20192511010"/>
 <red-def:state state_ref="oval:com.redhat.rhba:ste:20191992002"/>
</red-def:rpminfo_test>
<ind-def:textfilecontent54_test check="all" comment="Module mysql:8.0 is enabled" id="oval:com.redhat.rhsa:tst:20192511021" version="636">
 <ind-def:object object_ref="oval:com.redhat.rhsa:obj:20192511011"/>
 <ind-def:state state_ref="oval:com.redhat.rhsa:ste:20192511005"/>
</ind-def:textfilecontent54_test>
<red-def:rpminfo_test check="at least one" comment="libserf is earlier than 0:1.3.9-9.module+el8.0.0+3900+919b6753" id="oval:com.redhat.rhsa:tst:20192512001" version="636">
 <red-def:object object_ref="oval:com.redhat.rhsa:obj:20192512001"/>
 <red-def:state state_ref="oval:com.redhat.rhsa:ste:20192512001"/>
</red-def:rpminfo_test>
<red-def:rpminfo_test check="at least one" comment="libserf is signed with Red Hat redhatrelease2 key" id="oval:com.redhat.rhsa:tst:20192512002" version="636">
 <red-def:object object_ref="oval:com.redhat.rhsa:obj:20192512001"/>
 <red-def:state state_ref="oval:com.redhat.rhba:ste:20191992002"/>
</red-def:rpminfo_test>
<red-def:rpminfo_test check="at least one" comment="mod_dav_svn is earlier than 0:1.10.2-2.module+el8.0.0+3900+919b6753" id="oval:com.redhat.rhsa:tst:20192512003" version="636">
 <red-def:object object_ref="oval:com.redhat.rhsa:obj:20192512002"/>
 <red-def:state state_ref="oval:com.redhat.rhsa:ste:20192512003"/>
</red-def:rpminfo_test>
<red-def:rpminfo_test check="at least one" comment="mod_dav_svn is signed with Red Hat redhatrelease2 key" id="oval:com.redhat.rhsa:tst:20192512004" version="636">
 <red-def:object object_ref="oval:com.redhat.rhsa:obj:20192512002"/>
 <red-def:state state_ref="oval:com.redhat.rhba:ste:20191992002"/>
</red-def:rpminfo_test>
<red-def:rpminfo_test check="at least one" comment="subversion is earlier than 0:1.10.2-2.module+el8.0.0+3900+919b6753" id="oval:com.redhat.rhsa:tst:20192512005" version="636">
 <red-def:object object_ref="oval:com.redhat.rhsa:obj:20192512003"/>
 <red-def:state state_ref="oval:com.redhat.rhsa:ste:20192512003"/>
</red-def:rpminfo_test>
<red-def:rpminfo_test check="at least one" comment="subversion is signed with Red Hat redhatrelease2 key" id="oval:com.redhat.rhsa:tst:20192512006" version="636">
 <red-def:object object_ref="oval:com.redhat.rhsa:obj:20192512003"/>
 <red-def:state state_ref="oval:com.redhat.rhba:ste:20191992002"/>
</red-def:rpminfo_test>
<red-def:rpminfo_test check="at least one" comment="subversion-devel is earlier than 0:1.10.2-2.module+el8.0.0+3900+919b6753" id="oval:com.redhat.rhsa:tst:20192512007" version="636">
 <red-def:object object_ref="oval:com.redhat.rhsa:obj:20192512004"/>
 <red-def:state state_ref="oval:com.redhat.rhsa:ste:20192512003"/>
</red-def:rpminfo_test>
<red-def:rpminfo_test check="at least one" comment="subversion-devel is signed with Red Hat redhatrelease2 key" id="oval:com.redhat.rhsa:tst:20192512008" version="636">
 <red-def:object object_ref="oval:com.redhat.rhsa:obj:20192512004"/>
 <red-def:state state_ref="oval:com.redhat.rhba:ste:20191992002"/>
</red-def:rpminfo_test>
<red-def:rpminfo_test check="at least one" comment="subversion-gnome is earlier than 0:1.10.2-2.module+el8.0.0+3900+919b6753" id="oval:com.redhat.rhsa:tst:20192512009" version="636">
 <red-def:object object_ref="oval:com.redhat.rhsa:obj:20192512005"/>
 <red-def:state state_ref="oval:com.redhat.rhsa:ste:20192512003"/>
</red-def:rpminfo_test>
<red-def:rpminfo_test check="at least one" comment="subversion-gnome is signed with Red Hat redhatrelease2 key" id="oval:com.redhat.rhsa:tst:20192512010" version="636">
 <red-def:object object_ref="oval:com.redhat.rhsa:obj:20192512005"/>
 <red-def:state state_ref="oval:com.redhat.rhba:ste:20191992002"/>
</red-def:rpminfo_test>
<red-def:rpminfo_test check="at least one" comment="subversion-javahl is earlier than 0:1.10.2-2.module+el8.0.0+3900+919b6753" id="oval:com.redhat.rhsa:tst:20192512011" version="636">
 <red-def:object object_ref="oval:com.redhat.rhsa:obj:20192512006"/>
 <red-def:state state_ref="oval:com.redhat.rhsa:ste:20192512004"/>
</red-def:rpminfo_test>
<red-def:rpminfo_test check="at least one" comment="subversion-javahl is signed with Red Hat redhatrelease2 key" id="oval:com.redhat.rhsa:tst:20192512012" version="636">
 <red-def:object object_ref="oval:com.redhat.rhsa:obj:20192512006"/>
 <red-def:state state_ref="oval:com.redhat.rhba:ste:20191992002"/>
</red-def:rpminfo_test>
<red-def:rpminfo_test check="at least one" comment="subversion-libs is earlier than 0:1.10.2-2.module+el8.0.0+3900+919b6753" id="oval:com.redhat.rhsa:tst:20192512013" version="636">
 <red-def:object object_ref="oval:com.redhat.rhsa:obj:20192512007"/>
 <red-def:state state_ref="oval:com.redhat.rhsa:ste:20192512003"/>
</red-def:rpminfo_test>
<red-def:rpminfo_test check="at least one" comment="subversion-libs is signed with Red Hat redhatrelease2 key" id="oval:com.redhat.rhsa:tst:20192512014" version="636">
 <red-def:object object_ref="oval:com.redhat.rhsa:obj:20192512007"/>
 <red-def:state state_ref="oval:com.redhat.rhba:ste:20191992002"/>
</red-def:rpminfo_test>
<red-def:rpminfo_test check="at least one" comment="subversion-perl is earlier than 0:1.10.2-2.module+el8.0.0+3900+919b6753" id="oval:com.redhat.rhsa:tst:20192512015" version="636">
 <red-def:object object_ref="oval:com.redhat.rhsa:obj:20192512008"/>
 <red-def:state state_ref="oval:com.redhat.rhsa:ste:20192512003"/>
</red-def:rpminfo_test>
<red-def:rpminfo_test check="at least one" comment="subversion-perl is signed with Red Hat redhatrelease2 key" id="oval:com.redhat.rhsa:tst:20192512016" version="636">
 <red-def:object object_ref="oval:com.redhat.rhsa:obj:20192512008"/>
 <red-def:state state_ref="oval:com.redhat.rhba:ste:20191992002"/>
</red-def:rpminfo_test>
<red-def:rpminfo_test check="at least one" comment="subversion-tools is earlier than 0:1.10.2-2.module+el8.0.0+3900+919b6753" id="oval:com.redhat.rhsa:tst:20192512017" version="636">
 <red-def:object object_ref="oval:com.redhat.rhsa:obj:20192512009"/>
 <red-def:state state_ref="oval:com.redhat.rhsa:ste:20192512003"/>
</red-def:rpminfo_test>
<red-def:rpminfo_test check="at least one" comment="subversion-tools is signed with Red Hat redhatrelease2 key" id="oval:com.redhat.rhsa:tst:20192512018" version="636">
 <red-def:object object_ref="oval:com.redhat.rhsa:obj:20192512009"/>
 <red-def:state state_ref="oval:com.redhat.rhba:ste:20191992002"/>
</red-def:rpminfo_test>
<red-def:rpminfo_test check="at least one" comment="utf8proc is earlier than 0:2.1.1-5.module+el8.0.0+3900+919b6753" id="oval:com.redhat.rhsa:tst:20192512019" version="636">
 <red-def:object object_ref="oval:com.redhat.rhsa:obj:20192512010"/>
 <red-def:state state_ref="oval:com.redhat.rhsa:ste:20192512005"/>
</red-def:rpminfo_test>
<red-def:rpminfo_test check="at least one" comment="utf8proc is signed with Red Hat redhatrelease2 key" id="oval:com.redhat.rhsa:tst:20192512020" version="636">
 <red-def:object object_ref="oval:com.redhat.rhsa:obj:20192512010"/>
 <red-def:state state_ref="oval:com.redhat.rhba:ste:20191992002"/>
</red-def:rpminfo_test>
<ind-def:textfilecontent54_test check="all" comment="Module subversion:1.10 is enabled" id="oval:com.redhat.rhsa:tst:20192512021" version="636">
 <ind-def:object object_ref="oval:com.redhat.rhsa:obj:20192512011"/>
 <ind-def:state state_ref="oval:com.redhat.rhsa:ste:20192512006"/>
</ind-def:textfilecontent54_test>
<red-def:rpminfo_test check="at least one" comment="pango is earlier than 0:1.42.4-5.el8_0" id="oval:com.redhat.rhsa:tst:20192582001" version="637">
 <red-def:object object_ref="oval:com.redhat.rhsa:obj:20192582001"/>
 <red-def:state state_ref="oval:com.redhat.rhsa:ste:20192582001"/>
</red-def:rpminfo_test>
<red-def:rpminfo_test check="at least one" comment="pango is signed with Red Hat redhatrelease2 key" id="oval:com.redhat.rhsa:tst:20192582002" version="637">
 <red-def:object object_ref="oval:com.redhat.rhsa:obj:20192582001"/>
 <red-def:state state_ref="oval:com.redhat.rhba:ste:20191992002"/>
</red-def:rpminfo_test>
<red-def:rpminfo_test check="at least one" comment="pango-devel is earlier than 0:1.42.4-5.el8_0" id="oval:com.redhat.rhsa:tst:20192582003" version="637">
 <red-def:object object_ref="oval:com.redhat.rhsa:obj:20192582002"/>
 <red-def:state state_ref="oval:com.redhat.rhsa:ste:20192582001"/>
</red-def:rpminfo_test>
<red-def:rpminfo_test check="at least one" comment="pango-devel is signed with Red Hat redhatrelease2 key" id="oval:com.redhat.rhsa:tst:20192582004" version="637">
 <red-def:object object_ref="oval:com.redhat.rhsa:obj:20192582002"/>
 <red-def:state state_ref="oval:com.redhat.rhba:ste:20191992002"/>
</red-def:rpminfo_test>
<red-def:rpminfo_test check="at least one" comment="java-1.8.0-ibm is earlier than 1:1.8.0.5.40-3.el8_0" id="oval:com.redhat.rhsa:tst:20192590001" version="636">
 <red-def:object object_ref="oval:com.redhat.rhsa:obj:20191238001"/>
 <red-def:state state_ref="oval:com.redhat.rhsa:ste:20192590001"/>
</red-def:rpminfo_test>
<red-def:rpminfo_test check="at least one" comment="java-1.8.0-ibm-demo is earlier than 1:1.8.0.5.40-3.el8_0" id="oval:com.redhat.rhsa:tst:20192590003" version="636">
 <red-def:object object_ref="oval:com.redhat.rhsa:obj:20191238002"/>
 <red-def:state state_ref="oval:com.redhat.rhsa:ste:20192590001"/>
</red-def:rpminfo_test>
<red-def:rpminfo_test check="at least one" comment="java-1.8.0-ibm-devel is earlier than 1:1.8.0.5.40-3.el8_0" id="oval:com.redhat.rhsa:tst:20192590005" version="636">
 <red-def:object object_ref="oval:com.redhat.rhsa:obj:20191238003"/>
 <red-def:state state_ref="oval:com.redhat.rhsa:ste:20192590001"/>
</red-def:rpminfo_test>
<red-def:rpminfo_test check="at least one" comment="java-1.8.0-ibm-headless is earlier than 1:1.8.0.5.40-3.el8_0" id="oval:com.redhat.rhsa:tst:20192590007" version="636">
 <red-def:object object_ref="oval:com.redhat.rhsa:obj:20191238004"/>
 <red-def:state state_ref="oval:com.redhat.rhsa:ste:20192590001"/>
</red-def:rpminfo_test>
<red-def:rpminfo_test check="at least one" comment="java-1.8.0-ibm-jdbc is earlier than 1:1.8.0.5.40-3.el8_0" id="oval:com.redhat.rhsa:tst:20192590009" version="636">
 <red-def:object object_ref="oval:com.redhat.rhsa:obj:20191238005"/>
 <red-def:state state_ref="oval:com.redhat.rhsa:ste:20192590001"/>
</red-def:rpminfo_test>
<red-def:rpminfo_test check="at least one" comment="java-1.8.0-ibm-plugin is earlier than 1:1.8.0.5.40-3.el8_0" id="oval:com.redhat.rhsa:tst:20192590011" version="636">
 <red-def:object object_ref="oval:com.redhat.rhsa:obj:20191238006"/>
 <red-def:state state_ref="oval:com.redhat.rhsa:ste:20192590003"/>
</red-def:rpminfo_test>
<red-def:rpminfo_test check="at least one" comment="java-1.8.0-ibm-src is earlier than 1:1.8.0.5.40-3.el8_0" id="oval:com.redhat.rhsa:tst:20192590013" version="636">
 <red-def:object object_ref="oval:com.redhat.rhsa:obj:20191238007"/>
 <red-def:state state_ref="oval:com.redhat.rhsa:ste:20192590001"/>
</red-def:rpminfo_test>
<red-def:rpminfo_test check="at least one" comment="java-1.8.0-ibm-webstart is earlier than 1:1.8.0.5.40-3.el8_0" id="oval:com.redhat.rhsa:tst:20192590015" version="636">
 <red-def:object object_ref="oval:com.redhat.rhsa:obj:20191238008"/>
 <red-def:state state_ref="oval:com.redhat.rhsa:ste:20192590003"/>
</red-def:rpminfo_test>
<red-def:rpminfo_test check="at least one" comment="ghostscript is earlier than 0:9.25-2.el8_0.3" id="oval:com.redhat.rhsa:tst:20192591001" version="636">
 <red-def:object object_ref="oval:com.redhat.rhsa:obj:20190971001"/>
 <red-def:state state_ref="oval:com.redhat.rhsa:ste:20192591001"/>
</red-def:rpminfo_test>
<red-def:rpminfo_test check="at least one" comment="ghostscript-doc is earlier than 0:9.25-2.el8_0.3" id="oval:com.redhat.rhsa:tst:20192591003" version="636">
 <red-def:object object_ref="oval:com.redhat.rhsa:obj:20190971002"/>
 <red-def:state state_ref="oval:com.redhat.rhsa:ste:20192591003"/>
</red-def:rpminfo_test>
<red-def:rpminfo_test check="at least one" comment="ghostscript-tools-dvipdf is earlier than 0:9.25-2.el8_0.3" id="oval:com.redhat.rhsa:tst:20192591005" version="636">
 <red-def:object object_ref="oval:com.redhat.rhsa:obj:20190971003"/>
 <red-def:state state_ref="oval:com.redhat.rhsa:ste:20192591001"/>
</red-def:rpminfo_test>
<red-def:rpminfo_test check="at least one" comment="ghostscript-tools-fonts is earlier than 0:9.25-2.el8_0.3" id="oval:com.redhat.rhsa:tst:20192591007" version="636">
 <red-def:object object_ref="oval:com.redhat.rhsa:obj:20190971004"/>
 <red-def:state state_ref="oval:com.redhat.rhsa:ste:20192591001"/>
</red-def:rpminfo_test>
<red-def:rpminfo_test check="at least one" comment="ghostscript-tools-printing is earlier than 0:9.25-2.el8_0.3" id="oval:com.redhat.rhsa:tst:20192591009" version="636">
 <red-def:object object_ref="oval:com.redhat.rhsa:obj:20190971005"/>
 <red-def:state state_ref="oval:com.redhat.rhsa:ste:20192591001"/>
</red-def:rpminfo_test>
<red-def:rpminfo_test check="at least one" comment="ghostscript-x11 is earlier than 0:9.25-2.el8_0.3" id="oval:com.redhat.rhsa:tst:20192591011" version="636">
 <red-def:object object_ref="oval:com.redhat.rhsa:obj:20190971006"/>
 <red-def:state state_ref="oval:com.redhat.rhsa:ste:20192591001"/>
</red-def:rpminfo_test>
<red-def:rpminfo_test check="at least one" comment="libgs is earlier than 0:9.25-2.el8_0.3" id="oval:com.redhat.rhsa:tst:20192591013" version="636">
 <red-def:object object_ref="oval:com.redhat.rhsa:obj:20190971007"/>
 <red-def:state state_ref="oval:com.redhat.rhsa:ste:20192591004"/>
</red-def:rpminfo_test>
<red-def:rpminfo_test check="at least one" comment="libgs-devel is earlier than 0:9.25-2.el8_0.3" id="oval:com.redhat.rhsa:tst:20192591015" version="636">
 <red-def:object object_ref="oval:com.redhat.rhsa:obj:20190971008"/>
 <red-def:state state_ref="oval:com.redhat.rhsa:ste:20192591004"/>
</red-def:rpminfo_test>
<red-def:rpminfo_test check="at least one" comment="libecap is earlier than 0:1.0.1-2.module+el8.0.0+4045+70edde92" id="oval:com.redhat.rhsa:tst:20192593001" version="635">
 <red-def:object object_ref="oval:com.redhat.rhsa:obj:20192593001"/>
 <red-def:state state_ref="oval:com.redhat.rhsa:ste:20192593001"/>
</red-def:rpminfo_test>
<red-def:rpminfo_test check="at least one" comment="libecap is signed with Red Hat redhatrelease2 key" id="oval:com.redhat.rhsa:tst:20192593002" version="635">
 <red-def:object object_ref="oval:com.redhat.rhsa:obj:20192593001"/>
 <red-def:state state_ref="oval:com.redhat.rhba:ste:20191992002"/>
</red-def:rpminfo_test>
<red-def:rpminfo_test check="at least one" comment="libecap-devel is earlier than 0:1.0.1-2.module+el8.0.0+4045+70edde92" id="oval:com.redhat.rhsa:tst:20192593003" version="635">
 <red-def:object object_ref="oval:com.redhat.rhsa:obj:20192593002"/>
 <red-def:state state_ref="oval:com.redhat.rhsa:ste:20192593001"/>
</red-def:rpminfo_test>
<red-def:rpminfo_test check="at least one" comment="libecap-devel is signed with Red Hat redhatrelease2 key" id="oval:com.redhat.rhsa:tst:20192593004" version="635">
 <red-def:object object_ref="oval:com.redhat.rhsa:obj:20192593002"/>
 <red-def:state state_ref="oval:com.redhat.rhba:ste:20191992002"/>
</red-def:rpminfo_test>
<red-def:rpminfo_test check="at least one" comment="squid is earlier than 7:4.4-5.module+el8.0.0+4045+70edde92" id="oval:com.redhat.rhsa:tst:20192593005" version="635">
 <red-def:object object_ref="oval:com.redhat.rhsa:obj:20192593003"/>
 <red-def:state state_ref="oval:com.redhat.rhsa:ste:20192593003"/>
</red-def:rpminfo_test>
<red-def:rpminfo_test check="at least one" comment="squid is signed with Red Hat redhatrelease2 key" id="oval:com.redhat.rhsa:tst:20192593006" version="635">
 <red-def:object object_ref="oval:com.redhat.rhsa:obj:20192593003"/>
 <red-def:state state_ref="oval:com.redhat.rhba:ste:20191992002"/>
</red-def:rpminfo_test>
<ind-def:textfilecontent54_test check="all" comment="Module squid:4 is enabled" id="oval:com.redhat.rhsa:tst:20192593007" version="635">
 <ind-def:object object_ref="oval:com.redhat.rhsa:obj:20192593004"/>
 <ind-def:state state_ref="oval:com.redhat.rhsa:ste:20192593004"/>
</ind-def:textfilecontent54_test>
<red-def:rpminfo_test check="at least one" comment="firefox is earlier than 0:68.1.0-1.el8_0" id="oval:com.redhat.rhsa:tst:20192663001" version="637">
 <red-def:object object_ref="oval:com.redhat.rhsa:obj:20190966001"/>
 <red-def:state state_ref="oval:com.redhat.rhsa:ste:20192663001"/>
</red-def:rpminfo_test>
<red-def:rpminfo_test check="at least one" comment="libnghttp2 is earlier than 0:1.33.0-1.el8_0.1" id="oval:com.redhat.rhsa:tst:20192692001" version="635">
 <red-def:object object_ref="oval:com.redhat.rhsa:obj:20192692001"/>
 <red-def:state state_ref="oval:com.redhat.rhsa:ste:20192692001"/>
</red-def:rpminfo_test>
<red-def:rpminfo_test check="at least one" comment="libnghttp2 is signed with Red Hat redhatrelease2 key" id="oval:com.redhat.rhsa:tst:20192692002" version="635">
 <red-def:object object_ref="oval:com.redhat.rhsa:obj:20192692001"/>
 <red-def:state state_ref="oval:com.redhat.rhba:ste:20191992002"/>
</red-def:rpminfo_test>
<red-def:rpminfo_test check="at least one" comment="libnghttp2-devel is earlier than 0:1.33.0-1.el8_0.1" id="oval:com.redhat.rhsa:tst:20192692003" version="635">
 <red-def:object object_ref="oval:com.redhat.rhsa:obj:20192692002"/>
 <red-def:state state_ref="oval:com.redhat.rhsa:ste:20192692001"/>
</red-def:rpminfo_test>
<red-def:rpminfo_test check="at least one" comment="libnghttp2-devel is signed with Red Hat redhatrelease2 key" id="oval:com.redhat.rhsa:tst:20192692004" version="635">
 <red-def:object object_ref="oval:com.redhat.rhsa:obj:20192692002"/>
 <red-def:state state_ref="oval:com.redhat.rhba:ste:20191992002"/>
</red-def:rpminfo_test>
<red-def:rpminfo_test check="at least one" comment="nghttp2 is earlier than 0:1.33.0-1.el8_0.1" id="oval:com.redhat.rhsa:tst:20192692005" version="635">
 <red-def:object object_ref="oval:com.redhat.rhsa:obj:20192692003"/>
 <red-def:state state_ref="oval:com.redhat.rhsa:ste:20192692003"/>
</red-def:rpminfo_test>
<red-def:rpminfo_test check="at least one" comment="nghttp2 is signed with Red Hat redhatrelease2 key" id="oval:com.redhat.rhsa:tst:20192692006" version="635">
 <red-def:object object_ref="oval:com.redhat.rhsa:obj:20192692003"/>
 <red-def:state state_ref="oval:com.redhat.rhba:ste:20191992002"/>
</red-def:rpminfo_test>
<red-def:rpminfo_test check="at least one" comment="bpftool is earlier than 0:4.18.0-80.11.1.el8_0" id="oval:com.redhat.rhsa:tst:20192703001" version="636">
 <red-def:object object_ref="oval:com.redhat.rhsa:obj:20191167001"/>
 <red-def:state state_ref="oval:com.redhat.rhsa:ste:20192703001"/>
</red-def:rpminfo_test>
<red-def:rpminfo_test check="at least one" comment="kernel is earlier than 0:4.18.0-80.11.1.el8_0" id="oval:com.redhat.rhsa:tst:20192703003" version="636">
 <red-def:object object_ref="oval:com.redhat.rhsa:obj:20191167002"/>
 <red-def:state state_ref="oval:com.redhat.rhsa:ste:20192703001"/>
</red-def:rpminfo_test>
<red-def:rpminfo_test check="at least one" comment="kernel-abi-whitelists is earlier than 0:4.18.0-80.11.1.el8_0" id="oval:com.redhat.rhsa:tst:20192703005" version="636">
 <red-def:object object_ref="oval:com.redhat.rhsa:obj:20191167003"/>
 <red-def:state state_ref="oval:com.redhat.rhsa:ste:20192703003"/>
</red-def:rpminfo_test>
<red-def:rpminfo_test check="at least one" comment="kernel-core is earlier than 0:4.18.0-80.11.1.el8_0" id="oval:com.redhat.rhsa:tst:20192703007" version="636">
 <red-def:object object_ref="oval:com.redhat.rhsa:obj:20191167004"/>
 <red-def:state state_ref="oval:com.redhat.rhsa:ste:20192703001"/>
</red-def:rpminfo_test>
<red-def:rpminfo_test check="at least one" comment="kernel-cross-headers is earlier than 0:4.18.0-80.11.1.el8_0" id="oval:com.redhat.rhsa:tst:20192703009" version="636">
 <red-def:object object_ref="oval:com.redhat.rhsa:obj:20191167005"/>
 <red-def:state state_ref="oval:com.redhat.rhsa:ste:20192703001"/>
</red-def:rpminfo_test>
<red-def:rpminfo_test check="at least one" comment="kernel-debug is earlier than 0:4.18.0-80.11.1.el8_0" id="oval:com.redhat.rhsa:tst:20192703011" version="636">
 <red-def:object object_ref="oval:com.redhat.rhsa:obj:20191167006"/>
 <red-def:state state_ref="oval:com.redhat.rhsa:ste:20192703001"/>
</red-def:rpminfo_test>
<red-def:rpminfo_test check="at least one" comment="kernel-debug-core is earlier than 0:4.18.0-80.11.1.el8_0" id="oval:com.redhat.rhsa:tst:20192703013" version="636">
 <red-def:object object_ref="oval:com.redhat.rhsa:obj:20191167007"/>
 <red-def:state state_ref="oval:com.redhat.rhsa:ste:20192703001"/>
</red-def:rpminfo_test>
<red-def:rpminfo_test check="at least one" comment="kernel-debug-devel is earlier than 0:4.18.0-80.11.1.el8_0" id="oval:com.redhat.rhsa:tst:20192703015" version="636">
 <red-def:object object_ref="oval:com.redhat.rhsa:obj:20191167008"/>
 <red-def:state state_ref="oval:com.redhat.rhsa:ste:20192703001"/>
</red-def:rpminfo_test>
<red-def:rpminfo_test check="at least one" comment="kernel-debug-modules is earlier than 0:4.18.0-80.11.1.el8_0" id="oval:com.redhat.rhsa:tst:20192703017" version="636">
 <red-def:object object_ref="oval:com.redhat.rhsa:obj:20191167009"/>
 <red-def:state state_ref="oval:com.redhat.rhsa:ste:20192703001"/>
</red-def:rpminfo_test>
<red-def:rpminfo_test check="at least one" comment="kernel-debug-modules-extra is earlier than 0:4.18.0-80.11.1.el8_0" id="oval:com.redhat.rhsa:tst:20192703019" version="636">
 <red-def:object object_ref="oval:com.redhat.rhsa:obj:20191167010"/>
 <red-def:state state_ref="oval:com.redhat.rhsa:ste:20192703001"/>
</red-def:rpminfo_test>
<red-def:rpminfo_test check="at least one" comment="kernel-devel is earlier than 0:4.18.0-80.11.1.el8_0" id="oval:com.redhat.rhsa:tst:20192703021" version="636">
 <red-def:object object_ref="oval:com.redhat.rhsa:obj:20191167011"/>
 <red-def:state state_ref="oval:com.redhat.rhsa:ste:20192703001"/>
</red-def:rpminfo_test>
<red-def:rpminfo_test check="at least one" comment="kernel-doc is earlier than 0:4.18.0-80.11.1.el8_0" id="oval:com.redhat.rhsa:tst:20192703023" version="636">
 <red-def:object object_ref="oval:com.redhat.rhsa:obj:20191167012"/>
 <red-def:state state_ref="oval:com.redhat.rhsa:ste:20192703003"/>
</red-def:rpminfo_test>
<red-def:rpminfo_test check="at least one" comment="kernel-headers is earlier than 0:4.18.0-80.11.1.el8_0" id="oval:com.redhat.rhsa:tst:20192703025" version="636">
 <red-def:object object_ref="oval:com.redhat.rhsa:obj:20191167013"/>
 <red-def:state state_ref="oval:com.redhat.rhsa:ste:20192703001"/>
</red-def:rpminfo_test>
<red-def:rpminfo_test check="at least one" comment="kernel-modules is earlier than 0:4.18.0-80.11.1.el8_0" id="oval:com.redhat.rhsa:tst:20192703027" version="636">
 <red-def:object object_ref="oval:com.redhat.rhsa:obj:20191167014"/>
 <red-def:state state_ref="oval:com.redhat.rhsa:ste:20192703001"/>
</red-def:rpminfo_test>
<red-def:rpminfo_test check="at least one" comment="kernel-modules-extra is earlier than 0:4.18.0-80.11.1.el8_0" id="oval:com.redhat.rhsa:tst:20192703029" version="636">
 <red-def:object object_ref="oval:com.redhat.rhsa:obj:20191167015"/>
 <red-def:state state_ref="oval:com.redhat.rhsa:ste:20192703001"/>
</red-def:rpminfo_test>
<red-def:rpminfo_test check="at least one" comment="kernel-tools is earlier than 0:4.18.0-80.11.1.el8_0" id="oval:com.redhat.rhsa:tst:20192703031" version="636">
 <red-def:object object_ref="oval:com.redhat.rhsa:obj:20191167016"/>
 <red-def:state state_ref="oval:com.redhat.rhsa:ste:20192703001"/>
</red-def:rpminfo_test>
<red-def:rpminfo_test check="at least one" comment="kernel-tools-libs is earlier than 0:4.18.0-80.11.1.el8_0" id="oval:com.redhat.rhsa:tst:20192703033" version="636">
 <red-def:object object_ref="oval:com.redhat.rhsa:obj:20191167017"/>
 <red-def:state state_ref="oval:com.redhat.rhsa:ste:20192703004"/>
</red-def:rpminfo_test>
<red-def:rpminfo_test check="at least one" comment="kernel-tools-libs-devel is earlier than 0:4.18.0-80.11.1.el8_0" id="oval:com.redhat.rhsa:tst:20192703035" version="636">
 <red-def:object object_ref="oval:com.redhat.rhsa:obj:20191167018"/>
 <red-def:state state_ref="oval:com.redhat.rhsa:ste:20192703004"/>
</red-def:rpminfo_test>
<red-def:rpminfo_test check="at least one" comment="kernel-zfcpdump is earlier than 0:4.18.0-80.11.1.el8_0" id="oval:com.redhat.rhsa:tst:20192703037" version="636">
 <red-def:object object_ref="oval:com.redhat.rhsa:obj:20191167019"/>
 <red-def:state state_ref="oval:com.redhat.rhsa:ste:20192703005"/>
</red-def:rpminfo_test>
<red-def:rpminfo_test check="at least one" comment="kernel-zfcpdump-core is earlier than 0:4.18.0-80.11.1.el8_0" id="oval:com.redhat.rhsa:tst:20192703039" version="636">
 <red-def:object object_ref="oval:com.redhat.rhsa:obj:20191167020"/>
 <red-def:state state_ref="oval:com.redhat.rhsa:ste:20192703005"/>
</red-def:rpminfo_test>
<red-def:rpminfo_test check="at least one" comment="kernel-zfcpdump-devel is earlier than 0:4.18.0-80.11.1.el8_0" id="oval:com.redhat.rhsa:tst:20192703041" version="636">
 <red-def:object object_ref="oval:com.redhat.rhsa:obj:20191167021"/>
 <red-def:state state_ref="oval:com.redhat.rhsa:ste:20192703005"/>
</red-def:rpminfo_test>
<red-def:rpminfo_test check="at least one" comment="kernel-zfcpdump-modules is earlier than 0:4.18.0-80.11.1.el8_0" id="oval:com.redhat.rhsa:tst:20192703043" version="636">
 <red-def:object object_ref="oval:com.redhat.rhsa:obj:20191167022"/>
 <red-def:state state_ref="oval:com.redhat.rhsa:ste:20192703005"/>
</red-def:rpminfo_test>
<red-def:rpminfo_test check="at least one" comment="kernel-zfcpdump-modules-extra is earlier than 0:4.18.0-80.11.1.el8_0" id="oval:com.redhat.rhsa:tst:20192703045" version="636">
 <red-def:object object_ref="oval:com.redhat.rhsa:obj:20191167023"/>
 <red-def:state state_ref="oval:com.redhat.rhsa:ste:20192703005"/>
</red-def:rpminfo_test>
<red-def:rpminfo_test check="at least one" comment="perf is earlier than 0:4.18.0-80.11.1.el8_0" id="oval:com.redhat.rhsa:tst:20192703047" version="636">
 <red-def:object object_ref="oval:com.redhat.rhsa:obj:20191167024"/>
 <red-def:state state_ref="oval:com.redhat.rhsa:ste:20192703001"/>
</red-def:rpminfo_test>
<red-def:rpminfo_test check="at least one" comment="python3-perf is earlier than 0:4.18.0-80.11.1.el8_0" id="oval:com.redhat.rhsa:tst:20192703049" version="636">
 <red-def:object object_ref="oval:com.redhat.rhsa:obj:20191167025"/>
 <red-def:state state_ref="oval:com.redhat.rhsa:ste:20192703001"/>
</red-def:rpminfo_test>
<unix-def:uname_test check="at least one" comment="kernel earlier than 0:4.18.0-80.11.1.el8_0 is currently running" id="oval:com.redhat.rhsa:tst:20192703051" version="636">
 <unix-def:object object_ref="oval:com.redhat.rhsa:obj:20191167026"/>
 <unix-def:state state_ref="oval:com.redhat.rhsa:ste:20192703006"/>
</unix-def:uname_test>
<ind-def:textfilecontent54_test check="all" comment="kernel earlier than 0:4.18.0-80.11.1.el8_0 is set to boot up on next boot" id="oval:com.redhat.rhsa:tst:20192703052" version="636">
 <ind-def:object object_ref="oval:com.redhat.rhsa:obj:20191167027"/>
 <ind-def:state state_ref="oval:com.redhat.rhsa:ste:20192703007"/>
</ind-def:textfilecontent54_test>
<red-def:rpminfo_test check="at least one" comment="poppler is earlier than 0:0.66.0-11.el8_0.12" id="oval:com.redhat.rhsa:tst:20192713001" version="636">
 <red-def:object object_ref="oval:com.redhat.rhsa:obj:20192713001"/>
 <red-def:state state_ref="oval:com.redhat.rhsa:ste:20192713001"/>
</red-def:rpminfo_test>
<red-def:rpminfo_test check="at least one" comment="poppler is signed with Red Hat redhatrelease2 key" id="oval:com.redhat.rhsa:tst:20192713002" version="636">
 <red-def:object object_ref="oval:com.redhat.rhsa:obj:20192713001"/>
 <red-def:state state_ref="oval:com.redhat.rhba:ste:20191992002"/>
</red-def:rpminfo_test>
<red-def:rpminfo_test check="at least one" comment="poppler-cpp is earlier than 0:0.66.0-11.el8_0.12" id="oval:com.redhat.rhsa:tst:20192713003" version="636">
 <red-def:object object_ref="oval:com.redhat.rhsa:obj:20192713002"/>
 <red-def:state state_ref="oval:com.redhat.rhsa:ste:20192713001"/>
</red-def:rpminfo_test>
<red-def:rpminfo_test check="at least one" comment="poppler-cpp is signed with Red Hat redhatrelease2 key" id="oval:com.redhat.rhsa:tst:20192713004" version="636">
 <red-def:object object_ref="oval:com.redhat.rhsa:obj:20192713002"/>
 <red-def:state state_ref="oval:com.redhat.rhba:ste:20191992002"/>
</red-def:rpminfo_test>
<red-def:rpminfo_test check="at least one" comment="poppler-cpp-devel is earlier than 0:0.66.0-11.el8_0.12" id="oval:com.redhat.rhsa:tst:20192713005" version="636">
 <red-def:object object_ref="oval:com.redhat.rhsa:obj:20192713003"/>
 <red-def:state state_ref="oval:com.redhat.rhsa:ste:20192713001"/>
</red-def:rpminfo_test>
<red-def:rpminfo_test check="at least one" comment="poppler-cpp-devel is signed with Red Hat redhatrelease2 key" id="oval:com.redhat.rhsa:tst:20192713006" version="636">
 <red-def:object object_ref="oval:com.redhat.rhsa:obj:20192713003"/>
 <red-def:state state_ref="oval:com.redhat.rhba:ste:20191992002"/>
</red-def:rpminfo_test>
<red-def:rpminfo_test check="at least one" comment="poppler-devel is earlier than 0:0.66.0-11.el8_0.12" id="oval:com.redhat.rhsa:tst:20192713007" version="636">
 <red-def:object object_ref="oval:com.redhat.rhsa:obj:20192713004"/>
 <red-def:state state_ref="oval:com.redhat.rhsa:ste:20192713001"/>
</red-def:rpminfo_test>
<red-def:rpminfo_test check="at least one" comment="poppler-devel is signed with Red Hat redhatrelease2 key" id="oval:com.redhat.rhsa:tst:20192713008" version="636">
 <red-def:object object_ref="oval:com.redhat.rhsa:obj:20192713004"/>
 <red-def:state state_ref="oval:com.redhat.rhba:ste:20191992002"/>
</red-def:rpminfo_test>
<red-def:rpminfo_test check="at least one" comment="poppler-glib is earlier than 0:0.66.0-11.el8_0.12" id="oval:com.redhat.rhsa:tst:20192713009" version="636">
 <red-def:object object_ref="oval:com.redhat.rhsa:obj:20192713005"/>
 <red-def:state state_ref="oval:com.redhat.rhsa:ste:20192713001"/>
</red-def:rpminfo_test>
<red-def:rpminfo_test check="at least one" comment="poppler-glib is signed with Red Hat redhatrelease2 key" id="oval:com.redhat.rhsa:tst:20192713010" version="636">
 <red-def:object object_ref="oval:com.redhat.rhsa:obj:20192713005"/>
 <red-def:state state_ref="oval:com.redhat.rhba:ste:20191992002"/>
</red-def:rpminfo_test>
<red-def:rpminfo_test check="at least one" comment="poppler-glib-devel is earlier than 0:0.66.0-11.el8_0.12" id="oval:com.redhat.rhsa:tst:20192713011" version="636">
 <red-def:object object_ref="oval:com.redhat.rhsa:obj:20192713006"/>
 <red-def:state state_ref="oval:com.redhat.rhsa:ste:20192713001"/>
</red-def:rpminfo_test>
<red-def:rpminfo_test check="at least one" comment="poppler-glib-devel is signed with Red Hat redhatrelease2 key" id="oval:com.redhat.rhsa:tst:20192713012" version="636">
 <red-def:object object_ref="oval:com.redhat.rhsa:obj:20192713006"/>
 <red-def:state state_ref="oval:com.redhat.rhba:ste:20191992002"/>
</red-def:rpminfo_test>
<red-def:rpminfo_test check="at least one" comment="poppler-qt5 is earlier than 0:0.66.0-11.el8_0.12" id="oval:com.redhat.rhsa:tst:20192713013" version="636">
 <red-def:object object_ref="oval:com.redhat.rhsa:obj:20192713007"/>
 <red-def:state state_ref="oval:com.redhat.rhsa:ste:20192713001"/>
</red-def:rpminfo_test>
<red-def:rpminfo_test check="at least one" comment="poppler-qt5 is signed with Red Hat redhatrelease2 key" id="oval:com.redhat.rhsa:tst:20192713014" version="636">
 <red-def:object object_ref="oval:com.redhat.rhsa:obj:20192713007"/>
 <red-def:state state_ref="oval:com.redhat.rhba:ste:20191992002"/>
</red-def:rpminfo_test>
<red-def:rpminfo_test check="at least one" comment="poppler-qt5-devel is earlier than 0:0.66.0-11.el8_0.12" id="oval:com.redhat.rhsa:tst:20192713015" version="636">
 <red-def:object object_ref="oval:com.redhat.rhsa:obj:20192713008"/>
 <red-def:state state_ref="oval:com.redhat.rhsa:ste:20192713001"/>
</red-def:rpminfo_test>
<red-def:rpminfo_test check="at least one" comment="poppler-qt5-devel is signed with Red Hat redhatrelease2 key" id="oval:com.redhat.rhsa:tst:20192713016" version="636">
 <red-def:object object_ref="oval:com.redhat.rhsa:obj:20192713008"/>
 <red-def:state state_ref="oval:com.redhat.rhba:ste:20191992002"/>
</red-def:rpminfo_test>
<red-def:rpminfo_test check="at least one" comment="poppler-utils is earlier than 0:0.66.0-11.el8_0.12" id="oval:com.redhat.rhsa:tst:20192713017" version="636">
 <red-def:object object_ref="oval:com.redhat.rhsa:obj:20192713009"/>
 <red-def:state state_ref="oval:com.redhat.rhsa:ste:20192713003"/>
</red-def:rpminfo_test>
<red-def:rpminfo_test check="at least one" comment="poppler-utils is signed with Red Hat redhatrelease2 key" id="oval:com.redhat.rhsa:tst:20192713018" version="636">
 <red-def:object object_ref="oval:com.redhat.rhsa:obj:20192713009"/>
 <red-def:state state_ref="oval:com.redhat.rhba:ste:20191992002"/>
</red-def:rpminfo_test>
<red-def:rpminfo_test check="at least one" comment="apache-commons-collections is earlier than 0:3.2.2-10.module+el8.0.0+3892+c903d3f0" id="oval:com.redhat.rhsa:tst:20192720001" version="636">
 <red-def:object object_ref="oval:com.redhat.rhba:obj:20193416001"/>
 <red-def:state state_ref="oval:com.redhat.rhsa:ste:20192720001"/>
</red-def:rpminfo_test>
<red-def:rpminfo_test check="at least one" comment="apache-commons-lang is earlier than 0:2.6-21.module+el8.0.0+3892+c903d3f0" id="oval:com.redhat.rhsa:tst:20192720003" version="636">
 <red-def:object object_ref="oval:com.redhat.rhba:obj:20193416002"/>
 <red-def:state state_ref="oval:com.redhat.rhsa:ste:20192720003"/>
</red-def:rpminfo_test>
<red-def:rpminfo_test check="at least one" comment="bea-stax-api is earlier than 0:1.2.0-16.module+el8.0.0+3892+c903d3f0" id="oval:com.redhat.rhsa:tst:20192720005" version="636">
 <red-def:object object_ref="oval:com.redhat.rhba:obj:20193416003"/>
 <red-def:state state_ref="oval:com.redhat.rhsa:ste:20192720004"/>
</red-def:rpminfo_test>
<red-def:rpminfo_test check="at least one" comment="glassfish-fastinfoset is earlier than 0:1.2.13-9.module+el8.0.0+3892+c903d3f0" id="oval:com.redhat.rhsa:tst:20192720007" version="636">
 <red-def:object object_ref="oval:com.redhat.rhba:obj:20193416004"/>
 <red-def:state state_ref="oval:com.redhat.rhsa:ste:20192720005"/>
</red-def:rpminfo_test>
<red-def:rpminfo_test check="at least one" comment="glassfish-jaxb-api is earlier than 0:2.2.12-8.module+el8.0.0+3892+c903d3f0" id="oval:com.redhat.rhsa:tst:20192720009" version="636">
 <red-def:object object_ref="oval:com.redhat.rhba:obj:20193416005"/>
 <red-def:state state_ref="oval:com.redhat.rhsa:ste:20192720006"/>
</red-def:rpminfo_test>
<red-def:rpminfo_test check="at least one" comment="glassfish-jaxb-core is earlier than 0:2.2.11-11.module+el8.0.0+3892+c903d3f0" id="oval:com.redhat.rhsa:tst:20192720011" version="636">
 <red-def:object object_ref="oval:com.redhat.rhba:obj:20193416006"/>
 <red-def:state state_ref="oval:com.redhat.rhsa:ste:20192720007"/>
</red-def:rpminfo_test>
<red-def:rpminfo_test check="at least one" comment="glassfish-jaxb-runtime is earlier than 0:2.2.11-11.module+el8.0.0+3892+c903d3f0" id="oval:com.redhat.rhsa:tst:20192720013" version="636">
 <red-def:object object_ref="oval:com.redhat.rhba:obj:20193416007"/>
 <red-def:state state_ref="oval:com.redhat.rhsa:ste:20192720007"/>
</red-def:rpminfo_test>
<red-def:rpminfo_test check="at least one" comment="glassfish-jaxb-txw2 is earlier than 0:2.2.11-11.module+el8.0.0+3892+c903d3f0" id="oval:com.redhat.rhsa:tst:20192720015" version="636">
 <red-def:object object_ref="oval:com.redhat.rhba:obj:20193416008"/>
 <red-def:state state_ref="oval:com.redhat.rhsa:ste:20192720007"/>
</red-def:rpminfo_test>
<red-def:rpminfo_test check="at least one" comment="jackson-annotations is earlier than 0:2.9.9-1.module+el8.0.0+3892+c903d3f0" id="oval:com.redhat.rhsa:tst:20192720017" version="636">
 <red-def:object object_ref="oval:com.redhat.rhba:obj:20193416009"/>
 <red-def:state state_ref="oval:com.redhat.rhsa:ste:20192720008"/>
</red-def:rpminfo_test>
<red-def:rpminfo_test check="at least one" comment="jackson-core is earlier than 0:2.9.9-1.module+el8.0.0+3892+c903d3f0" id="oval:com.redhat.rhsa:tst:20192720019" version="636">
 <red-def:object object_ref="oval:com.redhat.rhba:obj:20193416010"/>
 <red-def:state state_ref="oval:com.redhat.rhsa:ste:20192720008"/>
</red-def:rpminfo_test>
<red-def:rpminfo_test check="at least one" comment="jackson-databind is earlier than 0:2.9.9.2-1.module+el8.0.0+3892+c903d3f0" id="oval:com.redhat.rhsa:tst:20192720021" version="636">
 <red-def:object object_ref="oval:com.redhat.rhba:obj:20193416011"/>
 <red-def:state state_ref="oval:com.redhat.rhsa:ste:20192720009"/>
</red-def:rpminfo_test>
<red-def:rpminfo_test check="at least one" comment="jackson-jaxrs-json-provider is earlier than 0:2.9.9-1.module+el8.0.0+3892+c903d3f0" id="oval:com.redhat.rhsa:tst:20192720023" version="636">
 <red-def:object object_ref="oval:com.redhat.rhba:obj:20193416012"/>
 <red-def:state state_ref="oval:com.redhat.rhsa:ste:20192720008"/>
</red-def:rpminfo_test>
<red-def:rpminfo_test check="at least one" comment="jackson-jaxrs-providers is earlier than 0:2.9.9-1.module+el8.0.0+3892+c903d3f0" id="oval:com.redhat.rhsa:tst:20192720025" version="636">
 <red-def:object object_ref="oval:com.redhat.rhba:obj:20193416013"/>
 <red-def:state state_ref="oval:com.redhat.rhsa:ste:20192720008"/>
</red-def:rpminfo_test>
<red-def:rpminfo_test check="at least one" comment="jackson-module-jaxb-annotations is earlier than 0:2.7.6-4.module+el8.0.0+3892+c903d3f0" id="oval:com.redhat.rhsa:tst:20192720027" version="636">
 <red-def:object object_ref="oval:com.redhat.rhba:obj:20193416014"/>
 <red-def:state state_ref="oval:com.redhat.rhsa:ste:20192720010"/>
</red-def:rpminfo_test>
<red-def:rpminfo_test check="at least one" comment="jakarta-commons-httpclient is earlier than 1:3.1-28.module+el8.0.0+3892+c903d3f0" id="oval:com.redhat.rhsa:tst:20192720029" version="636">
 <red-def:object object_ref="oval:com.redhat.rhba:obj:20193416015"/>
 <red-def:state state_ref="oval:com.redhat.rhsa:ste:20192720011"/>
</red-def:rpminfo_test>
<red-def:rpminfo_test check="at least one" comment="javassist is earlier than 0:3.18.1-8.module+el8.0.0+3892+c903d3f0" id="oval:com.redhat.rhsa:tst:20192720031" version="636">
 <red-def:object object_ref="oval:com.redhat.rhba:obj:20193416016"/>
 <red-def:state state_ref="oval:com.redhat.rhsa:ste:20192720012"/>
</red-def:rpminfo_test>
<red-def:rpminfo_test check="at least one" comment="javassist-javadoc is earlier than 0:3.18.1-8.module+el8.0.0+3892+c903d3f0" id="oval:com.redhat.rhsa:tst:20192720033" version="636">
 <red-def:object object_ref="oval:com.redhat.rhba:obj:20193416017"/>
 <red-def:state state_ref="oval:com.redhat.rhsa:ste:20192720012"/>
</red-def:rpminfo_test>
<red-def:rpminfo_test check="at least one" comment="pki-servlet-4.0-api is earlier than 1:9.0.7-14.module+el8.0.0+3892+c903d3f0" id="oval:com.redhat.rhsa:tst:20192720035" version="636">
 <red-def:object object_ref="oval:com.redhat.rhba:obj:20193416018"/>
 <red-def:state state_ref="oval:com.redhat.rhsa:ste:20192720013"/>
</red-def:rpminfo_test>
<red-def:rpminfo_test check="at least one" comment="pki-servlet-container is earlier than 1:9.0.7-14.module+el8.0.0+3892+c903d3f0" id="oval:com.redhat.rhsa:tst:20192720037" version="636">
 <red-def:object object_ref="oval:com.redhat.rhsa:obj:20191529019"/>
 <red-def:state state_ref="oval:com.redhat.rhsa:ste:20192720013"/>
</red-def:rpminfo_test>
<red-def:rpminfo_test check="at least one" comment="python-nss-doc is earlier than 0:1.0.1-10.module+el8.0.0+3892+c903d3f0" id="oval:com.redhat.rhsa:tst:20192720039" version="636">
 <red-def:object object_ref="oval:com.redhat.rhba:obj:20193416020"/>
 <red-def:state state_ref="oval:com.redhat.rhsa:ste:20192720014"/>
</red-def:rpminfo_test>
<red-def:rpminfo_test check="at least one" comment="python3-nss is earlier than 0:1.0.1-10.module+el8.0.0+3892+c903d3f0" id="oval:com.redhat.rhsa:tst:20192720041" version="636">
 <red-def:object object_ref="oval:com.redhat.rhba:obj:20193416021"/>
 <red-def:state state_ref="oval:com.redhat.rhsa:ste:20192720014"/>
</red-def:rpminfo_test>
<red-def:rpminfo_test check="at least one" comment="relaxngDatatype is earlier than 0:2011.1-7.module+el8.0.0+3892+c903d3f0" id="oval:com.redhat.rhsa:tst:20192720043" version="636">
 <red-def:object object_ref="oval:com.redhat.rhba:obj:20193416022"/>
 <red-def:state state_ref="oval:com.redhat.rhsa:ste:20192720015"/>
</red-def:rpminfo_test>
<red-def:rpminfo_test check="at least one" comment="resteasy is earlier than 0:3.0.26-3.module+el8.0.0+3892+c903d3f0" id="oval:com.redhat.rhsa:tst:20192720045" version="636">
 <red-def:object object_ref="oval:com.redhat.rhba:obj:20193416023"/>
 <red-def:state state_ref="oval:com.redhat.rhsa:ste:20192720016"/>
</red-def:rpminfo_test>
<red-def:rpminfo_test check="at least one" comment="slf4j is earlier than 0:1.7.25-4.module+el8.0.0+3892+c903d3f0" id="oval:com.redhat.rhsa:tst:20192720047" version="636">
 <red-def:object object_ref="oval:com.redhat.rhba:obj:20193416024"/>
 <red-def:state state_ref="oval:com.redhat.rhsa:ste:20192720017"/>
</red-def:rpminfo_test>
<red-def:rpminfo_test check="at least one" comment="slf4j-jdk14 is earlier than 0:1.7.25-4.module+el8.0.0+3892+c903d3f0" id="oval:com.redhat.rhsa:tst:20192720049" version="636">
 <red-def:object object_ref="oval:com.redhat.rhba:obj:20193416025"/>
 <red-def:state state_ref="oval:com.redhat.rhsa:ste:20192720017"/>
</red-def:rpminfo_test>
<red-def:rpminfo_test check="at least one" comment="stax-ex is earlier than 0:1.7.7-8.module+el8.0.0+3892+c903d3f0" id="oval:com.redhat.rhsa:tst:20192720051" version="636">
 <red-def:object object_ref="oval:com.redhat.rhba:obj:20193416026"/>
 <red-def:state state_ref="oval:com.redhat.rhsa:ste:20192720018"/>
</red-def:rpminfo_test>
<red-def:rpminfo_test check="at least one" comment="velocity is earlier than 0:1.7-24.module+el8.0.0+3892+c903d3f0" id="oval:com.redhat.rhsa:tst:20192720053" version="636">
 <red-def:object object_ref="oval:com.redhat.rhba:obj:20193416027"/>
 <red-def:state state_ref="oval:com.redhat.rhsa:ste:20192720019"/>
</red-def:rpminfo_test>
<red-def:rpminfo_test check="at least one" comment="xalan-j2 is earlier than 0:2.7.1-38.module+el8.0.0+3892+c903d3f0" id="oval:com.redhat.rhsa:tst:20192720055" version="636">
 <red-def:object object_ref="oval:com.redhat.rhba:obj:20193416028"/>
 <red-def:state state_ref="oval:com.redhat.rhsa:ste:20192720020"/>
</red-def:rpminfo_test>
<red-def:rpminfo_test check="at least one" comment="xerces-j2 is earlier than 0:2.11.0-34.module+el8.0.0+3892+c903d3f0" id="oval:com.redhat.rhsa:tst:20192720057" version="636">
 <red-def:object object_ref="oval:com.redhat.rhba:obj:20193416029"/>
 <red-def:state state_ref="oval:com.redhat.rhsa:ste:20192720021"/>
</red-def:rpminfo_test>
<red-def:rpminfo_test check="at least one" comment="xml-commons-apis is earlier than 0:1.4.01-25.module+el8.0.0+3892+c903d3f0" id="oval:com.redhat.rhsa:tst:20192720059" version="636">
 <red-def:object object_ref="oval:com.redhat.rhba:obj:20193416030"/>
 <red-def:state state_ref="oval:com.redhat.rhsa:ste:20192720022"/>
</red-def:rpminfo_test>
<red-def:rpminfo_test check="at least one" comment="xml-commons-resolver is earlier than 0:1.2-26.module+el8.0.0+3892+c903d3f0" id="oval:com.redhat.rhsa:tst:20192720061" version="636">
 <red-def:object object_ref="oval:com.redhat.rhba:obj:20193416031"/>
 <red-def:state state_ref="oval:com.redhat.rhsa:ste:20192720023"/>
</red-def:rpminfo_test>
<red-def:rpminfo_test check="at least one" comment="xmlstreambuffer is earlier than 0:1.5.4-8.module+el8.0.0+3892+c903d3f0" id="oval:com.redhat.rhsa:tst:20192720063" version="636">
 <red-def:object object_ref="oval:com.redhat.rhba:obj:20193416032"/>
 <red-def:state state_ref="oval:com.redhat.rhsa:ste:20192720024"/>
</red-def:rpminfo_test>
<red-def:rpminfo_test check="at least one" comment="xsom is earlier than 0:0-19.20110809svn.module+el8.0.0+3892+c903d3f0" id="oval:com.redhat.rhsa:tst:20192720065" version="636">
 <red-def:object object_ref="oval:com.redhat.rhba:obj:20193416033"/>
 <red-def:state state_ref="oval:com.redhat.rhsa:ste:20192720025"/>
</red-def:rpminfo_test>
<red-def:rpminfo_test check="at least one" comment="libwmf is earlier than 0:0.2.9-8.el8_0" id="oval:com.redhat.rhsa:tst:20192722001" version="637">
 <red-def:object object_ref="oval:com.redhat.rhsa:obj:20192722001"/>
 <red-def:state state_ref="oval:com.redhat.rhsa:ste:20192722001"/>
</red-def:rpminfo_test>
<red-def:rpminfo_test check="at least one" comment="libwmf is signed with Red Hat redhatrelease2 key" id="oval:com.redhat.rhsa:tst:20192722002" version="637">
 <red-def:object object_ref="oval:com.redhat.rhsa:obj:20192722001"/>
 <red-def:state state_ref="oval:com.redhat.rhba:ste:20191992002"/>
</red-def:rpminfo_test>
<red-def:rpminfo_test check="at least one" comment="libwmf-devel is earlier than 0:0.2.9-8.el8_0" id="oval:com.redhat.rhsa:tst:20192722003" version="637">
 <red-def:object object_ref="oval:com.redhat.rhsa:obj:20192722002"/>
 <red-def:state state_ref="oval:com.redhat.rhsa:ste:20192722001"/>
</red-def:rpminfo_test>
<red-def:rpminfo_test check="at least one" comment="libwmf-devel is signed with Red Hat redhatrelease2 key" id="oval:com.redhat.rhsa:tst:20192722004" version="637">
 <red-def:object object_ref="oval:com.redhat.rhsa:obj:20192722002"/>
 <red-def:state state_ref="oval:com.redhat.rhba:ste:20191992002"/>
</red-def:rpminfo_test>
<red-def:rpminfo_test check="at least one" comment="libwmf-lite is earlier than 0:0.2.9-8.el8_0" id="oval:com.redhat.rhsa:tst:20192722005" version="637">
 <red-def:object object_ref="oval:com.redhat.rhsa:obj:20192722003"/>
 <red-def:state state_ref="oval:com.redhat.rhsa:ste:20192722001"/>
</red-def:rpminfo_test>
<red-def:rpminfo_test check="at least one" comment="libwmf-lite is signed with Red Hat redhatrelease2 key" id="oval:com.redhat.rhsa:tst:20192722006" version="637">
 <red-def:object object_ref="oval:com.redhat.rhsa:obj:20192722003"/>
 <red-def:state state_ref="oval:com.redhat.rhba:ste:20191992002"/>
</red-def:rpminfo_test>
<red-def:rpminfo_test check="at least one" comment="go-toolset is earlier than 0:1.11.13-1.module+el8.0.1+4087+d8180914" id="oval:com.redhat.rhsa:tst:20192726001" version="637">
 <red-def:object object_ref="oval:com.redhat.rhba:obj:20236928002"/>
 <red-def:state state_ref="oval:com.redhat.rhsa:ste:20192726001"/>
</red-def:rpminfo_test>
<red-def:rpminfo_test check="at least one" comment="golang is earlier than 0:1.11.13-2.module+el8.0.1+4087+d8180914" id="oval:com.redhat.rhsa:tst:20192726003" version="637">
 <red-def:object object_ref="oval:com.redhat.rhba:obj:20236928003"/>
 <red-def:state state_ref="oval:com.redhat.rhsa:ste:20192726003"/>
</red-def:rpminfo_test>
<red-def:rpminfo_test check="at least one" comment="golang-bin is earlier than 0:1.11.13-2.module+el8.0.1+4087+d8180914" id="oval:com.redhat.rhsa:tst:20192726005" version="637">
 <red-def:object object_ref="oval:com.redhat.rhba:obj:20236928004"/>
 <red-def:state state_ref="oval:com.redhat.rhsa:ste:20192726003"/>
</red-def:rpminfo_test>
<red-def:rpminfo_test check="at least one" comment="golang-docs is earlier than 0:1.11.13-2.module+el8.0.1+4087+d8180914" id="oval:com.redhat.rhsa:tst:20192726007" version="637">
 <red-def:object object_ref="oval:com.redhat.rhba:obj:20236928005"/>
 <red-def:state state_ref="oval:com.redhat.rhsa:ste:20192726004"/>
</red-def:rpminfo_test>
<red-def:rpminfo_test check="at least one" comment="golang-misc is earlier than 0:1.11.13-2.module+el8.0.1+4087+d8180914" id="oval:com.redhat.rhsa:tst:20192726009" version="637">
 <red-def:object object_ref="oval:com.redhat.rhba:obj:20236928006"/>
 <red-def:state state_ref="oval:com.redhat.rhsa:ste:20192726004"/>
</red-def:rpminfo_test>
<red-def:rpminfo_test check="at least one" comment="golang-race is earlier than 0:1.11.13-2.module+el8.0.1+4087+d8180914" id="oval:com.redhat.rhsa:tst:20192726011" version="637">
 <red-def:object object_ref="oval:com.redhat.rhsa:obj:20191519006"/>
 <red-def:state state_ref="oval:com.redhat.rhsa:ste:20192726005"/>
</red-def:rpminfo_test>
<red-def:rpminfo_test check="at least one" comment="golang-src is earlier than 0:1.11.13-2.module+el8.0.1+4087+d8180914" id="oval:com.redhat.rhsa:tst:20192726013" version="637">
 <red-def:object object_ref="oval:com.redhat.rhba:obj:20236928007"/>
 <red-def:state state_ref="oval:com.redhat.rhsa:ste:20192726004"/>
</red-def:rpminfo_test>
<red-def:rpminfo_test check="at least one" comment="golang-tests is earlier than 0:1.11.13-2.module+el8.0.1+4087+d8180914" id="oval:com.redhat.rhsa:tst:20192726015" version="637">
 <red-def:object object_ref="oval:com.redhat.rhba:obj:20236928008"/>
 <red-def:state state_ref="oval:com.redhat.rhsa:ste:20192726004"/>
</red-def:rpminfo_test>
<red-def:rpminfo_test check="at least one" comment="dotnet is earlier than 0:2.1.509-1.el8_0" id="oval:com.redhat.rhsa:tst:20192731001" version="638">
 <red-def:object object_ref="oval:com.redhat.rhba:obj:20225747003"/>
 <red-def:state state_ref="oval:com.redhat.rhsa:ste:20192731001"/>
</red-def:rpminfo_test>
<red-def:rpminfo_test check="at least one" comment="dotnet-host is earlier than 0:2.1.13-1.el8_0" id="oval:com.redhat.rhsa:tst:20192731003" version="638">
 <red-def:object object_ref="oval:com.redhat.rhba:obj:20225747005"/>
 <red-def:state state_ref="oval:com.redhat.rhsa:ste:20192731003"/>
</red-def:rpminfo_test>
<red-def:rpminfo_test check="at least one" comment="dotnet-host-fxr-2.1 is earlier than 0:2.1.13-1.el8_0" id="oval:com.redhat.rhsa:tst:20192731005" version="638">
 <red-def:object object_ref="oval:com.redhat.rhsa:obj:20191259003"/>
 <red-def:state state_ref="oval:com.redhat.rhsa:ste:20192731003"/>
</red-def:rpminfo_test>
<red-def:rpminfo_test check="at least one" comment="dotnet-runtime-2.1 is earlier than 0:2.1.13-1.el8_0" id="oval:com.redhat.rhsa:tst:20192731007" version="638">
 <red-def:object object_ref="oval:com.redhat.rhsa:obj:20191259004"/>
 <red-def:state state_ref="oval:com.redhat.rhsa:ste:20192731003"/>
</red-def:rpminfo_test>
<red-def:rpminfo_test check="at least one" comment="dotnet-sdk-2.1 is earlier than 0:2.1.509-1.el8_0" id="oval:com.redhat.rhsa:tst:20192731009" version="638">
 <red-def:object object_ref="oval:com.redhat.rhsa:obj:20191259005"/>
 <red-def:state state_ref="oval:com.redhat.rhsa:ste:20192731001"/>
</red-def:rpminfo_test>
<red-def:rpminfo_test check="at least one" comment="dotnet-sdk-2.1.5xx is earlier than 0:2.1.509-1.el8_0" id="oval:com.redhat.rhsa:tst:20192731011" version="638">
 <red-def:object object_ref="oval:com.redhat.rhsa:obj:20191259006"/>
 <red-def:state state_ref="oval:com.redhat.rhsa:ste:20192731001"/>
</red-def:rpminfo_test>
<red-def:rpminfo_test check="at least one" comment="kernel-rt is earlier than 0:4.18.0-80.11.1.rt9.156.el8_0" id="oval:com.redhat.rhsa:tst:20192741001" version="639">
 <red-def:object object_ref="oval:com.redhat.rhsa:obj:20191174001"/>
 <red-def:state state_ref="oval:com.redhat.rhsa:ste:20192741001"/>
</red-def:rpminfo_test>
<red-def:rpminfo_test check="at least one" comment="kernel-rt-core is earlier than 0:4.18.0-80.11.1.rt9.156.el8_0" id="oval:com.redhat.rhsa:tst:20192741003" version="639">
 <red-def:object object_ref="oval:com.redhat.rhsa:obj:20191174002"/>
 <red-def:state state_ref="oval:com.redhat.rhsa:ste:20192741001"/>
</red-def:rpminfo_test>
<red-def:rpminfo_test check="at least one" comment="kernel-rt-debug is earlier than 0:4.18.0-80.11.1.rt9.156.el8_0" id="oval:com.redhat.rhsa:tst:20192741005" version="639">
 <red-def:object object_ref="oval:com.redhat.rhsa:obj:20191174003"/>
 <red-def:state state_ref="oval:com.redhat.rhsa:ste:20192741001"/>
</red-def:rpminfo_test>
<red-def:rpminfo_test check="at least one" comment="kernel-rt-debug-core is earlier than 0:4.18.0-80.11.1.rt9.156.el8_0" id="oval:com.redhat.rhsa:tst:20192741007" version="639">
 <red-def:object object_ref="oval:com.redhat.rhsa:obj:20191174004"/>
 <red-def:state state_ref="oval:com.redhat.rhsa:ste:20192741001"/>
</red-def:rpminfo_test>
<red-def:rpminfo_test check="at least one" comment="kernel-rt-debug-devel is earlier than 0:4.18.0-80.11.1.rt9.156.el8_0" id="oval:com.redhat.rhsa:tst:20192741009" version="639">
 <red-def:object object_ref="oval:com.redhat.rhsa:obj:20191174005"/>
 <red-def:state state_ref="oval:com.redhat.rhsa:ste:20192741001"/>
</red-def:rpminfo_test>
<red-def:rpminfo_test check="at least one" comment="kernel-rt-debug-kvm is earlier than 0:4.18.0-80.11.1.rt9.156.el8_0" id="oval:com.redhat.rhsa:tst:20192741011" version="639">
 <red-def:object object_ref="oval:com.redhat.rhsa:obj:20191174006"/>
 <red-def:state state_ref="oval:com.redhat.rhsa:ste:20192741001"/>
</red-def:rpminfo_test>
<red-def:rpminfo_test check="at least one" comment="kernel-rt-debug-modules is earlier than 0:4.18.0-80.11.1.rt9.156.el8_0" id="oval:com.redhat.rhsa:tst:20192741013" version="639">
 <red-def:object object_ref="oval:com.redhat.rhsa:obj:20191174007"/>
 <red-def:state state_ref="oval:com.redhat.rhsa:ste:20192741001"/>
</red-def:rpminfo_test>
<red-def:rpminfo_test check="at least one" comment="kernel-rt-debug-modules-extra is earlier than 0:4.18.0-80.11.1.rt9.156.el8_0" id="oval:com.redhat.rhsa:tst:20192741015" version="639">
 <red-def:object object_ref="oval:com.redhat.rhsa:obj:20191174008"/>
 <red-def:state state_ref="oval:com.redhat.rhsa:ste:20192741001"/>
</red-def:rpminfo_test>
<red-def:rpminfo_test check="at least one" comment="kernel-rt-devel is earlier than 0:4.18.0-80.11.1.rt9.156.el8_0" id="oval:com.redhat.rhsa:tst:20192741017" version="639">
 <red-def:object object_ref="oval:com.redhat.rhsa:obj:20191174009"/>
 <red-def:state state_ref="oval:com.redhat.rhsa:ste:20192741001"/>
</red-def:rpminfo_test>
<red-def:rpminfo_test check="at least one" comment="kernel-rt-kvm is earlier than 0:4.18.0-80.11.1.rt9.156.el8_0" id="oval:com.redhat.rhsa:tst:20192741019" version="639">
 <red-def:object object_ref="oval:com.redhat.rhsa:obj:20191174010"/>
 <red-def:state state_ref="oval:com.redhat.rhsa:ste:20192741001"/>
</red-def:rpminfo_test>
<red-def:rpminfo_test check="at least one" comment="kernel-rt-modules is earlier than 0:4.18.0-80.11.1.rt9.156.el8_0" id="oval:com.redhat.rhsa:tst:20192741021" version="639">
 <red-def:object object_ref="oval:com.redhat.rhsa:obj:20191174011"/>
 <red-def:state state_ref="oval:com.redhat.rhsa:ste:20192741001"/>
</red-def:rpminfo_test>
<red-def:rpminfo_test check="at least one" comment="kernel-rt-modules-extra is earlier than 0:4.18.0-80.11.1.rt9.156.el8_0" id="oval:com.redhat.rhsa:tst:20192741023" version="639">
 <red-def:object object_ref="oval:com.redhat.rhsa:obj:20191174012"/>
 <red-def:state state_ref="oval:com.redhat.rhsa:ste:20192741001"/>
</red-def:rpminfo_test>
<red-def:rpminfo_test check="at least one" comment="thunderbird is earlier than 0:60.9.0-2.el8_0" id="oval:com.redhat.rhsa:tst:20192774001" version="635">
 <red-def:object object_ref="oval:com.redhat.rhsa:obj:20191144001"/>
 <red-def:state state_ref="oval:com.redhat.rhsa:ste:20192774001"/>
</red-def:rpminfo_test>
<red-def:rpminfo_test check="at least one" comment="patch is earlier than 0:2.7.6-9.el8_0" id="oval:com.redhat.rhsa:tst:20192798001" version="636">
 <red-def:object object_ref="oval:com.redhat.rhsa:obj:20192798001"/>
 <red-def:state state_ref="oval:com.redhat.rhsa:ste:20192798001"/>
</red-def:rpminfo_test>
<red-def:rpminfo_test check="at least one" comment="patch is signed with Red Hat redhatrelease2 key" id="oval:com.redhat.rhsa:tst:20192798002" version="636">
 <red-def:object object_ref="oval:com.redhat.rhsa:obj:20192798001"/>
 <red-def:state state_ref="oval:com.redhat.rhba:ste:20191992002"/>
</red-def:rpminfo_test>
<red-def:rpminfo_test check="at least one" comment="nginx is earlier than 1:1.14.1-9.module+el8.0.0+4108+af250afe" id="oval:com.redhat.rhsa:tst:20192799001" version="636">
 <red-def:object object_ref="oval:com.redhat.rhsa:obj:20192799001"/>
 <red-def:state state_ref="oval:com.redhat.rhsa:ste:20192799001"/>
</red-def:rpminfo_test>
<red-def:rpminfo_test check="at least one" comment="nginx is signed with Red Hat redhatrelease2 key" id="oval:com.redhat.rhsa:tst:20192799002" version="636">
 <red-def:object object_ref="oval:com.redhat.rhsa:obj:20192799001"/>
 <red-def:state state_ref="oval:com.redhat.rhba:ste:20191992002"/>
</red-def:rpminfo_test>
<red-def:rpminfo_test check="at least one" comment="nginx-all-modules is earlier than 1:1.14.1-9.module+el8.0.0+4108+af250afe" id="oval:com.redhat.rhsa:tst:20192799003" version="636">
 <red-def:object object_ref="oval:com.redhat.rhsa:obj:20192799002"/>
 <red-def:state state_ref="oval:com.redhat.rhsa:ste:20192799003"/>
</red-def:rpminfo_test>
<red-def:rpminfo_test check="at least one" comment="nginx-all-modules is signed with Red Hat redhatrelease2 key" id="oval:com.redhat.rhsa:tst:20192799004" version="636">
 <red-def:object object_ref="oval:com.redhat.rhsa:obj:20192799002"/>
 <red-def:state state_ref="oval:com.redhat.rhba:ste:20191992002"/>
</red-def:rpminfo_test>
<red-def:rpminfo_test check="at least one" comment="nginx-filesystem is earlier than 1:1.14.1-9.module+el8.0.0+4108+af250afe" id="oval:com.redhat.rhsa:tst:20192799005" version="636">
 <red-def:object object_ref="oval:com.redhat.rhsa:obj:20192799003"/>
 <red-def:state state_ref="oval:com.redhat.rhsa:ste:20192799003"/>
</red-def:rpminfo_test>
<red-def:rpminfo_test check="at least one" comment="nginx-filesystem is signed with Red Hat redhatrelease2 key" id="oval:com.redhat.rhsa:tst:20192799006" version="636">
 <red-def:object object_ref="oval:com.redhat.rhsa:obj:20192799003"/>
 <red-def:state state_ref="oval:com.redhat.rhba:ste:20191992002"/>
</red-def:rpminfo_test>
<red-def:rpminfo_test check="at least one" comment="nginx-mod-http-image-filter is earlier than 1:1.14.1-9.module+el8.0.0+4108+af250afe" id="oval:com.redhat.rhsa:tst:20192799007" version="636">
 <red-def:object object_ref="oval:com.redhat.rhsa:obj:20192799004"/>
 <red-def:state state_ref="oval:com.redhat.rhsa:ste:20192799001"/>
</red-def:rpminfo_test>
<red-def:rpminfo_test check="at least one" comment="nginx-mod-http-image-filter is signed with Red Hat redhatrelease2 key" id="oval:com.redhat.rhsa:tst:20192799008" version="636">
 <red-def:object object_ref="oval:com.redhat.rhsa:obj:20192799004"/>
 <red-def:state state_ref="oval:com.redhat.rhba:ste:20191992002"/>
</red-def:rpminfo_test>
<red-def:rpminfo_test check="at least one" comment="nginx-mod-http-perl is earlier than 1:1.14.1-9.module+el8.0.0+4108+af250afe" id="oval:com.redhat.rhsa:tst:20192799009" version="636">
 <red-def:object object_ref="oval:com.redhat.rhsa:obj:20192799005"/>
 <red-def:state state_ref="oval:com.redhat.rhsa:ste:20192799001"/>
</red-def:rpminfo_test>
<red-def:rpminfo_test check="at least one" comment="nginx-mod-http-perl is signed with Red Hat redhatrelease2 key" id="oval:com.redhat.rhsa:tst:20192799010" version="636">
 <red-def:object object_ref="oval:com.redhat.rhsa:obj:20192799005"/>
 <red-def:state state_ref="oval:com.redhat.rhba:ste:20191992002"/>
</red-def:rpminfo_test>
<red-def:rpminfo_test check="at least one" comment="nginx-mod-http-xslt-filter is earlier than 1:1.14.1-9.module+el8.0.0+4108+af250afe" id="oval:com.redhat.rhsa:tst:20192799011" version="636">
 <red-def:object object_ref="oval:com.redhat.rhsa:obj:20192799006"/>
 <red-def:state state_ref="oval:com.redhat.rhsa:ste:20192799001"/>
</red-def:rpminfo_test>
<red-def:rpminfo_test check="at least one" comment="nginx-mod-http-xslt-filter is signed with Red Hat redhatrelease2 key" id="oval:com.redhat.rhsa:tst:20192799012" version="636">
 <red-def:object object_ref="oval:com.redhat.rhsa:obj:20192799006"/>
 <red-def:state state_ref="oval:com.redhat.rhba:ste:20191992002"/>
</red-def:rpminfo_test>
<red-def:rpminfo_test check="at least one" comment="nginx-mod-mail is earlier than 1:1.14.1-9.module+el8.0.0+4108+af250afe" id="oval:com.redhat.rhsa:tst:20192799013" version="636">
 <red-def:object object_ref="oval:com.redhat.rhsa:obj:20192799007"/>
 <red-def:state state_ref="oval:com.redhat.rhsa:ste:20192799001"/>
</red-def:rpminfo_test>
<red-def:rpminfo_test check="at least one" comment="nginx-mod-mail is signed with Red Hat redhatrelease2 key" id="oval:com.redhat.rhsa:tst:20192799014" version="636">
 <red-def:object object_ref="oval:com.redhat.rhsa:obj:20192799007"/>
 <red-def:state state_ref="oval:com.redhat.rhba:ste:20191992002"/>
</red-def:rpminfo_test>
<red-def:rpminfo_test check="at least one" comment="nginx-mod-stream is earlier than 1:1.14.1-9.module+el8.0.0+4108+af250afe" id="oval:com.redhat.rhsa:tst:20192799015" version="636">
 <red-def:object object_ref="oval:com.redhat.rhsa:obj:20192799008"/>
 <red-def:state state_ref="oval:com.redhat.rhsa:ste:20192799001"/>
</red-def:rpminfo_test>
<red-def:rpminfo_test check="at least one" comment="nginx-mod-stream is signed with Red Hat redhatrelease2 key" id="oval:com.redhat.rhsa:tst:20192799016" version="636">
 <red-def:object object_ref="oval:com.redhat.rhsa:obj:20192799008"/>
 <red-def:state state_ref="oval:com.redhat.rhba:ste:20191992002"/>
</red-def:rpminfo_test>
<ind-def:textfilecontent54_test check="all" comment="Module nginx:1.14 is enabled" id="oval:com.redhat.rhsa:tst:20192799017" version="636">
 <ind-def:object object_ref="oval:com.redhat.rhsa:obj:20192799009"/>
 <ind-def:state state_ref="oval:com.redhat.rhsa:ste:20192799004"/>
</ind-def:textfilecontent54_test>
<red-def:rpminfo_test check="at least one" comment="dovecot is earlier than 1:2.2.36-5.el8_0.1" id="oval:com.redhat.rhsa:tst:20192822001" version="637">
 <red-def:object object_ref="oval:com.redhat.rhsa:obj:20192822001"/>
 <red-def:state state_ref="oval:com.redhat.rhsa:ste:20192822001"/>
</red-def:rpminfo_test>
<red-def:rpminfo_test check="at least one" comment="dovecot is signed with Red Hat redhatrelease2 key" id="oval:com.redhat.rhsa:tst:20192822002" version="637">
 <red-def:object object_ref="oval:com.redhat.rhsa:obj:20192822001"/>
 <red-def:state state_ref="oval:com.redhat.rhba:ste:20191992002"/>
</red-def:rpminfo_test>
<red-def:rpminfo_test check="at least one" comment="dovecot-devel is earlier than 1:2.2.36-5.el8_0.1" id="oval:com.redhat.rhsa:tst:20192822003" version="637">
 <red-def:object object_ref="oval:com.redhat.rhsa:obj:20192822002"/>
 <red-def:state state_ref="oval:com.redhat.rhsa:ste:20192822001"/>
</red-def:rpminfo_test>
<red-def:rpminfo_test check="at least one" comment="dovecot-devel is signed with Red Hat redhatrelease2 key" id="oval:com.redhat.rhsa:tst:20192822004" version="637">
 <red-def:object object_ref="oval:com.redhat.rhsa:obj:20192822002"/>
 <red-def:state state_ref="oval:com.redhat.rhba:ste:20191992002"/>
</red-def:rpminfo_test>
<red-def:rpminfo_test check="at least one" comment="dovecot-mysql is earlier than 1:2.2.36-5.el8_0.1" id="oval:com.redhat.rhsa:tst:20192822005" version="637">
 <red-def:object object_ref="oval:com.redhat.rhsa:obj:20192822003"/>
 <red-def:state state_ref="oval:com.redhat.rhsa:ste:20192822003"/>
</red-def:rpminfo_test>
<red-def:rpminfo_test check="at least one" comment="dovecot-mysql is signed with Red Hat redhatrelease2 key" id="oval:com.redhat.rhsa:tst:20192822006" version="637">
 <red-def:object object_ref="oval:com.redhat.rhsa:obj:20192822003"/>
 <red-def:state state_ref="oval:com.redhat.rhba:ste:20191992002"/>
</red-def:rpminfo_test>
<red-def:rpminfo_test check="at least one" comment="dovecot-pgsql is earlier than 1:2.2.36-5.el8_0.1" id="oval:com.redhat.rhsa:tst:20192822007" version="637">
 <red-def:object object_ref="oval:com.redhat.rhsa:obj:20192822004"/>
 <red-def:state state_ref="oval:com.redhat.rhsa:ste:20192822003"/>
</red-def:rpminfo_test>
<red-def:rpminfo_test check="at least one" comment="dovecot-pgsql is signed with Red Hat redhatrelease2 key" id="oval:com.redhat.rhsa:tst:20192822008" version="637">
 <red-def:object object_ref="oval:com.redhat.rhsa:obj:20192822004"/>
 <red-def:state state_ref="oval:com.redhat.rhba:ste:20191992002"/>
</red-def:rpminfo_test>
<red-def:rpminfo_test check="at least one" comment="bpftool is earlier than 0:4.18.0-80.11.2.el8_0" id="oval:com.redhat.rhsa:tst:20192827001" version="636">
 <red-def:object object_ref="oval:com.redhat.rhsa:obj:20191167001"/>
 <red-def:state state_ref="oval:com.redhat.rhsa:ste:20192827001"/>
</red-def:rpminfo_test>
<red-def:rpminfo_test check="at least one" comment="kernel is earlier than 0:4.18.0-80.11.2.el8_0" id="oval:com.redhat.rhsa:tst:20192827003" version="636">
 <red-def:object object_ref="oval:com.redhat.rhsa:obj:20191167002"/>
 <red-def:state state_ref="oval:com.redhat.rhsa:ste:20192827001"/>
</red-def:rpminfo_test>
<red-def:rpminfo_test check="at least one" comment="kernel-abi-whitelists is earlier than 0:4.18.0-80.11.2.el8_0" id="oval:com.redhat.rhsa:tst:20192827005" version="636">
 <red-def:object object_ref="oval:com.redhat.rhsa:obj:20191167003"/>
 <red-def:state state_ref="oval:com.redhat.rhsa:ste:20192827003"/>
</red-def:rpminfo_test>
<red-def:rpminfo_test check="at least one" comment="kernel-core is earlier than 0:4.18.0-80.11.2.el8_0" id="oval:com.redhat.rhsa:tst:20192827007" version="636">
 <red-def:object object_ref="oval:com.redhat.rhsa:obj:20191167004"/>
 <red-def:state state_ref="oval:com.redhat.rhsa:ste:20192827001"/>
</red-def:rpminfo_test>
<red-def:rpminfo_test check="at least one" comment="kernel-cross-headers is earlier than 0:4.18.0-80.11.2.el8_0" id="oval:com.redhat.rhsa:tst:20192827009" version="636">
 <red-def:object object_ref="oval:com.redhat.rhsa:obj:20191167005"/>
 <red-def:state state_ref="oval:com.redhat.rhsa:ste:20192827001"/>
</red-def:rpminfo_test>
<red-def:rpminfo_test check="at least one" comment="kernel-debug is earlier than 0:4.18.0-80.11.2.el8_0" id="oval:com.redhat.rhsa:tst:20192827011" version="636">
 <red-def:object object_ref="oval:com.redhat.rhsa:obj:20191167006"/>
 <red-def:state state_ref="oval:com.redhat.rhsa:ste:20192827001"/>
</red-def:rpminfo_test>
<red-def:rpminfo_test check="at least one" comment="kernel-debug-core is earlier than 0:4.18.0-80.11.2.el8_0" id="oval:com.redhat.rhsa:tst:20192827013" version="636">
 <red-def:object object_ref="oval:com.redhat.rhsa:obj:20191167007"/>
 <red-def:state state_ref="oval:com.redhat.rhsa:ste:20192827001"/>
</red-def:rpminfo_test>
<red-def:rpminfo_test check="at least one" comment="kernel-debug-devel is earlier than 0:4.18.0-80.11.2.el8_0" id="oval:com.redhat.rhsa:tst:20192827015" version="636">
 <red-def:object object_ref="oval:com.redhat.rhsa:obj:20191167008"/>
 <red-def:state state_ref="oval:com.redhat.rhsa:ste:20192827001"/>
</red-def:rpminfo_test>
<red-def:rpminfo_test check="at least one" comment="kernel-debug-modules is earlier than 0:4.18.0-80.11.2.el8_0" id="oval:com.redhat.rhsa:tst:20192827017" version="636">
 <red-def:object object_ref="oval:com.redhat.rhsa:obj:20191167009"/>
 <red-def:state state_ref="oval:com.redhat.rhsa:ste:20192827001"/>
</red-def:rpminfo_test>
<red-def:rpminfo_test check="at least one" comment="kernel-debug-modules-extra is earlier than 0:4.18.0-80.11.2.el8_0" id="oval:com.redhat.rhsa:tst:20192827019" version="636">
 <red-def:object object_ref="oval:com.redhat.rhsa:obj:20191167010"/>
 <red-def:state state_ref="oval:com.redhat.rhsa:ste:20192827001"/>
</red-def:rpminfo_test>
<red-def:rpminfo_test check="at least one" comment="kernel-devel is earlier than 0:4.18.0-80.11.2.el8_0" id="oval:com.redhat.rhsa:tst:20192827021" version="636">
 <red-def:object object_ref="oval:com.redhat.rhsa:obj:20191167011"/>
 <red-def:state state_ref="oval:com.redhat.rhsa:ste:20192827001"/>
</red-def:rpminfo_test>
<red-def:rpminfo_test check="at least one" comment="kernel-doc is earlier than 0:4.18.0-80.11.2.el8_0" id="oval:com.redhat.rhsa:tst:20192827023" version="636">
 <red-def:object object_ref="oval:com.redhat.rhsa:obj:20191167012"/>
 <red-def:state state_ref="oval:com.redhat.rhsa:ste:20192827003"/>
</red-def:rpminfo_test>
<red-def:rpminfo_test check="at least one" comment="kernel-headers is earlier than 0:4.18.0-80.11.2.el8_0" id="oval:com.redhat.rhsa:tst:20192827025" version="636">
 <red-def:object object_ref="oval:com.redhat.rhsa:obj:20191167013"/>
 <red-def:state state_ref="oval:com.redhat.rhsa:ste:20192827001"/>
</red-def:rpminfo_test>
<red-def:rpminfo_test check="at least one" comment="kernel-modules is earlier than 0:4.18.0-80.11.2.el8_0" id="oval:com.redhat.rhsa:tst:20192827027" version="636">
 <red-def:object object_ref="oval:com.redhat.rhsa:obj:20191167014"/>
 <red-def:state state_ref="oval:com.redhat.rhsa:ste:20192827001"/>
</red-def:rpminfo_test>
<red-def:rpminfo_test check="at least one" comment="kernel-modules-extra is earlier than 0:4.18.0-80.11.2.el8_0" id="oval:com.redhat.rhsa:tst:20192827029" version="636">
 <red-def:object object_ref="oval:com.redhat.rhsa:obj:20191167015"/>
 <red-def:state state_ref="oval:com.redhat.rhsa:ste:20192827001"/>
</red-def:rpminfo_test>
<red-def:rpminfo_test check="at least one" comment="kernel-tools is earlier than 0:4.18.0-80.11.2.el8_0" id="oval:com.redhat.rhsa:tst:20192827031" version="636">
 <red-def:object object_ref="oval:com.redhat.rhsa:obj:20191167016"/>
 <red-def:state state_ref="oval:com.redhat.rhsa:ste:20192827001"/>
</red-def:rpminfo_test>
<red-def:rpminfo_test check="at least one" comment="kernel-tools-libs is earlier than 0:4.18.0-80.11.2.el8_0" id="oval:com.redhat.rhsa:tst:20192827033" version="636">
 <red-def:object object_ref="oval:com.redhat.rhsa:obj:20191167017"/>
 <red-def:state state_ref="oval:com.redhat.rhsa:ste:20192827004"/>
</red-def:rpminfo_test>
<red-def:rpminfo_test check="at least one" comment="kernel-tools-libs-devel is earlier than 0:4.18.0-80.11.2.el8_0" id="oval:com.redhat.rhsa:tst:20192827035" version="636">
 <red-def:object object_ref="oval:com.redhat.rhsa:obj:20191167018"/>
 <red-def:state state_ref="oval:com.redhat.rhsa:ste:20192827004"/>
</red-def:rpminfo_test>
<red-def:rpminfo_test check="at least one" comment="kernel-zfcpdump is earlier than 0:4.18.0-80.11.2.el8_0" id="oval:com.redhat.rhsa:tst:20192827037" version="636">
 <red-def:object object_ref="oval:com.redhat.rhsa:obj:20191167019"/>
 <red-def:state state_ref="oval:com.redhat.rhsa:ste:20192827005"/>
</red-def:rpminfo_test>
<red-def:rpminfo_test check="at least one" comment="kernel-zfcpdump-core is earlier than 0:4.18.0-80.11.2.el8_0" id="oval:com.redhat.rhsa:tst:20192827039" version="636">
 <red-def:object object_ref="oval:com.redhat.rhsa:obj:20191167020"/>
 <red-def:state state_ref="oval:com.redhat.rhsa:ste:20192827005"/>
</red-def:rpminfo_test>
<red-def:rpminfo_test check="at least one" comment="kernel-zfcpdump-devel is earlier than 0:4.18.0-80.11.2.el8_0" id="oval:com.redhat.rhsa:tst:20192827041" version="636">
 <red-def:object object_ref="oval:com.redhat.rhsa:obj:20191167021"/>
 <red-def:state state_ref="oval:com.redhat.rhsa:ste:20192827005"/>
</red-def:rpminfo_test>
<red-def:rpminfo_test check="at least one" comment="kernel-zfcpdump-modules is earlier than 0:4.18.0-80.11.2.el8_0" id="oval:com.redhat.rhsa:tst:20192827043" version="636">
 <red-def:object object_ref="oval:com.redhat.rhsa:obj:20191167022"/>
 <red-def:state state_ref="oval:com.redhat.rhsa:ste:20192827005"/>
</red-def:rpminfo_test>
<red-def:rpminfo_test check="at least one" comment="kernel-zfcpdump-modules-extra is earlier than 0:4.18.0-80.11.2.el8_0" id="oval:com.redhat.rhsa:tst:20192827045" version="636">
 <red-def:object object_ref="oval:com.redhat.rhsa:obj:20191167023"/>
 <red-def:state state_ref="oval:com.redhat.rhsa:ste:20192827005"/>
</red-def:rpminfo_test>
<red-def:rpminfo_test check="at least one" comment="perf is earlier than 0:4.18.0-80.11.2.el8_0" id="oval:com.redhat.rhsa:tst:20192827047" version="636">
 <red-def:object object_ref="oval:com.redhat.rhsa:obj:20191167024"/>
 <red-def:state state_ref="oval:com.redhat.rhsa:ste:20192827001"/>
</red-def:rpminfo_test>
<red-def:rpminfo_test check="at least one" comment="python3-perf is earlier than 0:4.18.0-80.11.2.el8_0" id="oval:com.redhat.rhsa:tst:20192827049" version="636">
 <red-def:object object_ref="oval:com.redhat.rhsa:obj:20191167025"/>
 <red-def:state state_ref="oval:com.redhat.rhsa:ste:20192827001"/>
</red-def:rpminfo_test>
<unix-def:uname_test check="at least one" comment="kernel earlier than 0:4.18.0-80.11.2.el8_0 is currently running" id="oval:com.redhat.rhsa:tst:20192827051" version="636">
 <unix-def:object object_ref="oval:com.redhat.rhsa:obj:20191167026"/>
 <unix-def:state state_ref="oval:com.redhat.rhsa:ste:20192827006"/>
</unix-def:uname_test>
<ind-def:textfilecontent54_test check="all" comment="kernel earlier than 0:4.18.0-80.11.2.el8_0 is set to boot up on next boot" id="oval:com.redhat.rhsa:tst:20192827052" version="636">
 <ind-def:object object_ref="oval:com.redhat.rhsa:obj:20191167027"/>
 <ind-def:state state_ref="oval:com.redhat.rhsa:ste:20192827007"/>
</ind-def:textfilecontent54_test>
<red-def:rpminfo_test check="at least one" comment="kernel-rt is earlier than 0:4.18.0-80.11.2.rt9.157.el8_0" id="oval:com.redhat.rhsa:tst:20192828001" version="637">
 <red-def:object object_ref="oval:com.redhat.rhsa:obj:20191174001"/>
 <red-def:state state_ref="oval:com.redhat.rhsa:ste:20192828001"/>
</red-def:rpminfo_test>
<red-def:rpminfo_test check="at least one" comment="kernel-rt-core is earlier than 0:4.18.0-80.11.2.rt9.157.el8_0" id="oval:com.redhat.rhsa:tst:20192828003" version="637">
 <red-def:object object_ref="oval:com.redhat.rhsa:obj:20191174002"/>
 <red-def:state state_ref="oval:com.redhat.rhsa:ste:20192828001"/>
</red-def:rpminfo_test>
<red-def:rpminfo_test check="at least one" comment="kernel-rt-debug is earlier than 0:4.18.0-80.11.2.rt9.157.el8_0" id="oval:com.redhat.rhsa:tst:20192828005" version="637">
 <red-def:object object_ref="oval:com.redhat.rhsa:obj:20191174003"/>
 <red-def:state state_ref="oval:com.redhat.rhsa:ste:20192828001"/>
</red-def:rpminfo_test>
<red-def:rpminfo_test check="at least one" comment="kernel-rt-debug-core is earlier than 0:4.18.0-80.11.2.rt9.157.el8_0" id="oval:com.redhat.rhsa:tst:20192828007" version="637">
 <red-def:object object_ref="oval:com.redhat.rhsa:obj:20191174004"/>
 <red-def:state state_ref="oval:com.redhat.rhsa:ste:20192828001"/>
</red-def:rpminfo_test>
<red-def:rpminfo_test check="at least one" comment="kernel-rt-debug-devel is earlier than 0:4.18.0-80.11.2.rt9.157.el8_0" id="oval:com.redhat.rhsa:tst:20192828009" version="637">
 <red-def:object object_ref="oval:com.redhat.rhsa:obj:20191174005"/>
 <red-def:state state_ref="oval:com.redhat.rhsa:ste:20192828001"/>
</red-def:rpminfo_test>
<red-def:rpminfo_test check="at least one" comment="kernel-rt-debug-kvm is earlier than 0:4.18.0-80.11.2.rt9.157.el8_0" id="oval:com.redhat.rhsa:tst:20192828011" version="637">
 <red-def:object object_ref="oval:com.redhat.rhsa:obj:20191174006"/>
 <red-def:state state_ref="oval:com.redhat.rhsa:ste:20192828001"/>
</red-def:rpminfo_test>
<red-def:rpminfo_test check="at least one" comment="kernel-rt-debug-modules is earlier than 0:4.18.0-80.11.2.rt9.157.el8_0" id="oval:com.redhat.rhsa:tst:20192828013" version="637">
 <red-def:object object_ref="oval:com.redhat.rhsa:obj:20191174007"/>
 <red-def:state state_ref="oval:com.redhat.rhsa:ste:20192828001"/>
</red-def:rpminfo_test>
<red-def:rpminfo_test check="at least one" comment="kernel-rt-debug-modules-extra is earlier than 0:4.18.0-80.11.2.rt9.157.el8_0" id="oval:com.redhat.rhsa:tst:20192828015" version="637">
 <red-def:object object_ref="oval:com.redhat.rhsa:obj:20191174008"/>
 <red-def:state state_ref="oval:com.redhat.rhsa:ste:20192828001"/>
</red-def:rpminfo_test>
<red-def:rpminfo_test check="at least one" comment="kernel-rt-devel is earlier than 0:4.18.0-80.11.2.rt9.157.el8_0" id="oval:com.redhat.rhsa:tst:20192828017" version="637">
 <red-def:object object_ref="oval:com.redhat.rhsa:obj:20191174009"/>
 <red-def:state state_ref="oval:com.redhat.rhsa:ste:20192828001"/>
</red-def:rpminfo_test>
<red-def:rpminfo_test check="at least one" comment="kernel-rt-kvm is earlier than 0:4.18.0-80.11.2.rt9.157.el8_0" id="oval:com.redhat.rhsa:tst:20192828019" version="637">
 <red-def:object object_ref="oval:com.redhat.rhsa:obj:20191174010"/>
 <red-def:state state_ref="oval:com.redhat.rhsa:ste:20192828001"/>
</red-def:rpminfo_test>
<red-def:rpminfo_test check="at least one" comment="kernel-rt-modules is earlier than 0:4.18.0-80.11.2.rt9.157.el8_0" id="oval:com.redhat.rhsa:tst:20192828021" version="637">
 <red-def:object object_ref="oval:com.redhat.rhsa:obj:20191174011"/>
 <red-def:state state_ref="oval:com.redhat.rhsa:ste:20192828001"/>
</red-def:rpminfo_test>
<red-def:rpminfo_test check="at least one" comment="kernel-rt-modules-extra is earlier than 0:4.18.0-80.11.2.rt9.157.el8_0" id="oval:com.redhat.rhsa:tst:20192828023" version="637">
 <red-def:object object_ref="oval:com.redhat.rhsa:obj:20191174012"/>
 <red-def:state state_ref="oval:com.redhat.rhsa:ste:20192828001"/>
</red-def:rpminfo_test>
<red-def:rpminfo_test check="at least one" comment="httpd is earlier than 0:2.4.37-12.module+el8.0.0+4096+eb40e6da" id="oval:com.redhat.rhsa:tst:20192893001" version="636">
 <red-def:object object_ref="oval:com.redhat.rhsa:obj:20190980001"/>
 <red-def:state state_ref="oval:com.redhat.rhsa:ste:20192893001"/>
</red-def:rpminfo_test>
<red-def:rpminfo_test check="at least one" comment="httpd-devel is earlier than 0:2.4.37-12.module+el8.0.0+4096+eb40e6da" id="oval:com.redhat.rhsa:tst:20192893003" version="636">
 <red-def:object object_ref="oval:com.redhat.rhsa:obj:20190980002"/>
 <red-def:state state_ref="oval:com.redhat.rhsa:ste:20192893001"/>
</red-def:rpminfo_test>
<red-def:rpminfo_test check="at least one" comment="httpd-filesystem is earlier than 0:2.4.37-12.module+el8.0.0+4096+eb40e6da" id="oval:com.redhat.rhsa:tst:20192893005" version="636">
 <red-def:object object_ref="oval:com.redhat.rhsa:obj:20190980003"/>
 <red-def:state state_ref="oval:com.redhat.rhsa:ste:20192893003"/>
</red-def:rpminfo_test>
<red-def:rpminfo_test check="at least one" comment="httpd-manual is earlier than 0:2.4.37-12.module+el8.0.0+4096+eb40e6da" id="oval:com.redhat.rhsa:tst:20192893007" version="636">
 <red-def:object object_ref="oval:com.redhat.rhsa:obj:20190980004"/>
 <red-def:state state_ref="oval:com.redhat.rhsa:ste:20192893003"/>
</red-def:rpminfo_test>
<red-def:rpminfo_test check="at least one" comment="httpd-tools is earlier than 0:2.4.37-12.module+el8.0.0+4096+eb40e6da" id="oval:com.redhat.rhsa:tst:20192893009" version="636">
 <red-def:object object_ref="oval:com.redhat.rhsa:obj:20190980005"/>
 <red-def:state state_ref="oval:com.redhat.rhsa:ste:20192893001"/>
</red-def:rpminfo_test>
<red-def:rpminfo_test check="at least one" comment="mod_http2 is earlier than 0:1.11.3-3.module+el8.0.0+4096+eb40e6da" id="oval:com.redhat.rhsa:tst:20192893011" version="636">
 <red-def:object object_ref="oval:com.redhat.rhsa:obj:20190980006"/>
 <red-def:state state_ref="oval:com.redhat.rhsa:ste:20192893004"/>
</red-def:rpminfo_test>
<red-def:rpminfo_test check="at least one" comment="mod_ldap is earlier than 0:2.4.37-12.module+el8.0.0+4096+eb40e6da" id="oval:com.redhat.rhsa:tst:20192893013" version="636">
 <red-def:object object_ref="oval:com.redhat.rhsa:obj:20190980007"/>
 <red-def:state state_ref="oval:com.redhat.rhsa:ste:20192893001"/>
</red-def:rpminfo_test>
<red-def:rpminfo_test check="at least one" comment="mod_md is earlier than 0:2.4.37-12.module+el8.0.0+4096+eb40e6da" id="oval:com.redhat.rhsa:tst:20192893015" version="636">
 <red-def:object object_ref="oval:com.redhat.rhsa:obj:20190980008"/>
 <red-def:state state_ref="oval:com.redhat.rhsa:ste:20192893001"/>
</red-def:rpminfo_test>
<red-def:rpminfo_test check="at least one" comment="mod_proxy_html is earlier than 1:2.4.37-12.module+el8.0.0+4096+eb40e6da" id="oval:com.redhat.rhsa:tst:20192893017" version="636">
 <red-def:object object_ref="oval:com.redhat.rhsa:obj:20190980009"/>
 <red-def:state state_ref="oval:com.redhat.rhsa:ste:20192893005"/>
</red-def:rpminfo_test>
<red-def:rpminfo_test check="at least one" comment="mod_session is earlier than 0:2.4.37-12.module+el8.0.0+4096+eb40e6da" id="oval:com.redhat.rhsa:tst:20192893019" version="636">
 <red-def:object object_ref="oval:com.redhat.rhsa:obj:20190980010"/>
 <red-def:state state_ref="oval:com.redhat.rhsa:ste:20192893001"/>
</red-def:rpminfo_test>
<red-def:rpminfo_test check="at least one" comment="mod_ssl is earlier than 1:2.4.37-12.module+el8.0.0+4096+eb40e6da" id="oval:com.redhat.rhsa:tst:20192893021" version="636">
 <red-def:object object_ref="oval:com.redhat.rhsa:obj:20190980011"/>
 <red-def:state state_ref="oval:com.redhat.rhsa:ste:20192893005"/>
</red-def:rpminfo_test>
<red-def:rpminfo_test check="at least one" comment="nodejs is earlier than 1:10.16.3-2.module+el8.0.0+4214+49953fda" id="oval:com.redhat.rhsa:tst:20192925001" version="636">
 <red-def:object object_ref="oval:com.redhat.rhea:obj:20200330001"/>
 <red-def:state state_ref="oval:com.redhat.rhsa:ste:20192925001"/>
</red-def:rpminfo_test>
<red-def:rpminfo_test check="at least one" comment="nodejs-devel is earlier than 1:10.16.3-2.module+el8.0.0+4214+49953fda" id="oval:com.redhat.rhsa:tst:20192925003" version="636">
 <red-def:object object_ref="oval:com.redhat.rhea:obj:20200330002"/>
 <red-def:state state_ref="oval:com.redhat.rhsa:ste:20192925001"/>
</red-def:rpminfo_test>
<red-def:rpminfo_test check="at least one" comment="nodejs-docs is earlier than 1:10.16.3-2.module+el8.0.0+4214+49953fda" id="oval:com.redhat.rhsa:tst:20192925005" version="636">
 <red-def:object object_ref="oval:com.redhat.rhea:obj:20200330003"/>
 <red-def:state state_ref="oval:com.redhat.rhsa:ste:20192925003"/>
</red-def:rpminfo_test>
<red-def:rpminfo_test check="at least one" comment="nodejs-nodemon is earlier than 0:1.18.3-1.module+el8+2632+6c5111ed" id="oval:com.redhat.rhsa:tst:20192925007" version="636">
 <red-def:object object_ref="oval:com.redhat.rhea:obj:20200330004"/>
 <red-def:state state_ref="oval:com.redhat.rhsa:ste:20192925004"/>
</red-def:rpminfo_test>
<red-def:rpminfo_test check="at least one" comment="nodejs-packaging is earlier than 0:17-3.module+el8+2873+aa7dfd9a" id="oval:com.redhat.rhsa:tst:20192925009" version="636">
 <red-def:object object_ref="oval:com.redhat.rhea:obj:20200330005"/>
 <red-def:state state_ref="oval:com.redhat.rhsa:ste:20192925005"/>
</red-def:rpminfo_test>
<red-def:rpminfo_test check="at least one" comment="npm is earlier than 1:6.9.0-1.10.16.3.2.module+el8.0.0+4214+49953fda" id="oval:com.redhat.rhsa:tst:20192925011" version="636">
 <red-def:object object_ref="oval:com.redhat.rhea:obj:20200330006"/>
 <red-def:state state_ref="oval:com.redhat.rhsa:ste:20192925006"/>
</red-def:rpminfo_test>
<ind-def:textfilecontent54_test check="all" comment="Module nodejs:10 is enabled" id="oval:com.redhat.rhsa:tst:20192925013" version="636">
 <ind-def:object object_ref="oval:com.redhat.rhea:obj:20200330007"/>
 <ind-def:state state_ref="oval:com.redhat.rhsa:ste:20192925007"/>
</ind-def:textfilecontent54_test>
<red-def:rpminfo_test check="at least one" comment="java-1.8.0-openjdk is earlier than 1:1.8.0.232.b09-0.el8_0" id="oval:com.redhat.rhsa:tst:20193134001" version="637">
 <red-def:object object_ref="oval:com.redhat.rhsa:obj:20191146001"/>
 <red-def:state state_ref="oval:com.redhat.rhsa:ste:20193134001"/>
</red-def:rpminfo_test>
<red-def:rpminfo_test check="at least one" comment="java-1.8.0-openjdk-accessibility is earlier than 1:1.8.0.232.b09-0.el8_0" id="oval:com.redhat.rhsa:tst:20193134003" version="637">
 <red-def:object object_ref="oval:com.redhat.rhsa:obj:20191146002"/>
 <red-def:state state_ref="oval:com.redhat.rhsa:ste:20193134001"/>
</red-def:rpminfo_test>
<red-def:rpminfo_test check="at least one" comment="java-1.8.0-openjdk-demo is earlier than 1:1.8.0.232.b09-0.el8_0" id="oval:com.redhat.rhsa:tst:20193134005" version="637">
 <red-def:object object_ref="oval:com.redhat.rhsa:obj:20191146003"/>
 <red-def:state state_ref="oval:com.redhat.rhsa:ste:20193134001"/>
</red-def:rpminfo_test>
<red-def:rpminfo_test check="at least one" comment="java-1.8.0-openjdk-devel is earlier than 1:1.8.0.232.b09-0.el8_0" id="oval:com.redhat.rhsa:tst:20193134007" version="637">
 <red-def:object object_ref="oval:com.redhat.rhsa:obj:20191146004"/>
 <red-def:state state_ref="oval:com.redhat.rhsa:ste:20193134001"/>
</red-def:rpminfo_test>
<red-def:rpminfo_test check="at least one" comment="java-1.8.0-openjdk-headless is earlier than 1:1.8.0.232.b09-0.el8_0" id="oval:com.redhat.rhsa:tst:20193134009" version="637">
 <red-def:object object_ref="oval:com.redhat.rhsa:obj:20191146005"/>
 <red-def:state state_ref="oval:com.redhat.rhsa:ste:20193134001"/>
</red-def:rpminfo_test>
<red-def:rpminfo_test check="at least one" comment="java-1.8.0-openjdk-javadoc is earlier than 1:1.8.0.232.b09-0.el8_0" id="oval:com.redhat.rhsa:tst:20193134011" version="637">
 <red-def:object object_ref="oval:com.redhat.rhsa:obj:20191146006"/>
 <red-def:state state_ref="oval:com.redhat.rhsa:ste:20193134003"/>
</red-def:rpminfo_test>
<red-def:rpminfo_test check="at least one" comment="java-1.8.0-openjdk-javadoc-zip is earlier than 1:1.8.0.232.b09-0.el8_0" id="oval:com.redhat.rhsa:tst:20193134013" version="637">
 <red-def:object object_ref="oval:com.redhat.rhsa:obj:20191146007"/>
 <red-def:state state_ref="oval:com.redhat.rhsa:ste:20193134003"/>
</red-def:rpminfo_test>
<red-def:rpminfo_test check="at least one" comment="java-1.8.0-openjdk-src is earlier than 1:1.8.0.232.b09-0.el8_0" id="oval:com.redhat.rhsa:tst:20193134015" version="637">
 <red-def:object object_ref="oval:com.redhat.rhsa:obj:20191146008"/>
 <red-def:state state_ref="oval:com.redhat.rhsa:ste:20193134001"/>
</red-def:rpminfo_test>
<red-def:rpminfo_test check="at least one" comment="java-11-openjdk is earlier than 1:11.0.5.10-0.el8_0" id="oval:com.redhat.rhsa:tst:20193135001" version="637">
 <red-def:object object_ref="oval:com.redhat.rhsa:obj:20191518001"/>
 <red-def:state state_ref="oval:com.redhat.rhsa:ste:20193135001"/>
</red-def:rpminfo_test>
<red-def:rpminfo_test check="at least one" comment="java-11-openjdk-demo is earlier than 1:11.0.5.10-0.el8_0" id="oval:com.redhat.rhsa:tst:20193135003" version="637">
 <red-def:object object_ref="oval:com.redhat.rhsa:obj:20191518002"/>
 <red-def:state state_ref="oval:com.redhat.rhsa:ste:20193135001"/>
</red-def:rpminfo_test>
<red-def:rpminfo_test check="at least one" comment="java-11-openjdk-devel is earlier than 1:11.0.5.10-0.el8_0" id="oval:com.redhat.rhsa:tst:20193135005" version="637">
 <red-def:object object_ref="oval:com.redhat.rhsa:obj:20191518003"/>
 <red-def:state state_ref="oval:com.redhat.rhsa:ste:20193135001"/>
</red-def:rpminfo_test>
<red-def:rpminfo_test check="at least one" comment="java-11-openjdk-headless is earlier than 1:11.0.5.10-0.el8_0" id="oval:com.redhat.rhsa:tst:20193135007" version="637">
 <red-def:object object_ref="oval:com.redhat.rhsa:obj:20191518004"/>
 <red-def:state state_ref="oval:com.redhat.rhsa:ste:20193135001"/>
</red-def:rpminfo_test>
<red-def:rpminfo_test check="at least one" comment="java-11-openjdk-javadoc is earlier than 1:11.0.5.10-0.el8_0" id="oval:com.redhat.rhsa:tst:20193135009" version="637">
 <red-def:object object_ref="oval:com.redhat.rhsa:obj:20191518005"/>
 <red-def:state state_ref="oval:com.redhat.rhsa:ste:20193135001"/>
</red-def:rpminfo_test>
<red-def:rpminfo_test check="at least one" comment="java-11-openjdk-javadoc-zip is earlier than 1:11.0.5.10-0.el8_0" id="oval:com.redhat.rhsa:tst:20193135011" version="637">
 <red-def:object object_ref="oval:com.redhat.rhsa:obj:20191518006"/>
 <red-def:state state_ref="oval:com.redhat.rhsa:ste:20193135001"/>
</red-def:rpminfo_test>
<red-def:rpminfo_test check="at least one" comment="java-11-openjdk-jmods is earlier than 1:11.0.5.10-0.el8_0" id="oval:com.redhat.rhsa:tst:20193135013" version="637">
 <red-def:object object_ref="oval:com.redhat.rhsa:obj:20191518007"/>
 <red-def:state state_ref="oval:com.redhat.rhsa:ste:20193135001"/>
</red-def:rpminfo_test>
<red-def:rpminfo_test check="at least one" comment="java-11-openjdk-src is earlier than 1:11.0.5.10-0.el8_0" id="oval:com.redhat.rhsa:tst:20193135015" version="637">
 <red-def:object object_ref="oval:com.redhat.rhsa:obj:20191518008"/>
 <red-def:state state_ref="oval:com.redhat.rhsa:ste:20193135001"/>
</red-def:rpminfo_test>
<red-def:rpminfo_test check="at least one" comment="firefox is earlier than 0:68.2.0-2.el8_0" id="oval:com.redhat.rhsa:tst:20193196001" version="636">
 <red-def:object object_ref="oval:com.redhat.rhsa:obj:20190966001"/>
 <red-def:state state_ref="oval:com.redhat.rhsa:ste:20193196001"/>
</red-def:rpminfo_test>
<red-def:rpminfo_test check="at least one" comment="thunderbird is earlier than 0:68.2.0-1.el8_0" id="oval:com.redhat.rhsa:tst:20193237001" version="635">
 <red-def:object object_ref="oval:com.redhat.rhsa:obj:20191144001"/>
 <red-def:state state_ref="oval:com.redhat.rhsa:ste:20193237001"/>
</red-def:rpminfo_test>
<red-def:rpminfo_test check="at least one" comment="kernel-rt is earlier than 0:4.18.0-147.rt24.93.el8" id="oval:com.redhat.rhsa:tst:20193309001" version="637">
 <red-def:object object_ref="oval:com.redhat.rhsa:obj:20191174001"/>
 <red-def:state state_ref="oval:com.redhat.rhsa:ste:20193309001"/>
</red-def:rpminfo_test>
<red-def:rpminfo_test check="at least one" comment="kernel-rt-core is earlier than 0:4.18.0-147.rt24.93.el8" id="oval:com.redhat.rhsa:tst:20193309003" version="637">
 <red-def:object object_ref="oval:com.redhat.rhsa:obj:20191174002"/>
 <red-def:state state_ref="oval:com.redhat.rhsa:ste:20193309001"/>
</red-def:rpminfo_test>
<red-def:rpminfo_test check="at least one" comment="kernel-rt-debug is earlier than 0:4.18.0-147.rt24.93.el8" id="oval:com.redhat.rhsa:tst:20193309005" version="637">
 <red-def:object object_ref="oval:com.redhat.rhsa:obj:20191174003"/>
 <red-def:state state_ref="oval:com.redhat.rhsa:ste:20193309001"/>
</red-def:rpminfo_test>
<red-def:rpminfo_test check="at least one" comment="kernel-rt-debug-core is earlier than 0:4.18.0-147.rt24.93.el8" id="oval:com.redhat.rhsa:tst:20193309007" version="637">
 <red-def:object object_ref="oval:com.redhat.rhsa:obj:20191174004"/>
 <red-def:state state_ref="oval:com.redhat.rhsa:ste:20193309001"/>
</red-def:rpminfo_test>
<red-def:rpminfo_test check="at least one" comment="kernel-rt-debug-devel is earlier than 0:4.18.0-147.rt24.93.el8" id="oval:com.redhat.rhsa:tst:20193309009" version="637">
 <red-def:object object_ref="oval:com.redhat.rhsa:obj:20191174005"/>
 <red-def:state state_ref="oval:com.redhat.rhsa:ste:20193309001"/>
</red-def:rpminfo_test>
<red-def:rpminfo_test check="at least one" comment="kernel-rt-debug-kvm is earlier than 0:4.18.0-147.rt24.93.el8" id="oval:com.redhat.rhsa:tst:20193309011" version="637">
 <red-def:object object_ref="oval:com.redhat.rhsa:obj:20191174006"/>
 <red-def:state state_ref="oval:com.redhat.rhsa:ste:20193309001"/>
</red-def:rpminfo_test>
<red-def:rpminfo_test check="at least one" comment="kernel-rt-debug-modules is earlier than 0:4.18.0-147.rt24.93.el8" id="oval:com.redhat.rhsa:tst:20193309013" version="637">
 <red-def:object object_ref="oval:com.redhat.rhsa:obj:20191174007"/>
 <red-def:state state_ref="oval:com.redhat.rhsa:ste:20193309001"/>
</red-def:rpminfo_test>
<red-def:rpminfo_test check="at least one" comment="kernel-rt-debug-modules-extra is earlier than 0:4.18.0-147.rt24.93.el8" id="oval:com.redhat.rhsa:tst:20193309015" version="637">
 <red-def:object object_ref="oval:com.redhat.rhsa:obj:20191174008"/>
 <red-def:state state_ref="oval:com.redhat.rhsa:ste:20193309001"/>
</red-def:rpminfo_test>
<red-def:rpminfo_test check="at least one" comment="kernel-rt-devel is earlier than 0:4.18.0-147.rt24.93.el8" id="oval:com.redhat.rhsa:tst:20193309017" version="637">
 <red-def:object object_ref="oval:com.redhat.rhsa:obj:20191174009"/>
 <red-def:state state_ref="oval:com.redhat.rhsa:ste:20193309001"/>
</red-def:rpminfo_test>
<red-def:rpminfo_test check="at least one" comment="kernel-rt-kvm is earlier than 0:4.18.0-147.rt24.93.el8" id="oval:com.redhat.rhsa:tst:20193309019" version="637">
 <red-def:object object_ref="oval:com.redhat.rhsa:obj:20191174010"/>
 <red-def:state state_ref="oval:com.redhat.rhsa:ste:20193309001"/>
</red-def:rpminfo_test>
<red-def:rpminfo_test check="at least one" comment="kernel-rt-modules is earlier than 0:4.18.0-147.rt24.93.el8" id="oval:com.redhat.rhsa:tst:20193309021" version="637">
 <red-def:object object_ref="oval:com.redhat.rhsa:obj:20191174011"/>
 <red-def:state state_ref="oval:com.redhat.rhsa:ste:20193309001"/>
</red-def:rpminfo_test>
<red-def:rpminfo_test check="at least one" comment="kernel-rt-modules-extra is earlier than 0:4.18.0-147.rt24.93.el8" id="oval:com.redhat.rhsa:tst:20193309023" version="637">
 <red-def:object object_ref="oval:com.redhat.rhsa:obj:20191174012"/>
 <red-def:state state_ref="oval:com.redhat.rhsa:ste:20193309001"/>
</red-def:rpminfo_test>
<unix-def:uname_test check="at least one" comment="kernel-rt earlier than 0:4.18.0-147.rt24.93.el8 is currently running" id="oval:com.redhat.rhsa:tst:20193309025" version="637">
 <unix-def:object object_ref="oval:com.redhat.rhsa:obj:20191167026"/>
 <unix-def:state state_ref="oval:com.redhat.rhsa:ste:20193309003"/>
</unix-def:uname_test>
<ind-def:textfilecontent54_test check="all" comment="kernel-rt earlier than 0:4.18.0-147.rt24.93.el8 is set to boot up on next boot" id="oval:com.redhat.rhsa:tst:20193309026" version="637">
 <ind-def:object object_ref="oval:com.redhat.rhsa:obj:20191167027"/>
 <ind-def:state state_ref="oval:com.redhat.rhsa:ste:20193309004"/>
</ind-def:textfilecontent54_test>
<red-def:rpminfo_test check="at least one" comment="babel is earlier than 0:2.5.1-9.module+el8.1.0+3111+de3f2d8e" id="oval:com.redhat.rhsa:tst:20193335001" version="637">
 <red-def:object object_ref="oval:com.redhat.rhsa:obj:20190981001"/>
 <red-def:state state_ref="oval:com.redhat.rhsa:ste:20193335001"/>
</red-def:rpminfo_test>
<red-def:rpminfo_test check="at least one" comment="python-nose-docs is earlier than 0:1.3.7-30.module+el8.1.0+3111+de3f2d8e" id="oval:com.redhat.rhsa:tst:20193335003" version="637">
 <red-def:object object_ref="oval:com.redhat.rhsa:obj:20190981002"/>
 <red-def:state state_ref="oval:com.redhat.rhsa:ste:20193335003"/>
</red-def:rpminfo_test>
<red-def:rpminfo_test check="at least one" comment="python-psycopg2-doc is earlier than 0:2.7.5-7.module+el8.1.0+3111+de3f2d8e" id="oval:com.redhat.rhsa:tst:20193335005" version="637">
 <red-def:object object_ref="oval:com.redhat.rhsa:obj:20190981003"/>
 <red-def:state state_ref="oval:com.redhat.rhsa:ste:20193335004"/>
</red-def:rpminfo_test>
<red-def:rpminfo_test check="at least one" comment="python-sqlalchemy-doc is earlier than 0:1.3.2-1.module+el8.1.0+2994+98e054d6" id="oval:com.redhat.rhsa:tst:20193335007" version="637">
 <red-def:object object_ref="oval:com.redhat.rhsa:obj:20190981004"/>
 <red-def:state state_ref="oval:com.redhat.rhsa:ste:20193335005"/>
</red-def:rpminfo_test>
<red-def:rpminfo_test check="at least one" comment="python2 is earlier than 0:2.7.16-12.module+el8.1.0+4148+33a50073" id="oval:com.redhat.rhsa:tst:20193335009" version="637">
 <red-def:object object_ref="oval:com.redhat.rhsa:obj:20190981005"/>
 <red-def:state state_ref="oval:com.redhat.rhsa:ste:20193335006"/>
</red-def:rpminfo_test>
<red-def:rpminfo_test check="at least one" comment="python2-Cython is earlier than 0:0.28.1-7.module+el8.1.0+3111+de3f2d8e" id="oval:com.redhat.rhsa:tst:20193335011" version="637">
 <red-def:object object_ref="oval:com.redhat.rhsa:obj:20190981006"/>
 <red-def:state state_ref="oval:com.redhat.rhsa:ste:20193335007"/>
</red-def:rpminfo_test>
<red-def:rpminfo_test check="at least one" comment="python2-PyMySQL is earlier than 0:0.8.0-10.module+el8.1.0+3111+de3f2d8e" id="oval:com.redhat.rhsa:tst:20193335013" version="637">
 <red-def:object object_ref="oval:com.redhat.rhsa:obj:20190981007"/>
 <red-def:state state_ref="oval:com.redhat.rhsa:ste:20193335008"/>
</red-def:rpminfo_test>
<red-def:rpminfo_test check="at least one" comment="python2-attrs is earlier than 0:17.4.0-10.module+el8.1.0+3111+de3f2d8e" id="oval:com.redhat.rhsa:tst:20193335015" version="637">
 <red-def:object object_ref="oval:com.redhat.rhsa:obj:20190981008"/>
 <red-def:state state_ref="oval:com.redhat.rhsa:ste:20193335009"/>
</red-def:rpminfo_test>
<red-def:rpminfo_test check="at least one" comment="python2-babel is earlier than 0:2.5.1-9.module+el8.1.0+3111+de3f2d8e" id="oval:com.redhat.rhsa:tst:20193335017" version="637">
 <red-def:object object_ref="oval:com.redhat.rhsa:obj:20190981009"/>
 <red-def:state state_ref="oval:com.redhat.rhsa:ste:20193335001"/>
</red-def:rpminfo_test>
<red-def:rpminfo_test check="at least one" comment="python2-backports is earlier than 0:1.0-15.module+el8.1.0+3111+de3f2d8e" id="oval:com.redhat.rhsa:tst:20193335019" version="637">
 <red-def:object object_ref="oval:com.redhat.rhsa:obj:20190981010"/>
 <red-def:state state_ref="oval:com.redhat.rhsa:ste:20193335010"/>
</red-def:rpminfo_test>
<red-def:rpminfo_test check="at least one" comment="python2-backports-ssl_match_hostname is earlier than 0:3.5.0.1-11.module+el8.1.0+3111+de3f2d8e" id="oval:com.redhat.rhsa:tst:20193335021" version="637">
 <red-def:object object_ref="oval:com.redhat.rhsa:obj:20190981011"/>
 <red-def:state state_ref="oval:com.redhat.rhsa:ste:20193335011"/>
</red-def:rpminfo_test>
<red-def:rpminfo_test check="at least one" comment="python2-bson is earlier than 0:3.6.1-11.module+el8.1.0+3446+c3d52da3" id="oval:com.redhat.rhsa:tst:20193335023" version="637">
 <red-def:object object_ref="oval:com.redhat.rhsa:obj:20190981012"/>
 <red-def:state state_ref="oval:com.redhat.rhsa:ste:20193335012"/>
</red-def:rpminfo_test>
<red-def:rpminfo_test check="at least one" comment="python2-chardet is earlier than 0:3.0.4-10.module+el8.1.0+3111+de3f2d8e" id="oval:com.redhat.rhsa:tst:20193335025" version="637">
 <red-def:object object_ref="oval:com.redhat.rhsa:obj:20190981013"/>
 <red-def:state state_ref="oval:com.redhat.rhsa:ste:20193335013"/>
</red-def:rpminfo_test>
<red-def:rpminfo_test check="at least one" comment="python2-coverage is earlier than 0:4.5.1-4.module+el8.1.0+3111+de3f2d8e" id="oval:com.redhat.rhsa:tst:20193335027" version="637">
 <red-def:object object_ref="oval:com.redhat.rhsa:obj:20190981014"/>
 <red-def:state state_ref="oval:com.redhat.rhsa:ste:20193335014"/>
</red-def:rpminfo_test>
<red-def:rpminfo_test check="at least one" comment="python2-debug is earlier than 0:2.7.16-12.module+el8.1.0+4148+33a50073" id="oval:com.redhat.rhsa:tst:20193335029" version="637">
 <red-def:object object_ref="oval:com.redhat.rhsa:obj:20190981015"/>
 <red-def:state state_ref="oval:com.redhat.rhsa:ste:20193335006"/>
</red-def:rpminfo_test>
<red-def:rpminfo_test check="at least one" comment="python2-devel is earlier than 0:2.7.16-12.module+el8.1.0+4148+33a50073" id="oval:com.redhat.rhsa:tst:20193335031" version="637">
 <red-def:object object_ref="oval:com.redhat.rhsa:obj:20190981016"/>
 <red-def:state state_ref="oval:com.redhat.rhsa:ste:20193335006"/>
</red-def:rpminfo_test>
<red-def:rpminfo_test check="at least one" comment="python2-dns is earlier than 0:1.15.0-10.module+el8.1.0+3111+de3f2d8e" id="oval:com.redhat.rhsa:tst:20193335033" version="637">
 <red-def:object object_ref="oval:com.redhat.rhsa:obj:20190981017"/>
 <red-def:state state_ref="oval:com.redhat.rhsa:ste:20193335015"/>
</red-def:rpminfo_test>
<red-def:rpminfo_test check="at least one" comment="python2-docs is earlier than 0:2.7.16-2.module+el8.1.0+3111+de3f2d8e" id="oval:com.redhat.rhsa:tst:20193335035" version="637">
 <red-def:object object_ref="oval:com.redhat.rhsa:obj:20190981018"/>
 <red-def:state state_ref="oval:com.redhat.rhsa:ste:20193335016"/>
</red-def:rpminfo_test>
<red-def:rpminfo_test check="at least one" comment="python2-docs-info is earlier than 0:2.7.16-2.module+el8.1.0+3111+de3f2d8e" id="oval:com.redhat.rhsa:tst:20193335037" version="637">
 <red-def:object object_ref="oval:com.redhat.rhsa:obj:20190981019"/>
 <red-def:state state_ref="oval:com.redhat.rhsa:ste:20193335016"/>
</red-def:rpminfo_test>
<red-def:rpminfo_test check="at least one" comment="python2-docutils is earlier than 0:0.14-12.module+el8.1.0+3111+de3f2d8e" id="oval:com.redhat.rhsa:tst:20193335039" version="637">
 <red-def:object object_ref="oval:com.redhat.rhsa:obj:20190981020"/>
 <red-def:state state_ref="oval:com.redhat.rhsa:ste:20193335017"/>
</red-def:rpminfo_test>
<red-def:rpminfo_test check="at least one" comment="python2-funcsigs is earlier than 0:1.0.2-13.module+el8.1.0+3111+de3f2d8e" id="oval:com.redhat.rhsa:tst:20193335041" version="637">
 <red-def:object object_ref="oval:com.redhat.rhsa:obj:20190981021"/>
 <red-def:state state_ref="oval:com.redhat.rhsa:ste:20193335018"/>
</red-def:rpminfo_test>
<red-def:rpminfo_test check="at least one" comment="python2-idna is earlier than 0:2.5-7.module+el8.1.0+3111+de3f2d8e" id="oval:com.redhat.rhsa:tst:20193335043" version="637">
 <red-def:object object_ref="oval:com.redhat.rhsa:obj:20190981022"/>
 <red-def:state state_ref="oval:com.redhat.rhsa:ste:20193335019"/>
</red-def:rpminfo_test>
<red-def:rpminfo_test check="at least one" comment="python2-ipaddress is earlier than 0:1.0.18-6.module+el8.1.0+3111+de3f2d8e" id="oval:com.redhat.rhsa:tst:20193335045" version="637">
 <red-def:object object_ref="oval:com.redhat.rhsa:obj:20190981023"/>
 <red-def:state state_ref="oval:com.redhat.rhsa:ste:20193335020"/>
</red-def:rpminfo_test>
<red-def:rpminfo_test check="at least one" comment="python2-jinja2 is earlier than 0:2.10-8.module+el8.1.0+3111+de3f2d8e" id="oval:com.redhat.rhsa:tst:20193335047" version="637">
 <red-def:object object_ref="oval:com.redhat.rhsa:obj:20190981024"/>
 <red-def:state state_ref="oval:com.redhat.rhsa:ste:20193335021"/>
</red-def:rpminfo_test>
<red-def:rpminfo_test check="at least one" comment="python2-libs is earlier than 0:2.7.16-12.module+el8.1.0+4148+33a50073" id="oval:com.redhat.rhsa:tst:20193335049" version="637">
 <red-def:object object_ref="oval:com.redhat.rhsa:obj:20190981025"/>
 <red-def:state state_ref="oval:com.redhat.rhsa:ste:20193335006"/>
</red-def:rpminfo_test>
<red-def:rpminfo_test check="at least one" comment="python2-lxml is earlier than 0:4.2.3-3.module+el8.1.0+3111+de3f2d8e" id="oval:com.redhat.rhsa:tst:20193335051" version="637">
 <red-def:object object_ref="oval:com.redhat.rhsa:obj:20190981026"/>
 <red-def:state state_ref="oval:com.redhat.rhsa:ste:20193335022"/>
</red-def:rpminfo_test>
<red-def:rpminfo_test check="at least one" comment="python2-markupsafe is earlier than 0:0.23-19.module+el8.1.0+3111+de3f2d8e" id="oval:com.redhat.rhsa:tst:20193335053" version="637">
 <red-def:object object_ref="oval:com.redhat.rhsa:obj:20190981027"/>
 <red-def:state state_ref="oval:com.redhat.rhsa:ste:20193335023"/>
</red-def:rpminfo_test>
<red-def:rpminfo_test check="at least one" comment="python2-mock is earlier than 0:2.0.0-13.module+el8.1.0+3111+de3f2d8e" id="oval:com.redhat.rhsa:tst:20193335055" version="637">
 <red-def:object object_ref="oval:com.redhat.rhsa:obj:20190981028"/>
 <red-def:state state_ref="oval:com.redhat.rhsa:ste:20193335024"/>
</red-def:rpminfo_test>
<red-def:rpminfo_test check="at least one" comment="python2-nose is earlier than 0:1.3.7-30.module+el8.1.0+3111+de3f2d8e" id="oval:com.redhat.rhsa:tst:20193335057" version="637">
 <red-def:object object_ref="oval:com.redhat.rhsa:obj:20190981029"/>
 <red-def:state state_ref="oval:com.redhat.rhsa:ste:20193335003"/>
</red-def:rpminfo_test>
<red-def:rpminfo_test check="at least one" comment="python2-numpy is earlier than 1:1.14.2-13.module+el8.1.0+3323+7ac3e00f" id="oval:com.redhat.rhsa:tst:20193335059" version="637">
 <red-def:object object_ref="oval:com.redhat.rhsa:obj:20190981030"/>
 <red-def:state state_ref="oval:com.redhat.rhsa:ste:20193335025"/>
</red-def:rpminfo_test>
<red-def:rpminfo_test check="at least one" comment="python2-numpy-doc is earlier than 1:1.14.2-13.module+el8.1.0+3323+7ac3e00f" id="oval:com.redhat.rhsa:tst:20193335061" version="637">
 <red-def:object object_ref="oval:com.redhat.rhsa:obj:20190981031"/>
 <red-def:state state_ref="oval:com.redhat.rhsa:ste:20193335026"/>
</red-def:rpminfo_test>
<red-def:rpminfo_test check="at least one" comment="python2-numpy-f2py is earlier than 1:1.14.2-13.module+el8.1.0+3323+7ac3e00f" id="oval:com.redhat.rhsa:tst:20193335063" version="637">
 <red-def:object object_ref="oval:com.redhat.rhsa:obj:20190981032"/>
 <red-def:state state_ref="oval:com.redhat.rhsa:ste:20193335025"/>
</red-def:rpminfo_test>
<red-def:rpminfo_test check="at least one" comment="python2-pip is earlier than 0:9.0.3-14.module+el8.1.0+3446+c3d52da3" id="oval:com.redhat.rhsa:tst:20193335065" version="637">
 <red-def:object object_ref="oval:com.redhat.rhsa:obj:20190981033"/>
 <red-def:state state_ref="oval:com.redhat.rhsa:ste:20193335027"/>
</red-def:rpminfo_test>
<red-def:rpminfo_test check="at least one" comment="python2-pip-wheel is earlier than 0:9.0.3-14.module+el8.1.0+3446+c3d52da3" id="oval:com.redhat.rhsa:tst:20193335067" version="637">
 <red-def:object object_ref="oval:com.redhat.rhsa:obj:20193335034"/>
 <red-def:state state_ref="oval:com.redhat.rhsa:ste:20193335027"/>
</red-def:rpminfo_test>
<red-def:rpminfo_test check="at least one" comment="python2-pip-wheel is signed with Red Hat redhatrelease2 key" id="oval:com.redhat.rhsa:tst:20193335068" version="637">
 <red-def:object object_ref="oval:com.redhat.rhsa:obj:20193335034"/>
 <red-def:state state_ref="oval:com.redhat.rhba:ste:20191992002"/>
</red-def:rpminfo_test>
<red-def:rpminfo_test check="at least one" comment="python2-pluggy is earlier than 0:0.6.0-8.module+el8.1.0+3111+de3f2d8e" id="oval:com.redhat.rhsa:tst:20193335069" version="637">
 <red-def:object object_ref="oval:com.redhat.rhsa:obj:20190981034"/>
 <red-def:state state_ref="oval:com.redhat.rhsa:ste:20193335028"/>
</red-def:rpminfo_test>
<red-def:rpminfo_test check="at least one" comment="python2-psycopg2 is earlier than 0:2.7.5-7.module+el8.1.0+3111+de3f2d8e" id="oval:com.redhat.rhsa:tst:20193335071" version="637">
 <red-def:object object_ref="oval:com.redhat.rhsa:obj:20190981035"/>
 <red-def:state state_ref="oval:com.redhat.rhsa:ste:20193335004"/>
</red-def:rpminfo_test>
<red-def:rpminfo_test check="at least one" comment="python2-psycopg2-debug is earlier than 0:2.7.5-7.module+el8.1.0+3111+de3f2d8e" id="oval:com.redhat.rhsa:tst:20193335073" version="637">
 <red-def:object object_ref="oval:com.redhat.rhsa:obj:20190981036"/>
 <red-def:state state_ref="oval:com.redhat.rhsa:ste:20193335004"/>
</red-def:rpminfo_test>
<red-def:rpminfo_test check="at least one" comment="python2-psycopg2-tests is earlier than 0:2.7.5-7.module+el8.1.0+3111+de3f2d8e" id="oval:com.redhat.rhsa:tst:20193335075" version="637">
 <red-def:object object_ref="oval:com.redhat.rhsa:obj:20190981037"/>
 <red-def:state state_ref="oval:com.redhat.rhsa:ste:20193335004"/>
</red-def:rpminfo_test>
<red-def:rpminfo_test check="at least one" comment="python2-py is earlier than 0:1.5.3-6.module+el8.1.0+3111+de3f2d8e" id="oval:com.redhat.rhsa:tst:20193335077" version="637">
 <red-def:object object_ref="oval:com.redhat.rhsa:obj:20190981038"/>
 <red-def:state state_ref="oval:com.redhat.rhsa:ste:20193335029"/>
</red-def:rpminfo_test>
<red-def:rpminfo_test check="at least one" comment="python2-pygments is earlier than 0:2.2.0-20.module+el8.1.0+3111+de3f2d8e" id="oval:com.redhat.rhsa:tst:20193335079" version="637">
 <red-def:object object_ref="oval:com.redhat.rhsa:obj:20190981039"/>
 <red-def:state state_ref="oval:com.redhat.rhsa:ste:20193335030"/>
</red-def:rpminfo_test>
<red-def:rpminfo_test check="at least one" comment="python2-pymongo is earlier than 0:3.6.1-11.module+el8.1.0+3446+c3d52da3" id="oval:com.redhat.rhsa:tst:20193335081" version="637">
 <red-def:object object_ref="oval:com.redhat.rhsa:obj:20190981040"/>
 <red-def:state state_ref="oval:com.redhat.rhsa:ste:20193335012"/>
</red-def:rpminfo_test>
<red-def:rpminfo_test check="at least one" comment="python2-pymongo-gridfs is earlier than 0:3.6.1-11.module+el8.1.0+3446+c3d52da3" id="oval:com.redhat.rhsa:tst:20193335083" version="637">
 <red-def:object object_ref="oval:com.redhat.rhsa:obj:20190981041"/>
 <red-def:state state_ref="oval:com.redhat.rhsa:ste:20193335012"/>
</red-def:rpminfo_test>
<red-def:rpminfo_test check="at least one" comment="python2-pysocks is earlier than 0:1.6.8-6.module+el8.1.0+3111+de3f2d8e" id="oval:com.redhat.rhsa:tst:20193335085" version="637">
 <red-def:object object_ref="oval:com.redhat.rhsa:obj:20190981042"/>
 <red-def:state state_ref="oval:com.redhat.rhsa:ste:20193335031"/>
</red-def:rpminfo_test>
<red-def:rpminfo_test check="at least one" comment="python2-pytest is earlier than 0:3.4.2-13.module+el8.1.0+3111+de3f2d8e" id="oval:com.redhat.rhsa:tst:20193335087" version="637">
 <red-def:object object_ref="oval:com.redhat.rhsa:obj:20190981043"/>
 <red-def:state state_ref="oval:com.redhat.rhsa:ste:20193335032"/>
</red-def:rpminfo_test>
<red-def:rpminfo_test check="at least one" comment="python2-pytest-mock is earlier than 0:1.9.0-4.module+el8.1.0+3111+de3f2d8e" id="oval:com.redhat.rhsa:tst:20193335089" version="637">
 <red-def:object object_ref="oval:com.redhat.rhsa:obj:20190981044"/>
 <red-def:state state_ref="oval:com.redhat.rhsa:ste:20193335033"/>
</red-def:rpminfo_test>
<red-def:rpminfo_test check="at least one" comment="python2-pytz is earlier than 0:2017.2-12.module+el8.1.0+3111+de3f2d8e" id="oval:com.redhat.rhsa:tst:20193335091" version="637">
 <red-def:object object_ref="oval:com.redhat.rhsa:obj:20190981045"/>
 <red-def:state state_ref="oval:com.redhat.rhsa:ste:20193335034"/>
</red-def:rpminfo_test>
<red-def:rpminfo_test check="at least one" comment="python2-pyyaml is earlier than 0:3.12-16.module+el8.1.0+3111+de3f2d8e" id="oval:com.redhat.rhsa:tst:20193335093" version="637">
 <red-def:object object_ref="oval:com.redhat.rhsa:obj:20190981046"/>
 <red-def:state state_ref="oval:com.redhat.rhsa:ste:20193335035"/>
</red-def:rpminfo_test>
<red-def:rpminfo_test check="at least one" comment="python2-requests is earlier than 0:2.20.0-2.module+el8.1.0+3111+de3f2d8e" id="oval:com.redhat.rhsa:tst:20193335095" version="637">
 <red-def:object object_ref="oval:com.redhat.rhsa:obj:20190981047"/>
 <red-def:state state_ref="oval:com.redhat.rhsa:ste:20193335036"/>
</red-def:rpminfo_test>
<red-def:rpminfo_test check="at least one" comment="python2-rpm-macros is earlier than 0:3-38.module+el8.1.0+3111+de3f2d8e" id="oval:com.redhat.rhsa:tst:20193335097" version="637">
 <red-def:object object_ref="oval:com.redhat.rhsa:obj:20190981048"/>
 <red-def:state state_ref="oval:com.redhat.rhsa:ste:20193335037"/>
</red-def:rpminfo_test>
<red-def:rpminfo_test check="at least one" comment="python2-scipy is earlier than 0:1.0.0-20.module+el8.1.0+3323+7ac3e00f" id="oval:com.redhat.rhsa:tst:20193335099" version="637">
 <red-def:object object_ref="oval:com.redhat.rhsa:obj:20190981049"/>
 <red-def:state state_ref="oval:com.redhat.rhsa:ste:20193335038"/>
</red-def:rpminfo_test>
<red-def:rpminfo_test check="at least one" comment="python2-setuptools is earlier than 0:39.0.1-11.module+el8.1.0+3446+c3d52da3" id="oval:com.redhat.rhsa:tst:20193335101" version="637">
 <red-def:object object_ref="oval:com.redhat.rhsa:obj:20190981050"/>
 <red-def:state state_ref="oval:com.redhat.rhsa:ste:20193335039"/>
</red-def:rpminfo_test>
<red-def:rpminfo_test check="at least one" comment="python2-setuptools-wheel is earlier than 0:39.0.1-11.module+el8.1.0+3446+c3d52da3" id="oval:com.redhat.rhsa:tst:20193335103" version="637">
 <red-def:object object_ref="oval:com.redhat.rhsa:obj:20193335052"/>
 <red-def:state state_ref="oval:com.redhat.rhsa:ste:20193335039"/>
</red-def:rpminfo_test>
<red-def:rpminfo_test check="at least one" comment="python2-setuptools-wheel is signed with Red Hat redhatrelease2 key" id="oval:com.redhat.rhsa:tst:20193335104" version="637">
 <red-def:object object_ref="oval:com.redhat.rhsa:obj:20193335052"/>
 <red-def:state state_ref="oval:com.redhat.rhba:ste:20191992002"/>
</red-def:rpminfo_test>
<red-def:rpminfo_test check="at least one" comment="python2-setuptools_scm is earlier than 0:1.15.7-6.module+el8.1.0+3111+de3f2d8e" id="oval:com.redhat.rhsa:tst:20193335105" version="637">
 <red-def:object object_ref="oval:com.redhat.rhsa:obj:20190981051"/>
 <red-def:state state_ref="oval:com.redhat.rhsa:ste:20193335040"/>
</red-def:rpminfo_test>
<red-def:rpminfo_test check="at least one" comment="python2-six is earlier than 0:1.11.0-5.module+el8.1.0+3111+de3f2d8e" id="oval:com.redhat.rhsa:tst:20193335107" version="637">
 <red-def:object object_ref="oval:com.redhat.rhsa:obj:20190981052"/>
 <red-def:state state_ref="oval:com.redhat.rhsa:ste:20193335041"/>
</red-def:rpminfo_test>
<red-def:rpminfo_test check="at least one" comment="python2-sqlalchemy is earlier than 0:1.3.2-1.module+el8.1.0+2994+98e054d6" id="oval:com.redhat.rhsa:tst:20193335109" version="637">
 <red-def:object object_ref="oval:com.redhat.rhsa:obj:20190981053"/>
 <red-def:state state_ref="oval:com.redhat.rhsa:ste:20193335042"/>
</red-def:rpminfo_test>
<red-def:rpminfo_test check="at least one" comment="python2-test is earlier than 0:2.7.16-12.module+el8.1.0+4148+33a50073" id="oval:com.redhat.rhsa:tst:20193335111" version="637">
 <red-def:object object_ref="oval:com.redhat.rhsa:obj:20190981054"/>
 <red-def:state state_ref="oval:com.redhat.rhsa:ste:20193335006"/>
</red-def:rpminfo_test>
<red-def:rpminfo_test check="at least one" comment="python2-tkinter is earlier than 0:2.7.16-12.module+el8.1.0+4148+33a50073" id="oval:com.redhat.rhsa:tst:20193335113" version="637">
 <red-def:object object_ref="oval:com.redhat.rhsa:obj:20190981055"/>
 <red-def:state state_ref="oval:com.redhat.rhsa:ste:20193335006"/>
</red-def:rpminfo_test>
<red-def:rpminfo_test check="at least one" comment="python2-tools is earlier than 0:2.7.16-12.module+el8.1.0+4148+33a50073" id="oval:com.redhat.rhsa:tst:20193335115" version="637">
 <red-def:object object_ref="oval:com.redhat.rhsa:obj:20190981056"/>
 <red-def:state state_ref="oval:com.redhat.rhsa:ste:20193335006"/>
</red-def:rpminfo_test>
<red-def:rpminfo_test check="at least one" comment="python2-urllib3 is earlier than 0:1.24.2-1.module+el8.1.0+3280+19512f10" id="oval:com.redhat.rhsa:tst:20193335117" version="637">
 <red-def:object object_ref="oval:com.redhat.rhsa:obj:20190981057"/>
 <red-def:state state_ref="oval:com.redhat.rhsa:ste:20193335043"/>
</red-def:rpminfo_test>
<red-def:rpminfo_test check="at least one" comment="python2-virtualenv is earlier than 0:15.1.0-19.module+el8.1.0+3507+d69c168d" id="oval:com.redhat.rhsa:tst:20193335119" version="637">
 <red-def:object object_ref="oval:com.redhat.rhsa:obj:20190981058"/>
 <red-def:state state_ref="oval:com.redhat.rhsa:ste:20193335044"/>
</red-def:rpminfo_test>
<red-def:rpminfo_test check="at least one" comment="python2-wheel is earlier than 1:0.31.1-2.module+el8.1.0+3725+aac5cd17" id="oval:com.redhat.rhsa:tst:20193335121" version="637">
 <red-def:object object_ref="oval:com.redhat.rhsa:obj:20190981059"/>
 <red-def:state state_ref="oval:com.redhat.rhsa:ste:20193335045"/>
</red-def:rpminfo_test>
<red-def:rpminfo_test check="at least one" comment="python2-wheel-wheel is earlier than 1:0.31.1-2.module+el8.1.0+3725+aac5cd17" id="oval:com.redhat.rhsa:tst:20193335123" version="637">
 <red-def:object object_ref="oval:com.redhat.rhsa:obj:20193335062"/>
 <red-def:state state_ref="oval:com.redhat.rhsa:ste:20193335045"/>
</red-def:rpminfo_test>
<red-def:rpminfo_test check="at least one" comment="python2-wheel-wheel is signed with Red Hat redhatrelease2 key" id="oval:com.redhat.rhsa:tst:20193335124" version="637">
 <red-def:object object_ref="oval:com.redhat.rhsa:obj:20193335062"/>
 <red-def:state state_ref="oval:com.redhat.rhba:ste:20191992002"/>
</red-def:rpminfo_test>
<red-def:rpminfo_test check="at least one" comment="edk2-aarch64 is earlier than 0:20190308git89910a39dcfd-6.el8" id="oval:com.redhat.rhsa:tst:20193338001" version="638">
 <red-def:object object_ref="oval:com.redhat.rhsa:obj:20190968001"/>
 <red-def:state state_ref="oval:com.redhat.rhsa:ste:20193338001"/>
</red-def:rpminfo_test>
<red-def:rpminfo_test check="at least one" comment="edk2-ovmf is earlier than 0:20190308git89910a39dcfd-6.el8" id="oval:com.redhat.rhsa:tst:20193338003" version="638">
 <red-def:object object_ref="oval:com.redhat.rhsa:obj:20190968002"/>
 <red-def:state state_ref="oval:com.redhat.rhsa:ste:20193338001"/>
</red-def:rpminfo_test>
<red-def:rpminfo_test check="at least one" comment="SLOF is earlier than 0:20171214-6.gitfa98132.module+el8.1.0+4066+0f1aadab" id="oval:com.redhat.rhsa:tst:20193345001" version="641">
 <red-def:object object_ref="oval:com.redhat.rhba:obj:20192715001"/>
 <red-def:state state_ref="oval:com.redhat.rhsa:ste:20193345001"/>
</red-def:rpminfo_test>
<red-def:rpminfo_test check="at least one" comment="hivex is earlier than 0:1.3.15-7.module+el8.1.0+4066+0f1aadab" id="oval:com.redhat.rhsa:tst:20193345003" version="641">
 <red-def:object object_ref="oval:com.redhat.rhba:obj:20192715002"/>
 <red-def:state state_ref="oval:com.redhat.rhsa:ste:20193345003"/>
</red-def:rpminfo_test>
<red-def:rpminfo_test check="at least one" comment="hivex-devel is earlier than 0:1.3.15-7.module+el8.1.0+4066+0f1aadab" id="oval:com.redhat.rhsa:tst:20193345005" version="641">
 <red-def:object object_ref="oval:com.redhat.rhba:obj:20192715003"/>
 <red-def:state state_ref="oval:com.redhat.rhsa:ste:20193345003"/>
</red-def:rpminfo_test>
<red-def:rpminfo_test check="at least one" comment="libguestfs is earlier than 1:1.38.4-14.module+el8.1.0+4066+0f1aadab" id="oval:com.redhat.rhsa:tst:20193345007" version="641">
 <red-def:object object_ref="oval:com.redhat.rhba:obj:20192715004"/>
 <red-def:state state_ref="oval:com.redhat.rhsa:ste:20193345004"/>
</red-def:rpminfo_test>
<red-def:rpminfo_test check="at least one" comment="libguestfs-bash-completion is earlier than 1:1.38.4-14.module+el8.1.0+4066+0f1aadab" id="oval:com.redhat.rhsa:tst:20193345009" version="641">
 <red-def:object object_ref="oval:com.redhat.rhba:obj:20192715005"/>
 <red-def:state state_ref="oval:com.redhat.rhsa:ste:20193345005"/>
</red-def:rpminfo_test>
<red-def:rpminfo_test check="at least one" comment="libguestfs-benchmarking is earlier than 1:1.38.4-14.module+el8.1.0+4066+0f1aadab" id="oval:com.redhat.rhsa:tst:20193345011" version="641">
 <red-def:object object_ref="oval:com.redhat.rhba:obj:20192715006"/>
 <red-def:state state_ref="oval:com.redhat.rhsa:ste:20193345006"/>
</red-def:rpminfo_test>
<red-def:rpminfo_test check="at least one" comment="libguestfs-devel is earlier than 1:1.38.4-14.module+el8.1.0+4066+0f1aadab" id="oval:com.redhat.rhsa:tst:20193345013" version="641">
 <red-def:object object_ref="oval:com.redhat.rhba:obj:20192715007"/>
 <red-def:state state_ref="oval:com.redhat.rhsa:ste:20193345004"/>
</red-def:rpminfo_test>
<red-def:rpminfo_test check="at least one" comment="libguestfs-gfs2 is earlier than 1:1.38.4-14.module+el8.1.0+4066+0f1aadab" id="oval:com.redhat.rhsa:tst:20193345015" version="641">
 <red-def:object object_ref="oval:com.redhat.rhba:obj:20192715008"/>
 <red-def:state state_ref="oval:com.redhat.rhsa:ste:20193345004"/>
</red-def:rpminfo_test>
<red-def:rpminfo_test check="at least one" comment="libguestfs-gobject is earlier than 1:1.38.4-14.module+el8.1.0+4066+0f1aadab" id="oval:com.redhat.rhsa:tst:20193345017" version="641">
 <red-def:object object_ref="oval:com.redhat.rhba:obj:20192715009"/>
 <red-def:state state_ref="oval:com.redhat.rhsa:ste:20193345004"/>
</red-def:rpminfo_test>
<red-def:rpminfo_test check="at least one" comment="libguestfs-gobject-devel is earlier than 1:1.38.4-14.module+el8.1.0+4066+0f1aadab" id="oval:com.redhat.rhsa:tst:20193345019" version="641">
 <red-def:object object_ref="oval:com.redhat.rhba:obj:20192715010"/>
 <red-def:state state_ref="oval:com.redhat.rhsa:ste:20193345004"/>
</red-def:rpminfo_test>
<red-def:rpminfo_test check="at least one" comment="libguestfs-inspect-icons is earlier than 1:1.38.4-14.module+el8.1.0+4066+0f1aadab" id="oval:com.redhat.rhsa:tst:20193345021" version="641">
 <red-def:object object_ref="oval:com.redhat.rhba:obj:20192715011"/>
 <red-def:state state_ref="oval:com.redhat.rhsa:ste:20193345005"/>
</red-def:rpminfo_test>
<red-def:rpminfo_test check="at least one" comment="libguestfs-java is earlier than 1:1.38.4-14.module+el8.1.0+4066+0f1aadab" id="oval:com.redhat.rhsa:tst:20193345023" version="641">
 <red-def:object object_ref="oval:com.redhat.rhba:obj:20192715012"/>
 <red-def:state state_ref="oval:com.redhat.rhsa:ste:20193345004"/>
</red-def:rpminfo_test>
<red-def:rpminfo_test check="at least one" comment="libguestfs-java-devel is earlier than 1:1.38.4-14.module+el8.1.0+4066+0f1aadab" id="oval:com.redhat.rhsa:tst:20193345025" version="641">
 <red-def:object object_ref="oval:com.redhat.rhba:obj:20192715013"/>
 <red-def:state state_ref="oval:com.redhat.rhsa:ste:20193345004"/>
</red-def:rpminfo_test>
<red-def:rpminfo_test check="at least one" comment="libguestfs-javadoc is earlier than 1:1.38.4-14.module+el8.1.0+4066+0f1aadab" id="oval:com.redhat.rhsa:tst:20193345027" version="641">
 <red-def:object object_ref="oval:com.redhat.rhba:obj:20192715014"/>
 <red-def:state state_ref="oval:com.redhat.rhsa:ste:20193345005"/>
</red-def:rpminfo_test>
<red-def:rpminfo_test check="at least one" comment="libguestfs-man-pages-ja is earlier than 1:1.38.4-14.module+el8.1.0+4066+0f1aadab" id="oval:com.redhat.rhsa:tst:20193345029" version="641">
 <red-def:object object_ref="oval:com.redhat.rhba:obj:20192715015"/>
 <red-def:state state_ref="oval:com.redhat.rhsa:ste:20193345005"/>
</red-def:rpminfo_test>
<red-def:rpminfo_test check="at least one" comment="libguestfs-man-pages-uk is earlier than 1:1.38.4-14.module+el8.1.0+4066+0f1aadab" id="oval:com.redhat.rhsa:tst:20193345031" version="641">
 <red-def:object object_ref="oval:com.redhat.rhba:obj:20192715016"/>
 <red-def:state state_ref="oval:com.redhat.rhsa:ste:20193345005"/>
</red-def:rpminfo_test>
<red-def:rpminfo_test check="at least one" comment="libguestfs-rescue is earlier than 1:1.38.4-14.module+el8.1.0+4066+0f1aadab" id="oval:com.redhat.rhsa:tst:20193345033" version="641">
 <red-def:object object_ref="oval:com.redhat.rhba:obj:20192715017"/>
 <red-def:state state_ref="oval:com.redhat.rhsa:ste:20193345004"/>
</red-def:rpminfo_test>
<red-def:rpminfo_test check="at least one" comment="libguestfs-rsync is earlier than 1:1.38.4-14.module+el8.1.0+4066+0f1aadab" id="oval:com.redhat.rhsa:tst:20193345035" version="641">
 <red-def:object object_ref="oval:com.redhat.rhba:obj:20192715018"/>
 <red-def:state state_ref="oval:com.redhat.rhsa:ste:20193345004"/>
</red-def:rpminfo_test>
<red-def:rpminfo_test check="at least one" comment="libguestfs-tools is earlier than 1:1.38.4-14.module+el8.1.0+4066+0f1aadab" id="oval:com.redhat.rhsa:tst:20193345037" version="641">
 <red-def:object object_ref="oval:com.redhat.rhba:obj:20192715019"/>
 <red-def:state state_ref="oval:com.redhat.rhsa:ste:20193345005"/>
</red-def:rpminfo_test>
<red-def:rpminfo_test check="at least one" comment="libguestfs-tools-c is earlier than 1:1.38.4-14.module+el8.1.0+4066+0f1aadab" id="oval:com.redhat.rhsa:tst:20193345039" version="641">
 <red-def:object object_ref="oval:com.redhat.rhba:obj:20192715020"/>
 <red-def:state state_ref="oval:com.redhat.rhsa:ste:20193345004"/>
</red-def:rpminfo_test>
<red-def:rpminfo_test check="at least one" comment="libguestfs-winsupport is earlier than 0:8.0-4.module+el8.1.0+4066+0f1aadab" id="oval:com.redhat.rhsa:tst:20193345041" version="641">
 <red-def:object object_ref="oval:com.redhat.rhba:obj:20192715021"/>
 <red-def:state state_ref="oval:com.redhat.rhsa:ste:20193345007"/>
</red-def:rpminfo_test>
<red-def:rpminfo_test check="at least one" comment="libguestfs-xfs is earlier than 1:1.38.4-14.module+el8.1.0+4066+0f1aadab" id="oval:com.redhat.rhsa:tst:20193345043" version="641">
 <red-def:object object_ref="oval:com.redhat.rhba:obj:20192715022"/>
 <red-def:state state_ref="oval:com.redhat.rhsa:ste:20193345004"/>
</red-def:rpminfo_test>
<red-def:rpminfo_test check="at least one" comment="libiscsi is earlier than 0:1.18.0-8.module+el8.1.0+4066+0f1aadab" id="oval:com.redhat.rhsa:tst:20193345045" version="641">
 <red-def:object object_ref="oval:com.redhat.rhba:obj:20192715023"/>
 <red-def:state state_ref="oval:com.redhat.rhsa:ste:20193345008"/>
</red-def:rpminfo_test>
<red-def:rpminfo_test check="at least one" comment="libiscsi-devel is earlier than 0:1.18.0-8.module+el8.1.0+4066+0f1aadab" id="oval:com.redhat.rhsa:tst:20193345047" version="641">
 <red-def:object object_ref="oval:com.redhat.rhba:obj:20192715024"/>
 <red-def:state state_ref="oval:com.redhat.rhsa:ste:20193345008"/>
</red-def:rpminfo_test>
<red-def:rpminfo_test check="at least one" comment="libiscsi-utils is earlier than 0:1.18.0-8.module+el8.1.0+4066+0f1aadab" id="oval:com.redhat.rhsa:tst:20193345049" version="641">
 <red-def:object object_ref="oval:com.redhat.rhba:obj:20192715025"/>
 <red-def:state state_ref="oval:com.redhat.rhsa:ste:20193345008"/>
</red-def:rpminfo_test>
<red-def:rpminfo_test check="at least one" comment="libvirt is earlier than 0:4.5.0-35.module+el8.1.0+4227+b2722cb3" id="oval:com.redhat.rhsa:tst:20193345051" version="641">
 <red-def:object object_ref="oval:com.redhat.rhba:obj:20192715027"/>
 <red-def:state state_ref="oval:com.redhat.rhsa:ste:20193345009"/>
</red-def:rpminfo_test>
<red-def:rpminfo_test check="at least one" comment="libvirt-admin is earlier than 0:4.5.0-35.module+el8.1.0+4227+b2722cb3" id="oval:com.redhat.rhsa:tst:20193345053" version="641">
 <red-def:object object_ref="oval:com.redhat.rhba:obj:20192715028"/>
 <red-def:state state_ref="oval:com.redhat.rhsa:ste:20193345009"/>
</red-def:rpminfo_test>
<red-def:rpminfo_test check="at least one" comment="libvirt-bash-completion is earlier than 0:4.5.0-35.module+el8.1.0+4227+b2722cb3" id="oval:com.redhat.rhsa:tst:20193345055" version="641">
 <red-def:object object_ref="oval:com.redhat.rhba:obj:20192715029"/>
 <red-def:state state_ref="oval:com.redhat.rhsa:ste:20193345009"/>
</red-def:rpminfo_test>
<red-def:rpminfo_test check="at least one" comment="libvirt-client is earlier than 0:4.5.0-35.module+el8.1.0+4227+b2722cb3" id="oval:com.redhat.rhsa:tst:20193345057" version="641">
 <red-def:object object_ref="oval:com.redhat.rhba:obj:20192715030"/>
 <red-def:state state_ref="oval:com.redhat.rhsa:ste:20193345009"/>
</red-def:rpminfo_test>
<red-def:rpminfo_test check="at least one" comment="libvirt-daemon is earlier than 0:4.5.0-35.module+el8.1.0+4227+b2722cb3" id="oval:com.redhat.rhsa:tst:20193345059" version="641">
 <red-def:object object_ref="oval:com.redhat.rhba:obj:20192715031"/>
 <red-def:state state_ref="oval:com.redhat.rhsa:ste:20193345009"/>
</red-def:rpminfo_test>
<red-def:rpminfo_test check="at least one" comment="libvirt-daemon-config-network is earlier than 0:4.5.0-35.module+el8.1.0+4227+b2722cb3" id="oval:com.redhat.rhsa:tst:20193345061" version="641">
 <red-def:object object_ref="oval:com.redhat.rhba:obj:20192715032"/>
 <red-def:state state_ref="oval:com.redhat.rhsa:ste:20193345009"/>
</red-def:rpminfo_test>
<red-def:rpminfo_test check="at least one" comment="libvirt-daemon-config-nwfilter is earlier than 0:4.5.0-35.module+el8.1.0+4227+b2722cb3" id="oval:com.redhat.rhsa:tst:20193345063" version="641">
 <red-def:object object_ref="oval:com.redhat.rhba:obj:20192715033"/>
 <red-def:state state_ref="oval:com.redhat.rhsa:ste:20193345009"/>
</red-def:rpminfo_test>
<red-def:rpminfo_test check="at least one" comment="libvirt-daemon-driver-interface is earlier than 0:4.5.0-35.module+el8.1.0+4227+b2722cb3" id="oval:com.redhat.rhsa:tst:20193345065" version="641">
 <red-def:object object_ref="oval:com.redhat.rhba:obj:20192715034"/>
 <red-def:state state_ref="oval:com.redhat.rhsa:ste:20193345009"/>
</red-def:rpminfo_test>
<red-def:rpminfo_test check="at least one" comment="libvirt-daemon-driver-network is earlier than 0:4.5.0-35.module+el8.1.0+4227+b2722cb3" id="oval:com.redhat.rhsa:tst:20193345067" version="641">
 <red-def:object object_ref="oval:com.redhat.rhba:obj:20192715035"/>
 <red-def:state state_ref="oval:com.redhat.rhsa:ste:20193345009"/>
</red-def:rpminfo_test>
<red-def:rpminfo_test check="at least one" comment="libvirt-daemon-driver-nodedev is earlier than 0:4.5.0-35.module+el8.1.0+4227+b2722cb3" id="oval:com.redhat.rhsa:tst:20193345069" version="641">
 <red-def:object object_ref="oval:com.redhat.rhba:obj:20192715036"/>
 <red-def:state state_ref="oval:com.redhat.rhsa:ste:20193345009"/>
</red-def:rpminfo_test>
<red-def:rpminfo_test check="at least one" comment="libvirt-daemon-driver-nwfilter is earlier than 0:4.5.0-35.module+el8.1.0+4227+b2722cb3" id="oval:com.redhat.rhsa:tst:20193345071" version="641">
 <red-def:object object_ref="oval:com.redhat.rhba:obj:20192715037"/>
 <red-def:state state_ref="oval:com.redhat.rhsa:ste:20193345009"/>
</red-def:rpminfo_test>
<red-def:rpminfo_test check="at least one" comment="libvirt-daemon-driver-qemu is earlier than 0:4.5.0-35.module+el8.1.0+4227+b2722cb3" id="oval:com.redhat.rhsa:tst:20193345073" version="641">
 <red-def:object object_ref="oval:com.redhat.rhba:obj:20192715038"/>
 <red-def:state state_ref="oval:com.redhat.rhsa:ste:20193345009"/>
</red-def:rpminfo_test>
<red-def:rpminfo_test check="at least one" comment="libvirt-daemon-driver-secret is earlier than 0:4.5.0-35.module+el8.1.0+4227+b2722cb3" id="oval:com.redhat.rhsa:tst:20193345075" version="641">
 <red-def:object object_ref="oval:com.redhat.rhba:obj:20192715039"/>
 <red-def:state state_ref="oval:com.redhat.rhsa:ste:20193345009"/>
</red-def:rpminfo_test>
<red-def:rpminfo_test check="at least one" comment="libvirt-daemon-driver-storage is earlier than 0:4.5.0-35.module+el8.1.0+4227+b2722cb3" id="oval:com.redhat.rhsa:tst:20193345077" version="641">
 <red-def:object object_ref="oval:com.redhat.rhba:obj:20192715040"/>
 <red-def:state state_ref="oval:com.redhat.rhsa:ste:20193345009"/>
</red-def:rpminfo_test>
<red-def:rpminfo_test check="at least one" comment="libvirt-daemon-driver-storage-core is earlier than 0:4.5.0-35.module+el8.1.0+4227+b2722cb3" id="oval:com.redhat.rhsa:tst:20193345079" version="641">
 <red-def:object object_ref="oval:com.redhat.rhba:obj:20192715041"/>
 <red-def:state state_ref="oval:com.redhat.rhsa:ste:20193345009"/>
</red-def:rpminfo_test>
<red-def:rpminfo_test check="at least one" comment="libvirt-daemon-driver-storage-disk is earlier than 0:4.5.0-35.module+el8.1.0+4227+b2722cb3" id="oval:com.redhat.rhsa:tst:20193345081" version="641">
 <red-def:object object_ref="oval:com.redhat.rhba:obj:20192715042"/>
 <red-def:state state_ref="oval:com.redhat.rhsa:ste:20193345009"/>
</red-def:rpminfo_test>
<red-def:rpminfo_test check="at least one" comment="libvirt-daemon-driver-storage-gluster is earlier than 0:4.5.0-35.module+el8.1.0+4227+b2722cb3" id="oval:com.redhat.rhsa:tst:20193345083" version="641">
 <red-def:object object_ref="oval:com.redhat.rhba:obj:20192715043"/>
 <red-def:state state_ref="oval:com.redhat.rhsa:ste:20193345009"/>
</red-def:rpminfo_test>
<red-def:rpminfo_test check="at least one" comment="libvirt-daemon-driver-storage-iscsi is earlier than 0:4.5.0-35.module+el8.1.0+4227+b2722cb3" id="oval:com.redhat.rhsa:tst:20193345085" version="641">
 <red-def:object object_ref="oval:com.redhat.rhba:obj:20192715044"/>
 <red-def:state state_ref="oval:com.redhat.rhsa:ste:20193345009"/>
</red-def:rpminfo_test>
<red-def:rpminfo_test check="at least one" comment="libvirt-daemon-driver-storage-logical is earlier than 0:4.5.0-35.module+el8.1.0+4227+b2722cb3" id="oval:com.redhat.rhsa:tst:20193345087" version="641">
 <red-def:object object_ref="oval:com.redhat.rhba:obj:20192715045"/>
 <red-def:state state_ref="oval:com.redhat.rhsa:ste:20193345009"/>
</red-def:rpminfo_test>
<red-def:rpminfo_test check="at least one" comment="libvirt-daemon-driver-storage-mpath is earlier than 0:4.5.0-35.module+el8.1.0+4227+b2722cb3" id="oval:com.redhat.rhsa:tst:20193345089" version="641">
 <red-def:object object_ref="oval:com.redhat.rhba:obj:20192715046"/>
 <red-def:state state_ref="oval:com.redhat.rhsa:ste:20193345009"/>
</red-def:rpminfo_test>
<red-def:rpminfo_test check="at least one" comment="libvirt-daemon-driver-storage-rbd is earlier than 0:4.5.0-35.module+el8.1.0+4227+b2722cb3" id="oval:com.redhat.rhsa:tst:20193345091" version="641">
 <red-def:object object_ref="oval:com.redhat.rhba:obj:20192715047"/>
 <red-def:state state_ref="oval:com.redhat.rhsa:ste:20193345009"/>
</red-def:rpminfo_test>
<red-def:rpminfo_test check="at least one" comment="libvirt-daemon-driver-storage-scsi is earlier than 0:4.5.0-35.module+el8.1.0+4227+b2722cb3" id="oval:com.redhat.rhsa:tst:20193345093" version="641">
 <red-def:object object_ref="oval:com.redhat.rhba:obj:20192715048"/>
 <red-def:state state_ref="oval:com.redhat.rhsa:ste:20193345009"/>
</red-def:rpminfo_test>
<red-def:rpminfo_test check="at least one" comment="libvirt-daemon-kvm is earlier than 0:4.5.0-35.module+el8.1.0+4227+b2722cb3" id="oval:com.redhat.rhsa:tst:20193345095" version="641">
 <red-def:object object_ref="oval:com.redhat.rhba:obj:20192715049"/>
 <red-def:state state_ref="oval:com.redhat.rhsa:ste:20193345009"/>
</red-def:rpminfo_test>
<red-def:rpminfo_test check="at least one" comment="libvirt-dbus is earlier than 0:1.2.0-3.module+el8.1.0+4066+0f1aadab" id="oval:com.redhat.rhsa:tst:20193345097" version="641">
 <red-def:object object_ref="oval:com.redhat.rhba:obj:20192715050"/>
 <red-def:state state_ref="oval:com.redhat.rhsa:ste:20193345010"/>
</red-def:rpminfo_test>
<red-def:rpminfo_test check="at least one" comment="libvirt-devel is earlier than 0:4.5.0-35.module+el8.1.0+4227+b2722cb3" id="oval:com.redhat.rhsa:tst:20193345099" version="641">
 <red-def:object object_ref="oval:com.redhat.rhba:obj:20192715051"/>
 <red-def:state state_ref="oval:com.redhat.rhsa:ste:20193345009"/>
</red-def:rpminfo_test>
<red-def:rpminfo_test check="at least one" comment="libvirt-docs is earlier than 0:4.5.0-35.module+el8.1.0+4227+b2722cb3" id="oval:com.redhat.rhsa:tst:20193345101" version="641">
 <red-def:object object_ref="oval:com.redhat.rhba:obj:20192715052"/>
 <red-def:state state_ref="oval:com.redhat.rhsa:ste:20193345009"/>
</red-def:rpminfo_test>
<red-def:rpminfo_test check="at least one" comment="libvirt-libs is earlier than 0:4.5.0-35.module+el8.1.0+4227+b2722cb3" id="oval:com.redhat.rhsa:tst:20193345103" version="641">
 <red-def:object object_ref="oval:com.redhat.rhba:obj:20192715053"/>
 <red-def:state state_ref="oval:com.redhat.rhsa:ste:20193345009"/>
</red-def:rpminfo_test>
<red-def:rpminfo_test check="at least one" comment="libvirt-lock-sanlock is earlier than 0:4.5.0-35.module+el8.1.0+4227+b2722cb3" id="oval:com.redhat.rhsa:tst:20193345105" version="641">
 <red-def:object object_ref="oval:com.redhat.rhba:obj:20192715054"/>
 <red-def:state state_ref="oval:com.redhat.rhsa:ste:20193345009"/>
</red-def:rpminfo_test>
<red-def:rpminfo_test check="at least one" comment="libvirt-nss is earlier than 0:4.5.0-35.module+el8.1.0+4227+b2722cb3" id="oval:com.redhat.rhsa:tst:20193345107" version="641">
 <red-def:object object_ref="oval:com.redhat.rhba:obj:20192715055"/>
 <red-def:state state_ref="oval:com.redhat.rhsa:ste:20193345009"/>
</red-def:rpminfo_test>
<red-def:rpminfo_test check="at least one" comment="lua-guestfs is earlier than 1:1.38.4-14.module+el8.1.0+4066+0f1aadab" id="oval:com.redhat.rhsa:tst:20193345109" version="641">
 <red-def:object object_ref="oval:com.redhat.rhba:obj:20192715056"/>
 <red-def:state state_ref="oval:com.redhat.rhsa:ste:20193345004"/>
</red-def:rpminfo_test>
<red-def:rpminfo_test check="at least one" comment="nbdkit is earlier than 0:1.4.2-5.module+el8.1.0+4066+0f1aadab" id="oval:com.redhat.rhsa:tst:20193345111" version="641">
 <red-def:object object_ref="oval:com.redhat.rhba:obj:20192715057"/>
 <red-def:state state_ref="oval:com.redhat.rhsa:ste:20193345011"/>
</red-def:rpminfo_test>
<red-def:rpminfo_test check="at least one" comment="nbdkit-bash-completion is earlier than 0:1.4.2-5.module+el8.1.0+4066+0f1aadab" id="oval:com.redhat.rhsa:tst:20193345113" version="641">
 <red-def:object object_ref="oval:com.redhat.rhba:obj:20192715058"/>
 <red-def:state state_ref="oval:com.redhat.rhsa:ste:20193345012"/>
</red-def:rpminfo_test>
<red-def:rpminfo_test check="at least one" comment="nbdkit-basic-plugins is earlier than 0:1.4.2-5.module+el8.1.0+4066+0f1aadab" id="oval:com.redhat.rhsa:tst:20193345115" version="641">
 <red-def:object object_ref="oval:com.redhat.rhba:obj:20192715059"/>
 <red-def:state state_ref="oval:com.redhat.rhsa:ste:20193345011"/>
</red-def:rpminfo_test>
<red-def:rpminfo_test check="at least one" comment="nbdkit-devel is earlier than 0:1.4.2-5.module+el8.1.0+4066+0f1aadab" id="oval:com.redhat.rhsa:tst:20193345117" version="641">
 <red-def:object object_ref="oval:com.redhat.rhba:obj:20192715060"/>
 <red-def:state state_ref="oval:com.redhat.rhsa:ste:20193345011"/>
</red-def:rpminfo_test>
<red-def:rpminfo_test check="at least one" comment="nbdkit-example-plugins is earlier than 0:1.4.2-5.module+el8.1.0+4066+0f1aadab" id="oval:com.redhat.rhsa:tst:20193345119" version="641">
 <red-def:object object_ref="oval:com.redhat.rhba:obj:20192715061"/>
 <red-def:state state_ref="oval:com.redhat.rhsa:ste:20193345011"/>
</red-def:rpminfo_test>
<red-def:rpminfo_test check="at least one" comment="nbdkit-plugin-gzip is earlier than 0:1.4.2-5.module+el8.1.0+4066+0f1aadab" id="oval:com.redhat.rhsa:tst:20193345121" version="641">
 <red-def:object object_ref="oval:com.redhat.rhba:obj:20192715062"/>
 <red-def:state state_ref="oval:com.redhat.rhsa:ste:20193345011"/>
</red-def:rpminfo_test>
<red-def:rpminfo_test check="at least one" comment="nbdkit-plugin-python-common is earlier than 0:1.4.2-5.module+el8.1.0+4066+0f1aadab" id="oval:com.redhat.rhsa:tst:20193345123" version="641">
 <red-def:object object_ref="oval:com.redhat.rhba:obj:20192715063"/>
 <red-def:state state_ref="oval:com.redhat.rhsa:ste:20193345011"/>
</red-def:rpminfo_test>
<red-def:rpminfo_test check="at least one" comment="nbdkit-plugin-python3 is earlier than 0:1.4.2-5.module+el8.1.0+4066+0f1aadab" id="oval:com.redhat.rhsa:tst:20193345125" version="641">
 <red-def:object object_ref="oval:com.redhat.rhba:obj:20192715064"/>
 <red-def:state state_ref="oval:com.redhat.rhsa:ste:20193345011"/>
</red-def:rpminfo_test>
<red-def:rpminfo_test check="at least one" comment="nbdkit-plugin-vddk is earlier than 0:1.4.2-5.module+el8.1.0+4066+0f1aadab" id="oval:com.redhat.rhsa:tst:20193345127" version="641">
 <red-def:object object_ref="oval:com.redhat.rhba:obj:20192715065"/>
 <red-def:state state_ref="oval:com.redhat.rhsa:ste:20193345013"/>
</red-def:rpminfo_test>
<red-def:rpminfo_test check="at least one" comment="nbdkit-plugin-xz is earlier than 0:1.4.2-5.module+el8.1.0+4066+0f1aadab" id="oval:com.redhat.rhsa:tst:20193345129" version="641">
 <red-def:object object_ref="oval:com.redhat.rhba:obj:20192715066"/>
 <red-def:state state_ref="oval:com.redhat.rhsa:ste:20193345011"/>
</red-def:rpminfo_test>
<red-def:rpminfo_test check="at least one" comment="netcf is earlier than 0:0.2.8-12.module+el8.1.0+4066+0f1aadab" id="oval:com.redhat.rhsa:tst:20193345131" version="641">
 <red-def:object object_ref="oval:com.redhat.rhba:obj:20192715067"/>
 <red-def:state state_ref="oval:com.redhat.rhsa:ste:20193345014"/>
</red-def:rpminfo_test>
<red-def:rpminfo_test check="at least one" comment="netcf-devel is earlier than 0:0.2.8-12.module+el8.1.0+4066+0f1aadab" id="oval:com.redhat.rhsa:tst:20193345133" version="641">
 <red-def:object object_ref="oval:com.redhat.rhba:obj:20192715068"/>
 <red-def:state state_ref="oval:com.redhat.rhsa:ste:20193345014"/>
</red-def:rpminfo_test>
<red-def:rpminfo_test check="at least one" comment="netcf-libs is earlier than 0:0.2.8-12.module+el8.1.0+4066+0f1aadab" id="oval:com.redhat.rhsa:tst:20193345135" version="641">
 <red-def:object object_ref="oval:com.redhat.rhba:obj:20192715069"/>
 <red-def:state state_ref="oval:com.redhat.rhsa:ste:20193345014"/>
</red-def:rpminfo_test>
<red-def:rpminfo_test check="at least one" comment="perl-Sys-Guestfs is earlier than 1:1.38.4-14.module+el8.1.0+4066+0f1aadab" id="oval:com.redhat.rhsa:tst:20193345137" version="641">
 <red-def:object object_ref="oval:com.redhat.rhba:obj:20192715070"/>
 <red-def:state state_ref="oval:com.redhat.rhsa:ste:20193345004"/>
</red-def:rpminfo_test>
<red-def:rpminfo_test check="at least one" comment="perl-Sys-Virt is earlier than 0:4.5.0-5.module+el8.1.0+4066+0f1aadab" id="oval:com.redhat.rhsa:tst:20193345139" version="641">
 <red-def:object object_ref="oval:com.redhat.rhba:obj:20192715071"/>
 <red-def:state state_ref="oval:com.redhat.rhsa:ste:20193345015"/>
</red-def:rpminfo_test>
<red-def:rpminfo_test check="at least one" comment="perl-hivex is earlier than 0:1.3.15-7.module+el8.1.0+4066+0f1aadab" id="oval:com.redhat.rhsa:tst:20193345141" version="641">
 <red-def:object object_ref="oval:com.redhat.rhba:obj:20192715072"/>
 <red-def:state state_ref="oval:com.redhat.rhsa:ste:20193345003"/>
</red-def:rpminfo_test>
<red-def:rpminfo_test check="at least one" comment="python3-hivex is earlier than 0:1.3.15-7.module+el8.1.0+4066+0f1aadab" id="oval:com.redhat.rhsa:tst:20193345143" version="641">
 <red-def:object object_ref="oval:com.redhat.rhba:obj:20192715073"/>
 <red-def:state state_ref="oval:com.redhat.rhsa:ste:20193345003"/>
</red-def:rpminfo_test>
<red-def:rpminfo_test check="at least one" comment="python3-libguestfs is earlier than 1:1.38.4-14.module+el8.1.0+4066+0f1aadab" id="oval:com.redhat.rhsa:tst:20193345145" version="641">
 <red-def:object object_ref="oval:com.redhat.rhba:obj:20192715074"/>
 <red-def:state state_ref="oval:com.redhat.rhsa:ste:20193345004"/>
</red-def:rpminfo_test>
<red-def:rpminfo_test check="at least one" comment="python3-libvirt is earlier than 0:4.5.0-2.module+el8.1.0+4066+0f1aadab" id="oval:com.redhat.rhsa:tst:20193345147" version="641">
 <red-def:object object_ref="oval:com.redhat.rhba:obj:20192715075"/>
 <red-def:state state_ref="oval:com.redhat.rhsa:ste:20193345016"/>
</red-def:rpminfo_test>
<red-def:rpminfo_test check="at least one" comment="qemu-guest-agent is earlier than 15:2.12.0-88.module+el8.1.0+4233+bc44be3f" id="oval:com.redhat.rhsa:tst:20193345149" version="641">
 <red-def:object object_ref="oval:com.redhat.rhba:obj:20192715076"/>
 <red-def:state state_ref="oval:com.redhat.rhsa:ste:20193345017"/>
</red-def:rpminfo_test>
<red-def:rpminfo_test check="at least one" comment="qemu-img is earlier than 15:2.12.0-88.module+el8.1.0+4233+bc44be3f" id="oval:com.redhat.rhsa:tst:20193345151" version="641">
 <red-def:object object_ref="oval:com.redhat.rhba:obj:20192715077"/>
 <red-def:state state_ref="oval:com.redhat.rhsa:ste:20193345017"/>
</red-def:rpminfo_test>
<red-def:rpminfo_test check="at least one" comment="qemu-kvm is earlier than 15:2.12.0-88.module+el8.1.0+4233+bc44be3f" id="oval:com.redhat.rhsa:tst:20193345153" version="641">
 <red-def:object object_ref="oval:com.redhat.rhba:obj:20192715078"/>
 <red-def:state state_ref="oval:com.redhat.rhsa:ste:20193345017"/>
</red-def:rpminfo_test>
<red-def:rpminfo_test check="at least one" comment="qemu-kvm-block-curl is earlier than 15:2.12.0-88.module+el8.1.0+4233+bc44be3f" id="oval:com.redhat.rhsa:tst:20193345155" version="641">
 <red-def:object object_ref="oval:com.redhat.rhba:obj:20192715079"/>
 <red-def:state state_ref="oval:com.redhat.rhsa:ste:20193345017"/>
</red-def:rpminfo_test>
<red-def:rpminfo_test check="at least one" comment="qemu-kvm-block-gluster is earlier than 15:2.12.0-88.module+el8.1.0+4233+bc44be3f" id="oval:com.redhat.rhsa:tst:20193345157" version="641">
 <red-def:object object_ref="oval:com.redhat.rhba:obj:20192715080"/>
 <red-def:state state_ref="oval:com.redhat.rhsa:ste:20193345018"/>
</red-def:rpminfo_test>
<red-def:rpminfo_test check="at least one" comment="qemu-kvm-block-iscsi is earlier than 15:2.12.0-88.module+el8.1.0+4233+bc44be3f" id="oval:com.redhat.rhsa:tst:20193345159" version="641">
 <red-def:object object_ref="oval:com.redhat.rhba:obj:20192715081"/>
 <red-def:state state_ref="oval:com.redhat.rhsa:ste:20193345017"/>
</red-def:rpminfo_test>
<red-def:rpminfo_test check="at least one" comment="qemu-kvm-block-rbd is earlier than 15:2.12.0-88.module+el8.1.0+4233+bc44be3f" id="oval:com.redhat.rhsa:tst:20193345161" version="641">
 <red-def:object object_ref="oval:com.redhat.rhba:obj:20192715082"/>
 <red-def:state state_ref="oval:com.redhat.rhsa:ste:20193345017"/>
</red-def:rpminfo_test>
<red-def:rpminfo_test check="at least one" comment="qemu-kvm-block-ssh is earlier than 15:2.12.0-88.module+el8.1.0+4233+bc44be3f" id="oval:com.redhat.rhsa:tst:20193345163" version="641">
 <red-def:object object_ref="oval:com.redhat.rhba:obj:20192715083"/>
 <red-def:state state_ref="oval:com.redhat.rhsa:ste:20193345017"/>
</red-def:rpminfo_test>
<red-def:rpminfo_test check="at least one" comment="qemu-kvm-common is earlier than 15:2.12.0-88.module+el8.1.0+4233+bc44be3f" id="oval:com.redhat.rhsa:tst:20193345165" version="641">
 <red-def:object object_ref="oval:com.redhat.rhba:obj:20192715084"/>
 <red-def:state state_ref="oval:com.redhat.rhsa:ste:20193345017"/>
</red-def:rpminfo_test>
<red-def:rpminfo_test check="at least one" comment="qemu-kvm-core is earlier than 15:2.12.0-88.module+el8.1.0+4233+bc44be3f" id="oval:com.redhat.rhsa:tst:20193345167" version="641">
 <red-def:object object_ref="oval:com.redhat.rhba:obj:20192715085"/>
 <red-def:state state_ref="oval:com.redhat.rhsa:ste:20193345017"/>
</red-def:rpminfo_test>
<red-def:rpminfo_test check="at least one" comment="ruby-hivex is earlier than 0:1.3.15-7.module+el8.1.0+4066+0f1aadab" id="oval:com.redhat.rhsa:tst:20193345169" version="641">
 <red-def:object object_ref="oval:com.redhat.rhba:obj:20192715086"/>
 <red-def:state state_ref="oval:com.redhat.rhsa:ste:20193345003"/>
</red-def:rpminfo_test>
<red-def:rpminfo_test check="at least one" comment="ruby-libguestfs is earlier than 1:1.38.4-14.module+el8.1.0+4066+0f1aadab" id="oval:com.redhat.rhsa:tst:20193345171" version="641">
 <red-def:object object_ref="oval:com.redhat.rhba:obj:20192715087"/>
 <red-def:state state_ref="oval:com.redhat.rhsa:ste:20193345004"/>
</red-def:rpminfo_test>
<red-def:rpminfo_test check="at least one" comment="seabios is earlier than 0:1.11.1-4.module+el8.1.0+4066+0f1aadab" id="oval:com.redhat.rhsa:tst:20193345173" version="641">
 <red-def:object object_ref="oval:com.redhat.rhba:obj:20192715088"/>
 <red-def:state state_ref="oval:com.redhat.rhsa:ste:20193345019"/>
</red-def:rpminfo_test>
<red-def:rpminfo_test check="at least one" comment="seabios-bin is earlier than 0:1.11.1-4.module+el8.1.0+4066+0f1aadab" id="oval:com.redhat.rhsa:tst:20193345175" version="641">
 <red-def:object object_ref="oval:com.redhat.rhba:obj:20192715089"/>
 <red-def:state state_ref="oval:com.redhat.rhsa:ste:20193345020"/>
</red-def:rpminfo_test>
<red-def:rpminfo_test check="at least one" comment="seavgabios-bin is earlier than 0:1.11.1-4.module+el8.1.0+4066+0f1aadab" id="oval:com.redhat.rhsa:tst:20193345177" version="641">
 <red-def:object object_ref="oval:com.redhat.rhba:obj:20192715090"/>
 <red-def:state state_ref="oval:com.redhat.rhsa:ste:20193345020"/>
</red-def:rpminfo_test>
<red-def:rpminfo_test check="at least one" comment="sgabios is earlier than 1:0.20170427git-3.module+el8.1.0+4066+0f1aadab" id="oval:com.redhat.rhsa:tst:20193345179" version="641">
 <red-def:object object_ref="oval:com.redhat.rhba:obj:20192715091"/>
 <red-def:state state_ref="oval:com.redhat.rhsa:ste:20193345021"/>
</red-def:rpminfo_test>
<red-def:rpminfo_test check="at least one" comment="sgabios-bin is earlier than 1:0.20170427git-3.module+el8.1.0+4066+0f1aadab" id="oval:com.redhat.rhsa:tst:20193345181" version="641">
 <red-def:object object_ref="oval:com.redhat.rhba:obj:20192715092"/>
 <red-def:state state_ref="oval:com.redhat.rhsa:ste:20193345022"/>
</red-def:rpminfo_test>
<red-def:rpminfo_test check="at least one" comment="supermin is earlier than 0:5.1.19-9.module+el8.1.0+4066+0f1aadab" id="oval:com.redhat.rhsa:tst:20193345183" version="641">
 <red-def:object object_ref="oval:com.redhat.rhba:obj:20192715093"/>
 <red-def:state state_ref="oval:com.redhat.rhsa:ste:20193345023"/>
</red-def:rpminfo_test>
<red-def:rpminfo_test check="at least one" comment="supermin-devel is earlier than 0:5.1.19-9.module+el8.1.0+4066+0f1aadab" id="oval:com.redhat.rhsa:tst:20193345185" version="641">
 <red-def:object object_ref="oval:com.redhat.rhba:obj:20192715094"/>
 <red-def:state state_ref="oval:com.redhat.rhsa:ste:20193345023"/>
</red-def:rpminfo_test>
<red-def:rpminfo_test check="at least one" comment="virt-dib is earlier than 1:1.38.4-14.module+el8.1.0+4066+0f1aadab" id="oval:com.redhat.rhsa:tst:20193345187" version="641">
 <red-def:object object_ref="oval:com.redhat.rhba:obj:20192715095"/>
 <red-def:state state_ref="oval:com.redhat.rhsa:ste:20193345004"/>
</red-def:rpminfo_test>
<red-def:rpminfo_test check="at least one" comment="virt-p2v-maker is earlier than 1:1.38.4-14.module+el8.1.0+4066+0f1aadab" id="oval:com.redhat.rhsa:tst:20193345189" version="641">
 <red-def:object object_ref="oval:com.redhat.rhba:obj:20192715096"/>
 <red-def:state state_ref="oval:com.redhat.rhsa:ste:20193345024"/>
</red-def:rpminfo_test>
<red-def:rpminfo_test check="at least one" comment="virt-v2v is earlier than 1:1.38.4-14.module+el8.1.0+4066+0f1aadab" id="oval:com.redhat.rhsa:tst:20193345191" version="641">
 <red-def:object object_ref="oval:com.redhat.rhba:obj:20192715097"/>
 <red-def:state state_ref="oval:com.redhat.rhsa:ste:20193345024"/>
</red-def:rpminfo_test>
<red-def:rpminfo_test check="at least one" comment="hivex is earlier than 0:1.3.15-7.module+el8.1.0+4066+0f1aadab" id="oval:com.redhat.rhsa:tst:20193345194" version="641">
 <red-def:object object_ref="oval:com.redhat.rhba:obj:20192715002"/>
 <red-def:state state_ref="oval:com.redhat.rhsa:ste:20193345026"/>
</red-def:rpminfo_test>
<red-def:rpminfo_test check="at least one" comment="hivex-devel is earlier than 0:1.3.15-7.module+el8.1.0+4066+0f1aadab" id="oval:com.redhat.rhsa:tst:20193345195" version="641">
 <red-def:object object_ref="oval:com.redhat.rhba:obj:20192715003"/>
 <red-def:state state_ref="oval:com.redhat.rhsa:ste:20193345026"/>
</red-def:rpminfo_test>
<red-def:rpminfo_test check="at least one" comment="libguestfs-winsupport is earlier than 0:8.0-4.module+el8.1.0+4066+0f1aadab" id="oval:com.redhat.rhsa:tst:20193345196" version="641">
 <red-def:object object_ref="oval:com.redhat.rhba:obj:20192715021"/>
 <red-def:state state_ref="oval:com.redhat.rhsa:ste:20193345027"/>
</red-def:rpminfo_test>
<red-def:rpminfo_test check="at least one" comment="libiscsi is earlier than 0:1.18.0-8.module+el8.1.0+4066+0f1aadab" id="oval:com.redhat.rhsa:tst:20193345197" version="641">
 <red-def:object object_ref="oval:com.redhat.rhba:obj:20192715023"/>
 <red-def:state state_ref="oval:com.redhat.rhsa:ste:20193345028"/>
</red-def:rpminfo_test>
<red-def:rpminfo_test check="at least one" comment="libiscsi-devel is earlier than 0:1.18.0-8.module+el8.1.0+4066+0f1aadab" id="oval:com.redhat.rhsa:tst:20193345198" version="641">
 <red-def:object object_ref="oval:com.redhat.rhba:obj:20192715024"/>
 <red-def:state state_ref="oval:com.redhat.rhsa:ste:20193345028"/>
</red-def:rpminfo_test>
<red-def:rpminfo_test check="at least one" comment="libiscsi-utils is earlier than 0:1.18.0-8.module+el8.1.0+4066+0f1aadab" id="oval:com.redhat.rhsa:tst:20193345199" version="641">
 <red-def:object object_ref="oval:com.redhat.rhba:obj:20192715025"/>
 <red-def:state state_ref="oval:com.redhat.rhsa:ste:20193345028"/>
</red-def:rpminfo_test>
<red-def:rpminfo_test check="at least one" comment="libvirt is earlier than 0:4.5.0-35.module+el8.1.0+4227+b2722cb3" id="oval:com.redhat.rhsa:tst:20193345200" version="641">
 <red-def:object object_ref="oval:com.redhat.rhba:obj:20192715027"/>
 <red-def:state state_ref="oval:com.redhat.rhsa:ste:20193345029"/>
</red-def:rpminfo_test>
<red-def:rpminfo_test check="at least one" comment="libvirt-admin is earlier than 0:4.5.0-35.module+el8.1.0+4227+b2722cb3" id="oval:com.redhat.rhsa:tst:20193345201" version="641">
 <red-def:object object_ref="oval:com.redhat.rhba:obj:20192715028"/>
 <red-def:state state_ref="oval:com.redhat.rhsa:ste:20193345029"/>
</red-def:rpminfo_test>
<red-def:rpminfo_test check="at least one" comment="libvirt-bash-completion is earlier than 0:4.5.0-35.module+el8.1.0+4227+b2722cb3" id="oval:com.redhat.rhsa:tst:20193345202" version="641">
 <red-def:object object_ref="oval:com.redhat.rhba:obj:20192715029"/>
 <red-def:state state_ref="oval:com.redhat.rhsa:ste:20193345029"/>
</red-def:rpminfo_test>
<red-def:rpminfo_test check="at least one" comment="libvirt-client is earlier than 0:4.5.0-35.module+el8.1.0+4227+b2722cb3" id="oval:com.redhat.rhsa:tst:20193345203" version="641">
 <red-def:object object_ref="oval:com.redhat.rhba:obj:20192715030"/>
 <red-def:state state_ref="oval:com.redhat.rhsa:ste:20193345029"/>
</red-def:rpminfo_test>
<red-def:rpminfo_test check="at least one" comment="libvirt-daemon is earlier than 0:4.5.0-35.module+el8.1.0+4227+b2722cb3" id="oval:com.redhat.rhsa:tst:20193345204" version="641">
 <red-def:object object_ref="oval:com.redhat.rhba:obj:20192715031"/>
 <red-def:state state_ref="oval:com.redhat.rhsa:ste:20193345029"/>
</red-def:rpminfo_test>
<red-def:rpminfo_test check="at least one" comment="libvirt-daemon-config-network is earlier than 0:4.5.0-35.module+el8.1.0+4227+b2722cb3" id="oval:com.redhat.rhsa:tst:20193345205" version="641">
 <red-def:object object_ref="oval:com.redhat.rhba:obj:20192715032"/>
 <red-def:state state_ref="oval:com.redhat.rhsa:ste:20193345029"/>
</red-def:rpminfo_test>
<red-def:rpminfo_test check="at least one" comment="libvirt-daemon-config-nwfilter is earlier than 0:4.5.0-35.module+el8.1.0+4227+b2722cb3" id="oval:com.redhat.rhsa:tst:20193345206" version="641">
 <red-def:object object_ref="oval:com.redhat.rhba:obj:20192715033"/>
 <red-def:state state_ref="oval:com.redhat.rhsa:ste:20193345029"/>
</red-def:rpminfo_test>
<red-def:rpminfo_test check="at least one" comment="libvirt-daemon-driver-interface is earlier than 0:4.5.0-35.module+el8.1.0+4227+b2722cb3" id="oval:com.redhat.rhsa:tst:20193345207" version="641">
 <red-def:object object_ref="oval:com.redhat.rhba:obj:20192715034"/>
 <red-def:state state_ref="oval:com.redhat.rhsa:ste:20193345029"/>
</red-def:rpminfo_test>
<red-def:rpminfo_test check="at least one" comment="libvirt-daemon-driver-network is earlier than 0:4.5.0-35.module+el8.1.0+4227+b2722cb3" id="oval:com.redhat.rhsa:tst:20193345208" version="641">
 <red-def:object object_ref="oval:com.redhat.rhba:obj:20192715035"/>
 <red-def:state state_ref="oval:com.redhat.rhsa:ste:20193345029"/>
</red-def:rpminfo_test>
<red-def:rpminfo_test check="at least one" comment="libvirt-daemon-driver-nodedev is earlier than 0:4.5.0-35.module+el8.1.0+4227+b2722cb3" id="oval:com.redhat.rhsa:tst:20193345209" version="641">
 <red-def:object object_ref="oval:com.redhat.rhba:obj:20192715036"/>
 <red-def:state state_ref="oval:com.redhat.rhsa:ste:20193345029"/>
</red-def:rpminfo_test>
<red-def:rpminfo_test check="at least one" comment="libvirt-daemon-driver-nwfilter is earlier than 0:4.5.0-35.module+el8.1.0+4227+b2722cb3" id="oval:com.redhat.rhsa:tst:20193345210" version="641">
 <red-def:object object_ref="oval:com.redhat.rhba:obj:20192715037"/>
 <red-def:state state_ref="oval:com.redhat.rhsa:ste:20193345029"/>
</red-def:rpminfo_test>
<red-def:rpminfo_test check="at least one" comment="libvirt-daemon-driver-secret is earlier than 0:4.5.0-35.module+el8.1.0+4227+b2722cb3" id="oval:com.redhat.rhsa:tst:20193345211" version="641">
 <red-def:object object_ref="oval:com.redhat.rhba:obj:20192715039"/>
 <red-def:state state_ref="oval:com.redhat.rhsa:ste:20193345029"/>
</red-def:rpminfo_test>
<red-def:rpminfo_test check="at least one" comment="libvirt-daemon-driver-storage is earlier than 0:4.5.0-35.module+el8.1.0+4227+b2722cb3" id="oval:com.redhat.rhsa:tst:20193345212" version="641">
 <red-def:object object_ref="oval:com.redhat.rhba:obj:20192715040"/>
 <red-def:state state_ref="oval:com.redhat.rhsa:ste:20193345029"/>
</red-def:rpminfo_test>
<red-def:rpminfo_test check="at least one" comment="libvirt-daemon-driver-storage-core is earlier than 0:4.5.0-35.module+el8.1.0+4227+b2722cb3" id="oval:com.redhat.rhsa:tst:20193345213" version="641">
 <red-def:object object_ref="oval:com.redhat.rhba:obj:20192715041"/>
 <red-def:state state_ref="oval:com.redhat.rhsa:ste:20193345029"/>
</red-def:rpminfo_test>
<red-def:rpminfo_test check="at least one" comment="libvirt-daemon-driver-storage-disk is earlier than 0:4.5.0-35.module+el8.1.0+4227+b2722cb3" id="oval:com.redhat.rhsa:tst:20193345214" version="641">
 <red-def:object object_ref="oval:com.redhat.rhba:obj:20192715042"/>
 <red-def:state state_ref="oval:com.redhat.rhsa:ste:20193345029"/>
</red-def:rpminfo_test>
<red-def:rpminfo_test check="at least one" comment="libvirt-daemon-driver-storage-iscsi is earlier than 0:4.5.0-35.module+el8.1.0+4227+b2722cb3" id="oval:com.redhat.rhsa:tst:20193345215" version="641">
 <red-def:object object_ref="oval:com.redhat.rhba:obj:20192715044"/>
 <red-def:state state_ref="oval:com.redhat.rhsa:ste:20193345029"/>
</red-def:rpminfo_test>
<red-def:rpminfo_test check="at least one" comment="libvirt-daemon-driver-storage-logical is earlier than 0:4.5.0-35.module+el8.1.0+4227+b2722cb3" id="oval:com.redhat.rhsa:tst:20193345216" version="641">
 <red-def:object object_ref="oval:com.redhat.rhba:obj:20192715045"/>
 <red-def:state state_ref="oval:com.redhat.rhsa:ste:20193345029"/>
</red-def:rpminfo_test>
<red-def:rpminfo_test check="at least one" comment="libvirt-daemon-driver-storage-mpath is earlier than 0:4.5.0-35.module+el8.1.0+4227+b2722cb3" id="oval:com.redhat.rhsa:tst:20193345217" version="641">
 <red-def:object object_ref="oval:com.redhat.rhba:obj:20192715046"/>
 <red-def:state state_ref="oval:com.redhat.rhsa:ste:20193345029"/>
</red-def:rpminfo_test>
<red-def:rpminfo_test check="at least one" comment="libvirt-daemon-driver-storage-rbd is earlier than 0:4.5.0-35.module+el8.1.0+4227+b2722cb3" id="oval:com.redhat.rhsa:tst:20193345218" version="641">
 <red-def:object object_ref="oval:com.redhat.rhba:obj:20192715047"/>
 <red-def:state state_ref="oval:com.redhat.rhsa:ste:20193345029"/>
</red-def:rpminfo_test>
<red-def:rpminfo_test check="at least one" comment="libvirt-daemon-driver-storage-scsi is earlier than 0:4.5.0-35.module+el8.1.0+4227+b2722cb3" id="oval:com.redhat.rhsa:tst:20193345219" version="641">
 <red-def:object object_ref="oval:com.redhat.rhba:obj:20192715048"/>
 <red-def:state state_ref="oval:com.redhat.rhsa:ste:20193345029"/>
</red-def:rpminfo_test>
<red-def:rpminfo_test check="at least one" comment="libvirt-dbus is earlier than 0:1.2.0-3.module+el8.1.0+4066+0f1aadab" id="oval:com.redhat.rhsa:tst:20193345220" version="641">
 <red-def:object object_ref="oval:com.redhat.rhba:obj:20192715050"/>
 <red-def:state state_ref="oval:com.redhat.rhsa:ste:20193345030"/>
</red-def:rpminfo_test>
<red-def:rpminfo_test check="at least one" comment="libvirt-devel is earlier than 0:4.5.0-35.module+el8.1.0+4227+b2722cb3" id="oval:com.redhat.rhsa:tst:20193345221" version="641">
 <red-def:object object_ref="oval:com.redhat.rhba:obj:20192715051"/>
 <red-def:state state_ref="oval:com.redhat.rhsa:ste:20193345029"/>
</red-def:rpminfo_test>
<red-def:rpminfo_test check="at least one" comment="libvirt-docs is earlier than 0:4.5.0-35.module+el8.1.0+4227+b2722cb3" id="oval:com.redhat.rhsa:tst:20193345222" version="641">
 <red-def:object object_ref="oval:com.redhat.rhba:obj:20192715052"/>
 <red-def:state state_ref="oval:com.redhat.rhsa:ste:20193345029"/>
</red-def:rpminfo_test>
<red-def:rpminfo_test check="at least one" comment="libvirt-libs is earlier than 0:4.5.0-35.module+el8.1.0+4227+b2722cb3" id="oval:com.redhat.rhsa:tst:20193345223" version="641">
 <red-def:object object_ref="oval:com.redhat.rhba:obj:20192715053"/>
 <red-def:state state_ref="oval:com.redhat.rhsa:ste:20193345029"/>
</red-def:rpminfo_test>
<red-def:rpminfo_test check="at least one" comment="libvirt-nss is earlier than 0:4.5.0-35.module+el8.1.0+4227+b2722cb3" id="oval:com.redhat.rhsa:tst:20193345224" version="641">
 <red-def:object object_ref="oval:com.redhat.rhba:obj:20192715055"/>
 <red-def:state state_ref="oval:com.redhat.rhsa:ste:20193345029"/>
</red-def:rpminfo_test>
<red-def:rpminfo_test check="at least one" comment="netcf is earlier than 0:0.2.8-12.module+el8.1.0+4066+0f1aadab" id="oval:com.redhat.rhsa:tst:20193345225" version="641">
 <red-def:object object_ref="oval:com.redhat.rhba:obj:20192715067"/>
 <red-def:state state_ref="oval:com.redhat.rhsa:ste:20193345031"/>
</red-def:rpminfo_test>
<red-def:rpminfo_test check="at least one" comment="netcf-devel is earlier than 0:0.2.8-12.module+el8.1.0+4066+0f1aadab" id="oval:com.redhat.rhsa:tst:20193345226" version="641">
 <red-def:object object_ref="oval:com.redhat.rhba:obj:20192715068"/>
 <red-def:state state_ref="oval:com.redhat.rhsa:ste:20193345031"/>
</red-def:rpminfo_test>
<red-def:rpminfo_test check="at least one" comment="netcf-libs is earlier than 0:0.2.8-12.module+el8.1.0+4066+0f1aadab" id="oval:com.redhat.rhsa:tst:20193345227" version="641">
 <red-def:object object_ref="oval:com.redhat.rhba:obj:20192715069"/>
 <red-def:state state_ref="oval:com.redhat.rhsa:ste:20193345031"/>
</red-def:rpminfo_test>
<red-def:rpminfo_test check="at least one" comment="ocaml-hivex is earlier than 0:1.3.15-7.module+el8.1.0+4066+0f1aadab" id="oval:com.redhat.rhsa:tst:20193345228" version="641">
 <red-def:object object_ref="oval:com.redhat.rhba:obj:20192715101"/>
 <red-def:state state_ref="oval:com.redhat.rhsa:ste:20193345032"/>
</red-def:rpminfo_test>
<red-def:rpminfo_test check="at least one" comment="ocaml-hivex-devel is earlier than 0:1.3.15-7.module+el8.1.0+4066+0f1aadab" id="oval:com.redhat.rhsa:tst:20193345230" version="641">
 <red-def:object object_ref="oval:com.redhat.rhba:obj:20192715102"/>
 <red-def:state state_ref="oval:com.redhat.rhsa:ste:20193345032"/>
</red-def:rpminfo_test>
<red-def:rpminfo_test check="at least one" comment="ocaml-libguestfs is earlier than 1:1.38.4-14.module+el8.1.0+4066+0f1aadab" id="oval:com.redhat.rhsa:tst:20193345232" version="641">
 <red-def:object object_ref="oval:com.redhat.rhba:obj:20192715103"/>
 <red-def:state state_ref="oval:com.redhat.rhsa:ste:20193345004"/>
</red-def:rpminfo_test>
<red-def:rpminfo_test check="at least one" comment="ocaml-libguestfs-devel is earlier than 1:1.38.4-14.module+el8.1.0+4066+0f1aadab" id="oval:com.redhat.rhsa:tst:20193345234" version="641">
 <red-def:object object_ref="oval:com.redhat.rhba:obj:20192715104"/>
 <red-def:state state_ref="oval:com.redhat.rhsa:ste:20193345004"/>
</red-def:rpminfo_test>
<red-def:rpminfo_test check="at least one" comment="perl-Sys-Virt is earlier than 0:4.5.0-5.module+el8.1.0+4066+0f1aadab" id="oval:com.redhat.rhsa:tst:20193345236" version="641">
 <red-def:object object_ref="oval:com.redhat.rhba:obj:20192715071"/>
 <red-def:state state_ref="oval:com.redhat.rhsa:ste:20193345033"/>
</red-def:rpminfo_test>
<red-def:rpminfo_test check="at least one" comment="perl-hivex is earlier than 0:1.3.15-7.module+el8.1.0+4066+0f1aadab" id="oval:com.redhat.rhsa:tst:20193345237" version="641">
 <red-def:object object_ref="oval:com.redhat.rhba:obj:20192715072"/>
 <red-def:state state_ref="oval:com.redhat.rhsa:ste:20193345026"/>
</red-def:rpminfo_test>
<red-def:rpminfo_test check="at least one" comment="python3-hivex is earlier than 0:1.3.15-7.module+el8.1.0+4066+0f1aadab" id="oval:com.redhat.rhsa:tst:20193345238" version="641">
 <red-def:object object_ref="oval:com.redhat.rhba:obj:20192715073"/>
 <red-def:state state_ref="oval:com.redhat.rhsa:ste:20193345026"/>
</red-def:rpminfo_test>
<red-def:rpminfo_test check="at least one" comment="python3-libvirt is earlier than 0:4.5.0-2.module+el8.1.0+4066+0f1aadab" id="oval:com.redhat.rhsa:tst:20193345239" version="641">
 <red-def:object object_ref="oval:com.redhat.rhba:obj:20192715075"/>
 <red-def:state state_ref="oval:com.redhat.rhsa:ste:20193345034"/>
</red-def:rpminfo_test>
<red-def:rpminfo_test check="at least one" comment="qemu-kvm-tests is earlier than 15:2.12.0-88.module+el8.1.0+4233+bc44be3f" id="oval:com.redhat.rhsa:tst:20193345240" version="641">
 <red-def:object object_ref="oval:com.redhat.rhba:obj:20192715105"/>
 <red-def:state state_ref="oval:com.redhat.rhsa:ste:20193345017"/>
</red-def:rpminfo_test>
<red-def:rpminfo_test check="at least one" comment="ruby-hivex is earlier than 0:1.3.15-7.module+el8.1.0+4066+0f1aadab" id="oval:com.redhat.rhsa:tst:20193345242" version="641">
 <red-def:object object_ref="oval:com.redhat.rhba:obj:20192715086"/>
 <red-def:state state_ref="oval:com.redhat.rhsa:ste:20193345026"/>
</red-def:rpminfo_test>
<red-def:rpminfo_test check="at least one" comment="sgabios is earlier than 1:0.20170427git-3.module+el8.1.0+4066+0f1aadab" id="oval:com.redhat.rhsa:tst:20193345243" version="641">
 <red-def:object object_ref="oval:com.redhat.rhba:obj:20192715091"/>
 <red-def:state state_ref="oval:com.redhat.rhsa:ste:20193345035"/>
</red-def:rpminfo_test>
<red-def:rpminfo_test check="at least one" comment="gdb is earlier than 0:8.2-6.el8" id="oval:com.redhat.rhsa:tst:20193352001" version="640">
 <red-def:object object_ref="oval:com.redhat.rhsa:obj:20193352001"/>
 <red-def:state state_ref="oval:com.redhat.rhsa:ste:20193352001"/>
</red-def:rpminfo_test>
<red-def:rpminfo_test check="at least one" comment="gdb is signed with Red Hat redhatrelease2 key" id="oval:com.redhat.rhsa:tst:20193352002" version="640">
 <red-def:object object_ref="oval:com.redhat.rhsa:obj:20193352001"/>
 <red-def:state state_ref="oval:com.redhat.rhba:ste:20191992002"/>
</red-def:rpminfo_test>
<red-def:rpminfo_test check="at least one" comment="gdb-doc is earlier than 0:8.2-6.el8" id="oval:com.redhat.rhsa:tst:20193352003" version="640">
 <red-def:object object_ref="oval:com.redhat.rhsa:obj:20193352002"/>
 <red-def:state state_ref="oval:com.redhat.rhsa:ste:20193352003"/>
</red-def:rpminfo_test>
<red-def:rpminfo_test check="at least one" comment="gdb-doc is signed with Red Hat redhatrelease2 key" id="oval:com.redhat.rhsa:tst:20193352004" version="640">
 <red-def:object object_ref="oval:com.redhat.rhsa:obj:20193352002"/>
 <red-def:state state_ref="oval:com.redhat.rhba:ste:20191992002"/>
</red-def:rpminfo_test>
<red-def:rpminfo_test check="at least one" comment="gdb-gdbserver is earlier than 0:8.2-6.el8" id="oval:com.redhat.rhsa:tst:20193352005" version="640">
 <red-def:object object_ref="oval:com.redhat.rhsa:obj:20193352003"/>
 <red-def:state state_ref="oval:com.redhat.rhsa:ste:20193352001"/>
</red-def:rpminfo_test>
<red-def:rpminfo_test check="at least one" comment="gdb-gdbserver is signed with Red Hat redhatrelease2 key" id="oval:com.redhat.rhsa:tst:20193352006" version="640">
 <red-def:object object_ref="oval:com.redhat.rhsa:obj:20193352003"/>
 <red-def:state state_ref="oval:com.redhat.rhba:ste:20191992002"/>
</red-def:rpminfo_test>
<red-def:rpminfo_test check="at least one" comment="gdb-headless is earlier than 0:8.2-6.el8" id="oval:com.redhat.rhsa:tst:20193352007" version="640">
 <red-def:object object_ref="oval:com.redhat.rhsa:obj:20193352004"/>
 <red-def:state state_ref="oval:com.redhat.rhsa:ste:20193352001"/>
</red-def:rpminfo_test>
<red-def:rpminfo_test check="at least one" comment="gdb-headless is signed with Red Hat redhatrelease2 key" id="oval:com.redhat.rhsa:tst:20193352008" version="640">
 <red-def:object object_ref="oval:com.redhat.rhsa:obj:20193352004"/>
 <red-def:state state_ref="oval:com.redhat.rhba:ste:20191992002"/>
</red-def:rpminfo_test>
<red-def:rpminfo_test check="at least one" comment="freeradius is earlier than 0:3.0.17-6.module+el8.1.0+3392+9bd8939b" id="oval:com.redhat.rhsa:tst:20193353001" version="641">
 <red-def:object object_ref="oval:com.redhat.rhsa:obj:20191142001"/>
 <red-def:state state_ref="oval:com.redhat.rhsa:ste:20193353001"/>
</red-def:rpminfo_test>
<red-def:rpminfo_test check="at least one" comment="freeradius-devel is earlier than 0:3.0.17-6.module+el8.1.0+3392+9bd8939b" id="oval:com.redhat.rhsa:tst:20193353003" version="641">
 <red-def:object object_ref="oval:com.redhat.rhsa:obj:20191142002"/>
 <red-def:state state_ref="oval:com.redhat.rhsa:ste:20193353001"/>
</red-def:rpminfo_test>
<red-def:rpminfo_test check="at least one" comment="freeradius-doc is earlier than 0:3.0.17-6.module+el8.1.0+3392+9bd8939b" id="oval:com.redhat.rhsa:tst:20193353005" version="641">
 <red-def:object object_ref="oval:com.redhat.rhsa:obj:20191142003"/>
 <red-def:state state_ref="oval:com.redhat.rhsa:ste:20193353001"/>
</red-def:rpminfo_test>
<red-def:rpminfo_test check="at least one" comment="freeradius-krb5 is earlier than 0:3.0.17-6.module+el8.1.0+3392+9bd8939b" id="oval:com.redhat.rhsa:tst:20193353007" version="641">
 <red-def:object object_ref="oval:com.redhat.rhsa:obj:20191142004"/>
 <red-def:state state_ref="oval:com.redhat.rhsa:ste:20193353001"/>
</red-def:rpminfo_test>
<red-def:rpminfo_test check="at least one" comment="freeradius-ldap is earlier than 0:3.0.17-6.module+el8.1.0+3392+9bd8939b" id="oval:com.redhat.rhsa:tst:20193353009" version="641">
 <red-def:object object_ref="oval:com.redhat.rhsa:obj:20191142005"/>
 <red-def:state state_ref="oval:com.redhat.rhsa:ste:20193353001"/>
</red-def:rpminfo_test>
<red-def:rpminfo_test check="at least one" comment="freeradius-mysql is earlier than 0:3.0.17-6.module+el8.1.0+3392+9bd8939b" id="oval:com.redhat.rhsa:tst:20193353011" version="641">
 <red-def:object object_ref="oval:com.redhat.rhsa:obj:20191142006"/>
 <red-def:state state_ref="oval:com.redhat.rhsa:ste:20193353001"/>
</red-def:rpminfo_test>
<red-def:rpminfo_test check="at least one" comment="freeradius-perl is earlier than 0:3.0.17-6.module+el8.1.0+3392+9bd8939b" id="oval:com.redhat.rhsa:tst:20193353013" version="641">
 <red-def:object object_ref="oval:com.redhat.rhsa:obj:20191142007"/>
 <red-def:state state_ref="oval:com.redhat.rhsa:ste:20193353001"/>
</red-def:rpminfo_test>
<red-def:rpminfo_test check="at least one" comment="freeradius-postgresql is earlier than 0:3.0.17-6.module+el8.1.0+3392+9bd8939b" id="oval:com.redhat.rhsa:tst:20193353015" version="641">
 <red-def:object object_ref="oval:com.redhat.rhsa:obj:20191142008"/>
 <red-def:state state_ref="oval:com.redhat.rhsa:ste:20193353001"/>
</red-def:rpminfo_test>
<red-def:rpminfo_test check="at least one" comment="freeradius-rest is earlier than 0:3.0.17-6.module+el8.1.0+3392+9bd8939b" id="oval:com.redhat.rhsa:tst:20193353017" version="641">
 <red-def:object object_ref="oval:com.redhat.rhsa:obj:20191142009"/>
 <red-def:state state_ref="oval:com.redhat.rhsa:ste:20193353001"/>
</red-def:rpminfo_test>
<red-def:rpminfo_test check="at least one" comment="freeradius-sqlite is earlier than 0:3.0.17-6.module+el8.1.0+3392+9bd8939b" id="oval:com.redhat.rhsa:tst:20193353019" version="641">
 <red-def:object object_ref="oval:com.redhat.rhsa:obj:20191142010"/>
 <red-def:state state_ref="oval:com.redhat.rhsa:ste:20193353001"/>
</red-def:rpminfo_test>
<red-def:rpminfo_test check="at least one" comment="freeradius-unixODBC is earlier than 0:3.0.17-6.module+el8.1.0+3392+9bd8939b" id="oval:com.redhat.rhsa:tst:20193353021" version="641">
 <red-def:object object_ref="oval:com.redhat.rhsa:obj:20191142011"/>
 <red-def:state state_ref="oval:com.redhat.rhsa:ste:20193353001"/>
</red-def:rpminfo_test>
<red-def:rpminfo_test check="at least one" comment="freeradius-utils is earlier than 0:3.0.17-6.module+el8.1.0+3392+9bd8939b" id="oval:com.redhat.rhsa:tst:20193353023" version="641">
 <red-def:object object_ref="oval:com.redhat.rhsa:obj:20191142012"/>
 <red-def:state state_ref="oval:com.redhat.rhsa:ste:20193353001"/>
</red-def:rpminfo_test>
<red-def:rpminfo_test check="at least one" comment="osinfo-db-tools is earlier than 0:1.5.0-4.el8" id="oval:com.redhat.rhsa:tst:20193387001" version="638">
 <red-def:object object_ref="oval:com.redhat.rhsa:obj:20193387001"/>
 <red-def:state state_ref="oval:com.redhat.rhsa:ste:20193387001"/>
</red-def:rpminfo_test>
<red-def:rpminfo_test check="at least one" comment="osinfo-db-tools is signed with Red Hat redhatrelease2 key" id="oval:com.redhat.rhsa:tst:20193387002" version="638">
 <red-def:object object_ref="oval:com.redhat.rhsa:obj:20193387001"/>
 <red-def:state state_ref="oval:com.redhat.rhba:ste:20191992002"/>
</red-def:rpminfo_test>
<red-def:rpminfo_test check="at least one" comment="osinfo-db is earlier than 0:20190611-1.el8" id="oval:com.redhat.rhsa:tst:20193387003" version="638">
 <red-def:object object_ref="oval:com.redhat.rhsa:obj:20193387002"/>
 <red-def:state state_ref="oval:com.redhat.rhsa:ste:20193387003"/>
</red-def:rpminfo_test>
<red-def:rpminfo_test check="at least one" comment="osinfo-db is signed with Red Hat redhatrelease2 key" id="oval:com.redhat.rhsa:tst:20193387004" version="638">
 <red-def:object object_ref="oval:com.redhat.rhsa:obj:20193387002"/>
 <red-def:state state_ref="oval:com.redhat.rhba:ste:20191992002"/>
</red-def:rpminfo_test>
<red-def:rpminfo_test check="at least one" comment="libosinfo is earlier than 0:1.5.0-3.el8" id="oval:com.redhat.rhsa:tst:20193387005" version="638">
 <red-def:object object_ref="oval:com.redhat.rhsa:obj:20193387003"/>
 <red-def:state state_ref="oval:com.redhat.rhsa:ste:20193387004"/>
</red-def:rpminfo_test>
<red-def:rpminfo_test check="at least one" comment="libosinfo is signed with Red Hat redhatrelease2 key" id="oval:com.redhat.rhsa:tst:20193387006" version="638">
 <red-def:object object_ref="oval:com.redhat.rhsa:obj:20193387003"/>
 <red-def:state state_ref="oval:com.redhat.rhba:ste:20191992002"/>
</red-def:rpminfo_test>
<red-def:rpminfo_test check="at least one" comment="gnome-boxes is earlier than 0:3.28.5-7.el8" id="oval:com.redhat.rhsa:tst:20193387007" version="638">
 <red-def:object object_ref="oval:com.redhat.rhsa:obj:20193387004"/>
 <red-def:state state_ref="oval:com.redhat.rhsa:ste:20193387005"/>
</red-def:rpminfo_test>
<red-def:rpminfo_test check="at least one" comment="gnome-boxes is signed with Red Hat redhatrelease2 key" id="oval:com.redhat.rhsa:tst:20193387008" version="638">
 <red-def:object object_ref="oval:com.redhat.rhsa:obj:20193387004"/>
 <red-def:state state_ref="oval:com.redhat.rhba:ste:20191992002"/>
</red-def:rpminfo_test>
<red-def:rpminfo_test check="at least one" comment="qt5-qtbase is earlier than 0:5.11.1-7.el8" id="oval:com.redhat.rhsa:tst:20193390001" version="638">
 <red-def:object object_ref="oval:com.redhat.rhsa:obj:20193390001"/>
 <red-def:state state_ref="oval:com.redhat.rhsa:ste:20193390001"/>
</red-def:rpminfo_test>
<red-def:rpminfo_test check="at least one" comment="qt5-qtbase is signed with Red Hat redhatrelease2 key" id="oval:com.redhat.rhsa:tst:20193390002" version="638">
 <red-def:object object_ref="oval:com.redhat.rhsa:obj:20193390001"/>
 <red-def:state state_ref="oval:com.redhat.rhba:ste:20191992002"/>
</red-def:rpminfo_test>
<red-def:rpminfo_test check="at least one" comment="qt5-qtbase-common is earlier than 0:5.11.1-7.el8" id="oval:com.redhat.rhsa:tst:20193390003" version="638">
 <red-def:object object_ref="oval:com.redhat.rhsa:obj:20193390002"/>
 <red-def:state state_ref="oval:com.redhat.rhsa:ste:20193390003"/>
</red-def:rpminfo_test>
<red-def:rpminfo_test check="at least one" comment="qt5-qtbase-common is signed with Red Hat redhatrelease2 key" id="oval:com.redhat.rhsa:tst:20193390004" version="638">
 <red-def:object object_ref="oval:com.redhat.rhsa:obj:20193390002"/>
 <red-def:state state_ref="oval:com.redhat.rhba:ste:20191992002"/>
</red-def:rpminfo_test>
<red-def:rpminfo_test check="at least one" comment="qt5-qtbase-devel is earlier than 0:5.11.1-7.el8" id="oval:com.redhat.rhsa:tst:20193390005" version="638">
 <red-def:object object_ref="oval:com.redhat.rhsa:obj:20193390003"/>
 <red-def:state state_ref="oval:com.redhat.rhsa:ste:20193390001"/>
</red-def:rpminfo_test>
<red-def:rpminfo_test check="at least one" comment="qt5-qtbase-devel is signed with Red Hat redhatrelease2 key" id="oval:com.redhat.rhsa:tst:20193390006" version="638">
 <red-def:object object_ref="oval:com.redhat.rhsa:obj:20193390003"/>
 <red-def:state state_ref="oval:com.redhat.rhba:ste:20191992002"/>
</red-def:rpminfo_test>
<red-def:rpminfo_test check="at least one" comment="qt5-qtbase-examples is earlier than 0:5.11.1-7.el8" id="oval:com.redhat.rhsa:tst:20193390007" version="638">
 <red-def:object object_ref="oval:com.redhat.rhsa:obj:20193390004"/>
 <red-def:state state_ref="oval:com.redhat.rhsa:ste:20193390001"/>
</red-def:rpminfo_test>
<red-def:rpminfo_test check="at least one" comment="qt5-qtbase-examples is signed with Red Hat redhatrelease2 key" id="oval:com.redhat.rhsa:tst:20193390008" version="638">
 <red-def:object object_ref="oval:com.redhat.rhsa:obj:20193390004"/>
 <red-def:state state_ref="oval:com.redhat.rhba:ste:20191992002"/>
</red-def:rpminfo_test>
<red-def:rpminfo_test check="at least one" comment="qt5-qtbase-gui is earlier than 0:5.11.1-7.el8" id="oval:com.redhat.rhsa:tst:20193390009" version="638">
 <red-def:object object_ref="oval:com.redhat.rhsa:obj:20193390005"/>
 <red-def:state state_ref="oval:com.redhat.rhsa:ste:20193390001"/>
</red-def:rpminfo_test>
<red-def:rpminfo_test check="at least one" comment="qt5-qtbase-gui is signed with Red Hat redhatrelease2 key" id="oval:com.redhat.rhsa:tst:20193390010" version="638">
 <red-def:object object_ref="oval:com.redhat.rhsa:obj:20193390005"/>
 <red-def:state state_ref="oval:com.redhat.rhba:ste:20191992002"/>
</red-def:rpminfo_test>
<red-def:rpminfo_test check="at least one" comment="qt5-qtbase-mysql is earlier than 0:5.11.1-7.el8" id="oval:com.redhat.rhsa:tst:20193390011" version="638">
 <red-def:object object_ref="oval:com.redhat.rhsa:obj:20193390006"/>
 <red-def:state state_ref="oval:com.redhat.rhsa:ste:20193390001"/>
</red-def:rpminfo_test>
<red-def:rpminfo_test check="at least one" comment="qt5-qtbase-mysql is signed with Red Hat redhatrelease2 key" id="oval:com.redhat.rhsa:tst:20193390012" version="638">
 <red-def:object object_ref="oval:com.redhat.rhsa:obj:20193390006"/>
 <red-def:state state_ref="oval:com.redhat.rhba:ste:20191992002"/>
</red-def:rpminfo_test>
<red-def:rpminfo_test check="at least one" comment="qt5-qtbase-odbc is earlier than 0:5.11.1-7.el8" id="oval:com.redhat.rhsa:tst:20193390013" version="638">
 <red-def:object object_ref="oval:com.redhat.rhsa:obj:20193390007"/>
 <red-def:state state_ref="oval:com.redhat.rhsa:ste:20193390001"/>
</red-def:rpminfo_test>
<red-def:rpminfo_test check="at least one" comment="qt5-qtbase-odbc is signed with Red Hat redhatrelease2 key" id="oval:com.redhat.rhsa:tst:20193390014" version="638">
 <red-def:object object_ref="oval:com.redhat.rhsa:obj:20193390007"/>
 <red-def:state state_ref="oval:com.redhat.rhba:ste:20191992002"/>
</red-def:rpminfo_test>
<red-def:rpminfo_test check="at least one" comment="qt5-qtbase-postgresql is earlier than 0:5.11.1-7.el8" id="oval:com.redhat.rhsa:tst:20193390015" version="638">
 <red-def:object object_ref="oval:com.redhat.rhsa:obj:20193390008"/>
 <red-def:state state_ref="oval:com.redhat.rhsa:ste:20193390001"/>
</red-def:rpminfo_test>
<red-def:rpminfo_test check="at least one" comment="qt5-qtbase-postgresql is signed with Red Hat redhatrelease2 key" id="oval:com.redhat.rhsa:tst:20193390016" version="638">
 <red-def:object object_ref="oval:com.redhat.rhsa:obj:20193390008"/>
 <red-def:state state_ref="oval:com.redhat.rhba:ste:20191992002"/>
</red-def:rpminfo_test>
<red-def:rpminfo_test check="at least one" comment="qt5-qtbase-static is earlier than 0:5.11.1-7.el8" id="oval:com.redhat.rhsa:tst:20193390017" version="638">
 <red-def:object object_ref="oval:com.redhat.rhsa:obj:20193390009"/>
 <red-def:state state_ref="oval:com.redhat.rhsa:ste:20193390001"/>
</red-def:rpminfo_test>
<red-def:rpminfo_test check="at least one" comment="qt5-qtbase-static is signed with Red Hat redhatrelease2 key" id="oval:com.redhat.rhsa:tst:20193390018" version="638">
 <red-def:object object_ref="oval:com.redhat.rhsa:obj:20193390009"/>
 <red-def:state state_ref="oval:com.redhat.rhba:ste:20191992002"/>
</red-def:rpminfo_test>
<red-def:rpminfo_test check="at least one" comment="qt5-assistant is earlier than 0:5.11.1-9.el8" id="oval:com.redhat.rhsa:tst:20193390019" version="638">
 <red-def:object object_ref="oval:com.redhat.rhsa:obj:20193390010"/>
 <red-def:state state_ref="oval:com.redhat.rhsa:ste:20193390004"/>
</red-def:rpminfo_test>
<red-def:rpminfo_test check="at least one" comment="qt5-assistant is signed with Red Hat redhatrelease2 key" id="oval:com.redhat.rhsa:tst:20193390020" version="638">
 <red-def:object object_ref="oval:com.redhat.rhsa:obj:20193390010"/>
 <red-def:state state_ref="oval:com.redhat.rhba:ste:20191992002"/>
</red-def:rpminfo_test>
<red-def:rpminfo_test check="at least one" comment="qt5-designer is earlier than 0:5.11.1-9.el8" id="oval:com.redhat.rhsa:tst:20193390021" version="638">
 <red-def:object object_ref="oval:com.redhat.rhsa:obj:20193390011"/>
 <red-def:state state_ref="oval:com.redhat.rhsa:ste:20193390004"/>
</red-def:rpminfo_test>
<red-def:rpminfo_test check="at least one" comment="qt5-designer is signed with Red Hat redhatrelease2 key" id="oval:com.redhat.rhsa:tst:20193390022" version="638">
 <red-def:object object_ref="oval:com.redhat.rhsa:obj:20193390011"/>
 <red-def:state state_ref="oval:com.redhat.rhba:ste:20191992002"/>
</red-def:rpminfo_test>
<red-def:rpminfo_test check="at least one" comment="qt5-doctools is earlier than 0:5.11.1-9.el8" id="oval:com.redhat.rhsa:tst:20193390023" version="638">
 <red-def:object object_ref="oval:com.redhat.rhsa:obj:20193390012"/>
 <red-def:state state_ref="oval:com.redhat.rhsa:ste:20193390004"/>
</red-def:rpminfo_test>
<red-def:rpminfo_test check="at least one" comment="qt5-doctools is signed with Red Hat redhatrelease2 key" id="oval:com.redhat.rhsa:tst:20193390024" version="638">
 <red-def:object object_ref="oval:com.redhat.rhsa:obj:20193390012"/>
 <red-def:state state_ref="oval:com.redhat.rhba:ste:20191992002"/>
</red-def:rpminfo_test>
<red-def:rpminfo_test check="at least one" comment="qt5-linguist is earlier than 0:5.11.1-9.el8" id="oval:com.redhat.rhsa:tst:20193390025" version="638">
 <red-def:object object_ref="oval:com.redhat.rhsa:obj:20193390013"/>
 <red-def:state state_ref="oval:com.redhat.rhsa:ste:20193390004"/>
</red-def:rpminfo_test>
<red-def:rpminfo_test check="at least one" comment="qt5-linguist is signed with Red Hat redhatrelease2 key" id="oval:com.redhat.rhsa:tst:20193390026" version="638">
 <red-def:object object_ref="oval:com.redhat.rhsa:obj:20193390013"/>
 <red-def:state state_ref="oval:com.redhat.rhba:ste:20191992002"/>
</red-def:rpminfo_test>
<red-def:rpminfo_test check="at least one" comment="qt5-qdbusviewer is earlier than 0:5.11.1-9.el8" id="oval:com.redhat.rhsa:tst:20193390027" version="638">
 <red-def:object object_ref="oval:com.redhat.rhsa:obj:20193390014"/>
 <red-def:state state_ref="oval:com.redhat.rhsa:ste:20193390004"/>
</red-def:rpminfo_test>
<red-def:rpminfo_test check="at least one" comment="qt5-qdbusviewer is signed with Red Hat redhatrelease2 key" id="oval:com.redhat.rhsa:tst:20193390028" version="638">
 <red-def:object object_ref="oval:com.redhat.rhsa:obj:20193390014"/>
 <red-def:state state_ref="oval:com.redhat.rhba:ste:20191992002"/>
</red-def:rpminfo_test>
<red-def:rpminfo_test check="at least one" comment="qt5-qttools is earlier than 0:5.11.1-9.el8" id="oval:com.redhat.rhsa:tst:20193390029" version="638">
 <red-def:object object_ref="oval:com.redhat.rhsa:obj:20193390015"/>
 <red-def:state state_ref="oval:com.redhat.rhsa:ste:20193390004"/>
</red-def:rpminfo_test>
<red-def:rpminfo_test check="at least one" comment="qt5-qttools is signed with Red Hat redhatrelease2 key" id="oval:com.redhat.rhsa:tst:20193390030" version="638">
 <red-def:object object_ref="oval:com.redhat.rhsa:obj:20193390015"/>
 <red-def:state state_ref="oval:com.redhat.rhba:ste:20191992002"/>
</red-def:rpminfo_test>
<red-def:rpminfo_test check="at least one" comment="qt5-qttools-common is earlier than 0:5.11.1-9.el8" id="oval:com.redhat.rhsa:tst:20193390031" version="638">
 <red-def:object object_ref="oval:com.redhat.rhsa:obj:20193390016"/>
 <red-def:state state_ref="oval:com.redhat.rhsa:ste:20193390005"/>
</red-def:rpminfo_test>
<red-def:rpminfo_test check="at least one" comment="qt5-qttools-common is signed with Red Hat redhatrelease2 key" id="oval:com.redhat.rhsa:tst:20193390032" version="638">
 <red-def:object object_ref="oval:com.redhat.rhsa:obj:20193390016"/>
 <red-def:state state_ref="oval:com.redhat.rhba:ste:20191992002"/>
</red-def:rpminfo_test>
<red-def:rpminfo_test check="at least one" comment="qt5-qttools-devel is earlier than 0:5.11.1-9.el8" id="oval:com.redhat.rhsa:tst:20193390033" version="638">
 <red-def:object object_ref="oval:com.redhat.rhsa:obj:20193390017"/>
 <red-def:state state_ref="oval:com.redhat.rhsa:ste:20193390006"/>
</red-def:rpminfo_test>
<red-def:rpminfo_test check="at least one" comment="qt5-qttools-devel is signed with Red Hat redhatrelease2 key" id="oval:com.redhat.rhsa:tst:20193390034" version="638">
 <red-def:object object_ref="oval:com.redhat.rhsa:obj:20193390017"/>
 <red-def:state state_ref="oval:com.redhat.rhba:ste:20191992002"/>
</red-def:rpminfo_test>
<red-def:rpminfo_test check="at least one" comment="qt5-qttools-examples is earlier than 0:5.11.1-9.el8" id="oval:com.redhat.rhsa:tst:20193390035" version="638">
 <red-def:object object_ref="oval:com.redhat.rhsa:obj:20193390018"/>
 <red-def:state state_ref="oval:com.redhat.rhsa:ste:20193390006"/>
</red-def:rpminfo_test>
<red-def:rpminfo_test check="at least one" comment="qt5-qttools-examples is signed with Red Hat redhatrelease2 key" id="oval:com.redhat.rhsa:tst:20193390036" version="638">
 <red-def:object object_ref="oval:com.redhat.rhsa:obj:20193390018"/>
 <red-def:state state_ref="oval:com.redhat.rhba:ste:20191992002"/>
</red-def:rpminfo_test>
<red-def:rpminfo_test check="at least one" comment="qt5-qttools-libs-designer is earlier than 0:5.11.1-9.el8" id="oval:com.redhat.rhsa:tst:20193390037" version="638">
 <red-def:object object_ref="oval:com.redhat.rhsa:obj:20193390019"/>
 <red-def:state state_ref="oval:com.redhat.rhsa:ste:20193390006"/>
</red-def:rpminfo_test>
<red-def:rpminfo_test check="at least one" comment="qt5-qttools-libs-designer is signed with Red Hat redhatrelease2 key" id="oval:com.redhat.rhsa:tst:20193390038" version="638">
 <red-def:object object_ref="oval:com.redhat.rhsa:obj:20193390019"/>
 <red-def:state state_ref="oval:com.redhat.rhba:ste:20191992002"/>
</red-def:rpminfo_test>
<red-def:rpminfo_test check="at least one" comment="qt5-qttools-libs-designercomponents is earlier than 0:5.11.1-9.el8" id="oval:com.redhat.rhsa:tst:20193390039" version="638">
 <red-def:object object_ref="oval:com.redhat.rhsa:obj:20193390020"/>
 <red-def:state state_ref="oval:com.redhat.rhsa:ste:20193390006"/>
</red-def:rpminfo_test>
<red-def:rpminfo_test check="at least one" comment="qt5-qttools-libs-designercomponents is signed with Red Hat redhatrelease2 key" id="oval:com.redhat.rhsa:tst:20193390040" version="638">
 <red-def:object object_ref="oval:com.redhat.rhsa:obj:20193390020"/>
 <red-def:state state_ref="oval:com.redhat.rhba:ste:20191992002"/>
</red-def:rpminfo_test>
<red-def:rpminfo_test check="at least one" comment="qt5-qttools-libs-help is earlier than 0:5.11.1-9.el8" id="oval:com.redhat.rhsa:tst:20193390041" version="638">
 <red-def:object object_ref="oval:com.redhat.rhsa:obj:20193390021"/>
 <red-def:state state_ref="oval:com.redhat.rhsa:ste:20193390006"/>
</red-def:rpminfo_test>
<red-def:rpminfo_test check="at least one" comment="qt5-qttools-libs-help is signed with Red Hat redhatrelease2 key" id="oval:com.redhat.rhsa:tst:20193390042" version="638">
 <red-def:object object_ref="oval:com.redhat.rhsa:obj:20193390021"/>
 <red-def:state state_ref="oval:com.redhat.rhba:ste:20191992002"/>
</red-def:rpminfo_test>
<red-def:rpminfo_test check="at least one" comment="qt5-qttools-static is earlier than 0:5.11.1-9.el8" id="oval:com.redhat.rhsa:tst:20193390043" version="638">
 <red-def:object object_ref="oval:com.redhat.rhsa:obj:20193390022"/>
 <red-def:state state_ref="oval:com.redhat.rhsa:ste:20193390006"/>
</red-def:rpminfo_test>
<red-def:rpminfo_test check="at least one" comment="qt5-qttools-static is signed with Red Hat redhatrelease2 key" id="oval:com.redhat.rhsa:tst:20193390044" version="638">
 <red-def:object object_ref="oval:com.redhat.rhsa:obj:20193390022"/>
 <red-def:state state_ref="oval:com.redhat.rhba:ste:20191992002"/>
</red-def:rpminfo_test>
<red-def:rpminfo_test check="at least one" comment="libreswan is earlier than 0:3.29-6.el8" id="oval:com.redhat.rhsa:tst:20193391001" version="637">
 <red-def:object object_ref="oval:com.redhat.rhsa:obj:20193391001"/>
 <red-def:state state_ref="oval:com.redhat.rhsa:ste:20193391001"/>
</red-def:rpminfo_test>
<red-def:rpminfo_test check="at least one" comment="libreswan is signed with Red Hat redhatrelease2 key" id="oval:com.redhat.rhsa:tst:20193391002" version="637">
 <red-def:object object_ref="oval:com.redhat.rhsa:obj:20193391001"/>
 <red-def:state state_ref="oval:com.redhat.rhba:ste:20191992002"/>
</red-def:rpminfo_test>
<red-def:rpminfo_test check="at least one" comment="389-ds-base is earlier than 0:1.4.1.3-7.module+el8.1.0+4150+5b8c2c1f" id="oval:com.redhat.rhsa:tst:20193401001" version="640">
 <red-def:object object_ref="oval:com.redhat.rhsa:obj:20193401001"/>
 <red-def:state state_ref="oval:com.redhat.rhsa:ste:20193401001"/>
</red-def:rpminfo_test>
<red-def:rpminfo_test check="at least one" comment="389-ds-base is signed with Red Hat redhatrelease2 key" id="oval:com.redhat.rhsa:tst:20193401002" version="640">
 <red-def:object object_ref="oval:com.redhat.rhsa:obj:20193401001"/>
 <red-def:state state_ref="oval:com.redhat.rhba:ste:20191992002"/>
</red-def:rpminfo_test>
<red-def:rpminfo_test check="at least one" comment="389-ds-base-devel is earlier than 0:1.4.1.3-7.module+el8.1.0+4150+5b8c2c1f" id="oval:com.redhat.rhsa:tst:20193401003" version="640">
 <red-def:object object_ref="oval:com.redhat.rhsa:obj:20193401002"/>
 <red-def:state state_ref="oval:com.redhat.rhsa:ste:20193401001"/>
</red-def:rpminfo_test>
<red-def:rpminfo_test check="at least one" comment="389-ds-base-devel is signed with Red Hat redhatrelease2 key" id="oval:com.redhat.rhsa:tst:20193401004" version="640">
 <red-def:object object_ref="oval:com.redhat.rhsa:obj:20193401002"/>
 <red-def:state state_ref="oval:com.redhat.rhba:ste:20191992002"/>
</red-def:rpminfo_test>
<red-def:rpminfo_test check="at least one" comment="389-ds-base-legacy-tools is earlier than 0:1.4.1.3-7.module+el8.1.0+4150+5b8c2c1f" id="oval:com.redhat.rhsa:tst:20193401005" version="640">
 <red-def:object object_ref="oval:com.redhat.rhsa:obj:20193401003"/>
 <red-def:state state_ref="oval:com.redhat.rhsa:ste:20193401001"/>
</red-def:rpminfo_test>
<red-def:rpminfo_test check="at least one" comment="389-ds-base-legacy-tools is signed with Red Hat redhatrelease2 key" id="oval:com.redhat.rhsa:tst:20193401006" version="640">
 <red-def:object object_ref="oval:com.redhat.rhsa:obj:20193401003"/>
 <red-def:state state_ref="oval:com.redhat.rhba:ste:20191992002"/>
</red-def:rpminfo_test>
<red-def:rpminfo_test check="at least one" comment="389-ds-base-libs is earlier than 0:1.4.1.3-7.module+el8.1.0+4150+5b8c2c1f" id="oval:com.redhat.rhsa:tst:20193401007" version="640">
 <red-def:object object_ref="oval:com.redhat.rhsa:obj:20193401004"/>
 <red-def:state state_ref="oval:com.redhat.rhsa:ste:20193401001"/>
</red-def:rpminfo_test>
<red-def:rpminfo_test check="at least one" comment="389-ds-base-libs is signed with Red Hat redhatrelease2 key" id="oval:com.redhat.rhsa:tst:20193401008" version="640">
 <red-def:object object_ref="oval:com.redhat.rhsa:obj:20193401004"/>
 <red-def:state state_ref="oval:com.redhat.rhba:ste:20191992002"/>
</red-def:rpminfo_test>
<red-def:rpminfo_test check="at least one" comment="389-ds-base-snmp is earlier than 0:1.4.1.3-7.module+el8.1.0+4150+5b8c2c1f" id="oval:com.redhat.rhsa:tst:20193401009" version="640">
 <red-def:object object_ref="oval:com.redhat.rhsa:obj:20193401005"/>
 <red-def:state state_ref="oval:com.redhat.rhsa:ste:20193401001"/>
</red-def:rpminfo_test>
<red-def:rpminfo_test check="at least one" comment="389-ds-base-snmp is signed with Red Hat redhatrelease2 key" id="oval:com.redhat.rhsa:tst:20193401010" version="640">
 <red-def:object object_ref="oval:com.redhat.rhsa:obj:20193401005"/>
 <red-def:state state_ref="oval:com.redhat.rhba:ste:20191992002"/>
</red-def:rpminfo_test>
<red-def:rpminfo_test check="at least one" comment="python3-lib389 is earlier than 0:1.4.1.3-7.module+el8.1.0+4150+5b8c2c1f" id="oval:com.redhat.rhsa:tst:20193401011" version="640">
 <red-def:object object_ref="oval:com.redhat.rhsa:obj:20193401006"/>
 <red-def:state state_ref="oval:com.redhat.rhsa:ste:20193401003"/>
</red-def:rpminfo_test>
<red-def:rpminfo_test check="at least one" comment="python3-lib389 is signed with Red Hat redhatrelease2 key" id="oval:com.redhat.rhsa:tst:20193401012" version="640">
 <red-def:object object_ref="oval:com.redhat.rhsa:obj:20193401006"/>
 <red-def:state state_ref="oval:com.redhat.rhba:ste:20191992002"/>
</red-def:rpminfo_test>
<ind-def:textfilecontent54_test check="all" comment="Module 389-ds:1.4 is enabled" id="oval:com.redhat.rhsa:tst:20193401013" version="640">
 <ind-def:object object_ref="oval:com.redhat.rhsa:obj:20193401007"/>
 <ind-def:state state_ref="oval:com.redhat.rhsa:ste:20193401004"/>
</ind-def:textfilecontent54_test>
<red-def:rpminfo_test check="at least one" comment="buildah is earlier than 0:1.9.0-5.module+el8.1.0+4240+893c1ab8" id="oval:com.redhat.rhsa:tst:20193403001" version="639">
 <red-def:object object_ref="oval:com.redhat.rhba:obj:20220348001"/>
 <red-def:state state_ref="oval:com.redhat.rhsa:ste:20193403001"/>
</red-def:rpminfo_test>
<red-def:rpminfo_test check="at least one" comment="buildah-tests is earlier than 0:1.9.0-5.module+el8.1.0+4240+893c1ab8" id="oval:com.redhat.rhsa:tst:20193403003" version="639">
 <red-def:object object_ref="oval:com.redhat.rhba:obj:20220348002"/>
 <red-def:state state_ref="oval:com.redhat.rhsa:ste:20193403001"/>
</red-def:rpminfo_test>
<red-def:rpminfo_test check="at least one" comment="cockpit-podman is earlier than 0:4-1.module+el8.1.0+4081+b29780af" id="oval:com.redhat.rhsa:tst:20193403005" version="639">
 <red-def:object object_ref="oval:com.redhat.rhba:obj:20220348003"/>
 <red-def:state state_ref="oval:com.redhat.rhsa:ste:20193403003"/>
</red-def:rpminfo_test>
<red-def:rpminfo_test check="at least one" comment="container-selinux is earlier than 2:2.107-2.module+el8.1.0+4081+b29780af" id="oval:com.redhat.rhsa:tst:20193403007" version="639">
 <red-def:object object_ref="oval:com.redhat.rhba:obj:20220348005"/>
 <red-def:state state_ref="oval:com.redhat.rhsa:ste:20193403004"/>
</red-def:rpminfo_test>
<red-def:rpminfo_test check="at least one" comment="containernetworking-plugins is earlier than 0:0.8.1-2.module+el8.1.0+4081+b29780af" id="oval:com.redhat.rhsa:tst:20193403009" version="639">
 <red-def:object object_ref="oval:com.redhat.rhba:obj:20220348006"/>
 <red-def:state state_ref="oval:com.redhat.rhsa:ste:20193403005"/>
</red-def:rpminfo_test>
<red-def:rpminfo_test check="at least one" comment="containers-common is earlier than 1:0.1.37-5.module+el8.1.0+4240+893c1ab8" id="oval:com.redhat.rhsa:tst:20193403011" version="639">
 <red-def:object object_ref="oval:com.redhat.rhba:obj:20220348007"/>
 <red-def:state state_ref="oval:com.redhat.rhsa:ste:20193403006"/>
</red-def:rpminfo_test>
<red-def:rpminfo_test check="at least one" comment="fuse-overlayfs is earlier than 0:0.4.1-1.module+el8.1.0+4081+b29780af" id="oval:com.redhat.rhsa:tst:20193403013" version="639">
 <red-def:object object_ref="oval:com.redhat.rhba:obj:20220348011"/>
 <red-def:state state_ref="oval:com.redhat.rhsa:ste:20193403007"/>
</red-def:rpminfo_test>
<red-def:rpminfo_test check="at least one" comment="oci-systemd-hook is earlier than 1:0.1.15-2.git2d0b8a3.module+el8.1.0+4081+b29780af" id="oval:com.redhat.rhsa:tst:20193403015" version="639">
 <red-def:object object_ref="oval:com.redhat.rhsa:obj:20190975006"/>
 <red-def:state state_ref="oval:com.redhat.rhsa:ste:20193403008"/>
</red-def:rpminfo_test>
<red-def:rpminfo_test check="at least one" comment="oci-umount is earlier than 2:2.3.4-2.git87f9237.module+el8.1.0+4081+b29780af" id="oval:com.redhat.rhsa:tst:20193403017" version="639">
 <red-def:object object_ref="oval:com.redhat.rhsa:obj:20190975007"/>
 <red-def:state state_ref="oval:com.redhat.rhsa:ste:20193403009"/>
</red-def:rpminfo_test>
<red-def:rpminfo_test check="at least one" comment="podman is earlier than 0:1.4.2-5.module+el8.1.0+4240+893c1ab8" id="oval:com.redhat.rhsa:tst:20193403019" version="639">
 <red-def:object object_ref="oval:com.redhat.rhba:obj:20220348015"/>
 <red-def:state state_ref="oval:com.redhat.rhsa:ste:20193403010"/>
</red-def:rpminfo_test>
<red-def:rpminfo_test check="at least one" comment="podman-docker is earlier than 0:1.4.2-5.module+el8.1.0+4240+893c1ab8" id="oval:com.redhat.rhsa:tst:20193403021" version="639">
 <red-def:object object_ref="oval:com.redhat.rhba:obj:20220348017"/>
 <red-def:state state_ref="oval:com.redhat.rhsa:ste:20193403011"/>
</red-def:rpminfo_test>
<red-def:rpminfo_test check="at least one" comment="podman-manpages is earlier than 0:1.4.2-5.module+el8.1.0+4240+893c1ab8" id="oval:com.redhat.rhsa:tst:20193403023" version="639">
 <red-def:object object_ref="oval:com.redhat.rhsa:obj:20193403012"/>
 <red-def:state state_ref="oval:com.redhat.rhsa:ste:20193403011"/>
</red-def:rpminfo_test>
<red-def:rpminfo_test check="at least one" comment="podman-manpages is signed with Red Hat redhatrelease2 key" id="oval:com.redhat.rhsa:tst:20193403024" version="639">
 <red-def:object object_ref="oval:com.redhat.rhsa:obj:20193403012"/>
 <red-def:state state_ref="oval:com.redhat.rhba:ste:20191992002"/>
</red-def:rpminfo_test>
<red-def:rpminfo_test check="at least one" comment="podman-remote is earlier than 0:1.4.2-5.module+el8.1.0+4240+893c1ab8" id="oval:com.redhat.rhsa:tst:20193403025" version="639">
 <red-def:object object_ref="oval:com.redhat.rhba:obj:20220348019"/>
 <red-def:state state_ref="oval:com.redhat.rhsa:ste:20193403010"/>
</red-def:rpminfo_test>
<red-def:rpminfo_test check="at least one" comment="podman-tests is earlier than 0:1.4.2-5.module+el8.1.0+4240+893c1ab8" id="oval:com.redhat.rhsa:tst:20193403027" version="639">
 <red-def:object object_ref="oval:com.redhat.rhba:obj:20220348020"/>
 <red-def:state state_ref="oval:com.redhat.rhsa:ste:20193403010"/>
</red-def:rpminfo_test>
<red-def:rpminfo_test check="at least one" comment="python-podman-api is earlier than 0:1.2.0-0.1.gitd0a45fe.module+el8.1.0+4081+b29780af" id="oval:com.redhat.rhsa:tst:20193403029" version="639">
 <red-def:object object_ref="oval:com.redhat.rhsa:obj:20193403015"/>
 <red-def:state state_ref="oval:com.redhat.rhsa:ste:20193403012"/>
</red-def:rpminfo_test>
<red-def:rpminfo_test check="at least one" comment="python-podman-api is signed with Red Hat redhatrelease2 key" id="oval:com.redhat.rhsa:tst:20193403030" version="639">
 <red-def:object object_ref="oval:com.redhat.rhsa:obj:20193403015"/>
 <red-def:state state_ref="oval:com.redhat.rhba:ste:20191992002"/>
</red-def:rpminfo_test>
<red-def:rpminfo_test check="at least one" comment="runc is earlier than 0:1.0.0-60.rc8.module+el8.1.0+4081+b29780af" id="oval:com.redhat.rhsa:tst:20193403031" version="639">
 <red-def:object object_ref="oval:com.redhat.rhba:obj:20220348022"/>
 <red-def:state state_ref="oval:com.redhat.rhsa:ste:20193403013"/>
</red-def:rpminfo_test>
<red-def:rpminfo_test check="at least one" comment="skopeo is earlier than 1:0.1.37-5.module+el8.1.0+4240+893c1ab8" id="oval:com.redhat.rhsa:tst:20193403033" version="639">
 <red-def:object object_ref="oval:com.redhat.rhba:obj:20220348023"/>
 <red-def:state state_ref="oval:com.redhat.rhsa:ste:20193403006"/>
</red-def:rpminfo_test>
<red-def:rpminfo_test check="at least one" comment="skopeo-tests is earlier than 1:0.1.37-5.module+el8.1.0+4240+893c1ab8" id="oval:com.redhat.rhsa:tst:20193403035" version="639">
 <red-def:object object_ref="oval:com.redhat.rhba:obj:20220348024"/>
 <red-def:state state_ref="oval:com.redhat.rhsa:ste:20193403006"/>
</red-def:rpminfo_test>
<red-def:rpminfo_test check="at least one" comment="slirp4netns is earlier than 0:0.3.0-4.module+el8.1.0+4306+1d917805" id="oval:com.redhat.rhsa:tst:20193403037" version="639">
 <red-def:object object_ref="oval:com.redhat.rhba:obj:20220348025"/>
 <red-def:state state_ref="oval:com.redhat.rhsa:ste:20193403014"/>
</red-def:rpminfo_test>
<red-def:rpminfo_test check="at least one" comment="toolbox is earlier than 0:0.0.4-1.module+el8.1.0+4081+b29780af" id="oval:com.redhat.rhsa:tst:20193403039" version="639">
 <red-def:object object_ref="oval:com.redhat.rhba:obj:20220348026"/>
 <red-def:state state_ref="oval:com.redhat.rhsa:ste:20193403015"/>
</red-def:rpminfo_test>
<red-def:rpminfo_test check="at least one" comment="libtiff is earlier than 0:4.0.9-15.el8" id="oval:com.redhat.rhsa:tst:20193419001" version="636">
 <red-def:object object_ref="oval:com.redhat.rhsa:obj:20193419001"/>
 <red-def:state state_ref="oval:com.redhat.rhsa:ste:20193419001"/>
</red-def:rpminfo_test>
<red-def:rpminfo_test check="at least one" comment="libtiff is signed with Red Hat redhatrelease2 key" id="oval:com.redhat.rhsa:tst:20193419002" version="636">
 <red-def:object object_ref="oval:com.redhat.rhsa:obj:20193419001"/>
 <red-def:state state_ref="oval:com.redhat.rhba:ste:20191992002"/>
</red-def:rpminfo_test>
<red-def:rpminfo_test check="at least one" comment="libtiff-devel is earlier than 0:4.0.9-15.el8" id="oval:com.redhat.rhsa:tst:20193419003" version="636">
 <red-def:object object_ref="oval:com.redhat.rhsa:obj:20193419002"/>
 <red-def:state state_ref="oval:com.redhat.rhsa:ste:20193419001"/>
</red-def:rpminfo_test>
<red-def:rpminfo_test check="at least one" comment="libtiff-devel is signed with Red Hat redhatrelease2 key" id="oval:com.redhat.rhsa:tst:20193419004" version="636">
 <red-def:object object_ref="oval:com.redhat.rhsa:obj:20193419002"/>
 <red-def:state state_ref="oval:com.redhat.rhba:ste:20191992002"/>
</red-def:rpminfo_test>
<red-def:rpminfo_test check="at least one" comment="libtiff-tools is earlier than 0:4.0.9-15.el8" id="oval:com.redhat.rhsa:tst:20193419005" version="636">
 <red-def:object object_ref="oval:com.redhat.rhsa:obj:20193419003"/>
 <red-def:state state_ref="oval:com.redhat.rhsa:ste:20193419003"/>
</red-def:rpminfo_test>
<red-def:rpminfo_test check="at least one" comment="libtiff-tools is signed with Red Hat redhatrelease2 key" id="oval:com.redhat.rhsa:tst:20193419006" version="636">
 <red-def:object object_ref="oval:com.redhat.rhsa:obj:20193419003"/>
 <red-def:state state_ref="oval:com.redhat.rhba:ste:20191992002"/>
</red-def:rpminfo_test>
<red-def:rpminfo_test check="at least one" comment="mod_auth_mellon is earlier than 0:0.14.0-9.el8" id="oval:com.redhat.rhsa:tst:20193421001" version="638">
 <red-def:object object_ref="oval:com.redhat.rhsa:obj:20190985001"/>
 <red-def:state state_ref="oval:com.redhat.rhsa:ste:20193421001"/>
</red-def:rpminfo_test>
<red-def:rpminfo_test check="at least one" comment="mod_auth_mellon-diagnostics is earlier than 0:0.14.0-9.el8" id="oval:com.redhat.rhsa:tst:20193421003" version="638">
 <red-def:object object_ref="oval:com.redhat.rhsa:obj:20193421002"/>
 <red-def:state state_ref="oval:com.redhat.rhsa:ste:20193421001"/>
</red-def:rpminfo_test>
<red-def:rpminfo_test check="at least one" comment="mod_auth_mellon-diagnostics is signed with Red Hat redhatrelease2 key" id="oval:com.redhat.rhsa:tst:20193421004" version="638">
 <red-def:object object_ref="oval:com.redhat.rhsa:obj:20193421002"/>
 <red-def:state state_ref="oval:com.redhat.rhba:ste:20191992002"/>
</red-def:rpminfo_test>
<red-def:rpminfo_test check="at least one" comment="go-toolset is earlier than 0:1.12.8-1.module+el8.1.0+4089+be929cf8" id="oval:com.redhat.rhsa:tst:20193433001" version="638">
 <red-def:object object_ref="oval:com.redhat.rhba:obj:20236928002"/>
 <red-def:state state_ref="oval:com.redhat.rhsa:ste:20193433001"/>
</red-def:rpminfo_test>
<red-def:rpminfo_test check="at least one" comment="golang is earlier than 0:1.12.8-2.module+el8.1.0+4089+be929cf8" id="oval:com.redhat.rhsa:tst:20193433003" version="638">
 <red-def:object object_ref="oval:com.redhat.rhba:obj:20236928003"/>
 <red-def:state state_ref="oval:com.redhat.rhsa:ste:20193433003"/>
</red-def:rpminfo_test>
<red-def:rpminfo_test check="at least one" comment="golang-bin is earlier than 0:1.12.8-2.module+el8.1.0+4089+be929cf8" id="oval:com.redhat.rhsa:tst:20193433005" version="638">
 <red-def:object object_ref="oval:com.redhat.rhba:obj:20236928004"/>
 <red-def:state state_ref="oval:com.redhat.rhsa:ste:20193433003"/>
</red-def:rpminfo_test>
<red-def:rpminfo_test check="at least one" comment="golang-docs is earlier than 0:1.12.8-2.module+el8.1.0+4089+be929cf8" id="oval:com.redhat.rhsa:tst:20193433007" version="638">
 <red-def:object object_ref="oval:com.redhat.rhba:obj:20236928005"/>
 <red-def:state state_ref="oval:com.redhat.rhsa:ste:20193433004"/>
</red-def:rpminfo_test>
<red-def:rpminfo_test check="at least one" comment="golang-misc is earlier than 0:1.12.8-2.module+el8.1.0+4089+be929cf8" id="oval:com.redhat.rhsa:tst:20193433009" version="638">
 <red-def:object object_ref="oval:com.redhat.rhba:obj:20236928006"/>
 <red-def:state state_ref="oval:com.redhat.rhsa:ste:20193433004"/>
</red-def:rpminfo_test>
<red-def:rpminfo_test check="at least one" comment="golang-race is earlier than 0:1.12.8-2.module+el8.1.0+4089+be929cf8" id="oval:com.redhat.rhsa:tst:20193433011" version="638">
 <red-def:object object_ref="oval:com.redhat.rhsa:obj:20191519006"/>
 <red-def:state state_ref="oval:com.redhat.rhsa:ste:20193433005"/>
</red-def:rpminfo_test>
<red-def:rpminfo_test check="at least one" comment="golang-src is earlier than 0:1.12.8-2.module+el8.1.0+4089+be929cf8" id="oval:com.redhat.rhsa:tst:20193433013" version="638">
 <red-def:object object_ref="oval:com.redhat.rhba:obj:20236928007"/>
 <red-def:state state_ref="oval:com.redhat.rhsa:ste:20193433004"/>
</red-def:rpminfo_test>
<red-def:rpminfo_test check="at least one" comment="golang-tests is earlier than 0:1.12.8-2.module+el8.1.0+4089+be929cf8" id="oval:com.redhat.rhsa:tst:20193433015" version="638">
 <red-def:object object_ref="oval:com.redhat.rhba:obj:20236928008"/>
 <red-def:state state_ref="oval:com.redhat.rhsa:ste:20193433004"/>
</red-def:rpminfo_test>
<red-def:rpminfo_test check="at least one" comment="httpd is earlier than 0:2.4.37-16.module+el8.1.0+4134+e6bad0ed" id="oval:com.redhat.rhsa:tst:20193436001" version="637">
 <red-def:object object_ref="oval:com.redhat.rhsa:obj:20190980001"/>
 <red-def:state state_ref="oval:com.redhat.rhsa:ste:20193436001"/>
</red-def:rpminfo_test>
<red-def:rpminfo_test check="at least one" comment="httpd-devel is earlier than 0:2.4.37-16.module+el8.1.0+4134+e6bad0ed" id="oval:com.redhat.rhsa:tst:20193436003" version="637">
 <red-def:object object_ref="oval:com.redhat.rhsa:obj:20190980002"/>
 <red-def:state state_ref="oval:com.redhat.rhsa:ste:20193436001"/>
</red-def:rpminfo_test>
<red-def:rpminfo_test check="at least one" comment="httpd-filesystem is earlier than 0:2.4.37-16.module+el8.1.0+4134+e6bad0ed" id="oval:com.redhat.rhsa:tst:20193436005" version="637">
 <red-def:object object_ref="oval:com.redhat.rhsa:obj:20190980003"/>
 <red-def:state state_ref="oval:com.redhat.rhsa:ste:20193436003"/>
</red-def:rpminfo_test>
<red-def:rpminfo_test check="at least one" comment="httpd-manual is earlier than 0:2.4.37-16.module+el8.1.0+4134+e6bad0ed" id="oval:com.redhat.rhsa:tst:20193436007" version="637">
 <red-def:object object_ref="oval:com.redhat.rhsa:obj:20190980004"/>
 <red-def:state state_ref="oval:com.redhat.rhsa:ste:20193436003"/>
</red-def:rpminfo_test>
<red-def:rpminfo_test check="at least one" comment="httpd-tools is earlier than 0:2.4.37-16.module+el8.1.0+4134+e6bad0ed" id="oval:com.redhat.rhsa:tst:20193436009" version="637">
 <red-def:object object_ref="oval:com.redhat.rhsa:obj:20190980005"/>
 <red-def:state state_ref="oval:com.redhat.rhsa:ste:20193436001"/>
</red-def:rpminfo_test>
<red-def:rpminfo_test check="at least one" comment="mod_http2 is earlier than 0:1.11.3-3.module+el8.1.0+4134+e6bad0ed" id="oval:com.redhat.rhsa:tst:20193436011" version="637">
 <red-def:object object_ref="oval:com.redhat.rhsa:obj:20190980006"/>
 <red-def:state state_ref="oval:com.redhat.rhsa:ste:20193436004"/>
</red-def:rpminfo_test>
<red-def:rpminfo_test check="at least one" comment="mod_ldap is earlier than 0:2.4.37-16.module+el8.1.0+4134+e6bad0ed" id="oval:com.redhat.rhsa:tst:20193436013" version="637">
 <red-def:object object_ref="oval:com.redhat.rhsa:obj:20190980007"/>
 <red-def:state state_ref="oval:com.redhat.rhsa:ste:20193436001"/>
</red-def:rpminfo_test>
<red-def:rpminfo_test check="at least one" comment="mod_md is earlier than 0:2.4.37-16.module+el8.1.0+4134+e6bad0ed" id="oval:com.redhat.rhsa:tst:20193436015" version="637">
 <red-def:object object_ref="oval:com.redhat.rhsa:obj:20190980008"/>
 <red-def:state state_ref="oval:com.redhat.rhsa:ste:20193436001"/>
</red-def:rpminfo_test>
<red-def:rpminfo_test check="at least one" comment="mod_proxy_html is earlier than 1:2.4.37-16.module+el8.1.0+4134+e6bad0ed" id="oval:com.redhat.rhsa:tst:20193436017" version="637">
 <red-def:object object_ref="oval:com.redhat.rhsa:obj:20190980009"/>
 <red-def:state state_ref="oval:com.redhat.rhsa:ste:20193436005"/>
</red-def:rpminfo_test>
<red-def:rpminfo_test check="at least one" comment="mod_session is earlier than 0:2.4.37-16.module+el8.1.0+4134+e6bad0ed" id="oval:com.redhat.rhsa:tst:20193436019" version="637">
 <red-def:object object_ref="oval:com.redhat.rhsa:obj:20190980010"/>
 <red-def:state state_ref="oval:com.redhat.rhsa:ste:20193436001"/>
</red-def:rpminfo_test>
<red-def:rpminfo_test check="at least one" comment="mod_ssl is earlier than 1:2.4.37-16.module+el8.1.0+4134+e6bad0ed" id="oval:com.redhat.rhsa:tst:20193436021" version="637">
 <red-def:object object_ref="oval:com.redhat.rhsa:obj:20190980011"/>
 <red-def:state state_ref="oval:com.redhat.rhsa:ste:20193436005"/>
</red-def:rpminfo_test>
<red-def:rpminfo_test check="at least one" comment="virt-install is earlier than 0:2.2.1-2.el8" id="oval:com.redhat.rhsa:tst:20193464001" version="638">
 <red-def:object object_ref="oval:com.redhat.rhsa:obj:20193464001"/>
 <red-def:state state_ref="oval:com.redhat.rhsa:ste:20193464001"/>
</red-def:rpminfo_test>
<red-def:rpminfo_test check="at least one" comment="virt-install is signed with Red Hat redhatrelease2 key" id="oval:com.redhat.rhsa:tst:20193464002" version="638">
 <red-def:object object_ref="oval:com.redhat.rhsa:obj:20193464001"/>
 <red-def:state state_ref="oval:com.redhat.rhba:ste:20191992002"/>
</red-def:rpminfo_test>
<red-def:rpminfo_test check="at least one" comment="virt-manager is earlier than 0:2.2.1-2.el8" id="oval:com.redhat.rhsa:tst:20193464003" version="638">
 <red-def:object object_ref="oval:com.redhat.rhsa:obj:20193464002"/>
 <red-def:state state_ref="oval:com.redhat.rhsa:ste:20193464001"/>
</red-def:rpminfo_test>
<red-def:rpminfo_test check="at least one" comment="virt-manager is signed with Red Hat redhatrelease2 key" id="oval:com.redhat.rhsa:tst:20193464004" version="638">
 <red-def:object object_ref="oval:com.redhat.rhsa:obj:20193464002"/>
 <red-def:state state_ref="oval:com.redhat.rhba:ste:20191992002"/>
</red-def:rpminfo_test>
<red-def:rpminfo_test check="at least one" comment="virt-manager-common is earlier than 0:2.2.1-2.el8" id="oval:com.redhat.rhsa:tst:20193464005" version="638">
 <red-def:object object_ref="oval:com.redhat.rhsa:obj:20193464003"/>
 <red-def:state state_ref="oval:com.redhat.rhsa:ste:20193464001"/>
</red-def:rpminfo_test>
<red-def:rpminfo_test check="at least one" comment="virt-manager-common is signed with Red Hat redhatrelease2 key" id="oval:com.redhat.rhsa:tst:20193464006" version="638">
 <red-def:object object_ref="oval:com.redhat.rhsa:obj:20193464003"/>
 <red-def:state state_ref="oval:com.redhat.rhba:ste:20191992002"/>
</red-def:rpminfo_test>
<red-def:rpminfo_test check="at least one" comment="dovecot is earlier than 1:2.2.36-10.el8" id="oval:com.redhat.rhsa:tst:20193467001" version="637">
 <red-def:object object_ref="oval:com.redhat.rhsa:obj:20192822001"/>
 <red-def:state state_ref="oval:com.redhat.rhsa:ste:20193467001"/>
</red-def:rpminfo_test>
<red-def:rpminfo_test check="at least one" comment="dovecot-devel is earlier than 1:2.2.36-10.el8" id="oval:com.redhat.rhsa:tst:20193467003" version="637">
 <red-def:object object_ref="oval:com.redhat.rhsa:obj:20192822002"/>
 <red-def:state state_ref="oval:com.redhat.rhsa:ste:20193467001"/>
</red-def:rpminfo_test>
<red-def:rpminfo_test check="at least one" comment="dovecot-mysql is earlier than 1:2.2.36-10.el8" id="oval:com.redhat.rhsa:tst:20193467005" version="637">
 <red-def:object object_ref="oval:com.redhat.rhsa:obj:20192822003"/>
 <red-def:state state_ref="oval:com.redhat.rhsa:ste:20193467003"/>
</red-def:rpminfo_test>
<red-def:rpminfo_test check="at least one" comment="dovecot-pgsql is earlier than 1:2.2.36-10.el8" id="oval:com.redhat.rhsa:tst:20193467007" version="637">
 <red-def:object object_ref="oval:com.redhat.rhsa:obj:20192822004"/>
 <red-def:state state_ref="oval:com.redhat.rhsa:ste:20193467003"/>
</red-def:rpminfo_test>
<red-def:rpminfo_test check="at least one" comment="dovecot-pigeonhole is earlier than 1:2.2.36-10.el8" id="oval:com.redhat.rhsa:tst:20193467009" version="637">
 <red-def:object object_ref="oval:com.redhat.rhsa:obj:20193467005"/>
 <red-def:state state_ref="oval:com.redhat.rhsa:ste:20193467003"/>
</red-def:rpminfo_test>
<red-def:rpminfo_test check="at least one" comment="dovecot-pigeonhole is signed with Red Hat redhatrelease2 key" id="oval:com.redhat.rhsa:tst:20193467010" version="637">
 <red-def:object object_ref="oval:com.redhat.rhsa:obj:20193467005"/>
 <red-def:state state_ref="oval:com.redhat.rhba:ste:20191992002"/>
</red-def:rpminfo_test>
<red-def:rpminfo_test check="at least one" comment="libecap is earlier than 0:1.0.1-2.module+el8.1.0+4044+36416a77" id="oval:com.redhat.rhsa:tst:20193476001" version="638">
 <red-def:object object_ref="oval:com.redhat.rhsa:obj:20192593001"/>
 <red-def:state state_ref="oval:com.redhat.rhsa:ste:20193476001"/>
</red-def:rpminfo_test>
<red-def:rpminfo_test check="at least one" comment="libecap-devel is earlier than 0:1.0.1-2.module+el8.1.0+4044+36416a77" id="oval:com.redhat.rhsa:tst:20193476003" version="638">
 <red-def:object object_ref="oval:com.redhat.rhsa:obj:20192593002"/>
 <red-def:state state_ref="oval:com.redhat.rhsa:ste:20193476001"/>
</red-def:rpminfo_test>
<red-def:rpminfo_test check="at least one" comment="squid is earlier than 7:4.4-8.module+el8.1.0+4044+36416a77" id="oval:com.redhat.rhsa:tst:20193476005" version="638">
 <red-def:object object_ref="oval:com.redhat.rhsa:obj:20192593003"/>
 <red-def:state state_ref="oval:com.redhat.rhsa:ste:20193476003"/>
</red-def:rpminfo_test>
<red-def:rpminfo_test check="at least one" comment="buildah is earlier than 0:1.5-5.gite94b4f9.module+el8.1.0+4241+a7060183" id="oval:com.redhat.rhsa:tst:20193494001" version="639">
 <red-def:object object_ref="oval:com.redhat.rhba:obj:20220348001"/>
 <red-def:state state_ref="oval:com.redhat.rhsa:ste:20193494001"/>
</red-def:rpminfo_test>
<red-def:rpminfo_test check="at least one" comment="container-selinux is earlier than 2:2.94-1.git1e99f1d.module+el8.1.0+3468+011f0ab0" id="oval:com.redhat.rhsa:tst:20193494003" version="639">
 <red-def:object object_ref="oval:com.redhat.rhba:obj:20220348005"/>
 <red-def:state state_ref="oval:com.redhat.rhsa:ste:20193494003"/>
</red-def:rpminfo_test>
<red-def:rpminfo_test check="at least one" comment="containernetworking-plugins is earlier than 0:0.7.4-3.git9ebe139.module+el8.1.0+3468+011f0ab0" id="oval:com.redhat.rhsa:tst:20193494005" version="639">
 <red-def:object object_ref="oval:com.redhat.rhba:obj:20220348006"/>
 <red-def:state state_ref="oval:com.redhat.rhsa:ste:20193494004"/>
</red-def:rpminfo_test>
<red-def:rpminfo_test check="at least one" comment="containers-common is earlier than 1:0.1.32-5.git1715c90.module+el8.1.0+4241+a7060183" id="oval:com.redhat.rhsa:tst:20193494007" version="639">
 <red-def:object object_ref="oval:com.redhat.rhba:obj:20220348007"/>
 <red-def:state state_ref="oval:com.redhat.rhsa:ste:20193494005"/>
</red-def:rpminfo_test>
<red-def:rpminfo_test check="at least one" comment="fuse-overlayfs is earlier than 0:0.3-5.module+el8.1.0+3468+011f0ab0" id="oval:com.redhat.rhsa:tst:20193494009" version="639">
 <red-def:object object_ref="oval:com.redhat.rhba:obj:20220348011"/>
 <red-def:state state_ref="oval:com.redhat.rhsa:ste:20193494006"/>
</red-def:rpminfo_test>
<red-def:rpminfo_test check="at least one" comment="oci-systemd-hook is earlier than 1:0.1.15-2.git2d0b8a3.module+el8.1.0+3468+011f0ab0" id="oval:com.redhat.rhsa:tst:20193494011" version="639">
 <red-def:object object_ref="oval:com.redhat.rhsa:obj:20190975006"/>
 <red-def:state state_ref="oval:com.redhat.rhsa:ste:20193494007"/>
</red-def:rpminfo_test>
<red-def:rpminfo_test check="at least one" comment="oci-umount is earlier than 2:2.3.4-2.git87f9237.module+el8.1.0+3468+011f0ab0" id="oval:com.redhat.rhsa:tst:20193494013" version="639">
 <red-def:object object_ref="oval:com.redhat.rhsa:obj:20190975007"/>
 <red-def:state state_ref="oval:com.redhat.rhsa:ste:20193494008"/>
</red-def:rpminfo_test>
<red-def:rpminfo_test check="at least one" comment="podman is earlier than 0:1.0.0-3.git921f98f.module+el8.1.0+4241+a7060183" id="oval:com.redhat.rhsa:tst:20193494015" version="639">
 <red-def:object object_ref="oval:com.redhat.rhba:obj:20220348015"/>
 <red-def:state state_ref="oval:com.redhat.rhsa:ste:20193494009"/>
</red-def:rpminfo_test>
<red-def:rpminfo_test check="at least one" comment="podman-docker is earlier than 0:1.0.0-3.git921f98f.module+el8.1.0+4241+a7060183" id="oval:com.redhat.rhsa:tst:20193494017" version="639">
 <red-def:object object_ref="oval:com.redhat.rhba:obj:20220348017"/>
 <red-def:state state_ref="oval:com.redhat.rhsa:ste:20193494010"/>
</red-def:rpminfo_test>
<red-def:rpminfo_test check="at least one" comment="runc is earlier than 0:1.0.0-55.rc5.dev.git2abd837.module+el8.1.0+3468+011f0ab0" id="oval:com.redhat.rhsa:tst:20193494019" version="639">
 <red-def:object object_ref="oval:com.redhat.rhba:obj:20220348022"/>
 <red-def:state state_ref="oval:com.redhat.rhsa:ste:20193494011"/>
</red-def:rpminfo_test>
<red-def:rpminfo_test check="at least one" comment="skopeo is earlier than 1:0.1.32-5.git1715c90.module+el8.1.0+4241+a7060183" id="oval:com.redhat.rhsa:tst:20193494021" version="639">
 <red-def:object object_ref="oval:com.redhat.rhba:obj:20220348023"/>
 <red-def:state state_ref="oval:com.redhat.rhsa:ste:20193494005"/>
</red-def:rpminfo_test>
<red-def:rpminfo_test check="at least one" comment="slirp4netns is earlier than 0:0.1-3.dev.gitc4e1bc5.module+el8.1.0+4308+9d868e48" id="oval:com.redhat.rhsa:tst:20193494023" version="639">
 <red-def:object object_ref="oval:com.redhat.rhba:obj:20220348025"/>
 <red-def:state state_ref="oval:com.redhat.rhsa:ste:20193494012"/>
</red-def:rpminfo_test>
<ind-def:textfilecontent54_test check="all" comment="Module container-tools:1.0 is enabled" id="oval:com.redhat.rhsa:tst:20193494025" version="639">
 <ind-def:object object_ref="oval:com.redhat.rhba:obj:20220348029"/>
 <ind-def:state state_ref="oval:com.redhat.rhsa:ste:20193494013"/>
</ind-def:textfilecontent54_test>
<red-def:rpminfo_test check="at least one" comment="http-parser is earlier than 0:2.8.0-5.el8" id="oval:com.redhat.rhsa:tst:20193497001" version="636">
 <red-def:object object_ref="oval:com.redhat.rhsa:obj:20193497001"/>
 <red-def:state state_ref="oval:com.redhat.rhsa:ste:20193497001"/>
</red-def:rpminfo_test>
<red-def:rpminfo_test check="at least one" comment="http-parser is signed with Red Hat redhatrelease2 key" id="oval:com.redhat.rhsa:tst:20193497002" version="636">
 <red-def:object object_ref="oval:com.redhat.rhsa:obj:20193497001"/>
 <red-def:state state_ref="oval:com.redhat.rhba:ste:20191992002"/>
</red-def:rpminfo_test>
<red-def:rpminfo_test check="at least one" comment="compat-libpthread-nonshared is earlier than 0:2.28-72.el8" id="oval:com.redhat.rhsa:tst:20193513001" version="636">
 <red-def:object object_ref="oval:com.redhat.rhsa:obj:20193513001"/>
 <red-def:state state_ref="oval:com.redhat.rhsa:ste:20193513001"/>
</red-def:rpminfo_test>
<red-def:rpminfo_test check="at least one" comment="compat-libpthread-nonshared is signed with Red Hat redhatrelease2 key" id="oval:com.redhat.rhsa:tst:20193513002" version="636">
 <red-def:object object_ref="oval:com.redhat.rhsa:obj:20193513001"/>
 <red-def:state state_ref="oval:com.redhat.rhba:ste:20191992002"/>
</red-def:rpminfo_test>
<red-def:rpminfo_test check="at least one" comment="glibc is earlier than 0:2.28-72.el8" id="oval:com.redhat.rhsa:tst:20193513003" version="636">
 <red-def:object object_ref="oval:com.redhat.rhsa:obj:20193513002"/>
 <red-def:state state_ref="oval:com.redhat.rhsa:ste:20193513003"/>
</red-def:rpminfo_test>
<red-def:rpminfo_test check="at least one" comment="glibc is signed with Red Hat redhatrelease2 key" id="oval:com.redhat.rhsa:tst:20193513004" version="636">
 <red-def:object object_ref="oval:com.redhat.rhsa:obj:20193513002"/>
 <red-def:state state_ref="oval:com.redhat.rhba:ste:20191992002"/>
</red-def:rpminfo_test>
<red-def:rpminfo_test check="at least one" comment="glibc-all-langpacks is earlier than 0:2.28-72.el8" id="oval:com.redhat.rhsa:tst:20193513005" version="636">
 <red-def:object object_ref="oval:com.redhat.rhsa:obj:20193513003"/>
 <red-def:state state_ref="oval:com.redhat.rhsa:ste:20193513001"/>
</red-def:rpminfo_test>
<red-def:rpminfo_test check="at least one" comment="glibc-all-langpacks is signed with Red Hat redhatrelease2 key" id="oval:com.redhat.rhsa:tst:20193513006" version="636">
 <red-def:object object_ref="oval:com.redhat.rhsa:obj:20193513003"/>
 <red-def:state state_ref="oval:com.redhat.rhba:ste:20191992002"/>
</red-def:rpminfo_test>
<red-def:rpminfo_test check="at least one" comment="glibc-benchtests is earlier than 0:2.28-72.el8" id="oval:com.redhat.rhsa:tst:20193513007" version="636">
 <red-def:object object_ref="oval:com.redhat.rhsa:obj:20193513004"/>
 <red-def:state state_ref="oval:com.redhat.rhsa:ste:20193513001"/>
</red-def:rpminfo_test>
<red-def:rpminfo_test check="at least one" comment="glibc-benchtests is signed with Red Hat redhatrelease2 key" id="oval:com.redhat.rhsa:tst:20193513008" version="636">
 <red-def:object object_ref="oval:com.redhat.rhsa:obj:20193513004"/>
 <red-def:state state_ref="oval:com.redhat.rhba:ste:20191992002"/>
</red-def:rpminfo_test>
<red-def:rpminfo_test check="at least one" comment="glibc-common is earlier than 0:2.28-72.el8" id="oval:com.redhat.rhsa:tst:20193513009" version="636">
 <red-def:object object_ref="oval:com.redhat.rhsa:obj:20193513005"/>
 <red-def:state state_ref="oval:com.redhat.rhsa:ste:20193513001"/>
</red-def:rpminfo_test>
<red-def:rpminfo_test check="at least one" comment="glibc-common is signed with Red Hat redhatrelease2 key" id="oval:com.redhat.rhsa:tst:20193513010" version="636">
 <red-def:object object_ref="oval:com.redhat.rhsa:obj:20193513005"/>
 <red-def:state state_ref="oval:com.redhat.rhba:ste:20191992002"/>
</red-def:rpminfo_test>
<red-def:rpminfo_test check="at least one" comment="glibc-devel is earlier than 0:2.28-72.el8" id="oval:com.redhat.rhsa:tst:20193513011" version="636">
 <red-def:object object_ref="oval:com.redhat.rhsa:obj:20193513006"/>
 <red-def:state state_ref="oval:com.redhat.rhsa:ste:20193513003"/>
</red-def:rpminfo_test>
<red-def:rpminfo_test check="at least one" comment="glibc-devel is signed with Red Hat redhatrelease2 key" id="oval:com.redhat.rhsa:tst:20193513012" version="636">
 <red-def:object object_ref="oval:com.redhat.rhsa:obj:20193513006"/>
 <red-def:state state_ref="oval:com.redhat.rhba:ste:20191992002"/>
</red-def:rpminfo_test>
<red-def:rpminfo_test check="at least one" comment="glibc-headers is earlier than 0:2.28-72.el8" id="oval:com.redhat.rhsa:tst:20193513013" version="636">
 <red-def:object object_ref="oval:com.redhat.rhsa:obj:20193513007"/>
 <red-def:state state_ref="oval:com.redhat.rhsa:ste:20193513003"/>
</red-def:rpminfo_test>
<red-def:rpminfo_test check="at least one" comment="glibc-headers is signed with Red Hat redhatrelease2 key" id="oval:com.redhat.rhsa:tst:20193513014" version="636">
 <red-def:object object_ref="oval:com.redhat.rhsa:obj:20193513007"/>
 <red-def:state state_ref="oval:com.redhat.rhba:ste:20191992002"/>
</red-def:rpminfo_test>
<red-def:rpminfo_test check="at least one" comment="glibc-langpack-aa is earlier than 0:2.28-72.el8" id="oval:com.redhat.rhsa:tst:20193513015" version="636">
 <red-def:object object_ref="oval:com.redhat.rhsa:obj:20193513008"/>
 <red-def:state state_ref="oval:com.redhat.rhsa:ste:20193513001"/>
</red-def:rpminfo_test>
<red-def:rpminfo_test check="at least one" comment="glibc-langpack-aa is signed with Red Hat redhatrelease2 key" id="oval:com.redhat.rhsa:tst:20193513016" version="636">
 <red-def:object object_ref="oval:com.redhat.rhsa:obj:20193513008"/>
 <red-def:state state_ref="oval:com.redhat.rhba:ste:20191992002"/>
</red-def:rpminfo_test>
<red-def:rpminfo_test check="at least one" comment="glibc-langpack-af is earlier than 0:2.28-72.el8" id="oval:com.redhat.rhsa:tst:20193513017" version="636">
 <red-def:object object_ref="oval:com.redhat.rhsa:obj:20193513009"/>
 <red-def:state state_ref="oval:com.redhat.rhsa:ste:20193513001"/>
</red-def:rpminfo_test>
<red-def:rpminfo_test check="at least one" comment="glibc-langpack-af is signed with Red Hat redhatrelease2 key" id="oval:com.redhat.rhsa:tst:20193513018" version="636">
 <red-def:object object_ref="oval:com.redhat.rhsa:obj:20193513009"/>
 <red-def:state state_ref="oval:com.redhat.rhba:ste:20191992002"/>
</red-def:rpminfo_test>
<red-def:rpminfo_test check="at least one" comment="glibc-langpack-agr is earlier than 0:2.28-72.el8" id="oval:com.redhat.rhsa:tst:20193513019" version="636">
 <red-def:object object_ref="oval:com.redhat.rhsa:obj:20193513010"/>
 <red-def:state state_ref="oval:com.redhat.rhsa:ste:20193513001"/>
</red-def:rpminfo_test>
<red-def:rpminfo_test check="at least one" comment="glibc-langpack-agr is signed with Red Hat redhatrelease2 key" id="oval:com.redhat.rhsa:tst:20193513020" version="636">
 <red-def:object object_ref="oval:com.redhat.rhsa:obj:20193513010"/>
 <red-def:state state_ref="oval:com.redhat.rhba:ste:20191992002"/>
</red-def:rpminfo_test>
<red-def:rpminfo_test check="at least one" comment="glibc-langpack-ak is earlier than 0:2.28-72.el8" id="oval:com.redhat.rhsa:tst:20193513021" version="636">
 <red-def:object object_ref="oval:com.redhat.rhsa:obj:20193513011"/>
 <red-def:state state_ref="oval:com.redhat.rhsa:ste:20193513001"/>
</red-def:rpminfo_test>
<red-def:rpminfo_test check="at least one" comment="glibc-langpack-ak is signed with Red Hat redhatrelease2 key" id="oval:com.redhat.rhsa:tst:20193513022" version="636">
 <red-def:object object_ref="oval:com.redhat.rhsa:obj:20193513011"/>
 <red-def:state state_ref="oval:com.redhat.rhba:ste:20191992002"/>
</red-def:rpminfo_test>
<red-def:rpminfo_test check="at least one" comment="glibc-langpack-am is earlier than 0:2.28-72.el8" id="oval:com.redhat.rhsa:tst:20193513023" version="636">
 <red-def:object object_ref="oval:com.redhat.rhsa:obj:20193513012"/>
 <red-def:state state_ref="oval:com.redhat.rhsa:ste:20193513001"/>
</red-def:rpminfo_test>
<red-def:rpminfo_test check="at least one" comment="glibc-langpack-am is signed with Red Hat redhatrelease2 key" id="oval:com.redhat.rhsa:tst:20193513024" version="636">
 <red-def:object object_ref="oval:com.redhat.rhsa:obj:20193513012"/>
 <red-def:state state_ref="oval:com.redhat.rhba:ste:20191992002"/>
</red-def:rpminfo_test>
<red-def:rpminfo_test check="at least one" comment="glibc-langpack-an is earlier than 0:2.28-72.el8" id="oval:com.redhat.rhsa:tst:20193513025" version="636">
 <red-def:object object_ref="oval:com.redhat.rhsa:obj:20193513013"/>
 <red-def:state state_ref="oval:com.redhat.rhsa:ste:20193513001"/>
</red-def:rpminfo_test>
<red-def:rpminfo_test check="at least one" comment="glibc-langpack-an is signed with Red Hat redhatrelease2 key" id="oval:com.redhat.rhsa:tst:20193513026" version="636">
 <red-def:object object_ref="oval:com.redhat.rhsa:obj:20193513013"/>
 <red-def:state state_ref="oval:com.redhat.rhba:ste:20191992002"/>
</red-def:rpminfo_test>
<red-def:rpminfo_test check="at least one" comment="glibc-langpack-anp is earlier than 0:2.28-72.el8" id="oval:com.redhat.rhsa:tst:20193513027" version="636">
 <red-def:object object_ref="oval:com.redhat.rhsa:obj:20193513014"/>
 <red-def:state state_ref="oval:com.redhat.rhsa:ste:20193513001"/>
</red-def:rpminfo_test>
<red-def:rpminfo_test check="at least one" comment="glibc-langpack-anp is signed with Red Hat redhatrelease2 key" id="oval:com.redhat.rhsa:tst:20193513028" version="636">
 <red-def:object object_ref="oval:com.redhat.rhsa:obj:20193513014"/>
 <red-def:state state_ref="oval:com.redhat.rhba:ste:20191992002"/>
</red-def:rpminfo_test>
<red-def:rpminfo_test check="at least one" comment="glibc-langpack-ar is earlier than 0:2.28-72.el8" id="oval:com.redhat.rhsa:tst:20193513029" version="636">
 <red-def:object object_ref="oval:com.redhat.rhsa:obj:20193513015"/>
 <red-def:state state_ref="oval:com.redhat.rhsa:ste:20193513001"/>
</red-def:rpminfo_test>
<red-def:rpminfo_test check="at least one" comment="glibc-langpack-ar is signed with Red Hat redhatrelease2 key" id="oval:com.redhat.rhsa:tst:20193513030" version="636">
 <red-def:object object_ref="oval:com.redhat.rhsa:obj:20193513015"/>
 <red-def:state state_ref="oval:com.redhat.rhba:ste:20191992002"/>
</red-def:rpminfo_test>
<red-def:rpminfo_test check="at least one" comment="glibc-langpack-as is earlier than 0:2.28-72.el8" id="oval:com.redhat.rhsa:tst:20193513031" version="636">
 <red-def:object object_ref="oval:com.redhat.rhsa:obj:20193513016"/>
 <red-def:state state_ref="oval:com.redhat.rhsa:ste:20193513001"/>
</red-def:rpminfo_test>
<red-def:rpminfo_test check="at least one" comment="glibc-langpack-as is signed with Red Hat redhatrelease2 key" id="oval:com.redhat.rhsa:tst:20193513032" version="636">
 <red-def:object object_ref="oval:com.redhat.rhsa:obj:20193513016"/>
 <red-def:state state_ref="oval:com.redhat.rhba:ste:20191992002"/>
</red-def:rpminfo_test>
<red-def:rpminfo_test check="at least one" comment="glibc-langpack-ast is earlier than 0:2.28-72.el8" id="oval:com.redhat.rhsa:tst:20193513033" version="636">
 <red-def:object object_ref="oval:com.redhat.rhsa:obj:20193513017"/>
 <red-def:state state_ref="oval:com.redhat.rhsa:ste:20193513001"/>
</red-def:rpminfo_test>
<red-def:rpminfo_test check="at least one" comment="glibc-langpack-ast is signed with Red Hat redhatrelease2 key" id="oval:com.redhat.rhsa:tst:20193513034" version="636">
 <red-def:object object_ref="oval:com.redhat.rhsa:obj:20193513017"/>
 <red-def:state state_ref="oval:com.redhat.rhba:ste:20191992002"/>
</red-def:rpminfo_test>
<red-def:rpminfo_test check="at least one" comment="glibc-langpack-ayc is earlier than 0:2.28-72.el8" id="oval:com.redhat.rhsa:tst:20193513035" version="636">
 <red-def:object object_ref="oval:com.redhat.rhsa:obj:20193513018"/>
 <red-def:state state_ref="oval:com.redhat.rhsa:ste:20193513001"/>
</red-def:rpminfo_test>
<red-def:rpminfo_test check="at least one" comment="glibc-langpack-ayc is signed with Red Hat redhatrelease2 key" id="oval:com.redhat.rhsa:tst:20193513036" version="636">
 <red-def:object object_ref="oval:com.redhat.rhsa:obj:20193513018"/>
 <red-def:state state_ref="oval:com.redhat.rhba:ste:20191992002"/>
</red-def:rpminfo_test>
<red-def:rpminfo_test check="at least one" comment="glibc-langpack-az is earlier than 0:2.28-72.el8" id="oval:com.redhat.rhsa:tst:20193513037" version="636">
 <red-def:object object_ref="oval:com.redhat.rhsa:obj:20193513019"/>
 <red-def:state state_ref="oval:com.redhat.rhsa:ste:20193513001"/>
</red-def:rpminfo_test>
<red-def:rpminfo_test check="at least one" comment="glibc-langpack-az is signed with Red Hat redhatrelease2 key" id="oval:com.redhat.rhsa:tst:20193513038" version="636">
 <red-def:object object_ref="oval:com.redhat.rhsa:obj:20193513019"/>
 <red-def:state state_ref="oval:com.redhat.rhba:ste:20191992002"/>
</red-def:rpminfo_test>
<red-def:rpminfo_test check="at least one" comment="glibc-langpack-be is earlier than 0:2.28-72.el8" id="oval:com.redhat.rhsa:tst:20193513039" version="636">
 <red-def:object object_ref="oval:com.redhat.rhsa:obj:20193513020"/>
 <red-def:state state_ref="oval:com.redhat.rhsa:ste:20193513001"/>
</red-def:rpminfo_test>
<red-def:rpminfo_test check="at least one" comment="glibc-langpack-be is signed with Red Hat redhatrelease2 key" id="oval:com.redhat.rhsa:tst:20193513040" version="636">
 <red-def:object object_ref="oval:com.redhat.rhsa:obj:20193513020"/>
 <red-def:state state_ref="oval:com.redhat.rhba:ste:20191992002"/>
</red-def:rpminfo_test>
<red-def:rpminfo_test check="at least one" comment="glibc-langpack-bem is earlier than 0:2.28-72.el8" id="oval:com.redhat.rhsa:tst:20193513041" version="636">
 <red-def:object object_ref="oval:com.redhat.rhsa:obj:20193513021"/>
 <red-def:state state_ref="oval:com.redhat.rhsa:ste:20193513001"/>
</red-def:rpminfo_test>
<red-def:rpminfo_test check="at least one" comment="glibc-langpack-bem is signed with Red Hat redhatrelease2 key" id="oval:com.redhat.rhsa:tst:20193513042" version="636">
 <red-def:object object_ref="oval:com.redhat.rhsa:obj:20193513021"/>
 <red-def:state state_ref="oval:com.redhat.rhba:ste:20191992002"/>
</red-def:rpminfo_test>
<red-def:rpminfo_test check="at least one" comment="glibc-langpack-ber is earlier than 0:2.28-72.el8" id="oval:com.redhat.rhsa:tst:20193513043" version="636">
 <red-def:object object_ref="oval:com.redhat.rhsa:obj:20193513022"/>
 <red-def:state state_ref="oval:com.redhat.rhsa:ste:20193513001"/>
</red-def:rpminfo_test>
<red-def:rpminfo_test check="at least one" comment="glibc-langpack-ber is signed with Red Hat redhatrelease2 key" id="oval:com.redhat.rhsa:tst:20193513044" version="636">
 <red-def:object object_ref="oval:com.redhat.rhsa:obj:20193513022"/>
 <red-def:state state_ref="oval:com.redhat.rhba:ste:20191992002"/>
</red-def:rpminfo_test>
<red-def:rpminfo_test check="at least one" comment="glibc-langpack-bg is earlier than 0:2.28-72.el8" id="oval:com.redhat.rhsa:tst:20193513045" version="636">
 <red-def:object object_ref="oval:com.redhat.rhsa:obj:20193513023"/>
 <red-def:state state_ref="oval:com.redhat.rhsa:ste:20193513001"/>
</red-def:rpminfo_test>
<red-def:rpminfo_test check="at least one" comment="glibc-langpack-bg is signed with Red Hat redhatrelease2 key" id="oval:com.redhat.rhsa:tst:20193513046" version="636">
 <red-def:object object_ref="oval:com.redhat.rhsa:obj:20193513023"/>
 <red-def:state state_ref="oval:com.redhat.rhba:ste:20191992002"/>
</red-def:rpminfo_test>
<red-def:rpminfo_test check="at least one" comment="glibc-langpack-bhb is earlier than 0:2.28-72.el8" id="oval:com.redhat.rhsa:tst:20193513047" version="636">
 <red-def:object object_ref="oval:com.redhat.rhsa:obj:20193513024"/>
 <red-def:state state_ref="oval:com.redhat.rhsa:ste:20193513001"/>
</red-def:rpminfo_test>
<red-def:rpminfo_test check="at least one" comment="glibc-langpack-bhb is signed with Red Hat redhatrelease2 key" id="oval:com.redhat.rhsa:tst:20193513048" version="636">
 <red-def:object object_ref="oval:com.redhat.rhsa:obj:20193513024"/>
 <red-def:state state_ref="oval:com.redhat.rhba:ste:20191992002"/>
</red-def:rpminfo_test>
<red-def:rpminfo_test check="at least one" comment="glibc-langpack-bho is earlier than 0:2.28-72.el8" id="oval:com.redhat.rhsa:tst:20193513049" version="636">
 <red-def:object object_ref="oval:com.redhat.rhsa:obj:20193513025"/>
 <red-def:state state_ref="oval:com.redhat.rhsa:ste:20193513001"/>
</red-def:rpminfo_test>
<red-def:rpminfo_test check="at least one" comment="glibc-langpack-bho is signed with Red Hat redhatrelease2 key" id="oval:com.redhat.rhsa:tst:20193513050" version="636">
 <red-def:object object_ref="oval:com.redhat.rhsa:obj:20193513025"/>
 <red-def:state state_ref="oval:com.redhat.rhba:ste:20191992002"/>
</red-def:rpminfo_test>
<red-def:rpminfo_test check="at least one" comment="glibc-langpack-bi is earlier than 0:2.28-72.el8" id="oval:com.redhat.rhsa:tst:20193513051" version="636">
 <red-def:object object_ref="oval:com.redhat.rhsa:obj:20193513026"/>
 <red-def:state state_ref="oval:com.redhat.rhsa:ste:20193513001"/>
</red-def:rpminfo_test>
<red-def:rpminfo_test check="at least one" comment="glibc-langpack-bi is signed with Red Hat redhatrelease2 key" id="oval:com.redhat.rhsa:tst:20193513052" version="636">
 <red-def:object object_ref="oval:com.redhat.rhsa:obj:20193513026"/>
 <red-def:state state_ref="oval:com.redhat.rhba:ste:20191992002"/>
</red-def:rpminfo_test>
<red-def:rpminfo_test check="at least one" comment="glibc-langpack-bn is earlier than 0:2.28-72.el8" id="oval:com.redhat.rhsa:tst:20193513053" version="636">
 <red-def:object object_ref="oval:com.redhat.rhsa:obj:20193513027"/>
 <red-def:state state_ref="oval:com.redhat.rhsa:ste:20193513001"/>
</red-def:rpminfo_test>
<red-def:rpminfo_test check="at least one" comment="glibc-langpack-bn is signed with Red Hat redhatrelease2 key" id="oval:com.redhat.rhsa:tst:20193513054" version="636">
 <red-def:object object_ref="oval:com.redhat.rhsa:obj:20193513027"/>
 <red-def:state state_ref="oval:com.redhat.rhba:ste:20191992002"/>
</red-def:rpminfo_test>
<red-def:rpminfo_test check="at least one" comment="glibc-langpack-bo is earlier than 0:2.28-72.el8" id="oval:com.redhat.rhsa:tst:20193513055" version="636">
 <red-def:object object_ref="oval:com.redhat.rhsa:obj:20193513028"/>
 <red-def:state state_ref="oval:com.redhat.rhsa:ste:20193513001"/>
</red-def:rpminfo_test>
<red-def:rpminfo_test check="at least one" comment="glibc-langpack-bo is signed with Red Hat redhatrelease2 key" id="oval:com.redhat.rhsa:tst:20193513056" version="636">
 <red-def:object object_ref="oval:com.redhat.rhsa:obj:20193513028"/>
 <red-def:state state_ref="oval:com.redhat.rhba:ste:20191992002"/>
</red-def:rpminfo_test>
<red-def:rpminfo_test check="at least one" comment="glibc-langpack-br is earlier than 0:2.28-72.el8" id="oval:com.redhat.rhsa:tst:20193513057" version="636">
 <red-def:object object_ref="oval:com.redhat.rhsa:obj:20193513029"/>
 <red-def:state state_ref="oval:com.redhat.rhsa:ste:20193513001"/>
</red-def:rpminfo_test>
<red-def:rpminfo_test check="at least one" comment="glibc-langpack-br is signed with Red Hat redhatrelease2 key" id="oval:com.redhat.rhsa:tst:20193513058" version="636">
 <red-def:object object_ref="oval:com.redhat.rhsa:obj:20193513029"/>
 <red-def:state state_ref="oval:com.redhat.rhba:ste:20191992002"/>
</red-def:rpminfo_test>
<red-def:rpminfo_test check="at least one" comment="glibc-langpack-brx is earlier than 0:2.28-72.el8" id="oval:com.redhat.rhsa:tst:20193513059" version="636">
 <red-def:object object_ref="oval:com.redhat.rhsa:obj:20193513030"/>
 <red-def:state state_ref="oval:com.redhat.rhsa:ste:20193513001"/>
</red-def:rpminfo_test>
<red-def:rpminfo_test check="at least one" comment="glibc-langpack-brx is signed with Red Hat redhatrelease2 key" id="oval:com.redhat.rhsa:tst:20193513060" version="636">
 <red-def:object object_ref="oval:com.redhat.rhsa:obj:20193513030"/>
 <red-def:state state_ref="oval:com.redhat.rhba:ste:20191992002"/>
</red-def:rpminfo_test>
<red-def:rpminfo_test check="at least one" comment="glibc-langpack-bs is earlier than 0:2.28-72.el8" id="oval:com.redhat.rhsa:tst:20193513061" version="636">
 <red-def:object object_ref="oval:com.redhat.rhsa:obj:20193513031"/>
 <red-def:state state_ref="oval:com.redhat.rhsa:ste:20193513001"/>
</red-def:rpminfo_test>
<red-def:rpminfo_test check="at least one" comment="glibc-langpack-bs is signed with Red Hat redhatrelease2 key" id="oval:com.redhat.rhsa:tst:20193513062" version="636">
 <red-def:object object_ref="oval:com.redhat.rhsa:obj:20193513031"/>
 <red-def:state state_ref="oval:com.redhat.rhba:ste:20191992002"/>
</red-def:rpminfo_test>
<red-def:rpminfo_test check="at least one" comment="glibc-langpack-byn is earlier than 0:2.28-72.el8" id="oval:com.redhat.rhsa:tst:20193513063" version="636">
 <red-def:object object_ref="oval:com.redhat.rhsa:obj:20193513032"/>
 <red-def:state state_ref="oval:com.redhat.rhsa:ste:20193513001"/>
</red-def:rpminfo_test>
<red-def:rpminfo_test check="at least one" comment="glibc-langpack-byn is signed with Red Hat redhatrelease2 key" id="oval:com.redhat.rhsa:tst:20193513064" version="636">
 <red-def:object object_ref="oval:com.redhat.rhsa:obj:20193513032"/>
 <red-def:state state_ref="oval:com.redhat.rhba:ste:20191992002"/>
</red-def:rpminfo_test>
<red-def:rpminfo_test check="at least one" comment="glibc-langpack-ca is earlier than 0:2.28-72.el8" id="oval:com.redhat.rhsa:tst:20193513065" version="636">
 <red-def:object object_ref="oval:com.redhat.rhsa:obj:20193513033"/>
 <red-def:state state_ref="oval:com.redhat.rhsa:ste:20193513001"/>
</red-def:rpminfo_test>
<red-def:rpminfo_test check="at least one" comment="glibc-langpack-ca is signed with Red Hat redhatrelease2 key" id="oval:com.redhat.rhsa:tst:20193513066" version="636">
 <red-def:object object_ref="oval:com.redhat.rhsa:obj:20193513033"/>
 <red-def:state state_ref="oval:com.redhat.rhba:ste:20191992002"/>
</red-def:rpminfo_test>
<red-def:rpminfo_test check="at least one" comment="glibc-langpack-ce is earlier than 0:2.28-72.el8" id="oval:com.redhat.rhsa:tst:20193513067" version="636">
 <red-def:object object_ref="oval:com.redhat.rhsa:obj:20193513034"/>
 <red-def:state state_ref="oval:com.redhat.rhsa:ste:20193513001"/>
</red-def:rpminfo_test>
<red-def:rpminfo_test check="at least one" comment="glibc-langpack-ce is signed with Red Hat redhatrelease2 key" id="oval:com.redhat.rhsa:tst:20193513068" version="636">
 <red-def:object object_ref="oval:com.redhat.rhsa:obj:20193513034"/>
 <red-def:state state_ref="oval:com.redhat.rhba:ste:20191992002"/>
</red-def:rpminfo_test>
<red-def:rpminfo_test check="at least one" comment="glibc-langpack-chr is earlier than 0:2.28-72.el8" id="oval:com.redhat.rhsa:tst:20193513069" version="636">
 <red-def:object object_ref="oval:com.redhat.rhsa:obj:20193513035"/>
 <red-def:state state_ref="oval:com.redhat.rhsa:ste:20193513001"/>
</red-def:rpminfo_test>
<red-def:rpminfo_test check="at least one" comment="glibc-langpack-chr is signed with Red Hat redhatrelease2 key" id="oval:com.redhat.rhsa:tst:20193513070" version="636">
 <red-def:object object_ref="oval:com.redhat.rhsa:obj:20193513035"/>
 <red-def:state state_ref="oval:com.redhat.rhba:ste:20191992002"/>
</red-def:rpminfo_test>
<red-def:rpminfo_test check="at least one" comment="glibc-langpack-cmn is earlier than 0:2.28-72.el8" id="oval:com.redhat.rhsa:tst:20193513071" version="636">
 <red-def:object object_ref="oval:com.redhat.rhsa:obj:20193513036"/>
 <red-def:state state_ref="oval:com.redhat.rhsa:ste:20193513001"/>
</red-def:rpminfo_test>
<red-def:rpminfo_test check="at least one" comment="glibc-langpack-cmn is signed with Red Hat redhatrelease2 key" id="oval:com.redhat.rhsa:tst:20193513072" version="636">
 <red-def:object object_ref="oval:com.redhat.rhsa:obj:20193513036"/>
 <red-def:state state_ref="oval:com.redhat.rhba:ste:20191992002"/>
</red-def:rpminfo_test>
<red-def:rpminfo_test check="at least one" comment="glibc-langpack-crh is earlier than 0:2.28-72.el8" id="oval:com.redhat.rhsa:tst:20193513073" version="636">
 <red-def:object object_ref="oval:com.redhat.rhsa:obj:20193513037"/>
 <red-def:state state_ref="oval:com.redhat.rhsa:ste:20193513001"/>
</red-def:rpminfo_test>
<red-def:rpminfo_test check="at least one" comment="glibc-langpack-crh is signed with Red Hat redhatrelease2 key" id="oval:com.redhat.rhsa:tst:20193513074" version="636">
 <red-def:object object_ref="oval:com.redhat.rhsa:obj:20193513037"/>
 <red-def:state state_ref="oval:com.redhat.rhba:ste:20191992002"/>
</red-def:rpminfo_test>
<red-def:rpminfo_test check="at least one" comment="glibc-langpack-cs is earlier than 0:2.28-72.el8" id="oval:com.redhat.rhsa:tst:20193513075" version="636">
 <red-def:object object_ref="oval:com.redhat.rhsa:obj:20193513038"/>
 <red-def:state state_ref="oval:com.redhat.rhsa:ste:20193513001"/>
</red-def:rpminfo_test>
<red-def:rpminfo_test check="at least one" comment="glibc-langpack-cs is signed with Red Hat redhatrelease2 key" id="oval:com.redhat.rhsa:tst:20193513076" version="636">
 <red-def:object object_ref="oval:com.redhat.rhsa:obj:20193513038"/>
 <red-def:state state_ref="oval:com.redhat.rhba:ste:20191992002"/>
</red-def:rpminfo_test>
<red-def:rpminfo_test check="at least one" comment="glibc-langpack-csb is earlier than 0:2.28-72.el8" id="oval:com.redhat.rhsa:tst:20193513077" version="636">
 <red-def:object object_ref="oval:com.redhat.rhsa:obj:20193513039"/>
 <red-def:state state_ref="oval:com.redhat.rhsa:ste:20193513001"/>
</red-def:rpminfo_test>
<red-def:rpminfo_test check="at least one" comment="glibc-langpack-csb is signed with Red Hat redhatrelease2 key" id="oval:com.redhat.rhsa:tst:20193513078" version="636">
 <red-def:object object_ref="oval:com.redhat.rhsa:obj:20193513039"/>
 <red-def:state state_ref="oval:com.redhat.rhba:ste:20191992002"/>
</red-def:rpminfo_test>
<red-def:rpminfo_test check="at least one" comment="glibc-langpack-cv is earlier than 0:2.28-72.el8" id="oval:com.redhat.rhsa:tst:20193513079" version="636">
 <red-def:object object_ref="oval:com.redhat.rhsa:obj:20193513040"/>
 <red-def:state state_ref="oval:com.redhat.rhsa:ste:20193513001"/>
</red-def:rpminfo_test>
<red-def:rpminfo_test check="at least one" comment="glibc-langpack-cv is signed with Red Hat redhatrelease2 key" id="oval:com.redhat.rhsa:tst:20193513080" version="636">
 <red-def:object object_ref="oval:com.redhat.rhsa:obj:20193513040"/>
 <red-def:state state_ref="oval:com.redhat.rhba:ste:20191992002"/>
</red-def:rpminfo_test>
<red-def:rpminfo_test check="at least one" comment="glibc-langpack-cy is earlier than 0:2.28-72.el8" id="oval:com.redhat.rhsa:tst:20193513081" version="636">
 <red-def:object object_ref="oval:com.redhat.rhsa:obj:20193513041"/>
 <red-def:state state_ref="oval:com.redhat.rhsa:ste:20193513001"/>
</red-def:rpminfo_test>
<red-def:rpminfo_test check="at least one" comment="glibc-langpack-cy is signed with Red Hat redhatrelease2 key" id="oval:com.redhat.rhsa:tst:20193513082" version="636">
 <red-def:object object_ref="oval:com.redhat.rhsa:obj:20193513041"/>
 <red-def:state state_ref="oval:com.redhat.rhba:ste:20191992002"/>
</red-def:rpminfo_test>
<red-def:rpminfo_test check="at least one" comment="glibc-langpack-da is earlier than 0:2.28-72.el8" id="oval:com.redhat.rhsa:tst:20193513083" version="636">
 <red-def:object object_ref="oval:com.redhat.rhsa:obj:20193513042"/>
 <red-def:state state_ref="oval:com.redhat.rhsa:ste:20193513001"/>
</red-def:rpminfo_test>
<red-def:rpminfo_test check="at least one" comment="glibc-langpack-da is signed with Red Hat redhatrelease2 key" id="oval:com.redhat.rhsa:tst:20193513084" version="636">
 <red-def:object object_ref="oval:com.redhat.rhsa:obj:20193513042"/>
 <red-def:state state_ref="oval:com.redhat.rhba:ste:20191992002"/>
</red-def:rpminfo_test>
<red-def:rpminfo_test check="at least one" comment="glibc-langpack-de is earlier than 0:2.28-72.el8" id="oval:com.redhat.rhsa:tst:20193513085" version="636">
 <red-def:object object_ref="oval:com.redhat.rhsa:obj:20193513043"/>
 <red-def:state state_ref="oval:com.redhat.rhsa:ste:20193513001"/>
</red-def:rpminfo_test>
<red-def:rpminfo_test check="at least one" comment="glibc-langpack-de is signed with Red Hat redhatrelease2 key" id="oval:com.redhat.rhsa:tst:20193513086" version="636">
 <red-def:object object_ref="oval:com.redhat.rhsa:obj:20193513043"/>
 <red-def:state state_ref="oval:com.redhat.rhba:ste:20191992002"/>
</red-def:rpminfo_test>
<red-def:rpminfo_test check="at least one" comment="glibc-langpack-doi is earlier than 0:2.28-72.el8" id="oval:com.redhat.rhsa:tst:20193513087" version="636">
 <red-def:object object_ref="oval:com.redhat.rhsa:obj:20193513044"/>
 <red-def:state state_ref="oval:com.redhat.rhsa:ste:20193513001"/>
</red-def:rpminfo_test>
<red-def:rpminfo_test check="at least one" comment="glibc-langpack-doi is signed with Red Hat redhatrelease2 key" id="oval:com.redhat.rhsa:tst:20193513088" version="636">
 <red-def:object object_ref="oval:com.redhat.rhsa:obj:20193513044"/>
 <red-def:state state_ref="oval:com.redhat.rhba:ste:20191992002"/>
</red-def:rpminfo_test>
<red-def:rpminfo_test check="at least one" comment="glibc-langpack-dsb is earlier than 0:2.28-72.el8" id="oval:com.redhat.rhsa:tst:20193513089" version="636">
 <red-def:object object_ref="oval:com.redhat.rhsa:obj:20193513045"/>
 <red-def:state state_ref="oval:com.redhat.rhsa:ste:20193513001"/>
</red-def:rpminfo_test>
<red-def:rpminfo_test check="at least one" comment="glibc-langpack-dsb is signed with Red Hat redhatrelease2 key" id="oval:com.redhat.rhsa:tst:20193513090" version="636">
 <red-def:object object_ref="oval:com.redhat.rhsa:obj:20193513045"/>
 <red-def:state state_ref="oval:com.redhat.rhba:ste:20191992002"/>
</red-def:rpminfo_test>
<red-def:rpminfo_test check="at least one" comment="glibc-langpack-dv is earlier than 0:2.28-72.el8" id="oval:com.redhat.rhsa:tst:20193513091" version="636">
 <red-def:object object_ref="oval:com.redhat.rhsa:obj:20193513046"/>
 <red-def:state state_ref="oval:com.redhat.rhsa:ste:20193513001"/>
</red-def:rpminfo_test>
<red-def:rpminfo_test check="at least one" comment="glibc-langpack-dv is signed with Red Hat redhatrelease2 key" id="oval:com.redhat.rhsa:tst:20193513092" version="636">
 <red-def:object object_ref="oval:com.redhat.rhsa:obj:20193513046"/>
 <red-def:state state_ref="oval:com.redhat.rhba:ste:20191992002"/>
</red-def:rpminfo_test>
<red-def:rpminfo_test check="at least one" comment="glibc-langpack-dz is earlier than 0:2.28-72.el8" id="oval:com.redhat.rhsa:tst:20193513093" version="636">
 <red-def:object object_ref="oval:com.redhat.rhsa:obj:20193513047"/>
 <red-def:state state_ref="oval:com.redhat.rhsa:ste:20193513001"/>
</red-def:rpminfo_test>
<red-def:rpminfo_test check="at least one" comment="glibc-langpack-dz is signed with Red Hat redhatrelease2 key" id="oval:com.redhat.rhsa:tst:20193513094" version="636">
 <red-def:object object_ref="oval:com.redhat.rhsa:obj:20193513047"/>
 <red-def:state state_ref="oval:com.redhat.rhba:ste:20191992002"/>
</red-def:rpminfo_test>
<red-def:rpminfo_test check="at least one" comment="glibc-langpack-el is earlier than 0:2.28-72.el8" id="oval:com.redhat.rhsa:tst:20193513095" version="636">
 <red-def:object object_ref="oval:com.redhat.rhsa:obj:20193513048"/>
 <red-def:state state_ref="oval:com.redhat.rhsa:ste:20193513001"/>
</red-def:rpminfo_test>
<red-def:rpminfo_test check="at least one" comment="glibc-langpack-el is signed with Red Hat redhatrelease2 key" id="oval:com.redhat.rhsa:tst:20193513096" version="636">
 <red-def:object object_ref="oval:com.redhat.rhsa:obj:20193513048"/>
 <red-def:state state_ref="oval:com.redhat.rhba:ste:20191992002"/>
</red-def:rpminfo_test>
<red-def:rpminfo_test check="at least one" comment="glibc-langpack-en is earlier than 0:2.28-72.el8" id="oval:com.redhat.rhsa:tst:20193513097" version="636">
 <red-def:object object_ref="oval:com.redhat.rhsa:obj:20193513049"/>
 <red-def:state state_ref="oval:com.redhat.rhsa:ste:20193513001"/>
</red-def:rpminfo_test>
<red-def:rpminfo_test check="at least one" comment="glibc-langpack-en is signed with Red Hat redhatrelease2 key" id="oval:com.redhat.rhsa:tst:20193513098" version="636">
 <red-def:object object_ref="oval:com.redhat.rhsa:obj:20193513049"/>
 <red-def:state state_ref="oval:com.redhat.rhba:ste:20191992002"/>
</red-def:rpminfo_test>
<red-def:rpminfo_test check="at least one" comment="glibc-langpack-eo is earlier than 0:2.28-72.el8" id="oval:com.redhat.rhsa:tst:20193513099" version="636">
 <red-def:object object_ref="oval:com.redhat.rhsa:obj:20193513050"/>
 <red-def:state state_ref="oval:com.redhat.rhsa:ste:20193513001"/>
</red-def:rpminfo_test>
<red-def:rpminfo_test check="at least one" comment="glibc-langpack-eo is signed with Red Hat redhatrelease2 key" id="oval:com.redhat.rhsa:tst:20193513100" version="636">
 <red-def:object object_ref="oval:com.redhat.rhsa:obj:20193513050"/>
 <red-def:state state_ref="oval:com.redhat.rhba:ste:20191992002"/>
</red-def:rpminfo_test>
<red-def:rpminfo_test check="at least one" comment="glibc-langpack-es is earlier than 0:2.28-72.el8" id="oval:com.redhat.rhsa:tst:20193513101" version="636">
 <red-def:object object_ref="oval:com.redhat.rhsa:obj:20193513051"/>
 <red-def:state state_ref="oval:com.redhat.rhsa:ste:20193513001"/>
</red-def:rpminfo_test>
<red-def:rpminfo_test check="at least one" comment="glibc-langpack-es is signed with Red Hat redhatrelease2 key" id="oval:com.redhat.rhsa:tst:20193513102" version="636">
 <red-def:object object_ref="oval:com.redhat.rhsa:obj:20193513051"/>
 <red-def:state state_ref="oval:com.redhat.rhba:ste:20191992002"/>
</red-def:rpminfo_test>
<red-def:rpminfo_test check="at least one" comment="glibc-langpack-et is earlier than 0:2.28-72.el8" id="oval:com.redhat.rhsa:tst:20193513103" version="636">
 <red-def:object object_ref="oval:com.redhat.rhsa:obj:20193513052"/>
 <red-def:state state_ref="oval:com.redhat.rhsa:ste:20193513001"/>
</red-def:rpminfo_test>
<red-def:rpminfo_test check="at least one" comment="glibc-langpack-et is signed with Red Hat redhatrelease2 key" id="oval:com.redhat.rhsa:tst:20193513104" version="636">
 <red-def:object object_ref="oval:com.redhat.rhsa:obj:20193513052"/>
 <red-def:state state_ref="oval:com.redhat.rhba:ste:20191992002"/>
</red-def:rpminfo_test>
<red-def:rpminfo_test check="at least one" comment="glibc-langpack-eu is earlier than 0:2.28-72.el8" id="oval:com.redhat.rhsa:tst:20193513105" version="636">
 <red-def:object object_ref="oval:com.redhat.rhsa:obj:20193513053"/>
 <red-def:state state_ref="oval:com.redhat.rhsa:ste:20193513001"/>
</red-def:rpminfo_test>
<red-def:rpminfo_test check="at least one" comment="glibc-langpack-eu is signed with Red Hat redhatrelease2 key" id="oval:com.redhat.rhsa:tst:20193513106" version="636">
 <red-def:object object_ref="oval:com.redhat.rhsa:obj:20193513053"/>
 <red-def:state state_ref="oval:com.redhat.rhba:ste:20191992002"/>
</red-def:rpminfo_test>
<red-def:rpminfo_test check="at least one" comment="glibc-langpack-fa is earlier than 0:2.28-72.el8" id="oval:com.redhat.rhsa:tst:20193513107" version="636">
 <red-def:object object_ref="oval:com.redhat.rhsa:obj:20193513054"/>
 <red-def:state state_ref="oval:com.redhat.rhsa:ste:20193513001"/>
</red-def:rpminfo_test>
<red-def:rpminfo_test check="at least one" comment="glibc-langpack-fa is signed with Red Hat redhatrelease2 key" id="oval:com.redhat.rhsa:tst:20193513108" version="636">
 <red-def:object object_ref="oval:com.redhat.rhsa:obj:20193513054"/>
 <red-def:state state_ref="oval:com.redhat.rhba:ste:20191992002"/>
</red-def:rpminfo_test>
<red-def:rpminfo_test check="at least one" comment="glibc-langpack-ff is earlier than 0:2.28-72.el8" id="oval:com.redhat.rhsa:tst:20193513109" version="636">
 <red-def:object object_ref="oval:com.redhat.rhsa:obj:20193513055"/>
 <red-def:state state_ref="oval:com.redhat.rhsa:ste:20193513001"/>
</red-def:rpminfo_test>
<red-def:rpminfo_test check="at least one" comment="glibc-langpack-ff is signed with Red Hat redhatrelease2 key" id="oval:com.redhat.rhsa:tst:20193513110" version="636">
 <red-def:object object_ref="oval:com.redhat.rhsa:obj:20193513055"/>
 <red-def:state state_ref="oval:com.redhat.rhba:ste:20191992002"/>
</red-def:rpminfo_test>
<red-def:rpminfo_test check="at least one" comment="glibc-langpack-fi is earlier than 0:2.28-72.el8" id="oval:com.redhat.rhsa:tst:20193513111" version="636">
 <red-def:object object_ref="oval:com.redhat.rhsa:obj:20193513056"/>
 <red-def:state state_ref="oval:com.redhat.rhsa:ste:20193513001"/>
</red-def:rpminfo_test>
<red-def:rpminfo_test check="at least one" comment="glibc-langpack-fi is signed with Red Hat redhatrelease2 key" id="oval:com.redhat.rhsa:tst:20193513112" version="636">
 <red-def:object object_ref="oval:com.redhat.rhsa:obj:20193513056"/>
 <red-def:state state_ref="oval:com.redhat.rhba:ste:20191992002"/>
</red-def:rpminfo_test>
<red-def:rpminfo_test check="at least one" comment="glibc-langpack-fil is earlier than 0:2.28-72.el8" id="oval:com.redhat.rhsa:tst:20193513113" version="636">
 <red-def:object object_ref="oval:com.redhat.rhsa:obj:20193513057"/>
 <red-def:state state_ref="oval:com.redhat.rhsa:ste:20193513001"/>
</red-def:rpminfo_test>
<red-def:rpminfo_test check="at least one" comment="glibc-langpack-fil is signed with Red Hat redhatrelease2 key" id="oval:com.redhat.rhsa:tst:20193513114" version="636">
 <red-def:object object_ref="oval:com.redhat.rhsa:obj:20193513057"/>
 <red-def:state state_ref="oval:com.redhat.rhba:ste:20191992002"/>
</red-def:rpminfo_test>
<red-def:rpminfo_test check="at least one" comment="glibc-langpack-fo is earlier than 0:2.28-72.el8" id="oval:com.redhat.rhsa:tst:20193513115" version="636">
 <red-def:object object_ref="oval:com.redhat.rhsa:obj:20193513058"/>
 <red-def:state state_ref="oval:com.redhat.rhsa:ste:20193513001"/>
</red-def:rpminfo_test>
<red-def:rpminfo_test check="at least one" comment="glibc-langpack-fo is signed with Red Hat redhatrelease2 key" id="oval:com.redhat.rhsa:tst:20193513116" version="636">
 <red-def:object object_ref="oval:com.redhat.rhsa:obj:20193513058"/>
 <red-def:state state_ref="oval:com.redhat.rhba:ste:20191992002"/>
</red-def:rpminfo_test>
<red-def:rpminfo_test check="at least one" comment="glibc-langpack-fr is earlier than 0:2.28-72.el8" id="oval:com.redhat.rhsa:tst:20193513117" version="636">
 <red-def:object object_ref="oval:com.redhat.rhsa:obj:20193513059"/>
 <red-def:state state_ref="oval:com.redhat.rhsa:ste:20193513001"/>
</red-def:rpminfo_test>
<red-def:rpminfo_test check="at least one" comment="glibc-langpack-fr is signed with Red Hat redhatrelease2 key" id="oval:com.redhat.rhsa:tst:20193513118" version="636">
 <red-def:object object_ref="oval:com.redhat.rhsa:obj:20193513059"/>
 <red-def:state state_ref="oval:com.redhat.rhba:ste:20191992002"/>
</red-def:rpminfo_test>
<red-def:rpminfo_test check="at least one" comment="glibc-langpack-fur is earlier than 0:2.28-72.el8" id="oval:com.redhat.rhsa:tst:20193513119" version="636">
 <red-def:object object_ref="oval:com.redhat.rhsa:obj:20193513060"/>
 <red-def:state state_ref="oval:com.redhat.rhsa:ste:20193513001"/>
</red-def:rpminfo_test>
<red-def:rpminfo_test check="at least one" comment="glibc-langpack-fur is signed with Red Hat redhatrelease2 key" id="oval:com.redhat.rhsa:tst:20193513120" version="636">
 <red-def:object object_ref="oval:com.redhat.rhsa:obj:20193513060"/>
 <red-def:state state_ref="oval:com.redhat.rhba:ste:20191992002"/>
</red-def:rpminfo_test>
<red-def:rpminfo_test check="at least one" comment="glibc-langpack-fy is earlier than 0:2.28-72.el8" id="oval:com.redhat.rhsa:tst:20193513121" version="636">
 <red-def:object object_ref="oval:com.redhat.rhsa:obj:20193513061"/>
 <red-def:state state_ref="oval:com.redhat.rhsa:ste:20193513001"/>
</red-def:rpminfo_test>
<red-def:rpminfo_test check="at least one" comment="glibc-langpack-fy is signed with Red Hat redhatrelease2 key" id="oval:com.redhat.rhsa:tst:20193513122" version="636">
 <red-def:object object_ref="oval:com.redhat.rhsa:obj:20193513061"/>
 <red-def:state state_ref="oval:com.redhat.rhba:ste:20191992002"/>
</red-def:rpminfo_test>
<red-def:rpminfo_test check="at least one" comment="glibc-langpack-ga is earlier than 0:2.28-72.el8" id="oval:com.redhat.rhsa:tst:20193513123" version="636">
 <red-def:object object_ref="oval:com.redhat.rhsa:obj:20193513062"/>
 <red-def:state state_ref="oval:com.redhat.rhsa:ste:20193513001"/>
</red-def:rpminfo_test>
<red-def:rpminfo_test check="at least one" comment="glibc-langpack-ga is signed with Red Hat redhatrelease2 key" id="oval:com.redhat.rhsa:tst:20193513124" version="636">
 <red-def:object object_ref="oval:com.redhat.rhsa:obj:20193513062"/>
 <red-def:state state_ref="oval:com.redhat.rhba:ste:20191992002"/>
</red-def:rpminfo_test>
<red-def:rpminfo_test check="at least one" comment="glibc-langpack-gd is earlier than 0:2.28-72.el8" id="oval:com.redhat.rhsa:tst:20193513125" version="636">
 <red-def:object object_ref="oval:com.redhat.rhsa:obj:20193513063"/>
 <red-def:state state_ref="oval:com.redhat.rhsa:ste:20193513001"/>
</red-def:rpminfo_test>
<red-def:rpminfo_test check="at least one" comment="glibc-langpack-gd is signed with Red Hat redhatrelease2 key" id="oval:com.redhat.rhsa:tst:20193513126" version="636">
 <red-def:object object_ref="oval:com.redhat.rhsa:obj:20193513063"/>
 <red-def:state state_ref="oval:com.redhat.rhba:ste:20191992002"/>
</red-def:rpminfo_test>
<red-def:rpminfo_test check="at least one" comment="glibc-langpack-gez is earlier than 0:2.28-72.el8" id="oval:com.redhat.rhsa:tst:20193513127" version="636">
 <red-def:object object_ref="oval:com.redhat.rhsa:obj:20193513064"/>
 <red-def:state state_ref="oval:com.redhat.rhsa:ste:20193513001"/>
</red-def:rpminfo_test>
<red-def:rpminfo_test check="at least one" comment="glibc-langpack-gez is signed with Red Hat redhatrelease2 key" id="oval:com.redhat.rhsa:tst:20193513128" version="636">
 <red-def:object object_ref="oval:com.redhat.rhsa:obj:20193513064"/>
 <red-def:state state_ref="oval:com.redhat.rhba:ste:20191992002"/>
</red-def:rpminfo_test>
<red-def:rpminfo_test check="at least one" comment="glibc-langpack-gl is earlier than 0:2.28-72.el8" id="oval:com.redhat.rhsa:tst:20193513129" version="636">
 <red-def:object object_ref="oval:com.redhat.rhsa:obj:20193513065"/>
 <red-def:state state_ref="oval:com.redhat.rhsa:ste:20193513001"/>
</red-def:rpminfo_test>
<red-def:rpminfo_test check="at least one" comment="glibc-langpack-gl is signed with Red Hat redhatrelease2 key" id="oval:com.redhat.rhsa:tst:20193513130" version="636">
 <red-def:object object_ref="oval:com.redhat.rhsa:obj:20193513065"/>
 <red-def:state state_ref="oval:com.redhat.rhba:ste:20191992002"/>
</red-def:rpminfo_test>
<red-def:rpminfo_test check="at least one" comment="glibc-langpack-gu is earlier than 0:2.28-72.el8" id="oval:com.redhat.rhsa:tst:20193513131" version="636">
 <red-def:object object_ref="oval:com.redhat.rhsa:obj:20193513066"/>
 <red-def:state state_ref="oval:com.redhat.rhsa:ste:20193513001"/>
</red-def:rpminfo_test>
<red-def:rpminfo_test check="at least one" comment="glibc-langpack-gu is signed with Red Hat redhatrelease2 key" id="oval:com.redhat.rhsa:tst:20193513132" version="636">
 <red-def:object object_ref="oval:com.redhat.rhsa:obj:20193513066"/>
 <red-def:state state_ref="oval:com.redhat.rhba:ste:20191992002"/>
</red-def:rpminfo_test>
<red-def:rpminfo_test check="at least one" comment="glibc-langpack-gv is earlier than 0:2.28-72.el8" id="oval:com.redhat.rhsa:tst:20193513133" version="636">
 <red-def:object object_ref="oval:com.redhat.rhsa:obj:20193513067"/>
 <red-def:state state_ref="oval:com.redhat.rhsa:ste:20193513001"/>
</red-def:rpminfo_test>
<red-def:rpminfo_test check="at least one" comment="glibc-langpack-gv is signed with Red Hat redhatrelease2 key" id="oval:com.redhat.rhsa:tst:20193513134" version="636">
 <red-def:object object_ref="oval:com.redhat.rhsa:obj:20193513067"/>
 <red-def:state state_ref="oval:com.redhat.rhba:ste:20191992002"/>
</red-def:rpminfo_test>
<red-def:rpminfo_test check="at least one" comment="glibc-langpack-ha is earlier than 0:2.28-72.el8" id="oval:com.redhat.rhsa:tst:20193513135" version="636">
 <red-def:object object_ref="oval:com.redhat.rhsa:obj:20193513068"/>
 <red-def:state state_ref="oval:com.redhat.rhsa:ste:20193513001"/>
</red-def:rpminfo_test>
<red-def:rpminfo_test check="at least one" comment="glibc-langpack-ha is signed with Red Hat redhatrelease2 key" id="oval:com.redhat.rhsa:tst:20193513136" version="636">
 <red-def:object object_ref="oval:com.redhat.rhsa:obj:20193513068"/>
 <red-def:state state_ref="oval:com.redhat.rhba:ste:20191992002"/>
</red-def:rpminfo_test>
<red-def:rpminfo_test check="at least one" comment="glibc-langpack-hak is earlier than 0:2.28-72.el8" id="oval:com.redhat.rhsa:tst:20193513137" version="636">
 <red-def:object object_ref="oval:com.redhat.rhsa:obj:20193513069"/>
 <red-def:state state_ref="oval:com.redhat.rhsa:ste:20193513001"/>
</red-def:rpminfo_test>
<red-def:rpminfo_test check="at least one" comment="glibc-langpack-hak is signed with Red Hat redhatrelease2 key" id="oval:com.redhat.rhsa:tst:20193513138" version="636">
 <red-def:object object_ref="oval:com.redhat.rhsa:obj:20193513069"/>
 <red-def:state state_ref="oval:com.redhat.rhba:ste:20191992002"/>
</red-def:rpminfo_test>
<red-def:rpminfo_test check="at least one" comment="glibc-langpack-he is earlier than 0:2.28-72.el8" id="oval:com.redhat.rhsa:tst:20193513139" version="636">
 <red-def:object object_ref="oval:com.redhat.rhsa:obj:20193513070"/>
 <red-def:state state_ref="oval:com.redhat.rhsa:ste:20193513001"/>
</red-def:rpminfo_test>
<red-def:rpminfo_test check="at least one" comment="glibc-langpack-he is signed with Red Hat redhatrelease2 key" id="oval:com.redhat.rhsa:tst:20193513140" version="636">
 <red-def:object object_ref="oval:com.redhat.rhsa:obj:20193513070"/>
 <red-def:state state_ref="oval:com.redhat.rhba:ste:20191992002"/>
</red-def:rpminfo_test>
<red-def:rpminfo_test check="at least one" comment="glibc-langpack-hi is earlier than 0:2.28-72.el8" id="oval:com.redhat.rhsa:tst:20193513141" version="636">
 <red-def:object object_ref="oval:com.redhat.rhsa:obj:20193513071"/>
 <red-def:state state_ref="oval:com.redhat.rhsa:ste:20193513001"/>
</red-def:rpminfo_test>
<red-def:rpminfo_test check="at least one" comment="glibc-langpack-hi is signed with Red Hat redhatrelease2 key" id="oval:com.redhat.rhsa:tst:20193513142" version="636">
 <red-def:object object_ref="oval:com.redhat.rhsa:obj:20193513071"/>
 <red-def:state state_ref="oval:com.redhat.rhba:ste:20191992002"/>
</red-def:rpminfo_test>
<red-def:rpminfo_test check="at least one" comment="glibc-langpack-hif is earlier than 0:2.28-72.el8" id="oval:com.redhat.rhsa:tst:20193513143" version="636">
 <red-def:object object_ref="oval:com.redhat.rhsa:obj:20193513072"/>
 <red-def:state state_ref="oval:com.redhat.rhsa:ste:20193513001"/>
</red-def:rpminfo_test>
<red-def:rpminfo_test check="at least one" comment="glibc-langpack-hif is signed with Red Hat redhatrelease2 key" id="oval:com.redhat.rhsa:tst:20193513144" version="636">
 <red-def:object object_ref="oval:com.redhat.rhsa:obj:20193513072"/>
 <red-def:state state_ref="oval:com.redhat.rhba:ste:20191992002"/>
</red-def:rpminfo_test>
<red-def:rpminfo_test check="at least one" comment="glibc-langpack-hne is earlier than 0:2.28-72.el8" id="oval:com.redhat.rhsa:tst:20193513145" version="636">
 <red-def:object object_ref="oval:com.redhat.rhsa:obj:20193513073"/>
 <red-def:state state_ref="oval:com.redhat.rhsa:ste:20193513001"/>
</red-def:rpminfo_test>
<red-def:rpminfo_test check="at least one" comment="glibc-langpack-hne is signed with Red Hat redhatrelease2 key" id="oval:com.redhat.rhsa:tst:20193513146" version="636">
 <red-def:object object_ref="oval:com.redhat.rhsa:obj:20193513073"/>
 <red-def:state state_ref="oval:com.redhat.rhba:ste:20191992002"/>
</red-def:rpminfo_test>
<red-def:rpminfo_test check="at least one" comment="glibc-langpack-hr is earlier than 0:2.28-72.el8" id="oval:com.redhat.rhsa:tst:20193513147" version="636">
 <red-def:object object_ref="oval:com.redhat.rhsa:obj:20193513074"/>
 <red-def:state state_ref="oval:com.redhat.rhsa:ste:20193513001"/>
</red-def:rpminfo_test>
<red-def:rpminfo_test check="at least one" comment="glibc-langpack-hr is signed with Red Hat redhatrelease2 key" id="oval:com.redhat.rhsa:tst:20193513148" version="636">
 <red-def:object object_ref="oval:com.redhat.rhsa:obj:20193513074"/>
 <red-def:state state_ref="oval:com.redhat.rhba:ste:20191992002"/>
</red-def:rpminfo_test>
<red-def:rpminfo_test check="at least one" comment="glibc-langpack-hsb is earlier than 0:2.28-72.el8" id="oval:com.redhat.rhsa:tst:20193513149" version="636">
 <red-def:object object_ref="oval:com.redhat.rhsa:obj:20193513075"/>
 <red-def:state state_ref="oval:com.redhat.rhsa:ste:20193513001"/>
</red-def:rpminfo_test>
<red-def:rpminfo_test check="at least one" comment="glibc-langpack-hsb is signed with Red Hat redhatrelease2 key" id="oval:com.redhat.rhsa:tst:20193513150" version="636">
 <red-def:object object_ref="oval:com.redhat.rhsa:obj:20193513075"/>
 <red-def:state state_ref="oval:com.redhat.rhba:ste:20191992002"/>
</red-def:rpminfo_test>
<red-def:rpminfo_test check="at least one" comment="glibc-langpack-ht is earlier than 0:2.28-72.el8" id="oval:com.redhat.rhsa:tst:20193513151" version="636">
 <red-def:object object_ref="oval:com.redhat.rhsa:obj:20193513076"/>
 <red-def:state state_ref="oval:com.redhat.rhsa:ste:20193513001"/>
</red-def:rpminfo_test>
<red-def:rpminfo_test check="at least one" comment="glibc-langpack-ht is signed with Red Hat redhatrelease2 key" id="oval:com.redhat.rhsa:tst:20193513152" version="636">
 <red-def:object object_ref="oval:com.redhat.rhsa:obj:20193513076"/>
 <red-def:state state_ref="oval:com.redhat.rhba:ste:20191992002"/>
</red-def:rpminfo_test>
<red-def:rpminfo_test check="at least one" comment="glibc-langpack-hu is earlier than 0:2.28-72.el8" id="oval:com.redhat.rhsa:tst:20193513153" version="636">
 <red-def:object object_ref="oval:com.redhat.rhsa:obj:20193513077"/>
 <red-def:state state_ref="oval:com.redhat.rhsa:ste:20193513001"/>
</red-def:rpminfo_test>
<red-def:rpminfo_test check="at least one" comment="glibc-langpack-hu is signed with Red Hat redhatrelease2 key" id="oval:com.redhat.rhsa:tst:20193513154" version="636">
 <red-def:object object_ref="oval:com.redhat.rhsa:obj:20193513077"/>
 <red-def:state state_ref="oval:com.redhat.rhba:ste:20191992002"/>
</red-def:rpminfo_test>
<red-def:rpminfo_test check="at least one" comment="glibc-langpack-hy is earlier than 0:2.28-72.el8" id="oval:com.redhat.rhsa:tst:20193513155" version="636">
 <red-def:object object_ref="oval:com.redhat.rhsa:obj:20193513078"/>
 <red-def:state state_ref="oval:com.redhat.rhsa:ste:20193513001"/>
</red-def:rpminfo_test>
<red-def:rpminfo_test check="at least one" comment="glibc-langpack-hy is signed with Red Hat redhatrelease2 key" id="oval:com.redhat.rhsa:tst:20193513156" version="636">
 <red-def:object object_ref="oval:com.redhat.rhsa:obj:20193513078"/>
 <red-def:state state_ref="oval:com.redhat.rhba:ste:20191992002"/>
</red-def:rpminfo_test>
<red-def:rpminfo_test check="at least one" comment="glibc-langpack-ia is earlier than 0:2.28-72.el8" id="oval:com.redhat.rhsa:tst:20193513157" version="636">
 <red-def:object object_ref="oval:com.redhat.rhsa:obj:20193513079"/>
 <red-def:state state_ref="oval:com.redhat.rhsa:ste:20193513001"/>
</red-def:rpminfo_test>
<red-def:rpminfo_test check="at least one" comment="glibc-langpack-ia is signed with Red Hat redhatrelease2 key" id="oval:com.redhat.rhsa:tst:20193513158" version="636">
 <red-def:object object_ref="oval:com.redhat.rhsa:obj:20193513079"/>
 <red-def:state state_ref="oval:com.redhat.rhba:ste:20191992002"/>
</red-def:rpminfo_test>
<red-def:rpminfo_test check="at least one" comment="glibc-langpack-id is earlier than 0:2.28-72.el8" id="oval:com.redhat.rhsa:tst:20193513159" version="636">
 <red-def:object object_ref="oval:com.redhat.rhsa:obj:20193513080"/>
 <red-def:state state_ref="oval:com.redhat.rhsa:ste:20193513001"/>
</red-def:rpminfo_test>
<red-def:rpminfo_test check="at least one" comment="glibc-langpack-id is signed with Red Hat redhatrelease2 key" id="oval:com.redhat.rhsa:tst:20193513160" version="636">
 <red-def:object object_ref="oval:com.redhat.rhsa:obj:20193513080"/>
 <red-def:state state_ref="oval:com.redhat.rhba:ste:20191992002"/>
</red-def:rpminfo_test>
<red-def:rpminfo_test check="at least one" comment="glibc-langpack-ig is earlier than 0:2.28-72.el8" id="oval:com.redhat.rhsa:tst:20193513161" version="636">
 <red-def:object object_ref="oval:com.redhat.rhsa:obj:20193513081"/>
 <red-def:state state_ref="oval:com.redhat.rhsa:ste:20193513001"/>
</red-def:rpminfo_test>
<red-def:rpminfo_test check="at least one" comment="glibc-langpack-ig is signed with Red Hat redhatrelease2 key" id="oval:com.redhat.rhsa:tst:20193513162" version="636">
 <red-def:object object_ref="oval:com.redhat.rhsa:obj:20193513081"/>
 <red-def:state state_ref="oval:com.redhat.rhba:ste:20191992002"/>
</red-def:rpminfo_test>
<red-def:rpminfo_test check="at least one" comment="glibc-langpack-ik is earlier than 0:2.28-72.el8" id="oval:com.redhat.rhsa:tst:20193513163" version="636">
 <red-def:object object_ref="oval:com.redhat.rhsa:obj:20193513082"/>
 <red-def:state state_ref="oval:com.redhat.rhsa:ste:20193513001"/>
</red-def:rpminfo_test>
<red-def:rpminfo_test check="at least one" comment="glibc-langpack-ik is signed with Red Hat redhatrelease2 key" id="oval:com.redhat.rhsa:tst:20193513164" version="636">
 <red-def:object object_ref="oval:com.redhat.rhsa:obj:20193513082"/>
 <red-def:state state_ref="oval:com.redhat.rhba:ste:20191992002"/>
</red-def:rpminfo_test>
<red-def:rpminfo_test check="at least one" comment="glibc-langpack-is is earlier than 0:2.28-72.el8" id="oval:com.redhat.rhsa:tst:20193513165" version="636">
 <red-def:object object_ref="oval:com.redhat.rhsa:obj:20193513083"/>
 <red-def:state state_ref="oval:com.redhat.rhsa:ste:20193513001"/>
</red-def:rpminfo_test>
<red-def:rpminfo_test check="at least one" comment="glibc-langpack-is is signed with Red Hat redhatrelease2 key" id="oval:com.redhat.rhsa:tst:20193513166" version="636">
 <red-def:object object_ref="oval:com.redhat.rhsa:obj:20193513083"/>
 <red-def:state state_ref="oval:com.redhat.rhba:ste:20191992002"/>
</red-def:rpminfo_test>
<red-def:rpminfo_test check="at least one" comment="glibc-langpack-it is earlier than 0:2.28-72.el8" id="oval:com.redhat.rhsa:tst:20193513167" version="636">
 <red-def:object object_ref="oval:com.redhat.rhsa:obj:20193513084"/>
 <red-def:state state_ref="oval:com.redhat.rhsa:ste:20193513001"/>
</red-def:rpminfo_test>
<red-def:rpminfo_test check="at least one" comment="glibc-langpack-it is signed with Red Hat redhatrelease2 key" id="oval:com.redhat.rhsa:tst:20193513168" version="636">
 <red-def:object object_ref="oval:com.redhat.rhsa:obj:20193513084"/>
 <red-def:state state_ref="oval:com.redhat.rhba:ste:20191992002"/>
</red-def:rpminfo_test>
<red-def:rpminfo_test check="at least one" comment="glibc-langpack-iu is earlier than 0:2.28-72.el8" id="oval:com.redhat.rhsa:tst:20193513169" version="636">
 <red-def:object object_ref="oval:com.redhat.rhsa:obj:20193513085"/>
 <red-def:state state_ref="oval:com.redhat.rhsa:ste:20193513001"/>
</red-def:rpminfo_test>
<red-def:rpminfo_test check="at least one" comment="glibc-langpack-iu is signed with Red Hat redhatrelease2 key" id="oval:com.redhat.rhsa:tst:20193513170" version="636">
 <red-def:object object_ref="oval:com.redhat.rhsa:obj:20193513085"/>
 <red-def:state state_ref="oval:com.redhat.rhba:ste:20191992002"/>
</red-def:rpminfo_test>
<red-def:rpminfo_test check="at least one" comment="glibc-langpack-ja is earlier than 0:2.28-72.el8" id="oval:com.redhat.rhsa:tst:20193513171" version="636">
 <red-def:object object_ref="oval:com.redhat.rhsa:obj:20193513086"/>
 <red-def:state state_ref="oval:com.redhat.rhsa:ste:20193513001"/>
</red-def:rpminfo_test>
<red-def:rpminfo_test check="at least one" comment="glibc-langpack-ja is signed with Red Hat redhatrelease2 key" id="oval:com.redhat.rhsa:tst:20193513172" version="636">
 <red-def:object object_ref="oval:com.redhat.rhsa:obj:20193513086"/>
 <red-def:state state_ref="oval:com.redhat.rhba:ste:20191992002"/>
</red-def:rpminfo_test>
<red-def:rpminfo_test check="at least one" comment="glibc-langpack-ka is earlier than 0:2.28-72.el8" id="oval:com.redhat.rhsa:tst:20193513173" version="636">
 <red-def:object object_ref="oval:com.redhat.rhsa:obj:20193513087"/>
 <red-def:state state_ref="oval:com.redhat.rhsa:ste:20193513001"/>
</red-def:rpminfo_test>
<red-def:rpminfo_test check="at least one" comment="glibc-langpack-ka is signed with Red Hat redhatrelease2 key" id="oval:com.redhat.rhsa:tst:20193513174" version="636">
 <red-def:object object_ref="oval:com.redhat.rhsa:obj:20193513087"/>
 <red-def:state state_ref="oval:com.redhat.rhba:ste:20191992002"/>
</red-def:rpminfo_test>
<red-def:rpminfo_test check="at least one" comment="glibc-langpack-kab is earlier than 0:2.28-72.el8" id="oval:com.redhat.rhsa:tst:20193513175" version="636">
 <red-def:object object_ref="oval:com.redhat.rhsa:obj:20193513088"/>
 <red-def:state state_ref="oval:com.redhat.rhsa:ste:20193513001"/>
</red-def:rpminfo_test>
<red-def:rpminfo_test check="at least one" comment="glibc-langpack-kab is signed with Red Hat redhatrelease2 key" id="oval:com.redhat.rhsa:tst:20193513176" version="636">
 <red-def:object object_ref="oval:com.redhat.rhsa:obj:20193513088"/>
 <red-def:state state_ref="oval:com.redhat.rhba:ste:20191992002"/>
</red-def:rpminfo_test>
<red-def:rpminfo_test check="at least one" comment="glibc-langpack-kk is earlier than 0:2.28-72.el8" id="oval:com.redhat.rhsa:tst:20193513177" version="636">
 <red-def:object object_ref="oval:com.redhat.rhsa:obj:20193513089"/>
 <red-def:state state_ref="oval:com.redhat.rhsa:ste:20193513001"/>
</red-def:rpminfo_test>
<red-def:rpminfo_test check="at least one" comment="glibc-langpack-kk is signed with Red Hat redhatrelease2 key" id="oval:com.redhat.rhsa:tst:20193513178" version="636">
 <red-def:object object_ref="oval:com.redhat.rhsa:obj:20193513089"/>
 <red-def:state state_ref="oval:com.redhat.rhba:ste:20191992002"/>
</red-def:rpminfo_test>
<red-def:rpminfo_test check="at least one" comment="glibc-langpack-kl is earlier than 0:2.28-72.el8" id="oval:com.redhat.rhsa:tst:20193513179" version="636">
 <red-def:object object_ref="oval:com.redhat.rhsa:obj:20193513090"/>
 <red-def:state state_ref="oval:com.redhat.rhsa:ste:20193513001"/>
</red-def:rpminfo_test>
<red-def:rpminfo_test check="at least one" comment="glibc-langpack-kl is signed with Red Hat redhatrelease2 key" id="oval:com.redhat.rhsa:tst:20193513180" version="636">
 <red-def:object object_ref="oval:com.redhat.rhsa:obj:20193513090"/>
 <red-def:state state_ref="oval:com.redhat.rhba:ste:20191992002"/>
</red-def:rpminfo_test>
<red-def:rpminfo_test check="at least one" comment="glibc-langpack-km is earlier than 0:2.28-72.el8" id="oval:com.redhat.rhsa:tst:20193513181" version="636">
 <red-def:object object_ref="oval:com.redhat.rhsa:obj:20193513091"/>
 <red-def:state state_ref="oval:com.redhat.rhsa:ste:20193513001"/>
</red-def:rpminfo_test>
<red-def:rpminfo_test check="at least one" comment="glibc-langpack-km is signed with Red Hat redhatrelease2 key" id="oval:com.redhat.rhsa:tst:20193513182" version="636">
 <red-def:object object_ref="oval:com.redhat.rhsa:obj:20193513091"/>
 <red-def:state state_ref="oval:com.redhat.rhba:ste:20191992002"/>
</red-def:rpminfo_test>
<red-def:rpminfo_test check="at least one" comment="glibc-langpack-kn is earlier than 0:2.28-72.el8" id="oval:com.redhat.rhsa:tst:20193513183" version="636">
 <red-def:object object_ref="oval:com.redhat.rhsa:obj:20193513092"/>
 <red-def:state state_ref="oval:com.redhat.rhsa:ste:20193513001"/>
</red-def:rpminfo_test>
<red-def:rpminfo_test check="at least one" comment="glibc-langpack-kn is signed with Red Hat redhatrelease2 key" id="oval:com.redhat.rhsa:tst:20193513184" version="636">
 <red-def:object object_ref="oval:com.redhat.rhsa:obj:20193513092"/>
 <red-def:state state_ref="oval:com.redhat.rhba:ste:20191992002"/>
</red-def:rpminfo_test>
<red-def:rpminfo_test check="at least one" comment="glibc-langpack-ko is earlier than 0:2.28-72.el8" id="oval:com.redhat.rhsa:tst:20193513185" version="636">
 <red-def:object object_ref="oval:com.redhat.rhsa:obj:20193513093"/>
 <red-def:state state_ref="oval:com.redhat.rhsa:ste:20193513001"/>
</red-def:rpminfo_test>
<red-def:rpminfo_test check="at least one" comment="glibc-langpack-ko is signed with Red Hat redhatrelease2 key" id="oval:com.redhat.rhsa:tst:20193513186" version="636">
 <red-def:object object_ref="oval:com.redhat.rhsa:obj:20193513093"/>
 <red-def:state state_ref="oval:com.redhat.rhba:ste:20191992002"/>
</red-def:rpminfo_test>
<red-def:rpminfo_test check="at least one" comment="glibc-langpack-kok is earlier than 0:2.28-72.el8" id="oval:com.redhat.rhsa:tst:20193513187" version="636">
 <red-def:object object_ref="oval:com.redhat.rhsa:obj:20193513094"/>
 <red-def:state state_ref="oval:com.redhat.rhsa:ste:20193513001"/>
</red-def:rpminfo_test>
<red-def:rpminfo_test check="at least one" comment="glibc-langpack-kok is signed with Red Hat redhatrelease2 key" id="oval:com.redhat.rhsa:tst:20193513188" version="636">
 <red-def:object object_ref="oval:com.redhat.rhsa:obj:20193513094"/>
 <red-def:state state_ref="oval:com.redhat.rhba:ste:20191992002"/>
</red-def:rpminfo_test>
<red-def:rpminfo_test check="at least one" comment="glibc-langpack-ks is earlier than 0:2.28-72.el8" id="oval:com.redhat.rhsa:tst:20193513189" version="636">
 <red-def:object object_ref="oval:com.redhat.rhsa:obj:20193513095"/>
 <red-def:state state_ref="oval:com.redhat.rhsa:ste:20193513001"/>
</red-def:rpminfo_test>
<red-def:rpminfo_test check="at least one" comment="glibc-langpack-ks is signed with Red Hat redhatrelease2 key" id="oval:com.redhat.rhsa:tst:20193513190" version="636">
 <red-def:object object_ref="oval:com.redhat.rhsa:obj:20193513095"/>
 <red-def:state state_ref="oval:com.redhat.rhba:ste:20191992002"/>
</red-def:rpminfo_test>
<red-def:rpminfo_test check="at least one" comment="glibc-langpack-ku is earlier than 0:2.28-72.el8" id="oval:com.redhat.rhsa:tst:20193513191" version="636">
 <red-def:object object_ref="oval:com.redhat.rhsa:obj:20193513096"/>
 <red-def:state state_ref="oval:com.redhat.rhsa:ste:20193513001"/>
</red-def:rpminfo_test>
<red-def:rpminfo_test check="at least one" comment="glibc-langpack-ku is signed with Red Hat redhatrelease2 key" id="oval:com.redhat.rhsa:tst:20193513192" version="636">
 <red-def:object object_ref="oval:com.redhat.rhsa:obj:20193513096"/>
 <red-def:state state_ref="oval:com.redhat.rhba:ste:20191992002"/>
</red-def:rpminfo_test>
<red-def:rpminfo_test check="at least one" comment="glibc-langpack-kw is earlier than 0:2.28-72.el8" id="oval:com.redhat.rhsa:tst:20193513193" version="636">
 <red-def:object object_ref="oval:com.redhat.rhsa:obj:20193513097"/>
 <red-def:state state_ref="oval:com.redhat.rhsa:ste:20193513001"/>
</red-def:rpminfo_test>
<red-def:rpminfo_test check="at least one" comment="glibc-langpack-kw is signed with Red Hat redhatrelease2 key" id="oval:com.redhat.rhsa:tst:20193513194" version="636">
 <red-def:object object_ref="oval:com.redhat.rhsa:obj:20193513097"/>
 <red-def:state state_ref="oval:com.redhat.rhba:ste:20191992002"/>
</red-def:rpminfo_test>
<red-def:rpminfo_test check="at least one" comment="glibc-langpack-ky is earlier than 0:2.28-72.el8" id="oval:com.redhat.rhsa:tst:20193513195" version="636">
 <red-def:object object_ref="oval:com.redhat.rhsa:obj:20193513098"/>
 <red-def:state state_ref="oval:com.redhat.rhsa:ste:20193513001"/>
</red-def:rpminfo_test>
<red-def:rpminfo_test check="at least one" comment="glibc-langpack-ky is signed with Red Hat redhatrelease2 key" id="oval:com.redhat.rhsa:tst:20193513196" version="636">
 <red-def:object object_ref="oval:com.redhat.rhsa:obj:20193513098"/>
 <red-def:state state_ref="oval:com.redhat.rhba:ste:20191992002"/>
</red-def:rpminfo_test>
<red-def:rpminfo_test check="at least one" comment="glibc-langpack-lb is earlier than 0:2.28-72.el8" id="oval:com.redhat.rhsa:tst:20193513197" version="636">
 <red-def:object object_ref="oval:com.redhat.rhsa:obj:20193513099"/>
 <red-def:state state_ref="oval:com.redhat.rhsa:ste:20193513001"/>
</red-def:rpminfo_test>
<red-def:rpminfo_test check="at least one" comment="glibc-langpack-lb is signed with Red Hat redhatrelease2 key" id="oval:com.redhat.rhsa:tst:20193513198" version="636">
 <red-def:object object_ref="oval:com.redhat.rhsa:obj:20193513099"/>
 <red-def:state state_ref="oval:com.redhat.rhba:ste:20191992002"/>
</red-def:rpminfo_test>
<red-def:rpminfo_test check="at least one" comment="glibc-langpack-lg is earlier than 0:2.28-72.el8" id="oval:com.redhat.rhsa:tst:20193513199" version="636">
 <red-def:object object_ref="oval:com.redhat.rhsa:obj:20193513100"/>
 <red-def:state state_ref="oval:com.redhat.rhsa:ste:20193513001"/>
</red-def:rpminfo_test>
<red-def:rpminfo_test check="at least one" comment="glibc-langpack-lg is signed with Red Hat redhatrelease2 key" id="oval:com.redhat.rhsa:tst:20193513200" version="636">
 <red-def:object object_ref="oval:com.redhat.rhsa:obj:20193513100"/>
 <red-def:state state_ref="oval:com.redhat.rhba:ste:20191992002"/>
</red-def:rpminfo_test>
<red-def:rpminfo_test check="at least one" comment="glibc-langpack-li is earlier than 0:2.28-72.el8" id="oval:com.redhat.rhsa:tst:20193513201" version="636">
 <red-def:object object_ref="oval:com.redhat.rhsa:obj:20193513101"/>
 <red-def:state state_ref="oval:com.redhat.rhsa:ste:20193513001"/>
</red-def:rpminfo_test>
<red-def:rpminfo_test check="at least one" comment="glibc-langpack-li is signed with Red Hat redhatrelease2 key" id="oval:com.redhat.rhsa:tst:20193513202" version="636">
 <red-def:object object_ref="oval:com.redhat.rhsa:obj:20193513101"/>
 <red-def:state state_ref="oval:com.redhat.rhba:ste:20191992002"/>
</red-def:rpminfo_test>
<red-def:rpminfo_test check="at least one" comment="glibc-langpack-lij is earlier than 0:2.28-72.el8" id="oval:com.redhat.rhsa:tst:20193513203" version="636">
 <red-def:object object_ref="oval:com.redhat.rhsa:obj:20193513102"/>
 <red-def:state state_ref="oval:com.redhat.rhsa:ste:20193513001"/>
</red-def:rpminfo_test>
<red-def:rpminfo_test check="at least one" comment="glibc-langpack-lij is signed with Red Hat redhatrelease2 key" id="oval:com.redhat.rhsa:tst:20193513204" version="636">
 <red-def:object object_ref="oval:com.redhat.rhsa:obj:20193513102"/>
 <red-def:state state_ref="oval:com.redhat.rhba:ste:20191992002"/>
</red-def:rpminfo_test>
<red-def:rpminfo_test check="at least one" comment="glibc-langpack-ln is earlier than 0:2.28-72.el8" id="oval:com.redhat.rhsa:tst:20193513205" version="636">
 <red-def:object object_ref="oval:com.redhat.rhsa:obj:20193513103"/>
 <red-def:state state_ref="oval:com.redhat.rhsa:ste:20193513001"/>
</red-def:rpminfo_test>
<red-def:rpminfo_test check="at least one" comment="glibc-langpack-ln is signed with Red Hat redhatrelease2 key" id="oval:com.redhat.rhsa:tst:20193513206" version="636">
 <red-def:object object_ref="oval:com.redhat.rhsa:obj:20193513103"/>
 <red-def:state state_ref="oval:com.redhat.rhba:ste:20191992002"/>
</red-def:rpminfo_test>
<red-def:rpminfo_test check="at least one" comment="glibc-langpack-lo is earlier than 0:2.28-72.el8" id="oval:com.redhat.rhsa:tst:20193513207" version="636">
 <red-def:object object_ref="oval:com.redhat.rhsa:obj:20193513104"/>
 <red-def:state state_ref="oval:com.redhat.rhsa:ste:20193513001"/>
</red-def:rpminfo_test>
<red-def:rpminfo_test check="at least one" comment="glibc-langpack-lo is signed with Red Hat redhatrelease2 key" id="oval:com.redhat.rhsa:tst:20193513208" version="636">
 <red-def:object object_ref="oval:com.redhat.rhsa:obj:20193513104"/>
 <red-def:state state_ref="oval:com.redhat.rhba:ste:20191992002"/>
</red-def:rpminfo_test>
<red-def:rpminfo_test check="at least one" comment="glibc-langpack-lt is earlier than 0:2.28-72.el8" id="oval:com.redhat.rhsa:tst:20193513209" version="636">
 <red-def:object object_ref="oval:com.redhat.rhsa:obj:20193513105"/>
 <red-def:state state_ref="oval:com.redhat.rhsa:ste:20193513001"/>
</red-def:rpminfo_test>
<red-def:rpminfo_test check="at least one" comment="glibc-langpack-lt is signed with Red Hat redhatrelease2 key" id="oval:com.redhat.rhsa:tst:20193513210" version="636">
 <red-def:object object_ref="oval:com.redhat.rhsa:obj:20193513105"/>
 <red-def:state state_ref="oval:com.redhat.rhba:ste:20191992002"/>
</red-def:rpminfo_test>
<red-def:rpminfo_test check="at least one" comment="glibc-langpack-lv is earlier than 0:2.28-72.el8" id="oval:com.redhat.rhsa:tst:20193513211" version="636">
 <red-def:object object_ref="oval:com.redhat.rhsa:obj:20193513106"/>
 <red-def:state state_ref="oval:com.redhat.rhsa:ste:20193513001"/>
</red-def:rpminfo_test>
<red-def:rpminfo_test check="at least one" comment="glibc-langpack-lv is signed with Red Hat redhatrelease2 key" id="oval:com.redhat.rhsa:tst:20193513212" version="636">
 <red-def:object object_ref="oval:com.redhat.rhsa:obj:20193513106"/>
 <red-def:state state_ref="oval:com.redhat.rhba:ste:20191992002"/>
</red-def:rpminfo_test>
<red-def:rpminfo_test check="at least one" comment="glibc-langpack-lzh is earlier than 0:2.28-72.el8" id="oval:com.redhat.rhsa:tst:20193513213" version="636">
 <red-def:object object_ref="oval:com.redhat.rhsa:obj:20193513107"/>
 <red-def:state state_ref="oval:com.redhat.rhsa:ste:20193513001"/>
</red-def:rpminfo_test>
<red-def:rpminfo_test check="at least one" comment="glibc-langpack-lzh is signed with Red Hat redhatrelease2 key" id="oval:com.redhat.rhsa:tst:20193513214" version="636">
 <red-def:object object_ref="oval:com.redhat.rhsa:obj:20193513107"/>
 <red-def:state state_ref="oval:com.redhat.rhba:ste:20191992002"/>
</red-def:rpminfo_test>
<red-def:rpminfo_test check="at least one" comment="glibc-langpack-mag is earlier than 0:2.28-72.el8" id="oval:com.redhat.rhsa:tst:20193513215" version="636">
 <red-def:object object_ref="oval:com.redhat.rhsa:obj:20193513108"/>
 <red-def:state state_ref="oval:com.redhat.rhsa:ste:20193513001"/>
</red-def:rpminfo_test>
<red-def:rpminfo_test check="at least one" comment="glibc-langpack-mag is signed with Red Hat redhatrelease2 key" id="oval:com.redhat.rhsa:tst:20193513216" version="636">
 <red-def:object object_ref="oval:com.redhat.rhsa:obj:20193513108"/>
 <red-def:state state_ref="oval:com.redhat.rhba:ste:20191992002"/>
</red-def:rpminfo_test>
<red-def:rpminfo_test check="at least one" comment="glibc-langpack-mai is earlier than 0:2.28-72.el8" id="oval:com.redhat.rhsa:tst:20193513217" version="636">
 <red-def:object object_ref="oval:com.redhat.rhsa:obj:20193513109"/>
 <red-def:state state_ref="oval:com.redhat.rhsa:ste:20193513001"/>
</red-def:rpminfo_test>
<red-def:rpminfo_test check="at least one" comment="glibc-langpack-mai is signed with Red Hat redhatrelease2 key" id="oval:com.redhat.rhsa:tst:20193513218" version="636">
 <red-def:object object_ref="oval:com.redhat.rhsa:obj:20193513109"/>
 <red-def:state state_ref="oval:com.redhat.rhba:ste:20191992002"/>
</red-def:rpminfo_test>
<red-def:rpminfo_test check="at least one" comment="glibc-langpack-mfe is earlier than 0:2.28-72.el8" id="oval:com.redhat.rhsa:tst:20193513219" version="636">
 <red-def:object object_ref="oval:com.redhat.rhsa:obj:20193513110"/>
 <red-def:state state_ref="oval:com.redhat.rhsa:ste:20193513001"/>
</red-def:rpminfo_test>
<red-def:rpminfo_test check="at least one" comment="glibc-langpack-mfe is signed with Red Hat redhatrelease2 key" id="oval:com.redhat.rhsa:tst:20193513220" version="636">
 <red-def:object object_ref="oval:com.redhat.rhsa:obj:20193513110"/>
 <red-def:state state_ref="oval:com.redhat.rhba:ste:20191992002"/>
</red-def:rpminfo_test>
<red-def:rpminfo_test check="at least one" comment="glibc-langpack-mg is earlier than 0:2.28-72.el8" id="oval:com.redhat.rhsa:tst:20193513221" version="636">
 <red-def:object object_ref="oval:com.redhat.rhsa:obj:20193513111"/>
 <red-def:state state_ref="oval:com.redhat.rhsa:ste:20193513001"/>
</red-def:rpminfo_test>
<red-def:rpminfo_test check="at least one" comment="glibc-langpack-mg is signed with Red Hat redhatrelease2 key" id="oval:com.redhat.rhsa:tst:20193513222" version="636">
 <red-def:object object_ref="oval:com.redhat.rhsa:obj:20193513111"/>
 <red-def:state state_ref="oval:com.redhat.rhba:ste:20191992002"/>
</red-def:rpminfo_test>
<red-def:rpminfo_test check="at least one" comment="glibc-langpack-mhr is earlier than 0:2.28-72.el8" id="oval:com.redhat.rhsa:tst:20193513223" version="636">
 <red-def:object object_ref="oval:com.redhat.rhsa:obj:20193513112"/>
 <red-def:state state_ref="oval:com.redhat.rhsa:ste:20193513001"/>
</red-def:rpminfo_test>
<red-def:rpminfo_test check="at least one" comment="glibc-langpack-mhr is signed with Red Hat redhatrelease2 key" id="oval:com.redhat.rhsa:tst:20193513224" version="636">
 <red-def:object object_ref="oval:com.redhat.rhsa:obj:20193513112"/>
 <red-def:state state_ref="oval:com.redhat.rhba:ste:20191992002"/>
</red-def:rpminfo_test>
<red-def:rpminfo_test check="at least one" comment="glibc-langpack-mi is earlier than 0:2.28-72.el8" id="oval:com.redhat.rhsa:tst:20193513225" version="636">
 <red-def:object object_ref="oval:com.redhat.rhsa:obj:20193513113"/>
 <red-def:state state_ref="oval:com.redhat.rhsa:ste:20193513001"/>
</red-def:rpminfo_test>
<red-def:rpminfo_test check="at least one" comment="glibc-langpack-mi is signed with Red Hat redhatrelease2 key" id="oval:com.redhat.rhsa:tst:20193513226" version="636">
 <red-def:object object_ref="oval:com.redhat.rhsa:obj:20193513113"/>
 <red-def:state state_ref="oval:com.redhat.rhba:ste:20191992002"/>
</red-def:rpminfo_test>
<red-def:rpminfo_test check="at least one" comment="glibc-langpack-miq is earlier than 0:2.28-72.el8" id="oval:com.redhat.rhsa:tst:20193513227" version="636">
 <red-def:object object_ref="oval:com.redhat.rhsa:obj:20193513114"/>
 <red-def:state state_ref="oval:com.redhat.rhsa:ste:20193513001"/>
</red-def:rpminfo_test>
<red-def:rpminfo_test check="at least one" comment="glibc-langpack-miq is signed with Red Hat redhatrelease2 key" id="oval:com.redhat.rhsa:tst:20193513228" version="636">
 <red-def:object object_ref="oval:com.redhat.rhsa:obj:20193513114"/>
 <red-def:state state_ref="oval:com.redhat.rhba:ste:20191992002"/>
</red-def:rpminfo_test>
<red-def:rpminfo_test check="at least one" comment="glibc-langpack-mjw is earlier than 0:2.28-72.el8" id="oval:com.redhat.rhsa:tst:20193513229" version="636">
 <red-def:object object_ref="oval:com.redhat.rhsa:obj:20193513115"/>
 <red-def:state state_ref="oval:com.redhat.rhsa:ste:20193513001"/>
</red-def:rpminfo_test>
<red-def:rpminfo_test check="at least one" comment="glibc-langpack-mjw is signed with Red Hat redhatrelease2 key" id="oval:com.redhat.rhsa:tst:20193513230" version="636">
 <red-def:object object_ref="oval:com.redhat.rhsa:obj:20193513115"/>
 <red-def:state state_ref="oval:com.redhat.rhba:ste:20191992002"/>
</red-def:rpminfo_test>
<red-def:rpminfo_test check="at least one" comment="glibc-langpack-mk is earlier than 0:2.28-72.el8" id="oval:com.redhat.rhsa:tst:20193513231" version="636">
 <red-def:object object_ref="oval:com.redhat.rhsa:obj:20193513116"/>
 <red-def:state state_ref="oval:com.redhat.rhsa:ste:20193513001"/>
</red-def:rpminfo_test>
<red-def:rpminfo_test check="at least one" comment="glibc-langpack-mk is signed with Red Hat redhatrelease2 key" id="oval:com.redhat.rhsa:tst:20193513232" version="636">
 <red-def:object object_ref="oval:com.redhat.rhsa:obj:20193513116"/>
 <red-def:state state_ref="oval:com.redhat.rhba:ste:20191992002"/>
</red-def:rpminfo_test>
<red-def:rpminfo_test check="at least one" comment="glibc-langpack-ml is earlier than 0:2.28-72.el8" id="oval:com.redhat.rhsa:tst:20193513233" version="636">
 <red-def:object object_ref="oval:com.redhat.rhsa:obj:20193513117"/>
 <red-def:state state_ref="oval:com.redhat.rhsa:ste:20193513001"/>
</red-def:rpminfo_test>
<red-def:rpminfo_test check="at least one" comment="glibc-langpack-ml is signed with Red Hat redhatrelease2 key" id="oval:com.redhat.rhsa:tst:20193513234" version="636">
 <red-def:object object_ref="oval:com.redhat.rhsa:obj:20193513117"/>
 <red-def:state state_ref="oval:com.redhat.rhba:ste:20191992002"/>
</red-def:rpminfo_test>
<red-def:rpminfo_test check="at least one" comment="glibc-langpack-mn is earlier than 0:2.28-72.el8" id="oval:com.redhat.rhsa:tst:20193513235" version="636">
 <red-def:object object_ref="oval:com.redhat.rhsa:obj:20193513118"/>
 <red-def:state state_ref="oval:com.redhat.rhsa:ste:20193513001"/>
</red-def:rpminfo_test>
<red-def:rpminfo_test check="at least one" comment="glibc-langpack-mn is signed with Red Hat redhatrelease2 key" id="oval:com.redhat.rhsa:tst:20193513236" version="636">
 <red-def:object object_ref="oval:com.redhat.rhsa:obj:20193513118"/>
 <red-def:state state_ref="oval:com.redhat.rhba:ste:20191992002"/>
</red-def:rpminfo_test>
<red-def:rpminfo_test check="at least one" comment="glibc-langpack-mni is earlier than 0:2.28-72.el8" id="oval:com.redhat.rhsa:tst:20193513237" version="636">
 <red-def:object object_ref="oval:com.redhat.rhsa:obj:20193513119"/>
 <red-def:state state_ref="oval:com.redhat.rhsa:ste:20193513001"/>
</red-def:rpminfo_test>
<red-def:rpminfo_test check="at least one" comment="glibc-langpack-mni is signed with Red Hat redhatrelease2 key" id="oval:com.redhat.rhsa:tst:20193513238" version="636">
 <red-def:object object_ref="oval:com.redhat.rhsa:obj:20193513119"/>
 <red-def:state state_ref="oval:com.redhat.rhba:ste:20191992002"/>
</red-def:rpminfo_test>
<red-def:rpminfo_test check="at least one" comment="glibc-langpack-mr is earlier than 0:2.28-72.el8" id="oval:com.redhat.rhsa:tst:20193513239" version="636">
 <red-def:object object_ref="oval:com.redhat.rhsa:obj:20193513120"/>
 <red-def:state state_ref="oval:com.redhat.rhsa:ste:20193513001"/>
</red-def:rpminfo_test>
<red-def:rpminfo_test check="at least one" comment="glibc-langpack-mr is signed with Red Hat redhatrelease2 key" id="oval:com.redhat.rhsa:tst:20193513240" version="636">
 <red-def:object object_ref="oval:com.redhat.rhsa:obj:20193513120"/>
 <red-def:state state_ref="oval:com.redhat.rhba:ste:20191992002"/>
</red-def:rpminfo_test>
<red-def:rpminfo_test check="at least one" comment="glibc-langpack-ms is earlier than 0:2.28-72.el8" id="oval:com.redhat.rhsa:tst:20193513241" version="636">
 <red-def:object object_ref="oval:com.redhat.rhsa:obj:20193513121"/>
 <red-def:state state_ref="oval:com.redhat.rhsa:ste:20193513001"/>
</red-def:rpminfo_test>
<red-def:rpminfo_test check="at least one" comment="glibc-langpack-ms is signed with Red Hat redhatrelease2 key" id="oval:com.redhat.rhsa:tst:20193513242" version="636">
 <red-def:object object_ref="oval:com.redhat.rhsa:obj:20193513121"/>
 <red-def:state state_ref="oval:com.redhat.rhba:ste:20191992002"/>
</red-def:rpminfo_test>
<red-def:rpminfo_test check="at least one" comment="glibc-langpack-mt is earlier than 0:2.28-72.el8" id="oval:com.redhat.rhsa:tst:20193513243" version="636">
 <red-def:object object_ref="oval:com.redhat.rhsa:obj:20193513122"/>
 <red-def:state state_ref="oval:com.redhat.rhsa:ste:20193513001"/>
</red-def:rpminfo_test>
<red-def:rpminfo_test check="at least one" comment="glibc-langpack-mt is signed with Red Hat redhatrelease2 key" id="oval:com.redhat.rhsa:tst:20193513244" version="636">
 <red-def:object object_ref="oval:com.redhat.rhsa:obj:20193513122"/>
 <red-def:state state_ref="oval:com.redhat.rhba:ste:20191992002"/>
</red-def:rpminfo_test>
<red-def:rpminfo_test check="at least one" comment="glibc-langpack-my is earlier than 0:2.28-72.el8" id="oval:com.redhat.rhsa:tst:20193513245" version="636">
 <red-def:object object_ref="oval:com.redhat.rhsa:obj:20193513123"/>
 <red-def:state state_ref="oval:com.redhat.rhsa:ste:20193513001"/>
</red-def:rpminfo_test>
<red-def:rpminfo_test check="at least one" comment="glibc-langpack-my is signed with Red Hat redhatrelease2 key" id="oval:com.redhat.rhsa:tst:20193513246" version="636">
 <red-def:object object_ref="oval:com.redhat.rhsa:obj:20193513123"/>
 <red-def:state state_ref="oval:com.redhat.rhba:ste:20191992002"/>
</red-def:rpminfo_test>
<red-def:rpminfo_test check="at least one" comment="glibc-langpack-nan is earlier than 0:2.28-72.el8" id="oval:com.redhat.rhsa:tst:20193513247" version="636">
 <red-def:object object_ref="oval:com.redhat.rhsa:obj:20193513124"/>
 <red-def:state state_ref="oval:com.redhat.rhsa:ste:20193513001"/>
</red-def:rpminfo_test>
<red-def:rpminfo_test check="at least one" comment="glibc-langpack-nan is signed with Red Hat redhatrelease2 key" id="oval:com.redhat.rhsa:tst:20193513248" version="636">
 <red-def:object object_ref="oval:com.redhat.rhsa:obj:20193513124"/>
 <red-def:state state_ref="oval:com.redhat.rhba:ste:20191992002"/>
</red-def:rpminfo_test>
<red-def:rpminfo_test check="at least one" comment="glibc-langpack-nb is earlier than 0:2.28-72.el8" id="oval:com.redhat.rhsa:tst:20193513249" version="636">
 <red-def:object object_ref="oval:com.redhat.rhsa:obj:20193513125"/>
 <red-def:state state_ref="oval:com.redhat.rhsa:ste:20193513001"/>
</red-def:rpminfo_test>
<red-def:rpminfo_test check="at least one" comment="glibc-langpack-nb is signed with Red Hat redhatrelease2 key" id="oval:com.redhat.rhsa:tst:20193513250" version="636">
 <red-def:object object_ref="oval:com.redhat.rhsa:obj:20193513125"/>
 <red-def:state state_ref="oval:com.redhat.rhba:ste:20191992002"/>
</red-def:rpminfo_test>
<red-def:rpminfo_test check="at least one" comment="glibc-langpack-nds is earlier than 0:2.28-72.el8" id="oval:com.redhat.rhsa:tst:20193513251" version="636">
 <red-def:object object_ref="oval:com.redhat.rhsa:obj:20193513126"/>
 <red-def:state state_ref="oval:com.redhat.rhsa:ste:20193513001"/>
</red-def:rpminfo_test>
<red-def:rpminfo_test check="at least one" comment="glibc-langpack-nds is signed with Red Hat redhatrelease2 key" id="oval:com.redhat.rhsa:tst:20193513252" version="636">
 <red-def:object object_ref="oval:com.redhat.rhsa:obj:20193513126"/>
 <red-def:state state_ref="oval:com.redhat.rhba:ste:20191992002"/>
</red-def:rpminfo_test>
<red-def:rpminfo_test check="at least one" comment="glibc-langpack-ne is earlier than 0:2.28-72.el8" id="oval:com.redhat.rhsa:tst:20193513253" version="636">
 <red-def:object object_ref="oval:com.redhat.rhsa:obj:20193513127"/>
 <red-def:state state_ref="oval:com.redhat.rhsa:ste:20193513001"/>
</red-def:rpminfo_test>
<red-def:rpminfo_test check="at least one" comment="glibc-langpack-ne is signed with Red Hat redhatrelease2 key" id="oval:com.redhat.rhsa:tst:20193513254" version="636">
 <red-def:object object_ref="oval:com.redhat.rhsa:obj:20193513127"/>
 <red-def:state state_ref="oval:com.redhat.rhba:ste:20191992002"/>
</red-def:rpminfo_test>
<red-def:rpminfo_test check="at least one" comment="glibc-langpack-nhn is earlier than 0:2.28-72.el8" id="oval:com.redhat.rhsa:tst:20193513255" version="636">
 <red-def:object object_ref="oval:com.redhat.rhsa:obj:20193513128"/>
 <red-def:state state_ref="oval:com.redhat.rhsa:ste:20193513001"/>
</red-def:rpminfo_test>
<red-def:rpminfo_test check="at least one" comment="glibc-langpack-nhn is signed with Red Hat redhatrelease2 key" id="oval:com.redhat.rhsa:tst:20193513256" version="636">
 <red-def:object object_ref="oval:com.redhat.rhsa:obj:20193513128"/>
 <red-def:state state_ref="oval:com.redhat.rhba:ste:20191992002"/>
</red-def:rpminfo_test>
<red-def:rpminfo_test check="at least one" comment="glibc-langpack-niu is earlier than 0:2.28-72.el8" id="oval:com.redhat.rhsa:tst:20193513257" version="636">
 <red-def:object object_ref="oval:com.redhat.rhsa:obj:20193513129"/>
 <red-def:state state_ref="oval:com.redhat.rhsa:ste:20193513001"/>
</red-def:rpminfo_test>
<red-def:rpminfo_test check="at least one" comment="bpftool is earlier than 0:4.18.0-193.13.2.el8_2" id="oval:com.redhat.rhsa:tst:20203010001" version="642">
 <red-def:object object_ref="oval:com.redhat.rhsa:obj:20191167001"/>
 <red-def:state state_ref="oval:com.redhat.rhsa:ste:20203010001"/>
</red-def:rpminfo_test>
<red-def:rpminfo_test check="at least one" comment="kernel is earlier than 0:4.18.0-193.13.2.el8_2" id="oval:com.redhat.rhsa:tst:20203010003" version="642">
 <red-def:object object_ref="oval:com.redhat.rhsa:obj:20191167002"/>
 <red-def:state state_ref="oval:com.redhat.rhsa:ste:20203010001"/>
</red-def:rpminfo_test>
<red-def:rpminfo_test check="at least one" comment="kernel-abi-whitelists is earlier than 0:4.18.0-193.13.2.el8_2" id="oval:com.redhat.rhsa:tst:20203010005" version="642">
 <red-def:object object_ref="oval:com.redhat.rhsa:obj:20191167003"/>
 <red-def:state state_ref="oval:com.redhat.rhsa:ste:20203010003"/>
</red-def:rpminfo_test>
<red-def:rpminfo_test check="at least one" comment="kernel-core is earlier than 0:4.18.0-193.13.2.el8_2" id="oval:com.redhat.rhsa:tst:20203010007" version="642">
 <red-def:object object_ref="oval:com.redhat.rhsa:obj:20191167004"/>
 <red-def:state state_ref="oval:com.redhat.rhsa:ste:20203010001"/>
</red-def:rpminfo_test>
<red-def:rpminfo_test check="at least one" comment="kernel-cross-headers is earlier than 0:4.18.0-193.13.2.el8_2" id="oval:com.redhat.rhsa:tst:20203010009" version="642">
 <red-def:object object_ref="oval:com.redhat.rhsa:obj:20191167005"/>
 <red-def:state state_ref="oval:com.redhat.rhsa:ste:20203010001"/>
</red-def:rpminfo_test>
<red-def:rpminfo_test check="at least one" comment="kernel-debug is earlier than 0:4.18.0-193.13.2.el8_2" id="oval:com.redhat.rhsa:tst:20203010011" version="642">
 <red-def:object object_ref="oval:com.redhat.rhsa:obj:20191167006"/>
 <red-def:state state_ref="oval:com.redhat.rhsa:ste:20203010001"/>
</red-def:rpminfo_test>
<red-def:rpminfo_test check="at least one" comment="kernel-debug-core is earlier than 0:4.18.0-193.13.2.el8_2" id="oval:com.redhat.rhsa:tst:20203010013" version="642">
 <red-def:object object_ref="oval:com.redhat.rhsa:obj:20191167007"/>
 <red-def:state state_ref="oval:com.redhat.rhsa:ste:20203010001"/>
</red-def:rpminfo_test>
<red-def:rpminfo_test check="at least one" comment="kernel-debug-devel is earlier than 0:4.18.0-193.13.2.el8_2" id="oval:com.redhat.rhsa:tst:20203010015" version="642">
 <red-def:object object_ref="oval:com.redhat.rhsa:obj:20191167008"/>
 <red-def:state state_ref="oval:com.redhat.rhsa:ste:20203010001"/>
</red-def:rpminfo_test>
<red-def:rpminfo_test check="at least one" comment="kernel-debug-modules is earlier than 0:4.18.0-193.13.2.el8_2" id="oval:com.redhat.rhsa:tst:20203010017" version="642">
 <red-def:object object_ref="oval:com.redhat.rhsa:obj:20191167009"/>
 <red-def:state state_ref="oval:com.redhat.rhsa:ste:20203010001"/>
</red-def:rpminfo_test>
<red-def:rpminfo_test check="at least one" comment="kernel-debug-modules-extra is earlier than 0:4.18.0-193.13.2.el8_2" id="oval:com.redhat.rhsa:tst:20203010019" version="642">
 <red-def:object object_ref="oval:com.redhat.rhsa:obj:20191167010"/>
 <red-def:state state_ref="oval:com.redhat.rhsa:ste:20203010001"/>
</red-def:rpminfo_test>
<red-def:rpminfo_test check="at least one" comment="kernel-devel is earlier than 0:4.18.0-193.13.2.el8_2" id="oval:com.redhat.rhsa:tst:20203010021" version="642">
 <red-def:object object_ref="oval:com.redhat.rhsa:obj:20191167011"/>
 <red-def:state state_ref="oval:com.redhat.rhsa:ste:20203010001"/>
</red-def:rpminfo_test>
<red-def:rpminfo_test check="at least one" comment="kernel-doc is earlier than 0:4.18.0-193.13.2.el8_2" id="oval:com.redhat.rhsa:tst:20203010023" version="642">
 <red-def:object object_ref="oval:com.redhat.rhsa:obj:20191167012"/>
 <red-def:state state_ref="oval:com.redhat.rhsa:ste:20203010003"/>
</red-def:rpminfo_test>
<red-def:rpminfo_test check="at least one" comment="kernel-headers is earlier than 0:4.18.0-193.13.2.el8_2" id="oval:com.redhat.rhsa:tst:20203010025" version="642">
 <red-def:object object_ref="oval:com.redhat.rhsa:obj:20191167013"/>
 <red-def:state state_ref="oval:com.redhat.rhsa:ste:20203010001"/>
</red-def:rpminfo_test>
<red-def:rpminfo_test check="at least one" comment="kernel-modules is earlier than 0:4.18.0-193.13.2.el8_2" id="oval:com.redhat.rhsa:tst:20203010027" version="642">
 <red-def:object object_ref="oval:com.redhat.rhsa:obj:20191167014"/>
 <red-def:state state_ref="oval:com.redhat.rhsa:ste:20203010001"/>
</red-def:rpminfo_test>
<red-def:rpminfo_test check="at least one" comment="kernel-modules-extra is earlier than 0:4.18.0-193.13.2.el8_2" id="oval:com.redhat.rhsa:tst:20203010029" version="642">
 <red-def:object object_ref="oval:com.redhat.rhsa:obj:20191167015"/>
 <red-def:state state_ref="oval:com.redhat.rhsa:ste:20203010001"/>
</red-def:rpminfo_test>
<red-def:rpminfo_test check="at least one" comment="kernel-tools is earlier than 0:4.18.0-193.13.2.el8_2" id="oval:com.redhat.rhsa:tst:20203010031" version="642">
 <red-def:object object_ref="oval:com.redhat.rhsa:obj:20191167016"/>
 <red-def:state state_ref="oval:com.redhat.rhsa:ste:20203010001"/>
</red-def:rpminfo_test>
<red-def:rpminfo_test check="at least one" comment="kernel-tools-libs is earlier than 0:4.18.0-193.13.2.el8_2" id="oval:com.redhat.rhsa:tst:20203010033" version="642">
 <red-def:object object_ref="oval:com.redhat.rhsa:obj:20191167017"/>
 <red-def:state state_ref="oval:com.redhat.rhsa:ste:20203010004"/>
</red-def:rpminfo_test>
<red-def:rpminfo_test check="at least one" comment="kernel-tools-libs-devel is earlier than 0:4.18.0-193.13.2.el8_2" id="oval:com.redhat.rhsa:tst:20203010035" version="642">
 <red-def:object object_ref="oval:com.redhat.rhsa:obj:20191167018"/>
 <red-def:state state_ref="oval:com.redhat.rhsa:ste:20203010004"/>
</red-def:rpminfo_test>
<red-def:rpminfo_test check="at least one" comment="kernel-zfcpdump is earlier than 0:4.18.0-193.13.2.el8_2" id="oval:com.redhat.rhsa:tst:20203010037" version="642">
 <red-def:object object_ref="oval:com.redhat.rhsa:obj:20191167019"/>
 <red-def:state state_ref="oval:com.redhat.rhsa:ste:20203010005"/>
</red-def:rpminfo_test>
<red-def:rpminfo_test check="at least one" comment="kernel-zfcpdump-core is earlier than 0:4.18.0-193.13.2.el8_2" id="oval:com.redhat.rhsa:tst:20203010039" version="642">
 <red-def:object object_ref="oval:com.redhat.rhsa:obj:20191167020"/>
 <red-def:state state_ref="oval:com.redhat.rhsa:ste:20203010005"/>
</red-def:rpminfo_test>
<red-def:rpminfo_test check="at least one" comment="kernel-zfcpdump-devel is earlier than 0:4.18.0-193.13.2.el8_2" id="oval:com.redhat.rhsa:tst:20203010041" version="642">
 <red-def:object object_ref="oval:com.redhat.rhsa:obj:20191167021"/>
 <red-def:state state_ref="oval:com.redhat.rhsa:ste:20203010005"/>
</red-def:rpminfo_test>
<red-def:rpminfo_test check="at least one" comment="kernel-zfcpdump-modules is earlier than 0:4.18.0-193.13.2.el8_2" id="oval:com.redhat.rhsa:tst:20203010043" version="642">
 <red-def:object object_ref="oval:com.redhat.rhsa:obj:20191167022"/>
 <red-def:state state_ref="oval:com.redhat.rhsa:ste:20203010005"/>
</red-def:rpminfo_test>
<red-def:rpminfo_test check="at least one" comment="kernel-zfcpdump-modules-extra is earlier than 0:4.18.0-193.13.2.el8_2" id="oval:com.redhat.rhsa:tst:20203010045" version="642">
 <red-def:object object_ref="oval:com.redhat.rhsa:obj:20191167023"/>
 <red-def:state state_ref="oval:com.redhat.rhsa:ste:20203010005"/>
</red-def:rpminfo_test>
<red-def:rpminfo_test check="at least one" comment="perf is earlier than 0:4.18.0-193.13.2.el8_2" id="oval:com.redhat.rhsa:tst:20203010047" version="642">
 <red-def:object object_ref="oval:com.redhat.rhsa:obj:20191167024"/>
 <red-def:state state_ref="oval:com.redhat.rhsa:ste:20203010001"/>
</red-def:rpminfo_test>
<red-def:rpminfo_test check="at least one" comment="python3-perf is earlier than 0:4.18.0-193.13.2.el8_2" id="oval:com.redhat.rhsa:tst:20203010049" version="642">
 <red-def:object object_ref="oval:com.redhat.rhsa:obj:20191167025"/>
 <red-def:state state_ref="oval:com.redhat.rhsa:ste:20203010001"/>
</red-def:rpminfo_test>
<unix-def:uname_test check="at least one" comment="kernel earlier than 0:4.18.0-193.13.2.el8_2 is currently running" id="oval:com.redhat.rhsa:tst:20203010051" version="642">
 <unix-def:object object_ref="oval:com.redhat.rhsa:obj:20191167026"/>
 <unix-def:state state_ref="oval:com.redhat.rhsa:ste:20203010006"/>
</unix-def:uname_test>
<ind-def:textfilecontent54_test check="all" comment="kernel earlier than 0:4.18.0-193.13.2.el8_2 is set to boot up on next boot" id="oval:com.redhat.rhsa:tst:20203010052" version="642">
 <ind-def:object object_ref="oval:com.redhat.rhsa:obj:20191167027"/>
 <ind-def:state state_ref="oval:com.redhat.rhsa:ste:20203010007"/>
</ind-def:textfilecontent54_test>
<red-def:rpminfo_test check="at least one" comment="NetworkManager is earlier than 1:1.22.8-5.el8_2" id="oval:com.redhat.rhsa:tst:20203011001" version="638">
 <red-def:object object_ref="oval:com.redhat.rhsa:obj:20203011001"/>
 <red-def:state state_ref="oval:com.redhat.rhsa:ste:20203011001"/>
</red-def:rpminfo_test>
<red-def:rpminfo_test check="at least one" comment="NetworkManager is signed with Red Hat redhatrelease2 key" id="oval:com.redhat.rhsa:tst:20203011002" version="638">
 <red-def:object object_ref="oval:com.redhat.rhsa:obj:20203011001"/>
 <red-def:state state_ref="oval:com.redhat.rhba:ste:20191992002"/>
</red-def:rpminfo_test>
<red-def:rpminfo_test check="at least one" comment="NetworkManager-adsl is earlier than 1:1.22.8-5.el8_2" id="oval:com.redhat.rhsa:tst:20203011003" version="638">
 <red-def:object object_ref="oval:com.redhat.rhsa:obj:20203011002"/>
 <red-def:state state_ref="oval:com.redhat.rhsa:ste:20203011001"/>
</red-def:rpminfo_test>
<red-def:rpminfo_test check="at least one" comment="NetworkManager-adsl is signed with Red Hat redhatrelease2 key" id="oval:com.redhat.rhsa:tst:20203011004" version="638">
 <red-def:object object_ref="oval:com.redhat.rhsa:obj:20203011002"/>
 <red-def:state state_ref="oval:com.redhat.rhba:ste:20191992002"/>
</red-def:rpminfo_test>
<red-def:rpminfo_test check="at least one" comment="NetworkManager-bluetooth is earlier than 1:1.22.8-5.el8_2" id="oval:com.redhat.rhsa:tst:20203011005" version="638">
 <red-def:object object_ref="oval:com.redhat.rhsa:obj:20203011003"/>
 <red-def:state state_ref="oval:com.redhat.rhsa:ste:20203011001"/>
</red-def:rpminfo_test>
<red-def:rpminfo_test check="at least one" comment="NetworkManager-bluetooth is signed with Red Hat redhatrelease2 key" id="oval:com.redhat.rhsa:tst:20203011006" version="638">
 <red-def:object object_ref="oval:com.redhat.rhsa:obj:20203011003"/>
 <red-def:state state_ref="oval:com.redhat.rhba:ste:20191992002"/>
</red-def:rpminfo_test>
<red-def:rpminfo_test check="at least one" comment="NetworkManager-cloud-setup is earlier than 1:1.22.8-5.el8_2" id="oval:com.redhat.rhsa:tst:20203011007" version="638">
 <red-def:object object_ref="oval:com.redhat.rhsa:obj:20203011004"/>
 <red-def:state state_ref="oval:com.redhat.rhsa:ste:20203011001"/>
</red-def:rpminfo_test>
<red-def:rpminfo_test check="at least one" comment="NetworkManager-cloud-setup is signed with Red Hat redhatrelease2 key" id="oval:com.redhat.rhsa:tst:20203011008" version="638">
 <red-def:object object_ref="oval:com.redhat.rhsa:obj:20203011004"/>
 <red-def:state state_ref="oval:com.redhat.rhba:ste:20191992002"/>
</red-def:rpminfo_test>
<red-def:rpminfo_test check="at least one" comment="NetworkManager-config-connectivity-redhat is earlier than 1:1.22.8-5.el8_2" id="oval:com.redhat.rhsa:tst:20203011009" version="638">
 <red-def:object object_ref="oval:com.redhat.rhsa:obj:20203011005"/>
 <red-def:state state_ref="oval:com.redhat.rhsa:ste:20203011003"/>
</red-def:rpminfo_test>
<red-def:rpminfo_test check="at least one" comment="NetworkManager-config-connectivity-redhat is signed with Red Hat redhatrelease2 key" id="oval:com.redhat.rhsa:tst:20203011010" version="638">
 <red-def:object object_ref="oval:com.redhat.rhsa:obj:20203011005"/>
 <red-def:state state_ref="oval:com.redhat.rhba:ste:20191992002"/>
</red-def:rpminfo_test>
<red-def:rpminfo_test check="at least one" comment="NetworkManager-config-server is earlier than 1:1.22.8-5.el8_2" id="oval:com.redhat.rhsa:tst:20203011011" version="638">
 <red-def:object object_ref="oval:com.redhat.rhsa:obj:20203011006"/>
 <red-def:state state_ref="oval:com.redhat.rhsa:ste:20203011003"/>
</red-def:rpminfo_test>
<red-def:rpminfo_test check="at least one" comment="NetworkManager-config-server is signed with Red Hat redhatrelease2 key" id="oval:com.redhat.rhsa:tst:20203011012" version="638">
 <red-def:object object_ref="oval:com.redhat.rhsa:obj:20203011006"/>
 <red-def:state state_ref="oval:com.redhat.rhba:ste:20191992002"/>
</red-def:rpminfo_test>
<red-def:rpminfo_test check="at least one" comment="NetworkManager-dispatcher-routing-rules is earlier than 1:1.22.8-5.el8_2" id="oval:com.redhat.rhsa:tst:20203011013" version="638">
 <red-def:object object_ref="oval:com.redhat.rhsa:obj:20203011007"/>
 <red-def:state state_ref="oval:com.redhat.rhsa:ste:20203011003"/>
</red-def:rpminfo_test>
<red-def:rpminfo_test check="at least one" comment="NetworkManager-dispatcher-routing-rules is signed with Red Hat redhatrelease2 key" id="oval:com.redhat.rhsa:tst:20203011014" version="638">
 <red-def:object object_ref="oval:com.redhat.rhsa:obj:20203011007"/>
 <red-def:state state_ref="oval:com.redhat.rhba:ste:20191992002"/>
</red-def:rpminfo_test>
<red-def:rpminfo_test check="at least one" comment="NetworkManager-libnm is earlier than 1:1.22.8-5.el8_2" id="oval:com.redhat.rhsa:tst:20203011015" version="638">
 <red-def:object object_ref="oval:com.redhat.rhsa:obj:20203011008"/>
 <red-def:state state_ref="oval:com.redhat.rhsa:ste:20203011004"/>
</red-def:rpminfo_test>
<red-def:rpminfo_test check="at least one" comment="NetworkManager-libnm is signed with Red Hat redhatrelease2 key" id="oval:com.redhat.rhsa:tst:20203011016" version="638">
 <red-def:object object_ref="oval:com.redhat.rhsa:obj:20203011008"/>
 <red-def:state state_ref="oval:com.redhat.rhba:ste:20191992002"/>
</red-def:rpminfo_test>
<red-def:rpminfo_test check="at least one" comment="NetworkManager-libnm-devel is earlier than 1:1.22.8-5.el8_2" id="oval:com.redhat.rhsa:tst:20203011017" version="638">
 <red-def:object object_ref="oval:com.redhat.rhsa:obj:20203011009"/>
 <red-def:state state_ref="oval:com.redhat.rhsa:ste:20203011004"/>
</red-def:rpminfo_test>
<red-def:rpminfo_test check="at least one" comment="NetworkManager-libnm-devel is signed with Red Hat redhatrelease2 key" id="oval:com.redhat.rhsa:tst:20203011018" version="638">
 <red-def:object object_ref="oval:com.redhat.rhsa:obj:20203011009"/>
 <red-def:state state_ref="oval:com.redhat.rhba:ste:20191992002"/>
</red-def:rpminfo_test>
<red-def:rpminfo_test check="at least one" comment="NetworkManager-ovs is earlier than 1:1.22.8-5.el8_2" id="oval:com.redhat.rhsa:tst:20203011019" version="638">
 <red-def:object object_ref="oval:com.redhat.rhsa:obj:20203011010"/>
 <red-def:state state_ref="oval:com.redhat.rhsa:ste:20203011001"/>
</red-def:rpminfo_test>
<red-def:rpminfo_test check="at least one" comment="NetworkManager-ovs is signed with Red Hat redhatrelease2 key" id="oval:com.redhat.rhsa:tst:20203011020" version="638">
 <red-def:object object_ref="oval:com.redhat.rhsa:obj:20203011010"/>
 <red-def:state state_ref="oval:com.redhat.rhba:ste:20191992002"/>
</red-def:rpminfo_test>
<red-def:rpminfo_test check="at least one" comment="NetworkManager-ppp is earlier than 1:1.22.8-5.el8_2" id="oval:com.redhat.rhsa:tst:20203011021" version="638">
 <red-def:object object_ref="oval:com.redhat.rhsa:obj:20203011011"/>
 <red-def:state state_ref="oval:com.redhat.rhsa:ste:20203011001"/>
</red-def:rpminfo_test>
<red-def:rpminfo_test check="at least one" comment="NetworkManager-ppp is signed with Red Hat redhatrelease2 key" id="oval:com.redhat.rhsa:tst:20203011022" version="638">
 <red-def:object object_ref="oval:com.redhat.rhsa:obj:20203011011"/>
 <red-def:state state_ref="oval:com.redhat.rhba:ste:20191992002"/>
</red-def:rpminfo_test>
<red-def:rpminfo_test check="at least one" comment="NetworkManager-team is earlier than 1:1.22.8-5.el8_2" id="oval:com.redhat.rhsa:tst:20203011023" version="638">
 <red-def:object object_ref="oval:com.redhat.rhsa:obj:20203011012"/>
 <red-def:state state_ref="oval:com.redhat.rhsa:ste:20203011001"/>
</red-def:rpminfo_test>
<red-def:rpminfo_test check="at least one" comment="NetworkManager-team is signed with Red Hat redhatrelease2 key" id="oval:com.redhat.rhsa:tst:20203011024" version="638">
 <red-def:object object_ref="oval:com.redhat.rhsa:obj:20203011012"/>
 <red-def:state state_ref="oval:com.redhat.rhba:ste:20191992002"/>
</red-def:rpminfo_test>
<red-def:rpminfo_test check="at least one" comment="NetworkManager-tui is earlier than 1:1.22.8-5.el8_2" id="oval:com.redhat.rhsa:tst:20203011025" version="638">
 <red-def:object object_ref="oval:com.redhat.rhsa:obj:20203011013"/>
 <red-def:state state_ref="oval:com.redhat.rhsa:ste:20203011001"/>
</red-def:rpminfo_test>
<red-def:rpminfo_test check="at least one" comment="NetworkManager-tui is signed with Red Hat redhatrelease2 key" id="oval:com.redhat.rhsa:tst:20203011026" version="638">
 <red-def:object object_ref="oval:com.redhat.rhsa:obj:20203011013"/>
 <red-def:state state_ref="oval:com.redhat.rhba:ste:20191992002"/>
</red-def:rpminfo_test>
<red-def:rpminfo_test check="at least one" comment="NetworkManager-wifi is earlier than 1:1.22.8-5.el8_2" id="oval:com.redhat.rhsa:tst:20203011027" version="638">
 <red-def:object object_ref="oval:com.redhat.rhsa:obj:20203011014"/>
 <red-def:state state_ref="oval:com.redhat.rhsa:ste:20203011001"/>
</red-def:rpminfo_test>
<red-def:rpminfo_test check="at least one" comment="NetworkManager-wifi is signed with Red Hat redhatrelease2 key" id="oval:com.redhat.rhsa:tst:20203011028" version="638">
 <red-def:object object_ref="oval:com.redhat.rhsa:obj:20203011014"/>
 <red-def:state state_ref="oval:com.redhat.rhba:ste:20191992002"/>
</red-def:rpminfo_test>
<red-def:rpminfo_test check="at least one" comment="NetworkManager-wwan is earlier than 1:1.22.8-5.el8_2" id="oval:com.redhat.rhsa:tst:20203011029" version="638">
 <red-def:object object_ref="oval:com.redhat.rhsa:obj:20203011015"/>
 <red-def:state state_ref="oval:com.redhat.rhsa:ste:20203011001"/>
</red-def:rpminfo_test>
<red-def:rpminfo_test check="at least one" comment="NetworkManager-wwan is signed with Red Hat redhatrelease2 key" id="oval:com.redhat.rhsa:tst:20203011030" version="638">
 <red-def:object object_ref="oval:com.redhat.rhsa:obj:20203011015"/>
 <red-def:state state_ref="oval:com.redhat.rhba:ste:20191992002"/>
</red-def:rpminfo_test>
<red-def:rpminfo_test check="at least one" comment="dbus is earlier than 1:1.12.8-10.el8_2" id="oval:com.redhat.rhsa:tst:20203014001" version="635">
 <red-def:object object_ref="oval:com.redhat.rhsa:obj:20193707001"/>
 <red-def:state state_ref="oval:com.redhat.rhsa:ste:20203014001"/>
</red-def:rpminfo_test>
<red-def:rpminfo_test check="at least one" comment="dbus-common is earlier than 1:1.12.8-10.el8_2" id="oval:com.redhat.rhsa:tst:20203014003" version="635">
 <red-def:object object_ref="oval:com.redhat.rhsa:obj:20193707002"/>
 <red-def:state state_ref="oval:com.redhat.rhsa:ste:20203014003"/>
</red-def:rpminfo_test>
<red-def:rpminfo_test check="at least one" comment="dbus-daemon is earlier than 1:1.12.8-10.el8_2" id="oval:com.redhat.rhsa:tst:20203014005" version="635">
 <red-def:object object_ref="oval:com.redhat.rhsa:obj:20193707003"/>
 <red-def:state state_ref="oval:com.redhat.rhsa:ste:20203014001"/>
</red-def:rpminfo_test>
<red-def:rpminfo_test check="at least one" comment="dbus-devel is earlier than 1:1.12.8-10.el8_2" id="oval:com.redhat.rhsa:tst:20203014007" version="635">
 <red-def:object object_ref="oval:com.redhat.rhsa:obj:20193707004"/>
 <red-def:state state_ref="oval:com.redhat.rhsa:ste:20203014004"/>
</red-def:rpminfo_test>
<red-def:rpminfo_test check="at least one" comment="dbus-libs is earlier than 1:1.12.8-10.el8_2" id="oval:com.redhat.rhsa:tst:20203014009" version="635">
 <red-def:object object_ref="oval:com.redhat.rhsa:obj:20193707005"/>
 <red-def:state state_ref="oval:com.redhat.rhsa:ste:20203014004"/>
</red-def:rpminfo_test>
<red-def:rpminfo_test check="at least one" comment="dbus-tools is earlier than 1:1.12.8-10.el8_2" id="oval:com.redhat.rhsa:tst:20203014011" version="635">
 <red-def:object object_ref="oval:com.redhat.rhsa:obj:20193707006"/>
 <red-def:state state_ref="oval:com.redhat.rhsa:ste:20203014001"/>
</red-def:rpminfo_test>
<red-def:rpminfo_test check="at least one" comment="dbus-x11 is earlier than 1:1.12.8-10.el8_2" id="oval:com.redhat.rhsa:tst:20203014013" version="635">
 <red-def:object object_ref="oval:com.redhat.rhsa:obj:20193707007"/>
 <red-def:state state_ref="oval:com.redhat.rhsa:ste:20203014001"/>
</red-def:rpminfo_test>
<red-def:rpminfo_test check="at least one" comment="kernel-rt is earlier than 0:4.18.0-193.13.2.rt13.65.el8_2" id="oval:com.redhat.rhsa:tst:20203016001" version="640">
 <red-def:object object_ref="oval:com.redhat.rhsa:obj:20191174001"/>
 <red-def:state state_ref="oval:com.redhat.rhsa:ste:20203016001"/>
</red-def:rpminfo_test>
<red-def:rpminfo_test check="at least one" comment="kernel-rt-core is earlier than 0:4.18.0-193.13.2.rt13.65.el8_2" id="oval:com.redhat.rhsa:tst:20203016003" version="640">
 <red-def:object object_ref="oval:com.redhat.rhsa:obj:20191174002"/>
 <red-def:state state_ref="oval:com.redhat.rhsa:ste:20203016001"/>
</red-def:rpminfo_test>
<red-def:rpminfo_test check="at least one" comment="kernel-rt-debug is earlier than 0:4.18.0-193.13.2.rt13.65.el8_2" id="oval:com.redhat.rhsa:tst:20203016005" version="640">
 <red-def:object object_ref="oval:com.redhat.rhsa:obj:20191174003"/>
 <red-def:state state_ref="oval:com.redhat.rhsa:ste:20203016001"/>
</red-def:rpminfo_test>
<red-def:rpminfo_test check="at least one" comment="kernel-rt-debug-core is earlier than 0:4.18.0-193.13.2.rt13.65.el8_2" id="oval:com.redhat.rhsa:tst:20203016007" version="640">
 <red-def:object object_ref="oval:com.redhat.rhsa:obj:20191174004"/>
 <red-def:state state_ref="oval:com.redhat.rhsa:ste:20203016001"/>
</red-def:rpminfo_test>
<red-def:rpminfo_test check="at least one" comment="kernel-rt-debug-devel is earlier than 0:4.18.0-193.13.2.rt13.65.el8_2" id="oval:com.redhat.rhsa:tst:20203016009" version="640">
 <red-def:object object_ref="oval:com.redhat.rhsa:obj:20191174005"/>
 <red-def:state state_ref="oval:com.redhat.rhsa:ste:20203016001"/>
</red-def:rpminfo_test>
<red-def:rpminfo_test check="at least one" comment="kernel-rt-debug-kvm is earlier than 0:4.18.0-193.13.2.rt13.65.el8_2" id="oval:com.redhat.rhsa:tst:20203016011" version="640">
 <red-def:object object_ref="oval:com.redhat.rhsa:obj:20191174006"/>
 <red-def:state state_ref="oval:com.redhat.rhsa:ste:20203016001"/>
</red-def:rpminfo_test>
<red-def:rpminfo_test check="at least one" comment="kernel-rt-debug-modules is earlier than 0:4.18.0-193.13.2.rt13.65.el8_2" id="oval:com.redhat.rhsa:tst:20203016013" version="640">
 <red-def:object object_ref="oval:com.redhat.rhsa:obj:20191174007"/>
 <red-def:state state_ref="oval:com.redhat.rhsa:ste:20203016001"/>
</red-def:rpminfo_test>
<red-def:rpminfo_test check="at least one" comment="kernel-rt-debug-modules-extra is earlier than 0:4.18.0-193.13.2.rt13.65.el8_2" id="oval:com.redhat.rhsa:tst:20203016015" version="640">
 <red-def:object object_ref="oval:com.redhat.rhsa:obj:20191174008"/>
 <red-def:state state_ref="oval:com.redhat.rhsa:ste:20203016001"/>
</red-def:rpminfo_test>
<red-def:rpminfo_test check="at least one" comment="kernel-rt-devel is earlier than 0:4.18.0-193.13.2.rt13.65.el8_2" id="oval:com.redhat.rhsa:tst:20203016017" version="640">
 <red-def:object object_ref="oval:com.redhat.rhsa:obj:20191174009"/>
 <red-def:state state_ref="oval:com.redhat.rhsa:ste:20203016001"/>
</red-def:rpminfo_test>
<red-def:rpminfo_test check="at least one" comment="kernel-rt-kvm is earlier than 0:4.18.0-193.13.2.rt13.65.el8_2" id="oval:com.redhat.rhsa:tst:20203016019" version="640">
 <red-def:object object_ref="oval:com.redhat.rhsa:obj:20191174010"/>
 <red-def:state state_ref="oval:com.redhat.rhsa:ste:20203016001"/>
</red-def:rpminfo_test>
<red-def:rpminfo_test check="at least one" comment="kernel-rt-modules is earlier than 0:4.18.0-193.13.2.rt13.65.el8_2" id="oval:com.redhat.rhsa:tst:20203016021" version="640">
 <red-def:object object_ref="oval:com.redhat.rhsa:obj:20191174011"/>
 <red-def:state state_ref="oval:com.redhat.rhsa:ste:20203016001"/>
</red-def:rpminfo_test>
<red-def:rpminfo_test check="at least one" comment="kernel-rt-modules-extra is earlier than 0:4.18.0-193.13.2.rt13.65.el8_2" id="oval:com.redhat.rhsa:tst:20203016023" version="640">
 <red-def:object object_ref="oval:com.redhat.rhsa:obj:20191174012"/>
 <red-def:state state_ref="oval:com.redhat.rhsa:ste:20203016001"/>
</red-def:rpminfo_test>
<red-def:rpminfo_test check="at least one" comment="cjose is earlier than 0:0.6.1-2.module+el8+2454+f890a43a" id="oval:com.redhat.rhsa:tst:20203032001" version="639">
 <red-def:object object_ref="oval:com.redhat.rhsa:obj:20203032001"/>
 <red-def:state state_ref="oval:com.redhat.rhsa:ste:20203032001"/>
</red-def:rpminfo_test>
<red-def:rpminfo_test check="at least one" comment="cjose is signed with Red Hat redhatrelease2 key" id="oval:com.redhat.rhsa:tst:20203032002" version="639">
 <red-def:object object_ref="oval:com.redhat.rhsa:obj:20203032001"/>
 <red-def:state state_ref="oval:com.redhat.rhba:ste:20191992002"/>
</red-def:rpminfo_test>
<red-def:rpminfo_test check="at least one" comment="cjose-devel is earlier than 0:0.6.1-2.module+el8+2454+f890a43a" id="oval:com.redhat.rhsa:tst:20203032003" version="639">
 <red-def:object object_ref="oval:com.redhat.rhsa:obj:20203032002"/>
 <red-def:state state_ref="oval:com.redhat.rhsa:ste:20203032001"/>
</red-def:rpminfo_test>
<red-def:rpminfo_test check="at least one" comment="cjose-devel is signed with Red Hat redhatrelease2 key" id="oval:com.redhat.rhsa:tst:20203032004" version="639">
 <red-def:object object_ref="oval:com.redhat.rhsa:obj:20203032002"/>
 <red-def:state state_ref="oval:com.redhat.rhba:ste:20191992002"/>
</red-def:rpminfo_test>
<red-def:rpminfo_test check="at least one" comment="mod_auth_openidc is earlier than 0:2.3.7-4.module+el8.2.0+6919+ac02cfd2.3" id="oval:com.redhat.rhsa:tst:20203032005" version="639">
 <red-def:object object_ref="oval:com.redhat.rhsa:obj:20203032003"/>
 <red-def:state state_ref="oval:com.redhat.rhsa:ste:20203032003"/>
</red-def:rpminfo_test>
<red-def:rpminfo_test check="at least one" comment="mod_auth_openidc is signed with Red Hat redhatrelease2 key" id="oval:com.redhat.rhsa:tst:20203032006" version="639">
 <red-def:object object_ref="oval:com.redhat.rhsa:obj:20203032003"/>
 <red-def:state state_ref="oval:com.redhat.rhba:ste:20191992002"/>
</red-def:rpminfo_test>
<ind-def:textfilecontent54_test check="all" comment="Module mod_auth_openidc:2.3 is enabled" id="oval:com.redhat.rhsa:tst:20203032007" version="639">
 <ind-def:object object_ref="oval:com.redhat.rhsa:obj:20203032004"/>
 <ind-def:state state_ref="oval:com.redhat.rhsa:ste:20203032004"/>
</ind-def:textfilecontent54_test>
<red-def:rpminfo_test check="at least one" comment="thunderbird is earlier than 0:68.10.0-1.el8_2" id="oval:com.redhat.rhsa:tst:20203038001" version="636">
 <red-def:object object_ref="oval:com.redhat.rhsa:obj:20191144001"/>
 <red-def:state state_ref="oval:com.redhat.rhsa:ste:20203038001"/>
</red-def:rpminfo_test>
<red-def:rpminfo_test check="at least one" comment="cloud-init is earlier than 0:19.4-1.el8.7" id="oval:com.redhat.rhsa:tst:20203050001" version="639">
 <red-def:object object_ref="oval:com.redhat.rhba:obj:20191992001"/>
 <red-def:state state_ref="oval:com.redhat.rhsa:ste:20203050001"/>
</red-def:rpminfo_test>
<red-def:rpminfo_test check="at least one" comment="buildah is earlier than 0:1.14.9-1.module+el8.2.1+6689+748e6520" id="oval:com.redhat.rhsa:tst:20203053001" version="637">
 <red-def:object object_ref="oval:com.redhat.rhba:obj:20220348001"/>
 <red-def:state state_ref="oval:com.redhat.rhsa:ste:20203053001"/>
</red-def:rpminfo_test>
<red-def:rpminfo_test check="at least one" comment="buildah-tests is earlier than 0:1.14.9-1.module+el8.2.1+6689+748e6520" id="oval:com.redhat.rhsa:tst:20203053003" version="637">
 <red-def:object object_ref="oval:com.redhat.rhba:obj:20220348002"/>
 <red-def:state state_ref="oval:com.redhat.rhsa:ste:20203053001"/>
</red-def:rpminfo_test>
<red-def:rpminfo_test check="at least one" comment="cockpit-podman is earlier than 0:17-1.module+el8.2.1+6636+bf4db4ab" id="oval:com.redhat.rhsa:tst:20203053005" version="637">
 <red-def:object object_ref="oval:com.redhat.rhba:obj:20220348003"/>
 <red-def:state state_ref="oval:com.redhat.rhsa:ste:20203053003"/>
</red-def:rpminfo_test>
<red-def:rpminfo_test check="at least one" comment="conmon is earlier than 2:2.0.17-1.module+el8.2.1+6771+3533eb4c" id="oval:com.redhat.rhsa:tst:20203053007" version="637">
 <red-def:object object_ref="oval:com.redhat.rhba:obj:20220348004"/>
 <red-def:state state_ref="oval:com.redhat.rhsa:ste:20203053004"/>
</red-def:rpminfo_test>
<red-def:rpminfo_test check="at least one" comment="container-selinux is earlier than 2:2.135.0-1.module+el8.2.1+6849+893e4f4a" id="oval:com.redhat.rhsa:tst:20203053009" version="637">
 <red-def:object object_ref="oval:com.redhat.rhba:obj:20220348005"/>
 <red-def:state state_ref="oval:com.redhat.rhsa:ste:20203053005"/>
</red-def:rpminfo_test>
<red-def:rpminfo_test check="at least one" comment="containernetworking-plugins is earlier than 0:0.8.6-1.module+el8.2.1+6626+598993b4" id="oval:com.redhat.rhsa:tst:20203053011" version="637">
 <red-def:object object_ref="oval:com.redhat.rhba:obj:20220348006"/>
 <red-def:state state_ref="oval:com.redhat.rhsa:ste:20203053006"/>
</red-def:rpminfo_test>
<red-def:rpminfo_test check="at least one" comment="containers-common is earlier than 1:1.0.0-1.module+el8.2.1+6676+604e1b26" id="oval:com.redhat.rhsa:tst:20203053013" version="637">
 <red-def:object object_ref="oval:com.redhat.rhba:obj:20220348007"/>
 <red-def:state state_ref="oval:com.redhat.rhsa:ste:20203053007"/>
</red-def:rpminfo_test>
<red-def:rpminfo_test check="at least one" comment="crit is earlier than 0:3.14-2.module+el8.2.1+6750+e53a300c" id="oval:com.redhat.rhsa:tst:20203053015" version="637">
 <red-def:object object_ref="oval:com.redhat.rhba:obj:20220348008"/>
 <red-def:state state_ref="oval:com.redhat.rhsa:ste:20203053008"/>
</red-def:rpminfo_test>
<red-def:rpminfo_test check="at least one" comment="criu is earlier than 0:3.14-2.module+el8.2.1+6750+e53a300c" id="oval:com.redhat.rhsa:tst:20203053017" version="637">
 <red-def:object object_ref="oval:com.redhat.rhba:obj:20220348009"/>
 <red-def:state state_ref="oval:com.redhat.rhsa:ste:20203053008"/>
</red-def:rpminfo_test>
<red-def:rpminfo_test check="at least one" comment="fuse-overlayfs is earlier than 0:1.0.0-2.module+el8.2.1+6465+1a51e8b6" id="oval:com.redhat.rhsa:tst:20203053019" version="637">
 <red-def:object object_ref="oval:com.redhat.rhba:obj:20220348011"/>
 <red-def:state state_ref="oval:com.redhat.rhsa:ste:20203053009"/>
</red-def:rpminfo_test>
<red-def:rpminfo_test check="at least one" comment="libslirp is earlier than 0:4.3.0-3.module+el8.2.1+6816+bedf4f91" id="oval:com.redhat.rhsa:tst:20203053021" version="637">
 <red-def:object object_ref="oval:com.redhat.rhba:obj:20220348012"/>
 <red-def:state state_ref="oval:com.redhat.rhsa:ste:20203053010"/>
</red-def:rpminfo_test>
<red-def:rpminfo_test check="at least one" comment="libslirp-devel is earlier than 0:4.3.0-3.module+el8.2.1+6816+bedf4f91" id="oval:com.redhat.rhsa:tst:20203053023" version="637">
 <red-def:object object_ref="oval:com.redhat.rhba:obj:20220348013"/>
 <red-def:state state_ref="oval:com.redhat.rhsa:ste:20203053010"/>
</red-def:rpminfo_test>
<red-def:rpminfo_test check="at least one" comment="podman is earlier than 0:1.9.3-2.module+el8.2.1+6867+366c07d6" id="oval:com.redhat.rhsa:tst:20203053025" version="637">
 <red-def:object object_ref="oval:com.redhat.rhba:obj:20220348015"/>
 <red-def:state state_ref="oval:com.redhat.rhsa:ste:20203053011"/>
</red-def:rpminfo_test>
<red-def:rpminfo_test check="at least one" comment="podman-docker is earlier than 0:1.9.3-2.module+el8.2.1+6867+366c07d6" id="oval:com.redhat.rhsa:tst:20203053027" version="637">
 <red-def:object object_ref="oval:com.redhat.rhba:obj:20220348017"/>
 <red-def:state state_ref="oval:com.redhat.rhsa:ste:20203053012"/>
</red-def:rpminfo_test>
<red-def:rpminfo_test check="at least one" comment="podman-remote is earlier than 0:1.9.3-2.module+el8.2.1+6867+366c07d6" id="oval:com.redhat.rhsa:tst:20203053029" version="637">
 <red-def:object object_ref="oval:com.redhat.rhba:obj:20220348019"/>
 <red-def:state state_ref="oval:com.redhat.rhsa:ste:20203053011"/>
</red-def:rpminfo_test>
<red-def:rpminfo_test check="at least one" comment="podman-tests is earlier than 0:1.9.3-2.module+el8.2.1+6867+366c07d6" id="oval:com.redhat.rhsa:tst:20203053031" version="637">
 <red-def:object object_ref="oval:com.redhat.rhba:obj:20220348020"/>
 <red-def:state state_ref="oval:com.redhat.rhsa:ste:20203053011"/>
</red-def:rpminfo_test>
<red-def:rpminfo_test check="at least one" comment="python-podman-api is earlier than 0:1.2.0-0.2.gitd0a45fe.module+el8.2.1+6465+1a51e8b6" id="oval:com.redhat.rhsa:tst:20203053033" version="637">
 <red-def:object object_ref="oval:com.redhat.rhsa:obj:20193403015"/>
 <red-def:state state_ref="oval:com.redhat.rhsa:ste:20203053013"/>
</red-def:rpminfo_test>
<red-def:rpminfo_test check="at least one" comment="python3-criu is earlier than 0:3.14-2.module+el8.2.1+6750+e53a300c" id="oval:com.redhat.rhsa:tst:20203053035" version="637">
 <red-def:object object_ref="oval:com.redhat.rhba:obj:20220348021"/>
 <red-def:state state_ref="oval:com.redhat.rhsa:ste:20203053008"/>
</red-def:rpminfo_test>
<red-def:rpminfo_test check="at least one" comment="runc is earlier than 0:1.0.0-66.rc10.module+el8.2.1+6465+1a51e8b6" id="oval:com.redhat.rhsa:tst:20203053037" version="637">
 <red-def:object object_ref="oval:com.redhat.rhba:obj:20220348022"/>
 <red-def:state state_ref="oval:com.redhat.rhsa:ste:20203053014"/>
</red-def:rpminfo_test>
<red-def:rpminfo_test check="at least one" comment="skopeo is earlier than 1:1.0.0-1.module+el8.2.1+6676+604e1b26" id="oval:com.redhat.rhsa:tst:20203053039" version="637">
 <red-def:object object_ref="oval:com.redhat.rhba:obj:20220348023"/>
 <red-def:state state_ref="oval:com.redhat.rhsa:ste:20203053007"/>
</red-def:rpminfo_test>
<red-def:rpminfo_test check="at least one" comment="skopeo-tests is earlier than 1:1.0.0-1.module+el8.2.1+6676+604e1b26" id="oval:com.redhat.rhsa:tst:20203053041" version="637">
 <red-def:object object_ref="oval:com.redhat.rhba:obj:20220348024"/>
 <red-def:state state_ref="oval:com.redhat.rhsa:ste:20203053007"/>
</red-def:rpminfo_test>
<red-def:rpminfo_test check="at least one" comment="slirp4netns is earlier than 0:1.0.1-1.module+el8.2.1+6595+03641d72" id="oval:com.redhat.rhsa:tst:20203053043" version="637">
 <red-def:object object_ref="oval:com.redhat.rhba:obj:20220348025"/>
 <red-def:state state_ref="oval:com.redhat.rhsa:ste:20203053015"/>
</red-def:rpminfo_test>
<red-def:rpminfo_test check="at least one" comment="toolbox is earlier than 0:0.0.7-1.module+el8.2.1+6465+1a51e8b6" id="oval:com.redhat.rhsa:tst:20203053045" version="637">
 <red-def:object object_ref="oval:com.redhat.rhba:obj:20220348026"/>
 <red-def:state state_ref="oval:com.redhat.rhsa:ste:20203053016"/>
</red-def:rpminfo_test>
<red-def:rpminfo_test check="at least one" comment="udica is earlier than 0:0.2.1-2.module+el8.2.1+6465+1a51e8b6" id="oval:com.redhat.rhsa:tst:20203053047" version="637">
 <red-def:object object_ref="oval:com.redhat.rhba:obj:20220348028"/>
 <red-def:state state_ref="oval:com.redhat.rhsa:ste:20203053017"/>
</red-def:rpminfo_test>
<red-def:rpminfo_test check="at least one" comment="kernel version equals 0:4.18.0-193.el8" id="oval:com.redhat.rhsa:tst:20203073001" version="637">
 <red-def:object object_ref="oval:com.redhat.rhsa:obj:20191167002"/>
 <red-def:state state_ref="oval:com.redhat.rhsa:ste:20203073002"/>
</red-def:rpminfo_test>
<red-def:rpminfo_test check="at least one" comment="kpatch-patch-4_18_0-193 is earlier than 0:1-5.el8" id="oval:com.redhat.rhsa:tst:20203073004" version="637">
 <red-def:object object_ref="oval:com.redhat.rhsa:obj:20202125002"/>
 <red-def:state state_ref="oval:com.redhat.rhsa:ste:20203073001"/>
</red-def:rpminfo_test>
<red-def:rpminfo_test check="at least one" comment="kernel version equals 0:4.18.0-193.1.2.el8_2" id="oval:com.redhat.rhsa:tst:20203073008" version="637">
 <red-def:object object_ref="oval:com.redhat.rhsa:obj:20191167002"/>
 <red-def:state state_ref="oval:com.redhat.rhsa:ste:20203073007"/>
</red-def:rpminfo_test>
<red-def:rpminfo_test check="at least one" comment="kpatch-patch-4_18_0-193_1_2 is earlier than 0:1-3.el8_2" id="oval:com.redhat.rhsa:tst:20203073010" version="637">
 <red-def:object object_ref="oval:com.redhat.rhsa:obj:20202567005"/>
 <red-def:state state_ref="oval:com.redhat.rhsa:ste:20203073006"/>
</red-def:rpminfo_test>
<red-def:rpminfo_test check="at least one" comment="kernel version equals 0:4.18.0-193.6.3.el8_2" id="oval:com.redhat.rhsa:tst:20203073014" version="637">
 <red-def:object object_ref="oval:com.redhat.rhsa:obj:20191167002"/>
 <red-def:state state_ref="oval:com.redhat.rhsa:ste:20203073011"/>
</red-def:rpminfo_test>
<red-def:rpminfo_test check="at least one" check_existence="none_exist" comment="kpatch-patch not installed for 0:4.18.0-193.6.3.el8_2" id="oval:com.redhat.rhsa:tst:20203073015" version="637">
 <red-def:object object_ref="oval:com.redhat.rhsa:obj:20203073006"/>
</red-def:rpminfo_test>
<red-def:rpminfo_test check="at least one" comment="kpatch-patch-4_18_0-193_6_3 is earlier than 0:1-2.el8_2" id="oval:com.redhat.rhsa:tst:20203073016" version="637">
 <red-def:object object_ref="oval:com.redhat.rhsa:obj:20203073006"/>
 <red-def:state state_ref="oval:com.redhat.rhsa:ste:20203073010"/>
</red-def:rpminfo_test>
<red-def:rpminfo_test check="at least one" comment="kpatch-patch-4_18_0-193_6_3 is signed with Red Hat redhatrelease2 key" id="oval:com.redhat.rhsa:tst:20203073017" version="637">
 <red-def:object object_ref="oval:com.redhat.rhsa:obj:20203073006"/>
 <red-def:state state_ref="oval:com.redhat.rhba:ste:20191992002"/>
</red-def:rpminfo_test>
<unix-def:uname_test check="at least one" comment="kernel version 0:4.18.0-193.6.3.el8_2 is currently running" id="oval:com.redhat.rhsa:tst:20203073018" version="637">
 <unix-def:object object_ref="oval:com.redhat.rhsa:obj:20191167026"/>
 <unix-def:state state_ref="oval:com.redhat.rhsa:ste:20203073012"/>
</unix-def:uname_test>
<ind-def:textfilecontent54_test check="all" comment="kernel version 0:4.18.0-193.6.3.el8_2 is set to boot up on next boot" id="oval:com.redhat.rhsa:tst:20203073019" version="637">
 <ind-def:object object_ref="oval:com.redhat.rhsa:obj:20191167027"/>
 <ind-def:state state_ref="oval:com.redhat.rhsa:ste:20203073013"/>
</ind-def:textfilecontent54_test>
<red-def:rpminfo_test check="at least one" comment="postgresql-jdbc is earlier than 0:42.2.3-3.el8_2" id="oval:com.redhat.rhsa:tst:20203176001" version="636">
 <red-def:object object_ref="oval:com.redhat.rhsa:obj:20203176001"/>
 <red-def:state state_ref="oval:com.redhat.rhsa:ste:20203176001"/>
</red-def:rpminfo_test>
<red-def:rpminfo_test check="at least one" comment="postgresql-jdbc is signed with Red Hat redhatrelease2 key" id="oval:com.redhat.rhsa:tst:20203176002" version="636">
 <red-def:object object_ref="oval:com.redhat.rhsa:obj:20203176001"/>
 <red-def:state state_ref="oval:com.redhat.rhba:ste:20191992002"/>
</red-def:rpminfo_test>
<red-def:rpminfo_test check="at least one" comment="postgresql-jdbc-javadoc is earlier than 0:42.2.3-3.el8_2" id="oval:com.redhat.rhsa:tst:20203176003" version="636">
 <red-def:object object_ref="oval:com.redhat.rhsa:obj:20203176002"/>
 <red-def:state state_ref="oval:com.redhat.rhsa:ste:20203176001"/>
</red-def:rpminfo_test>
<red-def:rpminfo_test check="at least one" comment="postgresql-jdbc-javadoc is signed with Red Hat redhatrelease2 key" id="oval:com.redhat.rhsa:tst:20203176004" version="636">
 <red-def:object object_ref="oval:com.redhat.rhsa:obj:20203176002"/>
 <red-def:state state_ref="oval:com.redhat.rhba:ste:20191992002"/>
</red-def:rpminfo_test>
<red-def:rpminfo_test check="at least one" comment="python3-pillow is earlier than 0:5.1.1-12.el8_2" id="oval:com.redhat.rhsa:tst:20203185001" version="635">
 <red-def:object object_ref="oval:com.redhat.rhsa:obj:20200580001"/>
 <red-def:state state_ref="oval:com.redhat.rhsa:ste:20203185001"/>
</red-def:rpminfo_test>
<red-def:rpminfo_test check="at least one" comment="shim-unsigned-x64 is earlier than 0:15-7.el8" id="oval:com.redhat.rhsa:tst:20203216001" version="640">
 <red-def:object object_ref="oval:com.redhat.rhsa:obj:20203216001"/>
 <red-def:state state_ref="oval:com.redhat.rhsa:ste:20203216001"/>
</red-def:rpminfo_test>
<red-def:rpminfo_test check="at least one" comment="shim-unsigned-x64 is signed with Red Hat redhatrelease2 key" id="oval:com.redhat.rhsa:tst:20203216002" version="640">
 <red-def:object object_ref="oval:com.redhat.rhsa:obj:20203216001"/>
 <red-def:state state_ref="oval:com.redhat.rhba:ste:20191992002"/>
</red-def:rpminfo_test>
<red-def:rpminfo_test check="at least one" comment="shim-aa64 is earlier than 0:15-14.el8_2" id="oval:com.redhat.rhsa:tst:20203216003" version="640">
 <red-def:object object_ref="oval:com.redhat.rhsa:obj:20203216002"/>
 <red-def:state state_ref="oval:com.redhat.rhsa:ste:20203216003"/>
</red-def:rpminfo_test>
<red-def:rpminfo_test check="at least one" comment="shim-aa64 is signed with Red Hat redhatrelease2 key" id="oval:com.redhat.rhsa:tst:20203216004" version="640">
 <red-def:object object_ref="oval:com.redhat.rhsa:obj:20203216002"/>
 <red-def:state state_ref="oval:com.redhat.rhba:ste:20191992002"/>
</red-def:rpminfo_test>
<red-def:rpminfo_test check="at least one" comment="shim-ia32 is earlier than 0:15-14.el8_2" id="oval:com.redhat.rhsa:tst:20203216005" version="640">
 <red-def:object object_ref="oval:com.redhat.rhsa:obj:20203216003"/>
 <red-def:state state_ref="oval:com.redhat.rhsa:ste:20203216004"/>
</red-def:rpminfo_test>
<red-def:rpminfo_test check="at least one" comment="shim-ia32 is signed with Red Hat redhatrelease2 key" id="oval:com.redhat.rhsa:tst:20203216006" version="640">
 <red-def:object object_ref="oval:com.redhat.rhsa:obj:20203216003"/>
 <red-def:state state_ref="oval:com.redhat.rhba:ste:20191992002"/>
</red-def:rpminfo_test>
<red-def:rpminfo_test check="at least one" comment="shim-x64 is earlier than 0:15-14.el8_2" id="oval:com.redhat.rhsa:tst:20203216007" version="640">
 <red-def:object object_ref="oval:com.redhat.rhsa:obj:20203216004"/>
 <red-def:state state_ref="oval:com.redhat.rhsa:ste:20203216004"/>
</red-def:rpminfo_test>
<red-def:rpminfo_test check="at least one" comment="shim-x64 is signed with Red Hat redhatrelease2 key" id="oval:com.redhat.rhsa:tst:20203216008" version="640">
 <red-def:object object_ref="oval:com.redhat.rhsa:obj:20203216004"/>
 <red-def:state state_ref="oval:com.redhat.rhba:ste:20191992002"/>
</red-def:rpminfo_test>
<red-def:rpminfo_test check="at least one" comment="fwupd is earlier than 0:1.1.4-7.el8_2" id="oval:com.redhat.rhsa:tst:20203216009" version="640">
 <red-def:object object_ref="oval:com.redhat.rhsa:obj:20203216005"/>
 <red-def:state state_ref="oval:com.redhat.rhsa:ste:20203216005"/>
</red-def:rpminfo_test>
<red-def:rpminfo_test check="at least one" comment="fwupd is signed with Red Hat redhatrelease2 key" id="oval:com.redhat.rhsa:tst:20203216010" version="640">
 <red-def:object object_ref="oval:com.redhat.rhsa:obj:20203216005"/>
 <red-def:state state_ref="oval:com.redhat.rhba:ste:20191992002"/>
</red-def:rpminfo_test>
<red-def:rpminfo_test check="at least one" comment="grub2-common is earlier than 1:2.02-87.el8_2" id="oval:com.redhat.rhsa:tst:20203216011" version="640">
 <red-def:object object_ref="oval:com.redhat.rhsa:obj:20200335001"/>
 <red-def:state state_ref="oval:com.redhat.rhsa:ste:20203216006"/>
</red-def:rpminfo_test>
<red-def:rpminfo_test check="at least one" comment="grub2-efi-aa64 is earlier than 1:2.02-87.el8_2" id="oval:com.redhat.rhsa:tst:20203216013" version="640">
 <red-def:object object_ref="oval:com.redhat.rhsa:obj:20200335002"/>
 <red-def:state state_ref="oval:com.redhat.rhsa:ste:20203216007"/>
</red-def:rpminfo_test>
<red-def:rpminfo_test check="at least one" comment="grub2-efi-aa64-cdboot is earlier than 1:2.02-87.el8_2" id="oval:com.redhat.rhsa:tst:20203216015" version="640">
 <red-def:object object_ref="oval:com.redhat.rhsa:obj:20200335003"/>
 <red-def:state state_ref="oval:com.redhat.rhsa:ste:20203216007"/>
</red-def:rpminfo_test>
<red-def:rpminfo_test check="at least one" comment="grub2-efi-aa64-modules is earlier than 1:2.02-87.el8_2" id="oval:com.redhat.rhsa:tst:20203216017" version="640">
 <red-def:object object_ref="oval:com.redhat.rhsa:obj:20200335004"/>
 <red-def:state state_ref="oval:com.redhat.rhsa:ste:20203216006"/>
</red-def:rpminfo_test>
<red-def:rpminfo_test check="at least one" comment="grub2-efi-ia32 is earlier than 1:2.02-87.el8_2" id="oval:com.redhat.rhsa:tst:20203216019" version="640">
 <red-def:object object_ref="oval:com.redhat.rhsa:obj:20200335005"/>
 <red-def:state state_ref="oval:com.redhat.rhsa:ste:20203216008"/>
</red-def:rpminfo_test>
<red-def:rpminfo_test check="at least one" comment="grub2-efi-ia32-cdboot is earlier than 1:2.02-87.el8_2" id="oval:com.redhat.rhsa:tst:20203216021" version="640">
 <red-def:object object_ref="oval:com.redhat.rhsa:obj:20200335006"/>
 <red-def:state state_ref="oval:com.redhat.rhsa:ste:20203216008"/>
</red-def:rpminfo_test>
<red-def:rpminfo_test check="at least one" comment="grub2-efi-ia32-modules is earlier than 1:2.02-87.el8_2" id="oval:com.redhat.rhsa:tst:20203216023" version="640">
 <red-def:object object_ref="oval:com.redhat.rhsa:obj:20200335007"/>
 <red-def:state state_ref="oval:com.redhat.rhsa:ste:20203216006"/>
</red-def:rpminfo_test>
<red-def:rpminfo_test check="at least one" comment="grub2-efi-x64 is earlier than 1:2.02-87.el8_2" id="oval:com.redhat.rhsa:tst:20203216025" version="640">
 <red-def:object object_ref="oval:com.redhat.rhsa:obj:20200335008"/>
 <red-def:state state_ref="oval:com.redhat.rhsa:ste:20203216008"/>
</red-def:rpminfo_test>
<red-def:rpminfo_test check="at least one" comment="grub2-efi-x64-cdboot is earlier than 1:2.02-87.el8_2" id="oval:com.redhat.rhsa:tst:20203216027" version="640">
 <red-def:object object_ref="oval:com.redhat.rhsa:obj:20200335009"/>
 <red-def:state state_ref="oval:com.redhat.rhsa:ste:20203216008"/>
</red-def:rpminfo_test>
<red-def:rpminfo_test check="at least one" comment="grub2-efi-x64-modules is earlier than 1:2.02-87.el8_2" id="oval:com.redhat.rhsa:tst:20203216029" version="640">
 <red-def:object object_ref="oval:com.redhat.rhsa:obj:20200335010"/>
 <red-def:state state_ref="oval:com.redhat.rhsa:ste:20203216006"/>
</red-def:rpminfo_test>
<red-def:rpminfo_test check="at least one" comment="grub2-pc is earlier than 1:2.02-87.el8_2" id="oval:com.redhat.rhsa:tst:20203216031" version="640">
 <red-def:object object_ref="oval:com.redhat.rhsa:obj:20200335011"/>
 <red-def:state state_ref="oval:com.redhat.rhsa:ste:20203216008"/>
</red-def:rpminfo_test>
<red-def:rpminfo_test check="at least one" comment="grub2-pc-modules is earlier than 1:2.02-87.el8_2" id="oval:com.redhat.rhsa:tst:20203216033" version="640">
 <red-def:object object_ref="oval:com.redhat.rhsa:obj:20200335012"/>
 <red-def:state state_ref="oval:com.redhat.rhsa:ste:20203216006"/>
</red-def:rpminfo_test>
<red-def:rpminfo_test check="at least one" comment="grub2-ppc64le is earlier than 1:2.02-87.el8_2" id="oval:com.redhat.rhsa:tst:20203216035" version="640">
 <red-def:object object_ref="oval:com.redhat.rhsa:obj:20200335013"/>
 <red-def:state state_ref="oval:com.redhat.rhsa:ste:20203216009"/>
</red-def:rpminfo_test>
<red-def:rpminfo_test check="at least one" comment="grub2-ppc64le-modules is earlier than 1:2.02-87.el8_2" id="oval:com.redhat.rhsa:tst:20203216037" version="640">
 <red-def:object object_ref="oval:com.redhat.rhsa:obj:20200335014"/>
 <red-def:state state_ref="oval:com.redhat.rhsa:ste:20203216006"/>
</red-def:rpminfo_test>
<red-def:rpminfo_test check="at least one" comment="grub2-tools is earlier than 1:2.02-87.el8_2" id="oval:com.redhat.rhsa:tst:20203216039" version="640">
 <red-def:object object_ref="oval:com.redhat.rhsa:obj:20200335015"/>
 <red-def:state state_ref="oval:com.redhat.rhsa:ste:20203216010"/>
</red-def:rpminfo_test>
<red-def:rpminfo_test check="at least one" comment="grub2-tools-efi is earlier than 1:2.02-87.el8_2" id="oval:com.redhat.rhsa:tst:20203216041" version="640">
 <red-def:object object_ref="oval:com.redhat.rhsa:obj:20200335016"/>
 <red-def:state state_ref="oval:com.redhat.rhsa:ste:20203216008"/>
</red-def:rpminfo_test>
<red-def:rpminfo_test check="at least one" comment="grub2-tools-extra is earlier than 1:2.02-87.el8_2" id="oval:com.redhat.rhsa:tst:20203216043" version="640">
 <red-def:object object_ref="oval:com.redhat.rhsa:obj:20200335017"/>
 <red-def:state state_ref="oval:com.redhat.rhsa:ste:20203216010"/>
</red-def:rpminfo_test>
<red-def:rpminfo_test check="at least one" comment="grub2-tools-minimal is earlier than 1:2.02-87.el8_2" id="oval:com.redhat.rhsa:tst:20203216045" version="640">
 <red-def:object object_ref="oval:com.redhat.rhsa:obj:20200335018"/>
 <red-def:state state_ref="oval:com.redhat.rhsa:ste:20203216010"/>
</red-def:rpminfo_test>
<red-def:rpminfo_test check="at least one" comment="bpftool is earlier than 0:4.18.0-193.14.3.el8_2" id="oval:com.redhat.rhsa:tst:20203218001" version="639">
 <red-def:object object_ref="oval:com.redhat.rhsa:obj:20191167001"/>
 <red-def:state state_ref="oval:com.redhat.rhsa:ste:20203218001"/>
</red-def:rpminfo_test>
<red-def:rpminfo_test check="at least one" comment="kernel is earlier than 0:4.18.0-193.14.3.el8_2" id="oval:com.redhat.rhsa:tst:20203218003" version="639">
 <red-def:object object_ref="oval:com.redhat.rhsa:obj:20191167002"/>
 <red-def:state state_ref="oval:com.redhat.rhsa:ste:20203218001"/>
</red-def:rpminfo_test>
<red-def:rpminfo_test check="at least one" comment="kernel-abi-whitelists is earlier than 0:4.18.0-193.14.3.el8_2" id="oval:com.redhat.rhsa:tst:20203218005" version="639">
 <red-def:object object_ref="oval:com.redhat.rhsa:obj:20191167003"/>
 <red-def:state state_ref="oval:com.redhat.rhsa:ste:20203218003"/>
</red-def:rpminfo_test>
<red-def:rpminfo_test check="at least one" comment="kernel-core is earlier than 0:4.18.0-193.14.3.el8_2" id="oval:com.redhat.rhsa:tst:20203218007" version="639">
 <red-def:object object_ref="oval:com.redhat.rhsa:obj:20191167004"/>
 <red-def:state state_ref="oval:com.redhat.rhsa:ste:20203218001"/>
</red-def:rpminfo_test>
<red-def:rpminfo_test check="at least one" comment="kernel-cross-headers is earlier than 0:4.18.0-193.14.3.el8_2" id="oval:com.redhat.rhsa:tst:20203218009" version="639">
 <red-def:object object_ref="oval:com.redhat.rhsa:obj:20191167005"/>
 <red-def:state state_ref="oval:com.redhat.rhsa:ste:20203218001"/>
</red-def:rpminfo_test>
<red-def:rpminfo_test check="at least one" comment="kernel-debug is earlier than 0:4.18.0-193.14.3.el8_2" id="oval:com.redhat.rhsa:tst:20203218011" version="639">
 <red-def:object object_ref="oval:com.redhat.rhsa:obj:20191167006"/>
 <red-def:state state_ref="oval:com.redhat.rhsa:ste:20203218001"/>
</red-def:rpminfo_test>
<red-def:rpminfo_test check="at least one" comment="kernel-debug-core is earlier than 0:4.18.0-193.14.3.el8_2" id="oval:com.redhat.rhsa:tst:20203218013" version="639">
 <red-def:object object_ref="oval:com.redhat.rhsa:obj:20191167007"/>
 <red-def:state state_ref="oval:com.redhat.rhsa:ste:20203218001"/>
</red-def:rpminfo_test>
<red-def:rpminfo_test check="at least one" comment="kernel-debug-devel is earlier than 0:4.18.0-193.14.3.el8_2" id="oval:com.redhat.rhsa:tst:20203218015" version="639">
 <red-def:object object_ref="oval:com.redhat.rhsa:obj:20191167008"/>
 <red-def:state state_ref="oval:com.redhat.rhsa:ste:20203218001"/>
</red-def:rpminfo_test>
<red-def:rpminfo_test check="at least one" comment="kernel-debug-modules is earlier than 0:4.18.0-193.14.3.el8_2" id="oval:com.redhat.rhsa:tst:20203218017" version="639">
 <red-def:object object_ref="oval:com.redhat.rhsa:obj:20191167009"/>
 <red-def:state state_ref="oval:com.redhat.rhsa:ste:20203218001"/>
</red-def:rpminfo_test>
<red-def:rpminfo_test check="at least one" comment="kernel-debug-modules-extra is earlier than 0:4.18.0-193.14.3.el8_2" id="oval:com.redhat.rhsa:tst:20203218019" version="639">
 <red-def:object object_ref="oval:com.redhat.rhsa:obj:20191167010"/>
 <red-def:state state_ref="oval:com.redhat.rhsa:ste:20203218001"/>
</red-def:rpminfo_test>
<red-def:rpminfo_test check="at least one" comment="kernel-devel is earlier than 0:4.18.0-193.14.3.el8_2" id="oval:com.redhat.rhsa:tst:20203218021" version="639">
 <red-def:object object_ref="oval:com.redhat.rhsa:obj:20191167011"/>
 <red-def:state state_ref="oval:com.redhat.rhsa:ste:20203218001"/>
</red-def:rpminfo_test>
<red-def:rpminfo_test check="at least one" comment="kernel-doc is earlier than 0:4.18.0-193.14.3.el8_2" id="oval:com.redhat.rhsa:tst:20203218023" version="639">
 <red-def:object object_ref="oval:com.redhat.rhsa:obj:20191167012"/>
 <red-def:state state_ref="oval:com.redhat.rhsa:ste:20203218003"/>
</red-def:rpminfo_test>
<red-def:rpminfo_test check="at least one" comment="kernel-headers is earlier than 0:4.18.0-193.14.3.el8_2" id="oval:com.redhat.rhsa:tst:20203218025" version="639">
 <red-def:object object_ref="oval:com.redhat.rhsa:obj:20191167013"/>
 <red-def:state state_ref="oval:com.redhat.rhsa:ste:20203218001"/>
</red-def:rpminfo_test>
<red-def:rpminfo_test check="at least one" comment="kernel-modules is earlier than 0:4.18.0-193.14.3.el8_2" id="oval:com.redhat.rhsa:tst:20203218027" version="639">
 <red-def:object object_ref="oval:com.redhat.rhsa:obj:20191167014"/>
 <red-def:state state_ref="oval:com.redhat.rhsa:ste:20203218001"/>
</red-def:rpminfo_test>
<red-def:rpminfo_test check="at least one" comment="kernel-modules-extra is earlier than 0:4.18.0-193.14.3.el8_2" id="oval:com.redhat.rhsa:tst:20203218029" version="639">
 <red-def:object object_ref="oval:com.redhat.rhsa:obj:20191167015"/>
 <red-def:state state_ref="oval:com.redhat.rhsa:ste:20203218001"/>
</red-def:rpminfo_test>
<red-def:rpminfo_test check="at least one" comment="kernel-tools is earlier than 0:4.18.0-193.14.3.el8_2" id="oval:com.redhat.rhsa:tst:20203218031" version="639">
 <red-def:object object_ref="oval:com.redhat.rhsa:obj:20191167016"/>
 <red-def:state state_ref="oval:com.redhat.rhsa:ste:20203218001"/>
</red-def:rpminfo_test>
<red-def:rpminfo_test check="at least one" comment="kernel-tools-libs is earlier than 0:4.18.0-193.14.3.el8_2" id="oval:com.redhat.rhsa:tst:20203218033" version="639">
 <red-def:object object_ref="oval:com.redhat.rhsa:obj:20191167017"/>
 <red-def:state state_ref="oval:com.redhat.rhsa:ste:20203218004"/>
</red-def:rpminfo_test>
<red-def:rpminfo_test check="at least one" comment="kernel-tools-libs-devel is earlier than 0:4.18.0-193.14.3.el8_2" id="oval:com.redhat.rhsa:tst:20203218035" version="639">
 <red-def:object object_ref="oval:com.redhat.rhsa:obj:20191167018"/>
 <red-def:state state_ref="oval:com.redhat.rhsa:ste:20203218004"/>
</red-def:rpminfo_test>
<red-def:rpminfo_test check="at least one" comment="kernel-zfcpdump is earlier than 0:4.18.0-193.14.3.el8_2" id="oval:com.redhat.rhsa:tst:20203218037" version="639">
 <red-def:object object_ref="oval:com.redhat.rhsa:obj:20191167019"/>
 <red-def:state state_ref="oval:com.redhat.rhsa:ste:20203218005"/>
</red-def:rpminfo_test>
<red-def:rpminfo_test check="at least one" comment="kernel-zfcpdump-core is earlier than 0:4.18.0-193.14.3.el8_2" id="oval:com.redhat.rhsa:tst:20203218039" version="639">
 <red-def:object object_ref="oval:com.redhat.rhsa:obj:20191167020"/>
 <red-def:state state_ref="oval:com.redhat.rhsa:ste:20203218005"/>
</red-def:rpminfo_test>
<red-def:rpminfo_test check="at least one" comment="kernel-zfcpdump-devel is earlier than 0:4.18.0-193.14.3.el8_2" id="oval:com.redhat.rhsa:tst:20203218041" version="639">
 <red-def:object object_ref="oval:com.redhat.rhsa:obj:20191167021"/>
 <red-def:state state_ref="oval:com.redhat.rhsa:ste:20203218005"/>
</red-def:rpminfo_test>
<red-def:rpminfo_test check="at least one" comment="kernel-zfcpdump-modules is earlier than 0:4.18.0-193.14.3.el8_2" id="oval:com.redhat.rhsa:tst:20203218043" version="639">
 <red-def:object object_ref="oval:com.redhat.rhsa:obj:20191167022"/>
 <red-def:state state_ref="oval:com.redhat.rhsa:ste:20203218005"/>
</red-def:rpminfo_test>
<red-def:rpminfo_test check="at least one" comment="kernel-zfcpdump-modules-extra is earlier than 0:4.18.0-193.14.3.el8_2" id="oval:com.redhat.rhsa:tst:20203218045" version="639">
 <red-def:object object_ref="oval:com.redhat.rhsa:obj:20191167023"/>
 <red-def:state state_ref="oval:com.redhat.rhsa:ste:20203218005"/>
</red-def:rpminfo_test>
<red-def:rpminfo_test check="at least one" comment="perf is earlier than 0:4.18.0-193.14.3.el8_2" id="oval:com.redhat.rhsa:tst:20203218047" version="639">
 <red-def:object object_ref="oval:com.redhat.rhsa:obj:20191167024"/>
 <red-def:state state_ref="oval:com.redhat.rhsa:ste:20203218001"/>
</red-def:rpminfo_test>
<red-def:rpminfo_test check="at least one" comment="python3-perf is earlier than 0:4.18.0-193.14.3.el8_2" id="oval:com.redhat.rhsa:tst:20203218049" version="639">
 <red-def:object object_ref="oval:com.redhat.rhsa:obj:20191167025"/>
 <red-def:state state_ref="oval:com.redhat.rhsa:ste:20203218001"/>
</red-def:rpminfo_test>
<unix-def:uname_test check="at least one" comment="kernel earlier than 0:4.18.0-193.14.3.el8_2 is currently running" id="oval:com.redhat.rhsa:tst:20203218051" version="639">
 <unix-def:object object_ref="oval:com.redhat.rhsa:obj:20191167026"/>
 <unix-def:state state_ref="oval:com.redhat.rhsa:ste:20203218006"/>
</unix-def:uname_test>
<ind-def:textfilecontent54_test check="all" comment="kernel earlier than 0:4.18.0-193.14.3.el8_2 is set to boot up on next boot" id="oval:com.redhat.rhsa:tst:20203218052" version="639">
 <ind-def:object object_ref="oval:com.redhat.rhsa:obj:20191167027"/>
 <ind-def:state state_ref="oval:com.redhat.rhsa:ste:20203218007"/>
</ind-def:textfilecontent54_test>
<red-def:rpminfo_test check="at least one" comment="kernel-rt is earlier than 0:4.18.0-193.14.3.rt13.67.el8_2" id="oval:com.redhat.rhsa:tst:20203219001" version="638">
 <red-def:object object_ref="oval:com.redhat.rhsa:obj:20191174001"/>
 <red-def:state state_ref="oval:com.redhat.rhsa:ste:20203219001"/>
</red-def:rpminfo_test>
<red-def:rpminfo_test check="at least one" comment="kernel-rt-core is earlier than 0:4.18.0-193.14.3.rt13.67.el8_2" id="oval:com.redhat.rhsa:tst:20203219003" version="638">
 <red-def:object object_ref="oval:com.redhat.rhsa:obj:20191174002"/>
 <red-def:state state_ref="oval:com.redhat.rhsa:ste:20203219001"/>
</red-def:rpminfo_test>
<red-def:rpminfo_test check="at least one" comment="kernel-rt-debug is earlier than 0:4.18.0-193.14.3.rt13.67.el8_2" id="oval:com.redhat.rhsa:tst:20203219005" version="638">
 <red-def:object object_ref="oval:com.redhat.rhsa:obj:20191174003"/>
 <red-def:state state_ref="oval:com.redhat.rhsa:ste:20203219001"/>
</red-def:rpminfo_test>
<red-def:rpminfo_test check="at least one" comment="kernel-rt-debug-core is earlier than 0:4.18.0-193.14.3.rt13.67.el8_2" id="oval:com.redhat.rhsa:tst:20203219007" version="638">
 <red-def:object object_ref="oval:com.redhat.rhsa:obj:20191174004"/>
 <red-def:state state_ref="oval:com.redhat.rhsa:ste:20203219001"/>
</red-def:rpminfo_test>
<red-def:rpminfo_test check="at least one" comment="kernel-rt-debug-devel is earlier than 0:4.18.0-193.14.3.rt13.67.el8_2" id="oval:com.redhat.rhsa:tst:20203219009" version="638">
 <red-def:object object_ref="oval:com.redhat.rhsa:obj:20191174005"/>
 <red-def:state state_ref="oval:com.redhat.rhsa:ste:20203219001"/>
</red-def:rpminfo_test>
<red-def:rpminfo_test check="at least one" comment="kernel-rt-debug-kvm is earlier than 0:4.18.0-193.14.3.rt13.67.el8_2" id="oval:com.redhat.rhsa:tst:20203219011" version="638">
 <red-def:object object_ref="oval:com.redhat.rhsa:obj:20191174006"/>
 <red-def:state state_ref="oval:com.redhat.rhsa:ste:20203219001"/>
</red-def:rpminfo_test>
<red-def:rpminfo_test check="at least one" comment="kernel-rt-debug-modules is earlier than 0:4.18.0-193.14.3.rt13.67.el8_2" id="oval:com.redhat.rhsa:tst:20203219013" version="638">
 <red-def:object object_ref="oval:com.redhat.rhsa:obj:20191174007"/>
 <red-def:state state_ref="oval:com.redhat.rhsa:ste:20203219001"/>
</red-def:rpminfo_test>
<red-def:rpminfo_test check="at least one" comment="kernel-rt-debug-modules-extra is earlier than 0:4.18.0-193.14.3.rt13.67.el8_2" id="oval:com.redhat.rhsa:tst:20203219015" version="638">
 <red-def:object object_ref="oval:com.redhat.rhsa:obj:20191174008"/>
 <red-def:state state_ref="oval:com.redhat.rhsa:ste:20203219001"/>
</red-def:rpminfo_test>
<red-def:rpminfo_test check="at least one" comment="kernel-rt-devel is earlier than 0:4.18.0-193.14.3.rt13.67.el8_2" id="oval:com.redhat.rhsa:tst:20203219017" version="638">
 <red-def:object object_ref="oval:com.redhat.rhsa:obj:20191174009"/>
 <red-def:state state_ref="oval:com.redhat.rhsa:ste:20203219001"/>
</red-def:rpminfo_test>
<red-def:rpminfo_test check="at least one" comment="kernel-rt-kvm is earlier than 0:4.18.0-193.14.3.rt13.67.el8_2" id="oval:com.redhat.rhsa:tst:20203219019" version="638">
 <red-def:object object_ref="oval:com.redhat.rhsa:obj:20191174010"/>
 <red-def:state state_ref="oval:com.redhat.rhsa:ste:20203219001"/>
</red-def:rpminfo_test>
<red-def:rpminfo_test check="at least one" comment="kernel-rt-modules is earlier than 0:4.18.0-193.14.3.rt13.67.el8_2" id="oval:com.redhat.rhsa:tst:20203219021" version="638">
 <red-def:object object_ref="oval:com.redhat.rhsa:obj:20191174011"/>
 <red-def:state state_ref="oval:com.redhat.rhsa:ste:20203219001"/>
</red-def:rpminfo_test>
<red-def:rpminfo_test check="at least one" comment="kernel-rt-modules-extra is earlier than 0:4.18.0-193.14.3.rt13.67.el8_2" id="oval:com.redhat.rhsa:tst:20203219023" version="638">
 <red-def:object object_ref="oval:com.redhat.rhsa:obj:20191174012"/>
 <red-def:state state_ref="oval:com.redhat.rhsa:ste:20203219001"/>
</red-def:rpminfo_test>
<red-def:rpminfo_test check="at least one" comment="firefox is earlier than 0:68.11.0-1.el8_2" id="oval:com.redhat.rhsa:tst:20203241001" version="636">
 <red-def:object object_ref="oval:com.redhat.rhsa:obj:20190966001"/>
 <red-def:state state_ref="oval:com.redhat.rhsa:ste:20203241001"/>
</red-def:rpminfo_test>
<red-def:rpminfo_test check="at least one" comment="nspr is earlier than 0:4.25.0-2.el8_2" id="oval:com.redhat.rhsa:tst:20203280001" version="637">
 <red-def:object object_ref="oval:com.redhat.rhsa:obj:20191951001"/>
 <red-def:state state_ref="oval:com.redhat.rhsa:ste:20203280001"/>
</red-def:rpminfo_test>
<red-def:rpminfo_test check="at least one" comment="nspr-devel is earlier than 0:4.25.0-2.el8_2" id="oval:com.redhat.rhsa:tst:20203280003" version="637">
 <red-def:object object_ref="oval:com.redhat.rhsa:obj:20191951002"/>
 <red-def:state state_ref="oval:com.redhat.rhsa:ste:20203280001"/>
</red-def:rpminfo_test>
<red-def:rpminfo_test check="at least one" comment="nss is earlier than 0:3.53.1-11.el8_2" id="oval:com.redhat.rhsa:tst:20203280005" version="637">
 <red-def:object object_ref="oval:com.redhat.rhba:obj:20246680001"/>
 <red-def:state state_ref="oval:com.redhat.rhsa:ste:20203280003"/>
</red-def:rpminfo_test>
<red-def:rpminfo_test check="at least one" comment="nss-devel is earlier than 0:3.53.1-11.el8_2" id="oval:com.redhat.rhsa:tst:20203280007" version="637">
 <red-def:object object_ref="oval:com.redhat.rhba:obj:20246680002"/>
 <red-def:state state_ref="oval:com.redhat.rhsa:ste:20203280003"/>
</red-def:rpminfo_test>
<red-def:rpminfo_test check="at least one" comment="nss-softokn is earlier than 0:3.53.1-11.el8_2" id="oval:com.redhat.rhsa:tst:20203280009" version="637">
 <red-def:object object_ref="oval:com.redhat.rhba:obj:20246680003"/>
 <red-def:state state_ref="oval:com.redhat.rhsa:ste:20203280003"/>
</red-def:rpminfo_test>
<red-def:rpminfo_test check="at least one" comment="nss-softokn-devel is earlier than 0:3.53.1-11.el8_2" id="oval:com.redhat.rhsa:tst:20203280011" version="637">
 <red-def:object object_ref="oval:com.redhat.rhba:obj:20246680004"/>
 <red-def:state state_ref="oval:com.redhat.rhsa:ste:20203280003"/>
</red-def:rpminfo_test>
<red-def:rpminfo_test check="at least one" comment="nss-softokn-freebl is earlier than 0:3.53.1-11.el8_2" id="oval:com.redhat.rhsa:tst:20203280013" version="637">
 <red-def:object object_ref="oval:com.redhat.rhba:obj:20246680005"/>
 <red-def:state state_ref="oval:com.redhat.rhsa:ste:20203280003"/>
</red-def:rpminfo_test>
<red-def:rpminfo_test check="at least one" comment="nss-softokn-freebl-devel is earlier than 0:3.53.1-11.el8_2" id="oval:com.redhat.rhsa:tst:20203280015" version="637">
 <red-def:object object_ref="oval:com.redhat.rhba:obj:20246680006"/>
 <red-def:state state_ref="oval:com.redhat.rhsa:ste:20203280003"/>
</red-def:rpminfo_test>
<red-def:rpminfo_test check="at least one" comment="nss-sysinit is earlier than 0:3.53.1-11.el8_2" id="oval:com.redhat.rhsa:tst:20203280017" version="637">
 <red-def:object object_ref="oval:com.redhat.rhba:obj:20246680007"/>
 <red-def:state state_ref="oval:com.redhat.rhsa:ste:20203280004"/>
</red-def:rpminfo_test>
<red-def:rpminfo_test check="at least one" comment="nss-tools is earlier than 0:3.53.1-11.el8_2" id="oval:com.redhat.rhsa:tst:20203280019" version="637">
 <red-def:object object_ref="oval:com.redhat.rhba:obj:20246680008"/>
 <red-def:state state_ref="oval:com.redhat.rhsa:ste:20203280004"/>
</red-def:rpminfo_test>
<red-def:rpminfo_test check="at least one" comment="nss-util is earlier than 0:3.53.1-11.el8_2" id="oval:com.redhat.rhsa:tst:20203280021" version="637">
 <red-def:object object_ref="oval:com.redhat.rhba:obj:20246680009"/>
 <red-def:state state_ref="oval:com.redhat.rhsa:ste:20203280003"/>
</red-def:rpminfo_test>
<red-def:rpminfo_test check="at least one" comment="nss-util-devel is earlier than 0:3.53.1-11.el8_2" id="oval:com.redhat.rhsa:tst:20203280023" version="637">
 <red-def:object object_ref="oval:com.redhat.rhba:obj:20246680010"/>
 <red-def:state state_ref="oval:com.redhat.rhsa:ste:20203280003"/>
</red-def:rpminfo_test>
<red-def:rpminfo_test check="at least one" comment="thunderbird is earlier than 0:68.11.0-1.el8_2" id="oval:com.redhat.rhsa:tst:20203341001" version="636">
 <red-def:object object_ref="oval:com.redhat.rhsa:obj:20191144001"/>
 <red-def:state state_ref="oval:com.redhat.rhsa:ste:20203341001"/>
</red-def:rpminfo_test>
<red-def:rpminfo_test check="at least one" comment="libvncserver is earlier than 0:0.9.11-15.el8_2.1" id="oval:com.redhat.rhsa:tst:20203385001" version="636">
 <red-def:object object_ref="oval:com.redhat.rhsa:obj:20200920001"/>
 <red-def:state state_ref="oval:com.redhat.rhsa:ste:20203385001"/>
</red-def:rpminfo_test>
<red-def:rpminfo_test check="at least one" comment="libvncserver-devel is earlier than 0:0.9.11-15.el8_2.1" id="oval:com.redhat.rhsa:tst:20203385003" version="636">
 <red-def:object object_ref="oval:com.redhat.rhsa:obj:20200920002"/>
 <red-def:state state_ref="oval:com.redhat.rhsa:ste:20203385001"/>
</red-def:rpminfo_test>
<red-def:rpminfo_test check="at least one" comment="java-1.8.0-ibm is earlier than 1:1.8.0.6.15-1.el8_2" id="oval:com.redhat.rhsa:tst:20203386001" version="635">
 <red-def:object object_ref="oval:com.redhat.rhsa:obj:20191238001"/>
 <red-def:state state_ref="oval:com.redhat.rhsa:ste:20203386001"/>
</red-def:rpminfo_test>
<red-def:rpminfo_test check="at least one" comment="java-1.8.0-ibm-demo is earlier than 1:1.8.0.6.15-1.el8_2" id="oval:com.redhat.rhsa:tst:20203386003" version="635">
 <red-def:object object_ref="oval:com.redhat.rhsa:obj:20191238002"/>
 <red-def:state state_ref="oval:com.redhat.rhsa:ste:20203386001"/>
</red-def:rpminfo_test>
<red-def:rpminfo_test check="at least one" comment="java-1.8.0-ibm-devel is earlier than 1:1.8.0.6.15-1.el8_2" id="oval:com.redhat.rhsa:tst:20203386005" version="635">
 <red-def:object object_ref="oval:com.redhat.rhsa:obj:20191238003"/>
 <red-def:state state_ref="oval:com.redhat.rhsa:ste:20203386001"/>
</red-def:rpminfo_test>
<red-def:rpminfo_test check="at least one" comment="java-1.8.0-ibm-headless is earlier than 1:1.8.0.6.15-1.el8_2" id="oval:com.redhat.rhsa:tst:20203386007" version="635">
 <red-def:object object_ref="oval:com.redhat.rhsa:obj:20191238004"/>
 <red-def:state state_ref="oval:com.redhat.rhsa:ste:20203386001"/>
</red-def:rpminfo_test>
<red-def:rpminfo_test check="at least one" comment="java-1.8.0-ibm-jdbc is earlier than 1:1.8.0.6.15-1.el8_2" id="oval:com.redhat.rhsa:tst:20203386009" version="635">
 <red-def:object object_ref="oval:com.redhat.rhsa:obj:20191238005"/>
 <red-def:state state_ref="oval:com.redhat.rhsa:ste:20203386001"/>
</red-def:rpminfo_test>
<red-def:rpminfo_test check="at least one" comment="java-1.8.0-ibm-plugin is earlier than 1:1.8.0.6.15-1.el8_2" id="oval:com.redhat.rhsa:tst:20203386011" version="635">
 <red-def:object object_ref="oval:com.redhat.rhsa:obj:20191238006"/>
 <red-def:state state_ref="oval:com.redhat.rhsa:ste:20203386003"/>
</red-def:rpminfo_test>
<red-def:rpminfo_test check="at least one" comment="java-1.8.0-ibm-src is earlier than 1:1.8.0.6.15-1.el8_2" id="oval:com.redhat.rhsa:tst:20203386013" version="635">
 <red-def:object object_ref="oval:com.redhat.rhsa:obj:20191238007"/>
 <red-def:state state_ref="oval:com.redhat.rhsa:ste:20203386001"/>
</red-def:rpminfo_test>
<red-def:rpminfo_test check="at least one" comment="java-1.8.0-ibm-webstart is earlier than 1:1.8.0.6.15-1.el8_2" id="oval:com.redhat.rhsa:tst:20203386015" version="635">
 <red-def:object object_ref="oval:com.redhat.rhsa:obj:20191238008"/>
 <red-def:state state_ref="oval:com.redhat.rhsa:ste:20203386003"/>
</red-def:rpminfo_test>
<red-def:rpminfo_test check="at least one" comment="aspnetcore-runtime-3.1 is earlier than 0:3.1.7-1.el8_2" id="oval:com.redhat.rhsa:tst:20203422001" version="637">
 <red-def:object object_ref="oval:com.redhat.rhba:obj:20221386001"/>
 <red-def:state state_ref="oval:com.redhat.rhsa:ste:20203422001"/>
</red-def:rpminfo_test>
<red-def:rpminfo_test check="at least one" comment="aspnetcore-targeting-pack-3.1 is earlier than 0:3.1.7-1.el8_2" id="oval:com.redhat.rhsa:tst:20203422003" version="637">
 <red-def:object object_ref="oval:com.redhat.rhba:obj:20221386002"/>
 <red-def:state state_ref="oval:com.redhat.rhsa:ste:20203422001"/>
</red-def:rpminfo_test>
<red-def:rpminfo_test check="at least one" comment="dotnet is earlier than 0:3.1.107-1.el8_2" id="oval:com.redhat.rhsa:tst:20203422005" version="637">
 <red-def:object object_ref="oval:com.redhat.rhba:obj:20225747003"/>
 <red-def:state state_ref="oval:com.redhat.rhsa:ste:20203422003"/>
</red-def:rpminfo_test>
<red-def:rpminfo_test check="at least one" comment="dotnet-apphost-pack-3.1 is earlier than 0:3.1.7-1.el8_2" id="oval:com.redhat.rhsa:tst:20203422007" version="637">
 <red-def:object object_ref="oval:com.redhat.rhba:obj:20221386003"/>
 <red-def:state state_ref="oval:com.redhat.rhsa:ste:20203422001"/>
</red-def:rpminfo_test>
<red-def:rpminfo_test check="at least one" comment="dotnet-host is earlier than 0:3.1.7-1.el8_2" id="oval:com.redhat.rhsa:tst:20203422009" version="637">
 <red-def:object object_ref="oval:com.redhat.rhba:obj:20225747005"/>
 <red-def:state state_ref="oval:com.redhat.rhsa:ste:20203422001"/>
</red-def:rpminfo_test>
<red-def:rpminfo_test check="at least one" comment="dotnet-hostfxr-3.1 is earlier than 0:3.1.7-1.el8_2" id="oval:com.redhat.rhsa:tst:20203422011" version="637">
 <red-def:object object_ref="oval:com.redhat.rhba:obj:20221386004"/>
 <red-def:state state_ref="oval:com.redhat.rhsa:ste:20203422001"/>
</red-def:rpminfo_test>
<red-def:rpminfo_test check="at least one" comment="dotnet-runtime-3.1 is earlier than 0:3.1.7-1.el8_2" id="oval:com.redhat.rhsa:tst:20203422013" version="637">
 <red-def:object object_ref="oval:com.redhat.rhba:obj:20221386005"/>
 <red-def:state state_ref="oval:com.redhat.rhsa:ste:20203422001"/>
</red-def:rpminfo_test>
<red-def:rpminfo_test check="at least one" comment="dotnet-sdk-3.1 is earlier than 0:3.1.107-1.el8_2" id="oval:com.redhat.rhsa:tst:20203422015" version="637">
 <red-def:object object_ref="oval:com.redhat.rhba:obj:20221386006"/>
 <red-def:state state_ref="oval:com.redhat.rhsa:ste:20203422003"/>
</red-def:rpminfo_test>
<red-def:rpminfo_test check="at least one" comment="dotnet-targeting-pack-3.1 is earlier than 0:3.1.7-1.el8_2" id="oval:com.redhat.rhsa:tst:20203422017" version="637">
 <red-def:object object_ref="oval:com.redhat.rhba:obj:20221386008"/>
 <red-def:state state_ref="oval:com.redhat.rhsa:ste:20203422001"/>
</red-def:rpminfo_test>
<red-def:rpminfo_test check="at least one" comment="dotnet-templates-3.1 is earlier than 0:3.1.107-1.el8_2" id="oval:com.redhat.rhsa:tst:20203422019" version="637">
 <red-def:object object_ref="oval:com.redhat.rhba:obj:20221386009"/>
 <red-def:state state_ref="oval:com.redhat.rhsa:ste:20203422003"/>
</red-def:rpminfo_test>
<red-def:rpminfo_test check="at least one" comment="netstandard-targeting-pack-2.1 is earlier than 0:3.1.107-1.el8_2" id="oval:com.redhat.rhsa:tst:20203422021" version="637">
 <red-def:object object_ref="oval:com.redhat.rhba:obj:20225747012"/>
 <red-def:state state_ref="oval:com.redhat.rhsa:ste:20203422003"/>
</red-def:rpminfo_test>
<red-def:rpminfo_test check="at least one" comment="firefox is earlier than 0:78.2.0-2.el8_2" id="oval:com.redhat.rhsa:tst:20203557001" version="636">
 <red-def:object object_ref="oval:com.redhat.rhsa:obj:20190966001"/>
 <red-def:state state_ref="oval:com.redhat.rhsa:ste:20203557001"/>
</red-def:rpminfo_test>
<red-def:rpminfo_test check="at least one" comment="squid is earlier than 7:4.4-8.module+el8.2.0+7834+b8ecaeef.2" id="oval:com.redhat.rhsa:tst:20203623005" version="635">
 <red-def:object object_ref="oval:com.redhat.rhsa:obj:20192593003"/>
 <red-def:state state_ref="oval:com.redhat.rhsa:ste:20203623003"/>
</red-def:rpminfo_test>
<red-def:rpminfo_test check="at least one" comment="thunderbird is earlier than 0:68.12.0-1.el8_2" id="oval:com.redhat.rhsa:tst:20203634001" version="636">
 <red-def:object object_ref="oval:com.redhat.rhsa:obj:20191144001"/>
 <red-def:state state_ref="oval:com.redhat.rhsa:ste:20203634001"/>
</red-def:rpminfo_test>
<red-def:rpminfo_test check="at least one" comment="libcroco is earlier than 0:0.6.12-4.el8_2.1" id="oval:com.redhat.rhsa:tst:20203654001" version="635">
 <red-def:object object_ref="oval:com.redhat.rhsa:obj:20203654001"/>
 <red-def:state state_ref="oval:com.redhat.rhsa:ste:20203654001"/>
</red-def:rpminfo_test>
<red-def:rpminfo_test check="at least one" comment="libcroco is signed with Red Hat redhatrelease2 key" id="oval:com.redhat.rhsa:tst:20203654002" version="635">
 <red-def:object object_ref="oval:com.redhat.rhsa:obj:20203654001"/>
 <red-def:state state_ref="oval:com.redhat.rhba:ste:20191992002"/>
</red-def:rpminfo_test>
<red-def:rpminfo_test check="at least one" comment="libcroco-devel is earlier than 0:0.6.12-4.el8_2.1" id="oval:com.redhat.rhsa:tst:20203654003" version="635">
 <red-def:object object_ref="oval:com.redhat.rhsa:obj:20203654002"/>
 <red-def:state state_ref="oval:com.redhat.rhsa:ste:20203654001"/>
</red-def:rpminfo_test>
<red-def:rpminfo_test check="at least one" comment="libcroco-devel is signed with Red Hat redhatrelease2 key" id="oval:com.redhat.rhsa:tst:20203654004" version="635">
 <red-def:object object_ref="oval:com.redhat.rhsa:obj:20203654002"/>
 <red-def:state state_ref="oval:com.redhat.rhba:ste:20191992002"/>
</red-def:rpminfo_test>
<red-def:rpminfo_test check="at least one" comment="librepo is earlier than 0:1.11.0-3.el8_2" id="oval:com.redhat.rhsa:tst:20203658001" version="635">
 <red-def:object object_ref="oval:com.redhat.rhsa:obj:20193583020"/>
 <red-def:state state_ref="oval:com.redhat.rhsa:ste:20203658001"/>
</red-def:rpminfo_test>
<red-def:rpminfo_test check="at least one" comment="python3-librepo is earlier than 0:1.11.0-3.el8_2" id="oval:com.redhat.rhsa:tst:20203658003" version="635">
 <red-def:object object_ref="oval:com.redhat.rhsa:obj:20193583021"/>
 <red-def:state state_ref="oval:com.redhat.rhsa:ste:20203658003"/>
</red-def:rpminfo_test>
<red-def:rpminfo_test check="at least one" comment="php is earlier than 0:7.3.20-1.module+el8.2.0+7373+b272fdef" id="oval:com.redhat.rhsa:tst:20203662009" version="639">
 <red-def:object object_ref="oval:com.redhat.rhsa:obj:20193735005"/>
 <red-def:state state_ref="oval:com.redhat.rhsa:ste:20203662004"/>
</red-def:rpminfo_test>
<red-def:rpminfo_test check="at least one" comment="php-bcmath is earlier than 0:7.3.20-1.module+el8.2.0+7373+b272fdef" id="oval:com.redhat.rhsa:tst:20203662011" version="639">
 <red-def:object object_ref="oval:com.redhat.rhsa:obj:20193735006"/>
 <red-def:state state_ref="oval:com.redhat.rhsa:ste:20203662004"/>
</red-def:rpminfo_test>
<red-def:rpminfo_test check="at least one" comment="php-cli is earlier than 0:7.3.20-1.module+el8.2.0+7373+b272fdef" id="oval:com.redhat.rhsa:tst:20203662013" version="639">
 <red-def:object object_ref="oval:com.redhat.rhsa:obj:20193735007"/>
 <red-def:state state_ref="oval:com.redhat.rhsa:ste:20203662004"/>
</red-def:rpminfo_test>
<red-def:rpminfo_test check="at least one" comment="php-common is earlier than 0:7.3.20-1.module+el8.2.0+7373+b272fdef" id="oval:com.redhat.rhsa:tst:20203662015" version="639">
 <red-def:object object_ref="oval:com.redhat.rhsa:obj:20193735008"/>
 <red-def:state state_ref="oval:com.redhat.rhsa:ste:20203662004"/>
</red-def:rpminfo_test>
<red-def:rpminfo_test check="at least one" comment="php-dba is earlier than 0:7.3.20-1.module+el8.2.0+7373+b272fdef" id="oval:com.redhat.rhsa:tst:20203662017" version="639">
 <red-def:object object_ref="oval:com.redhat.rhsa:obj:20193735009"/>
 <red-def:state state_ref="oval:com.redhat.rhsa:ste:20203662004"/>
</red-def:rpminfo_test>
<red-def:rpminfo_test check="at least one" comment="php-dbg is earlier than 0:7.3.20-1.module+el8.2.0+7373+b272fdef" id="oval:com.redhat.rhsa:tst:20203662019" version="639">
 <red-def:object object_ref="oval:com.redhat.rhsa:obj:20193735010"/>
 <red-def:state state_ref="oval:com.redhat.rhsa:ste:20203662004"/>
</red-def:rpminfo_test>
<red-def:rpminfo_test check="at least one" comment="php-devel is earlier than 0:7.3.20-1.module+el8.2.0+7373+b272fdef" id="oval:com.redhat.rhsa:tst:20203662021" version="639">
 <red-def:object object_ref="oval:com.redhat.rhsa:obj:20193735011"/>
 <red-def:state state_ref="oval:com.redhat.rhsa:ste:20203662004"/>
</red-def:rpminfo_test>
<red-def:rpminfo_test check="at least one" comment="php-embedded is earlier than 0:7.3.20-1.module+el8.2.0+7373+b272fdef" id="oval:com.redhat.rhsa:tst:20203662023" version="639">
 <red-def:object object_ref="oval:com.redhat.rhsa:obj:20193735012"/>
 <red-def:state state_ref="oval:com.redhat.rhsa:ste:20203662004"/>
</red-def:rpminfo_test>
<red-def:rpminfo_test check="at least one" comment="php-enchant is earlier than 0:7.3.20-1.module+el8.2.0+7373+b272fdef" id="oval:com.redhat.rhsa:tst:20203662025" version="639">
 <red-def:object object_ref="oval:com.redhat.rhsa:obj:20193735013"/>
 <red-def:state state_ref="oval:com.redhat.rhsa:ste:20203662004"/>
</red-def:rpminfo_test>
<red-def:rpminfo_test check="at least one" comment="php-fpm is earlier than 0:7.3.20-1.module+el8.2.0+7373+b272fdef" id="oval:com.redhat.rhsa:tst:20203662027" version="639">
 <red-def:object object_ref="oval:com.redhat.rhsa:obj:20193735014"/>
 <red-def:state state_ref="oval:com.redhat.rhsa:ste:20203662004"/>
</red-def:rpminfo_test>
<red-def:rpminfo_test check="at least one" comment="php-gd is earlier than 0:7.3.20-1.module+el8.2.0+7373+b272fdef" id="oval:com.redhat.rhsa:tst:20203662029" version="639">
 <red-def:object object_ref="oval:com.redhat.rhsa:obj:20193735015"/>
 <red-def:state state_ref="oval:com.redhat.rhsa:ste:20203662004"/>
</red-def:rpminfo_test>
<red-def:rpminfo_test check="at least one" comment="php-gmp is earlier than 0:7.3.20-1.module+el8.2.0+7373+b272fdef" id="oval:com.redhat.rhsa:tst:20203662031" version="639">
 <red-def:object object_ref="oval:com.redhat.rhsa:obj:20193735016"/>
 <red-def:state state_ref="oval:com.redhat.rhsa:ste:20203662004"/>
</red-def:rpminfo_test>
<red-def:rpminfo_test check="at least one" comment="php-intl is earlier than 0:7.3.20-1.module+el8.2.0+7373+b272fdef" id="oval:com.redhat.rhsa:tst:20203662033" version="639">
 <red-def:object object_ref="oval:com.redhat.rhsa:obj:20193735017"/>
 <red-def:state state_ref="oval:com.redhat.rhsa:ste:20203662004"/>
</red-def:rpminfo_test>
<red-def:rpminfo_test check="at least one" comment="php-json is earlier than 0:7.3.20-1.module+el8.2.0+7373+b272fdef" id="oval:com.redhat.rhsa:tst:20203662035" version="639">
 <red-def:object object_ref="oval:com.redhat.rhsa:obj:20193735018"/>
 <red-def:state state_ref="oval:com.redhat.rhsa:ste:20203662004"/>
</red-def:rpminfo_test>
<red-def:rpminfo_test check="at least one" comment="php-ldap is earlier than 0:7.3.20-1.module+el8.2.0+7373+b272fdef" id="oval:com.redhat.rhsa:tst:20203662037" version="639">
 <red-def:object object_ref="oval:com.redhat.rhsa:obj:20193735019"/>
 <red-def:state state_ref="oval:com.redhat.rhsa:ste:20203662004"/>
</red-def:rpminfo_test>
<red-def:rpminfo_test check="at least one" comment="php-mbstring is earlier than 0:7.3.20-1.module+el8.2.0+7373+b272fdef" id="oval:com.redhat.rhsa:tst:20203662039" version="639">
 <red-def:object object_ref="oval:com.redhat.rhsa:obj:20193735020"/>
 <red-def:state state_ref="oval:com.redhat.rhsa:ste:20203662004"/>
</red-def:rpminfo_test>
<red-def:rpminfo_test check="at least one" comment="php-mysqlnd is earlier than 0:7.3.20-1.module+el8.2.0+7373+b272fdef" id="oval:com.redhat.rhsa:tst:20203662041" version="639">
 <red-def:object object_ref="oval:com.redhat.rhsa:obj:20193735021"/>
 <red-def:state state_ref="oval:com.redhat.rhsa:ste:20203662004"/>
</red-def:rpminfo_test>
<red-def:rpminfo_test check="at least one" comment="php-odbc is earlier than 0:7.3.20-1.module+el8.2.0+7373+b272fdef" id="oval:com.redhat.rhsa:tst:20203662043" version="639">
 <red-def:object object_ref="oval:com.redhat.rhsa:obj:20193735022"/>
 <red-def:state state_ref="oval:com.redhat.rhsa:ste:20203662004"/>
</red-def:rpminfo_test>
<red-def:rpminfo_test check="at least one" comment="php-opcache is earlier than 0:7.3.20-1.module+el8.2.0+7373+b272fdef" id="oval:com.redhat.rhsa:tst:20203662045" version="639">
 <red-def:object object_ref="oval:com.redhat.rhsa:obj:20193735023"/>
 <red-def:state state_ref="oval:com.redhat.rhsa:ste:20203662004"/>
</red-def:rpminfo_test>
<red-def:rpminfo_test check="at least one" comment="php-pdo is earlier than 0:7.3.20-1.module+el8.2.0+7373+b272fdef" id="oval:com.redhat.rhsa:tst:20203662047" version="639">
 <red-def:object object_ref="oval:com.redhat.rhsa:obj:20193735024"/>
 <red-def:state state_ref="oval:com.redhat.rhsa:ste:20203662004"/>
</red-def:rpminfo_test>
<red-def:rpminfo_test check="at least one" comment="php-pecl-rrd is earlier than 0:2.0.1-1.module+el8.2.0+4968+1d5097db" id="oval:com.redhat.rhsa:tst:20203662055" version="639">
 <red-def:object object_ref="oval:com.redhat.rhsa:obj:20203662028"/>
 <red-def:state state_ref="oval:com.redhat.rhsa:ste:20203662007"/>
</red-def:rpminfo_test>
<red-def:rpminfo_test check="at least one" comment="php-pecl-rrd is signed with Red Hat redhatrelease2 key" id="oval:com.redhat.rhsa:tst:20203662056" version="639">
 <red-def:object object_ref="oval:com.redhat.rhsa:obj:20203662028"/>
 <red-def:state state_ref="oval:com.redhat.rhba:ste:20191992002"/>
</red-def:rpminfo_test>
<red-def:rpminfo_test check="at least one" comment="php-pecl-xdebug is earlier than 0:2.8.0-1.module+el8.2.0+4968+1d5097db" id="oval:com.redhat.rhsa:tst:20203662057" version="639">
 <red-def:object object_ref="oval:com.redhat.rhsa:obj:20203662029"/>
 <red-def:state state_ref="oval:com.redhat.rhsa:ste:20203662008"/>
</red-def:rpminfo_test>
<red-def:rpminfo_test check="at least one" comment="php-pecl-xdebug is signed with Red Hat redhatrelease2 key" id="oval:com.redhat.rhsa:tst:20203662058" version="639">
 <red-def:object object_ref="oval:com.redhat.rhsa:obj:20203662029"/>
 <red-def:state state_ref="oval:com.redhat.rhba:ste:20191992002"/>
</red-def:rpminfo_test>
<red-def:rpminfo_test check="at least one" comment="php-pgsql is earlier than 0:7.3.20-1.module+el8.2.0+7373+b272fdef" id="oval:com.redhat.rhsa:tst:20203662061" version="639">
 <red-def:object object_ref="oval:com.redhat.rhsa:obj:20193735029"/>
 <red-def:state state_ref="oval:com.redhat.rhsa:ste:20203662004"/>
</red-def:rpminfo_test>
<red-def:rpminfo_test check="at least one" comment="php-process is earlier than 0:7.3.20-1.module+el8.2.0+7373+b272fdef" id="oval:com.redhat.rhsa:tst:20203662063" version="639">
 <red-def:object object_ref="oval:com.redhat.rhsa:obj:20193735030"/>
 <red-def:state state_ref="oval:com.redhat.rhsa:ste:20203662004"/>
</red-def:rpminfo_test>
<red-def:rpminfo_test check="at least one" comment="php-recode is earlier than 0:7.3.20-1.module+el8.2.0+7373+b272fdef" id="oval:com.redhat.rhsa:tst:20203662065" version="639">
 <red-def:object object_ref="oval:com.redhat.rhsa:obj:20193735031"/>
 <red-def:state state_ref="oval:com.redhat.rhsa:ste:20203662004"/>
</red-def:rpminfo_test>
<red-def:rpminfo_test check="at least one" comment="php-snmp is earlier than 0:7.3.20-1.module+el8.2.0+7373+b272fdef" id="oval:com.redhat.rhsa:tst:20203662067" version="639">
 <red-def:object object_ref="oval:com.redhat.rhsa:obj:20193735032"/>
 <red-def:state state_ref="oval:com.redhat.rhsa:ste:20203662004"/>
</red-def:rpminfo_test>
<red-def:rpminfo_test check="at least one" comment="php-soap is earlier than 0:7.3.20-1.module+el8.2.0+7373+b272fdef" id="oval:com.redhat.rhsa:tst:20203662069" version="639">
 <red-def:object object_ref="oval:com.redhat.rhsa:obj:20193735033"/>
 <red-def:state state_ref="oval:com.redhat.rhsa:ste:20203662004"/>
</red-def:rpminfo_test>
<red-def:rpminfo_test check="at least one" comment="php-xml is earlier than 0:7.3.20-1.module+el8.2.0+7373+b272fdef" id="oval:com.redhat.rhsa:tst:20203662071" version="639">
 <red-def:object object_ref="oval:com.redhat.rhsa:obj:20193735034"/>
 <red-def:state state_ref="oval:com.redhat.rhsa:ste:20203662004"/>
</red-def:rpminfo_test>
<red-def:rpminfo_test check="at least one" comment="php-xmlrpc is earlier than 0:7.3.20-1.module+el8.2.0+7373+b272fdef" id="oval:com.redhat.rhsa:tst:20203662073" version="639">
 <red-def:object object_ref="oval:com.redhat.rhsa:obj:20193735035"/>
 <red-def:state state_ref="oval:com.redhat.rhsa:ste:20203662004"/>
</red-def:rpminfo_test>
<red-def:rpminfo_test check="at least one" comment="delve is earlier than 0:1.3.2-3.module+el8.2.0+5581+896cb53e" id="oval:com.redhat.rhsa:tst:20203665001" version="637">
 <red-def:object object_ref="oval:com.redhat.rhba:obj:20236928001"/>
 <red-def:state state_ref="oval:com.redhat.rhsa:ste:20203665001"/>
</red-def:rpminfo_test>
<red-def:rpminfo_test check="at least one" comment="go-toolset is earlier than 0:1.13.15-1.module+el8.2.0+7662+fa98b974" id="oval:com.redhat.rhsa:tst:20203665003" version="637">
 <red-def:object object_ref="oval:com.redhat.rhba:obj:20236928002"/>
 <red-def:state state_ref="oval:com.redhat.rhsa:ste:20203665003"/>
</red-def:rpminfo_test>
<red-def:rpminfo_test check="at least one" comment="golang is earlier than 0:1.13.15-1.module+el8.2.0+7662+fa98b974" id="oval:com.redhat.rhsa:tst:20203665005" version="637">
 <red-def:object object_ref="oval:com.redhat.rhba:obj:20236928003"/>
 <red-def:state state_ref="oval:com.redhat.rhsa:ste:20203665003"/>
</red-def:rpminfo_test>
<red-def:rpminfo_test check="at least one" comment="golang-bin is earlier than 0:1.13.15-1.module+el8.2.0+7662+fa98b974" id="oval:com.redhat.rhsa:tst:20203665007" version="637">
 <red-def:object object_ref="oval:com.redhat.rhba:obj:20236928004"/>
 <red-def:state state_ref="oval:com.redhat.rhsa:ste:20203665003"/>
</red-def:rpminfo_test>
<red-def:rpminfo_test check="at least one" comment="golang-docs is earlier than 0:1.13.15-1.module+el8.2.0+7662+fa98b974" id="oval:com.redhat.rhsa:tst:20203665009" version="637">
 <red-def:object object_ref="oval:com.redhat.rhba:obj:20236928005"/>
 <red-def:state state_ref="oval:com.redhat.rhsa:ste:20203665004"/>
</red-def:rpminfo_test>
<red-def:rpminfo_test check="at least one" comment="golang-misc is earlier than 0:1.13.15-1.module+el8.2.0+7662+fa98b974" id="oval:com.redhat.rhsa:tst:20203665011" version="637">
 <red-def:object object_ref="oval:com.redhat.rhba:obj:20236928006"/>
 <red-def:state state_ref="oval:com.redhat.rhsa:ste:20203665004"/>
</red-def:rpminfo_test>
<red-def:rpminfo_test check="at least one" comment="golang-race is earlier than 0:1.13.15-1.module+el8.2.0+7662+fa98b974" id="oval:com.redhat.rhsa:tst:20203665013" version="637">
 <red-def:object object_ref="oval:com.redhat.rhsa:obj:20191519006"/>
 <red-def:state state_ref="oval:com.redhat.rhsa:ste:20203665005"/>
</red-def:rpminfo_test>
<red-def:rpminfo_test check="at least one" comment="golang-src is earlier than 0:1.13.15-1.module+el8.2.0+7662+fa98b974" id="oval:com.redhat.rhsa:tst:20203665015" version="637">
 <red-def:object object_ref="oval:com.redhat.rhba:obj:20236928007"/>
 <red-def:state state_ref="oval:com.redhat.rhsa:ste:20203665004"/>
</red-def:rpminfo_test>
<red-def:rpminfo_test check="at least one" comment="golang-tests is earlier than 0:1.13.15-1.module+el8.2.0+7662+fa98b974" id="oval:com.redhat.rhsa:tst:20203665017" version="637">
 <red-def:object object_ref="oval:com.redhat.rhba:obj:20236928008"/>
 <red-def:state state_ref="oval:com.redhat.rhsa:ste:20203665004"/>
</red-def:rpminfo_test>
<red-def:rpminfo_test check="at least one" comment="postgresql is earlier than 0:10.14-1.module+el8.2.0+7801+be0fed80" id="oval:com.redhat.rhsa:tst:20203669001" version="639">
 <red-def:object object_ref="oval:com.redhat.rhsa:obj:20203669001"/>
 <red-def:state state_ref="oval:com.redhat.rhsa:ste:20203669001"/>
</red-def:rpminfo_test>
<red-def:rpminfo_test check="at least one" comment="postgresql is signed with Red Hat redhatrelease2 key" id="oval:com.redhat.rhsa:tst:20203669002" version="639">
 <red-def:object object_ref="oval:com.redhat.rhsa:obj:20203669001"/>
 <red-def:state state_ref="oval:com.redhat.rhba:ste:20191992002"/>
</red-def:rpminfo_test>
<red-def:rpminfo_test check="at least one" comment="postgresql-contrib is earlier than 0:10.14-1.module+el8.2.0+7801+be0fed80" id="oval:com.redhat.rhsa:tst:20203669003" version="639">
 <red-def:object object_ref="oval:com.redhat.rhsa:obj:20203669002"/>
 <red-def:state state_ref="oval:com.redhat.rhsa:ste:20203669001"/>
</red-def:rpminfo_test>
<red-def:rpminfo_test check="at least one" comment="postgresql-contrib is signed with Red Hat redhatrelease2 key" id="oval:com.redhat.rhsa:tst:20203669004" version="639">
 <red-def:object object_ref="oval:com.redhat.rhsa:obj:20203669002"/>
 <red-def:state state_ref="oval:com.redhat.rhba:ste:20191992002"/>
</red-def:rpminfo_test>
<red-def:rpminfo_test check="at least one" comment="postgresql-docs is earlier than 0:10.14-1.module+el8.2.0+7801+be0fed80" id="oval:com.redhat.rhsa:tst:20203669005" version="639">
 <red-def:object object_ref="oval:com.redhat.rhsa:obj:20203669003"/>
 <red-def:state state_ref="oval:com.redhat.rhsa:ste:20203669001"/>
</red-def:rpminfo_test>
<red-def:rpminfo_test check="at least one" comment="postgresql-docs is signed with Red Hat redhatrelease2 key" id="oval:com.redhat.rhsa:tst:20203669006" version="639">
 <red-def:object object_ref="oval:com.redhat.rhsa:obj:20203669003"/>
 <red-def:state state_ref="oval:com.redhat.rhba:ste:20191992002"/>
</red-def:rpminfo_test>
<red-def:rpminfo_test check="at least one" comment="postgresql-plperl is earlier than 0:10.14-1.module+el8.2.0+7801+be0fed80" id="oval:com.redhat.rhsa:tst:20203669007" version="639">
 <red-def:object object_ref="oval:com.redhat.rhsa:obj:20203669004"/>
 <red-def:state state_ref="oval:com.redhat.rhsa:ste:20203669001"/>
</red-def:rpminfo_test>
<red-def:rpminfo_test check="at least one" comment="postgresql-plperl is signed with Red Hat redhatrelease2 key" id="oval:com.redhat.rhsa:tst:20203669008" version="639">
 <red-def:object object_ref="oval:com.redhat.rhsa:obj:20203669004"/>
 <red-def:state state_ref="oval:com.redhat.rhba:ste:20191992002"/>
</red-def:rpminfo_test>
<red-def:rpminfo_test check="at least one" comment="postgresql-plpython3 is earlier than 0:10.14-1.module+el8.2.0+7801+be0fed80" id="oval:com.redhat.rhsa:tst:20203669009" version="639">
 <red-def:object object_ref="oval:com.redhat.rhsa:obj:20203669005"/>
 <red-def:state state_ref="oval:com.redhat.rhsa:ste:20203669001"/>
</red-def:rpminfo_test>
<red-def:rpminfo_test check="at least one" comment="postgresql-plpython3 is signed with Red Hat redhatrelease2 key" id="oval:com.redhat.rhsa:tst:20203669010" version="639">
 <red-def:object object_ref="oval:com.redhat.rhsa:obj:20203669005"/>
 <red-def:state state_ref="oval:com.redhat.rhba:ste:20191992002"/>
</red-def:rpminfo_test>
<red-def:rpminfo_test check="at least one" comment="postgresql-pltcl is earlier than 0:10.14-1.module+el8.2.0+7801+be0fed80" id="oval:com.redhat.rhsa:tst:20203669011" version="639">
 <red-def:object object_ref="oval:com.redhat.rhsa:obj:20203669006"/>
 <red-def:state state_ref="oval:com.redhat.rhsa:ste:20203669001"/>
</red-def:rpminfo_test>
<red-def:rpminfo_test check="at least one" comment="postgresql-pltcl is signed with Red Hat redhatrelease2 key" id="oval:com.redhat.rhsa:tst:20203669012" version="639">
 <red-def:object object_ref="oval:com.redhat.rhsa:obj:20203669006"/>
 <red-def:state state_ref="oval:com.redhat.rhba:ste:20191992002"/>
</red-def:rpminfo_test>
<red-def:rpminfo_test check="at least one" comment="postgresql-server is earlier than 0:10.14-1.module+el8.2.0+7801+be0fed80" id="oval:com.redhat.rhsa:tst:20203669013" version="639">
 <red-def:object object_ref="oval:com.redhat.rhsa:obj:20203669007"/>
 <red-def:state state_ref="oval:com.redhat.rhsa:ste:20203669001"/>
</red-def:rpminfo_test>
<red-def:rpminfo_test check="at least one" comment="postgresql-server is signed with Red Hat redhatrelease2 key" id="oval:com.redhat.rhsa:tst:20203669014" version="639">
 <red-def:object object_ref="oval:com.redhat.rhsa:obj:20203669007"/>
 <red-def:state state_ref="oval:com.redhat.rhba:ste:20191992002"/>
</red-def:rpminfo_test>
<red-def:rpminfo_test check="at least one" comment="postgresql-server-devel is earlier than 0:10.14-1.module+el8.2.0+7801+be0fed80" id="oval:com.redhat.rhsa:tst:20203669015" version="639">
 <red-def:object object_ref="oval:com.redhat.rhsa:obj:20203669008"/>
 <red-def:state state_ref="oval:com.redhat.rhsa:ste:20203669001"/>
</red-def:rpminfo_test>
<red-def:rpminfo_test check="at least one" comment="postgresql-server-devel is signed with Red Hat redhatrelease2 key" id="oval:com.redhat.rhsa:tst:20203669016" version="639">
 <red-def:object object_ref="oval:com.redhat.rhsa:obj:20203669008"/>
 <red-def:state state_ref="oval:com.redhat.rhba:ste:20191992002"/>
</red-def:rpminfo_test>
<red-def:rpminfo_test check="at least one" comment="postgresql-static is earlier than 0:10.14-1.module+el8.2.0+7801+be0fed80" id="oval:com.redhat.rhsa:tst:20203669017" version="639">
 <red-def:object object_ref="oval:com.redhat.rhsa:obj:20203669009"/>
 <red-def:state state_ref="oval:com.redhat.rhsa:ste:20203669001"/>
</red-def:rpminfo_test>
<red-def:rpminfo_test check="at least one" comment="postgresql-static is signed with Red Hat redhatrelease2 key" id="oval:com.redhat.rhsa:tst:20203669018" version="639">
 <red-def:object object_ref="oval:com.redhat.rhsa:obj:20203669009"/>
 <red-def:state state_ref="oval:com.redhat.rhba:ste:20191992002"/>
</red-def:rpminfo_test>
<red-def:rpminfo_test check="at least one" comment="postgresql-test is earlier than 0:10.14-1.module+el8.2.0+7801+be0fed80" id="oval:com.redhat.rhsa:tst:20203669019" version="639">
 <red-def:object object_ref="oval:com.redhat.rhsa:obj:20203669010"/>
 <red-def:state state_ref="oval:com.redhat.rhsa:ste:20203669001"/>
</red-def:rpminfo_test>
<red-def:rpminfo_test check="at least one" comment="postgresql-test is signed with Red Hat redhatrelease2 key" id="oval:com.redhat.rhsa:tst:20203669020" version="639">
 <red-def:object object_ref="oval:com.redhat.rhsa:obj:20203669010"/>
 <red-def:state state_ref="oval:com.redhat.rhba:ste:20191992002"/>
</red-def:rpminfo_test>
<red-def:rpminfo_test check="at least one" comment="postgresql-test-rpm-macros is earlier than 0:10.14-1.module+el8.2.0+7801+be0fed80" id="oval:com.redhat.rhsa:tst:20203669021" version="639">
 <red-def:object object_ref="oval:com.redhat.rhsa:obj:20203669011"/>
 <red-def:state state_ref="oval:com.redhat.rhsa:ste:20203669001"/>
</red-def:rpminfo_test>
<red-def:rpminfo_test check="at least one" comment="postgresql-test-rpm-macros is signed with Red Hat redhatrelease2 key" id="oval:com.redhat.rhsa:tst:20203669022" version="639">
 <red-def:object object_ref="oval:com.redhat.rhsa:obj:20203669011"/>
 <red-def:state state_ref="oval:com.redhat.rhba:ste:20191992002"/>
</red-def:rpminfo_test>
<red-def:rpminfo_test check="at least one" comment="postgresql-upgrade is earlier than 0:10.14-1.module+el8.2.0+7801+be0fed80" id="oval:com.redhat.rhsa:tst:20203669023" version="639">
 <red-def:object object_ref="oval:com.redhat.rhsa:obj:20203669012"/>
 <red-def:state state_ref="oval:com.redhat.rhsa:ste:20203669001"/>
</red-def:rpminfo_test>
<red-def:rpminfo_test check="at least one" comment="postgresql-upgrade is signed with Red Hat redhatrelease2 key" id="oval:com.redhat.rhsa:tst:20203669024" version="639">
 <red-def:object object_ref="oval:com.redhat.rhsa:obj:20203669012"/>
 <red-def:state state_ref="oval:com.redhat.rhba:ste:20191992002"/>
</red-def:rpminfo_test>
<red-def:rpminfo_test check="at least one" comment="postgresql-upgrade-devel is earlier than 0:10.14-1.module+el8.2.0+7801+be0fed80" id="oval:com.redhat.rhsa:tst:20203669025" version="639">
 <red-def:object object_ref="oval:com.redhat.rhsa:obj:20203669013"/>
 <red-def:state state_ref="oval:com.redhat.rhsa:ste:20203669001"/>
</red-def:rpminfo_test>
<red-def:rpminfo_test check="at least one" comment="postgresql-upgrade-devel is signed with Red Hat redhatrelease2 key" id="oval:com.redhat.rhsa:tst:20203669026" version="639">
 <red-def:object object_ref="oval:com.redhat.rhsa:obj:20203669013"/>
 <red-def:state state_ref="oval:com.redhat.rhba:ste:20191992002"/>
</red-def:rpminfo_test>
<ind-def:textfilecontent54_test check="all" comment="Module postgresql:10 is enabled" id="oval:com.redhat.rhsa:tst:20203669027" version="639">
 <ind-def:object object_ref="oval:com.redhat.rhsa:obj:20203669014"/>
 <ind-def:state state_ref="oval:com.redhat.rhsa:ste:20192925007"/>
</ind-def:textfilecontent54_test>
<red-def:rpminfo_test check="at least one" comment="aspnetcore-runtime-3.1 is earlier than 0:3.1.8-2.el8_2" id="oval:com.redhat.rhsa:tst:20203699001" version="637">
 <red-def:object object_ref="oval:com.redhat.rhba:obj:20221386001"/>
 <red-def:state state_ref="oval:com.redhat.rhsa:ste:20203699001"/>
</red-def:rpminfo_test>
<red-def:rpminfo_test check="at least one" comment="aspnetcore-targeting-pack-3.1 is earlier than 0:3.1.8-2.el8_2" id="oval:com.redhat.rhsa:tst:20203699003" version="637">
 <red-def:object object_ref="oval:com.redhat.rhba:obj:20221386002"/>
 <red-def:state state_ref="oval:com.redhat.rhsa:ste:20203699001"/>
</red-def:rpminfo_test>
<red-def:rpminfo_test check="at least one" comment="dotnet is earlier than 0:3.1.108-2.el8_2" id="oval:com.redhat.rhsa:tst:20203699005" version="637">
 <red-def:object object_ref="oval:com.redhat.rhba:obj:20225747003"/>
 <red-def:state state_ref="oval:com.redhat.rhsa:ste:20203699003"/>
</red-def:rpminfo_test>
<red-def:rpminfo_test check="at least one" comment="dotnet-apphost-pack-3.1 is earlier than 0:3.1.8-2.el8_2" id="oval:com.redhat.rhsa:tst:20203699007" version="637">
 <red-def:object object_ref="oval:com.redhat.rhba:obj:20221386003"/>
 <red-def:state state_ref="oval:com.redhat.rhsa:ste:20203699001"/>
</red-def:rpminfo_test>
<red-def:rpminfo_test check="at least one" comment="dotnet-host is earlier than 0:3.1.8-2.el8_2" id="oval:com.redhat.rhsa:tst:20203699009" version="637">
 <red-def:object object_ref="oval:com.redhat.rhba:obj:20225747005"/>
 <red-def:state state_ref="oval:com.redhat.rhsa:ste:20203699001"/>
</red-def:rpminfo_test>
<red-def:rpminfo_test check="at least one" comment="dotnet-hostfxr-3.1 is earlier than 0:3.1.8-2.el8_2" id="oval:com.redhat.rhsa:tst:20203699011" version="637">
 <red-def:object object_ref="oval:com.redhat.rhba:obj:20221386004"/>
 <red-def:state state_ref="oval:com.redhat.rhsa:ste:20203699001"/>
</red-def:rpminfo_test>
<red-def:rpminfo_test check="at least one" comment="dotnet-runtime-3.1 is earlier than 0:3.1.8-2.el8_2" id="oval:com.redhat.rhsa:tst:20203699013" version="637">
 <red-def:object object_ref="oval:com.redhat.rhba:obj:20221386005"/>
 <red-def:state state_ref="oval:com.redhat.rhsa:ste:20203699001"/>
</red-def:rpminfo_test>
<red-def:rpminfo_test check="at least one" comment="dotnet-sdk-3.1 is earlier than 0:3.1.108-2.el8_2" id="oval:com.redhat.rhsa:tst:20203699015" version="637">
 <red-def:object object_ref="oval:com.redhat.rhba:obj:20221386006"/>
 <red-def:state state_ref="oval:com.redhat.rhsa:ste:20203699003"/>
</red-def:rpminfo_test>
<red-def:rpminfo_test check="at least one" comment="dotnet-targeting-pack-3.1 is earlier than 0:3.1.8-2.el8_2" id="oval:com.redhat.rhsa:tst:20203699017" version="637">
 <red-def:object object_ref="oval:com.redhat.rhba:obj:20221386008"/>
 <red-def:state state_ref="oval:com.redhat.rhsa:ste:20203699001"/>
</red-def:rpminfo_test>
<red-def:rpminfo_test check="at least one" comment="dotnet-templates-3.1 is earlier than 0:3.1.108-2.el8_2" id="oval:com.redhat.rhsa:tst:20203699019" version="637">
 <red-def:object object_ref="oval:com.redhat.rhba:obj:20221386009"/>
 <red-def:state state_ref="oval:com.redhat.rhsa:ste:20203699003"/>
</red-def:rpminfo_test>
<red-def:rpminfo_test check="at least one" comment="netstandard-targeting-pack-2.1 is earlier than 0:3.1.108-2.el8_2" id="oval:com.redhat.rhsa:tst:20203699021" version="637">
 <red-def:object object_ref="oval:com.redhat.rhba:obj:20225747012"/>
 <red-def:state state_ref="oval:com.redhat.rhsa:ste:20203699003"/>
</red-def:rpminfo_test>
<red-def:rpminfo_test check="at least one" comment="dovecot is earlier than 1:2.3.8-2.el8_2.2" id="oval:com.redhat.rhsa:tst:20203713001" version="635">
 <red-def:object object_ref="oval:com.redhat.rhsa:obj:20192822001"/>
 <red-def:state state_ref="oval:com.redhat.rhsa:ste:20203713001"/>
</red-def:rpminfo_test>
<red-def:rpminfo_test check="at least one" comment="dovecot-devel is earlier than 1:2.3.8-2.el8_2.2" id="oval:com.redhat.rhsa:tst:20203713003" version="635">
 <red-def:object object_ref="oval:com.redhat.rhsa:obj:20192822002"/>
 <red-def:state state_ref="oval:com.redhat.rhsa:ste:20203713001"/>
</red-def:rpminfo_test>
<red-def:rpminfo_test check="at least one" comment="dovecot-mysql is earlier than 1:2.3.8-2.el8_2.2" id="oval:com.redhat.rhsa:tst:20203713005" version="635">
 <red-def:object object_ref="oval:com.redhat.rhsa:obj:20192822003"/>
 <red-def:state state_ref="oval:com.redhat.rhsa:ste:20203713003"/>
</red-def:rpminfo_test>
<red-def:rpminfo_test check="at least one" comment="dovecot-pgsql is earlier than 1:2.3.8-2.el8_2.2" id="oval:com.redhat.rhsa:tst:20203713007" version="635">
 <red-def:object object_ref="oval:com.redhat.rhsa:obj:20192822004"/>
 <red-def:state state_ref="oval:com.redhat.rhsa:ste:20203713003"/>
</red-def:rpminfo_test>
<red-def:rpminfo_test check="at least one" comment="dovecot-pigeonhole is earlier than 1:2.3.8-2.el8_2.2" id="oval:com.redhat.rhsa:tst:20203713009" version="635">
 <red-def:object object_ref="oval:com.redhat.rhsa:obj:20193467005"/>
 <red-def:state state_ref="oval:com.redhat.rhsa:ste:20203713003"/>
</red-def:rpminfo_test>
<red-def:rpminfo_test check="at least one" comment="httpd is earlier than 0:2.4.37-21.module+el8.2.0+5008+cca404a3" id="oval:com.redhat.rhsa:tst:20203714001" version="635">
 <red-def:object object_ref="oval:com.redhat.rhsa:obj:20190980001"/>
 <red-def:state state_ref="oval:com.redhat.rhsa:ste:20203714001"/>
</red-def:rpminfo_test>
<red-def:rpminfo_test check="at least one" comment="httpd-devel is earlier than 0:2.4.37-21.module+el8.2.0+5008+cca404a3" id="oval:com.redhat.rhsa:tst:20203714003" version="635">
 <red-def:object object_ref="oval:com.redhat.rhsa:obj:20190980002"/>
 <red-def:state state_ref="oval:com.redhat.rhsa:ste:20203714001"/>
</red-def:rpminfo_test>
<red-def:rpminfo_test check="at least one" comment="httpd-filesystem is earlier than 0:2.4.37-21.module+el8.2.0+5008+cca404a3" id="oval:com.redhat.rhsa:tst:20203714005" version="635">
 <red-def:object object_ref="oval:com.redhat.rhsa:obj:20190980003"/>
 <red-def:state state_ref="oval:com.redhat.rhsa:ste:20203714003"/>
</red-def:rpminfo_test>
<red-def:rpminfo_test check="at least one" comment="httpd-manual is earlier than 0:2.4.37-21.module+el8.2.0+5008+cca404a3" id="oval:com.redhat.rhsa:tst:20203714007" version="635">
 <red-def:object object_ref="oval:com.redhat.rhsa:obj:20190980004"/>
 <red-def:state state_ref="oval:com.redhat.rhsa:ste:20203714003"/>
</red-def:rpminfo_test>
<red-def:rpminfo_test check="at least one" comment="httpd-tools is earlier than 0:2.4.37-21.module+el8.2.0+5008+cca404a3" id="oval:com.redhat.rhsa:tst:20203714009" version="635">
 <red-def:object object_ref="oval:com.redhat.rhsa:obj:20190980005"/>
 <red-def:state state_ref="oval:com.redhat.rhsa:ste:20203714001"/>
</red-def:rpminfo_test>
<red-def:rpminfo_test check="at least one" comment="mod_http2 is earlier than 0:1.11.3-3.module+el8.2.0+7758+84b4ca3e.1" id="oval:com.redhat.rhsa:tst:20203714011" version="635">
 <red-def:object object_ref="oval:com.redhat.rhsa:obj:20190980006"/>
 <red-def:state state_ref="oval:com.redhat.rhsa:ste:20203714004"/>
</red-def:rpminfo_test>
<red-def:rpminfo_test check="at least one" comment="mod_ldap is earlier than 0:2.4.37-21.module+el8.2.0+5008+cca404a3" id="oval:com.redhat.rhsa:tst:20203714013" version="635">
 <red-def:object object_ref="oval:com.redhat.rhsa:obj:20190980007"/>
 <red-def:state state_ref="oval:com.redhat.rhsa:ste:20203714001"/>
</red-def:rpminfo_test>
<red-def:rpminfo_test check="at least one" comment="mod_md is earlier than 1:2.0.8-7.module+el8.2.0+5531+7e4d69a2" id="oval:com.redhat.rhsa:tst:20203714015" version="635">
 <red-def:object object_ref="oval:com.redhat.rhsa:obj:20190980008"/>
 <red-def:state state_ref="oval:com.redhat.rhsa:ste:20203714005"/>
</red-def:rpminfo_test>
<red-def:rpminfo_test check="at least one" comment="mod_proxy_html is earlier than 1:2.4.37-21.module+el8.2.0+5008+cca404a3" id="oval:com.redhat.rhsa:tst:20203714017" version="635">
 <red-def:object object_ref="oval:com.redhat.rhsa:obj:20190980009"/>
 <red-def:state state_ref="oval:com.redhat.rhsa:ste:20203714006"/>
</red-def:rpminfo_test>
<red-def:rpminfo_test check="at least one" comment="mod_session is earlier than 0:2.4.37-21.module+el8.2.0+5008+cca404a3" id="oval:com.redhat.rhsa:tst:20203714019" version="635">
 <red-def:object object_ref="oval:com.redhat.rhsa:obj:20190980010"/>
 <red-def:state state_ref="oval:com.redhat.rhsa:ste:20203714001"/>
</red-def:rpminfo_test>
<red-def:rpminfo_test check="at least one" comment="mod_ssl is earlier than 1:2.4.37-21.module+el8.2.0+5008+cca404a3" id="oval:com.redhat.rhsa:tst:20203714021" version="635">
 <red-def:object object_ref="oval:com.redhat.rhsa:obj:20190980011"/>
 <red-def:state state_ref="oval:com.redhat.rhsa:ste:20203714006"/>
</red-def:rpminfo_test>
<red-def:rpminfo_test check="at least one" comment="mysql is earlier than 0:8.0.21-1.module+el8.2.0+7855+47abd494" id="oval:com.redhat.rhsa:tst:20203732007" version="635">
 <red-def:object object_ref="oval:com.redhat.rhsa:obj:20192511004"/>
 <red-def:state state_ref="oval:com.redhat.rhsa:ste:20203732004"/>
</red-def:rpminfo_test>
<red-def:rpminfo_test check="at least one" comment="mysql-common is earlier than 0:8.0.21-1.module+el8.2.0+7855+47abd494" id="oval:com.redhat.rhsa:tst:20203732009" version="635">
 <red-def:object object_ref="oval:com.redhat.rhsa:obj:20192511005"/>
 <red-def:state state_ref="oval:com.redhat.rhsa:ste:20203732004"/>
</red-def:rpminfo_test>
<red-def:rpminfo_test check="at least one" comment="mysql-devel is earlier than 0:8.0.21-1.module+el8.2.0+7855+47abd494" id="oval:com.redhat.rhsa:tst:20203732011" version="635">
 <red-def:object object_ref="oval:com.redhat.rhsa:obj:20192511006"/>
 <red-def:state state_ref="oval:com.redhat.rhsa:ste:20203732004"/>
</red-def:rpminfo_test>
<red-def:rpminfo_test check="at least one" comment="mysql-errmsg is earlier than 0:8.0.21-1.module+el8.2.0+7855+47abd494" id="oval:com.redhat.rhsa:tst:20203732013" version="635">
 <red-def:object object_ref="oval:com.redhat.rhsa:obj:20192511007"/>
 <red-def:state state_ref="oval:com.redhat.rhsa:ste:20203732004"/>
</red-def:rpminfo_test>
<red-def:rpminfo_test check="at least one" comment="mysql-libs is earlier than 0:8.0.21-1.module+el8.2.0+7855+47abd494" id="oval:com.redhat.rhsa:tst:20203732015" version="635">
 <red-def:object object_ref="oval:com.redhat.rhsa:obj:20192511008"/>
 <red-def:state state_ref="oval:com.redhat.rhsa:ste:20203732004"/>
</red-def:rpminfo_test>
<red-def:rpminfo_test check="at least one" comment="mysql-server is earlier than 0:8.0.21-1.module+el8.2.0+7855+47abd494" id="oval:com.redhat.rhsa:tst:20203732017" version="635">
 <red-def:object object_ref="oval:com.redhat.rhsa:obj:20192511009"/>
 <red-def:state state_ref="oval:com.redhat.rhsa:ste:20203732004"/>
</red-def:rpminfo_test>
<red-def:rpminfo_test check="at least one" comment="mysql-test is earlier than 0:8.0.21-1.module+el8.2.0+7855+47abd494" id="oval:com.redhat.rhsa:tst:20203732019" version="635">
 <red-def:object object_ref="oval:com.redhat.rhsa:obj:20192511010"/>
 <red-def:state state_ref="oval:com.redhat.rhsa:ste:20203732004"/>
</red-def:rpminfo_test>
<red-def:rpminfo_test check="at least one" comment="firefox is earlier than 0:78.3.0-1.el8_2" id="oval:com.redhat.rhsa:tst:20203832001" version="636">
 <red-def:object object_ref="oval:com.redhat.rhsa:obj:20190966001"/>
 <red-def:state state_ref="oval:com.redhat.rhsa:ste:20203832001"/>
</red-def:rpminfo_test>
<red-def:rpminfo_test check="at least one" comment="qemu-guest-agent is earlier than 15:2.12.0-99.module+el8.2.0+7988+c1d02dbb.4" id="oval:com.redhat.rhsa:tst:20204059149" version="637">
 <red-def:object object_ref="oval:com.redhat.rhba:obj:20192715076"/>
 <red-def:state state_ref="oval:com.redhat.rhsa:ste:20204059017"/>
</red-def:rpminfo_test>
<red-def:rpminfo_test check="at least one" comment="qemu-img is earlier than 15:2.12.0-99.module+el8.2.0+7988+c1d02dbb.4" id="oval:com.redhat.rhsa:tst:20204059151" version="637">
 <red-def:object object_ref="oval:com.redhat.rhba:obj:20192715077"/>
 <red-def:state state_ref="oval:com.redhat.rhsa:ste:20204059017"/>
</red-def:rpminfo_test>
<red-def:rpminfo_test check="at least one" comment="qemu-kvm is earlier than 15:2.12.0-99.module+el8.2.0+7988+c1d02dbb.4" id="oval:com.redhat.rhsa:tst:20204059153" version="637">
 <red-def:object object_ref="oval:com.redhat.rhba:obj:20192715078"/>
 <red-def:state state_ref="oval:com.redhat.rhsa:ste:20204059017"/>
</red-def:rpminfo_test>
<red-def:rpminfo_test check="at least one" comment="qemu-kvm-block-curl is earlier than 15:2.12.0-99.module+el8.2.0+7988+c1d02dbb.4" id="oval:com.redhat.rhsa:tst:20204059155" version="637">
 <red-def:object object_ref="oval:com.redhat.rhba:obj:20192715079"/>
 <red-def:state state_ref="oval:com.redhat.rhsa:ste:20204059017"/>
</red-def:rpminfo_test>
<red-def:rpminfo_test check="at least one" comment="qemu-kvm-block-gluster is earlier than 15:2.12.0-99.module+el8.2.0+7988+c1d02dbb.4" id="oval:com.redhat.rhsa:tst:20204059157" version="637">
 <red-def:object object_ref="oval:com.redhat.rhba:obj:20192715080"/>
 <red-def:state state_ref="oval:com.redhat.rhsa:ste:20204059018"/>
</red-def:rpminfo_test>
<red-def:rpminfo_test check="at least one" comment="qemu-kvm-block-iscsi is earlier than 15:2.12.0-99.module+el8.2.0+7988+c1d02dbb.4" id="oval:com.redhat.rhsa:tst:20204059159" version="637">
 <red-def:object object_ref="oval:com.redhat.rhba:obj:20192715081"/>
 <red-def:state state_ref="oval:com.redhat.rhsa:ste:20204059017"/>
</red-def:rpminfo_test>
<red-def:rpminfo_test check="at least one" comment="qemu-kvm-block-rbd is earlier than 15:2.12.0-99.module+el8.2.0+7988+c1d02dbb.4" id="oval:com.redhat.rhsa:tst:20204059161" version="637">
 <red-def:object object_ref="oval:com.redhat.rhba:obj:20192715082"/>
 <red-def:state state_ref="oval:com.redhat.rhsa:ste:20204059017"/>
</red-def:rpminfo_test>
<red-def:rpminfo_test check="at least one" comment="qemu-kvm-block-ssh is earlier than 15:2.12.0-99.module+el8.2.0+7988+c1d02dbb.4" id="oval:com.redhat.rhsa:tst:20204059163" version="637">
 <red-def:object object_ref="oval:com.redhat.rhba:obj:20192715083"/>
 <red-def:state state_ref="oval:com.redhat.rhsa:ste:20204059017"/>
</red-def:rpminfo_test>
<red-def:rpminfo_test check="at least one" comment="qemu-kvm-common is earlier than 15:2.12.0-99.module+el8.2.0+7988+c1d02dbb.4" id="oval:com.redhat.rhsa:tst:20204059165" version="637">
 <red-def:object object_ref="oval:com.redhat.rhba:obj:20192715084"/>
 <red-def:state state_ref="oval:com.redhat.rhsa:ste:20204059017"/>
</red-def:rpminfo_test>
<red-def:rpminfo_test check="at least one" comment="qemu-kvm-core is earlier than 15:2.12.0-99.module+el8.2.0+7988+c1d02dbb.4" id="oval:com.redhat.rhsa:tst:20204059167" version="637">
 <red-def:object object_ref="oval:com.redhat.rhba:obj:20192715085"/>
 <red-def:state state_ref="oval:com.redhat.rhsa:ste:20204059017"/>
</red-def:rpminfo_test>
<red-def:rpminfo_test check="at least one" comment="qemu-kvm-tests is earlier than 15:2.12.0-99.module+el8.2.0+7988+c1d02dbb.4" id="oval:com.redhat.rhsa:tst:20204059238" version="637">
 <red-def:object object_ref="oval:com.redhat.rhba:obj:20192715105"/>
 <red-def:state state_ref="oval:com.redhat.rhsa:ste:20204059017"/>
</red-def:rpminfo_test>
<red-def:rpminfo_test check="at least one" comment="thunderbird is earlier than 0:78.3.1-1.el8_2" id="oval:com.redhat.rhsa:tst:20204155001" version="637">
 <red-def:object object_ref="oval:com.redhat.rhsa:obj:20191144001"/>
 <red-def:state state_ref="oval:com.redhat.rhsa:ste:20204155001"/>
</red-def:rpminfo_test>
<red-def:rpminfo_test check="at least one" comment="spice-server is earlier than 0:0.14.2-1.el8_2.1" id="oval:com.redhat.rhsa:tst:20204186001" version="636">
 <red-def:object object_ref="oval:com.redhat.rhsa:obj:20204186001"/>
 <red-def:state state_ref="oval:com.redhat.rhsa:ste:20204186001"/>
</red-def:rpminfo_test>
<red-def:rpminfo_test check="at least one" comment="spice-server is signed with Red Hat redhatrelease2 key" id="oval:com.redhat.rhsa:tst:20204186002" version="636">
 <red-def:object object_ref="oval:com.redhat.rhsa:obj:20204186001"/>
 <red-def:state state_ref="oval:com.redhat.rhba:ste:20191992002"/>
</red-def:rpminfo_test>
<red-def:rpminfo_test check="at least one" comment="spice-server-devel is earlier than 0:0.14.2-1.el8_2.1" id="oval:com.redhat.rhsa:tst:20204186003" version="636">
 <red-def:object object_ref="oval:com.redhat.rhsa:obj:20204186002"/>
 <red-def:state state_ref="oval:com.redhat.rhsa:ste:20204186001"/>
</red-def:rpminfo_test>
<red-def:rpminfo_test check="at least one" comment="spice-server-devel is signed with Red Hat redhatrelease2 key" id="oval:com.redhat.rhsa:tst:20204186004" version="636">
 <red-def:object object_ref="oval:com.redhat.rhsa:obj:20204186002"/>
 <red-def:state state_ref="oval:com.redhat.rhba:ste:20191992002"/>
</red-def:rpminfo_test>
<red-def:rpminfo_test check="at least one" comment="spice-glib is earlier than 0:0.37-1.el8_2.2" id="oval:com.redhat.rhsa:tst:20204186005" version="636">
 <red-def:object object_ref="oval:com.redhat.rhsa:obj:20204186003"/>
 <red-def:state state_ref="oval:com.redhat.rhsa:ste:20204186003"/>
</red-def:rpminfo_test>
<red-def:rpminfo_test check="at least one" comment="spice-glib is signed with Red Hat redhatrelease2 key" id="oval:com.redhat.rhsa:tst:20204186006" version="636">
 <red-def:object object_ref="oval:com.redhat.rhsa:obj:20204186003"/>
 <red-def:state state_ref="oval:com.redhat.rhba:ste:20191992002"/>
</red-def:rpminfo_test>
<red-def:rpminfo_test check="at least one" comment="spice-glib-devel is earlier than 0:0.37-1.el8_2.2" id="oval:com.redhat.rhsa:tst:20204186007" version="636">
 <red-def:object object_ref="oval:com.redhat.rhsa:obj:20204186004"/>
 <red-def:state state_ref="oval:com.redhat.rhsa:ste:20204186003"/>
</red-def:rpminfo_test>
<red-def:rpminfo_test check="at least one" comment="spice-glib-devel is signed with Red Hat redhatrelease2 key" id="oval:com.redhat.rhsa:tst:20204186008" version="636">
 <red-def:object object_ref="oval:com.redhat.rhsa:obj:20204186004"/>
 <red-def:state state_ref="oval:com.redhat.rhba:ste:20191992002"/>
</red-def:rpminfo_test>
<red-def:rpminfo_test check="at least one" comment="spice-gtk is earlier than 0:0.37-1.el8_2.2" id="oval:com.redhat.rhsa:tst:20204186009" version="636">
 <red-def:object object_ref="oval:com.redhat.rhsa:obj:20204186005"/>
 <red-def:state state_ref="oval:com.redhat.rhsa:ste:20204186004"/>
</red-def:rpminfo_test>
<red-def:rpminfo_test check="at least one" comment="spice-gtk is signed with Red Hat redhatrelease2 key" id="oval:com.redhat.rhsa:tst:20204186010" version="636">
 <red-def:object object_ref="oval:com.redhat.rhsa:obj:20204186005"/>
 <red-def:state state_ref="oval:com.redhat.rhba:ste:20191992002"/>
</red-def:rpminfo_test>
<red-def:rpminfo_test check="at least one" comment="spice-gtk-tools is earlier than 0:0.37-1.el8_2.2" id="oval:com.redhat.rhsa:tst:20204186011" version="636">
 <red-def:object object_ref="oval:com.redhat.rhsa:obj:20204186006"/>
 <red-def:state state_ref="oval:com.redhat.rhsa:ste:20204186004"/>
</red-def:rpminfo_test>
<red-def:rpminfo_test check="at least one" comment="spice-gtk-tools is signed with Red Hat redhatrelease2 key" id="oval:com.redhat.rhsa:tst:20204186012" version="636">
 <red-def:object object_ref="oval:com.redhat.rhsa:obj:20204186006"/>
 <red-def:state state_ref="oval:com.redhat.rhba:ste:20191992002"/>
</red-def:rpminfo_test>
<red-def:rpminfo_test check="at least one" comment="spice-gtk3 is earlier than 0:0.37-1.el8_2.2" id="oval:com.redhat.rhsa:tst:20204186013" version="636">
 <red-def:object object_ref="oval:com.redhat.rhsa:obj:20204186007"/>
 <red-def:state state_ref="oval:com.redhat.rhsa:ste:20204186003"/>
</red-def:rpminfo_test>
<red-def:rpminfo_test check="at least one" comment="spice-gtk3 is signed with Red Hat redhatrelease2 key" id="oval:com.redhat.rhsa:tst:20204186014" version="636">
 <red-def:object object_ref="oval:com.redhat.rhsa:obj:20204186007"/>
 <red-def:state state_ref="oval:com.redhat.rhba:ste:20191992002"/>
</red-def:rpminfo_test>
<red-def:rpminfo_test check="at least one" comment="spice-gtk3-devel is earlier than 0:0.37-1.el8_2.2" id="oval:com.redhat.rhsa:tst:20204186015" version="636">
 <red-def:object object_ref="oval:com.redhat.rhsa:obj:20204186008"/>
 <red-def:state state_ref="oval:com.redhat.rhsa:ste:20204186003"/>
</red-def:rpminfo_test>
<red-def:rpminfo_test check="at least one" comment="spice-gtk3-devel is signed with Red Hat redhatrelease2 key" id="oval:com.redhat.rhsa:tst:20204186016" version="636">
 <red-def:object object_ref="oval:com.redhat.rhsa:obj:20204186008"/>
 <red-def:state state_ref="oval:com.redhat.rhba:ste:20191992002"/>
</red-def:rpminfo_test>
<red-def:rpminfo_test check="at least one" comment="spice-gtk3-vala is earlier than 0:0.37-1.el8_2.2" id="oval:com.redhat.rhsa:tst:20204186017" version="636">
 <red-def:object object_ref="oval:com.redhat.rhsa:obj:20204186009"/>
 <red-def:state state_ref="oval:com.redhat.rhsa:ste:20204186004"/>
</red-def:rpminfo_test>
<red-def:rpminfo_test check="at least one" comment="spice-gtk3-vala is signed with Red Hat redhatrelease2 key" id="oval:com.redhat.rhsa:tst:20204186018" version="636">
 <red-def:object object_ref="oval:com.redhat.rhsa:obj:20204186009"/>
 <red-def:state state_ref="oval:com.redhat.rhba:ste:20191992002"/>
</red-def:rpminfo_test>
<red-def:rpminfo_test check="at least one" comment="nodejs is earlier than 1:12.18.4-2.module+el8.2.0+8361+192e434e" id="oval:com.redhat.rhsa:tst:20204272001" version="639">
 <red-def:object object_ref="oval:com.redhat.rhea:obj:20200330001"/>
 <red-def:state state_ref="oval:com.redhat.rhsa:ste:20204272001"/>
</red-def:rpminfo_test>
<red-def:rpminfo_test check="at least one" comment="nodejs-devel is earlier than 1:12.18.4-2.module+el8.2.0+8361+192e434e" id="oval:com.redhat.rhsa:tst:20204272003" version="639">
 <red-def:object object_ref="oval:com.redhat.rhea:obj:20200330002"/>
 <red-def:state state_ref="oval:com.redhat.rhsa:ste:20204272001"/>
</red-def:rpminfo_test>
<red-def:rpminfo_test check="at least one" comment="nodejs-docs is earlier than 1:12.18.4-2.module+el8.2.0+8361+192e434e" id="oval:com.redhat.rhsa:tst:20204272005" version="639">
 <red-def:object object_ref="oval:com.redhat.rhea:obj:20200330003"/>
 <red-def:state state_ref="oval:com.redhat.rhsa:ste:20204272003"/>
</red-def:rpminfo_test>
<red-def:rpminfo_test check="at least one" comment="nodejs-full-i18n is earlier than 1:12.18.4-2.module+el8.2.0+8361+192e434e" id="oval:com.redhat.rhsa:tst:20204272007" version="639">
 <red-def:object object_ref="oval:com.redhat.rhea:obj:20225139004"/>
 <red-def:state state_ref="oval:com.redhat.rhsa:ste:20204272001"/>
</red-def:rpminfo_test>
<red-def:rpminfo_test check="at least one" comment="npm is earlier than 1:6.14.6-1.12.18.4.2.module+el8.2.0+8361+192e434e" id="oval:com.redhat.rhsa:tst:20204272013" version="639">
 <red-def:object object_ref="oval:com.redhat.rhea:obj:20200330006"/>
 <red-def:state state_ref="oval:com.redhat.rhsa:ste:20204272006"/>
</red-def:rpminfo_test>
<red-def:rpminfo_test check="at least one" comment="bpftool is earlier than 0:4.18.0-193.28.1.el8_2" id="oval:com.redhat.rhsa:tst:20204286001" version="644">
 <red-def:object object_ref="oval:com.redhat.rhsa:obj:20191167001"/>
 <red-def:state state_ref="oval:com.redhat.rhsa:ste:20204286001"/>
</red-def:rpminfo_test>
<red-def:rpminfo_test check="at least one" comment="kernel is earlier than 0:4.18.0-193.28.1.el8_2" id="oval:com.redhat.rhsa:tst:20204286003" version="644">
 <red-def:object object_ref="oval:com.redhat.rhsa:obj:20191167002"/>
 <red-def:state state_ref="oval:com.redhat.rhsa:ste:20204286001"/>
</red-def:rpminfo_test>
<red-def:rpminfo_test check="at least one" comment="kernel-abi-whitelists is earlier than 0:4.18.0-193.28.1.el8_2" id="oval:com.redhat.rhsa:tst:20204286005" version="644">
 <red-def:object object_ref="oval:com.redhat.rhsa:obj:20191167003"/>
 <red-def:state state_ref="oval:com.redhat.rhsa:ste:20204286003"/>
</red-def:rpminfo_test>
<red-def:rpminfo_test check="at least one" comment="kernel-core is earlier than 0:4.18.0-193.28.1.el8_2" id="oval:com.redhat.rhsa:tst:20204286007" version="644">
 <red-def:object object_ref="oval:com.redhat.rhsa:obj:20191167004"/>
 <red-def:state state_ref="oval:com.redhat.rhsa:ste:20204286001"/>
</red-def:rpminfo_test>
<red-def:rpminfo_test check="at least one" comment="kernel-cross-headers is earlier than 0:4.18.0-193.28.1.el8_2" id="oval:com.redhat.rhsa:tst:20204286009" version="644">
 <red-def:object object_ref="oval:com.redhat.rhsa:obj:20191167005"/>
 <red-def:state state_ref="oval:com.redhat.rhsa:ste:20204286001"/>
</red-def:rpminfo_test>
<red-def:rpminfo_test check="at least one" comment="kernel-debug is earlier than 0:4.18.0-193.28.1.el8_2" id="oval:com.redhat.rhsa:tst:20204286011" version="644">
 <red-def:object object_ref="oval:com.redhat.rhsa:obj:20191167006"/>
 <red-def:state state_ref="oval:com.redhat.rhsa:ste:20204286001"/>
</red-def:rpminfo_test>
<red-def:rpminfo_test check="at least one" comment="kernel-debug-core is earlier than 0:4.18.0-193.28.1.el8_2" id="oval:com.redhat.rhsa:tst:20204286013" version="644">
 <red-def:object object_ref="oval:com.redhat.rhsa:obj:20191167007"/>
 <red-def:state state_ref="oval:com.redhat.rhsa:ste:20204286001"/>
</red-def:rpminfo_test>
<red-def:rpminfo_test check="at least one" comment="kernel-debug-devel is earlier than 0:4.18.0-193.28.1.el8_2" id="oval:com.redhat.rhsa:tst:20204286015" version="644">
 <red-def:object object_ref="oval:com.redhat.rhsa:obj:20191167008"/>
 <red-def:state state_ref="oval:com.redhat.rhsa:ste:20204286001"/>
</red-def:rpminfo_test>
<red-def:rpminfo_test check="at least one" comment="kernel-debug-modules is earlier than 0:4.18.0-193.28.1.el8_2" id="oval:com.redhat.rhsa:tst:20204286017" version="644">
 <red-def:object object_ref="oval:com.redhat.rhsa:obj:20191167009"/>
 <red-def:state state_ref="oval:com.redhat.rhsa:ste:20204286001"/>
</red-def:rpminfo_test>
<red-def:rpminfo_test check="at least one" comment="kernel-debug-modules-extra is earlier than 0:4.18.0-193.28.1.el8_2" id="oval:com.redhat.rhsa:tst:20204286019" version="644">
 <red-def:object object_ref="oval:com.redhat.rhsa:obj:20191167010"/>
 <red-def:state state_ref="oval:com.redhat.rhsa:ste:20204286001"/>
</red-def:rpminfo_test>
<red-def:rpminfo_test check="at least one" comment="kernel-devel is earlier than 0:4.18.0-193.28.1.el8_2" id="oval:com.redhat.rhsa:tst:20204286021" version="644">
 <red-def:object object_ref="oval:com.redhat.rhsa:obj:20191167011"/>
 <red-def:state state_ref="oval:com.redhat.rhsa:ste:20204286001"/>
</red-def:rpminfo_test>
<red-def:rpminfo_test check="at least one" comment="kernel-doc is earlier than 0:4.18.0-193.28.1.el8_2" id="oval:com.redhat.rhsa:tst:20204286023" version="644">
 <red-def:object object_ref="oval:com.redhat.rhsa:obj:20191167012"/>
 <red-def:state state_ref="oval:com.redhat.rhsa:ste:20204286003"/>
</red-def:rpminfo_test>
<red-def:rpminfo_test check="at least one" comment="kernel-modules is earlier than 0:4.18.0-193.28.1.el8_2" id="oval:com.redhat.rhsa:tst:20204286025" version="644">
 <red-def:object object_ref="oval:com.redhat.rhsa:obj:20191167014"/>
 <red-def:state state_ref="oval:com.redhat.rhsa:ste:20204286001"/>
</red-def:rpminfo_test>
<red-def:rpminfo_test check="at least one" comment="kernel-modules-extra is earlier than 0:4.18.0-193.28.1.el8_2" id="oval:com.redhat.rhsa:tst:20204286027" version="644">
 <red-def:object object_ref="oval:com.redhat.rhsa:obj:20191167015"/>
 <red-def:state state_ref="oval:com.redhat.rhsa:ste:20204286001"/>
</red-def:rpminfo_test>
<red-def:rpminfo_test check="at least one" comment="kernel-tools is earlier than 0:4.18.0-193.28.1.el8_2" id="oval:com.redhat.rhsa:tst:20204286029" version="644">
 <red-def:object object_ref="oval:com.redhat.rhsa:obj:20191167016"/>
 <red-def:state state_ref="oval:com.redhat.rhsa:ste:20204286001"/>
</red-def:rpminfo_test>
<red-def:rpminfo_test check="at least one" comment="kernel-tools-libs is earlier than 0:4.18.0-193.28.1.el8_2" id="oval:com.redhat.rhsa:tst:20204286031" version="644">
 <red-def:object object_ref="oval:com.redhat.rhsa:obj:20191167017"/>
 <red-def:state state_ref="oval:com.redhat.rhsa:ste:20204286004"/>
</red-def:rpminfo_test>
<red-def:rpminfo_test check="at least one" comment="kernel-tools-libs-devel is earlier than 0:4.18.0-193.28.1.el8_2" id="oval:com.redhat.rhsa:tst:20204286033" version="644">
 <red-def:object object_ref="oval:com.redhat.rhsa:obj:20191167018"/>
 <red-def:state state_ref="oval:com.redhat.rhsa:ste:20204286004"/>
</red-def:rpminfo_test>
<red-def:rpminfo_test check="at least one" comment="kernel-zfcpdump is earlier than 0:4.18.0-193.28.1.el8_2" id="oval:com.redhat.rhsa:tst:20204286035" version="644">
 <red-def:object object_ref="oval:com.redhat.rhsa:obj:20191167019"/>
 <red-def:state state_ref="oval:com.redhat.rhsa:ste:20204286005"/>
</red-def:rpminfo_test>
<red-def:rpminfo_test check="at least one" comment="kernel-zfcpdump-core is earlier than 0:4.18.0-193.28.1.el8_2" id="oval:com.redhat.rhsa:tst:20204286037" version="644">
 <red-def:object object_ref="oval:com.redhat.rhsa:obj:20191167020"/>
 <red-def:state state_ref="oval:com.redhat.rhsa:ste:20204286005"/>
</red-def:rpminfo_test>
<red-def:rpminfo_test check="at least one" comment="kernel-zfcpdump-devel is earlier than 0:4.18.0-193.28.1.el8_2" id="oval:com.redhat.rhsa:tst:20204286039" version="644">
 <red-def:object object_ref="oval:com.redhat.rhsa:obj:20191167021"/>
 <red-def:state state_ref="oval:com.redhat.rhsa:ste:20204286005"/>
</red-def:rpminfo_test>
<red-def:rpminfo_test check="at least one" comment="kernel-zfcpdump-modules is earlier than 0:4.18.0-193.28.1.el8_2" id="oval:com.redhat.rhsa:tst:20204286041" version="644">
 <red-def:object object_ref="oval:com.redhat.rhsa:obj:20191167022"/>
 <red-def:state state_ref="oval:com.redhat.rhsa:ste:20204286005"/>
</red-def:rpminfo_test>
<red-def:rpminfo_test check="at least one" comment="kernel-zfcpdump-modules-extra is earlier than 0:4.18.0-193.28.1.el8_2" id="oval:com.redhat.rhsa:tst:20204286043" version="644">
 <red-def:object object_ref="oval:com.redhat.rhsa:obj:20191167023"/>
 <red-def:state state_ref="oval:com.redhat.rhsa:ste:20204286005"/>
</red-def:rpminfo_test>
<red-def:rpminfo_test check="at least one" comment="perf is earlier than 0:4.18.0-193.28.1.el8_2" id="oval:com.redhat.rhsa:tst:20204286045" version="644">
 <red-def:object object_ref="oval:com.redhat.rhsa:obj:20191167024"/>
 <red-def:state state_ref="oval:com.redhat.rhsa:ste:20204286001"/>
</red-def:rpminfo_test>
<red-def:rpminfo_test check="at least one" comment="python3-perf is earlier than 0:4.18.0-193.28.1.el8_2" id="oval:com.redhat.rhsa:tst:20204286047" version="644">
 <red-def:object object_ref="oval:com.redhat.rhsa:obj:20191167025"/>
 <red-def:state state_ref="oval:com.redhat.rhsa:ste:20204286001"/>
</red-def:rpminfo_test>
<unix-def:uname_test check="at least one" comment="kernel earlier than 0:4.18.0-193.28.1.el8_2 is currently running" id="oval:com.redhat.rhsa:tst:20204286049" version="644">
 <unix-def:object object_ref="oval:com.redhat.rhsa:obj:20191167026"/>
 <unix-def:state state_ref="oval:com.redhat.rhsa:ste:20204286006"/>
</unix-def:uname_test>
<ind-def:textfilecontent54_test check="all" comment="kernel earlier than 0:4.18.0-193.28.1.el8_2 is set to boot up on next boot" id="oval:com.redhat.rhsa:tst:20204286050" version="644">
 <ind-def:object object_ref="oval:com.redhat.rhsa:obj:20191167027"/>
 <ind-def:state state_ref="oval:com.redhat.rhsa:ste:20204286007"/>
</ind-def:textfilecontent54_test>
<red-def:rpminfo_test check="at least one" comment="kernel-rt is earlier than 0:4.18.0-193.28.1.rt13.77.el8_2" id="oval:com.redhat.rhsa:tst:20204289001" version="639">
 <red-def:object object_ref="oval:com.redhat.rhsa:obj:20191174001"/>
 <red-def:state state_ref="oval:com.redhat.rhsa:ste:20204289001"/>
</red-def:rpminfo_test>
<red-def:rpminfo_test check="at least one" comment="kernel-rt-core is earlier than 0:4.18.0-193.28.1.rt13.77.el8_2" id="oval:com.redhat.rhsa:tst:20204289003" version="639">
 <red-def:object object_ref="oval:com.redhat.rhsa:obj:20191174002"/>
 <red-def:state state_ref="oval:com.redhat.rhsa:ste:20204289001"/>
</red-def:rpminfo_test>
<red-def:rpminfo_test check="at least one" comment="kernel-rt-debug is earlier than 0:4.18.0-193.28.1.rt13.77.el8_2" id="oval:com.redhat.rhsa:tst:20204289005" version="639">
 <red-def:object object_ref="oval:com.redhat.rhsa:obj:20191174003"/>
 <red-def:state state_ref="oval:com.redhat.rhsa:ste:20204289001"/>
</red-def:rpminfo_test>
<red-def:rpminfo_test check="at least one" comment="kernel-rt-debug-core is earlier than 0:4.18.0-193.28.1.rt13.77.el8_2" id="oval:com.redhat.rhsa:tst:20204289007" version="639">
 <red-def:object object_ref="oval:com.redhat.rhsa:obj:20191174004"/>
 <red-def:state state_ref="oval:com.redhat.rhsa:ste:20204289001"/>
</red-def:rpminfo_test>
<red-def:rpminfo_test check="at least one" comment="kernel-rt-debug-devel is earlier than 0:4.18.0-193.28.1.rt13.77.el8_2" id="oval:com.redhat.rhsa:tst:20204289009" version="639">
 <red-def:object object_ref="oval:com.redhat.rhsa:obj:20191174005"/>
 <red-def:state state_ref="oval:com.redhat.rhsa:ste:20204289001"/>
</red-def:rpminfo_test>
<red-def:rpminfo_test check="at least one" comment="kernel-rt-debug-kvm is earlier than 0:4.18.0-193.28.1.rt13.77.el8_2" id="oval:com.redhat.rhsa:tst:20204289011" version="639">
 <red-def:object object_ref="oval:com.redhat.rhsa:obj:20191174006"/>
 <red-def:state state_ref="oval:com.redhat.rhsa:ste:20204289001"/>
</red-def:rpminfo_test>
<red-def:rpminfo_test check="at least one" comment="kernel-rt-debug-modules is earlier than 0:4.18.0-193.28.1.rt13.77.el8_2" id="oval:com.redhat.rhsa:tst:20204289013" version="639">
 <red-def:object object_ref="oval:com.redhat.rhsa:obj:20191174007"/>
 <red-def:state state_ref="oval:com.redhat.rhsa:ste:20204289001"/>
</red-def:rpminfo_test>
<red-def:rpminfo_test check="at least one" comment="kernel-rt-debug-modules-extra is earlier than 0:4.18.0-193.28.1.rt13.77.el8_2" id="oval:com.redhat.rhsa:tst:20204289015" version="639">
 <red-def:object object_ref="oval:com.redhat.rhsa:obj:20191174008"/>
 <red-def:state state_ref="oval:com.redhat.rhsa:ste:20204289001"/>
</red-def:rpminfo_test>
<red-def:rpminfo_test check="at least one" comment="kernel-rt-devel is earlier than 0:4.18.0-193.28.1.rt13.77.el8_2" id="oval:com.redhat.rhsa:tst:20204289017" version="639">
 <red-def:object object_ref="oval:com.redhat.rhsa:obj:20191174009"/>
 <red-def:state state_ref="oval:com.redhat.rhsa:ste:20204289001"/>
</red-def:rpminfo_test>
<red-def:rpminfo_test check="at least one" comment="kernel-rt-kvm is earlier than 0:4.18.0-193.28.1.rt13.77.el8_2" id="oval:com.redhat.rhsa:tst:20204289019" version="639">
 <red-def:object object_ref="oval:com.redhat.rhsa:obj:20191174010"/>
 <red-def:state state_ref="oval:com.redhat.rhsa:ste:20204289001"/>
</red-def:rpminfo_test>
<red-def:rpminfo_test check="at least one" comment="kernel-rt-modules is earlier than 0:4.18.0-193.28.1.rt13.77.el8_2" id="oval:com.redhat.rhsa:tst:20204289021" version="639">
 <red-def:object object_ref="oval:com.redhat.rhsa:obj:20191174011"/>
 <red-def:state state_ref="oval:com.redhat.rhsa:ste:20204289001"/>
</red-def:rpminfo_test>
<red-def:rpminfo_test check="at least one" comment="kernel-rt-modules-extra is earlier than 0:4.18.0-193.28.1.rt13.77.el8_2" id="oval:com.redhat.rhsa:tst:20204289023" version="639">
 <red-def:object object_ref="oval:com.redhat.rhsa:obj:20191174012"/>
 <red-def:state state_ref="oval:com.redhat.rhsa:ste:20204289001"/>
</red-def:rpminfo_test>
<red-def:rpminfo_test check="at least one" comment="java-11-openjdk is earlier than 1:11.0.9.11-0.el8_2" id="oval:com.redhat.rhsa:tst:20204305001" version="638">
 <red-def:object object_ref="oval:com.redhat.rhsa:obj:20191518001"/>
 <red-def:state state_ref="oval:com.redhat.rhsa:ste:20204305001"/>
</red-def:rpminfo_test>
<red-def:rpminfo_test check="at least one" comment="java-11-openjdk-demo is earlier than 1:11.0.9.11-0.el8_2" id="oval:com.redhat.rhsa:tst:20204305003" version="638">
 <red-def:object object_ref="oval:com.redhat.rhsa:obj:20191518002"/>
 <red-def:state state_ref="oval:com.redhat.rhsa:ste:20204305001"/>
</red-def:rpminfo_test>
<red-def:rpminfo_test check="at least one" comment="java-11-openjdk-devel is earlier than 1:11.0.9.11-0.el8_2" id="oval:com.redhat.rhsa:tst:20204305005" version="638">
 <red-def:object object_ref="oval:com.redhat.rhsa:obj:20191518003"/>
 <red-def:state state_ref="oval:com.redhat.rhsa:ste:20204305001"/>
</red-def:rpminfo_test>
<red-def:rpminfo_test check="at least one" comment="java-11-openjdk-headless is earlier than 1:11.0.9.11-0.el8_2" id="oval:com.redhat.rhsa:tst:20204305007" version="638">
 <red-def:object object_ref="oval:com.redhat.rhsa:obj:20191518004"/>
 <red-def:state state_ref="oval:com.redhat.rhsa:ste:20204305001"/>
</red-def:rpminfo_test>
<red-def:rpminfo_test check="at least one" comment="java-11-openjdk-javadoc is earlier than 1:11.0.9.11-0.el8_2" id="oval:com.redhat.rhsa:tst:20204305009" version="638">
 <red-def:object object_ref="oval:com.redhat.rhsa:obj:20191518005"/>
 <red-def:state state_ref="oval:com.redhat.rhsa:ste:20204305001"/>
</red-def:rpminfo_test>
<red-def:rpminfo_test check="at least one" comment="java-11-openjdk-javadoc-zip is earlier than 1:11.0.9.11-0.el8_2" id="oval:com.redhat.rhsa:tst:20204305011" version="638">
 <red-def:object object_ref="oval:com.redhat.rhsa:obj:20191518006"/>
 <red-def:state state_ref="oval:com.redhat.rhsa:ste:20204305001"/>
</red-def:rpminfo_test>
<red-def:rpminfo_test check="at least one" comment="java-11-openjdk-jmods is earlier than 1:11.0.9.11-0.el8_2" id="oval:com.redhat.rhsa:tst:20204305013" version="638">
 <red-def:object object_ref="oval:com.redhat.rhsa:obj:20191518007"/>
 <red-def:state state_ref="oval:com.redhat.rhsa:ste:20204305001"/>
</red-def:rpminfo_test>
<red-def:rpminfo_test check="at least one" comment="java-11-openjdk-src is earlier than 1:11.0.9.11-0.el8_2" id="oval:com.redhat.rhsa:tst:20204305015" version="638">
 <red-def:object object_ref="oval:com.redhat.rhsa:obj:20191518008"/>
 <red-def:state state_ref="oval:com.redhat.rhsa:ste:20204305001"/>
</red-def:rpminfo_test>
<red-def:rpminfo_test check="at least one" comment="java-11-openjdk-static-libs is earlier than 1:11.0.9.11-0.el8_2" id="oval:com.redhat.rhsa:tst:20204305017" version="638">
 <red-def:object object_ref="oval:com.redhat.rhsa:obj:20202970009"/>
 <red-def:state state_ref="oval:com.redhat.rhsa:ste:20204305001"/>
</red-def:rpminfo_test>
<red-def:rpminfo_test check="at least one" comment="firefox is earlier than 0:78.4.0-1.el8_2" id="oval:com.redhat.rhsa:tst:20204317001" version="637">
 <red-def:object object_ref="oval:com.redhat.rhsa:obj:20190966001"/>
 <red-def:state state_ref="oval:com.redhat.rhsa:ste:20204317001"/>
</red-def:rpminfo_test>
<red-def:rpminfo_test check="at least one" comment="kpatch-patch-4_18_0-193 is earlier than 0:1-7.el8" id="oval:com.redhat.rhsa:tst:20204331004" version="636">
 <red-def:object object_ref="oval:com.redhat.rhsa:obj:20202125002"/>
 <red-def:state state_ref="oval:com.redhat.rhsa:ste:20204331001"/>
</red-def:rpminfo_test>
<red-def:rpminfo_test check="at least one" comment="kpatch-patch-4_18_0-193_1_2 is earlier than 0:1-5.el8_2" id="oval:com.redhat.rhsa:tst:20204331010" version="636">
 <red-def:object object_ref="oval:com.redhat.rhsa:obj:20202567005"/>
 <red-def:state state_ref="oval:com.redhat.rhsa:ste:20204331006"/>
</red-def:rpminfo_test>
<red-def:rpminfo_test check="at least one" comment="kernel version equals 0:4.18.0-193.6.3.el8_2" id="oval:com.redhat.rhsa:tst:20204331014" version="636">
 <red-def:object object_ref="oval:com.redhat.rhsa:obj:20191167002"/>
 <red-def:state state_ref="oval:com.redhat.rhsa:ste:20204331011"/>
</red-def:rpminfo_test>
<red-def:rpminfo_test check="at least one" comment="kpatch-patch-4_18_0-193_6_3 is earlier than 0:1-4.el8_2" id="oval:com.redhat.rhsa:tst:20204331016" version="636">
 <red-def:object object_ref="oval:com.redhat.rhsa:obj:20203073006"/>
 <red-def:state state_ref="oval:com.redhat.rhsa:ste:20204331010"/>
</red-def:rpminfo_test>
<red-def:rpminfo_test check="at least one" comment="kernel version equals 0:4.18.0-193.13.2.el8_2" id="oval:com.redhat.rhsa:tst:20204331020" version="636">
 <red-def:object object_ref="oval:com.redhat.rhsa:obj:20191167002"/>
 <red-def:state state_ref="oval:com.redhat.rhsa:ste:20204331015"/>
</red-def:rpminfo_test>
<red-def:rpminfo_test check="at least one" check_existence="none_exist" comment="kpatch-patch not installed for 0:4.18.0-193.13.2.el8_2" id="oval:com.redhat.rhsa:tst:20204331021" version="636">
 <red-def:object object_ref="oval:com.redhat.rhsa:obj:20204331007"/>
</red-def:rpminfo_test>
<red-def:rpminfo_test check="at least one" comment="kpatch-patch-4_18_0-193_13_2 is earlier than 0:1-2.el8_2" id="oval:com.redhat.rhsa:tst:20204331022" version="636">
 <red-def:object object_ref="oval:com.redhat.rhsa:obj:20204331007"/>
 <red-def:state state_ref="oval:com.redhat.rhsa:ste:20204331014"/>
</red-def:rpminfo_test>
<red-def:rpminfo_test check="at least one" comment="kpatch-patch-4_18_0-193_13_2 is signed with Red Hat redhatrelease2 key" id="oval:com.redhat.rhsa:tst:20204331023" version="636">
 <red-def:object object_ref="oval:com.redhat.rhsa:obj:20204331007"/>
 <red-def:state state_ref="oval:com.redhat.rhba:ste:20191992002"/>
</red-def:rpminfo_test>
<unix-def:uname_test check="at least one" comment="kernel version 0:4.18.0-193.13.2.el8_2 is currently running" id="oval:com.redhat.rhsa:tst:20204331024" version="636">
 <unix-def:object object_ref="oval:com.redhat.rhsa:obj:20191167026"/>
 <unix-def:state state_ref="oval:com.redhat.rhsa:ste:20204331016"/>
</unix-def:uname_test>
<ind-def:textfilecontent54_test check="all" comment="kernel version 0:4.18.0-193.13.2.el8_2 is set to boot up on next boot" id="oval:com.redhat.rhsa:tst:20204331025" version="636">
 <ind-def:object object_ref="oval:com.redhat.rhsa:obj:20191167027"/>
 <ind-def:state state_ref="oval:com.redhat.rhsa:ste:20204331017"/>
</ind-def:textfilecontent54_test>
<red-def:rpminfo_test check="at least one" comment="kernel version equals 0:4.18.0-193.14.3.el8_2" id="oval:com.redhat.rhsa:tst:20204331026" version="636">
 <red-def:object object_ref="oval:com.redhat.rhsa:obj:20191167002"/>
 <red-def:state state_ref="oval:com.redhat.rhsa:ste:20204331018"/>
</red-def:rpminfo_test>
<red-def:rpminfo_test check="at least one" check_existence="none_exist" comment="kpatch-patch not installed for 0:4.18.0-193.14.3.el8_2" id="oval:com.redhat.rhsa:tst:20204331027" version="636">
 <red-def:object object_ref="oval:com.redhat.rhsa:obj:20204331008"/>
</red-def:rpminfo_test>
<red-def:rpminfo_test check="at least one" comment="kpatch-patch-4_18_0-193_14_3 is earlier than 0:1-2.el8_2" id="oval:com.redhat.rhsa:tst:20204331028" version="636">
 <red-def:object object_ref="oval:com.redhat.rhsa:obj:20204331008"/>
 <red-def:state state_ref="oval:com.redhat.rhsa:ste:20204331014"/>
</red-def:rpminfo_test>
<red-def:rpminfo_test check="at least one" comment="kpatch-patch-4_18_0-193_14_3 is signed with Red Hat redhatrelease2 key" id="oval:com.redhat.rhsa:tst:20204331029" version="636">
 <red-def:object object_ref="oval:com.redhat.rhsa:obj:20204331008"/>
 <red-def:state state_ref="oval:com.redhat.rhba:ste:20191992002"/>
</red-def:rpminfo_test>
<unix-def:uname_test check="at least one" comment="kernel version 0:4.18.0-193.14.3.el8_2 is currently running" id="oval:com.redhat.rhsa:tst:20204331030" version="636">
 <unix-def:object object_ref="oval:com.redhat.rhsa:obj:20191167026"/>
 <unix-def:state state_ref="oval:com.redhat.rhsa:ste:20204331019"/>
</unix-def:uname_test>
<ind-def:textfilecontent54_test check="all" comment="kernel version 0:4.18.0-193.14.3.el8_2 is set to boot up on next boot" id="oval:com.redhat.rhsa:tst:20204331031" version="636">
 <ind-def:object object_ref="oval:com.redhat.rhsa:obj:20191167027"/>
 <ind-def:state state_ref="oval:com.redhat.rhsa:ste:20204331020"/>
</ind-def:textfilecontent54_test>
<red-def:rpminfo_test check="at least one" comment="kernel version equals 0:4.18.0-193.19.1.el8_2" id="oval:com.redhat.rhsa:tst:20204331032" version="636">
 <red-def:object object_ref="oval:com.redhat.rhsa:obj:20191167002"/>
 <red-def:state state_ref="oval:com.redhat.rhsa:ste:20204331021"/>
</red-def:rpminfo_test>
<red-def:rpminfo_test check="at least one" check_existence="none_exist" comment="kpatch-patch not installed for 0:4.18.0-193.19.1.el8_2" id="oval:com.redhat.rhsa:tst:20204331033" version="636">
 <red-def:object object_ref="oval:com.redhat.rhsa:obj:20204331009"/>
</red-def:rpminfo_test>
<red-def:rpminfo_test check="at least one" comment="kpatch-patch-4_18_0-193_19_1 is earlier than 0:1-2.el8_2" id="oval:com.redhat.rhsa:tst:20204331034" version="636">
 <red-def:object object_ref="oval:com.redhat.rhsa:obj:20204331009"/>
 <red-def:state state_ref="oval:com.redhat.rhsa:ste:20204331014"/>
</red-def:rpminfo_test>
<red-def:rpminfo_test check="at least one" comment="kpatch-patch-4_18_0-193_19_1 is signed with Red Hat redhatrelease2 key" id="oval:com.redhat.rhsa:tst:20204331035" version="636">
 <red-def:object object_ref="oval:com.redhat.rhsa:obj:20204331009"/>
 <red-def:state state_ref="oval:com.redhat.rhba:ste:20191992002"/>
</red-def:rpminfo_test>
<unix-def:uname_test check="at least one" comment="kernel version 0:4.18.0-193.19.1.el8_2 is currently running" id="oval:com.redhat.rhsa:tst:20204331036" version="636">
 <unix-def:object object_ref="oval:com.redhat.rhsa:obj:20191167026"/>
 <unix-def:state state_ref="oval:com.redhat.rhsa:ste:20204331022"/>
</unix-def:uname_test>
<ind-def:textfilecontent54_test check="all" comment="kernel version 0:4.18.0-193.19.1.el8_2 is set to boot up on next boot" id="oval:com.redhat.rhsa:tst:20204331037" version="636">
 <ind-def:object object_ref="oval:com.redhat.rhsa:obj:20191167027"/>
 <ind-def:state state_ref="oval:com.redhat.rhsa:ste:20204331023"/>
</ind-def:textfilecontent54_test>
<red-def:rpminfo_test check="at least one" comment="java-1.8.0-openjdk is earlier than 1:1.8.0.272.b10-1.el8_2" id="oval:com.redhat.rhsa:tst:20204347001" version="635">
 <red-def:object object_ref="oval:com.redhat.rhsa:obj:20191146001"/>
 <red-def:state state_ref="oval:com.redhat.rhsa:ste:20204347001"/>
</red-def:rpminfo_test>
<red-def:rpminfo_test check="at least one" comment="java-1.8.0-openjdk-accessibility is earlier than 1:1.8.0.272.b10-1.el8_2" id="oval:com.redhat.rhsa:tst:20204347003" version="635">
 <red-def:object object_ref="oval:com.redhat.rhsa:obj:20191146002"/>
 <red-def:state state_ref="oval:com.redhat.rhsa:ste:20204347001"/>
</red-def:rpminfo_test>
<red-def:rpminfo_test check="at least one" comment="java-1.8.0-openjdk-demo is earlier than 1:1.8.0.272.b10-1.el8_2" id="oval:com.redhat.rhsa:tst:20204347005" version="635">
 <red-def:object object_ref="oval:com.redhat.rhsa:obj:20191146003"/>
 <red-def:state state_ref="oval:com.redhat.rhsa:ste:20204347001"/>
</red-def:rpminfo_test>
<red-def:rpminfo_test check="at least one" comment="java-1.8.0-openjdk-devel is earlier than 1:1.8.0.272.b10-1.el8_2" id="oval:com.redhat.rhsa:tst:20204347007" version="635">
 <red-def:object object_ref="oval:com.redhat.rhsa:obj:20191146004"/>
 <red-def:state state_ref="oval:com.redhat.rhsa:ste:20204347001"/>
</red-def:rpminfo_test>
<red-def:rpminfo_test check="at least one" comment="java-1.8.0-openjdk-headless is earlier than 1:1.8.0.272.b10-1.el8_2" id="oval:com.redhat.rhsa:tst:20204347009" version="635">
 <red-def:object object_ref="oval:com.redhat.rhsa:obj:20191146005"/>
 <red-def:state state_ref="oval:com.redhat.rhsa:ste:20204347001"/>
</red-def:rpminfo_test>
<red-def:rpminfo_test check="at least one" comment="java-1.8.0-openjdk-javadoc is earlier than 1:1.8.0.272.b10-1.el8_2" id="oval:com.redhat.rhsa:tst:20204347011" version="635">
 <red-def:object object_ref="oval:com.redhat.rhsa:obj:20191146006"/>
 <red-def:state state_ref="oval:com.redhat.rhsa:ste:20204347003"/>
</red-def:rpminfo_test>
<red-def:rpminfo_test check="at least one" comment="java-1.8.0-openjdk-javadoc-zip is earlier than 1:1.8.0.272.b10-1.el8_2" id="oval:com.redhat.rhsa:tst:20204347013" version="635">
 <red-def:object object_ref="oval:com.redhat.rhsa:obj:20191146007"/>
 <red-def:state state_ref="oval:com.redhat.rhsa:ste:20204347003"/>
</red-def:rpminfo_test>
<red-def:rpminfo_test check="at least one" comment="java-1.8.0-openjdk-src is earlier than 1:1.8.0.272.b10-1.el8_2" id="oval:com.redhat.rhsa:tst:20204347015" version="635">
 <red-def:object object_ref="oval:com.redhat.rhsa:obj:20191146008"/>
 <red-def:state state_ref="oval:com.redhat.rhsa:ste:20204347001"/>
</red-def:rpminfo_test>
<red-def:rpminfo_test check="at least one" comment="bpftool is earlier than 0:4.18.0-240.el8" id="oval:com.redhat.rhsa:tst:20204431001" version="640">
 <red-def:object object_ref="oval:com.redhat.rhsa:obj:20191167001"/>
 <red-def:state state_ref="oval:com.redhat.rhsa:ste:20204431001"/>
</red-def:rpminfo_test>
<red-def:rpminfo_test check="at least one" comment="kernel is earlier than 0:4.18.0-240.el8" id="oval:com.redhat.rhsa:tst:20204431003" version="640">
 <red-def:object object_ref="oval:com.redhat.rhsa:obj:20191167002"/>
 <red-def:state state_ref="oval:com.redhat.rhsa:ste:20204431001"/>
</red-def:rpminfo_test>
<red-def:rpminfo_test check="at least one" comment="kernel-abi-whitelists is earlier than 0:4.18.0-240.el8" id="oval:com.redhat.rhsa:tst:20204431005" version="640">
 <red-def:object object_ref="oval:com.redhat.rhsa:obj:20191167003"/>
 <red-def:state state_ref="oval:com.redhat.rhsa:ste:20204431003"/>
</red-def:rpminfo_test>
<red-def:rpminfo_test check="at least one" comment="kernel-core is earlier than 0:4.18.0-240.el8" id="oval:com.redhat.rhsa:tst:20204431007" version="640">
 <red-def:object object_ref="oval:com.redhat.rhsa:obj:20191167004"/>
 <red-def:state state_ref="oval:com.redhat.rhsa:ste:20204431001"/>
</red-def:rpminfo_test>
<red-def:rpminfo_test check="at least one" comment="kernel-cross-headers is earlier than 0:4.18.0-240.el8" id="oval:com.redhat.rhsa:tst:20204431009" version="640">
 <red-def:object object_ref="oval:com.redhat.rhsa:obj:20191167005"/>
 <red-def:state state_ref="oval:com.redhat.rhsa:ste:20204431001"/>
</red-def:rpminfo_test>
<red-def:rpminfo_test check="at least one" comment="kernel-debug is earlier than 0:4.18.0-240.el8" id="oval:com.redhat.rhsa:tst:20204431011" version="640">
 <red-def:object object_ref="oval:com.redhat.rhsa:obj:20191167006"/>
 <red-def:state state_ref="oval:com.redhat.rhsa:ste:20204431001"/>
</red-def:rpminfo_test>
<red-def:rpminfo_test check="at least one" comment="kernel-debug-core is earlier than 0:4.18.0-240.el8" id="oval:com.redhat.rhsa:tst:20204431013" version="640">
 <red-def:object object_ref="oval:com.redhat.rhsa:obj:20191167007"/>
 <red-def:state state_ref="oval:com.redhat.rhsa:ste:20204431001"/>
</red-def:rpminfo_test>
<red-def:rpminfo_test check="at least one" comment="kernel-debug-devel is earlier than 0:4.18.0-240.el8" id="oval:com.redhat.rhsa:tst:20204431015" version="640">
 <red-def:object object_ref="oval:com.redhat.rhsa:obj:20191167008"/>
 <red-def:state state_ref="oval:com.redhat.rhsa:ste:20204431001"/>
</red-def:rpminfo_test>
<red-def:rpminfo_test check="at least one" comment="kernel-debug-modules is earlier than 0:4.18.0-240.el8" id="oval:com.redhat.rhsa:tst:20204431017" version="640">
 <red-def:object object_ref="oval:com.redhat.rhsa:obj:20191167009"/>
 <red-def:state state_ref="oval:com.redhat.rhsa:ste:20204431001"/>
</red-def:rpminfo_test>
<red-def:rpminfo_test check="at least one" comment="kernel-debug-modules-extra is earlier than 0:4.18.0-240.el8" id="oval:com.redhat.rhsa:tst:20204431019" version="640">
 <red-def:object object_ref="oval:com.redhat.rhsa:obj:20191167010"/>
 <red-def:state state_ref="oval:com.redhat.rhsa:ste:20204431001"/>
</red-def:rpminfo_test>
<red-def:rpminfo_test check="at least one" comment="kernel-devel is earlier than 0:4.18.0-240.el8" id="oval:com.redhat.rhsa:tst:20204431021" version="640">
 <red-def:object object_ref="oval:com.redhat.rhsa:obj:20191167011"/>
 <red-def:state state_ref="oval:com.redhat.rhsa:ste:20204431001"/>
</red-def:rpminfo_test>
<red-def:rpminfo_test check="at least one" comment="kernel-doc is earlier than 0:4.18.0-240.el8" id="oval:com.redhat.rhsa:tst:20204431023" version="640">
 <red-def:object object_ref="oval:com.redhat.rhsa:obj:20191167012"/>
 <red-def:state state_ref="oval:com.redhat.rhsa:ste:20204431003"/>
</red-def:rpminfo_test>
<red-def:rpminfo_test check="at least one" comment="kernel-headers is earlier than 0:4.18.0-240.el8" id="oval:com.redhat.rhsa:tst:20204431025" version="640">
 <red-def:object object_ref="oval:com.redhat.rhsa:obj:20191167013"/>
 <red-def:state state_ref="oval:com.redhat.rhsa:ste:20204431001"/>
</red-def:rpminfo_test>
<red-def:rpminfo_test check="at least one" comment="kernel-modules is earlier than 0:4.18.0-240.el8" id="oval:com.redhat.rhsa:tst:20204431027" version="640">
 <red-def:object object_ref="oval:com.redhat.rhsa:obj:20191167014"/>
 <red-def:state state_ref="oval:com.redhat.rhsa:ste:20204431001"/>
</red-def:rpminfo_test>
<red-def:rpminfo_test check="at least one" comment="kernel-modules-extra is earlier than 0:4.18.0-240.el8" id="oval:com.redhat.rhsa:tst:20204431029" version="640">
 <red-def:object object_ref="oval:com.redhat.rhsa:obj:20191167015"/>
 <red-def:state state_ref="oval:com.redhat.rhsa:ste:20204431001"/>
</red-def:rpminfo_test>
<red-def:rpminfo_test check="at least one" comment="kernel-tools is earlier than 0:4.18.0-240.el8" id="oval:com.redhat.rhsa:tst:20204431031" version="640">
 <red-def:object object_ref="oval:com.redhat.rhsa:obj:20191167016"/>
 <red-def:state state_ref="oval:com.redhat.rhsa:ste:20204431001"/>
</red-def:rpminfo_test>
<red-def:rpminfo_test check="at least one" comment="kernel-tools-libs is earlier than 0:4.18.0-240.el8" id="oval:com.redhat.rhsa:tst:20204431033" version="640">
 <red-def:object object_ref="oval:com.redhat.rhsa:obj:20191167017"/>
 <red-def:state state_ref="oval:com.redhat.rhsa:ste:20204431004"/>
</red-def:rpminfo_test>
<red-def:rpminfo_test check="at least one" comment="kernel-tools-libs-devel is earlier than 0:4.18.0-240.el8" id="oval:com.redhat.rhsa:tst:20204431035" version="640">
 <red-def:object object_ref="oval:com.redhat.rhsa:obj:20191167018"/>
 <red-def:state state_ref="oval:com.redhat.rhsa:ste:20204431004"/>
</red-def:rpminfo_test>
<red-def:rpminfo_test check="at least one" comment="kernel-zfcpdump is earlier than 0:4.18.0-240.el8" id="oval:com.redhat.rhsa:tst:20204431037" version="640">
 <red-def:object object_ref="oval:com.redhat.rhsa:obj:20191167019"/>
 <red-def:state state_ref="oval:com.redhat.rhsa:ste:20204431005"/>
</red-def:rpminfo_test>
<red-def:rpminfo_test check="at least one" comment="kernel-zfcpdump-core is earlier than 0:4.18.0-240.el8" id="oval:com.redhat.rhsa:tst:20204431039" version="640">
 <red-def:object object_ref="oval:com.redhat.rhsa:obj:20191167020"/>
 <red-def:state state_ref="oval:com.redhat.rhsa:ste:20204431005"/>
</red-def:rpminfo_test>
<red-def:rpminfo_test check="at least one" comment="kernel-zfcpdump-devel is earlier than 0:4.18.0-240.el8" id="oval:com.redhat.rhsa:tst:20204431041" version="640">
 <red-def:object object_ref="oval:com.redhat.rhsa:obj:20191167021"/>
 <red-def:state state_ref="oval:com.redhat.rhsa:ste:20204431005"/>
</red-def:rpminfo_test>
<red-def:rpminfo_test check="at least one" comment="kernel-zfcpdump-modules is earlier than 0:4.18.0-240.el8" id="oval:com.redhat.rhsa:tst:20204431043" version="640">
 <red-def:object object_ref="oval:com.redhat.rhsa:obj:20191167022"/>
 <red-def:state state_ref="oval:com.redhat.rhsa:ste:20204431005"/>
</red-def:rpminfo_test>
<red-def:rpminfo_test check="at least one" comment="kernel-zfcpdump-modules-extra is earlier than 0:4.18.0-240.el8" id="oval:com.redhat.rhsa:tst:20204431045" version="640">
 <red-def:object object_ref="oval:com.redhat.rhsa:obj:20191167023"/>
 <red-def:state state_ref="oval:com.redhat.rhsa:ste:20204431005"/>
</red-def:rpminfo_test>
<red-def:rpminfo_test check="at least one" comment="perf is earlier than 0:4.18.0-240.el8" id="oval:com.redhat.rhsa:tst:20204431047" version="640">
 <red-def:object object_ref="oval:com.redhat.rhsa:obj:20191167024"/>
 <red-def:state state_ref="oval:com.redhat.rhsa:ste:20204431001"/>
</red-def:rpminfo_test>
<red-def:rpminfo_test check="at least one" comment="python3-perf is earlier than 0:4.18.0-240.el8" id="oval:com.redhat.rhsa:tst:20204431049" version="640">
 <red-def:object object_ref="oval:com.redhat.rhsa:obj:20191167025"/>
 <red-def:state state_ref="oval:com.redhat.rhsa:ste:20204431001"/>
</red-def:rpminfo_test>
<unix-def:uname_test check="at least one" comment="kernel earlier than 0:4.18.0-240.el8 is currently running" id="oval:com.redhat.rhsa:tst:20204431051" version="640">
 <unix-def:object object_ref="oval:com.redhat.rhsa:obj:20191167026"/>
 <unix-def:state state_ref="oval:com.redhat.rhsa:ste:20204431006"/>
</unix-def:uname_test>
<ind-def:textfilecontent54_test check="all" comment="kernel earlier than 0:4.18.0-240.el8 is set to boot up on next boot" id="oval:com.redhat.rhsa:tst:20204431052" version="640">
 <ind-def:object object_ref="oval:com.redhat.rhsa:obj:20191167027"/>
 <ind-def:state state_ref="oval:com.redhat.rhsa:ste:20204431007"/>
</ind-def:textfilecontent54_test>
<red-def:rpminfo_test check="at least one" comment="platform-python-pip is earlier than 0:9.0.3-18.el8" id="oval:com.redhat.rhsa:tst:20204432001" version="637">
 <red-def:object object_ref="oval:com.redhat.rhsa:obj:20201916001"/>
 <red-def:state state_ref="oval:com.redhat.rhsa:ste:20204432001"/>
</red-def:rpminfo_test>
<red-def:rpminfo_test check="at least one" comment="python3-pip is earlier than 0:9.0.3-18.el8" id="oval:com.redhat.rhsa:tst:20204432003" version="637">
 <red-def:object object_ref="oval:com.redhat.rhsa:obj:20201916002"/>
 <red-def:state state_ref="oval:com.redhat.rhsa:ste:20204432001"/>
</red-def:rpminfo_test>
<red-def:rpminfo_test check="at least one" comment="python3-pip-wheel is earlier than 0:9.0.3-18.el8" id="oval:com.redhat.rhsa:tst:20204432005" version="637">
 <red-def:object object_ref="oval:com.redhat.rhsa:obj:20201916003"/>
 <red-def:state state_ref="oval:com.redhat.rhsa:ste:20204432001"/>
</red-def:rpminfo_test>
<red-def:rpminfo_test check="at least one" comment="platform-python is earlier than 0:3.6.8-31.el8" id="oval:com.redhat.rhsa:tst:20204433001" version="636">
 <red-def:object object_ref="oval:com.redhat.rhsa:obj:20190997001"/>
 <red-def:state state_ref="oval:com.redhat.rhsa:ste:20204433001"/>
</red-def:rpminfo_test>
<red-def:rpminfo_test check="at least one" comment="platform-python-debug is earlier than 0:3.6.8-31.el8" id="oval:com.redhat.rhsa:tst:20204433003" version="636">
 <red-def:object object_ref="oval:com.redhat.rhsa:obj:20190997002"/>
 <red-def:state state_ref="oval:com.redhat.rhsa:ste:20204433001"/>
</red-def:rpminfo_test>
<red-def:rpminfo_test check="at least one" comment="platform-python-devel is earlier than 0:3.6.8-31.el8" id="oval:com.redhat.rhsa:tst:20204433005" version="636">
 <red-def:object object_ref="oval:com.redhat.rhsa:obj:20190997003"/>
 <red-def:state state_ref="oval:com.redhat.rhsa:ste:20204433001"/>
</red-def:rpminfo_test>
<red-def:rpminfo_test check="at least one" comment="python3-idle is earlier than 0:3.6.8-31.el8" id="oval:com.redhat.rhsa:tst:20204433007" version="636">
 <red-def:object object_ref="oval:com.redhat.rhsa:obj:20190997004"/>
 <red-def:state state_ref="oval:com.redhat.rhsa:ste:20204433001"/>
</red-def:rpminfo_test>
<red-def:rpminfo_test check="at least one" comment="python3-libs is earlier than 0:3.6.8-31.el8" id="oval:com.redhat.rhsa:tst:20204433009" version="636">
 <red-def:object object_ref="oval:com.redhat.rhsa:obj:20190997005"/>
 <red-def:state state_ref="oval:com.redhat.rhsa:ste:20204433001"/>
</red-def:rpminfo_test>
<red-def:rpminfo_test check="at least one" comment="python3-test is earlier than 0:3.6.8-31.el8" id="oval:com.redhat.rhsa:tst:20204433011" version="636">
 <red-def:object object_ref="oval:com.redhat.rhsa:obj:20190997006"/>
 <red-def:state state_ref="oval:com.redhat.rhsa:ste:20204433001"/>
</red-def:rpminfo_test>
<red-def:rpminfo_test check="at least one" comment="python3-tkinter is earlier than 0:3.6.8-31.el8" id="oval:com.redhat.rhsa:tst:20204433013" version="636">
 <red-def:object object_ref="oval:com.redhat.rhsa:obj:20190997007"/>
 <red-def:state state_ref="oval:com.redhat.rhsa:ste:20204433001"/>
</red-def:rpminfo_test>
<red-def:rpminfo_test check="at least one" comment="libxmlb is earlier than 0:0.1.15-1.el8" id="oval:com.redhat.rhsa:tst:20204436001" version="638">
 <red-def:object object_ref="oval:com.redhat.rhsa:obj:20204436001"/>
 <red-def:state state_ref="oval:com.redhat.rhsa:ste:20204436001"/>
</red-def:rpminfo_test>
<red-def:rpminfo_test check="at least one" comment="libxmlb is signed with Red Hat redhatrelease2 key" id="oval:com.redhat.rhsa:tst:20204436002" version="638">
 <red-def:object object_ref="oval:com.redhat.rhsa:obj:20204436001"/>
 <red-def:state state_ref="oval:com.redhat.rhba:ste:20191992002"/>
</red-def:rpminfo_test>
<red-def:rpminfo_test check="at least one" comment="gnome-software is earlier than 0:3.36.1-4.el8" id="oval:com.redhat.rhsa:tst:20204436003" version="638">
 <red-def:object object_ref="oval:com.redhat.rhsa:obj:20193553030"/>
 <red-def:state state_ref="oval:com.redhat.rhsa:ste:20204436003"/>
</red-def:rpminfo_test>
<red-def:rpminfo_test check="at least one" comment="appstream-data is earlier than 0:8-20200724.el8" id="oval:com.redhat.rhsa:tst:20204436005" version="638">
 <red-def:object object_ref="oval:com.redhat.rhsa:obj:20193553061"/>
 <red-def:state state_ref="oval:com.redhat.rhsa:ste:20204436004"/>
</red-def:rpminfo_test>
<red-def:rpminfo_test check="at least one" comment="fwupd is earlier than 0:1.4.2-4.el8" id="oval:com.redhat.rhsa:tst:20204436007" version="638">
 <red-def:object object_ref="oval:com.redhat.rhsa:obj:20203216005"/>
 <red-def:state state_ref="oval:com.redhat.rhsa:ste:20204436005"/>
</red-def:rpminfo_test>
<red-def:rpminfo_test check="at least one" comment="lemon is earlier than 0:3.26.0-11.el8" id="oval:com.redhat.rhsa:tst:20204442001" version="636">
 <red-def:object object_ref="oval:com.redhat.rhsa:obj:20200273001"/>
 <red-def:state state_ref="oval:com.redhat.rhsa:ste:20204442001"/>
</red-def:rpminfo_test>
<red-def:rpminfo_test check="at least one" comment="sqlite is earlier than 0:3.26.0-11.el8" id="oval:com.redhat.rhsa:tst:20204442003" version="636">
 <red-def:object object_ref="oval:com.redhat.rhsa:obj:20200273002"/>
 <red-def:state state_ref="oval:com.redhat.rhsa:ste:20204442003"/>
</red-def:rpminfo_test>
<red-def:rpminfo_test check="at least one" comment="sqlite-devel is earlier than 0:3.26.0-11.el8" id="oval:com.redhat.rhsa:tst:20204442005" version="636">
 <red-def:object object_ref="oval:com.redhat.rhsa:obj:20200273003"/>
 <red-def:state state_ref="oval:com.redhat.rhsa:ste:20204442003"/>
</red-def:rpminfo_test>
<red-def:rpminfo_test check="at least one" comment="sqlite-doc is earlier than 0:3.26.0-11.el8" id="oval:com.redhat.rhsa:tst:20204442007" version="636">
 <red-def:object object_ref="oval:com.redhat.rhsa:obj:20200273004"/>
 <red-def:state state_ref="oval:com.redhat.rhsa:ste:20204442004"/>
</red-def:rpminfo_test>
<red-def:rpminfo_test check="at least one" comment="sqlite-libs is earlier than 0:3.26.0-11.el8" id="oval:com.redhat.rhsa:tst:20204442009" version="636">
 <red-def:object object_ref="oval:com.redhat.rhsa:obj:20200273005"/>
 <red-def:state state_ref="oval:com.redhat.rhsa:ste:20204442003"/>
</red-def:rpminfo_test>
<red-def:rpminfo_test check="at least one" comment="bsdtar is earlier than 0:3.3.2-9.el8" id="oval:com.redhat.rhsa:tst:20204443001" version="635">
 <red-def:object object_ref="oval:com.redhat.rhea:obj:20211580001"/>
 <red-def:state state_ref="oval:com.redhat.rhsa:ste:20204443001"/>
</red-def:rpminfo_test>
<red-def:rpminfo_test check="at least one" comment="libarchive is earlier than 0:3.3.2-9.el8" id="oval:com.redhat.rhsa:tst:20204443003" version="635">
 <red-def:object object_ref="oval:com.redhat.rhea:obj:20211580002"/>
 <red-def:state state_ref="oval:com.redhat.rhsa:ste:20204443003"/>
</red-def:rpminfo_test>
<red-def:rpminfo_test check="at least one" comment="libarchive-devel is earlier than 0:3.3.2-9.el8" id="oval:com.redhat.rhsa:tst:20204443005" version="635">
 <red-def:object object_ref="oval:com.redhat.rhea:obj:20211580003"/>
 <red-def:state state_ref="oval:com.redhat.rhsa:ste:20204443003"/>
</red-def:rpminfo_test>
<red-def:rpminfo_test check="at least one" comment="compat-libpthread-nonshared is earlier than 0:2.28-127.el8" id="oval:com.redhat.rhsa:tst:20204444001" version="637">
 <red-def:object object_ref="oval:com.redhat.rhsa:obj:20193513001"/>
 <red-def:state state_ref="oval:com.redhat.rhsa:ste:20204444001"/>
</red-def:rpminfo_test>
<red-def:rpminfo_test check="at least one" comment="glibc is earlier than 0:2.28-127.el8" id="oval:com.redhat.rhsa:tst:20204444003" version="637">
 <red-def:object object_ref="oval:com.redhat.rhsa:obj:20193513002"/>
 <red-def:state state_ref="oval:com.redhat.rhsa:ste:20204444003"/>
</red-def:rpminfo_test>
<red-def:rpminfo_test check="at least one" comment="glibc-all-langpacks is earlier than 0:2.28-127.el8" id="oval:com.redhat.rhsa:tst:20204444005" version="637">
 <red-def:object object_ref="oval:com.redhat.rhsa:obj:20193513003"/>
 <red-def:state state_ref="oval:com.redhat.rhsa:ste:20204444001"/>
</red-def:rpminfo_test>
<red-def:rpminfo_test check="at least one" comment="glibc-benchtests is earlier than 0:2.28-127.el8" id="oval:com.redhat.rhsa:tst:20204444007" version="637">
 <red-def:object object_ref="oval:com.redhat.rhsa:obj:20193513004"/>
 <red-def:state state_ref="oval:com.redhat.rhsa:ste:20204444001"/>
</red-def:rpminfo_test>
<red-def:rpminfo_test check="at least one" comment="glibc-common is earlier than 0:2.28-127.el8" id="oval:com.redhat.rhsa:tst:20204444009" version="637">
 <red-def:object object_ref="oval:com.redhat.rhsa:obj:20193513005"/>
 <red-def:state state_ref="oval:com.redhat.rhsa:ste:20204444001"/>
</red-def:rpminfo_test>
<red-def:rpminfo_test check="at least one" comment="glibc-devel is earlier than 0:2.28-127.el8" id="oval:com.redhat.rhsa:tst:20204444011" version="637">
 <red-def:object object_ref="oval:com.redhat.rhsa:obj:20193513006"/>
 <red-def:state state_ref="oval:com.redhat.rhsa:ste:20204444003"/>
</red-def:rpminfo_test>
<red-def:rpminfo_test check="at least one" comment="glibc-headers is earlier than 0:2.28-127.el8" id="oval:com.redhat.rhsa:tst:20204444013" version="637">
 <red-def:object object_ref="oval:com.redhat.rhsa:obj:20193513007"/>
 <red-def:state state_ref="oval:com.redhat.rhsa:ste:20204444003"/>
</red-def:rpminfo_test>
<red-def:rpminfo_test check="at least one" comment="glibc-langpack-aa is earlier than 0:2.28-127.el8" id="oval:com.redhat.rhsa:tst:20204444015" version="637">
 <red-def:object object_ref="oval:com.redhat.rhsa:obj:20193513008"/>
 <red-def:state state_ref="oval:com.redhat.rhsa:ste:20204444001"/>
</red-def:rpminfo_test>
<red-def:rpminfo_test check="at least one" comment="glibc-langpack-af is earlier than 0:2.28-127.el8" id="oval:com.redhat.rhsa:tst:20204444017" version="637">
 <red-def:object object_ref="oval:com.redhat.rhsa:obj:20193513009"/>
 <red-def:state state_ref="oval:com.redhat.rhsa:ste:20204444001"/>
</red-def:rpminfo_test>
<red-def:rpminfo_test check="at least one" comment="glibc-langpack-agr is earlier than 0:2.28-127.el8" id="oval:com.redhat.rhsa:tst:20204444019" version="637">
 <red-def:object object_ref="oval:com.redhat.rhsa:obj:20193513010"/>
 <red-def:state state_ref="oval:com.redhat.rhsa:ste:20204444001"/>
</red-def:rpminfo_test>
<red-def:rpminfo_test check="at least one" comment="glibc-langpack-ak is earlier than 0:2.28-127.el8" id="oval:com.redhat.rhsa:tst:20204444021" version="637">
 <red-def:object object_ref="oval:com.redhat.rhsa:obj:20193513011"/>
 <red-def:state state_ref="oval:com.redhat.rhsa:ste:20204444001"/>
</red-def:rpminfo_test>
<red-def:rpminfo_test check="at least one" comment="glibc-langpack-am is earlier than 0:2.28-127.el8" id="oval:com.redhat.rhsa:tst:20204444023" version="637">
 <red-def:object object_ref="oval:com.redhat.rhsa:obj:20193513012"/>
 <red-def:state state_ref="oval:com.redhat.rhsa:ste:20204444001"/>
</red-def:rpminfo_test>
<red-def:rpminfo_test check="at least one" comment="glibc-langpack-an is earlier than 0:2.28-127.el8" id="oval:com.redhat.rhsa:tst:20204444025" version="637">
 <red-def:object object_ref="oval:com.redhat.rhsa:obj:20193513013"/>
 <red-def:state state_ref="oval:com.redhat.rhsa:ste:20204444001"/>
</red-def:rpminfo_test>
<red-def:rpminfo_test check="at least one" comment="glibc-langpack-anp is earlier than 0:2.28-127.el8" id="oval:com.redhat.rhsa:tst:20204444027" version="637">
 <red-def:object object_ref="oval:com.redhat.rhsa:obj:20193513014"/>
 <red-def:state state_ref="oval:com.redhat.rhsa:ste:20204444001"/>
</red-def:rpminfo_test>
<red-def:rpminfo_test check="at least one" comment="glibc-langpack-ar is earlier than 0:2.28-127.el8" id="oval:com.redhat.rhsa:tst:20204444029" version="637">
 <red-def:object object_ref="oval:com.redhat.rhsa:obj:20193513015"/>
 <red-def:state state_ref="oval:com.redhat.rhsa:ste:20204444001"/>
</red-def:rpminfo_test>
<red-def:rpminfo_test check="at least one" comment="glibc-langpack-as is earlier than 0:2.28-127.el8" id="oval:com.redhat.rhsa:tst:20204444031" version="637">
 <red-def:object object_ref="oval:com.redhat.rhsa:obj:20193513016"/>
 <red-def:state state_ref="oval:com.redhat.rhsa:ste:20204444001"/>
</red-def:rpminfo_test>
<red-def:rpminfo_test check="at least one" comment="glibc-langpack-ast is earlier than 0:2.28-127.el8" id="oval:com.redhat.rhsa:tst:20204444033" version="637">
 <red-def:object object_ref="oval:com.redhat.rhsa:obj:20193513017"/>
 <red-def:state state_ref="oval:com.redhat.rhsa:ste:20204444001"/>
</red-def:rpminfo_test>
<red-def:rpminfo_test check="at least one" comment="glibc-langpack-ayc is earlier than 0:2.28-127.el8" id="oval:com.redhat.rhsa:tst:20204444035" version="637">
 <red-def:object object_ref="oval:com.redhat.rhsa:obj:20193513018"/>
 <red-def:state state_ref="oval:com.redhat.rhsa:ste:20204444001"/>
</red-def:rpminfo_test>
<red-def:rpminfo_test check="at least one" comment="glibc-langpack-az is earlier than 0:2.28-127.el8" id="oval:com.redhat.rhsa:tst:20204444037" version="637">
 <red-def:object object_ref="oval:com.redhat.rhsa:obj:20193513019"/>
 <red-def:state state_ref="oval:com.redhat.rhsa:ste:20204444001"/>
</red-def:rpminfo_test>
<red-def:rpminfo_test check="at least one" comment="glibc-langpack-be is earlier than 0:2.28-127.el8" id="oval:com.redhat.rhsa:tst:20204444039" version="637">
 <red-def:object object_ref="oval:com.redhat.rhsa:obj:20193513020"/>
 <red-def:state state_ref="oval:com.redhat.rhsa:ste:20204444001"/>
</red-def:rpminfo_test>
<red-def:rpminfo_test check="at least one" comment="glibc-langpack-bem is earlier than 0:2.28-127.el8" id="oval:com.redhat.rhsa:tst:20204444041" version="637">
 <red-def:object object_ref="oval:com.redhat.rhsa:obj:20193513021"/>
 <red-def:state state_ref="oval:com.redhat.rhsa:ste:20204444001"/>
</red-def:rpminfo_test>
<red-def:rpminfo_test check="at least one" comment="glibc-langpack-ber is earlier than 0:2.28-127.el8" id="oval:com.redhat.rhsa:tst:20204444043" version="637">
 <red-def:object object_ref="oval:com.redhat.rhsa:obj:20193513022"/>
 <red-def:state state_ref="oval:com.redhat.rhsa:ste:20204444001"/>
</red-def:rpminfo_test>
<red-def:rpminfo_test check="at least one" comment="glibc-langpack-bg is earlier than 0:2.28-127.el8" id="oval:com.redhat.rhsa:tst:20204444045" version="637">
 <red-def:object object_ref="oval:com.redhat.rhsa:obj:20193513023"/>
 <red-def:state state_ref="oval:com.redhat.rhsa:ste:20204444001"/>
</red-def:rpminfo_test>
<red-def:rpminfo_test check="at least one" comment="glibc-langpack-bhb is earlier than 0:2.28-127.el8" id="oval:com.redhat.rhsa:tst:20204444047" version="637">
 <red-def:object object_ref="oval:com.redhat.rhsa:obj:20193513024"/>
 <red-def:state state_ref="oval:com.redhat.rhsa:ste:20204444001"/>
</red-def:rpminfo_test>
<red-def:rpminfo_test check="at least one" comment="glibc-langpack-bho is earlier than 0:2.28-127.el8" id="oval:com.redhat.rhsa:tst:20204444049" version="637">
 <red-def:object object_ref="oval:com.redhat.rhsa:obj:20193513025"/>
 <red-def:state state_ref="oval:com.redhat.rhsa:ste:20204444001"/>
</red-def:rpminfo_test>
<red-def:rpminfo_test check="at least one" comment="glibc-langpack-bi is earlier than 0:2.28-127.el8" id="oval:com.redhat.rhsa:tst:20204444051" version="637">
 <red-def:object object_ref="oval:com.redhat.rhsa:obj:20193513026"/>
 <red-def:state state_ref="oval:com.redhat.rhsa:ste:20204444001"/>
</red-def:rpminfo_test>
<red-def:rpminfo_test check="at least one" comment="glibc-langpack-bn is earlier than 0:2.28-127.el8" id="oval:com.redhat.rhsa:tst:20204444053" version="637">
 <red-def:object object_ref="oval:com.redhat.rhsa:obj:20193513027"/>
 <red-def:state state_ref="oval:com.redhat.rhsa:ste:20204444001"/>
</red-def:rpminfo_test>
<red-def:rpminfo_test check="at least one" comment="glibc-langpack-bo is earlier than 0:2.28-127.el8" id="oval:com.redhat.rhsa:tst:20204444055" version="637">
 <red-def:object object_ref="oval:com.redhat.rhsa:obj:20193513028"/>
 <red-def:state state_ref="oval:com.redhat.rhsa:ste:20204444001"/>
</red-def:rpminfo_test>
<red-def:rpminfo_test check="at least one" comment="glibc-langpack-br is earlier than 0:2.28-127.el8" id="oval:com.redhat.rhsa:tst:20204444057" version="637">
 <red-def:object object_ref="oval:com.redhat.rhsa:obj:20193513029"/>
 <red-def:state state_ref="oval:com.redhat.rhsa:ste:20204444001"/>
</red-def:rpminfo_test>
<red-def:rpminfo_test check="at least one" comment="glibc-langpack-brx is earlier than 0:2.28-127.el8" id="oval:com.redhat.rhsa:tst:20204444059" version="637">
 <red-def:object object_ref="oval:com.redhat.rhsa:obj:20193513030"/>
 <red-def:state state_ref="oval:com.redhat.rhsa:ste:20204444001"/>
</red-def:rpminfo_test>
<red-def:rpminfo_test check="at least one" comment="glibc-langpack-bs is earlier than 0:2.28-127.el8" id="oval:com.redhat.rhsa:tst:20204444061" version="637">
 <red-def:object object_ref="oval:com.redhat.rhsa:obj:20193513031"/>
 <red-def:state state_ref="oval:com.redhat.rhsa:ste:20204444001"/>
</red-def:rpminfo_test>
<red-def:rpminfo_test check="at least one" comment="glibc-langpack-byn is earlier than 0:2.28-127.el8" id="oval:com.redhat.rhsa:tst:20204444063" version="637">
 <red-def:object object_ref="oval:com.redhat.rhsa:obj:20193513032"/>
 <red-def:state state_ref="oval:com.redhat.rhsa:ste:20204444001"/>
</red-def:rpminfo_test>
<red-def:rpminfo_test check="at least one" comment="glibc-langpack-ca is earlier than 0:2.28-127.el8" id="oval:com.redhat.rhsa:tst:20204444065" version="637">
 <red-def:object object_ref="oval:com.redhat.rhsa:obj:20193513033"/>
 <red-def:state state_ref="oval:com.redhat.rhsa:ste:20204444001"/>
</red-def:rpminfo_test>
<red-def:rpminfo_test check="at least one" comment="glibc-langpack-ce is earlier than 0:2.28-127.el8" id="oval:com.redhat.rhsa:tst:20204444067" version="637">
 <red-def:object object_ref="oval:com.redhat.rhsa:obj:20193513034"/>
 <red-def:state state_ref="oval:com.redhat.rhsa:ste:20204444001"/>
</red-def:rpminfo_test>
<red-def:rpminfo_test check="at least one" comment="glibc-langpack-chr is earlier than 0:2.28-127.el8" id="oval:com.redhat.rhsa:tst:20204444069" version="637">
 <red-def:object object_ref="oval:com.redhat.rhsa:obj:20193513035"/>
 <red-def:state state_ref="oval:com.redhat.rhsa:ste:20204444001"/>
</red-def:rpminfo_test>
<red-def:rpminfo_test check="at least one" comment="glibc-langpack-cmn is earlier than 0:2.28-127.el8" id="oval:com.redhat.rhsa:tst:20204444071" version="637">
 <red-def:object object_ref="oval:com.redhat.rhsa:obj:20193513036"/>
 <red-def:state state_ref="oval:com.redhat.rhsa:ste:20204444001"/>
</red-def:rpminfo_test>
<red-def:rpminfo_test check="at least one" comment="glibc-langpack-crh is earlier than 0:2.28-127.el8" id="oval:com.redhat.rhsa:tst:20204444073" version="637">
 <red-def:object object_ref="oval:com.redhat.rhsa:obj:20193513037"/>
 <red-def:state state_ref="oval:com.redhat.rhsa:ste:20204444001"/>
</red-def:rpminfo_test>
<red-def:rpminfo_test check="at least one" comment="glibc-langpack-cs is earlier than 0:2.28-127.el8" id="oval:com.redhat.rhsa:tst:20204444075" version="637">
 <red-def:object object_ref="oval:com.redhat.rhsa:obj:20193513038"/>
 <red-def:state state_ref="oval:com.redhat.rhsa:ste:20204444001"/>
</red-def:rpminfo_test>
<red-def:rpminfo_test check="at least one" comment="glibc-langpack-csb is earlier than 0:2.28-127.el8" id="oval:com.redhat.rhsa:tst:20204444077" version="637">
 <red-def:object object_ref="oval:com.redhat.rhsa:obj:20193513039"/>
 <red-def:state state_ref="oval:com.redhat.rhsa:ste:20204444001"/>
</red-def:rpminfo_test>
<red-def:rpminfo_test check="at least one" comment="glibc-langpack-cv is earlier than 0:2.28-127.el8" id="oval:com.redhat.rhsa:tst:20204444079" version="637">
 <red-def:object object_ref="oval:com.redhat.rhsa:obj:20193513040"/>
 <red-def:state state_ref="oval:com.redhat.rhsa:ste:20204444001"/>
</red-def:rpminfo_test>
<red-def:rpminfo_test check="at least one" comment="glibc-langpack-cy is earlier than 0:2.28-127.el8" id="oval:com.redhat.rhsa:tst:20204444081" version="637">
 <red-def:object object_ref="oval:com.redhat.rhsa:obj:20193513041"/>
 <red-def:state state_ref="oval:com.redhat.rhsa:ste:20204444001"/>
</red-def:rpminfo_test>
<red-def:rpminfo_test check="at least one" comment="glibc-langpack-da is earlier than 0:2.28-127.el8" id="oval:com.redhat.rhsa:tst:20204444083" version="637">
 <red-def:object object_ref="oval:com.redhat.rhsa:obj:20193513042"/>
 <red-def:state state_ref="oval:com.redhat.rhsa:ste:20204444001"/>
</red-def:rpminfo_test>
<red-def:rpminfo_test check="at least one" comment="glibc-langpack-de is earlier than 0:2.28-127.el8" id="oval:com.redhat.rhsa:tst:20204444085" version="637">
 <red-def:object object_ref="oval:com.redhat.rhsa:obj:20193513043"/>
 <red-def:state state_ref="oval:com.redhat.rhsa:ste:20204444001"/>
</red-def:rpminfo_test>
<red-def:rpminfo_test check="at least one" comment="glibc-langpack-doi is earlier than 0:2.28-127.el8" id="oval:com.redhat.rhsa:tst:20204444087" version="637">
 <red-def:object object_ref="oval:com.redhat.rhsa:obj:20193513044"/>
 <red-def:state state_ref="oval:com.redhat.rhsa:ste:20204444001"/>
</red-def:rpminfo_test>
<red-def:rpminfo_test check="at least one" comment="glibc-langpack-dsb is earlier than 0:2.28-127.el8" id="oval:com.redhat.rhsa:tst:20204444089" version="637">
 <red-def:object object_ref="oval:com.redhat.rhsa:obj:20193513045"/>
 <red-def:state state_ref="oval:com.redhat.rhsa:ste:20204444001"/>
</red-def:rpminfo_test>
<red-def:rpminfo_test check="at least one" comment="glibc-langpack-dv is earlier than 0:2.28-127.el8" id="oval:com.redhat.rhsa:tst:20204444091" version="637">
 <red-def:object object_ref="oval:com.redhat.rhsa:obj:20193513046"/>
 <red-def:state state_ref="oval:com.redhat.rhsa:ste:20204444001"/>
</red-def:rpminfo_test>
<red-def:rpminfo_test check="at least one" comment="glibc-langpack-dz is earlier than 0:2.28-127.el8" id="oval:com.redhat.rhsa:tst:20204444093" version="637">
 <red-def:object object_ref="oval:com.redhat.rhsa:obj:20193513047"/>
 <red-def:state state_ref="oval:com.redhat.rhsa:ste:20204444001"/>
</red-def:rpminfo_test>
<red-def:rpminfo_test check="at least one" comment="glibc-langpack-el is earlier than 0:2.28-127.el8" id="oval:com.redhat.rhsa:tst:20204444095" version="637">
 <red-def:object object_ref="oval:com.redhat.rhsa:obj:20193513048"/>
 <red-def:state state_ref="oval:com.redhat.rhsa:ste:20204444001"/>
</red-def:rpminfo_test>
<red-def:rpminfo_test check="at least one" comment="glibc-langpack-en is earlier than 0:2.28-127.el8" id="oval:com.redhat.rhsa:tst:20204444097" version="637">
 <red-def:object object_ref="oval:com.redhat.rhsa:obj:20193513049"/>
 <red-def:state state_ref="oval:com.redhat.rhsa:ste:20204444001"/>
</red-def:rpminfo_test>
<red-def:rpminfo_test check="at least one" comment="glibc-langpack-eo is earlier than 0:2.28-127.el8" id="oval:com.redhat.rhsa:tst:20204444099" version="637">
 <red-def:object object_ref="oval:com.redhat.rhsa:obj:20193513050"/>
 <red-def:state state_ref="oval:com.redhat.rhsa:ste:20204444001"/>
</red-def:rpminfo_test>
<red-def:rpminfo_test check="at least one" comment="glibc-langpack-es is earlier than 0:2.28-127.el8" id="oval:com.redhat.rhsa:tst:20204444101" version="637">
 <red-def:object object_ref="oval:com.redhat.rhsa:obj:20193513051"/>
 <red-def:state state_ref="oval:com.redhat.rhsa:ste:20204444001"/>
</red-def:rpminfo_test>
<red-def:rpminfo_test check="at least one" comment="glibc-langpack-et is earlier than 0:2.28-127.el8" id="oval:com.redhat.rhsa:tst:20204444103" version="637">
 <red-def:object object_ref="oval:com.redhat.rhsa:obj:20193513052"/>
 <red-def:state state_ref="oval:com.redhat.rhsa:ste:20204444001"/>
</red-def:rpminfo_test>
<red-def:rpminfo_test check="at least one" comment="glibc-langpack-eu is earlier than 0:2.28-127.el8" id="oval:com.redhat.rhsa:tst:20204444105" version="637">
 <red-def:object object_ref="oval:com.redhat.rhsa:obj:20193513053"/>
 <red-def:state state_ref="oval:com.redhat.rhsa:ste:20204444001"/>
</red-def:rpminfo_test>
<red-def:rpminfo_test check="at least one" comment="glibc-langpack-fa is earlier than 0:2.28-127.el8" id="oval:com.redhat.rhsa:tst:20204444107" version="637">
 <red-def:object object_ref="oval:com.redhat.rhsa:obj:20193513054"/>
 <red-def:state state_ref="oval:com.redhat.rhsa:ste:20204444001"/>
</red-def:rpminfo_test>
<red-def:rpminfo_test check="at least one" comment="glibc-langpack-ff is earlier than 0:2.28-127.el8" id="oval:com.redhat.rhsa:tst:20204444109" version="637">
 <red-def:object object_ref="oval:com.redhat.rhsa:obj:20193513055"/>
 <red-def:state state_ref="oval:com.redhat.rhsa:ste:20204444001"/>
</red-def:rpminfo_test>
<red-def:rpminfo_test check="at least one" comment="glibc-langpack-fi is earlier than 0:2.28-127.el8" id="oval:com.redhat.rhsa:tst:20204444111" version="637">
 <red-def:object object_ref="oval:com.redhat.rhsa:obj:20193513056"/>
 <red-def:state state_ref="oval:com.redhat.rhsa:ste:20204444001"/>
</red-def:rpminfo_test>
<red-def:rpminfo_test check="at least one" comment="glibc-langpack-fil is earlier than 0:2.28-127.el8" id="oval:com.redhat.rhsa:tst:20204444113" version="637">
 <red-def:object object_ref="oval:com.redhat.rhsa:obj:20193513057"/>
 <red-def:state state_ref="oval:com.redhat.rhsa:ste:20204444001"/>
</red-def:rpminfo_test>
<red-def:rpminfo_test check="at least one" comment="glibc-langpack-fo is earlier than 0:2.28-127.el8" id="oval:com.redhat.rhsa:tst:20204444115" version="637">
 <red-def:object object_ref="oval:com.redhat.rhsa:obj:20193513058"/>
 <red-def:state state_ref="oval:com.redhat.rhsa:ste:20204444001"/>
</red-def:rpminfo_test>
<red-def:rpminfo_test check="at least one" comment="glibc-langpack-fr is earlier than 0:2.28-127.el8" id="oval:com.redhat.rhsa:tst:20204444117" version="637">
 <red-def:object object_ref="oval:com.redhat.rhsa:obj:20193513059"/>
 <red-def:state state_ref="oval:com.redhat.rhsa:ste:20204444001"/>
</red-def:rpminfo_test>
<red-def:rpminfo_test check="at least one" comment="glibc-langpack-fur is earlier than 0:2.28-127.el8" id="oval:com.redhat.rhsa:tst:20204444119" version="637">
 <red-def:object object_ref="oval:com.redhat.rhsa:obj:20193513060"/>
 <red-def:state state_ref="oval:com.redhat.rhsa:ste:20204444001"/>
</red-def:rpminfo_test>
<red-def:rpminfo_test check="at least one" comment="glibc-langpack-fy is earlier than 0:2.28-127.el8" id="oval:com.redhat.rhsa:tst:20204444121" version="637">
 <red-def:object object_ref="oval:com.redhat.rhsa:obj:20193513061"/>
 <red-def:state state_ref="oval:com.redhat.rhsa:ste:20204444001"/>
</red-def:rpminfo_test>
<red-def:rpminfo_test check="at least one" comment="glibc-langpack-ga is earlier than 0:2.28-127.el8" id="oval:com.redhat.rhsa:tst:20204444123" version="637">
 <red-def:object object_ref="oval:com.redhat.rhsa:obj:20193513062"/>
 <red-def:state state_ref="oval:com.redhat.rhsa:ste:20204444001"/>
</red-def:rpminfo_test>
<red-def:rpminfo_test check="at least one" comment="glibc-langpack-gd is earlier than 0:2.28-127.el8" id="oval:com.redhat.rhsa:tst:20204444125" version="637">
 <red-def:object object_ref="oval:com.redhat.rhsa:obj:20193513063"/>
 <red-def:state state_ref="oval:com.redhat.rhsa:ste:20204444001"/>
</red-def:rpminfo_test>
<red-def:rpminfo_test check="at least one" comment="glibc-langpack-gez is earlier than 0:2.28-127.el8" id="oval:com.redhat.rhsa:tst:20204444127" version="637">
 <red-def:object object_ref="oval:com.redhat.rhsa:obj:20193513064"/>
 <red-def:state state_ref="oval:com.redhat.rhsa:ste:20204444001"/>
</red-def:rpminfo_test>
<red-def:rpminfo_test check="at least one" comment="glibc-langpack-gl is earlier than 0:2.28-127.el8" id="oval:com.redhat.rhsa:tst:20204444129" version="637">
 <red-def:object object_ref="oval:com.redhat.rhsa:obj:20193513065"/>
 <red-def:state state_ref="oval:com.redhat.rhsa:ste:20204444001"/>
</red-def:rpminfo_test>
<red-def:rpminfo_test check="at least one" comment="glibc-langpack-gu is earlier than 0:2.28-127.el8" id="oval:com.redhat.rhsa:tst:20204444131" version="637">
 <red-def:object object_ref="oval:com.redhat.rhsa:obj:20193513066"/>
 <red-def:state state_ref="oval:com.redhat.rhsa:ste:20204444001"/>
</red-def:rpminfo_test>
<red-def:rpminfo_test check="at least one" comment="glibc-langpack-gv is earlier than 0:2.28-127.el8" id="oval:com.redhat.rhsa:tst:20204444133" version="637">
 <red-def:object object_ref="oval:com.redhat.rhsa:obj:20193513067"/>
 <red-def:state state_ref="oval:com.redhat.rhsa:ste:20204444001"/>
</red-def:rpminfo_test>
<red-def:rpminfo_test check="at least one" comment="glibc-langpack-ha is earlier than 0:2.28-127.el8" id="oval:com.redhat.rhsa:tst:20204444135" version="637">
 <red-def:object object_ref="oval:com.redhat.rhsa:obj:20193513068"/>
 <red-def:state state_ref="oval:com.redhat.rhsa:ste:20204444001"/>
</red-def:rpminfo_test>
<red-def:rpminfo_test check="at least one" comment="glibc-langpack-hak is earlier than 0:2.28-127.el8" id="oval:com.redhat.rhsa:tst:20204444137" version="637">
 <red-def:object object_ref="oval:com.redhat.rhsa:obj:20193513069"/>
 <red-def:state state_ref="oval:com.redhat.rhsa:ste:20204444001"/>
</red-def:rpminfo_test>
<red-def:rpminfo_test check="at least one" comment="glibc-langpack-he is earlier than 0:2.28-127.el8" id="oval:com.redhat.rhsa:tst:20204444139" version="637">
 <red-def:object object_ref="oval:com.redhat.rhsa:obj:20193513070"/>
 <red-def:state state_ref="oval:com.redhat.rhsa:ste:20204444001"/>
</red-def:rpminfo_test>
<red-def:rpminfo_test check="at least one" comment="glibc-langpack-hi is earlier than 0:2.28-127.el8" id="oval:com.redhat.rhsa:tst:20204444141" version="637">
 <red-def:object object_ref="oval:com.redhat.rhsa:obj:20193513071"/>
 <red-def:state state_ref="oval:com.redhat.rhsa:ste:20204444001"/>
</red-def:rpminfo_test>
<red-def:rpminfo_test check="at least one" comment="glibc-langpack-hif is earlier than 0:2.28-127.el8" id="oval:com.redhat.rhsa:tst:20204444143" version="637">
 <red-def:object object_ref="oval:com.redhat.rhsa:obj:20193513072"/>
 <red-def:state state_ref="oval:com.redhat.rhsa:ste:20204444001"/>
</red-def:rpminfo_test>
<red-def:rpminfo_test check="at least one" comment="glibc-langpack-hne is earlier than 0:2.28-127.el8" id="oval:com.redhat.rhsa:tst:20204444145" version="637">
 <red-def:object object_ref="oval:com.redhat.rhsa:obj:20193513073"/>
 <red-def:state state_ref="oval:com.redhat.rhsa:ste:20204444001"/>
</red-def:rpminfo_test>
<red-def:rpminfo_test check="at least one" comment="glibc-langpack-hr is earlier than 0:2.28-127.el8" id="oval:com.redhat.rhsa:tst:20204444147" version="637">
 <red-def:object object_ref="oval:com.redhat.rhsa:obj:20193513074"/>
 <red-def:state state_ref="oval:com.redhat.rhsa:ste:20204444001"/>
</red-def:rpminfo_test>
<red-def:rpminfo_test check="at least one" comment="glibc-langpack-hsb is earlier than 0:2.28-127.el8" id="oval:com.redhat.rhsa:tst:20204444149" version="637">
 <red-def:object object_ref="oval:com.redhat.rhsa:obj:20193513075"/>
 <red-def:state state_ref="oval:com.redhat.rhsa:ste:20204444001"/>
</red-def:rpminfo_test>
<red-def:rpminfo_test check="at least one" comment="glibc-langpack-ht is earlier than 0:2.28-127.el8" id="oval:com.redhat.rhsa:tst:20204444151" version="637">
 <red-def:object object_ref="oval:com.redhat.rhsa:obj:20193513076"/>
 <red-def:state state_ref="oval:com.redhat.rhsa:ste:20204444001"/>
</red-def:rpminfo_test>
<red-def:rpminfo_test check="at least one" comment="glibc-langpack-hu is earlier than 0:2.28-127.el8" id="oval:com.redhat.rhsa:tst:20204444153" version="637">
 <red-def:object object_ref="oval:com.redhat.rhsa:obj:20193513077"/>
 <red-def:state state_ref="oval:com.redhat.rhsa:ste:20204444001"/>
</red-def:rpminfo_test>
<red-def:rpminfo_test check="at least one" comment="glibc-langpack-hy is earlier than 0:2.28-127.el8" id="oval:com.redhat.rhsa:tst:20204444155" version="637">
 <red-def:object object_ref="oval:com.redhat.rhsa:obj:20193513078"/>
 <red-def:state state_ref="oval:com.redhat.rhsa:ste:20204444001"/>
</red-def:rpminfo_test>
<red-def:rpminfo_test check="at least one" comment="glibc-langpack-ia is earlier than 0:2.28-127.el8" id="oval:com.redhat.rhsa:tst:20204444157" version="637">
 <red-def:object object_ref="oval:com.redhat.rhsa:obj:20193513079"/>
 <red-def:state state_ref="oval:com.redhat.rhsa:ste:20204444001"/>
</red-def:rpminfo_test>
<red-def:rpminfo_test check="at least one" comment="glibc-langpack-id is earlier than 0:2.28-127.el8" id="oval:com.redhat.rhsa:tst:20204444159" version="637">
 <red-def:object object_ref="oval:com.redhat.rhsa:obj:20193513080"/>
 <red-def:state state_ref="oval:com.redhat.rhsa:ste:20204444001"/>
</red-def:rpminfo_test>
<red-def:rpminfo_test check="at least one" comment="glibc-langpack-ig is earlier than 0:2.28-127.el8" id="oval:com.redhat.rhsa:tst:20204444161" version="637">
 <red-def:object object_ref="oval:com.redhat.rhsa:obj:20193513081"/>
 <red-def:state state_ref="oval:com.redhat.rhsa:ste:20204444001"/>
</red-def:rpminfo_test>
<red-def:rpminfo_test check="at least one" comment="glibc-langpack-ik is earlier than 0:2.28-127.el8" id="oval:com.redhat.rhsa:tst:20204444163" version="637">
 <red-def:object object_ref="oval:com.redhat.rhsa:obj:20193513082"/>
 <red-def:state state_ref="oval:com.redhat.rhsa:ste:20204444001"/>
</red-def:rpminfo_test>
<red-def:rpminfo_test check="at least one" comment="glibc-langpack-is is earlier than 0:2.28-127.el8" id="oval:com.redhat.rhsa:tst:20204444165" version="637">
 <red-def:object object_ref="oval:com.redhat.rhsa:obj:20193513083"/>
 <red-def:state state_ref="oval:com.redhat.rhsa:ste:20204444001"/>
</red-def:rpminfo_test>
<red-def:rpminfo_test check="at least one" comment="glibc-langpack-it is earlier than 0:2.28-127.el8" id="oval:com.redhat.rhsa:tst:20204444167" version="637">
 <red-def:object object_ref="oval:com.redhat.rhsa:obj:20193513084"/>
 <red-def:state state_ref="oval:com.redhat.rhsa:ste:20204444001"/>
</red-def:rpminfo_test>
<red-def:rpminfo_test check="at least one" comment="glibc-langpack-iu is earlier than 0:2.28-127.el8" id="oval:com.redhat.rhsa:tst:20204444169" version="637">
 <red-def:object object_ref="oval:com.redhat.rhsa:obj:20193513085"/>
 <red-def:state state_ref="oval:com.redhat.rhsa:ste:20204444001"/>
</red-def:rpminfo_test>
<red-def:rpminfo_test check="at least one" comment="glibc-langpack-ja is earlier than 0:2.28-127.el8" id="oval:com.redhat.rhsa:tst:20204444171" version="637">
 <red-def:object object_ref="oval:com.redhat.rhsa:obj:20193513086"/>
 <red-def:state state_ref="oval:com.redhat.rhsa:ste:20204444001"/>
</red-def:rpminfo_test>
<red-def:rpminfo_test check="at least one" comment="glibc-langpack-ka is earlier than 0:2.28-127.el8" id="oval:com.redhat.rhsa:tst:20204444173" version="637">
 <red-def:object object_ref="oval:com.redhat.rhsa:obj:20193513087"/>
 <red-def:state state_ref="oval:com.redhat.rhsa:ste:20204444001"/>
</red-def:rpminfo_test>
<red-def:rpminfo_test check="at least one" comment="glibc-langpack-kab is earlier than 0:2.28-127.el8" id="oval:com.redhat.rhsa:tst:20204444175" version="637">
 <red-def:object object_ref="oval:com.redhat.rhsa:obj:20193513088"/>
 <red-def:state state_ref="oval:com.redhat.rhsa:ste:20204444001"/>
</red-def:rpminfo_test>
<red-def:rpminfo_test check="at least one" comment="glibc-langpack-kk is earlier than 0:2.28-127.el8" id="oval:com.redhat.rhsa:tst:20204444177" version="637">
 <red-def:object object_ref="oval:com.redhat.rhsa:obj:20193513089"/>
 <red-def:state state_ref="oval:com.redhat.rhsa:ste:20204444001"/>
</red-def:rpminfo_test>
<red-def:rpminfo_test check="at least one" comment="glibc-langpack-kl is earlier than 0:2.28-127.el8" id="oval:com.redhat.rhsa:tst:20204444179" version="637">
 <red-def:object object_ref="oval:com.redhat.rhsa:obj:20193513090"/>
 <red-def:state state_ref="oval:com.redhat.rhsa:ste:20204444001"/>
</red-def:rpminfo_test>
<red-def:rpminfo_test check="at least one" comment="glibc-langpack-km is earlier than 0:2.28-127.el8" id="oval:com.redhat.rhsa:tst:20204444181" version="637">
 <red-def:object object_ref="oval:com.redhat.rhsa:obj:20193513091"/>
 <red-def:state state_ref="oval:com.redhat.rhsa:ste:20204444001"/>
</red-def:rpminfo_test>
<red-def:rpminfo_test check="at least one" comment="glibc-langpack-kn is earlier than 0:2.28-127.el8" id="oval:com.redhat.rhsa:tst:20204444183" version="637">
 <red-def:object object_ref="oval:com.redhat.rhsa:obj:20193513092"/>
 <red-def:state state_ref="oval:com.redhat.rhsa:ste:20204444001"/>
</red-def:rpminfo_test>
<red-def:rpminfo_test check="at least one" comment="glibc-langpack-ko is earlier than 0:2.28-127.el8" id="oval:com.redhat.rhsa:tst:20204444185" version="637">
 <red-def:object object_ref="oval:com.redhat.rhsa:obj:20193513093"/>
 <red-def:state state_ref="oval:com.redhat.rhsa:ste:20204444001"/>
</red-def:rpminfo_test>
<red-def:rpminfo_test check="at least one" comment="glibc-langpack-kok is earlier than 0:2.28-127.el8" id="oval:com.redhat.rhsa:tst:20204444187" version="637">
 <red-def:object object_ref="oval:com.redhat.rhsa:obj:20193513094"/>
 <red-def:state state_ref="oval:com.redhat.rhsa:ste:20204444001"/>
</red-def:rpminfo_test>
<red-def:rpminfo_test check="at least one" comment="glibc-langpack-ks is earlier than 0:2.28-127.el8" id="oval:com.redhat.rhsa:tst:20204444189" version="637">
 <red-def:object object_ref="oval:com.redhat.rhsa:obj:20193513095"/>
 <red-def:state state_ref="oval:com.redhat.rhsa:ste:20204444001"/>
</red-def:rpminfo_test>
<red-def:rpminfo_test check="at least one" comment="glibc-langpack-ku is earlier than 0:2.28-127.el8" id="oval:com.redhat.rhsa:tst:20204444191" version="637">
 <red-def:object object_ref="oval:com.redhat.rhsa:obj:20193513096"/>
 <red-def:state state_ref="oval:com.redhat.rhsa:ste:20204444001"/>
</red-def:rpminfo_test>
<red-def:rpminfo_test check="at least one" comment="glibc-langpack-kw is earlier than 0:2.28-127.el8" id="oval:com.redhat.rhsa:tst:20204444193" version="637">
 <red-def:object object_ref="oval:com.redhat.rhsa:obj:20193513097"/>
 <red-def:state state_ref="oval:com.redhat.rhsa:ste:20204444001"/>
</red-def:rpminfo_test>
<red-def:rpminfo_test check="at least one" comment="glibc-langpack-ky is earlier than 0:2.28-127.el8" id="oval:com.redhat.rhsa:tst:20204444195" version="637">
 <red-def:object object_ref="oval:com.redhat.rhsa:obj:20193513098"/>
 <red-def:state state_ref="oval:com.redhat.rhsa:ste:20204444001"/>
</red-def:rpminfo_test>
<red-def:rpminfo_test check="at least one" comment="glibc-langpack-lb is earlier than 0:2.28-127.el8" id="oval:com.redhat.rhsa:tst:20204444197" version="637">
 <red-def:object object_ref="oval:com.redhat.rhsa:obj:20193513099"/>
 <red-def:state state_ref="oval:com.redhat.rhsa:ste:20204444001"/>
</red-def:rpminfo_test>
<red-def:rpminfo_test check="at least one" comment="glibc-langpack-lg is earlier than 0:2.28-127.el8" id="oval:com.redhat.rhsa:tst:20204444199" version="637">
 <red-def:object object_ref="oval:com.redhat.rhsa:obj:20193513100"/>
 <red-def:state state_ref="oval:com.redhat.rhsa:ste:20204444001"/>
</red-def:rpminfo_test>
<red-def:rpminfo_test check="at least one" comment="glibc-langpack-li is earlier than 0:2.28-127.el8" id="oval:com.redhat.rhsa:tst:20204444201" version="637">
 <red-def:object object_ref="oval:com.redhat.rhsa:obj:20193513101"/>
 <red-def:state state_ref="oval:com.redhat.rhsa:ste:20204444001"/>
</red-def:rpminfo_test>
<red-def:rpminfo_test check="at least one" comment="glibc-langpack-lij is earlier than 0:2.28-127.el8" id="oval:com.redhat.rhsa:tst:20204444203" version="637">
 <red-def:object object_ref="oval:com.redhat.rhsa:obj:20193513102"/>
 <red-def:state state_ref="oval:com.redhat.rhsa:ste:20204444001"/>
</red-def:rpminfo_test>
<red-def:rpminfo_test check="at least one" comment="glibc-langpack-ln is earlier than 0:2.28-127.el8" id="oval:com.redhat.rhsa:tst:20204444205" version="637">
 <red-def:object object_ref="oval:com.redhat.rhsa:obj:20193513103"/>
 <red-def:state state_ref="oval:com.redhat.rhsa:ste:20204444001"/>
</red-def:rpminfo_test>
<red-def:rpminfo_test check="at least one" comment="glibc-langpack-lo is earlier than 0:2.28-127.el8" id="oval:com.redhat.rhsa:tst:20204444207" version="637">
 <red-def:object object_ref="oval:com.redhat.rhsa:obj:20193513104"/>
 <red-def:state state_ref="oval:com.redhat.rhsa:ste:20204444001"/>
</red-def:rpminfo_test>
<red-def:rpminfo_test check="at least one" comment="glibc-langpack-lt is earlier than 0:2.28-127.el8" id="oval:com.redhat.rhsa:tst:20204444209" version="637">
 <red-def:object object_ref="oval:com.redhat.rhsa:obj:20193513105"/>
 <red-def:state state_ref="oval:com.redhat.rhsa:ste:20204444001"/>
</red-def:rpminfo_test>
<red-def:rpminfo_test check="at least one" comment="glibc-langpack-lv is earlier than 0:2.28-127.el8" id="oval:com.redhat.rhsa:tst:20204444211" version="637">
 <red-def:object object_ref="oval:com.redhat.rhsa:obj:20193513106"/>
 <red-def:state state_ref="oval:com.redhat.rhsa:ste:20204444001"/>
</red-def:rpminfo_test>
<red-def:rpminfo_test check="at least one" comment="glibc-langpack-lzh is earlier than 0:2.28-127.el8" id="oval:com.redhat.rhsa:tst:20204444213" version="637">
 <red-def:object object_ref="oval:com.redhat.rhsa:obj:20193513107"/>
 <red-def:state state_ref="oval:com.redhat.rhsa:ste:20204444001"/>
</red-def:rpminfo_test>
<red-def:rpminfo_test check="at least one" comment="glibc-langpack-mag is earlier than 0:2.28-127.el8" id="oval:com.redhat.rhsa:tst:20204444215" version="637">
 <red-def:object object_ref="oval:com.redhat.rhsa:obj:20193513108"/>
 <red-def:state state_ref="oval:com.redhat.rhsa:ste:20204444001"/>
</red-def:rpminfo_test>
<red-def:rpminfo_test check="at least one" comment="glibc-langpack-mai is earlier than 0:2.28-127.el8" id="oval:com.redhat.rhsa:tst:20204444217" version="637">
 <red-def:object object_ref="oval:com.redhat.rhsa:obj:20193513109"/>
 <red-def:state state_ref="oval:com.redhat.rhsa:ste:20204444001"/>
</red-def:rpminfo_test>
<red-def:rpminfo_test check="at least one" comment="glibc-langpack-mfe is earlier than 0:2.28-127.el8" id="oval:com.redhat.rhsa:tst:20204444219" version="637">
 <red-def:object object_ref="oval:com.redhat.rhsa:obj:20193513110"/>
 <red-def:state state_ref="oval:com.redhat.rhsa:ste:20204444001"/>
</red-def:rpminfo_test>
<red-def:rpminfo_test check="at least one" comment="glibc-langpack-mg is earlier than 0:2.28-127.el8" id="oval:com.redhat.rhsa:tst:20204444221" version="637">
 <red-def:object object_ref="oval:com.redhat.rhsa:obj:20193513111"/>
 <red-def:state state_ref="oval:com.redhat.rhsa:ste:20204444001"/>
</red-def:rpminfo_test>
<red-def:rpminfo_test check="at least one" comment="glibc-langpack-mhr is earlier than 0:2.28-127.el8" id="oval:com.redhat.rhsa:tst:20204444223" version="637">
 <red-def:object object_ref="oval:com.redhat.rhsa:obj:20193513112"/>
 <red-def:state state_ref="oval:com.redhat.rhsa:ste:20204444001"/>
</red-def:rpminfo_test>
<red-def:rpminfo_test check="at least one" comment="glibc-langpack-mi is earlier than 0:2.28-127.el8" id="oval:com.redhat.rhsa:tst:20204444225" version="637">
 <red-def:object object_ref="oval:com.redhat.rhsa:obj:20193513113"/>
 <red-def:state state_ref="oval:com.redhat.rhsa:ste:20204444001"/>
</red-def:rpminfo_test>
<red-def:rpminfo_test check="at least one" comment="glibc-langpack-miq is earlier than 0:2.28-127.el8" id="oval:com.redhat.rhsa:tst:20204444227" version="637">
 <red-def:object object_ref="oval:com.redhat.rhsa:obj:20193513114"/>
 <red-def:state state_ref="oval:com.redhat.rhsa:ste:20204444001"/>
</red-def:rpminfo_test>
<red-def:rpminfo_test check="at least one" comment="glibc-langpack-mjw is earlier than 0:2.28-127.el8" id="oval:com.redhat.rhsa:tst:20204444229" version="637">
 <red-def:object object_ref="oval:com.redhat.rhsa:obj:20193513115"/>
 <red-def:state state_ref="oval:com.redhat.rhsa:ste:20204444001"/>
</red-def:rpminfo_test>
<red-def:rpminfo_test check="at least one" comment="glibc-langpack-mk is earlier than 0:2.28-127.el8" id="oval:com.redhat.rhsa:tst:20204444231" version="637">
 <red-def:object object_ref="oval:com.redhat.rhsa:obj:20193513116"/>
 <red-def:state state_ref="oval:com.redhat.rhsa:ste:20204444001"/>
</red-def:rpminfo_test>
<red-def:rpminfo_test check="at least one" comment="glibc-langpack-ml is earlier than 0:2.28-127.el8" id="oval:com.redhat.rhsa:tst:20204444233" version="637">
 <red-def:object object_ref="oval:com.redhat.rhsa:obj:20193513117"/>
 <red-def:state state_ref="oval:com.redhat.rhsa:ste:20204444001"/>
</red-def:rpminfo_test>
<red-def:rpminfo_test check="at least one" comment="glibc-langpack-mn is earlier than 0:2.28-127.el8" id="oval:com.redhat.rhsa:tst:20204444235" version="637">
 <red-def:object object_ref="oval:com.redhat.rhsa:obj:20193513118"/>
 <red-def:state state_ref="oval:com.redhat.rhsa:ste:20204444001"/>
</red-def:rpminfo_test>
<red-def:rpminfo_test check="at least one" comment="glibc-langpack-mni is earlier than 0:2.28-127.el8" id="oval:com.redhat.rhsa:tst:20204444237" version="637">
 <red-def:object object_ref="oval:com.redhat.rhsa:obj:20193513119"/>
 <red-def:state state_ref="oval:com.redhat.rhsa:ste:20204444001"/>
</red-def:rpminfo_test>
<red-def:rpminfo_test check="at least one" comment="glibc-langpack-mr is earlier than 0:2.28-127.el8" id="oval:com.redhat.rhsa:tst:20204444239" version="637">
 <red-def:object object_ref="oval:com.redhat.rhsa:obj:20193513120"/>
 <red-def:state state_ref="oval:com.redhat.rhsa:ste:20204444001"/>
</red-def:rpminfo_test>
<red-def:rpminfo_test check="at least one" comment="glibc-langpack-ms is earlier than 0:2.28-127.el8" id="oval:com.redhat.rhsa:tst:20204444241" version="637">
 <red-def:object object_ref="oval:com.redhat.rhsa:obj:20193513121"/>
 <red-def:state state_ref="oval:com.redhat.rhsa:ste:20204444001"/>
</red-def:rpminfo_test>
<red-def:rpminfo_test check="at least one" comment="glibc-langpack-mt is earlier than 0:2.28-127.el8" id="oval:com.redhat.rhsa:tst:20204444243" version="637">
 <red-def:object object_ref="oval:com.redhat.rhsa:obj:20193513122"/>
 <red-def:state state_ref="oval:com.redhat.rhsa:ste:20204444001"/>
</red-def:rpminfo_test>
<red-def:rpminfo_test check="at least one" comment="glibc-langpack-my is earlier than 0:2.28-127.el8" id="oval:com.redhat.rhsa:tst:20204444245" version="637">
 <red-def:object object_ref="oval:com.redhat.rhsa:obj:20193513123"/>
 <red-def:state state_ref="oval:com.redhat.rhsa:ste:20204444001"/>
</red-def:rpminfo_test>
<red-def:rpminfo_test check="at least one" comment="glibc-langpack-nan is earlier than 0:2.28-127.el8" id="oval:com.redhat.rhsa:tst:20204444247" version="637">
 <red-def:object object_ref="oval:com.redhat.rhsa:obj:20193513124"/>
 <red-def:state state_ref="oval:com.redhat.rhsa:ste:20204444001"/>
</red-def:rpminfo_test>
<red-def:rpminfo_test check="at least one" comment="glibc-langpack-nb is earlier than 0:2.28-127.el8" id="oval:com.redhat.rhsa:tst:20204444249" version="637">
 <red-def:object object_ref="oval:com.redhat.rhsa:obj:20193513125"/>
 <red-def:state state_ref="oval:com.redhat.rhsa:ste:20204444001"/>
</red-def:rpminfo_test>
<red-def:rpminfo_test check="at least one" comment="glibc-langpack-nds is earlier than 0:2.28-127.el8" id="oval:com.redhat.rhsa:tst:20204444251" version="637">
 <red-def:object object_ref="oval:com.redhat.rhsa:obj:20193513126"/>
 <red-def:state state_ref="oval:com.redhat.rhsa:ste:20204444001"/>
</red-def:rpminfo_test>
<red-def:rpminfo_test check="at least one" comment="glibc-langpack-ne is earlier than 0:2.28-127.el8" id="oval:com.redhat.rhsa:tst:20204444253" version="637">
 <red-def:object object_ref="oval:com.redhat.rhsa:obj:20193513127"/>
 <red-def:state state_ref="oval:com.redhat.rhsa:ste:20204444001"/>
</red-def:rpminfo_test>
<red-def:rpminfo_test check="at least one" comment="glibc-langpack-nhn is earlier than 0:2.28-127.el8" id="oval:com.redhat.rhsa:tst:20204444255" version="637">
 <red-def:object object_ref="oval:com.redhat.rhsa:obj:20193513128"/>
 <red-def:state state_ref="oval:com.redhat.rhsa:ste:20204444001"/>
</red-def:rpminfo_test>
<red-def:rpminfo_test check="at least one" comment="glibc-langpack-niu is earlier than 0:2.28-127.el8" id="oval:com.redhat.rhsa:tst:20204444257" version="637">
 <red-def:object object_ref="oval:com.redhat.rhsa:obj:20193513129"/>
 <red-def:state state_ref="oval:com.redhat.rhsa:ste:20204444001"/>
</red-def:rpminfo_test>
<red-def:rpminfo_test check="at least one" comment="glibc-langpack-nl is earlier than 0:2.28-127.el8" id="oval:com.redhat.rhsa:tst:20204444259" version="637">
 <red-def:object object_ref="oval:com.redhat.rhsa:obj:20193513130"/>
 <red-def:state state_ref="oval:com.redhat.rhsa:ste:20204444001"/>
</red-def:rpminfo_test>
<red-def:rpminfo_test check="at least one" comment="glibc-langpack-nn is earlier than 0:2.28-127.el8" id="oval:com.redhat.rhsa:tst:20204444261" version="637">
 <red-def:object object_ref="oval:com.redhat.rhsa:obj:20193513131"/>
 <red-def:state state_ref="oval:com.redhat.rhsa:ste:20204444001"/>
</red-def:rpminfo_test>
<red-def:rpminfo_test check="at least one" comment="glibc-langpack-nr is earlier than 0:2.28-127.el8" id="oval:com.redhat.rhsa:tst:20204444263" version="637">
 <red-def:object object_ref="oval:com.redhat.rhsa:obj:20193513132"/>
 <red-def:state state_ref="oval:com.redhat.rhsa:ste:20204444001"/>
</red-def:rpminfo_test>
<red-def:rpminfo_test check="at least one" comment="glibc-langpack-nso is earlier than 0:2.28-127.el8" id="oval:com.redhat.rhsa:tst:20204444265" version="637">
 <red-def:object object_ref="oval:com.redhat.rhsa:obj:20193513133"/>
 <red-def:state state_ref="oval:com.redhat.rhsa:ste:20204444001"/>
</red-def:rpminfo_test>
<red-def:rpminfo_test check="at least one" comment="glibc-langpack-oc is earlier than 0:2.28-127.el8" id="oval:com.redhat.rhsa:tst:20204444267" version="637">
 <red-def:object object_ref="oval:com.redhat.rhsa:obj:20193513134"/>
 <red-def:state state_ref="oval:com.redhat.rhsa:ste:20204444001"/>
</red-def:rpminfo_test>
<red-def:rpminfo_test check="at least one" comment="glibc-langpack-om is earlier than 0:2.28-127.el8" id="oval:com.redhat.rhsa:tst:20204444269" version="637">
 <red-def:object object_ref="oval:com.redhat.rhsa:obj:20193513135"/>
 <red-def:state state_ref="oval:com.redhat.rhsa:ste:20204444001"/>
</red-def:rpminfo_test>
<red-def:rpminfo_test check="at least one" comment="glibc-langpack-or is earlier than 0:2.28-127.el8" id="oval:com.redhat.rhsa:tst:20204444271" version="637">
 <red-def:object object_ref="oval:com.redhat.rhsa:obj:20193513136"/>
 <red-def:state state_ref="oval:com.redhat.rhsa:ste:20204444001"/>
</red-def:rpminfo_test>
<red-def:rpminfo_test check="at least one" comment="glibc-langpack-os is earlier than 0:2.28-127.el8" id="oval:com.redhat.rhsa:tst:20204444273" version="637">
 <red-def:object object_ref="oval:com.redhat.rhsa:obj:20193513137"/>
 <red-def:state state_ref="oval:com.redhat.rhsa:ste:20204444001"/>
</red-def:rpminfo_test>
<red-def:rpminfo_test check="at least one" comment="glibc-langpack-pa is earlier than 0:2.28-127.el8" id="oval:com.redhat.rhsa:tst:20204444275" version="637">
 <red-def:object object_ref="oval:com.redhat.rhsa:obj:20193513138"/>
 <red-def:state state_ref="oval:com.redhat.rhsa:ste:20204444001"/>
</red-def:rpminfo_test>
<red-def:rpminfo_test check="at least one" comment="glibc-langpack-pap is earlier than 0:2.28-127.el8" id="oval:com.redhat.rhsa:tst:20204444277" version="637">
 <red-def:object object_ref="oval:com.redhat.rhsa:obj:20193513139"/>
 <red-def:state state_ref="oval:com.redhat.rhsa:ste:20204444001"/>
</red-def:rpminfo_test>
<red-def:rpminfo_test check="at least one" comment="glibc-langpack-pl is earlier than 0:2.28-127.el8" id="oval:com.redhat.rhsa:tst:20204444279" version="637">
 <red-def:object object_ref="oval:com.redhat.rhsa:obj:20193513140"/>
 <red-def:state state_ref="oval:com.redhat.rhsa:ste:20204444001"/>
</red-def:rpminfo_test>
<red-def:rpminfo_test check="at least one" comment="glibc-langpack-ps is earlier than 0:2.28-127.el8" id="oval:com.redhat.rhsa:tst:20204444281" version="637">
 <red-def:object object_ref="oval:com.redhat.rhsa:obj:20193513141"/>
 <red-def:state state_ref="oval:com.redhat.rhsa:ste:20204444001"/>
</red-def:rpminfo_test>
<red-def:rpminfo_test check="at least one" comment="glibc-langpack-pt is earlier than 0:2.28-127.el8" id="oval:com.redhat.rhsa:tst:20204444283" version="637">
 <red-def:object object_ref="oval:com.redhat.rhsa:obj:20193513142"/>
 <red-def:state state_ref="oval:com.redhat.rhsa:ste:20204444001"/>
</red-def:rpminfo_test>
<red-def:rpminfo_test check="at least one" comment="glibc-langpack-quz is earlier than 0:2.28-127.el8" id="oval:com.redhat.rhsa:tst:20204444285" version="637">
 <red-def:object object_ref="oval:com.redhat.rhsa:obj:20193513143"/>
 <red-def:state state_ref="oval:com.redhat.rhsa:ste:20204444001"/>
</red-def:rpminfo_test>
<red-def:rpminfo_test check="at least one" comment="glibc-langpack-raj is earlier than 0:2.28-127.el8" id="oval:com.redhat.rhsa:tst:20204444287" version="637">
 <red-def:object object_ref="oval:com.redhat.rhsa:obj:20193513144"/>
 <red-def:state state_ref="oval:com.redhat.rhsa:ste:20204444001"/>
</red-def:rpminfo_test>
<red-def:rpminfo_test check="at least one" comment="glibc-langpack-ro is earlier than 0:2.28-127.el8" id="oval:com.redhat.rhsa:tst:20204444289" version="637">
 <red-def:object object_ref="oval:com.redhat.rhsa:obj:20193513145"/>
 <red-def:state state_ref="oval:com.redhat.rhsa:ste:20204444001"/>
</red-def:rpminfo_test>
<red-def:rpminfo_test check="at least one" comment="glibc-langpack-ru is earlier than 0:2.28-127.el8" id="oval:com.redhat.rhsa:tst:20204444291" version="637">
 <red-def:object object_ref="oval:com.redhat.rhsa:obj:20193513146"/>
 <red-def:state state_ref="oval:com.redhat.rhsa:ste:20204444001"/>
</red-def:rpminfo_test>
<red-def:rpminfo_test check="at least one" comment="glibc-langpack-rw is earlier than 0:2.28-127.el8" id="oval:com.redhat.rhsa:tst:20204444293" version="637">
 <red-def:object object_ref="oval:com.redhat.rhsa:obj:20193513147"/>
 <red-def:state state_ref="oval:com.redhat.rhsa:ste:20204444001"/>
</red-def:rpminfo_test>
<red-def:rpminfo_test check="at least one" comment="glibc-langpack-sa is earlier than 0:2.28-127.el8" id="oval:com.redhat.rhsa:tst:20204444295" version="637">
 <red-def:object object_ref="oval:com.redhat.rhsa:obj:20193513148"/>
 <red-def:state state_ref="oval:com.redhat.rhsa:ste:20204444001"/>
</red-def:rpminfo_test>
<red-def:rpminfo_test check="at least one" comment="glibc-langpack-sah is earlier than 0:2.28-127.el8" id="oval:com.redhat.rhsa:tst:20204444297" version="637">
 <red-def:object object_ref="oval:com.redhat.rhsa:obj:20193513149"/>
 <red-def:state state_ref="oval:com.redhat.rhsa:ste:20204444001"/>
</red-def:rpminfo_test>
<red-def:rpminfo_test check="at least one" comment="glibc-langpack-sat is earlier than 0:2.28-127.el8" id="oval:com.redhat.rhsa:tst:20204444299" version="637">
 <red-def:object object_ref="oval:com.redhat.rhsa:obj:20193513150"/>
 <red-def:state state_ref="oval:com.redhat.rhsa:ste:20204444001"/>
</red-def:rpminfo_test>
<red-def:rpminfo_test check="at least one" comment="glibc-langpack-sc is earlier than 0:2.28-127.el8" id="oval:com.redhat.rhsa:tst:20204444301" version="637">
 <red-def:object object_ref="oval:com.redhat.rhsa:obj:20193513151"/>
 <red-def:state state_ref="oval:com.redhat.rhsa:ste:20204444001"/>
</red-def:rpminfo_test>
<red-def:rpminfo_test check="at least one" comment="glibc-langpack-sd is earlier than 0:2.28-127.el8" id="oval:com.redhat.rhsa:tst:20204444303" version="637">
 <red-def:object object_ref="oval:com.redhat.rhsa:obj:20193513152"/>
 <red-def:state state_ref="oval:com.redhat.rhsa:ste:20204444001"/>
</red-def:rpminfo_test>
<red-def:rpminfo_test check="at least one" comment="glibc-langpack-se is earlier than 0:2.28-127.el8" id="oval:com.redhat.rhsa:tst:20204444305" version="637">
 <red-def:object object_ref="oval:com.redhat.rhsa:obj:20193513153"/>
 <red-def:state state_ref="oval:com.redhat.rhsa:ste:20204444001"/>
</red-def:rpminfo_test>
<red-def:rpminfo_test check="at least one" comment="glibc-langpack-sgs is earlier than 0:2.28-127.el8" id="oval:com.redhat.rhsa:tst:20204444307" version="637">
 <red-def:object object_ref="oval:com.redhat.rhsa:obj:20193513154"/>
 <red-def:state state_ref="oval:com.redhat.rhsa:ste:20204444001"/>
</red-def:rpminfo_test>
<red-def:rpminfo_test check="at least one" comment="glibc-langpack-shn is earlier than 0:2.28-127.el8" id="oval:com.redhat.rhsa:tst:20204444309" version="637">
 <red-def:object object_ref="oval:com.redhat.rhsa:obj:20193513155"/>
 <red-def:state state_ref="oval:com.redhat.rhsa:ste:20204444001"/>
</red-def:rpminfo_test>
<red-def:rpminfo_test check="at least one" comment="glibc-langpack-shs is earlier than 0:2.28-127.el8" id="oval:com.redhat.rhsa:tst:20204444311" version="637">
 <red-def:object object_ref="oval:com.redhat.rhsa:obj:20193513156"/>
 <red-def:state state_ref="oval:com.redhat.rhsa:ste:20204444001"/>
</red-def:rpminfo_test>
<red-def:rpminfo_test check="at least one" comment="glibc-langpack-si is earlier than 0:2.28-127.el8" id="oval:com.redhat.rhsa:tst:20204444313" version="637">
 <red-def:object object_ref="oval:com.redhat.rhsa:obj:20193513157"/>
 <red-def:state state_ref="oval:com.redhat.rhsa:ste:20204444001"/>
</red-def:rpminfo_test>
<red-def:rpminfo_test check="at least one" comment="glibc-langpack-sid is earlier than 0:2.28-127.el8" id="oval:com.redhat.rhsa:tst:20204444315" version="637">
 <red-def:object object_ref="oval:com.redhat.rhsa:obj:20193513158"/>
 <red-def:state state_ref="oval:com.redhat.rhsa:ste:20204444001"/>
</red-def:rpminfo_test>
<red-def:rpminfo_test check="at least one" comment="glibc-langpack-sk is earlier than 0:2.28-127.el8" id="oval:com.redhat.rhsa:tst:20204444317" version="637">
 <red-def:object object_ref="oval:com.redhat.rhsa:obj:20193513159"/>
 <red-def:state state_ref="oval:com.redhat.rhsa:ste:20204444001"/>
</red-def:rpminfo_test>
<red-def:rpminfo_test check="at least one" comment="glibc-langpack-sl is earlier than 0:2.28-127.el8" id="oval:com.redhat.rhsa:tst:20204444319" version="637">
 <red-def:object object_ref="oval:com.redhat.rhsa:obj:20193513160"/>
 <red-def:state state_ref="oval:com.redhat.rhsa:ste:20204444001"/>
</red-def:rpminfo_test>
<red-def:rpminfo_test check="at least one" comment="glibc-langpack-sm is earlier than 0:2.28-127.el8" id="oval:com.redhat.rhsa:tst:20204444321" version="637">
 <red-def:object object_ref="oval:com.redhat.rhsa:obj:20193513161"/>
 <red-def:state state_ref="oval:com.redhat.rhsa:ste:20204444001"/>
</red-def:rpminfo_test>
<red-def:rpminfo_test check="at least one" comment="glibc-langpack-so is earlier than 0:2.28-127.el8" id="oval:com.redhat.rhsa:tst:20204444323" version="637">
 <red-def:object object_ref="oval:com.redhat.rhsa:obj:20193513162"/>
 <red-def:state state_ref="oval:com.redhat.rhsa:ste:20204444001"/>
</red-def:rpminfo_test>
<red-def:rpminfo_test check="at least one" comment="glibc-langpack-sq is earlier than 0:2.28-127.el8" id="oval:com.redhat.rhsa:tst:20204444325" version="637">
 <red-def:object object_ref="oval:com.redhat.rhsa:obj:20193513163"/>
 <red-def:state state_ref="oval:com.redhat.rhsa:ste:20204444001"/>
</red-def:rpminfo_test>
<red-def:rpminfo_test check="at least one" comment="glibc-langpack-sr is earlier than 0:2.28-127.el8" id="oval:com.redhat.rhsa:tst:20204444327" version="637">
 <red-def:object object_ref="oval:com.redhat.rhsa:obj:20193513164"/>
 <red-def:state state_ref="oval:com.redhat.rhsa:ste:20204444001"/>
</red-def:rpminfo_test>
<red-def:rpminfo_test check="at least one" comment="glibc-langpack-ss is earlier than 0:2.28-127.el8" id="oval:com.redhat.rhsa:tst:20204444329" version="637">
 <red-def:object object_ref="oval:com.redhat.rhsa:obj:20193513165"/>
 <red-def:state state_ref="oval:com.redhat.rhsa:ste:20204444001"/>
</red-def:rpminfo_test>
<red-def:rpminfo_test check="at least one" comment="glibc-langpack-st is earlier than 0:2.28-127.el8" id="oval:com.redhat.rhsa:tst:20204444331" version="637">
 <red-def:object object_ref="oval:com.redhat.rhsa:obj:20193513166"/>
 <red-def:state state_ref="oval:com.redhat.rhsa:ste:20204444001"/>
</red-def:rpminfo_test>
<red-def:rpminfo_test check="at least one" comment="glibc-langpack-sv is earlier than 0:2.28-127.el8" id="oval:com.redhat.rhsa:tst:20204444333" version="637">
 <red-def:object object_ref="oval:com.redhat.rhsa:obj:20193513167"/>
 <red-def:state state_ref="oval:com.redhat.rhsa:ste:20204444001"/>
</red-def:rpminfo_test>
<red-def:rpminfo_test check="at least one" comment="glibc-langpack-sw is earlier than 0:2.28-127.el8" id="oval:com.redhat.rhsa:tst:20204444335" version="637">
 <red-def:object object_ref="oval:com.redhat.rhsa:obj:20193513168"/>
 <red-def:state state_ref="oval:com.redhat.rhsa:ste:20204444001"/>
</red-def:rpminfo_test>
<red-def:rpminfo_test check="at least one" comment="glibc-langpack-szl is earlier than 0:2.28-127.el8" id="oval:com.redhat.rhsa:tst:20204444337" version="637">
 <red-def:object object_ref="oval:com.redhat.rhsa:obj:20193513169"/>
 <red-def:state state_ref="oval:com.redhat.rhsa:ste:20204444001"/>
</red-def:rpminfo_test>
<red-def:rpminfo_test check="at least one" comment="glibc-langpack-ta is earlier than 0:2.28-127.el8" id="oval:com.redhat.rhsa:tst:20204444339" version="637">
 <red-def:object object_ref="oval:com.redhat.rhsa:obj:20193513170"/>
 <red-def:state state_ref="oval:com.redhat.rhsa:ste:20204444001"/>
</red-def:rpminfo_test>
<red-def:rpminfo_test check="at least one" comment="glibc-langpack-tcy is earlier than 0:2.28-127.el8" id="oval:com.redhat.rhsa:tst:20204444341" version="637">
 <red-def:object object_ref="oval:com.redhat.rhsa:obj:20193513171"/>
 <red-def:state state_ref="oval:com.redhat.rhsa:ste:20204444001"/>
</red-def:rpminfo_test>
<red-def:rpminfo_test check="at least one" comment="glibc-langpack-te is earlier than 0:2.28-127.el8" id="oval:com.redhat.rhsa:tst:20204444343" version="637">
 <red-def:object object_ref="oval:com.redhat.rhsa:obj:20193513172"/>
 <red-def:state state_ref="oval:com.redhat.rhsa:ste:20204444001"/>
</red-def:rpminfo_test>
<red-def:rpminfo_test check="at least one" comment="glibc-langpack-tg is earlier than 0:2.28-127.el8" id="oval:com.redhat.rhsa:tst:20204444345" version="637">
 <red-def:object object_ref="oval:com.redhat.rhsa:obj:20193513173"/>
 <red-def:state state_ref="oval:com.redhat.rhsa:ste:20204444001"/>
</red-def:rpminfo_test>
<red-def:rpminfo_test check="at least one" comment="glibc-langpack-th is earlier than 0:2.28-127.el8" id="oval:com.redhat.rhsa:tst:20204444347" version="637">
 <red-def:object object_ref="oval:com.redhat.rhsa:obj:20193513174"/>
 <red-def:state state_ref="oval:com.redhat.rhsa:ste:20204444001"/>
</red-def:rpminfo_test>
<red-def:rpminfo_test check="at least one" comment="glibc-langpack-the is earlier than 0:2.28-127.el8" id="oval:com.redhat.rhsa:tst:20204444349" version="637">
 <red-def:object object_ref="oval:com.redhat.rhsa:obj:20193513175"/>
 <red-def:state state_ref="oval:com.redhat.rhsa:ste:20204444001"/>
</red-def:rpminfo_test>
<red-def:rpminfo_test check="at least one" comment="glibc-langpack-ti is earlier than 0:2.28-127.el8" id="oval:com.redhat.rhsa:tst:20204444351" version="637">
 <red-def:object object_ref="oval:com.redhat.rhsa:obj:20193513176"/>
 <red-def:state state_ref="oval:com.redhat.rhsa:ste:20204444001"/>
</red-def:rpminfo_test>
<red-def:rpminfo_test check="at least one" comment="glibc-langpack-tig is earlier than 0:2.28-127.el8" id="oval:com.redhat.rhsa:tst:20204444353" version="637">
 <red-def:object object_ref="oval:com.redhat.rhsa:obj:20193513177"/>
 <red-def:state state_ref="oval:com.redhat.rhsa:ste:20204444001"/>
</red-def:rpminfo_test>
<red-def:rpminfo_test check="at least one" comment="glibc-langpack-tk is earlier than 0:2.28-127.el8" id="oval:com.redhat.rhsa:tst:20204444355" version="637">
 <red-def:object object_ref="oval:com.redhat.rhsa:obj:20193513178"/>
 <red-def:state state_ref="oval:com.redhat.rhsa:ste:20204444001"/>
</red-def:rpminfo_test>
<red-def:rpminfo_test check="at least one" comment="glibc-langpack-tl is earlier than 0:2.28-127.el8" id="oval:com.redhat.rhsa:tst:20204444357" version="637">
 <red-def:object object_ref="oval:com.redhat.rhsa:obj:20193513179"/>
 <red-def:state state_ref="oval:com.redhat.rhsa:ste:20204444001"/>
</red-def:rpminfo_test>
<red-def:rpminfo_test check="at least one" comment="glibc-langpack-tn is earlier than 0:2.28-127.el8" id="oval:com.redhat.rhsa:tst:20204444359" version="637">
 <red-def:object object_ref="oval:com.redhat.rhsa:obj:20193513180"/>
 <red-def:state state_ref="oval:com.redhat.rhsa:ste:20204444001"/>
</red-def:rpminfo_test>
<red-def:rpminfo_test check="at least one" comment="glibc-langpack-to is earlier than 0:2.28-127.el8" id="oval:com.redhat.rhsa:tst:20204444361" version="637">
 <red-def:object object_ref="oval:com.redhat.rhsa:obj:20193513181"/>
 <red-def:state state_ref="oval:com.redhat.rhsa:ste:20204444001"/>
</red-def:rpminfo_test>
<red-def:rpminfo_test check="at least one" comment="glibc-langpack-tpi is earlier than 0:2.28-127.el8" id="oval:com.redhat.rhsa:tst:20204444363" version="637">
 <red-def:object object_ref="oval:com.redhat.rhsa:obj:20193513182"/>
 <red-def:state state_ref="oval:com.redhat.rhsa:ste:20204444001"/>
</red-def:rpminfo_test>
<red-def:rpminfo_test check="at least one" comment="glibc-langpack-tr is earlier than 0:2.28-127.el8" id="oval:com.redhat.rhsa:tst:20204444365" version="637">
 <red-def:object object_ref="oval:com.redhat.rhsa:obj:20193513183"/>
 <red-def:state state_ref="oval:com.redhat.rhsa:ste:20204444001"/>
</red-def:rpminfo_test>
<red-def:rpminfo_test check="at least one" comment="glibc-langpack-ts is earlier than 0:2.28-127.el8" id="oval:com.redhat.rhsa:tst:20204444367" version="637">
 <red-def:object object_ref="oval:com.redhat.rhsa:obj:20193513184"/>
 <red-def:state state_ref="oval:com.redhat.rhsa:ste:20204444001"/>
</red-def:rpminfo_test>
<red-def:rpminfo_test check="at least one" comment="glibc-langpack-tt is earlier than 0:2.28-127.el8" id="oval:com.redhat.rhsa:tst:20204444369" version="637">
 <red-def:object object_ref="oval:com.redhat.rhsa:obj:20193513185"/>
 <red-def:state state_ref="oval:com.redhat.rhsa:ste:20204444001"/>
</red-def:rpminfo_test>
<red-def:rpminfo_test check="at least one" comment="glibc-langpack-ug is earlier than 0:2.28-127.el8" id="oval:com.redhat.rhsa:tst:20204444371" version="637">
 <red-def:object object_ref="oval:com.redhat.rhsa:obj:20193513186"/>
 <red-def:state state_ref="oval:com.redhat.rhsa:ste:20204444001"/>
</red-def:rpminfo_test>
<red-def:rpminfo_test check="at least one" comment="glibc-langpack-uk is earlier than 0:2.28-127.el8" id="oval:com.redhat.rhsa:tst:20204444373" version="637">
 <red-def:object object_ref="oval:com.redhat.rhsa:obj:20193513187"/>
 <red-def:state state_ref="oval:com.redhat.rhsa:ste:20204444001"/>
</red-def:rpminfo_test>
<red-def:rpminfo_test check="at least one" comment="glibc-langpack-unm is earlier than 0:2.28-127.el8" id="oval:com.redhat.rhsa:tst:20204444375" version="637">
 <red-def:object object_ref="oval:com.redhat.rhsa:obj:20193513188"/>
 <red-def:state state_ref="oval:com.redhat.rhsa:ste:20204444001"/>
</red-def:rpminfo_test>
<red-def:rpminfo_test check="at least one" comment="glibc-langpack-ur is earlier than 0:2.28-127.el8" id="oval:com.redhat.rhsa:tst:20204444377" version="637">
 <red-def:object object_ref="oval:com.redhat.rhsa:obj:20193513189"/>
 <red-def:state state_ref="oval:com.redhat.rhsa:ste:20204444001"/>
</red-def:rpminfo_test>
<red-def:rpminfo_test check="at least one" comment="glibc-langpack-uz is earlier than 0:2.28-127.el8" id="oval:com.redhat.rhsa:tst:20204444379" version="637">
 <red-def:object object_ref="oval:com.redhat.rhsa:obj:20193513190"/>
 <red-def:state state_ref="oval:com.redhat.rhsa:ste:20204444001"/>
</red-def:rpminfo_test>
<red-def:rpminfo_test check="at least one" comment="glibc-langpack-ve is earlier than 0:2.28-127.el8" id="oval:com.redhat.rhsa:tst:20204444381" version="637">
 <red-def:object object_ref="oval:com.redhat.rhsa:obj:20193513191"/>
 <red-def:state state_ref="oval:com.redhat.rhsa:ste:20204444001"/>
</red-def:rpminfo_test>
<red-def:rpminfo_test check="at least one" comment="glibc-langpack-vi is earlier than 0:2.28-127.el8" id="oval:com.redhat.rhsa:tst:20204444383" version="637">
 <red-def:object object_ref="oval:com.redhat.rhsa:obj:20193513192"/>
 <red-def:state state_ref="oval:com.redhat.rhsa:ste:20204444001"/>
</red-def:rpminfo_test>
<red-def:rpminfo_test check="at least one" comment="glibc-langpack-wa is earlier than 0:2.28-127.el8" id="oval:com.redhat.rhsa:tst:20204444385" version="637">
 <red-def:object object_ref="oval:com.redhat.rhsa:obj:20193513193"/>
 <red-def:state state_ref="oval:com.redhat.rhsa:ste:20204444001"/>
</red-def:rpminfo_test>
<red-def:rpminfo_test check="at least one" comment="glibc-langpack-wae is earlier than 0:2.28-127.el8" id="oval:com.redhat.rhsa:tst:20204444387" version="637">
 <red-def:object object_ref="oval:com.redhat.rhsa:obj:20193513194"/>
 <red-def:state state_ref="oval:com.redhat.rhsa:ste:20204444001"/>
</red-def:rpminfo_test>
<red-def:rpminfo_test check="at least one" comment="glibc-langpack-wal is earlier than 0:2.28-127.el8" id="oval:com.redhat.rhsa:tst:20204444389" version="637">
 <red-def:object object_ref="oval:com.redhat.rhsa:obj:20193513195"/>
 <red-def:state state_ref="oval:com.redhat.rhsa:ste:20204444001"/>
</red-def:rpminfo_test>
<red-def:rpminfo_test check="at least one" comment="glibc-langpack-wo is earlier than 0:2.28-127.el8" id="oval:com.redhat.rhsa:tst:20204444391" version="637">
 <red-def:object object_ref="oval:com.redhat.rhsa:obj:20193513196"/>
 <red-def:state state_ref="oval:com.redhat.rhsa:ste:20204444001"/>
</red-def:rpminfo_test>
<red-def:rpminfo_test check="at least one" comment="glibc-langpack-xh is earlier than 0:2.28-127.el8" id="oval:com.redhat.rhsa:tst:20204444393" version="637">
 <red-def:object object_ref="oval:com.redhat.rhsa:obj:20193513197"/>
 <red-def:state state_ref="oval:com.redhat.rhsa:ste:20204444001"/>
</red-def:rpminfo_test>
<red-def:rpminfo_test check="at least one" comment="glibc-langpack-yi is earlier than 0:2.28-127.el8" id="oval:com.redhat.rhsa:tst:20204444395" version="637">
 <red-def:object object_ref="oval:com.redhat.rhsa:obj:20193513198"/>
 <red-def:state state_ref="oval:com.redhat.rhsa:ste:20204444001"/>
</red-def:rpminfo_test>
<red-def:rpminfo_test check="at least one" comment="glibc-langpack-yo is earlier than 0:2.28-127.el8" id="oval:com.redhat.rhsa:tst:20204444397" version="637">
 <red-def:object object_ref="oval:com.redhat.rhsa:obj:20193513199"/>
 <red-def:state state_ref="oval:com.redhat.rhsa:ste:20204444001"/>
</red-def:rpminfo_test>
<red-def:rpminfo_test check="at least one" comment="glibc-langpack-yue is earlier than 0:2.28-127.el8" id="oval:com.redhat.rhsa:tst:20204444399" version="637">
 <red-def:object object_ref="oval:com.redhat.rhsa:obj:20193513200"/>
 <red-def:state state_ref="oval:com.redhat.rhsa:ste:20204444001"/>
</red-def:rpminfo_test>
<red-def:rpminfo_test check="at least one" comment="glibc-langpack-yuw is earlier than 0:2.28-127.el8" id="oval:com.redhat.rhsa:tst:20204444401" version="637">
 <red-def:object object_ref="oval:com.redhat.rhsa:obj:20193513201"/>
 <red-def:state state_ref="oval:com.redhat.rhsa:ste:20204444001"/>
</red-def:rpminfo_test>
<red-def:rpminfo_test check="at least one" comment="glibc-langpack-zh is earlier than 0:2.28-127.el8" id="oval:com.redhat.rhsa:tst:20204444403" version="637">
 <red-def:object object_ref="oval:com.redhat.rhsa:obj:20193513202"/>
 <red-def:state state_ref="oval:com.redhat.rhsa:ste:20204444001"/>
</red-def:rpminfo_test>
<red-def:rpminfo_test check="at least one" comment="glibc-langpack-zu is earlier than 0:2.28-127.el8" id="oval:com.redhat.rhsa:tst:20204444405" version="637">
 <red-def:object object_ref="oval:com.redhat.rhsa:obj:20193513203"/>
 <red-def:state state_ref="oval:com.redhat.rhsa:ste:20204444001"/>
</red-def:rpminfo_test>
<red-def:rpminfo_test check="at least one" comment="glibc-locale-source is earlier than 0:2.28-127.el8" id="oval:com.redhat.rhsa:tst:20204444407" version="637">
 <red-def:object object_ref="oval:com.redhat.rhsa:obj:20193513204"/>
 <red-def:state state_ref="oval:com.redhat.rhsa:ste:20204444001"/>
</red-def:rpminfo_test>
<red-def:rpminfo_test check="at least one" comment="glibc-minimal-langpack is earlier than 0:2.28-127.el8" id="oval:com.redhat.rhsa:tst:20204444409" version="637">
 <red-def:object object_ref="oval:com.redhat.rhsa:obj:20193513205"/>
 <red-def:state state_ref="oval:com.redhat.rhsa:ste:20204444001"/>
</red-def:rpminfo_test>
<red-def:rpminfo_test check="at least one" comment="glibc-nss-devel is earlier than 0:2.28-127.el8" id="oval:com.redhat.rhsa:tst:20204444411" version="637">
 <red-def:object object_ref="oval:com.redhat.rhsa:obj:20193513206"/>
 <red-def:state state_ref="oval:com.redhat.rhsa:ste:20204444003"/>
</red-def:rpminfo_test>
<red-def:rpminfo_test check="at least one" comment="glibc-static is earlier than 0:2.28-127.el8" id="oval:com.redhat.rhsa:tst:20204444413" version="637">
 <red-def:object object_ref="oval:com.redhat.rhsa:obj:20193513207"/>
 <red-def:state state_ref="oval:com.redhat.rhsa:ste:20204444003"/>
</red-def:rpminfo_test>
<red-def:rpminfo_test check="at least one" comment="glibc-utils is earlier than 0:2.28-127.el8" id="oval:com.redhat.rhsa:tst:20204444415" version="637">
 <red-def:object object_ref="oval:com.redhat.rhsa:obj:20193513208"/>
 <red-def:state state_ref="oval:com.redhat.rhsa:ste:20204444001"/>
</red-def:rpminfo_test>
<red-def:rpminfo_test check="at least one" comment="libnsl is earlier than 0:2.28-127.el8" id="oval:com.redhat.rhsa:tst:20204444417" version="637">
 <red-def:object object_ref="oval:com.redhat.rhsa:obj:20193513209"/>
 <red-def:state state_ref="oval:com.redhat.rhsa:ste:20204444003"/>
</red-def:rpminfo_test>
<red-def:rpminfo_test check="at least one" comment="nscd is earlier than 0:2.28-127.el8" id="oval:com.redhat.rhsa:tst:20204444419" version="637">
 <red-def:object object_ref="oval:com.redhat.rhsa:obj:20193513210"/>
 <red-def:state state_ref="oval:com.redhat.rhsa:ste:20204444001"/>
</red-def:rpminfo_test>
<red-def:rpminfo_test check="at least one" comment="nss_db is earlier than 0:2.28-127.el8" id="oval:com.redhat.rhsa:tst:20204444421" version="637">
 <red-def:object object_ref="oval:com.redhat.rhsa:obj:20193513211"/>
 <red-def:state state_ref="oval:com.redhat.rhsa:ste:20204444003"/>
</red-def:rpminfo_test>
<red-def:rpminfo_test check="at least one" comment="nss_hesiod is earlier than 0:2.28-127.el8" id="oval:com.redhat.rhsa:tst:20204444423" version="637">
 <red-def:object object_ref="oval:com.redhat.rhsa:obj:20193513212"/>
 <red-def:state state_ref="oval:com.redhat.rhsa:ste:20204444003"/>
</red-def:rpminfo_test>
<red-def:rpminfo_test check="at least one" comment="librabbitmq is earlier than 0:0.9.0-2.el8" id="oval:com.redhat.rhsa:tst:20204445001" version="636">
 <red-def:object object_ref="oval:com.redhat.rhsa:obj:20204445001"/>
 <red-def:state state_ref="oval:com.redhat.rhsa:ste:20204445001"/>
</red-def:rpminfo_test>
<red-def:rpminfo_test check="at least one" comment="librabbitmq is signed with Red Hat redhatrelease2 key" id="oval:com.redhat.rhsa:tst:20204445002" version="636">
 <red-def:object object_ref="oval:com.redhat.rhsa:obj:20204445001"/>
 <red-def:state state_ref="oval:com.redhat.rhba:ste:20191992002"/>
</red-def:rpminfo_test>
<red-def:rpminfo_test check="at least one" comment="librabbitmq-devel is earlier than 0:0.9.0-2.el8" id="oval:com.redhat.rhsa:tst:20204445003" version="636">
 <red-def:object object_ref="oval:com.redhat.rhsa:obj:20204445002"/>
 <red-def:state state_ref="oval:com.redhat.rhsa:ste:20204445001"/>
</red-def:rpminfo_test>
<red-def:rpminfo_test check="at least one" comment="librabbitmq-devel is signed with Red Hat redhatrelease2 key" id="oval:com.redhat.rhsa:tst:20204445004" version="636">
 <red-def:object object_ref="oval:com.redhat.rhsa:obj:20204445002"/>
 <red-def:state state_ref="oval:com.redhat.rhba:ste:20191992002"/>
</red-def:rpminfo_test>
<red-def:rpminfo_test check="at least one" comment="webkit2gtk3 is earlier than 0:2.28.4-1.el8" id="oval:com.redhat.rhsa:tst:20204451001" version="640">
 <red-def:object object_ref="oval:com.redhat.rhea:obj:20194262001"/>
 <red-def:state state_ref="oval:com.redhat.rhsa:ste:20204451001"/>
</red-def:rpminfo_test>
<red-def:rpminfo_test check="at least one" comment="webkit2gtk3-devel is earlier than 0:2.28.4-1.el8" id="oval:com.redhat.rhsa:tst:20204451003" version="640">
 <red-def:object object_ref="oval:com.redhat.rhea:obj:20194262002"/>
 <red-def:state state_ref="oval:com.redhat.rhsa:ste:20204451001"/>
</red-def:rpminfo_test>
<red-def:rpminfo_test check="at least one" comment="webkit2gtk3-jsc is earlier than 0:2.28.4-1.el8" id="oval:com.redhat.rhsa:tst:20204451005" version="640">
 <red-def:object object_ref="oval:com.redhat.rhea:obj:20194262003"/>
 <red-def:state state_ref="oval:com.redhat.rhsa:ste:20204451001"/>
</red-def:rpminfo_test>
<red-def:rpminfo_test check="at least one" comment="webkit2gtk3-jsc-devel is earlier than 0:2.28.4-1.el8" id="oval:com.redhat.rhsa:tst:20204451007" version="640">
 <red-def:object object_ref="oval:com.redhat.rhea:obj:20194262004"/>
 <red-def:state state_ref="oval:com.redhat.rhsa:ste:20204451001"/>
</red-def:rpminfo_test>
<red-def:rpminfo_test check="at least one" comment="LibRaw is earlier than 0:0.19.5-2.el8" id="oval:com.redhat.rhsa:tst:20204451009" version="640">
 <red-def:object object_ref="oval:com.redhat.rhsa:obj:20201766013"/>
 <red-def:state state_ref="oval:com.redhat.rhsa:ste:20204451003"/>
</red-def:rpminfo_test>
<red-def:rpminfo_test check="at least one" comment="LibRaw-devel is earlier than 0:0.19.5-2.el8" id="oval:com.redhat.rhsa:tst:20204451011" version="640">
 <red-def:object object_ref="oval:com.redhat.rhsa:obj:20201766014"/>
 <red-def:state state_ref="oval:com.redhat.rhsa:ste:20204451003"/>
</red-def:rpminfo_test>
<red-def:rpminfo_test check="at least one" comment="gnome-settings-daemon is earlier than 0:3.32.0-11.el8" id="oval:com.redhat.rhsa:tst:20204451013" version="640">
 <red-def:object object_ref="oval:com.redhat.rhsa:obj:20193553024"/>
 <red-def:state state_ref="oval:com.redhat.rhsa:ste:20204451004"/>
</red-def:rpminfo_test>
<red-def:rpminfo_test check="at least one" comment="vim-X11 is earlier than 2:8.0.1763-15.el8" id="oval:com.redhat.rhsa:tst:20204453001" version="636">
 <red-def:object object_ref="oval:com.redhat.rhsa:obj:20191619001"/>
 <red-def:state state_ref="oval:com.redhat.rhsa:ste:20204453001"/>
</red-def:rpminfo_test>
<red-def:rpminfo_test check="at least one" comment="vim-common is earlier than 2:8.0.1763-15.el8" id="oval:com.redhat.rhsa:tst:20204453003" version="636">
 <red-def:object object_ref="oval:com.redhat.rhsa:obj:20191619002"/>
 <red-def:state state_ref="oval:com.redhat.rhsa:ste:20204453001"/>
</red-def:rpminfo_test>
<red-def:rpminfo_test check="at least one" comment="vim-enhanced is earlier than 2:8.0.1763-15.el8" id="oval:com.redhat.rhsa:tst:20204453005" version="636">
 <red-def:object object_ref="oval:com.redhat.rhsa:obj:20191619003"/>
 <red-def:state state_ref="oval:com.redhat.rhsa:ste:20204453001"/>
</red-def:rpminfo_test>
<red-def:rpminfo_test check="at least one" comment="vim-filesystem is earlier than 2:8.0.1763-15.el8" id="oval:com.redhat.rhsa:tst:20204453007" version="636">
 <red-def:object object_ref="oval:com.redhat.rhsa:obj:20191619004"/>
 <red-def:state state_ref="oval:com.redhat.rhsa:ste:20204453003"/>
</red-def:rpminfo_test>
<red-def:rpminfo_test check="at least one" comment="vim-minimal is earlier than 2:8.0.1763-15.el8" id="oval:com.redhat.rhsa:tst:20204453009" version="636">
 <red-def:object object_ref="oval:com.redhat.rhsa:obj:20191619005"/>
 <red-def:state state_ref="oval:com.redhat.rhsa:ste:20204453001"/>
</red-def:rpminfo_test>
<red-def:rpminfo_test check="at least one" comment="libxslt is earlier than 0:1.1.32-5.el8" id="oval:com.redhat.rhsa:tst:20204464001" version="635">
 <red-def:object object_ref="oval:com.redhat.rhsa:obj:20201766043"/>
 <red-def:state state_ref="oval:com.redhat.rhsa:ste:20204464001"/>
</red-def:rpminfo_test>
<red-def:rpminfo_test check="at least one" comment="libxslt-devel is earlier than 0:1.1.32-5.el8" id="oval:com.redhat.rhsa:tst:20204464003" version="635">
 <red-def:object object_ref="oval:com.redhat.rhsa:obj:20201766044"/>
 <red-def:state state_ref="oval:com.redhat.rhsa:ste:20204464001"/>
</red-def:rpminfo_test>
<red-def:rpminfo_test check="at least one" comment="binutils is earlier than 0:2.30-79.el8" id="oval:com.redhat.rhsa:tst:20204465001" version="637">
 <red-def:object object_ref="oval:com.redhat.rhsa:obj:20201797001"/>
 <red-def:state state_ref="oval:com.redhat.rhsa:ste:20204465001"/>
</red-def:rpminfo_test>
<red-def:rpminfo_test check="at least one" comment="binutils-devel is earlier than 0:2.30-79.el8" id="oval:com.redhat.rhsa:tst:20204465003" version="637">
 <red-def:object object_ref="oval:com.redhat.rhsa:obj:20201797002"/>
 <red-def:state state_ref="oval:com.redhat.rhsa:ste:20204465003"/>
</red-def:rpminfo_test>
<red-def:rpminfo_test check="at least one" comment="cups is earlier than 1:2.2.6-38.el8" id="oval:com.redhat.rhsa:tst:20204469001" version="637">
 <red-def:object object_ref="oval:com.redhat.rhsa:obj:20201765001"/>
 <red-def:state state_ref="oval:com.redhat.rhsa:ste:20204469001"/>
</red-def:rpminfo_test>
<red-def:rpminfo_test check="at least one" comment="cups-client is earlier than 1:2.2.6-38.el8" id="oval:com.redhat.rhsa:tst:20204469003" version="637">
 <red-def:object object_ref="oval:com.redhat.rhsa:obj:20201765002"/>
 <red-def:state state_ref="oval:com.redhat.rhsa:ste:20204469001"/>
</red-def:rpminfo_test>
<red-def:rpminfo_test check="at least one" comment="cups-devel is earlier than 1:2.2.6-38.el8" id="oval:com.redhat.rhsa:tst:20204469005" version="637">
 <red-def:object object_ref="oval:com.redhat.rhsa:obj:20201765003"/>
 <red-def:state state_ref="oval:com.redhat.rhsa:ste:20204469003"/>
</red-def:rpminfo_test>
<red-def:rpminfo_test check="at least one" comment="cups-filesystem is earlier than 1:2.2.6-38.el8" id="oval:com.redhat.rhsa:tst:20204469007" version="637">
 <red-def:object object_ref="oval:com.redhat.rhsa:obj:20201765004"/>
 <red-def:state state_ref="oval:com.redhat.rhsa:ste:20204469004"/>
</red-def:rpminfo_test>
<red-def:rpminfo_test check="at least one" comment="cups-ipptool is earlier than 1:2.2.6-38.el8" id="oval:com.redhat.rhsa:tst:20204469009" version="637">
 <red-def:object object_ref="oval:com.redhat.rhsa:obj:20201765005"/>
 <red-def:state state_ref="oval:com.redhat.rhsa:ste:20204469001"/>
</red-def:rpminfo_test>
<red-def:rpminfo_test check="at least one" comment="cups-libs is earlier than 1:2.2.6-38.el8" id="oval:com.redhat.rhsa:tst:20204469011" version="637">
 <red-def:object object_ref="oval:com.redhat.rhsa:obj:20201765006"/>
 <red-def:state state_ref="oval:com.redhat.rhsa:ste:20204469003"/>
</red-def:rpminfo_test>
<red-def:rpminfo_test check="at least one" comment="cups-lpd is earlier than 1:2.2.6-38.el8" id="oval:com.redhat.rhsa:tst:20204469013" version="637">
 <red-def:object object_ref="oval:com.redhat.rhsa:obj:20201765007"/>
 <red-def:state state_ref="oval:com.redhat.rhsa:ste:20204469001"/>
</red-def:rpminfo_test>
<red-def:rpminfo_test check="at least one" comment="libxml2 is earlier than 0:2.9.7-8.el8" id="oval:com.redhat.rhsa:tst:20204479001" version="637">
 <red-def:object object_ref="oval:com.redhat.rhsa:obj:20201827001"/>
 <red-def:state state_ref="oval:com.redhat.rhsa:ste:20204479001"/>
</red-def:rpminfo_test>
<red-def:rpminfo_test check="at least one" comment="libxml2-devel is earlier than 0:2.9.7-8.el8" id="oval:com.redhat.rhsa:tst:20204479003" version="637">
 <red-def:object object_ref="oval:com.redhat.rhsa:obj:20201827002"/>
 <red-def:state state_ref="oval:com.redhat.rhsa:ste:20204479001"/>
</red-def:rpminfo_test>
<red-def:rpminfo_test check="at least one" comment="python3-libxml2 is earlier than 0:2.9.7-8.el8" id="oval:com.redhat.rhsa:tst:20204479005" version="637">
 <red-def:object object_ref="oval:com.redhat.rhsa:obj:20201827003"/>
 <red-def:state state_ref="oval:com.redhat.rhsa:ste:20204479003"/>
</red-def:rpminfo_test>
<red-def:rpminfo_test check="at least one" comment="bluez is earlier than 0:5.50-4.el8" id="oval:com.redhat.rhsa:tst:20204481001" version="637">
 <red-def:object object_ref="oval:com.redhat.rhsa:obj:20201912001"/>
 <red-def:state state_ref="oval:com.redhat.rhsa:ste:20204481001"/>
</red-def:rpminfo_test>
<red-def:rpminfo_test check="at least one" comment="bluez-cups is earlier than 0:5.50-4.el8" id="oval:com.redhat.rhsa:tst:20204481003" version="637">
 <red-def:object object_ref="oval:com.redhat.rhsa:obj:20201912002"/>
 <red-def:state state_ref="oval:com.redhat.rhsa:ste:20204481001"/>
</red-def:rpminfo_test>
<red-def:rpminfo_test check="at least one" comment="bluez-hid2hci is earlier than 0:5.50-4.el8" id="oval:com.redhat.rhsa:tst:20204481005" version="637">
 <red-def:object object_ref="oval:com.redhat.rhsa:obj:20201912003"/>
 <red-def:state state_ref="oval:com.redhat.rhsa:ste:20204481001"/>
</red-def:rpminfo_test>
<red-def:rpminfo_test check="at least one" comment="bluez-libs is earlier than 0:5.50-4.el8" id="oval:com.redhat.rhsa:tst:20204481007" version="637">
 <red-def:object object_ref="oval:com.redhat.rhsa:obj:20201912004"/>
 <red-def:state state_ref="oval:com.redhat.rhsa:ste:20204481003"/>
</red-def:rpminfo_test>
<red-def:rpminfo_test check="at least one" comment="bluez-libs-devel is earlier than 0:5.50-4.el8" id="oval:com.redhat.rhsa:tst:20204481009" version="637">
 <red-def:object object_ref="oval:com.redhat.rhsa:obj:20201912005"/>
 <red-def:state state_ref="oval:com.redhat.rhsa:ste:20204481003"/>
</red-def:rpminfo_test>
<red-def:rpminfo_test check="at least one" comment="bluez-obexd is earlier than 0:5.50-4.el8" id="oval:com.redhat.rhsa:tst:20204481011" version="637">
 <red-def:object object_ref="oval:com.redhat.rhsa:obj:20201912006"/>
 <red-def:state state_ref="oval:com.redhat.rhsa:ste:20204481001"/>
</red-def:rpminfo_test>
<red-def:rpminfo_test check="at least one" comment="libgcrypt is earlier than 0:1.8.5-4.el8" id="oval:com.redhat.rhsa:tst:20204482001" version="636">
 <red-def:object object_ref="oval:com.redhat.rhsa:obj:20204482001"/>
 <red-def:state state_ref="oval:com.redhat.rhsa:ste:20204482001"/>
</red-def:rpminfo_test>
<red-def:rpminfo_test check="at least one" comment="libgcrypt is signed with Red Hat redhatrelease2 key" id="oval:com.redhat.rhsa:tst:20204482002" version="636">
 <red-def:object object_ref="oval:com.redhat.rhsa:obj:20204482001"/>
 <red-def:state state_ref="oval:com.redhat.rhba:ste:20191992002"/>
</red-def:rpminfo_test>
<red-def:rpminfo_test check="at least one" comment="libgcrypt-devel is earlier than 0:1.8.5-4.el8" id="oval:com.redhat.rhsa:tst:20204482003" version="636">
 <red-def:object object_ref="oval:com.redhat.rhsa:obj:20204482002"/>
 <red-def:state state_ref="oval:com.redhat.rhsa:ste:20204482001"/>
</red-def:rpminfo_test>
<red-def:rpminfo_test check="at least one" comment="libgcrypt-devel is signed with Red Hat redhatrelease2 key" id="oval:com.redhat.rhsa:tst:20204482004" version="636">
 <red-def:object object_ref="oval:com.redhat.rhsa:obj:20204482002"/>
 <red-def:state state_ref="oval:com.redhat.rhba:ste:20191992002"/>
</red-def:rpminfo_test>
<red-def:rpminfo_test check="at least one" comment="opensc is earlier than 0:0.20.0-2.el8" id="oval:com.redhat.rhsa:tst:20204483001" version="637">
 <red-def:object object_ref="oval:com.redhat.rhsa:obj:20204483001"/>
 <red-def:state state_ref="oval:com.redhat.rhsa:ste:20204483001"/>
</red-def:rpminfo_test>
<red-def:rpminfo_test check="at least one" comment="opensc is signed with Red Hat redhatrelease2 key" id="oval:com.redhat.rhsa:tst:20204483002" version="637">
 <red-def:object object_ref="oval:com.redhat.rhsa:obj:20204483001"/>
 <red-def:state state_ref="oval:com.redhat.rhba:ste:20191992002"/>
</red-def:rpminfo_test>
<red-def:rpminfo_test check="at least one" comment="expat is earlier than 0:2.2.5-4.el8" id="oval:com.redhat.rhsa:tst:20204484001" version="635">
 <red-def:object object_ref="oval:com.redhat.rhsa:obj:20204484001"/>
 <red-def:state state_ref="oval:com.redhat.rhsa:ste:20204484001"/>
</red-def:rpminfo_test>
<red-def:rpminfo_test check="at least one" comment="expat is signed with Red Hat redhatrelease2 key" id="oval:com.redhat.rhsa:tst:20204484002" version="635">
 <red-def:object object_ref="oval:com.redhat.rhsa:obj:20204484001"/>
 <red-def:state state_ref="oval:com.redhat.rhba:ste:20191992002"/>
</red-def:rpminfo_test>
<red-def:rpminfo_test check="at least one" comment="expat-devel is earlier than 0:2.2.5-4.el8" id="oval:com.redhat.rhsa:tst:20204484003" version="635">
 <red-def:object object_ref="oval:com.redhat.rhsa:obj:20204484002"/>
 <red-def:state state_ref="oval:com.redhat.rhsa:ste:20204484001"/>
</red-def:rpminfo_test>
<red-def:rpminfo_test check="at least one" comment="expat-devel is signed with Red Hat redhatrelease2 key" id="oval:com.redhat.rhsa:tst:20204484004" version="635">
 <red-def:object object_ref="oval:com.redhat.rhsa:obj:20204484002"/>
 <red-def:state state_ref="oval:com.redhat.rhba:ste:20191992002"/>
</red-def:rpminfo_test>
<red-def:rpminfo_test check="at least one" comment="gnupg2 is earlier than 0:2.2.20-2.el8" id="oval:com.redhat.rhsa:tst:20204490001" version="635">
 <red-def:object object_ref="oval:com.redhat.rhsa:obj:20204490001"/>
 <red-def:state state_ref="oval:com.redhat.rhsa:ste:20204490001"/>
</red-def:rpminfo_test>
<red-def:rpminfo_test check="at least one" comment="gnupg2 is signed with Red Hat redhatrelease2 key" id="oval:com.redhat.rhsa:tst:20204490002" version="635">
 <red-def:object object_ref="oval:com.redhat.rhsa:obj:20204490001"/>
 <red-def:state state_ref="oval:com.redhat.rhba:ste:20191992002"/>
</red-def:rpminfo_test>
<red-def:rpminfo_test check="at least one" comment="gnupg2-smime is earlier than 0:2.2.20-2.el8" id="oval:com.redhat.rhsa:tst:20204490003" version="635">
 <red-def:object object_ref="oval:com.redhat.rhsa:obj:20204490002"/>
 <red-def:state state_ref="oval:com.redhat.rhsa:ste:20204490001"/>
</red-def:rpminfo_test>
<red-def:rpminfo_test check="at least one" comment="gnupg2-smime is signed with Red Hat redhatrelease2 key" id="oval:com.redhat.rhsa:tst:20204490004" version="635">
 <red-def:object object_ref="oval:com.redhat.rhsa:obj:20204490002"/>
 <red-def:state state_ref="oval:com.redhat.rhba:ste:20191992002"/>
</red-def:rpminfo_test>
<red-def:rpminfo_test check="at least one" comment="cyrus-sasl is earlier than 0:2.1.27-5.el8" id="oval:com.redhat.rhsa:tst:20204497001" version="637">
 <red-def:object object_ref="oval:com.redhat.rhsa:obj:20204497001"/>
 <red-def:state state_ref="oval:com.redhat.rhsa:ste:20204497001"/>
</red-def:rpminfo_test>
<red-def:rpminfo_test check="at least one" comment="cyrus-sasl is signed with Red Hat redhatrelease2 key" id="oval:com.redhat.rhsa:tst:20204497002" version="637">
 <red-def:object object_ref="oval:com.redhat.rhsa:obj:20204497001"/>
 <red-def:state state_ref="oval:com.redhat.rhba:ste:20191992002"/>
</red-def:rpminfo_test>
<red-def:rpminfo_test check="at least one" comment="cyrus-sasl-devel is earlier than 0:2.1.27-5.el8" id="oval:com.redhat.rhsa:tst:20204497003" version="637">
 <red-def:object object_ref="oval:com.redhat.rhsa:obj:20204497002"/>
 <red-def:state state_ref="oval:com.redhat.rhsa:ste:20204497001"/>
</red-def:rpminfo_test>
<red-def:rpminfo_test check="at least one" comment="cyrus-sasl-devel is signed with Red Hat redhatrelease2 key" id="oval:com.redhat.rhsa:tst:20204497004" version="637">
 <red-def:object object_ref="oval:com.redhat.rhsa:obj:20204497002"/>
 <red-def:state state_ref="oval:com.redhat.rhba:ste:20191992002"/>
</red-def:rpminfo_test>
<red-def:rpminfo_test check="at least one" comment="cyrus-sasl-gs2 is earlier than 0:2.1.27-5.el8" id="oval:com.redhat.rhsa:tst:20204497005" version="637">
 <red-def:object object_ref="oval:com.redhat.rhsa:obj:20204497003"/>
 <red-def:state state_ref="oval:com.redhat.rhsa:ste:20204497001"/>
</red-def:rpminfo_test>
<red-def:rpminfo_test check="at least one" comment="cyrus-sasl-gs2 is signed with Red Hat redhatrelease2 key" id="oval:com.redhat.rhsa:tst:20204497006" version="637">
 <red-def:object object_ref="oval:com.redhat.rhsa:obj:20204497003"/>
 <red-def:state state_ref="oval:com.redhat.rhba:ste:20191992002"/>
</red-def:rpminfo_test>
<red-def:rpminfo_test check="at least one" comment="cyrus-sasl-gssapi is earlier than 0:2.1.27-5.el8" id="oval:com.redhat.rhsa:tst:20204497007" version="637">
 <red-def:object object_ref="oval:com.redhat.rhsa:obj:20204497004"/>
 <red-def:state state_ref="oval:com.redhat.rhsa:ste:20204497001"/>
</red-def:rpminfo_test>
<red-def:rpminfo_test check="at least one" comment="cyrus-sasl-gssapi is signed with Red Hat redhatrelease2 key" id="oval:com.redhat.rhsa:tst:20204497008" version="637">
 <red-def:object object_ref="oval:com.redhat.rhsa:obj:20204497004"/>
 <red-def:state state_ref="oval:com.redhat.rhba:ste:20191992002"/>
</red-def:rpminfo_test>
<red-def:rpminfo_test check="at least one" comment="cyrus-sasl-ldap is earlier than 0:2.1.27-5.el8" id="oval:com.redhat.rhsa:tst:20204497009" version="637">
 <red-def:object object_ref="oval:com.redhat.rhsa:obj:20204497005"/>
 <red-def:state state_ref="oval:com.redhat.rhsa:ste:20204497001"/>
</red-def:rpminfo_test>
<red-def:rpminfo_test check="at least one" comment="cyrus-sasl-ldap is signed with Red Hat redhatrelease2 key" id="oval:com.redhat.rhsa:tst:20204497010" version="637">
 <red-def:object object_ref="oval:com.redhat.rhsa:obj:20204497005"/>
 <red-def:state state_ref="oval:com.redhat.rhba:ste:20191992002"/>
</red-def:rpminfo_test>
<red-def:rpminfo_test check="at least one" comment="cyrus-sasl-lib is earlier than 0:2.1.27-5.el8" id="oval:com.redhat.rhsa:tst:20204497011" version="637">
 <red-def:object object_ref="oval:com.redhat.rhsa:obj:20204497006"/>
 <red-def:state state_ref="oval:com.redhat.rhsa:ste:20204497001"/>
</red-def:rpminfo_test>
<red-def:rpminfo_test check="at least one" comment="cyrus-sasl-lib is signed with Red Hat redhatrelease2 key" id="oval:com.redhat.rhsa:tst:20204497012" version="637">
 <red-def:object object_ref="oval:com.redhat.rhsa:obj:20204497006"/>
 <red-def:state state_ref="oval:com.redhat.rhba:ste:20191992002"/>
</red-def:rpminfo_test>
<red-def:rpminfo_test check="at least one" comment="cyrus-sasl-md5 is earlier than 0:2.1.27-5.el8" id="oval:com.redhat.rhsa:tst:20204497013" version="637">
 <red-def:object object_ref="oval:com.redhat.rhsa:obj:20204497007"/>
 <red-def:state state_ref="oval:com.redhat.rhsa:ste:20204497001"/>
</red-def:rpminfo_test>
<red-def:rpminfo_test check="at least one" comment="cyrus-sasl-md5 is signed with Red Hat redhatrelease2 key" id="oval:com.redhat.rhsa:tst:20204497014" version="637">
 <red-def:object object_ref="oval:com.redhat.rhsa:obj:20204497007"/>
 <red-def:state state_ref="oval:com.redhat.rhba:ste:20191992002"/>
</red-def:rpminfo_test>
<red-def:rpminfo_test check="at least one" comment="cyrus-sasl-ntlm is earlier than 0:2.1.27-5.el8" id="oval:com.redhat.rhsa:tst:20204497015" version="637">
 <red-def:object object_ref="oval:com.redhat.rhsa:obj:20204497008"/>
 <red-def:state state_ref="oval:com.redhat.rhsa:ste:20204497001"/>
</red-def:rpminfo_test>
<red-def:rpminfo_test check="at least one" comment="cyrus-sasl-ntlm is signed with Red Hat redhatrelease2 key" id="oval:com.redhat.rhsa:tst:20204497016" version="637">
 <red-def:object object_ref="oval:com.redhat.rhsa:obj:20204497008"/>
 <red-def:state state_ref="oval:com.redhat.rhba:ste:20191992002"/>
</red-def:rpminfo_test>
<red-def:rpminfo_test check="at least one" comment="cyrus-sasl-plain is earlier than 0:2.1.27-5.el8" id="oval:com.redhat.rhsa:tst:20204497017" version="637">
 <red-def:object object_ref="oval:com.redhat.rhsa:obj:20204497009"/>
 <red-def:state state_ref="oval:com.redhat.rhsa:ste:20204497001"/>
</red-def:rpminfo_test>
<red-def:rpminfo_test check="at least one" comment="cyrus-sasl-plain is signed with Red Hat redhatrelease2 key" id="oval:com.redhat.rhsa:tst:20204497018" version="637">
 <red-def:object object_ref="oval:com.redhat.rhsa:obj:20204497009"/>
 <red-def:state state_ref="oval:com.redhat.rhba:ste:20191992002"/>
</red-def:rpminfo_test>
<red-def:rpminfo_test check="at least one" comment="cyrus-sasl-scram is earlier than 0:2.1.27-5.el8" id="oval:com.redhat.rhsa:tst:20204497019" version="637">
 <red-def:object object_ref="oval:com.redhat.rhsa:obj:20204497010"/>
 <red-def:state state_ref="oval:com.redhat.rhsa:ste:20204497001"/>
</red-def:rpminfo_test>
<red-def:rpminfo_test check="at least one" comment="cyrus-sasl-scram is signed with Red Hat redhatrelease2 key" id="oval:com.redhat.rhsa:tst:20204497020" version="637">
 <red-def:object object_ref="oval:com.redhat.rhsa:obj:20204497010"/>
 <red-def:state state_ref="oval:com.redhat.rhba:ste:20191992002"/>
</red-def:rpminfo_test>
<red-def:rpminfo_test check="at least one" comment="cyrus-sasl-sql is earlier than 0:2.1.27-5.el8" id="oval:com.redhat.rhsa:tst:20204497021" version="637">
 <red-def:object object_ref="oval:com.redhat.rhsa:obj:20204497011"/>
 <red-def:state state_ref="oval:com.redhat.rhsa:ste:20204497001"/>
</red-def:rpminfo_test>
<red-def:rpminfo_test check="at least one" comment="cyrus-sasl-sql is signed with Red Hat redhatrelease2 key" id="oval:com.redhat.rhsa:tst:20204497022" version="637">
 <red-def:object object_ref="oval:com.redhat.rhsa:obj:20204497011"/>
 <red-def:state state_ref="oval:com.redhat.rhba:ste:20191992002"/>
</red-def:rpminfo_test>
<red-def:rpminfo_test check="at least one" comment="bind is earlier than 32:9.11.20-5.el8" id="oval:com.redhat.rhsa:tst:20204500001" version="637">
 <red-def:object object_ref="oval:com.redhat.rhsa:obj:20191145001"/>
 <red-def:state state_ref="oval:com.redhat.rhsa:ste:20204500001"/>
</red-def:rpminfo_test>
<red-def:rpminfo_test check="at least one" comment="bind-chroot is earlier than 32:9.11.20-5.el8" id="oval:com.redhat.rhsa:tst:20204500003" version="637">
 <red-def:object object_ref="oval:com.redhat.rhsa:obj:20191145002"/>
 <red-def:state state_ref="oval:com.redhat.rhsa:ste:20204500001"/>
</red-def:rpminfo_test>
<red-def:rpminfo_test check="at least one" comment="bind-devel is earlier than 32:9.11.20-5.el8" id="oval:com.redhat.rhsa:tst:20204500005" version="637">
 <red-def:object object_ref="oval:com.redhat.rhsa:obj:20191145003"/>
 <red-def:state state_ref="oval:com.redhat.rhsa:ste:20204500003"/>
</red-def:rpminfo_test>
<red-def:rpminfo_test check="at least one" comment="bind-export-devel is earlier than 32:9.11.20-5.el8" id="oval:com.redhat.rhsa:tst:20204500007" version="637">
 <red-def:object object_ref="oval:com.redhat.rhsa:obj:20191145004"/>
 <red-def:state state_ref="oval:com.redhat.rhsa:ste:20204500003"/>
</red-def:rpminfo_test>
<red-def:rpminfo_test check="at least one" comment="bind-export-libs is earlier than 32:9.11.20-5.el8" id="oval:com.redhat.rhsa:tst:20204500009" version="637">
 <red-def:object object_ref="oval:com.redhat.rhsa:obj:20191145005"/>
 <red-def:state state_ref="oval:com.redhat.rhsa:ste:20204500003"/>
</red-def:rpminfo_test>
<red-def:rpminfo_test check="at least one" comment="bind-libs is earlier than 32:9.11.20-5.el8" id="oval:com.redhat.rhsa:tst:20204500011" version="637">
 <red-def:object object_ref="oval:com.redhat.rhsa:obj:20191145006"/>
 <red-def:state state_ref="oval:com.redhat.rhsa:ste:20204500003"/>
</red-def:rpminfo_test>
<red-def:rpminfo_test check="at least one" comment="bind-libs-lite is earlier than 32:9.11.20-5.el8" id="oval:com.redhat.rhsa:tst:20204500013" version="637">
 <red-def:object object_ref="oval:com.redhat.rhsa:obj:20191145007"/>
 <red-def:state state_ref="oval:com.redhat.rhsa:ste:20204500003"/>
</red-def:rpminfo_test>
<red-def:rpminfo_test check="at least one" comment="bind-license is earlier than 32:9.11.20-5.el8" id="oval:com.redhat.rhsa:tst:20204500015" version="637">
 <red-def:object object_ref="oval:com.redhat.rhsa:obj:20191145008"/>
 <red-def:state state_ref="oval:com.redhat.rhsa:ste:20204500004"/>
</red-def:rpminfo_test>
<red-def:rpminfo_test check="at least one" comment="bind-lite-devel is earlier than 32:9.11.20-5.el8" id="oval:com.redhat.rhsa:tst:20204500017" version="637">
 <red-def:object object_ref="oval:com.redhat.rhsa:obj:20191145009"/>
 <red-def:state state_ref="oval:com.redhat.rhsa:ste:20204500003"/>
</red-def:rpminfo_test>
<red-def:rpminfo_test check="at least one" comment="bind-pkcs11 is earlier than 32:9.11.20-5.el8" id="oval:com.redhat.rhsa:tst:20204500019" version="637">
 <red-def:object object_ref="oval:com.redhat.rhsa:obj:20191145010"/>
 <red-def:state state_ref="oval:com.redhat.rhsa:ste:20204500001"/>
</red-def:rpminfo_test>
<red-def:rpminfo_test check="at least one" comment="bind-pkcs11-devel is earlier than 32:9.11.20-5.el8" id="oval:com.redhat.rhsa:tst:20204500021" version="637">
 <red-def:object object_ref="oval:com.redhat.rhsa:obj:20191145011"/>
 <red-def:state state_ref="oval:com.redhat.rhsa:ste:20204500003"/>
</red-def:rpminfo_test>
<red-def:rpminfo_test check="at least one" comment="bind-pkcs11-libs is earlier than 32:9.11.20-5.el8" id="oval:com.redhat.rhsa:tst:20204500023" version="637">
 <red-def:object object_ref="oval:com.redhat.rhsa:obj:20191145012"/>
 <red-def:state state_ref="oval:com.redhat.rhsa:ste:20204500003"/>
</red-def:rpminfo_test>
<red-def:rpminfo_test check="at least one" comment="bind-pkcs11-utils is earlier than 32:9.11.20-5.el8" id="oval:com.redhat.rhsa:tst:20204500025" version="637">
 <red-def:object object_ref="oval:com.redhat.rhsa:obj:20191145013"/>
 <red-def:state state_ref="oval:com.redhat.rhsa:ste:20204500001"/>
</red-def:rpminfo_test>
<red-def:rpminfo_test check="at least one" comment="bind-sdb is earlier than 32:9.11.20-5.el8" id="oval:com.redhat.rhsa:tst:20204500027" version="637">
 <red-def:object object_ref="oval:com.redhat.rhsa:obj:20191145014"/>
 <red-def:state state_ref="oval:com.redhat.rhsa:ste:20204500001"/>
</red-def:rpminfo_test>
<red-def:rpminfo_test check="at least one" comment="bind-sdb-chroot is earlier than 32:9.11.20-5.el8" id="oval:com.redhat.rhsa:tst:20204500029" version="637">
 <red-def:object object_ref="oval:com.redhat.rhsa:obj:20191145015"/>
 <red-def:state state_ref="oval:com.redhat.rhsa:ste:20204500001"/>
</red-def:rpminfo_test>
<red-def:rpminfo_test check="at least one" comment="bind-utils is earlier than 32:9.11.20-5.el8" id="oval:com.redhat.rhsa:tst:20204500031" version="637">
 <red-def:object object_ref="oval:com.redhat.rhsa:obj:20191145016"/>
 <red-def:state state_ref="oval:com.redhat.rhsa:ste:20204500001"/>
</red-def:rpminfo_test>
<red-def:rpminfo_test check="at least one" comment="python3-bind is earlier than 32:9.11.20-5.el8" id="oval:com.redhat.rhsa:tst:20204500033" version="637">
 <red-def:object object_ref="oval:com.redhat.rhsa:obj:20191145017"/>
 <red-def:state state_ref="oval:com.redhat.rhsa:ste:20204500004"/>
</red-def:rpminfo_test>
<red-def:rpminfo_test check="at least one" comment="libsolv is earlier than 0:0.7.11-1.el8" id="oval:com.redhat.rhsa:tst:20204508001" version="636">
 <red-def:object object_ref="oval:com.redhat.rhsa:obj:20193583001"/>
 <red-def:state state_ref="oval:com.redhat.rhsa:ste:20204508001"/>
</red-def:rpminfo_test>
<red-def:rpminfo_test check="at least one" comment="python3-solv is earlier than 0:0.7.11-1.el8" id="oval:com.redhat.rhsa:tst:20204508003" version="636">
 <red-def:object object_ref="oval:com.redhat.rhsa:obj:20204508002"/>
 <red-def:state state_ref="oval:com.redhat.rhsa:ste:20204508003"/>
</red-def:rpminfo_test>
<red-def:rpminfo_test check="at least one" comment="python3-solv is signed with Red Hat redhatrelease2 key" id="oval:com.redhat.rhsa:tst:20204508004" version="636">
 <red-def:object object_ref="oval:com.redhat.rhsa:obj:20204508002"/>
 <red-def:state state_ref="oval:com.redhat.rhba:ste:20191992002"/>
</red-def:rpminfo_test>
<red-def:rpminfo_test check="at least one" comment="openssl is earlier than 1:1.1.1g-11.el8" id="oval:com.redhat.rhsa:tst:20204514001" version="637">
 <red-def:object object_ref="oval:com.redhat.rhsa:obj:20193700001"/>
 <red-def:state state_ref="oval:com.redhat.rhsa:ste:20204514001"/>
</red-def:rpminfo_test>
<red-def:rpminfo_test check="at least one" comment="openssl-devel is earlier than 1:1.1.1g-11.el8" id="oval:com.redhat.rhsa:tst:20204514003" version="637">
 <red-def:object object_ref="oval:com.redhat.rhsa:obj:20193700002"/>
 <red-def:state state_ref="oval:com.redhat.rhsa:ste:20204514003"/>
</red-def:rpminfo_test>
<red-def:rpminfo_test check="at least one" comment="openssl-libs is earlier than 1:1.1.1g-11.el8" id="oval:com.redhat.rhsa:tst:20204514005" version="637">
 <red-def:object object_ref="oval:com.redhat.rhsa:obj:20193700003"/>
 <red-def:state state_ref="oval:com.redhat.rhsa:ste:20204514003"/>
</red-def:rpminfo_test>
<red-def:rpminfo_test check="at least one" comment="openssl-perl is earlier than 1:1.1.1g-11.el8" id="oval:com.redhat.rhsa:tst:20204514007" version="637">
 <red-def:object object_ref="oval:com.redhat.rhsa:obj:20193700004"/>
 <red-def:state state_ref="oval:com.redhat.rhsa:ste:20204514001"/>
</red-def:rpminfo_test>
<red-def:rpminfo_test check="at least one" comment="pcre2 is earlier than 0:10.32-2.el8" id="oval:com.redhat.rhsa:tst:20204539001" version="636">
 <red-def:object object_ref="oval:com.redhat.rhsa:obj:20204539001"/>
 <red-def:state state_ref="oval:com.redhat.rhsa:ste:20204539001"/>
</red-def:rpminfo_test>
<red-def:rpminfo_test check="at least one" comment="pcre2 is signed with Red Hat redhatrelease2 key" id="oval:com.redhat.rhsa:tst:20204539002" version="636">
 <red-def:object object_ref="oval:com.redhat.rhsa:obj:20204539001"/>
 <red-def:state state_ref="oval:com.redhat.rhba:ste:20191992002"/>
</red-def:rpminfo_test>
<red-def:rpminfo_test check="at least one" comment="pcre2-devel is earlier than 0:10.32-2.el8" id="oval:com.redhat.rhsa:tst:20204539003" version="636">
 <red-def:object object_ref="oval:com.redhat.rhsa:obj:20204539002"/>
 <red-def:state state_ref="oval:com.redhat.rhsa:ste:20204539001"/>
</red-def:rpminfo_test>
<red-def:rpminfo_test check="at least one" comment="pcre2-devel is signed with Red Hat redhatrelease2 key" id="oval:com.redhat.rhsa:tst:20204539004" version="636">
 <red-def:object object_ref="oval:com.redhat.rhsa:obj:20204539002"/>
 <red-def:state state_ref="oval:com.redhat.rhba:ste:20191992002"/>
</red-def:rpminfo_test>
<red-def:rpminfo_test check="at least one" comment="pcre2-tools is earlier than 0:10.32-2.el8" id="oval:com.redhat.rhsa:tst:20204539005" version="636">
 <red-def:object object_ref="oval:com.redhat.rhsa:obj:20204539003"/>
 <red-def:state state_ref="oval:com.redhat.rhsa:ste:20204539003"/>
</red-def:rpminfo_test>
<red-def:rpminfo_test check="at least one" comment="pcre2-tools is signed with Red Hat redhatrelease2 key" id="oval:com.redhat.rhsa:tst:20204539006" version="636">
 <red-def:object object_ref="oval:com.redhat.rhsa:obj:20204539003"/>
 <red-def:state state_ref="oval:com.redhat.rhba:ste:20191992002"/>
</red-def:rpminfo_test>
<red-def:rpminfo_test check="at least one" comment="pcre2-utf16 is earlier than 0:10.32-2.el8" id="oval:com.redhat.rhsa:tst:20204539007" version="636">
 <red-def:object object_ref="oval:com.redhat.rhsa:obj:20204539004"/>
 <red-def:state state_ref="oval:com.redhat.rhsa:ste:20204539001"/>
</red-def:rpminfo_test>
<red-def:rpminfo_test check="at least one" comment="pcre2-utf16 is signed with Red Hat redhatrelease2 key" id="oval:com.redhat.rhsa:tst:20204539008" version="636">
 <red-def:object object_ref="oval:com.redhat.rhsa:obj:20204539004"/>
 <red-def:state state_ref="oval:com.redhat.rhba:ste:20191992002"/>
</red-def:rpminfo_test>
<red-def:rpminfo_test check="at least one" comment="pcre2-utf32 is earlier than 0:10.32-2.el8" id="oval:com.redhat.rhsa:tst:20204539009" version="636">
 <red-def:object object_ref="oval:com.redhat.rhsa:obj:20204539005"/>
 <red-def:state state_ref="oval:com.redhat.rhsa:ste:20204539001"/>
</red-def:rpminfo_test>
<red-def:rpminfo_test check="at least one" comment="pcre2-utf32 is signed with Red Hat redhatrelease2 key" id="oval:com.redhat.rhsa:tst:20204539010" version="636">
 <red-def:object object_ref="oval:com.redhat.rhsa:obj:20204539005"/>
 <red-def:state state_ref="oval:com.redhat.rhba:ste:20191992002"/>
</red-def:rpminfo_test>
<red-def:rpminfo_test check="at least one" comment="cryptsetup is earlier than 0:2.3.3-2.el8" id="oval:com.redhat.rhsa:tst:20204542001" version="636">
 <red-def:object object_ref="oval:com.redhat.rhsa:obj:20204542001"/>
 <red-def:state state_ref="oval:com.redhat.rhsa:ste:20204542001"/>
</red-def:rpminfo_test>
<red-def:rpminfo_test check="at least one" comment="cryptsetup is signed with Red Hat redhatrelease2 key" id="oval:com.redhat.rhsa:tst:20204542002" version="636">
 <red-def:object object_ref="oval:com.redhat.rhsa:obj:20204542001"/>
 <red-def:state state_ref="oval:com.redhat.rhba:ste:20191992002"/>
</red-def:rpminfo_test>
<red-def:rpminfo_test check="at least one" comment="cryptsetup-devel is earlier than 0:2.3.3-2.el8" id="oval:com.redhat.rhsa:tst:20204542003" version="636">
 <red-def:object object_ref="oval:com.redhat.rhsa:obj:20204542002"/>
 <red-def:state state_ref="oval:com.redhat.rhsa:ste:20204542003"/>
</red-def:rpminfo_test>
<red-def:rpminfo_test check="at least one" comment="cryptsetup-devel is signed with Red Hat redhatrelease2 key" id="oval:com.redhat.rhsa:tst:20204542004" version="636">
 <red-def:object object_ref="oval:com.redhat.rhsa:obj:20204542002"/>
 <red-def:state state_ref="oval:com.redhat.rhba:ste:20191992002"/>
</red-def:rpminfo_test>
<red-def:rpminfo_test check="at least one" comment="cryptsetup-libs is earlier than 0:2.3.3-2.el8" id="oval:com.redhat.rhsa:tst:20204542005" version="636">
 <red-def:object object_ref="oval:com.redhat.rhsa:obj:20204542003"/>
 <red-def:state state_ref="oval:com.redhat.rhsa:ste:20204542003"/>
</red-def:rpminfo_test>
<red-def:rpminfo_test check="at least one" comment="cryptsetup-libs is signed with Red Hat redhatrelease2 key" id="oval:com.redhat.rhsa:tst:20204542006" version="636">
 <red-def:object object_ref="oval:com.redhat.rhsa:obj:20204542003"/>
 <red-def:state state_ref="oval:com.redhat.rhba:ste:20191992002"/>
</red-def:rpminfo_test>
<red-def:rpminfo_test check="at least one" comment="cryptsetup-reencrypt is earlier than 0:2.3.3-2.el8" id="oval:com.redhat.rhsa:tst:20204542007" version="636">
 <red-def:object object_ref="oval:com.redhat.rhsa:obj:20204542004"/>
 <red-def:state state_ref="oval:com.redhat.rhsa:ste:20204542001"/>
</red-def:rpminfo_test>
<red-def:rpminfo_test check="at least one" comment="cryptsetup-reencrypt is signed with Red Hat redhatrelease2 key" id="oval:com.redhat.rhsa:tst:20204542008" version="636">
 <red-def:object object_ref="oval:com.redhat.rhsa:obj:20204542004"/>
 <red-def:state state_ref="oval:com.redhat.rhba:ste:20191992002"/>
</red-def:rpminfo_test>
<red-def:rpminfo_test check="at least one" comment="integritysetup is earlier than 0:2.3.3-2.el8" id="oval:com.redhat.rhsa:tst:20204542009" version="636">
 <red-def:object object_ref="oval:com.redhat.rhsa:obj:20204542005"/>
 <red-def:state state_ref="oval:com.redhat.rhsa:ste:20204542001"/>
</red-def:rpminfo_test>
<red-def:rpminfo_test check="at least one" comment="integritysetup is signed with Red Hat redhatrelease2 key" id="oval:com.redhat.rhsa:tst:20204542010" version="636">
 <red-def:object object_ref="oval:com.redhat.rhsa:obj:20204542005"/>
 <red-def:state state_ref="oval:com.redhat.rhba:ste:20191992002"/>
</red-def:rpminfo_test>
<red-def:rpminfo_test check="at least one" comment="veritysetup is earlier than 0:2.3.3-2.el8" id="oval:com.redhat.rhsa:tst:20204542011" version="636">
 <red-def:object object_ref="oval:com.redhat.rhsa:obj:20204542006"/>
 <red-def:state state_ref="oval:com.redhat.rhsa:ste:20204542001"/>
</red-def:rpminfo_test>
<red-def:rpminfo_test check="at least one" comment="veritysetup is signed with Red Hat redhatrelease2 key" id="oval:com.redhat.rhsa:tst:20204542012" version="636">
 <red-def:object object_ref="oval:com.redhat.rhsa:obj:20204542006"/>
 <red-def:state state_ref="oval:com.redhat.rhba:ste:20191992002"/>
</red-def:rpminfo_test>
<red-def:rpminfo_test check="at least one" comment="libssh is earlier than 0:0.9.4-2.el8" id="oval:com.redhat.rhsa:tst:20204545001" version="635">
 <red-def:object object_ref="oval:com.redhat.rhsa:obj:20204545001"/>
 <red-def:state state_ref="oval:com.redhat.rhsa:ste:20204545001"/>
</red-def:rpminfo_test>
<red-def:rpminfo_test check="at least one" comment="libssh is signed with Red Hat redhatrelease2 key" id="oval:com.redhat.rhsa:tst:20204545002" version="635">
 <red-def:object object_ref="oval:com.redhat.rhsa:obj:20204545001"/>
 <red-def:state state_ref="oval:com.redhat.rhba:ste:20191992002"/>
</red-def:rpminfo_test>
<red-def:rpminfo_test check="at least one" comment="libssh-config is earlier than 0:0.9.4-2.el8" id="oval:com.redhat.rhsa:tst:20204545003" version="635">
 <red-def:object object_ref="oval:com.redhat.rhsa:obj:20204545002"/>
 <red-def:state state_ref="oval:com.redhat.rhsa:ste:20204545003"/>
</red-def:rpminfo_test>
<red-def:rpminfo_test check="at least one" comment="libssh-config is signed with Red Hat redhatrelease2 key" id="oval:com.redhat.rhsa:tst:20204545004" version="635">
 <red-def:object object_ref="oval:com.redhat.rhsa:obj:20204545002"/>
 <red-def:state state_ref="oval:com.redhat.rhba:ste:20191992002"/>
</red-def:rpminfo_test>
<red-def:rpminfo_test check="at least one" comment="libssh-devel is earlier than 0:0.9.4-2.el8" id="oval:com.redhat.rhsa:tst:20204545005" version="635">
 <red-def:object object_ref="oval:com.redhat.rhsa:obj:20204545003"/>
 <red-def:state state_ref="oval:com.redhat.rhsa:ste:20204545001"/>
</red-def:rpminfo_test>
<red-def:rpminfo_test check="at least one" comment="libssh-devel is signed with Red Hat redhatrelease2 key" id="oval:com.redhat.rhsa:tst:20204545006" version="635">
 <red-def:object object_ref="oval:com.redhat.rhsa:obj:20204545003"/>
 <red-def:state state_ref="oval:com.redhat.rhba:ste:20191992002"/>
</red-def:rpminfo_test>
<red-def:rpminfo_test check="at least one" comment="libpcap is earlier than 14:1.9.1-4.el8" id="oval:com.redhat.rhsa:tst:20204547001" version="638">
 <red-def:object object_ref="oval:com.redhat.rhsa:obj:20204547001"/>
 <red-def:state state_ref="oval:com.redhat.rhsa:ste:20204547001"/>
</red-def:rpminfo_test>
<red-def:rpminfo_test check="at least one" comment="libpcap is signed with Red Hat redhatrelease2 key" id="oval:com.redhat.rhsa:tst:20204547002" version="638">
 <red-def:object object_ref="oval:com.redhat.rhsa:obj:20204547001"/>
 <red-def:state state_ref="oval:com.redhat.rhba:ste:20191992002"/>
</red-def:rpminfo_test>
<red-def:rpminfo_test check="at least one" comment="libpcap-devel is earlier than 14:1.9.1-4.el8" id="oval:com.redhat.rhsa:tst:20204547003" version="638">
 <red-def:object object_ref="oval:com.redhat.rhsa:obj:20204547002"/>
 <red-def:state state_ref="oval:com.redhat.rhsa:ste:20204547001"/>
</red-def:rpminfo_test>
<red-def:rpminfo_test check="at least one" comment="libpcap-devel is signed with Red Hat redhatrelease2 key" id="oval:com.redhat.rhsa:tst:20204547004" version="638">
 <red-def:object object_ref="oval:com.redhat.rhsa:obj:20204547002"/>
 <red-def:state state_ref="oval:com.redhat.rhba:ste:20191992002"/>
</red-def:rpminfo_test>
<red-def:rpminfo_test check="at least one" comment="systemd is earlier than 0:239-40.el8" id="oval:com.redhat.rhsa:tst:20204553001" version="637">
 <red-def:object object_ref="oval:com.redhat.rhsa:obj:20190990001"/>
 <red-def:state state_ref="oval:com.redhat.rhsa:ste:20204553001"/>
</red-def:rpminfo_test>
<red-def:rpminfo_test check="at least one" comment="systemd-container is earlier than 0:239-40.el8" id="oval:com.redhat.rhsa:tst:20204553003" version="637">
 <red-def:object object_ref="oval:com.redhat.rhsa:obj:20190990002"/>
 <red-def:state state_ref="oval:com.redhat.rhsa:ste:20204553001"/>
</red-def:rpminfo_test>
<red-def:rpminfo_test check="at least one" comment="systemd-devel is earlier than 0:239-40.el8" id="oval:com.redhat.rhsa:tst:20204553005" version="637">
 <red-def:object object_ref="oval:com.redhat.rhsa:obj:20190990003"/>
 <red-def:state state_ref="oval:com.redhat.rhsa:ste:20204553001"/>
</red-def:rpminfo_test>
<red-def:rpminfo_test check="at least one" comment="systemd-journal-remote is earlier than 0:239-40.el8" id="oval:com.redhat.rhsa:tst:20204553007" version="637">
 <red-def:object object_ref="oval:com.redhat.rhsa:obj:20190990004"/>
 <red-def:state state_ref="oval:com.redhat.rhsa:ste:20204553003"/>
</red-def:rpminfo_test>
<red-def:rpminfo_test check="at least one" comment="systemd-libs is earlier than 0:239-40.el8" id="oval:com.redhat.rhsa:tst:20204553009" version="637">
 <red-def:object object_ref="oval:com.redhat.rhsa:obj:20190990005"/>
 <red-def:state state_ref="oval:com.redhat.rhsa:ste:20204553001"/>
</red-def:rpminfo_test>
<red-def:rpminfo_test check="at least one" comment="systemd-pam is earlier than 0:239-40.el8" id="oval:com.redhat.rhsa:tst:20204553011" version="637">
 <red-def:object object_ref="oval:com.redhat.rhsa:obj:20190990006"/>
 <red-def:state state_ref="oval:com.redhat.rhsa:ste:20204553003"/>
</red-def:rpminfo_test>
<red-def:rpminfo_test check="at least one" comment="systemd-tests is earlier than 0:239-40.el8" id="oval:com.redhat.rhsa:tst:20204553013" version="637">
 <red-def:object object_ref="oval:com.redhat.rhsa:obj:20190990007"/>
 <red-def:state state_ref="oval:com.redhat.rhsa:ste:20204553003"/>
</red-def:rpminfo_test>
<red-def:rpminfo_test check="at least one" comment="systemd-udev is earlier than 0:239-40.el8" id="oval:com.redhat.rhsa:tst:20204553015" version="637">
 <red-def:object object_ref="oval:com.redhat.rhsa:obj:20190990008"/>
 <red-def:state state_ref="oval:com.redhat.rhsa:ste:20204553003"/>
</red-def:rpminfo_test>
<red-def:rpminfo_test check="at least one" comment="ldb-tools is earlier than 0:2.1.3-2.el8" id="oval:com.redhat.rhsa:tst:20204568001" version="637">
 <red-def:object object_ref="oval:com.redhat.rhsa:obj:20204568001"/>
 <red-def:state state_ref="oval:com.redhat.rhsa:ste:20204568001"/>
</red-def:rpminfo_test>
<red-def:rpminfo_test check="at least one" comment="ldb-tools is signed with Red Hat redhatrelease2 key" id="oval:com.redhat.rhsa:tst:20204568002" version="637">
 <red-def:object object_ref="oval:com.redhat.rhsa:obj:20204568001"/>
 <red-def:state state_ref="oval:com.redhat.rhba:ste:20191992002"/>
</red-def:rpminfo_test>
<red-def:rpminfo_test check="at least one" comment="libldb is earlier than 0:2.1.3-2.el8" id="oval:com.redhat.rhsa:tst:20204568003" version="637">
 <red-def:object object_ref="oval:com.redhat.rhsa:obj:20204568002"/>
 <red-def:state state_ref="oval:com.redhat.rhsa:ste:20204568003"/>
</red-def:rpminfo_test>
<red-def:rpminfo_test check="at least one" comment="libldb is signed with Red Hat redhatrelease2 key" id="oval:com.redhat.rhsa:tst:20204568004" version="637">
 <red-def:object object_ref="oval:com.redhat.rhsa:obj:20204568002"/>
 <red-def:state state_ref="oval:com.redhat.rhba:ste:20191992002"/>
</red-def:rpminfo_test>
<red-def:rpminfo_test check="at least one" comment="libldb-devel is earlier than 0:2.1.3-2.el8" id="oval:com.redhat.rhsa:tst:20204568005" version="637">
 <red-def:object object_ref="oval:com.redhat.rhsa:obj:20204568003"/>
 <red-def:state state_ref="oval:com.redhat.rhsa:ste:20204568003"/>
</red-def:rpminfo_test>
<red-def:rpminfo_test check="at least one" comment="libldb-devel is signed with Red Hat redhatrelease2 key" id="oval:com.redhat.rhsa:tst:20204568006" version="637">
 <red-def:object object_ref="oval:com.redhat.rhsa:obj:20204568003"/>
 <red-def:state state_ref="oval:com.redhat.rhba:ste:20191992002"/>
</red-def:rpminfo_test>
<red-def:rpminfo_test check="at least one" comment="python3-ldb is earlier than 0:2.1.3-2.el8" id="oval:com.redhat.rhsa:tst:20204568007" version="637">
 <red-def:object object_ref="oval:com.redhat.rhsa:obj:20204568004"/>
 <red-def:state state_ref="oval:com.redhat.rhsa:ste:20204568003"/>
</red-def:rpminfo_test>
<red-def:rpminfo_test check="at least one" comment="python3-ldb is signed with Red Hat redhatrelease2 key" id="oval:com.redhat.rhsa:tst:20204568008" version="637">
 <red-def:object object_ref="oval:com.redhat.rhsa:obj:20204568004"/>
 <red-def:state state_ref="oval:com.redhat.rhba:ste:20191992002"/>
</red-def:rpminfo_test>
<red-def:rpminfo_test check="at least one" comment="curl is earlier than 0:7.61.1-14.el8" id="oval:com.redhat.rhsa:tst:20204599001" version="636">
 <red-def:object object_ref="oval:com.redhat.rhsa:obj:20193701001"/>
 <red-def:state state_ref="oval:com.redhat.rhsa:ste:20204599001"/>
</red-def:rpminfo_test>
<red-def:rpminfo_test check="at least one" comment="libcurl is earlier than 0:7.61.1-14.el8" id="oval:com.redhat.rhsa:tst:20204599003" version="636">
 <red-def:object object_ref="oval:com.redhat.rhsa:obj:20193701002"/>
 <red-def:state state_ref="oval:com.redhat.rhsa:ste:20204599003"/>
</red-def:rpminfo_test>
<red-def:rpminfo_test check="at least one" comment="libcurl-devel is earlier than 0:7.61.1-14.el8" id="oval:com.redhat.rhsa:tst:20204599005" version="636">
 <red-def:object object_ref="oval:com.redhat.rhsa:obj:20193701003"/>
 <red-def:state state_ref="oval:com.redhat.rhsa:ste:20204599003"/>
</red-def:rpminfo_test>
<red-def:rpminfo_test check="at least one" comment="libcurl-minimal is earlier than 0:7.61.1-14.el8" id="oval:com.redhat.rhsa:tst:20204599007" version="636">
 <red-def:object object_ref="oval:com.redhat.rhsa:obj:20193701004"/>
 <red-def:state state_ref="oval:com.redhat.rhsa:ste:20204599003"/>
</red-def:rpminfo_test>
<red-def:rpminfo_test check="at least one" comment="resource-agents is earlier than 0:4.1.1-68.el8" id="oval:com.redhat.rhsa:tst:20204605001" version="637">
 <red-def:object object_ref="oval:com.redhat.rhsa:obj:20204605001"/>
 <red-def:state state_ref="oval:com.redhat.rhsa:ste:20204605001"/>
</red-def:rpminfo_test>
<red-def:rpminfo_test check="at least one" comment="resource-agents is signed with Red Hat redhatrelease2 key" id="oval:com.redhat.rhsa:tst:20204605002" version="637">
 <red-def:object object_ref="oval:com.redhat.rhsa:obj:20204605001"/>
 <red-def:state state_ref="oval:com.redhat.rhba:ste:20191992002"/>
</red-def:rpminfo_test>
<red-def:rpminfo_test check="at least one" comment="resource-agents-aliyun is earlier than 0:4.1.1-68.el8" id="oval:com.redhat.rhsa:tst:20204605003" version="637">
 <red-def:object object_ref="oval:com.redhat.rhsa:obj:20204605002"/>
 <red-def:state state_ref="oval:com.redhat.rhsa:ste:20204605003"/>
</red-def:rpminfo_test>
<red-def:rpminfo_test check="at least one" comment="resource-agents-aliyun is signed with Red Hat redhatrelease2 key" id="oval:com.redhat.rhsa:tst:20204605004" version="637">
 <red-def:object object_ref="oval:com.redhat.rhsa:obj:20204605002"/>
 <red-def:state state_ref="oval:com.redhat.rhba:ste:20191992002"/>
</red-def:rpminfo_test>
<red-def:rpminfo_test check="at least one" comment="resource-agents-gcp is earlier than 0:4.1.1-68.el8" id="oval:com.redhat.rhsa:tst:20204605005" version="637">
 <red-def:object object_ref="oval:com.redhat.rhsa:obj:20204605003"/>
 <red-def:state state_ref="oval:com.redhat.rhsa:ste:20204605003"/>
</red-def:rpminfo_test>
<red-def:rpminfo_test check="at least one" comment="resource-agents-gcp is signed with Red Hat redhatrelease2 key" id="oval:com.redhat.rhsa:tst:20204605006" version="637">
 <red-def:object object_ref="oval:com.redhat.rhsa:obj:20204605003"/>
 <red-def:state state_ref="oval:com.redhat.rhba:ste:20191992002"/>
</red-def:rpminfo_test>
<red-def:rpminfo_test check="at least one" comment="kernel-rt is earlier than 0:4.18.0-240.rt7.54.el8" id="oval:com.redhat.rhsa:tst:20204609001" version="639">
 <red-def:object object_ref="oval:com.redhat.rhsa:obj:20191174001"/>
 <red-def:state state_ref="oval:com.redhat.rhsa:ste:20204609001"/>
</red-def:rpminfo_test>
<red-def:rpminfo_test check="at least one" comment="kernel-rt-core is earlier than 0:4.18.0-240.rt7.54.el8" id="oval:com.redhat.rhsa:tst:20204609003" version="639">
 <red-def:object object_ref="oval:com.redhat.rhsa:obj:20191174002"/>
 <red-def:state state_ref="oval:com.redhat.rhsa:ste:20204609001"/>
</red-def:rpminfo_test>
<red-def:rpminfo_test check="at least one" comment="kernel-rt-debug is earlier than 0:4.18.0-240.rt7.54.el8" id="oval:com.redhat.rhsa:tst:20204609005" version="639">
 <red-def:object object_ref="oval:com.redhat.rhsa:obj:20191174003"/>
 <red-def:state state_ref="oval:com.redhat.rhsa:ste:20204609001"/>
</red-def:rpminfo_test>
<red-def:rpminfo_test check="at least one" comment="kernel-rt-debug-core is earlier than 0:4.18.0-240.rt7.54.el8" id="oval:com.redhat.rhsa:tst:20204609007" version="639">
 <red-def:object object_ref="oval:com.redhat.rhsa:obj:20191174004"/>
 <red-def:state state_ref="oval:com.redhat.rhsa:ste:20204609001"/>
</red-def:rpminfo_test>
<red-def:rpminfo_test check="at least one" comment="kernel-rt-debug-devel is earlier than 0:4.18.0-240.rt7.54.el8" id="oval:com.redhat.rhsa:tst:20204609009" version="639">
 <red-def:object object_ref="oval:com.redhat.rhsa:obj:20191174005"/>
 <red-def:state state_ref="oval:com.redhat.rhsa:ste:20204609001"/>
</red-def:rpminfo_test>
<red-def:rpminfo_test check="at least one" comment="kernel-rt-debug-kvm is earlier than 0:4.18.0-240.rt7.54.el8" id="oval:com.redhat.rhsa:tst:20204609011" version="639">
 <red-def:object object_ref="oval:com.redhat.rhsa:obj:20191174006"/>
 <red-def:state state_ref="oval:com.redhat.rhsa:ste:20204609001"/>
</red-def:rpminfo_test>
<red-def:rpminfo_test check="at least one" comment="kernel-rt-debug-modules is earlier than 0:4.18.0-240.rt7.54.el8" id="oval:com.redhat.rhsa:tst:20204609013" version="639">
 <red-def:object object_ref="oval:com.redhat.rhsa:obj:20191174007"/>
 <red-def:state state_ref="oval:com.redhat.rhsa:ste:20204609001"/>
</red-def:rpminfo_test>
<red-def:rpminfo_test check="at least one" comment="kernel-rt-debug-modules-extra is earlier than 0:4.18.0-240.rt7.54.el8" id="oval:com.redhat.rhsa:tst:20204609015" version="639">
 <red-def:object object_ref="oval:com.redhat.rhsa:obj:20191174008"/>
 <red-def:state state_ref="oval:com.redhat.rhsa:ste:20204609001"/>
</red-def:rpminfo_test>
<red-def:rpminfo_test check="at least one" comment="kernel-rt-devel is earlier than 0:4.18.0-240.rt7.54.el8" id="oval:com.redhat.rhsa:tst:20204609017" version="639">
 <red-def:object object_ref="oval:com.redhat.rhsa:obj:20191174009"/>
 <red-def:state state_ref="oval:com.redhat.rhsa:ste:20204609001"/>
</red-def:rpminfo_test>
<red-def:rpminfo_test check="at least one" comment="kernel-rt-kvm is earlier than 0:4.18.0-240.rt7.54.el8" id="oval:com.redhat.rhsa:tst:20204609019" version="639">
 <red-def:object object_ref="oval:com.redhat.rhsa:obj:20191174010"/>
 <red-def:state state_ref="oval:com.redhat.rhsa:ste:20204609001"/>
</red-def:rpminfo_test>
<red-def:rpminfo_test check="at least one" comment="kernel-rt-modules is earlier than 0:4.18.0-240.rt7.54.el8" id="oval:com.redhat.rhsa:tst:20204609021" version="639">
 <red-def:object object_ref="oval:com.redhat.rhsa:obj:20191174011"/>
 <red-def:state state_ref="oval:com.redhat.rhsa:ste:20204609001"/>
</red-def:rpminfo_test>
<red-def:rpminfo_test check="at least one" comment="kernel-rt-modules-extra is earlier than 0:4.18.0-240.rt7.54.el8" id="oval:com.redhat.rhsa:tst:20204609023" version="639">
 <red-def:object object_ref="oval:com.redhat.rhsa:obj:20191174012"/>
 <red-def:state state_ref="oval:com.redhat.rhsa:ste:20204609001"/>
</red-def:rpminfo_test>
<red-def:rpminfo_test check="at least one" comment="frr is earlier than 0:7.0-10.el8" id="oval:com.redhat.rhsa:tst:20204619001" version="636">
 <red-def:object object_ref="oval:com.redhat.rhsa:obj:20204619001"/>
 <red-def:state state_ref="oval:com.redhat.rhsa:ste:20204619001"/>
</red-def:rpminfo_test>
<red-def:rpminfo_test check="at least one" comment="frr is signed with Red Hat redhatrelease2 key" id="oval:com.redhat.rhsa:tst:20204619002" version="636">
 <red-def:object object_ref="oval:com.redhat.rhsa:obj:20204619001"/>
 <red-def:state state_ref="oval:com.redhat.rhba:ste:20191992002"/>
</red-def:rpminfo_test>
<red-def:rpminfo_test check="at least one" comment="frr-contrib is earlier than 0:7.0-10.el8" id="oval:com.redhat.rhsa:tst:20204619003" version="636">
 <red-def:object object_ref="oval:com.redhat.rhsa:obj:20204619002"/>
 <red-def:state state_ref="oval:com.redhat.rhsa:ste:20204619001"/>
</red-def:rpminfo_test>
<red-def:rpminfo_test check="at least one" comment="frr-contrib is signed with Red Hat redhatrelease2 key" id="oval:com.redhat.rhsa:tst:20204619004" version="636">
 <red-def:object object_ref="oval:com.redhat.rhsa:obj:20204619002"/>
 <red-def:state state_ref="oval:com.redhat.rhba:ste:20191992002"/>
</red-def:rpminfo_test>
<red-def:rpminfo_test check="at least one" comment="spamassassin is earlier than 0:3.4.2-10.el8" id="oval:com.redhat.rhsa:tst:20204625001" version="636">
 <red-def:object object_ref="oval:com.redhat.rhsa:obj:20204625001"/>
 <red-def:state state_ref="oval:com.redhat.rhsa:ste:20204625001"/>
</red-def:rpminfo_test>
<red-def:rpminfo_test check="at least one" comment="spamassassin is signed with Red Hat redhatrelease2 key" id="oval:com.redhat.rhsa:tst:20204625002" version="636">
 <red-def:object object_ref="oval:com.redhat.rhsa:obj:20204625001"/>
 <red-def:state state_ref="oval:com.redhat.rhba:ste:20191992002"/>
</red-def:rpminfo_test>
<red-def:rpminfo_test check="at least one" comment="SDL is earlier than 0:1.2.15-38.el8" id="oval:com.redhat.rhsa:tst:20204627001" version="638">
 <red-def:object object_ref="oval:com.redhat.rhsa:obj:20193553002"/>
 <red-def:state state_ref="oval:com.redhat.rhsa:ste:20204627001"/>
</red-def:rpminfo_test>
<red-def:rpminfo_test check="at least one" comment="SDL-devel is earlier than 0:1.2.15-38.el8" id="oval:com.redhat.rhsa:tst:20204627003" version="638">
 <red-def:object object_ref="oval:com.redhat.rhsa:obj:20193553003"/>
 <red-def:state state_ref="oval:com.redhat.rhsa:ste:20204627001"/>
</red-def:rpminfo_test>
<red-def:rpminfo_test check="at least one" comment="liborcus is earlier than 0:0.14.1-1.el8" id="oval:com.redhat.rhsa:tst:20204628001" version="637">
 <red-def:object object_ref="oval:com.redhat.rhsa:obj:20204628001"/>
 <red-def:state state_ref="oval:com.redhat.rhsa:ste:20204628001"/>
</red-def:rpminfo_test>
<red-def:rpminfo_test check="at least one" comment="liborcus is signed with Red Hat redhatrelease2 key" id="oval:com.redhat.rhsa:tst:20204628002" version="637">
 <red-def:object object_ref="oval:com.redhat.rhsa:obj:20204628001"/>
 <red-def:state state_ref="oval:com.redhat.rhba:ste:20191992002"/>
</red-def:rpminfo_test>
<red-def:rpminfo_test check="at least one" comment="libcmis is earlier than 0:0.5.2-1.el8" id="oval:com.redhat.rhsa:tst:20204628003" version="637">
 <red-def:object object_ref="oval:com.redhat.rhsa:obj:20204628002"/>
 <red-def:state state_ref="oval:com.redhat.rhsa:ste:20204628003"/>
</red-def:rpminfo_test>
</tests>
<objects>
<red-def:rpminfo_object id="oval:com.redhat.rhba:obj:20191992001" version="635">
 <red-def:name>cloud-init</red-def:name>
</red-def:rpminfo_object>
<red-def:rpmverifyfile_object id="oval:com.redhat.rhba:obj:20191992002" version="635">
 <red-def:behaviors noconfigfiles="true" noghostfiles="true" nogroup="true" nolinkto="true" nomd5="true" nomode="true" nomtime="true" nordev="true" nosize="true" nouser="true"/>
 <red-def:name operation="pattern match"/>
 <red-def:epoch operation="pattern match"/>
 <red-def:version operation="pattern match"/>
 <red-def:release operation="pattern match"/>
 <red-def:arch operation="pattern match"/>
 <red-def:filepath>/etc/redhat-release</red-def:filepath>
</red-def:rpmverifyfile_object>
<red-def:rpminfo_object id="oval:com.redhat.rhba:obj:20192715001" version="637">
 <red-def:name>SLOF</red-def:name>
</red-def:rpminfo_object>
<red-def:rpminfo_object id="oval:com.redhat.rhba:obj:20192715002" version="637">
 <red-def:name>hivex</red-def:name>
</red-def:rpminfo_object>
<red-def:rpminfo_object id="oval:com.redhat.rhba:obj:20192715003" version="637">
 <red-def:name>hivex-devel</red-def:name>
</red-def:rpminfo_object>
<red-def:rpminfo_object id="oval:com.redhat.rhba:obj:20192715004" version="637">
 <red-def:name>libguestfs</red-def:name>
</red-def:rpminfo_object>
<red-def:rpminfo_object id="oval:com.redhat.rhba:obj:20192715005" version="637">
 <red-def:name>libguestfs-bash-completion</red-def:name>
</red-def:rpminfo_object>
<red-def:rpminfo_object id="oval:com.redhat.rhba:obj:20192715006" version="637">
 <red-def:name>libguestfs-benchmarking</red-def:name>
</red-def:rpminfo_object>
<red-def:rpminfo_object id="oval:com.redhat.rhba:obj:20192715007" version="637">
 <red-def:name>libguestfs-devel</red-def:name>
</red-def:rpminfo_object>
<red-def:rpminfo_object id="oval:com.redhat.rhba:obj:20192715008" version="637">
 <red-def:name>libguestfs-gfs2</red-def:name>
</red-def:rpminfo_object>
<red-def:rpminfo_object id="oval:com.redhat.rhba:obj:20192715009" version="637">
 <red-def:name>libguestfs-gobject</red-def:name>
</red-def:rpminfo_object>
<red-def:rpminfo_object id="oval:com.redhat.rhba:obj:20192715010" version="637">
 <red-def:name>libguestfs-gobject-devel</red-def:name>
</red-def:rpminfo_object>
<red-def:rpminfo_object id="oval:com.redhat.rhba:obj:20192715011" version="637">
 <red-def:name>libguestfs-inspect-icons</red-def:name>
</red-def:rpminfo_object>
<red-def:rpminfo_object id="oval:com.redhat.rhba:obj:20192715012" version="637">
 <red-def:name>libguestfs-java</red-def:name>
</red-def:rpminfo_object>
<red-def:rpminfo_object id="oval:com.redhat.rhba:obj:20192715013" version="637">
 <red-def:name>libguestfs-java-devel</red-def:name>
</red-def:rpminfo_object>
<red-def:rpminfo_object id="oval:com.redhat.rhba:obj:20192715014" version="637">
 <red-def:name>libguestfs-javadoc</red-def:name>
</red-def:rpminfo_object>
<red-def:rpminfo_object id="oval:com.redhat.rhba:obj:20192715015" version="637">
 <red-def:name>libguestfs-man-pages-ja</red-def:name>
</red-def:rpminfo_object>
<red-def:rpminfo_object id="oval:com.redhat.rhba:obj:20192715016" version="637">
 <red-def:name>libguestfs-man-pages-uk</red-def:name>
</red-def:rpminfo_object>
<red-def:rpminfo_object id="oval:com.redhat.rhba:obj:20192715017" version="637">
 <red-def:name>libguestfs-rescue</red-def:name>
</red-def:rpminfo_object>
<red-def:rpminfo_object id="oval:com.redhat.rhba:obj:20192715018" version="637">
 <red-def:name>libguestfs-rsync</red-def:name>
</red-def:rpminfo_object>
<red-def:rpminfo_object id="oval:com.redhat.rhba:obj:20192715019" version="637">
 <red-def:name>libguestfs-tools</red-def:name>
</red-def:rpminfo_object>
<red-def:rpminfo_object id="oval:com.redhat.rhba:obj:20192715020" version="637">
 <red-def:name>libguestfs-tools-c</red-def:name>
</red-def:rpminfo_object>
<red-def:rpminfo_object id="oval:com.redhat.rhba:obj:20192715021" version="637">
 <red-def:name>libguestfs-winsupport</red-def:name>
</red-def:rpminfo_object>
<red-def:rpminfo_object id="oval:com.redhat.rhba:obj:20192715022" version="637">
 <red-def:name>libguestfs-xfs</red-def:name>
</red-def:rpminfo_object>
<red-def:rpminfo_object id="oval:com.redhat.rhba:obj:20192715023" version="637">
 <red-def:name>libiscsi</red-def:name>
</red-def:rpminfo_object>
<red-def:rpminfo_object id="oval:com.redhat.rhba:obj:20192715024" version="637">
 <red-def:name>libiscsi-devel</red-def:name>
</red-def:rpminfo_object>
<red-def:rpminfo_object id="oval:com.redhat.rhba:obj:20192715025" version="637">
 <red-def:name>libiscsi-utils</red-def:name>
</red-def:rpminfo_object>
<red-def:rpminfo_object id="oval:com.redhat.rhba:obj:20192715026" version="637">
 <red-def:name>libssh2</red-def:name>
</red-def:rpminfo_object>
<red-def:rpminfo_object id="oval:com.redhat.rhba:obj:20192715027" version="637">
 <red-def:name>libvirt</red-def:name>
</red-def:rpminfo_object>
<red-def:rpminfo_object id="oval:com.redhat.rhba:obj:20192715028" version="637">
 <red-def:name>libvirt-admin</red-def:name>
</red-def:rpminfo_object>
<red-def:rpminfo_object id="oval:com.redhat.rhba:obj:20192715029" version="637">
 <red-def:name>libvirt-bash-completion</red-def:name>
</red-def:rpminfo_object>
<red-def:rpminfo_object id="oval:com.redhat.rhba:obj:20192715030" version="637">
 <red-def:name>libvirt-client</red-def:name>
</red-def:rpminfo_object>
<red-def:rpminfo_object id="oval:com.redhat.rhba:obj:20192715031" version="637">
 <red-def:name>libvirt-daemon</red-def:name>
</red-def:rpminfo_object>
<red-def:rpminfo_object id="oval:com.redhat.rhba:obj:20192715032" version="637">
 <red-def:name>libvirt-daemon-config-network</red-def:name>
</red-def:rpminfo_object>
<red-def:rpminfo_object id="oval:com.redhat.rhba:obj:20192715033" version="637">
 <red-def:name>libvirt-daemon-config-nwfilter</red-def:name>
</red-def:rpminfo_object>
<red-def:rpminfo_object id="oval:com.redhat.rhba:obj:20192715034" version="637">
 <red-def:name>libvirt-daemon-driver-interface</red-def:name>
</red-def:rpminfo_object>
<red-def:rpminfo_object id="oval:com.redhat.rhba:obj:20192715035" version="637">
 <red-def:name>libvirt-daemon-driver-network</red-def:name>
</red-def:rpminfo_object>
<red-def:rpminfo_object id="oval:com.redhat.rhba:obj:20192715036" version="637">
 <red-def:name>libvirt-daemon-driver-nodedev</red-def:name>
</red-def:rpminfo_object>
<red-def:rpminfo_object id="oval:com.redhat.rhba:obj:20192715037" version="637">
 <red-def:name>libvirt-daemon-driver-nwfilter</red-def:name>
</red-def:rpminfo_object>
<red-def:rpminfo_object id="oval:com.redhat.rhba:obj:20192715038" version="637">
 <red-def:name>libvirt-daemon-driver-qemu</red-def:name>
</red-def:rpminfo_object>
<red-def:rpminfo_object id="oval:com.redhat.rhba:obj:20192715039" version="637">
 <red-def:name>libvirt-daemon-driver-secret</red-def:name>
</red-def:rpminfo_object>
<red-def:rpminfo_object id="oval:com.redhat.rhba:obj:20192715040" version="637">
 <red-def:name>libvirt-daemon-driver-storage</red-def:name>
</red-def:rpminfo_object>
<red-def:rpminfo_object id="oval:com.redhat.rhba:obj:20192715041" version="637">
 <red-def:name>libvirt-daemon-driver-storage-core</red-def:name>
</red-def:rpminfo_object>
<red-def:rpminfo_object id="oval:com.redhat.rhba:obj:20192715042" version="637">
 <red-def:name>libvirt-daemon-driver-storage-disk</red-def:name>
</red-def:rpminfo_object>
<red-def:rpminfo_object id="oval:com.redhat.rhba:obj:20192715043" version="637">
 <red-def:name>libvirt-daemon-driver-storage-gluster</red-def:name>
</red-def:rpminfo_object>
<red-def:rpminfo_object id="oval:com.redhat.rhba:obj:20192715044" version="637">
 <red-def:name>libvirt-daemon-driver-storage-iscsi</red-def:name>
</red-def:rpminfo_object>
<red-def:rpminfo_object id="oval:com.redhat.rhba:obj:20192715045" version="637">
 <red-def:name>libvirt-daemon-driver-storage-logical</red-def:name>
</red-def:rpminfo_object>
<red-def:rpminfo_object id="oval:com.redhat.rhba:obj:20192715046" version="637">
 <red-def:name>libvirt-daemon-driver-storage-mpath</red-def:name>
</red-def:rpminfo_object>
<red-def:rpminfo_object id="oval:com.redhat.rhba:obj:20192715047" version="637">
 <red-def:name>libvirt-daemon-driver-storage-rbd</red-def:name>
</red-def:rpminfo_object>
<red-def:rpminfo_object id="oval:com.redhat.rhba:obj:20192715048" version="637">
 <red-def:name>libvirt-daemon-driver-storage-scsi</red-def:name>
</red-def:rpminfo_object>
<red-def:rpminfo_object id="oval:com.redhat.rhba:obj:20192715049" version="637">
 <red-def:name>libvirt-daemon-kvm</red-def:name>
</red-def:rpminfo_object>
<red-def:rpminfo_object id="oval:com.redhat.rhba:obj:20192715050" version="637">
 <red-def:name>libvirt-dbus</red-def:name>
</red-def:rpminfo_object>
<red-def:rpminfo_object id="oval:com.redhat.rhba:obj:20192715051" version="637">
 <red-def:name>libvirt-devel</red-def:name>
</red-def:rpminfo_object>
<red-def:rpminfo_object id="oval:com.redhat.rhba:obj:20192715052" version="637">
 <red-def:name>libvirt-docs</red-def:name>
</red-def:rpminfo_object>
<red-def:rpminfo_object id="oval:com.redhat.rhba:obj:20192715053" version="637">
 <red-def:name>libvirt-libs</red-def:name>
</red-def:rpminfo_object>
<red-def:rpminfo_object id="oval:com.redhat.rhba:obj:20192715054" version="637">
 <red-def:name>libvirt-lock-sanlock</red-def:name>
</red-def:rpminfo_object>
<red-def:rpminfo_object id="oval:com.redhat.rhba:obj:20192715055" version="637">
 <red-def:name>libvirt-nss</red-def:name>
</red-def:rpminfo_object>
<red-def:rpminfo_object id="oval:com.redhat.rhba:obj:20192715056" version="637">
 <red-def:name>lua-guestfs</red-def:name>
</red-def:rpminfo_object>
<red-def:rpminfo_object id="oval:com.redhat.rhba:obj:20192715057" version="637">
 <red-def:name>nbdkit</red-def:name>
</red-def:rpminfo_object>
<red-def:rpminfo_object id="oval:com.redhat.rhba:obj:20192715058" version="637">
 <red-def:name>nbdkit-bash-completion</red-def:name>
</red-def:rpminfo_object>
<red-def:rpminfo_object id="oval:com.redhat.rhba:obj:20192715059" version="637">
 <red-def:name>nbdkit-basic-plugins</red-def:name>
</red-def:rpminfo_object>
<red-def:rpminfo_object id="oval:com.redhat.rhba:obj:20192715060" version="637">
 <red-def:name>nbdkit-devel</red-def:name>
</red-def:rpminfo_object>
<red-def:rpminfo_object id="oval:com.redhat.rhba:obj:20192715061" version="637">
 <red-def:name>nbdkit-example-plugins</red-def:name>
</red-def:rpminfo_object>
<red-def:rpminfo_object id="oval:com.redhat.rhba:obj:20192715062" version="637">
 <red-def:name>nbdkit-plugin-gzip</red-def:name>
</red-def:rpminfo_object>
<red-def:rpminfo_object id="oval:com.redhat.rhba:obj:20192715063" version="637">
 <red-def:name>nbdkit-plugin-python-common</red-def:name>
</red-def:rpminfo_object>
<red-def:rpminfo_object id="oval:com.redhat.rhba:obj:20192715064" version="637">
 <red-def:name>nbdkit-plugin-python3</red-def:name>
</red-def:rpminfo_object>
<red-def:rpminfo_object id="oval:com.redhat.rhba:obj:20192715065" version="637">
 <red-def:name>nbdkit-plugin-vddk</red-def:name>
</red-def:rpminfo_object>
<red-def:rpminfo_object id="oval:com.redhat.rhba:obj:20192715066" version="637">
 <red-def:name>nbdkit-plugin-xz</red-def:name>
</red-def:rpminfo_object>
<red-def:rpminfo_object id="oval:com.redhat.rhba:obj:20192715067" version="637">
 <red-def:name>netcf</red-def:name>
</red-def:rpminfo_object>
<red-def:rpminfo_object id="oval:com.redhat.rhba:obj:20192715068" version="637">
 <red-def:name>netcf-devel</red-def:name>
</red-def:rpminfo_object>
<red-def:rpminfo_object id="oval:com.redhat.rhba:obj:20192715069" version="637">
 <red-def:name>netcf-libs</red-def:name>
</red-def:rpminfo_object>
<red-def:rpminfo_object id="oval:com.redhat.rhba:obj:20192715070" version="637">
 <red-def:name>perl-Sys-Guestfs</red-def:name>
</red-def:rpminfo_object>
<red-def:rpminfo_object id="oval:com.redhat.rhba:obj:20192715071" version="637">
 <red-def:name>perl-Sys-Virt</red-def:name>
</red-def:rpminfo_object>
<red-def:rpminfo_object id="oval:com.redhat.rhba:obj:20192715072" version="637">
 <red-def:name>perl-hivex</red-def:name>
</red-def:rpminfo_object>
<red-def:rpminfo_object id="oval:com.redhat.rhba:obj:20192715073" version="637">
 <red-def:name>python3-hivex</red-def:name>
</red-def:rpminfo_object>
<red-def:rpminfo_object id="oval:com.redhat.rhba:obj:20192715074" version="637">
 <red-def:name>python3-libguestfs</red-def:name>
</red-def:rpminfo_object>
<red-def:rpminfo_object id="oval:com.redhat.rhba:obj:20192715075" version="637">
 <red-def:name>python3-libvirt</red-def:name>
</red-def:rpminfo_object>
<red-def:rpminfo_object id="oval:com.redhat.rhba:obj:20192715076" version="637">
 <red-def:name>qemu-guest-agent</red-def:name>
</red-def:rpminfo_object>
<red-def:rpminfo_object id="oval:com.redhat.rhba:obj:20192715077" version="637">
 <red-def:name>qemu-img</red-def:name>
</red-def:rpminfo_object>
<red-def:rpminfo_object id="oval:com.redhat.rhba:obj:20192715078" version="637">
 <red-def:name>qemu-kvm</red-def:name>
</red-def:rpminfo_object>
<red-def:rpminfo_object id="oval:com.redhat.rhba:obj:20192715079" version="637">
 <red-def:name>qemu-kvm-block-curl</red-def:name>
</red-def:rpminfo_object>
<red-def:rpminfo_object id="oval:com.redhat.rhba:obj:20192715080" version="637">
 <red-def:name>qemu-kvm-block-gluster</red-def:name>
</red-def:rpminfo_object>
<red-def:rpminfo_object id="oval:com.redhat.rhba:obj:20192715081" version="637">
 <red-def:name>qemu-kvm-block-iscsi</red-def:name>
</red-def:rpminfo_object>
<red-def:rpminfo_object id="oval:com.redhat.rhba:obj:20192715082" version="637">
 <red-def:name>qemu-kvm-block-rbd</red-def:name>
</red-def:rpminfo_object>
<red-def:rpminfo_object id="oval:com.redhat.rhba:obj:20192715083" version="637">
 <red-def:name>qemu-kvm-block-ssh</red-def:name>
</red-def:rpminfo_object>
<red-def:rpminfo_object id="oval:com.redhat.rhba:obj:20192715084" version="637">
 <red-def:name>qemu-kvm-common</red-def:name>
</red-def:rpminfo_object>
<red-def:rpminfo_object id="oval:com.redhat.rhba:obj:20192715085" version="637">
 <red-def:name>qemu-kvm-core</red-def:name>
</red-def:rpminfo_object>
<red-def:rpminfo_object id="oval:com.redhat.rhba:obj:20192715086" version="637">
 <red-def:name>ruby-hivex</red-def:name>
</red-def:rpminfo_object>
<red-def:rpminfo_object id="oval:com.redhat.rhba:obj:20192715087" version="637">
 <red-def:name>ruby-libguestfs</red-def:name>
</red-def:rpminfo_object>
<red-def:rpminfo_object id="oval:com.redhat.rhba:obj:20192715088" version="637">
 <red-def:name>seabios</red-def:name>
</red-def:rpminfo_object>
<red-def:rpminfo_object id="oval:com.redhat.rhba:obj:20192715089" version="637">
 <red-def:name>seabios-bin</red-def:name>
</red-def:rpminfo_object>
<red-def:rpminfo_object id="oval:com.redhat.rhba:obj:20192715090" version="637">
 <red-def:name>seavgabios-bin</red-def:name>
</red-def:rpminfo_object>
<red-def:rpminfo_object id="oval:com.redhat.rhba:obj:20192715091" version="637">
 <red-def:name>sgabios</red-def:name>
</red-def:rpminfo_object>
<red-def:rpminfo_object id="oval:com.redhat.rhba:obj:20192715092" version="637">
 <red-def:name>sgabios-bin</red-def:name>
</red-def:rpminfo_object>
<red-def:rpminfo_object id="oval:com.redhat.rhba:obj:20192715093" version="637">
 <red-def:name>supermin</red-def:name>
</red-def:rpminfo_object>
<red-def:rpminfo_object id="oval:com.redhat.rhba:obj:20192715094" version="637">
 <red-def:name>supermin-devel</red-def:name>
</red-def:rpminfo_object>
<red-def:rpminfo_object id="oval:com.redhat.rhba:obj:20192715095" version="637">
 <red-def:name>virt-dib</red-def:name>
</red-def:rpminfo_object>
<red-def:rpminfo_object id="oval:com.redhat.rhba:obj:20192715096" version="637">
 <red-def:name>virt-p2v-maker</red-def:name>
</red-def:rpminfo_object>
<red-def:rpminfo_object id="oval:com.redhat.rhba:obj:20192715097" version="637">
 <red-def:name>virt-v2v</red-def:name>
</red-def:rpminfo_object>
<ind-def:textfilecontent54_object id="oval:com.redhat.rhba:obj:20192715098" version="637">
 <ind-def:filepath datatype="string">/etc/dnf/modules.d/virt.module</ind-def:filepath>
 <ind-def:pattern operation="pattern match">\[virt\][\w\W]*</ind-def:pattern>
 <ind-def:instance datatype="int">1</ind-def:instance>
</ind-def:textfilecontent54_object>
<red-def:rpminfo_object id="oval:com.redhat.rhba:obj:20192715099" version="637">
 <red-def:name>libssh2-devel</red-def:name>
</red-def:rpminfo_object>
<red-def:rpminfo_object id="oval:com.redhat.rhba:obj:20192715100" version="637">
 <red-def:name>libssh2-docs</red-def:name>
</red-def:rpminfo_object>
<red-def:rpminfo_object id="oval:com.redhat.rhba:obj:20192715101" version="637">
 <red-def:name>ocaml-hivex</red-def:name>
</red-def:rpminfo_object>
<red-def:rpminfo_object id="oval:com.redhat.rhba:obj:20192715102" version="637">
 <red-def:name>ocaml-hivex-devel</red-def:name>
</red-def:rpminfo_object>
<red-def:rpminfo_object id="oval:com.redhat.rhba:obj:20192715103" version="637">
 <red-def:name>ocaml-libguestfs</red-def:name>
</red-def:rpminfo_object>
<red-def:rpminfo_object id="oval:com.redhat.rhba:obj:20192715104" version="637">
 <red-def:name>ocaml-libguestfs-devel</red-def:name>
</red-def:rpminfo_object>
<red-def:rpminfo_object id="oval:com.redhat.rhba:obj:20192715105" version="637">
 <red-def:name>qemu-kvm-tests</red-def:name>
</red-def:rpminfo_object>
<ind-def:textfilecontent54_object id="oval:com.redhat.rhba:obj:20192715106" version="637">
 <ind-def:filepath datatype="string">/etc/dnf/modules.d/virt-devel.module</ind-def:filepath>
 <ind-def:pattern operation="pattern match">\[virt\-devel\][\w\W]*</ind-def:pattern>
 <ind-def:instance datatype="int">1</ind-def:instance>
</ind-def:textfilecontent54_object>
<red-def:rpminfo_object id="oval:com.redhat.rhba:obj:20193384001" version="638">
 <red-def:name>ruby</red-def:name>
</red-def:rpminfo_object>
<red-def:rpminfo_object id="oval:com.redhat.rhba:obj:20193384002" version="638">
 <red-def:name>ruby-devel</red-def:name>
</red-def:rpminfo_object>
<red-def:rpminfo_object id="oval:com.redhat.rhba:obj:20193384003" version="638">
 <red-def:name>ruby-doc</red-def:name>
</red-def:rpminfo_object>
<red-def:rpminfo_object id="oval:com.redhat.rhba:obj:20193384004" version="638">
 <red-def:name>ruby-irb</red-def:name>
</red-def:rpminfo_object>
<red-def:rpminfo_object id="oval:com.redhat.rhba:obj:20193384005" version="638">
 <red-def:name>ruby-libs</red-def:name>
</red-def:rpminfo_object>
<red-def:rpminfo_object id="oval:com.redhat.rhba:obj:20193384006" version="638">
 <red-def:name>rubygem-abrt</red-def:name>
</red-def:rpminfo_object>
<red-def:rpminfo_object id="oval:com.redhat.rhba:obj:20193384007" version="638">
 <red-def:name>rubygem-abrt-doc</red-def:name>
</red-def:rpminfo_object>
<red-def:rpminfo_object id="oval:com.redhat.rhba:obj:20193384008" version="638">
 <red-def:name>rubygem-bigdecimal</red-def:name>
</red-def:rpminfo_object>
<red-def:rpminfo_object id="oval:com.redhat.rhba:obj:20193384009" version="638">
 <red-def:name>rubygem-bson</red-def:name>
</red-def:rpminfo_object>
<red-def:rpminfo_object id="oval:com.redhat.rhba:obj:20193384010" version="638">
 <red-def:name>rubygem-bson-doc</red-def:name>
</red-def:rpminfo_object>
<red-def:rpminfo_object id="oval:com.redhat.rhba:obj:20193384011" version="638">
 <red-def:name>rubygem-bundler</red-def:name>
</red-def:rpminfo_object>
<red-def:rpminfo_object id="oval:com.redhat.rhba:obj:20193384012" version="638">
 <red-def:name>rubygem-bundler-doc</red-def:name>
</red-def:rpminfo_object>
<red-def:rpminfo_object id="oval:com.redhat.rhba:obj:20193384013" version="638">
 <red-def:name>rubygem-did_you_mean</red-def:name>
</red-def:rpminfo_object>
<red-def:rpminfo_object id="oval:com.redhat.rhba:obj:20193384014" version="638">
 <red-def:name>rubygem-io-console</red-def:name>
</red-def:rpminfo_object>
<red-def:rpminfo_object id="oval:com.redhat.rhba:obj:20193384015" version="638">
 <red-def:name>rubygem-json</red-def:name>
</red-def:rpminfo_object>
<red-def:rpminfo_object id="oval:com.redhat.rhba:obj:20193384016" version="638">
 <red-def:name>rubygem-minitest</red-def:name>
</red-def:rpminfo_object>
<red-def:rpminfo_object id="oval:com.redhat.rhba:obj:20193384017" version="638">
 <red-def:name>rubygem-mongo</red-def:name>
</red-def:rpminfo_object>
<red-def:rpminfo_object id="oval:com.redhat.rhba:obj:20193384018" version="638">
 <red-def:name>rubygem-mongo-doc</red-def:name>
</red-def:rpminfo_object>
<red-def:rpminfo_object id="oval:com.redhat.rhba:obj:20193384019" version="638">
 <red-def:name>rubygem-mysql2</red-def:name>
</red-def:rpminfo_object>
<red-def:rpminfo_object id="oval:com.redhat.rhba:obj:20193384020" version="638">
 <red-def:name>rubygem-mysql2-doc</red-def:name>
</red-def:rpminfo_object>
<red-def:rpminfo_object id="oval:com.redhat.rhba:obj:20193384021" version="638">
 <red-def:name>rubygem-net-telnet</red-def:name>
</red-def:rpminfo_object>
<red-def:rpminfo_object id="oval:com.redhat.rhba:obj:20193384022" version="638">
 <red-def:name>rubygem-openssl</red-def:name>
</red-def:rpminfo_object>
<red-def:rpminfo_object id="oval:com.redhat.rhba:obj:20193384023" version="638">
 <red-def:name>rubygem-pg</red-def:name>
</red-def:rpminfo_object>
<red-def:rpminfo_object id="oval:com.redhat.rhba:obj:20193384024" version="638">
 <red-def:name>rubygem-pg-doc</red-def:name>
</red-def:rpminfo_object>
<red-def:rpminfo_object id="oval:com.redhat.rhba:obj:20193384025" version="638">
 <red-def:name>rubygem-power_assert</red-def:name>
</red-def:rpminfo_object>
<red-def:rpminfo_object id="oval:com.redhat.rhba:obj:20193384026" version="638">
 <red-def:name>rubygem-psych</red-def:name>
</red-def:rpminfo_object>
<red-def:rpminfo_object id="oval:com.redhat.rhba:obj:20193384027" version="638">
 <red-def:name>rubygem-rake</red-def:name>
</red-def:rpminfo_object>
<red-def:rpminfo_object id="oval:com.redhat.rhba:obj:20193384028" version="638">
 <red-def:name>rubygem-rdoc</red-def:name>
</red-def:rpminfo_object>
<red-def:rpminfo_object id="oval:com.redhat.rhba:obj:20193384029" version="638">
 <red-def:name>rubygem-test-unit</red-def:name>
</red-def:rpminfo_object>
<red-def:rpminfo_object id="oval:com.redhat.rhba:obj:20193384030" version="638">
 <red-def:name>rubygem-xmlrpc</red-def:name>
</red-def:rpminfo_object>
<red-def:rpminfo_object id="oval:com.redhat.rhba:obj:20193384031" version="638">
 <red-def:name>rubygems</red-def:name>
</red-def:rpminfo_object>
<red-def:rpminfo_object id="oval:com.redhat.rhba:obj:20193384032" version="638">
 <red-def:name>rubygems-devel</red-def:name>
</red-def:rpminfo_object>
<ind-def:textfilecontent54_object id="oval:com.redhat.rhba:obj:20193384033" version="638">
 <ind-def:filepath datatype="string">/etc/dnf/modules.d/ruby.module</ind-def:filepath>
 <ind-def:pattern operation="pattern match">\[ruby\][\w\W]*</ind-def:pattern>
 <ind-def:instance datatype="int">1</ind-def:instance>
</ind-def:textfilecontent54_object>
<red-def:rpminfo_object id="oval:com.redhat.rhba:obj:20193408001" version="635">
 <red-def:name>openjpeg2</red-def:name>
</red-def:rpminfo_object>
<red-def:rpminfo_object id="oval:com.redhat.rhba:obj:20193408002" version="635">
 <red-def:name>openjpeg2-devel</red-def:name>
</red-def:rpminfo_object>
<red-def:rpminfo_object id="oval:com.redhat.rhba:obj:20193408003" version="635">
 <red-def:name>openjpeg2-devel-docs</red-def:name>
</red-def:rpminfo_object>
<red-def:rpminfo_object id="oval:com.redhat.rhba:obj:20193408004" version="635">
 <red-def:name>openjpeg2-tools</red-def:name>
</red-def:rpminfo_object>
<red-def:rpminfo_object id="oval:com.redhat.rhba:obj:20193416001" version="637">
 <red-def:name>apache-commons-collections</red-def:name>
</red-def:rpminfo_object>
<red-def:rpminfo_object id="oval:com.redhat.rhba:obj:20193416002" version="637">
 <red-def:name>apache-commons-lang</red-def:name>
</red-def:rpminfo_object>
<red-def:rpminfo_object id="oval:com.redhat.rhba:obj:20193416003" version="637">
 <red-def:name>bea-stax-api</red-def:name>
</red-def:rpminfo_object>
<red-def:rpminfo_object id="oval:com.redhat.rhba:obj:20193416004" version="637">
 <red-def:name>glassfish-fastinfoset</red-def:name>
</red-def:rpminfo_object>
<red-def:rpminfo_object id="oval:com.redhat.rhba:obj:20193416005" version="637">
 <red-def:name>glassfish-jaxb-api</red-def:name>
</red-def:rpminfo_object>
<red-def:rpminfo_object id="oval:com.redhat.rhba:obj:20193416006" version="637">
 <red-def:name>glassfish-jaxb-core</red-def:name>
</red-def:rpminfo_object>
<red-def:rpminfo_object id="oval:com.redhat.rhba:obj:20193416007" version="637">
 <red-def:name>glassfish-jaxb-runtime</red-def:name>
</red-def:rpminfo_object>
<red-def:rpminfo_object id="oval:com.redhat.rhba:obj:20193416008" version="637">
 <red-def:name>glassfish-jaxb-txw2</red-def:name>
</red-def:rpminfo_object>
<red-def:rpminfo_object id="oval:com.redhat.rhba:obj:20193416009" version="637">
 <red-def:name>jackson-annotations</red-def:name>
</red-def:rpminfo_object>
<red-def:rpminfo_object id="oval:com.redhat.rhba:obj:20193416010" version="637">
 <red-def:name>jackson-core</red-def:name>
</red-def:rpminfo_object>
<red-def:rpminfo_object id="oval:com.redhat.rhba:obj:20193416011" version="637">
 <red-def:name>jackson-databind</red-def:name>
</red-def:rpminfo_object>
<red-def:rpminfo_object id="oval:com.redhat.rhba:obj:20193416012" version="637">
 <red-def:name>jackson-jaxrs-json-provider</red-def:name>
</red-def:rpminfo_object>
<red-def:rpminfo_object id="oval:com.redhat.rhba:obj:20193416013" version="637">
 <red-def:name>jackson-jaxrs-providers</red-def:name>
</red-def:rpminfo_object>
<red-def:rpminfo_object id="oval:com.redhat.rhba:obj:20193416014" version="637">
 <red-def:name>jackson-module-jaxb-annotations</red-def:name>
</red-def:rpminfo_object>
<red-def:rpminfo_object id="oval:com.redhat.rhba:obj:20193416015" version="637">
 <red-def:name>jakarta-commons-httpclient</red-def:name>
</red-def:rpminfo_object>
<red-def:rpminfo_object id="oval:com.redhat.rhba:obj:20193416016" version="637">
 <red-def:name>javassist</red-def:name>
</red-def:rpminfo_object>
<red-def:rpminfo_object id="oval:com.redhat.rhba:obj:20193416017" version="637">
 <red-def:name>javassist-javadoc</red-def:name>
</red-def:rpminfo_object>
<red-def:rpminfo_object id="oval:com.redhat.rhba:obj:20193416018" version="637">
 <red-def:name>pki-servlet-4.0-api</red-def:name>
</red-def:rpminfo_object>
<red-def:rpminfo_object id="oval:com.redhat.rhba:obj:20193416019" version="637">
 <red-def:name>pki-servlet-engine</red-def:name>
</red-def:rpminfo_object>
<red-def:rpminfo_object id="oval:com.redhat.rhba:obj:20193416020" version="637">
 <red-def:name>python-nss-doc</red-def:name>
</red-def:rpminfo_object>
<red-def:rpminfo_object id="oval:com.redhat.rhba:obj:20193416021" version="637">
 <red-def:name>python3-nss</red-def:name>
</red-def:rpminfo_object>
<red-def:rpminfo_object id="oval:com.redhat.rhba:obj:20193416022" version="637">
 <red-def:name>relaxngDatatype</red-def:name>
</red-def:rpminfo_object>
<red-def:rpminfo_object id="oval:com.redhat.rhba:obj:20193416023" version="637">
 <red-def:name>resteasy</red-def:name>
</red-def:rpminfo_object>
<red-def:rpminfo_object id="oval:com.redhat.rhba:obj:20193416024" version="637">
 <red-def:name>slf4j</red-def:name>
</red-def:rpminfo_object>
<red-def:rpminfo_object id="oval:com.redhat.rhba:obj:20193416025" version="637">
 <red-def:name>slf4j-jdk14</red-def:name>
</red-def:rpminfo_object>
<red-def:rpminfo_object id="oval:com.redhat.rhba:obj:20193416026" version="637">
 <red-def:name>stax-ex</red-def:name>
</red-def:rpminfo_object>
<red-def:rpminfo_object id="oval:com.redhat.rhba:obj:20193416027" version="637">
 <red-def:name>velocity</red-def:name>
</red-def:rpminfo_object>
<red-def:rpminfo_object id="oval:com.redhat.rhba:obj:20193416028" version="637">
 <red-def:name>xalan-j2</red-def:name>
</red-def:rpminfo_object>
<red-def:rpminfo_object id="oval:com.redhat.rhba:obj:20193416029" version="637">
 <red-def:name>xerces-j2</red-def:name>
</red-def:rpminfo_object>
<red-def:rpminfo_object id="oval:com.redhat.rhba:obj:20193416030" version="637">
 <red-def:name>xml-commons-apis</red-def:name>
</red-def:rpminfo_object>
<red-def:rpminfo_object id="oval:com.redhat.rhba:obj:20193416031" version="637">
 <red-def:name>xml-commons-resolver</red-def:name>
</red-def:rpminfo_object>
<red-def:rpminfo_object id="oval:com.redhat.rhba:obj:20193416032" version="637">
 <red-def:name>xmlstreambuffer</red-def:name>
</red-def:rpminfo_object>
<red-def:rpminfo_object id="oval:com.redhat.rhba:obj:20193416033" version="637">
 <red-def:name>xsom</red-def:name>
</red-def:rpminfo_object>
<ind-def:textfilecontent54_object id="oval:com.redhat.rhba:obj:20193416034" version="637">
 <ind-def:filepath datatype="string">/etc/dnf/modules.d/pki-deps.module</ind-def:filepath>
 <ind-def:pattern operation="pattern match">\[pki\-deps\][\w\W]*</ind-def:pattern>
 <ind-def:instance datatype="int">1</ind-def:instance>
</ind-def:textfilecontent54_object>
<red-def:rpminfo_object id="oval:com.redhat.rhba:obj:20193416035" version="637">
 <red-def:name>jss</red-def:name>
</red-def:rpminfo_object>
<red-def:rpminfo_object id="oval:com.redhat.rhba:obj:20193416036" version="637">
 <red-def:name>jss-javadoc</red-def:name>
</red-def:rpminfo_object>
<red-def:rpminfo_object id="oval:com.redhat.rhba:obj:20193416037" version="637">
 <red-def:name>ldapjdk</red-def:name>
</red-def:rpminfo_object>
<red-def:rpminfo_object id="oval:com.redhat.rhba:obj:20193416038" version="637">
 <red-def:name>ldapjdk-javadoc</red-def:name>
</red-def:rpminfo_object>
<red-def:rpminfo_object id="oval:com.redhat.rhba:obj:20193416039" version="637">
 <red-def:name>pki-base</red-def:name>
</red-def:rpminfo_object>
<red-def:rpminfo_object id="oval:com.redhat.rhba:obj:20193416040" version="637">
 <red-def:name>pki-base-java</red-def:name>
</red-def:rpminfo_object>
<red-def:rpminfo_object id="oval:com.redhat.rhba:obj:20193416041" version="637">
 <red-def:name>pki-ca</red-def:name>
</red-def:rpminfo_object>
<red-def:rpminfo_object id="oval:com.redhat.rhba:obj:20193416042" version="637">
 <red-def:name>pki-kra</red-def:name>
</red-def:rpminfo_object>
<red-def:rpminfo_object id="oval:com.redhat.rhba:obj:20193416043" version="637">
 <red-def:name>pki-server</red-def:name>
</red-def:rpminfo_object>
<red-def:rpminfo_object id="oval:com.redhat.rhba:obj:20193416044" version="637">
 <red-def:name>pki-symkey</red-def:name>
</red-def:rpminfo_object>
<red-def:rpminfo_object id="oval:com.redhat.rhba:obj:20193416045" version="637">
 <red-def:name>pki-tools</red-def:name>
</red-def:rpminfo_object>
<red-def:rpminfo_object id="oval:com.redhat.rhba:obj:20193416046" version="637">
 <red-def:name>python3-pki</red-def:name>
</red-def:rpminfo_object>
<red-def:rpminfo_object id="oval:com.redhat.rhba:obj:20193416047" version="637">
 <red-def:name>tomcatjss</red-def:name>
</red-def:rpminfo_object>
<ind-def:textfilecontent54_object id="oval:com.redhat.rhba:obj:20193416048" version="637">
 <ind-def:filepath datatype="string">/etc/dnf/modules.d/pki-core.module</ind-def:filepath>
 <ind-def:pattern operation="pattern match">\[pki\-core\][\w\W]*</ind-def:pattern>
 <ind-def:instance datatype="int">1</ind-def:instance>
</ind-def:textfilecontent54_object>
<red-def:rpminfo_object id="oval:com.redhat.rhba:obj:20193621001" version="635">
 <red-def:name>idn2</red-def:name>
</red-def:rpminfo_object>
<red-def:rpminfo_object id="oval:com.redhat.rhba:obj:20193621002" version="635">
 <red-def:name>libidn2</red-def:name>
</red-def:rpminfo_object>
<red-def:rpminfo_object id="oval:com.redhat.rhba:obj:20193621003" version="635">
 <red-def:name>libidn2-devel</red-def:name>
</red-def:rpminfo_object>
<red-def:rpminfo_object id="oval:com.redhat.rhba:obj:20193674001" version="635">
 <red-def:name>openldap</red-def:name>
</red-def:rpminfo_object>
<red-def:rpminfo_object id="oval:com.redhat.rhba:obj:20193674002" version="635">
 <red-def:name>openldap-clients</red-def:name>
</red-def:rpminfo_object>
<red-def:rpminfo_object id="oval:com.redhat.rhba:obj:20193674003" version="635">
 <red-def:name>openldap-devel</red-def:name>
</red-def:rpminfo_object>
<red-def:rpminfo_object id="oval:com.redhat.rhba:obj:20194268001" version="635">
 <red-def:name>bind-dyndb-ldap</red-def:name>
</red-def:rpminfo_object>
<red-def:rpminfo_object id="oval:com.redhat.rhba:obj:20194268002" version="635">
 <red-def:name>custodia</red-def:name>
</red-def:rpminfo_object>
<red-def:rpminfo_object id="oval:com.redhat.rhba:obj:20194268003" version="635">
 <red-def:name>ipa-client</red-def:name>
</red-def:rpminfo_object>
<red-def:rpminfo_object id="oval:com.redhat.rhba:obj:20194268004" version="635">
 <red-def:name>ipa-client-common</red-def:name>
</red-def:rpminfo_object>
<red-def:rpminfo_object id="oval:com.redhat.rhba:obj:20194268005" version="635">
 <red-def:name>ipa-client-samba</red-def:name>
</red-def:rpminfo_object>
<red-def:rpminfo_object id="oval:com.redhat.rhba:obj:20194268006" version="635">
 <red-def:name>ipa-common</red-def:name>
</red-def:rpminfo_object>
<red-def:rpminfo_object id="oval:com.redhat.rhba:obj:20194268007" version="635">
 <red-def:name>ipa-healthcheck</red-def:name>
</red-def:rpminfo_object>
<red-def:rpminfo_object id="oval:com.redhat.rhba:obj:20194268008" version="635">
 <red-def:name>ipa-idoverride-memberof-plugin</red-def:name>
</red-def:rpminfo_object>
<red-def:rpminfo_object id="oval:com.redhat.rhba:obj:20194268009" version="635">
 <red-def:name>ipa-python-compat</red-def:name>
</red-def:rpminfo_object>
<red-def:rpminfo_object id="oval:com.redhat.rhba:obj:20194268010" version="635">
 <red-def:name>ipa-server</red-def:name>
</red-def:rpminfo_object>
<red-def:rpminfo_object id="oval:com.redhat.rhba:obj:20194268011" version="635">
 <red-def:name>ipa-server-common</red-def:name>
</red-def:rpminfo_object>
<red-def:rpminfo_object id="oval:com.redhat.rhba:obj:20194268012" version="635">
 <red-def:name>ipa-server-dns</red-def:name>
</red-def:rpminfo_object>
<red-def:rpminfo_object id="oval:com.redhat.rhba:obj:20194268013" version="635">
 <red-def:name>ipa-server-trust-ad</red-def:name>
</red-def:rpminfo_object>
<red-def:rpminfo_object id="oval:com.redhat.rhba:obj:20194268014" version="635">
 <red-def:name>opendnssec</red-def:name>
</red-def:rpminfo_object>
<red-def:rpminfo_object id="oval:com.redhat.rhba:obj:20194268015" version="635">
 <red-def:name>python3-custodia</red-def:name>
</red-def:rpminfo_object>
<red-def:rpminfo_object id="oval:com.redhat.rhba:obj:20194268016" version="635">
 <red-def:name>python3-ipaclient</red-def:name>
</red-def:rpminfo_object>
<red-def:rpminfo_object id="oval:com.redhat.rhba:obj:20194268017" version="635">
 <red-def:name>python3-ipalib</red-def:name>
</red-def:rpminfo_object>
<red-def:rpminfo_object id="oval:com.redhat.rhba:obj:20194268018" version="635">
 <red-def:name>python3-ipaserver</red-def:name>
</red-def:rpminfo_object>
<red-def:rpminfo_object id="oval:com.redhat.rhba:obj:20194268019" version="635">
 <red-def:name>python3-jwcrypto</red-def:name>
</red-def:rpminfo_object>
<red-def:rpminfo_object id="oval:com.redhat.rhba:obj:20194268020" version="635">
 <red-def:name>python3-kdcproxy</red-def:name>
</red-def:rpminfo_object>
<red-def:rpminfo_object id="oval:com.redhat.rhba:obj:20194268021" version="635">
 <red-def:name>python3-pyusb</red-def:name>
</red-def:rpminfo_object>
<red-def:rpminfo_object id="oval:com.redhat.rhba:obj:20194268022" version="635">
 <red-def:name>python3-qrcode</red-def:name>
</red-def:rpminfo_object>
<red-def:rpminfo_object id="oval:com.redhat.rhba:obj:20194268023" version="635">
 <red-def:name>python3-qrcode-core</red-def:name>
</red-def:rpminfo_object>
<red-def:rpminfo_object id="oval:com.redhat.rhba:obj:20194268024" version="635">
 <red-def:name>python3-yubico</red-def:name>
</red-def:rpminfo_object>
<red-def:rpminfo_object id="oval:com.redhat.rhba:obj:20194268025" version="635">
 <red-def:name>slapi-nis</red-def:name>
</red-def:rpminfo_object>
<red-def:rpminfo_object id="oval:com.redhat.rhba:obj:20194268026" version="635">
 <red-def:name>softhsm</red-def:name>
</red-def:rpminfo_object>
<red-def:rpminfo_object id="oval:com.redhat.rhba:obj:20194268027" version="635">
 <red-def:name>softhsm-devel</red-def:name>
</red-def:rpminfo_object>
<ind-def:textfilecontent54_object id="oval:com.redhat.rhba:obj:20194268028" version="635">
 <ind-def:filepath datatype="string">/etc/dnf/modules.d/idm.module</ind-def:filepath>
 <ind-def:pattern operation="pattern match">\[idm\][\w\W]*</ind-def:pattern>
 <ind-def:instance datatype="int">1</ind-def:instance>
</ind-def:textfilecontent54_object>
<red-def:rpminfo_object id="oval:com.redhat.rhba:obj:20201376001" version="636">
 <red-def:name>net-snmp</red-def:name>
</red-def:rpminfo_object>
<red-def:rpminfo_object id="oval:com.redhat.rhba:obj:20201376002" version="636">
 <red-def:name>net-snmp-agent-libs</red-def:name>
</red-def:rpminfo_object>
<red-def:rpminfo_object id="oval:com.redhat.rhba:obj:20201376003" version="636">
 <red-def:name>net-snmp-devel</red-def:name>
</red-def:rpminfo_object>
<red-def:rpminfo_object id="oval:com.redhat.rhba:obj:20201376004" version="636">
 <red-def:name>net-snmp-libs</red-def:name>
</red-def:rpminfo_object>
<red-def:rpminfo_object id="oval:com.redhat.rhba:obj:20201376005" version="636">
 <red-def:name>net-snmp-utils</red-def:name>
</red-def:rpminfo_object>
<red-def:rpminfo_object id="oval:com.redhat.rhba:obj:20201628001" version="636">
 <red-def:name>pcp</red-def:name>
</red-def:rpminfo_object>
<red-def:rpminfo_object id="oval:com.redhat.rhba:obj:20201628002" version="636">
 <red-def:name>pcp-conf</red-def:name>
</red-def:rpminfo_object>
<red-def:rpminfo_object id="oval:com.redhat.rhba:obj:20201628003" version="636">
 <red-def:name>pcp-devel</red-def:name>
</red-def:rpminfo_object>
<red-def:rpminfo_object id="oval:com.redhat.rhba:obj:20201628004" version="636">
 <red-def:name>pcp-doc</red-def:name>
</red-def:rpminfo_object>
<red-def:rpminfo_object id="oval:com.redhat.rhba:obj:20201628005" version="636">
 <red-def:name>pcp-export-pcp2elasticsearch</red-def:name>
</red-def:rpminfo_object>
<red-def:rpminfo_object id="oval:com.redhat.rhba:obj:20201628006" version="636">
 <red-def:name>pcp-export-pcp2graphite</red-def:name>
</red-def:rpminfo_object>
<red-def:rpminfo_object id="oval:com.redhat.rhba:obj:20201628007" version="636">
 <red-def:name>pcp-export-pcp2influxdb</red-def:name>
</red-def:rpminfo_object>
<red-def:rpminfo_object id="oval:com.redhat.rhba:obj:20201628008" version="636">
 <red-def:name>pcp-export-pcp2json</red-def:name>
</red-def:rpminfo_object>
<red-def:rpminfo_object id="oval:com.redhat.rhba:obj:20201628009" version="636">
 <red-def:name>pcp-export-pcp2spark</red-def:name>
</red-def:rpminfo_object>
<red-def:rpminfo_object id="oval:com.redhat.rhba:obj:20201628010" version="636">
 <red-def:name>pcp-export-pcp2xml</red-def:name>
</red-def:rpminfo_object>
<red-def:rpminfo_object id="oval:com.redhat.rhba:obj:20201628011" version="636">
 <red-def:name>pcp-export-pcp2zabbix</red-def:name>
</red-def:rpminfo_object>
<red-def:rpminfo_object id="oval:com.redhat.rhba:obj:20201628012" version="636">
 <red-def:name>pcp-export-zabbix-agent</red-def:name>
</red-def:rpminfo_object>
<red-def:rpminfo_object id="oval:com.redhat.rhba:obj:20201628013" version="636">
 <red-def:name>pcp-gui</red-def:name>
</red-def:rpminfo_object>
<red-def:rpminfo_object id="oval:com.redhat.rhba:obj:20201628014" version="636">
 <red-def:name>pcp-import-collectl2pcp</red-def:name>
</red-def:rpminfo_object>
<red-def:rpminfo_object id="oval:com.redhat.rhba:obj:20201628015" version="636">
 <red-def:name>pcp-import-ganglia2pcp</red-def:name>
</red-def:rpminfo_object>
<red-def:rpminfo_object id="oval:com.redhat.rhba:obj:20201628016" version="636">
 <red-def:name>pcp-import-iostat2pcp</red-def:name>
</red-def:rpminfo_object>
<red-def:rpminfo_object id="oval:com.redhat.rhba:obj:20201628017" version="636">
 <red-def:name>pcp-import-mrtg2pcp</red-def:name>
</red-def:rpminfo_object>
<red-def:rpminfo_object id="oval:com.redhat.rhba:obj:20201628018" version="636">
 <red-def:name>pcp-import-sar2pcp</red-def:name>
</red-def:rpminfo_object>
<red-def:rpminfo_object id="oval:com.redhat.rhba:obj:20201628019" version="636">
 <red-def:name>pcp-libs</red-def:name>
</red-def:rpminfo_object>
<red-def:rpminfo_object id="oval:com.redhat.rhba:obj:20201628020" version="636">
 <red-def:name>pcp-libs-devel</red-def:name>
</red-def:rpminfo_object>
<red-def:rpminfo_object id="oval:com.redhat.rhba:obj:20201628021" version="636">
 <red-def:name>pcp-manager</red-def:name>
</red-def:rpminfo_object>
<red-def:rpminfo_object id="oval:com.redhat.rhba:obj:20201628022" version="636">
 <red-def:name>pcp-pmda-activemq</red-def:name>
</red-def:rpminfo_object>
<red-def:rpminfo_object id="oval:com.redhat.rhba:obj:20201628023" version="636">
 <red-def:name>pcp-pmda-apache</red-def:name>
</red-def:rpminfo_object>
<red-def:rpminfo_object id="oval:com.redhat.rhba:obj:20201628024" version="636">
 <red-def:name>pcp-pmda-bash</red-def:name>
</red-def:rpminfo_object>
<red-def:rpminfo_object id="oval:com.redhat.rhba:obj:20201628025" version="636">
 <red-def:name>pcp-pmda-bcc</red-def:name>
</red-def:rpminfo_object>
<red-def:rpminfo_object id="oval:com.redhat.rhba:obj:20201628026" version="636">
 <red-def:name>pcp-pmda-bind2</red-def:name>
</red-def:rpminfo_object>
<red-def:rpminfo_object id="oval:com.redhat.rhba:obj:20201628027" version="636">
 <red-def:name>pcp-pmda-bonding</red-def:name>
</red-def:rpminfo_object>
<red-def:rpminfo_object id="oval:com.redhat.rhba:obj:20201628028" version="636">
 <red-def:name>pcp-pmda-bpftrace</red-def:name>
</red-def:rpminfo_object>
<red-def:rpminfo_object id="oval:com.redhat.rhba:obj:20201628029" version="636">
 <red-def:name>pcp-pmda-cifs</red-def:name>
</red-def:rpminfo_object>
<red-def:rpminfo_object id="oval:com.redhat.rhba:obj:20201628030" version="636">
 <red-def:name>pcp-pmda-cisco</red-def:name>
</red-def:rpminfo_object>
<red-def:rpminfo_object id="oval:com.redhat.rhba:obj:20201628031" version="636">
 <red-def:name>pcp-pmda-dbping</red-def:name>
</red-def:rpminfo_object>
<red-def:rpminfo_object id="oval:com.redhat.rhba:obj:20201628032" version="636">
 <red-def:name>pcp-pmda-dm</red-def:name>
</red-def:rpminfo_object>
<red-def:rpminfo_object id="oval:com.redhat.rhba:obj:20201628033" version="636">
 <red-def:name>pcp-pmda-docker</red-def:name>
</red-def:rpminfo_object>
<red-def:rpminfo_object id="oval:com.redhat.rhba:obj:20201628034" version="636">
 <red-def:name>pcp-pmda-ds389</red-def:name>
</red-def:rpminfo_object>
<red-def:rpminfo_object id="oval:com.redhat.rhba:obj:20201628035" version="636">
 <red-def:name>pcp-pmda-ds389log</red-def:name>
</red-def:rpminfo_object>
<red-def:rpminfo_object id="oval:com.redhat.rhba:obj:20201628036" version="636">
 <red-def:name>pcp-pmda-elasticsearch</red-def:name>
</red-def:rpminfo_object>
<red-def:rpminfo_object id="oval:com.redhat.rhba:obj:20201628037" version="636">
 <red-def:name>pcp-pmda-gfs2</red-def:name>
</red-def:rpminfo_object>
<red-def:rpminfo_object id="oval:com.redhat.rhba:obj:20201628038" version="636">
 <red-def:name>pcp-pmda-gluster</red-def:name>
</red-def:rpminfo_object>
<red-def:rpminfo_object id="oval:com.redhat.rhba:obj:20201628039" version="636">
 <red-def:name>pcp-pmda-gpfs</red-def:name>
</red-def:rpminfo_object>
<red-def:rpminfo_object id="oval:com.redhat.rhba:obj:20201628040" version="636">
 <red-def:name>pcp-pmda-gpsd</red-def:name>
</red-def:rpminfo_object>
<red-def:rpminfo_object id="oval:com.redhat.rhba:obj:20201628041" version="636">
 <red-def:name>pcp-pmda-haproxy</red-def:name>
</red-def:rpminfo_object>
<red-def:rpminfo_object id="oval:com.redhat.rhba:obj:20201628042" version="636">
 <red-def:name>pcp-pmda-infiniband</red-def:name>
</red-def:rpminfo_object>
<red-def:rpminfo_object id="oval:com.redhat.rhba:obj:20201628043" version="636">
 <red-def:name>pcp-pmda-json</red-def:name>
</red-def:rpminfo_object>
<red-def:rpminfo_object id="oval:com.redhat.rhba:obj:20201628044" version="636">
 <red-def:name>pcp-pmda-libvirt</red-def:name>
</red-def:rpminfo_object>
<red-def:rpminfo_object id="oval:com.redhat.rhba:obj:20201628045" version="636">
 <red-def:name>pcp-pmda-lio</red-def:name>
</red-def:rpminfo_object>
<red-def:rpminfo_object id="oval:com.redhat.rhba:obj:20201628046" version="636">
 <red-def:name>pcp-pmda-lmsensors</red-def:name>
</red-def:rpminfo_object>
<red-def:rpminfo_object id="oval:com.redhat.rhba:obj:20201628047" version="636">
 <red-def:name>pcp-pmda-logger</red-def:name>
</red-def:rpminfo_object>
<red-def:rpminfo_object id="oval:com.redhat.rhba:obj:20201628048" version="636">
 <red-def:name>pcp-pmda-lustre</red-def:name>
</red-def:rpminfo_object>
<red-def:rpminfo_object id="oval:com.redhat.rhba:obj:20201628049" version="636">
 <red-def:name>pcp-pmda-lustrecomm</red-def:name>
</red-def:rpminfo_object>
<red-def:rpminfo_object id="oval:com.redhat.rhba:obj:20201628050" version="636">
 <red-def:name>pcp-pmda-mailq</red-def:name>
</red-def:rpminfo_object>
<red-def:rpminfo_object id="oval:com.redhat.rhba:obj:20201628051" version="636">
 <red-def:name>pcp-pmda-memcache</red-def:name>
</red-def:rpminfo_object>
<red-def:rpminfo_object id="oval:com.redhat.rhba:obj:20201628052" version="636">
 <red-def:name>pcp-pmda-mic</red-def:name>
</red-def:rpminfo_object>
<red-def:rpminfo_object id="oval:com.redhat.rhba:obj:20201628053" version="636">
 <red-def:name>pcp-pmda-mounts</red-def:name>
</red-def:rpminfo_object>
<red-def:rpminfo_object id="oval:com.redhat.rhba:obj:20201628054" version="636">
 <red-def:name>pcp-pmda-mssql</red-def:name>
</red-def:rpminfo_object>
<red-def:rpminfo_object id="oval:com.redhat.rhba:obj:20201628055" version="636">
 <red-def:name>pcp-pmda-mysql</red-def:name>
</red-def:rpminfo_object>
<red-def:rpminfo_object id="oval:com.redhat.rhba:obj:20201628056" version="636">
 <red-def:name>pcp-pmda-named</red-def:name>
</red-def:rpminfo_object>
<red-def:rpminfo_object id="oval:com.redhat.rhba:obj:20201628057" version="636">
 <red-def:name>pcp-pmda-netcheck</red-def:name>
</red-def:rpminfo_object>
<red-def:rpminfo_object id="oval:com.redhat.rhba:obj:20201628058" version="636">
 <red-def:name>pcp-pmda-netfilter</red-def:name>
</red-def:rpminfo_object>
<red-def:rpminfo_object id="oval:com.redhat.rhba:obj:20201628059" version="636">
 <red-def:name>pcp-pmda-news</red-def:name>
</red-def:rpminfo_object>
<red-def:rpminfo_object id="oval:com.redhat.rhba:obj:20201628060" version="636">
 <red-def:name>pcp-pmda-nfsclient</red-def:name>
</red-def:rpminfo_object>
<red-def:rpminfo_object id="oval:com.redhat.rhba:obj:20201628061" version="636">
 <red-def:name>pcp-pmda-nginx</red-def:name>
</red-def:rpminfo_object>
<red-def:rpminfo_object id="oval:com.redhat.rhba:obj:20201628062" version="636">
 <red-def:name>pcp-pmda-nvidia-gpu</red-def:name>
</red-def:rpminfo_object>
<red-def:rpminfo_object id="oval:com.redhat.rhba:obj:20201628063" version="636">
 <red-def:name>pcp-pmda-openmetrics</red-def:name>
</red-def:rpminfo_object>
<red-def:rpminfo_object id="oval:com.redhat.rhba:obj:20201628064" version="636">
 <red-def:name>pcp-pmda-oracle</red-def:name>
</red-def:rpminfo_object>
<red-def:rpminfo_object id="oval:com.redhat.rhba:obj:20201628065" version="636">
 <red-def:name>pcp-pmda-pdns</red-def:name>
</red-def:rpminfo_object>
<red-def:rpminfo_object id="oval:com.redhat.rhba:obj:20201628066" version="636">
 <red-def:name>pcp-pmda-perfevent</red-def:name>
</red-def:rpminfo_object>
<red-def:rpminfo_object id="oval:com.redhat.rhba:obj:20201628067" version="636">
 <red-def:name>pcp-pmda-podman</red-def:name>
</red-def:rpminfo_object>
<red-def:rpminfo_object id="oval:com.redhat.rhba:obj:20201628068" version="636">
 <red-def:name>pcp-pmda-postfix</red-def:name>
</red-def:rpminfo_object>
<red-def:rpminfo_object id="oval:com.redhat.rhba:obj:20201628069" version="636">
 <red-def:name>pcp-pmda-postgresql</red-def:name>
</red-def:rpminfo_object>
<red-def:rpminfo_object id="oval:com.redhat.rhba:obj:20201628070" version="636">
 <red-def:name>pcp-pmda-redis</red-def:name>
</red-def:rpminfo_object>
<red-def:rpminfo_object id="oval:com.redhat.rhba:obj:20201628071" version="636">
 <red-def:name>pcp-pmda-roomtemp</red-def:name>
</red-def:rpminfo_object>
<red-def:rpminfo_object id="oval:com.redhat.rhba:obj:20201628072" version="636">
 <red-def:name>pcp-pmda-rpm</red-def:name>
</red-def:rpminfo_object>
<red-def:rpminfo_object id="oval:com.redhat.rhba:obj:20201628073" version="636">
 <red-def:name>pcp-pmda-rsyslog</red-def:name>
</red-def:rpminfo_object>
<red-def:rpminfo_object id="oval:com.redhat.rhba:obj:20201628074" version="636">
 <red-def:name>pcp-pmda-samba</red-def:name>
</red-def:rpminfo_object>
<red-def:rpminfo_object id="oval:com.redhat.rhba:obj:20201628075" version="636">
 <red-def:name>pcp-pmda-sendmail</red-def:name>
</red-def:rpminfo_object>
<red-def:rpminfo_object id="oval:com.redhat.rhba:obj:20201628076" version="636">
 <red-def:name>pcp-pmda-shping</red-def:name>
</red-def:rpminfo_object>
<red-def:rpminfo_object id="oval:com.redhat.rhba:obj:20201628077" version="636">
 <red-def:name>pcp-pmda-slurm</red-def:name>
</red-def:rpminfo_object>
<red-def:rpminfo_object id="oval:com.redhat.rhba:obj:20201628078" version="636">
 <red-def:name>pcp-pmda-smart</red-def:name>
</red-def:rpminfo_object>
<red-def:rpminfo_object id="oval:com.redhat.rhba:obj:20201628079" version="636">
 <red-def:name>pcp-pmda-snmp</red-def:name>
</red-def:rpminfo_object>
<red-def:rpminfo_object id="oval:com.redhat.rhba:obj:20201628080" version="636">
 <red-def:name>pcp-pmda-summary</red-def:name>
</red-def:rpminfo_object>
<red-def:rpminfo_object id="oval:com.redhat.rhba:obj:20201628081" version="636">
 <red-def:name>pcp-pmda-systemd</red-def:name>
</red-def:rpminfo_object>
<red-def:rpminfo_object id="oval:com.redhat.rhba:obj:20201628082" version="636">
 <red-def:name>pcp-pmda-trace</red-def:name>
</red-def:rpminfo_object>
<red-def:rpminfo_object id="oval:com.redhat.rhba:obj:20201628083" version="636">
 <red-def:name>pcp-pmda-unbound</red-def:name>
</red-def:rpminfo_object>
<red-def:rpminfo_object id="oval:com.redhat.rhba:obj:20201628084" version="636">
 <red-def:name>pcp-pmda-vmware</red-def:name>
</red-def:rpminfo_object>
<red-def:rpminfo_object id="oval:com.redhat.rhba:obj:20201628085" version="636">
 <red-def:name>pcp-pmda-weblog</red-def:name>
</red-def:rpminfo_object>
<red-def:rpminfo_object id="oval:com.redhat.rhba:obj:20201628086" version="636">
 <red-def:name>pcp-pmda-zimbra</red-def:name>
</red-def:rpminfo_object>
<red-def:rpminfo_object id="oval:com.redhat.rhba:obj:20201628087" version="636">
 <red-def:name>pcp-pmda-zswap</red-def:name>
</red-def:rpminfo_object>
<red-def:rpminfo_object id="oval:com.redhat.rhba:obj:20201628088" version="636">
 <red-def:name>pcp-selinux</red-def:name>
</red-def:rpminfo_object>
<red-def:rpminfo_object id="oval:com.redhat.rhba:obj:20201628089" version="636">
 <red-def:name>pcp-system-tools</red-def:name>
</red-def:rpminfo_object>
<red-def:rpminfo_object id="oval:com.redhat.rhba:obj:20201628090" version="636">
 <red-def:name>pcp-testsuite</red-def:name>
</red-def:rpminfo_object>
<red-def:rpminfo_object id="oval:com.redhat.rhba:obj:20201628091" version="636">
 <red-def:name>pcp-zeroconf</red-def:name>
</red-def:rpminfo_object>
<red-def:rpminfo_object id="oval:com.redhat.rhba:obj:20201628092" version="636">
 <red-def:name>perl-PCP-LogImport</red-def:name>
</red-def:rpminfo_object>
<red-def:rpminfo_object id="oval:com.redhat.rhba:obj:20201628093" version="636">
 <red-def:name>perl-PCP-LogSummary</red-def:name>
</red-def:rpminfo_object>
<red-def:rpminfo_object id="oval:com.redhat.rhba:obj:20201628094" version="636">
 <red-def:name>perl-PCP-MMV</red-def:name>
</red-def:rpminfo_object>
<red-def:rpminfo_object id="oval:com.redhat.rhba:obj:20201628095" version="636">
 <red-def:name>perl-PCP-PMDA</red-def:name>
</red-def:rpminfo_object>
<red-def:rpminfo_object id="oval:com.redhat.rhba:obj:20201628096" version="636">
 <red-def:name>python3-pcp</red-def:name>
</red-def:rpminfo_object>
<red-def:rpminfo_object id="oval:com.redhat.rhba:obj:20210621001" version="635">
 <red-def:name>microcode_ctl</red-def:name>
</red-def:rpminfo_object>
<red-def:rpminfo_object id="oval:com.redhat.rhba:obj:20213054001" version="635">
 <red-def:name>opencryptoki</red-def:name>
</red-def:rpminfo_object>
<red-def:rpminfo_object id="oval:com.redhat.rhba:obj:20213054002" version="635">
 <red-def:name>opencryptoki-ccatok</red-def:name>
</red-def:rpminfo_object>
<red-def:rpminfo_object id="oval:com.redhat.rhba:obj:20213054003" version="635">
 <red-def:name>opencryptoki-devel</red-def:name>
</red-def:rpminfo_object>
<red-def:rpminfo_object id="oval:com.redhat.rhba:obj:20213054004" version="635">
 <red-def:name>opencryptoki-ep11tok</red-def:name>
</red-def:rpminfo_object>
<red-def:rpminfo_object id="oval:com.redhat.rhba:obj:20213054005" version="635">
 <red-def:name>opencryptoki-icatok</red-def:name>
</red-def:rpminfo_object>
<red-def:rpminfo_object id="oval:com.redhat.rhba:obj:20213054006" version="635">
 <red-def:name>opencryptoki-icsftok</red-def:name>
</red-def:rpminfo_object>
<red-def:rpminfo_object id="oval:com.redhat.rhba:obj:20213054007" version="635">
 <red-def:name>opencryptoki-libs</red-def:name>
</red-def:rpminfo_object>
<red-def:rpminfo_object id="oval:com.redhat.rhba:obj:20213054008" version="635">
 <red-def:name>opencryptoki-swtok</red-def:name>
</red-def:rpminfo_object>
<red-def:rpminfo_object id="oval:com.redhat.rhba:obj:20213054009" version="635">
 <red-def:name>opencryptoki-tpmtok</red-def:name>
</red-def:rpminfo_object>
<red-def:rpminfo_object id="oval:com.redhat.rhba:obj:20214438001" version="635">
 <red-def:name>ctdb</red-def:name>
</red-def:rpminfo_object>
<red-def:rpminfo_object id="oval:com.redhat.rhba:obj:20214438002" version="635">
 <red-def:name>libsmbclient</red-def:name>
</red-def:rpminfo_object>
<red-def:rpminfo_object id="oval:com.redhat.rhba:obj:20214438003" version="635">
 <red-def:name>libsmbclient-devel</red-def:name>
</red-def:rpminfo_object>
<red-def:rpminfo_object id="oval:com.redhat.rhba:obj:20214438004" version="635">
 <red-def:name>libwbclient</red-def:name>
</red-def:rpminfo_object>
<red-def:rpminfo_object id="oval:com.redhat.rhba:obj:20214438005" version="635">
 <red-def:name>libwbclient-devel</red-def:name>
</red-def:rpminfo_object>
<red-def:rpminfo_object id="oval:com.redhat.rhba:obj:20214438006" version="635">
 <red-def:name>python3-samba</red-def:name>
</red-def:rpminfo_object>
<red-def:rpminfo_object id="oval:com.redhat.rhba:obj:20214438007" version="635">
 <red-def:name>python3-samba-test</red-def:name>
</red-def:rpminfo_object>
<red-def:rpminfo_object id="oval:com.redhat.rhba:obj:20214438008" version="635">
 <red-def:name>samba</red-def:name>
</red-def:rpminfo_object>
<red-def:rpminfo_object id="oval:com.redhat.rhba:obj:20214438009" version="635">
 <red-def:name>samba-client</red-def:name>
</red-def:rpminfo_object>
<red-def:rpminfo_object id="oval:com.redhat.rhba:obj:20214438010" version="635">
 <red-def:name>samba-client-libs</red-def:name>
</red-def:rpminfo_object>
<red-def:rpminfo_object id="oval:com.redhat.rhba:obj:20214438011" version="635">
 <red-def:name>samba-common</red-def:name>
</red-def:rpminfo_object>
<red-def:rpminfo_object id="oval:com.redhat.rhba:obj:20214438012" version="635">
 <red-def:name>samba-common-libs</red-def:name>
</red-def:rpminfo_object>
<red-def:rpminfo_object id="oval:com.redhat.rhba:obj:20214438013" version="635">
 <red-def:name>samba-common-tools</red-def:name>
</red-def:rpminfo_object>
<red-def:rpminfo_object id="oval:com.redhat.rhba:obj:20214438014" version="635">
 <red-def:name>samba-devel</red-def:name>
</red-def:rpminfo_object>
<red-def:rpminfo_object id="oval:com.redhat.rhba:obj:20214438015" version="635">
 <red-def:name>samba-krb5-printing</red-def:name>
</red-def:rpminfo_object>
<red-def:rpminfo_object id="oval:com.redhat.rhba:obj:20214438016" version="635">
 <red-def:name>samba-libs</red-def:name>
</red-def:rpminfo_object>
<red-def:rpminfo_object id="oval:com.redhat.rhba:obj:20214438017" version="635">
 <red-def:name>samba-pidl</red-def:name>
</red-def:rpminfo_object>
<red-def:rpminfo_object id="oval:com.redhat.rhba:obj:20214438018" version="635">
 <red-def:name>samba-test</red-def:name>
</red-def:rpminfo_object>
<red-def:rpminfo_object id="oval:com.redhat.rhba:obj:20214438019" version="635">
 <red-def:name>samba-test-libs</red-def:name>
</red-def:rpminfo_object>
<red-def:rpminfo_object id="oval:com.redhat.rhba:obj:20214438020" version="635">
 <red-def:name>samba-vfs-iouring</red-def:name>
</red-def:rpminfo_object>
<red-def:rpminfo_object id="oval:com.redhat.rhba:obj:20214438021" version="635">
 <red-def:name>samba-winbind</red-def:name>
</red-def:rpminfo_object>
<red-def:rpminfo_object id="oval:com.redhat.rhba:obj:20214438022" version="635">
 <red-def:name>samba-winbind-clients</red-def:name>
</red-def:rpminfo_object>
<red-def:rpminfo_object id="oval:com.redhat.rhba:obj:20214438023" version="635">
 <red-def:name>samba-winbind-krb5-locator</red-def:name>
</red-def:rpminfo_object>
<red-def:rpminfo_object id="oval:com.redhat.rhba:obj:20214438024" version="635">
 <red-def:name>samba-winbind-modules</red-def:name>
</red-def:rpminfo_object>
<red-def:rpminfo_object id="oval:com.redhat.rhba:obj:20214438025" version="635">
 <red-def:name>samba-winexe</red-def:name>
</red-def:rpminfo_object>
<red-def:rpminfo_object id="oval:com.redhat.rhba:obj:20220348001" version="635">
 <red-def:name>buildah</red-def:name>
</red-def:rpminfo_object>
<red-def:rpminfo_object id="oval:com.redhat.rhba:obj:20220348002" version="635">
 <red-def:name>buildah-tests</red-def:name>
</red-def:rpminfo_object>
<red-def:rpminfo_object id="oval:com.redhat.rhba:obj:20220348003" version="635">
 <red-def:name>cockpit-podman</red-def:name>
</red-def:rpminfo_object>
<red-def:rpminfo_object id="oval:com.redhat.rhba:obj:20220348004" version="635">
 <red-def:name>conmon</red-def:name>
</red-def:rpminfo_object>
<red-def:rpminfo_object id="oval:com.redhat.rhba:obj:20220348005" version="635">
 <red-def:name>container-selinux</red-def:name>
</red-def:rpminfo_object>
<red-def:rpminfo_object id="oval:com.redhat.rhba:obj:20220348006" version="635">
 <red-def:name>containernetworking-plugins</red-def:name>
</red-def:rpminfo_object>
<red-def:rpminfo_object id="oval:com.redhat.rhba:obj:20220348007" version="635">
 <red-def:name>containers-common</red-def:name>
</red-def:rpminfo_object>
<red-def:rpminfo_object id="oval:com.redhat.rhba:obj:20220348008" version="635">
 <red-def:name>crit</red-def:name>
</red-def:rpminfo_object>
<red-def:rpminfo_object id="oval:com.redhat.rhba:obj:20220348009" version="635">
 <red-def:name>criu</red-def:name>
</red-def:rpminfo_object>
<red-def:rpminfo_object id="oval:com.redhat.rhba:obj:20220348010" version="635">
 <red-def:name>crun</red-def:name>
</red-def:rpminfo_object>
<red-def:rpminfo_object id="oval:com.redhat.rhba:obj:20220348011" version="635">
 <red-def:name>fuse-overlayfs</red-def:name>
</red-def:rpminfo_object>
<red-def:rpminfo_object id="oval:com.redhat.rhba:obj:20220348012" version="635">
 <red-def:name>libslirp</red-def:name>
</red-def:rpminfo_object>
<red-def:rpminfo_object id="oval:com.redhat.rhba:obj:20220348013" version="635">
 <red-def:name>libslirp-devel</red-def:name>
</red-def:rpminfo_object>
<red-def:rpminfo_object id="oval:com.redhat.rhba:obj:20220348014" version="635">
 <red-def:name>oci-seccomp-bpf-hook</red-def:name>
</red-def:rpminfo_object>
<red-def:rpminfo_object id="oval:com.redhat.rhba:obj:20220348015" version="635">
 <red-def:name>podman</red-def:name>
</red-def:rpminfo_object>
<red-def:rpminfo_object id="oval:com.redhat.rhba:obj:20220348016" version="635">
 <red-def:name>podman-catatonit</red-def:name>
</red-def:rpminfo_object>
<red-def:rpminfo_object id="oval:com.redhat.rhba:obj:20220348017" version="635">
 <red-def:name>podman-docker</red-def:name>
</red-def:rpminfo_object>
<red-def:rpminfo_object id="oval:com.redhat.rhba:obj:20220348018" version="635">
 <red-def:name>podman-plugins</red-def:name>
</red-def:rpminfo_object>
<red-def:rpminfo_object id="oval:com.redhat.rhba:obj:20220348019" version="635">
 <red-def:name>podman-remote</red-def:name>
</red-def:rpminfo_object>
<red-def:rpminfo_object id="oval:com.redhat.rhba:obj:20220348020" version="635">
 <red-def:name>podman-tests</red-def:name>
</red-def:rpminfo_object>
<red-def:rpminfo_object id="oval:com.redhat.rhba:obj:20220348021" version="635">
 <red-def:name>python3-criu</red-def:name>
</red-def:rpminfo_object>
<red-def:rpminfo_object id="oval:com.redhat.rhba:obj:20220348022" version="635">
 <red-def:name>runc</red-def:name>
</red-def:rpminfo_object>
<red-def:rpminfo_object id="oval:com.redhat.rhba:obj:20220348023" version="635">
 <red-def:name>skopeo</red-def:name>
</red-def:rpminfo_object>
<red-def:rpminfo_object id="oval:com.redhat.rhba:obj:20220348024" version="635">
 <red-def:name>skopeo-tests</red-def:name>
</red-def:rpminfo_object>
<red-def:rpminfo_object id="oval:com.redhat.rhba:obj:20220348025" version="635">
 <red-def:name>slirp4netns</red-def:name>
</red-def:rpminfo_object>
<red-def:rpminfo_object id="oval:com.redhat.rhba:obj:20220348026" version="635">
 <red-def:name>toolbox</red-def:name>
</red-def:rpminfo_object>
<red-def:rpminfo_object id="oval:com.redhat.rhba:obj:20220348027" version="635">
 <red-def:name>toolbox-tests</red-def:name>
</red-def:rpminfo_object>
<red-def:rpminfo_object id="oval:com.redhat.rhba:obj:20220348028" version="635">
 <red-def:name>udica</red-def:name>
</red-def:rpminfo_object>
<ind-def:textfilecontent54_object id="oval:com.redhat.rhba:obj:20220348029" version="635">
 <ind-def:filepath datatype="string">/etc/dnf/modules.d/container-tools.module</ind-def:filepath>
 <ind-def:pattern operation="pattern match">\[container\-tools\][\w\W]*</ind-def:pattern>
 <ind-def:instance datatype="int">1</ind-def:instance>
</ind-def:textfilecontent54_object>
<red-def:rpminfo_object id="oval:com.redhat.rhba:obj:20221386001" version="636">
 <red-def:name>aspnetcore-runtime-3.1</red-def:name>
</red-def:rpminfo_object>
<red-def:rpminfo_object id="oval:com.redhat.rhba:obj:20221386002" version="636">
 <red-def:name>aspnetcore-targeting-pack-3.1</red-def:name>
</red-def:rpminfo_object>
<red-def:rpminfo_object id="oval:com.redhat.rhba:obj:20221386003" version="636">
 <red-def:name>dotnet-apphost-pack-3.1</red-def:name>
</red-def:rpminfo_object>
<red-def:rpminfo_object id="oval:com.redhat.rhba:obj:20221386004" version="636">
 <red-def:name>dotnet-hostfxr-3.1</red-def:name>
</red-def:rpminfo_object>
<red-def:rpminfo_object id="oval:com.redhat.rhba:obj:20221386005" version="636">
 <red-def:name>dotnet-runtime-3.1</red-def:name>
</red-def:rpminfo_object>
<red-def:rpminfo_object id="oval:com.redhat.rhba:obj:20221386006" version="636">
 <red-def:name>dotnet-sdk-3.1</red-def:name>
</red-def:rpminfo_object>
<red-def:rpminfo_object id="oval:com.redhat.rhba:obj:20221386007" version="636">
 <red-def:name>dotnet-sdk-3.1-source-built-artifacts</red-def:name>
</red-def:rpminfo_object>
<red-def:rpminfo_object id="oval:com.redhat.rhba:obj:20221386008" version="636">
 <red-def:name>dotnet-targeting-pack-3.1</red-def:name>
</red-def:rpminfo_object>
<red-def:rpminfo_object id="oval:com.redhat.rhba:obj:20221386009" version="636">
 <red-def:name>dotnet-templates-3.1</red-def:name>
</red-def:rpminfo_object>
<red-def:rpminfo_object id="oval:com.redhat.rhba:obj:20222065001" version="635">
 <red-def:name>libtirpc</red-def:name>
</red-def:rpminfo_object>
<red-def:rpminfo_object id="oval:com.redhat.rhba:obj:20222065002" version="635">
 <red-def:name>libtirpc-devel</red-def:name>
</red-def:rpminfo_object>
<red-def:rpminfo_object id="oval:com.redhat.rhba:obj:20225747001" version="636">
 <red-def:name>aspnetcore-runtime-6.0</red-def:name>
</red-def:rpminfo_object>
<red-def:rpminfo_object id="oval:com.redhat.rhba:obj:20225747002" version="636">
 <red-def:name>aspnetcore-targeting-pack-6.0</red-def:name>
</red-def:rpminfo_object>
<red-def:rpminfo_object id="oval:com.redhat.rhba:obj:20225747003" version="636">
 <red-def:name>dotnet</red-def:name>
</red-def:rpminfo_object>
<red-def:rpminfo_object id="oval:com.redhat.rhba:obj:20225747004" version="636">
 <red-def:name>dotnet-apphost-pack-6.0</red-def:name>
</red-def:rpminfo_object>
<red-def:rpminfo_object id="oval:com.redhat.rhba:obj:20225747005" version="636">
 <red-def:name>dotnet-host</red-def:name>
</red-def:rpminfo_object>
<red-def:rpminfo_object id="oval:com.redhat.rhba:obj:20225747006" version="636">
 <red-def:name>dotnet-hostfxr-6.0</red-def:name>
</red-def:rpminfo_object>
<red-def:rpminfo_object id="oval:com.redhat.rhba:obj:20225747007" version="636">
 <red-def:name>dotnet-runtime-6.0</red-def:name>
</red-def:rpminfo_object>
<red-def:rpminfo_object id="oval:com.redhat.rhba:obj:20225747008" version="636">
 <red-def:name>dotnet-sdk-6.0</red-def:name>
</red-def:rpminfo_object>
<red-def:rpminfo_object id="oval:com.redhat.rhba:obj:20225747009" version="636">
 <red-def:name>dotnet-sdk-6.0-source-built-artifacts</red-def:name>
</red-def:rpminfo_object>
<red-def:rpminfo_object id="oval:com.redhat.rhba:obj:20225747010" version="636">
 <red-def:name>dotnet-targeting-pack-6.0</red-def:name>
</red-def:rpminfo_object>
<red-def:rpminfo_object id="oval:com.redhat.rhba:obj:20225747011" version="636">
 <red-def:name>dotnet-templates-6.0</red-def:name>
</red-def:rpminfo_object>
<red-def:rpminfo_object id="oval:com.redhat.rhba:obj:20225747012" version="636">
 <red-def:name>netstandard-targeting-pack-2.1</red-def:name>
</red-def:rpminfo_object>
<red-def:rpminfo_object id="oval:com.redhat.rhba:obj:20227667001" version="635">
 <red-def:name>qatzip</red-def:name>
</red-def:rpminfo_object>
<red-def:rpminfo_object id="oval:com.redhat.rhba:obj:20227667002" version="635">
 <red-def:name>qatzip-devel</red-def:name>
</red-def:rpminfo_object>
<red-def:rpminfo_object id="oval:com.redhat.rhba:obj:20227667003" version="635">
 <red-def:name>qatzip-libs</red-def:name>
</red-def:rpminfo_object>
<red-def:rpminfo_object id="oval:com.redhat.rhba:obj:20232977001" version="634">
 <red-def:name>iwl100-firmware</red-def:name>
</red-def:rpminfo_object>
<red-def:rpminfo_object id="oval:com.redhat.rhba:obj:20232977002" version="634">
 <red-def:name>iwl1000-firmware</red-def:name>
</red-def:rpminfo_object>
<red-def:rpminfo_object id="oval:com.redhat.rhba:obj:20232977003" version="634">
 <red-def:name>iwl105-firmware</red-def:name>
</red-def:rpminfo_object>
<red-def:rpminfo_object id="oval:com.redhat.rhba:obj:20232977004" version="634">
 <red-def:name>iwl135-firmware</red-def:name>
</red-def:rpminfo_object>
<red-def:rpminfo_object id="oval:com.redhat.rhba:obj:20232977005" version="634">
 <red-def:name>iwl2000-firmware</red-def:name>
</red-def:rpminfo_object>
<red-def:rpminfo_object id="oval:com.redhat.rhba:obj:20232977006" version="634">
 <red-def:name>iwl2030-firmware</red-def:name>
</red-def:rpminfo_object>
<red-def:rpminfo_object id="oval:com.redhat.rhba:obj:20232977007" version="634">
 <red-def:name>iwl3160-firmware</red-def:name>
</red-def:rpminfo_object>
<red-def:rpminfo_object id="oval:com.redhat.rhba:obj:20232977008" version="634">
 <red-def:name>iwl3945-firmware</red-def:name>
</red-def:rpminfo_object>
<red-def:rpminfo_object id="oval:com.redhat.rhba:obj:20232977009" version="634">
 <red-def:name>iwl4965-firmware</red-def:name>
</red-def:rpminfo_object>
<red-def:rpminfo_object id="oval:com.redhat.rhba:obj:20232977010" version="634">
 <red-def:name>iwl5000-firmware</red-def:name>
</red-def:rpminfo_object>
<red-def:rpminfo_object id="oval:com.redhat.rhba:obj:20232977011" version="634">
 <red-def:name>iwl5150-firmware</red-def:name>
</red-def:rpminfo_object>
<red-def:rpminfo_object id="oval:com.redhat.rhba:obj:20232977012" version="634">
 <red-def:name>iwl6000-firmware</red-def:name>
</red-def:rpminfo_object>
<red-def:rpminfo_object id="oval:com.redhat.rhba:obj:20232977013" version="634">
 <red-def:name>iwl6000g2a-firmware</red-def:name>
</red-def:rpminfo_object>
<red-def:rpminfo_object id="oval:com.redhat.rhba:obj:20232977014" version="634">
 <red-def:name>iwl6000g2b-firmware</red-def:name>
</red-def:rpminfo_object>
<red-def:rpminfo_object id="oval:com.redhat.rhba:obj:20232977015" version="634">
 <red-def:name>iwl6050-firmware</red-def:name>
</red-def:rpminfo_object>
<red-def:rpminfo_object id="oval:com.redhat.rhba:obj:20232977016" version="634">
 <red-def:name>iwl7260-firmware</red-def:name>
</red-def:rpminfo_object>
<red-def:rpminfo_object id="oval:com.redhat.rhba:obj:20232977017" version="634">
 <red-def:name>libertas-sd8686-firmware</red-def:name>
</red-def:rpminfo_object>
<red-def:rpminfo_object id="oval:com.redhat.rhba:obj:20232977018" version="634">
 <red-def:name>libertas-sd8787-firmware</red-def:name>
</red-def:rpminfo_object>
<red-def:rpminfo_object id="oval:com.redhat.rhba:obj:20232977019" version="634">
 <red-def:name>libertas-usb8388-firmware</red-def:name>
</red-def:rpminfo_object>
<red-def:rpminfo_object id="oval:com.redhat.rhba:obj:20232977020" version="634">
 <red-def:name>libertas-usb8388-olpc-firmware</red-def:name>
</red-def:rpminfo_object>
<red-def:rpminfo_object id="oval:com.redhat.rhba:obj:20232977021" version="634">
 <red-def:name>linux-firmware</red-def:name>
</red-def:rpminfo_object>
<red-def:rpminfo_object id="oval:com.redhat.rhba:obj:20236928001" version="636">
 <red-def:name>delve</red-def:name>
</red-def:rpminfo_object>
<red-def:rpminfo_object id="oval:com.redhat.rhba:obj:20236928002" version="636">
 <red-def:name>go-toolset</red-def:name>
</red-def:rpminfo_object>
<red-def:rpminfo_object id="oval:com.redhat.rhba:obj:20236928003" version="636">
 <red-def:name>golang</red-def:name>
</red-def:rpminfo_object>
<red-def:rpminfo_object id="oval:com.redhat.rhba:obj:20236928004" version="636">
 <red-def:name>golang-bin</red-def:name>
</red-def:rpminfo_object>
<red-def:rpminfo_object id="oval:com.redhat.rhba:obj:20236928005" version="636">
 <red-def:name>golang-docs</red-def:name>
</red-def:rpminfo_object>
<red-def:rpminfo_object id="oval:com.redhat.rhba:obj:20236928006" version="636">
 <red-def:name>golang-misc</red-def:name>
</red-def:rpminfo_object>
<red-def:rpminfo_object id="oval:com.redhat.rhba:obj:20236928007" version="636">
 <red-def:name>golang-src</red-def:name>
</red-def:rpminfo_object>
<red-def:rpminfo_object id="oval:com.redhat.rhba:obj:20236928008" version="636">
 <red-def:name>golang-tests</red-def:name>
</red-def:rpminfo_object>
<ind-def:textfilecontent54_object id="oval:com.redhat.rhba:obj:20236928009" version="636">
 <ind-def:filepath datatype="string">/etc/dnf/modules.d/go-toolset.module</ind-def:filepath>
 <ind-def:pattern operation="pattern match">\[go\-toolset\][\w\W]*</ind-def:pattern>
 <ind-def:instance datatype="int">1</ind-def:instance>
</ind-def:textfilecontent54_object>
<red-def:rpminfo_object id="oval:com.redhat.rhba:obj:20243053001" version="636">
 <red-def:name>git-lfs</red-def:name>
</red-def:rpminfo_object>
<red-def:rpminfo_object id="oval:com.redhat.rhba:obj:20245736001" version="636">
 <red-def:name>ca-certificates</red-def:name>
</red-def:rpminfo_object>
<red-def:rpminfo_object id="oval:com.redhat.rhba:obj:20246680001" version="639">
 <red-def:name>nss</red-def:name>
</red-def:rpminfo_object>
<red-def:rpminfo_object id="oval:com.redhat.rhba:obj:20246680002" version="639">
 <red-def:name>nss-devel</red-def:name>
</red-def:rpminfo_object>
<red-def:rpminfo_object id="oval:com.redhat.rhba:obj:20246680003" version="639">
 <red-def:name>nss-softokn</red-def:name>
</red-def:rpminfo_object>
<red-def:rpminfo_object id="oval:com.redhat.rhba:obj:20246680004" version="639">
 <red-def:name>nss-softokn-devel</red-def:name>
</red-def:rpminfo_object>
<red-def:rpminfo_object id="oval:com.redhat.rhba:obj:20246680005" version="639">
 <red-def:name>nss-softokn-freebl</red-def:name>
</red-def:rpminfo_object>
<red-def:rpminfo_object id="oval:com.redhat.rhba:obj:20246680006" version="639">
 <red-def:name>nss-softokn-freebl-devel</red-def:name>
</red-def:rpminfo_object>
<red-def:rpminfo_object id="oval:com.redhat.rhba:obj:20246680007" version="639">
 <red-def:name>nss-sysinit</red-def:name>
</red-def:rpminfo_object>
<red-def:rpminfo_object id="oval:com.redhat.rhba:obj:20246680008" version="639">
 <red-def:name>nss-tools</red-def:name>
</red-def:rpminfo_object>
<red-def:rpminfo_object id="oval:com.redhat.rhba:obj:20246680009" version="639">
 <red-def:name>nss-util</red-def:name>
</red-def:rpminfo_object>
<red-def:rpminfo_object id="oval:com.redhat.rhba:obj:20246680010" version="639">
 <red-def:name>nss-util-devel</red-def:name>
</red-def:rpminfo_object>
<red-def:rpminfo_object id="oval:com.redhat.rhea:obj:20194262001" version="635">
 <red-def:name>webkit2gtk3</red-def:name>
</red-def:rpminfo_object>
<red-def:rpminfo_object id="oval:com.redhat.rhea:obj:20194262002" version="635">
 <red-def:name>webkit2gtk3-devel</red-def:name>
</red-def:rpminfo_object>
<red-def:rpminfo_object id="oval:com.redhat.rhea:obj:20194262003" version="635">
 <red-def:name>webkit2gtk3-jsc</red-def:name>
</red-def:rpminfo_object>
<red-def:rpminfo_object id="oval:com.redhat.rhea:obj:20194262004" version="635">
 <red-def:name>webkit2gtk3-jsc-devel</red-def:name>
</red-def:rpminfo_object>
<red-def:rpminfo_object id="oval:com.redhat.rhea:obj:20194262005" version="635">
 <red-def:name>webkit2gtk3-plugin-process-gtk2</red-def:name>
</red-def:rpminfo_object>
<red-def:rpminfo_object id="oval:com.redhat.rhea:obj:20200330001" version="634">
 <red-def:name>nodejs</red-def:name>
</red-def:rpminfo_object>
<red-def:rpminfo_object id="oval:com.redhat.rhea:obj:20200330002" version="634">
 <red-def:name>nodejs-devel</red-def:name>
</red-def:rpminfo_object>
<red-def:rpminfo_object id="oval:com.redhat.rhea:obj:20200330003" version="634">
 <red-def:name>nodejs-docs</red-def:name>
</red-def:rpminfo_object>
<red-def:rpminfo_object id="oval:com.redhat.rhea:obj:20200330004" version="634">
 <red-def:name>nodejs-nodemon</red-def:name>
</red-def:rpminfo_object>
<red-def:rpminfo_object id="oval:com.redhat.rhea:obj:20200330005" version="634">
 <red-def:name>nodejs-packaging</red-def:name>
</red-def:rpminfo_object>
<red-def:rpminfo_object id="oval:com.redhat.rhea:obj:20200330006" version="634">
 <red-def:name>npm</red-def:name>
</red-def:rpminfo_object>
<ind-def:textfilecontent54_object id="oval:com.redhat.rhea:obj:20200330007" version="634">
 <ind-def:filepath datatype="string">/etc/dnf/modules.d/nodejs.module</ind-def:filepath>
 <ind-def:pattern operation="pattern match">\[nodejs\][\w\W]*</ind-def:pattern>
 <ind-def:instance datatype="int">1</ind-def:instance>
</ind-def:textfilecontent54_object>
<red-def:rpminfo_object id="oval:com.redhat.rhea:obj:20200343001" version="635">
 <red-def:name>libpq</red-def:name>
</red-def:rpminfo_object>
<red-def:rpminfo_object id="oval:com.redhat.rhea:obj:20200343002" version="635">
 <red-def:name>libpq-devel</red-def:name>
</red-def:rpminfo_object>
<red-def:rpminfo_object id="oval:com.redhat.rhea:obj:20204505001" version="636">
 <red-def:name>python3-rtslib</red-def:name>
</red-def:rpminfo_object>
<red-def:rpminfo_object id="oval:com.redhat.rhea:obj:20204505002" version="636">
 <red-def:name>target-restore</red-def:name>
</red-def:rpminfo_object>
<red-def:rpminfo_object id="oval:com.redhat.rhea:obj:20211580001" version="635">
 <red-def:name>bsdtar</red-def:name>
</red-def:rpminfo_object>
<red-def:rpminfo_object id="oval:com.redhat.rhea:obj:20211580002" version="635">
 <red-def:name>libarchive</red-def:name>
</red-def:rpminfo_object>
<red-def:rpminfo_object id="oval:com.redhat.rhea:obj:20211580003" version="635">
 <red-def:name>libarchive-devel</red-def:name>
</red-def:rpminfo_object>
<red-def:rpminfo_object id="oval:com.redhat.rhea:obj:20211906001" version="635">
 <red-def:name>libyang</red-def:name>
</red-def:rpminfo_object>
<red-def:rpminfo_object id="oval:com.redhat.rhea:obj:20225139004" version="636">
 <red-def:name>nodejs-full-i18n</red-def:name>
</red-def:rpminfo_object>
<red-def:rpminfo_object id="oval:com.redhat.rhea:obj:20233850001" version="636">
 <red-def:name>krb5-devel</red-def:name>
</red-def:rpminfo_object>
<red-def:rpminfo_object id="oval:com.redhat.rhea:obj:20233850002" version="636">
 <red-def:name>krb5-libs</red-def:name>
</red-def:rpminfo_object>
<red-def:rpminfo_object id="oval:com.redhat.rhea:obj:20233850003" version="636">
 <red-def:name>krb5-pkinit</red-def:name>
</red-def:rpminfo_object>
<red-def:rpminfo_object id="oval:com.redhat.rhea:obj:20233850004" version="636">
 <red-def:name>krb5-server</red-def:name>
</red-def:rpminfo_object>
<red-def:rpminfo_object id="oval:com.redhat.rhea:obj:20233850005" version="636">
 <red-def:name>krb5-server-ldap</red-def:name>
</red-def:rpminfo_object>
<red-def:rpminfo_object id="oval:com.redhat.rhea:obj:20233850006" version="636">
 <red-def:name>krb5-workstation</red-def:name>
</red-def:rpminfo_object>
<red-def:rpminfo_object id="oval:com.redhat.rhea:obj:20233850007" version="636">
 <red-def:name>libkadm5</red-def:name>
</red-def:rpminfo_object>
<red-def:rpminfo_object id="oval:com.redhat.rhsa:obj:20190966001" version="638">
 <red-def:name>firefox</red-def:name>
</red-def:rpminfo_object>
<red-def:rpminfo_object id="oval:com.redhat.rhsa:obj:20190968001" version="637">
 <red-def:name>edk2-aarch64</red-def:name>
</red-def:rpminfo_object>
<red-def:rpminfo_object id="oval:com.redhat.rhsa:obj:20190968002" version="637">
 <red-def:name>edk2-ovmf</red-def:name>
</red-def:rpminfo_object>
<red-def:rpminfo_object id="oval:com.redhat.rhsa:obj:20190971001" version="636">
 <red-def:name>ghostscript</red-def:name>
</red-def:rpminfo_object>
<red-def:rpminfo_object id="oval:com.redhat.rhsa:obj:20190971002" version="636">
 <red-def:name>ghostscript-doc</red-def:name>
</red-def:rpminfo_object>
<red-def:rpminfo_object id="oval:com.redhat.rhsa:obj:20190971003" version="636">
 <red-def:name>ghostscript-tools-dvipdf</red-def:name>
</red-def:rpminfo_object>
<red-def:rpminfo_object id="oval:com.redhat.rhsa:obj:20190971004" version="636">
 <red-def:name>ghostscript-tools-fonts</red-def:name>
</red-def:rpminfo_object>
<red-def:rpminfo_object id="oval:com.redhat.rhsa:obj:20190971005" version="636">
 <red-def:name>ghostscript-tools-printing</red-def:name>
</red-def:rpminfo_object>
<red-def:rpminfo_object id="oval:com.redhat.rhsa:obj:20190971006" version="636">
 <red-def:name>ghostscript-x11</red-def:name>
</red-def:rpminfo_object>
<red-def:rpminfo_object id="oval:com.redhat.rhsa:obj:20190971007" version="636">
 <red-def:name>libgs</red-def:name>
</red-def:rpminfo_object>
<red-def:rpminfo_object id="oval:com.redhat.rhsa:obj:20190971008" version="636">
 <red-def:name>libgs-devel</red-def:name>
</red-def:rpminfo_object>
<red-def:rpminfo_object id="oval:com.redhat.rhsa:obj:20190972001" version="636">
 <red-def:name>libwsman-devel</red-def:name>
</red-def:rpminfo_object>
<red-def:rpminfo_object id="oval:com.redhat.rhsa:obj:20190972002" version="636">
 <red-def:name>libwsman1</red-def:name>
</red-def:rpminfo_object>
<red-def:rpminfo_object id="oval:com.redhat.rhsa:obj:20190972003" version="636">
 <red-def:name>openwsman-client</red-def:name>
</red-def:rpminfo_object>
<red-def:rpminfo_object id="oval:com.redhat.rhsa:obj:20190972004" version="636">
 <red-def:name>openwsman-python3</red-def:name>
</red-def:rpminfo_object>
<red-def:rpminfo_object id="oval:com.redhat.rhsa:obj:20190972005" version="636">
 <red-def:name>openwsman-server</red-def:name>
</red-def:rpminfo_object>
<red-def:rpminfo_object id="oval:com.redhat.rhsa:obj:20190975006" version="641">
 <red-def:name>oci-systemd-hook</red-def:name>
</red-def:rpminfo_object>
<red-def:rpminfo_object id="oval:com.redhat.rhsa:obj:20190975007" version="641">
 <red-def:name>oci-umount</red-def:name>
</red-def:rpminfo_object>
<red-def:rpminfo_object id="oval:com.redhat.rhsa:obj:20190980001" version="637">
 <red-def:name>httpd</red-def:name>
</red-def:rpminfo_object>
<red-def:rpminfo_object id="oval:com.redhat.rhsa:obj:20190980002" version="637">
 <red-def:name>httpd-devel</red-def:name>
</red-def:rpminfo_object>
<red-def:rpminfo_object id="oval:com.redhat.rhsa:obj:20190980003" version="637">
 <red-def:name>httpd-filesystem</red-def:name>
</red-def:rpminfo_object>
<red-def:rpminfo_object id="oval:com.redhat.rhsa:obj:20190980004" version="637">
 <red-def:name>httpd-manual</red-def:name>
</red-def:rpminfo_object>
<red-def:rpminfo_object id="oval:com.redhat.rhsa:obj:20190980005" version="637">
 <red-def:name>httpd-tools</red-def:name>
</red-def:rpminfo_object>
<red-def:rpminfo_object id="oval:com.redhat.rhsa:obj:20190980006" version="637">
 <red-def:name>mod_http2</red-def:name>
</red-def:rpminfo_object>
<red-def:rpminfo_object id="oval:com.redhat.rhsa:obj:20190980007" version="637">
 <red-def:name>mod_ldap</red-def:name>
</red-def:rpminfo_object>
<red-def:rpminfo_object id="oval:com.redhat.rhsa:obj:20190980008" version="637">
 <red-def:name>mod_md</red-def:name>
</red-def:rpminfo_object>
<red-def:rpminfo_object id="oval:com.redhat.rhsa:obj:20190980009" version="637">
 <red-def:name>mod_proxy_html</red-def:name>
</red-def:rpminfo_object>
<red-def:rpminfo_object id="oval:com.redhat.rhsa:obj:20190980010" version="637">
 <red-def:name>mod_session</red-def:name>
</red-def:rpminfo_object>
<red-def:rpminfo_object id="oval:com.redhat.rhsa:obj:20190980011" version="637">
 <red-def:name>mod_ssl</red-def:name>
</red-def:rpminfo_object>
<ind-def:textfilecontent54_object id="oval:com.redhat.rhsa:obj:20190980012" version="637">
 <ind-def:filepath datatype="string">/etc/dnf/modules.d/httpd.module</ind-def:filepath>
 <ind-def:pattern operation="pattern match">\[httpd\][\w\W]*</ind-def:pattern>
 <ind-def:instance datatype="int">1</ind-def:instance>
</ind-def:textfilecontent54_object>
<red-def:rpminfo_object id="oval:com.redhat.rhsa:obj:20190981001" version="637">
 <red-def:name>babel</red-def:name>
</red-def:rpminfo_object>
<red-def:rpminfo_object id="oval:com.redhat.rhsa:obj:20190981002" version="637">
 <red-def:name>python-nose-docs</red-def:name>
</red-def:rpminfo_object>
<red-def:rpminfo_object id="oval:com.redhat.rhsa:obj:20190981003" version="637">
 <red-def:name>python-psycopg2-doc</red-def:name>
</red-def:rpminfo_object>
<red-def:rpminfo_object id="oval:com.redhat.rhsa:obj:20190981004" version="637">
 <red-def:name>python-sqlalchemy-doc</red-def:name>
</red-def:rpminfo_object>
<red-def:rpminfo_object id="oval:com.redhat.rhsa:obj:20190981005" version="637">
 <red-def:name>python2</red-def:name>
</red-def:rpminfo_object>
<red-def:rpminfo_object id="oval:com.redhat.rhsa:obj:20190981006" version="637">
 <red-def:name>python2-Cython</red-def:name>
</red-def:rpminfo_object>
<red-def:rpminfo_object id="oval:com.redhat.rhsa:obj:20190981007" version="637">
 <red-def:name>python2-PyMySQL</red-def:name>
</red-def:rpminfo_object>
<red-def:rpminfo_object id="oval:com.redhat.rhsa:obj:20190981008" version="637">
 <red-def:name>python2-attrs</red-def:name>
</red-def:rpminfo_object>
<red-def:rpminfo_object id="oval:com.redhat.rhsa:obj:20190981009" version="637">
 <red-def:name>python2-babel</red-def:name>
</red-def:rpminfo_object>
<red-def:rpminfo_object id="oval:com.redhat.rhsa:obj:20190981010" version="637">
 <red-def:name>python2-backports</red-def:name>
</red-def:rpminfo_object>
<red-def:rpminfo_object id="oval:com.redhat.rhsa:obj:20190981011" version="637">
 <red-def:name>python2-backports-ssl_match_hostname</red-def:name>
</red-def:rpminfo_object>
<red-def:rpminfo_object id="oval:com.redhat.rhsa:obj:20190981012" version="637">
 <red-def:name>python2-bson</red-def:name>
</red-def:rpminfo_object>
<red-def:rpminfo_object id="oval:com.redhat.rhsa:obj:20190981013" version="637">
 <red-def:name>python2-chardet</red-def:name>
</red-def:rpminfo_object>
<red-def:rpminfo_object id="oval:com.redhat.rhsa:obj:20190981014" version="637">
 <red-def:name>python2-coverage</red-def:name>
</red-def:rpminfo_object>
<red-def:rpminfo_object id="oval:com.redhat.rhsa:obj:20190981015" version="637">
 <red-def:name>python2-debug</red-def:name>
</red-def:rpminfo_object>
<red-def:rpminfo_object id="oval:com.redhat.rhsa:obj:20190981016" version="637">
 <red-def:name>python2-devel</red-def:name>
</red-def:rpminfo_object>
<red-def:rpminfo_object id="oval:com.redhat.rhsa:obj:20190981017" version="637">
 <red-def:name>python2-dns</red-def:name>
</red-def:rpminfo_object>
<red-def:rpminfo_object id="oval:com.redhat.rhsa:obj:20190981018" version="637">
 <red-def:name>python2-docs</red-def:name>
</red-def:rpminfo_object>
<red-def:rpminfo_object id="oval:com.redhat.rhsa:obj:20190981019" version="637">
 <red-def:name>python2-docs-info</red-def:name>
</red-def:rpminfo_object>
<red-def:rpminfo_object id="oval:com.redhat.rhsa:obj:20190981020" version="637">
 <red-def:name>python2-docutils</red-def:name>
</red-def:rpminfo_object>
<red-def:rpminfo_object id="oval:com.redhat.rhsa:obj:20190981021" version="637">
 <red-def:name>python2-funcsigs</red-def:name>
</red-def:rpminfo_object>
<red-def:rpminfo_object id="oval:com.redhat.rhsa:obj:20190981022" version="637">
 <red-def:name>python2-idna</red-def:name>
</red-def:rpminfo_object>
<red-def:rpminfo_object id="oval:com.redhat.rhsa:obj:20190981023" version="637">
 <red-def:name>python2-ipaddress</red-def:name>
</red-def:rpminfo_object>
<red-def:rpminfo_object id="oval:com.redhat.rhsa:obj:20190981024" version="637">
 <red-def:name>python2-jinja2</red-def:name>
</red-def:rpminfo_object>
<red-def:rpminfo_object id="oval:com.redhat.rhsa:obj:20190981025" version="637">
 <red-def:name>python2-libs</red-def:name>
</red-def:rpminfo_object>
<red-def:rpminfo_object id="oval:com.redhat.rhsa:obj:20190981026" version="637">
 <red-def:name>python2-lxml</red-def:name>
</red-def:rpminfo_object>
<red-def:rpminfo_object id="oval:com.redhat.rhsa:obj:20190981027" version="637">
 <red-def:name>python2-markupsafe</red-def:name>
</red-def:rpminfo_object>
<red-def:rpminfo_object id="oval:com.redhat.rhsa:obj:20190981028" version="637">
 <red-def:name>python2-mock</red-def:name>
</red-def:rpminfo_object>
<red-def:rpminfo_object id="oval:com.redhat.rhsa:obj:20190981029" version="637">
 <red-def:name>python2-nose</red-def:name>
</red-def:rpminfo_object>
<red-def:rpminfo_object id="oval:com.redhat.rhsa:obj:20190981030" version="637">
 <red-def:name>python2-numpy</red-def:name>
</red-def:rpminfo_object>
<red-def:rpminfo_object id="oval:com.redhat.rhsa:obj:20190981031" version="637">
 <red-def:name>python2-numpy-doc</red-def:name>
</red-def:rpminfo_object>
<red-def:rpminfo_object id="oval:com.redhat.rhsa:obj:20190981032" version="637">
 <red-def:name>python2-numpy-f2py</red-def:name>
</red-def:rpminfo_object>
<red-def:rpminfo_object id="oval:com.redhat.rhsa:obj:20190981033" version="637">
 <red-def:name>python2-pip</red-def:name>
</red-def:rpminfo_object>
<red-def:rpminfo_object id="oval:com.redhat.rhsa:obj:20190981034" version="637">
 <red-def:name>python2-pluggy</red-def:name>
</red-def:rpminfo_object>
<red-def:rpminfo_object id="oval:com.redhat.rhsa:obj:20190981035" version="637">
 <red-def:name>python2-psycopg2</red-def:name>
</red-def:rpminfo_object>
<red-def:rpminfo_object id="oval:com.redhat.rhsa:obj:20190981036" version="637">
 <red-def:name>python2-psycopg2-debug</red-def:name>
</red-def:rpminfo_object>
<red-def:rpminfo_object id="oval:com.redhat.rhsa:obj:20190981037" version="637">
 <red-def:name>python2-psycopg2-tests</red-def:name>
</red-def:rpminfo_object>
<red-def:rpminfo_object id="oval:com.redhat.rhsa:obj:20190981038" version="637">
 <red-def:name>python2-py</red-def:name>
</red-def:rpminfo_object>
<red-def:rpminfo_object id="oval:com.redhat.rhsa:obj:20190981039" version="637">
 <red-def:name>python2-pygments</red-def:name>
</red-def:rpminfo_object>
<red-def:rpminfo_object id="oval:com.redhat.rhsa:obj:20190981040" version="637">
 <red-def:name>python2-pymongo</red-def:name>
</red-def:rpminfo_object>
<red-def:rpminfo_object id="oval:com.redhat.rhsa:obj:20190981041" version="637">
 <red-def:name>python2-pymongo-gridfs</red-def:name>
</red-def:rpminfo_object>
<red-def:rpminfo_object id="oval:com.redhat.rhsa:obj:20190981042" version="637">
 <red-def:name>python2-pysocks</red-def:name>
</red-def:rpminfo_object>
<red-def:rpminfo_object id="oval:com.redhat.rhsa:obj:20190981043" version="637">
 <red-def:name>python2-pytest</red-def:name>
</red-def:rpminfo_object>
<red-def:rpminfo_object id="oval:com.redhat.rhsa:obj:20190981044" version="637">
 <red-def:name>python2-pytest-mock</red-def:name>
</red-def:rpminfo_object>
<red-def:rpminfo_object id="oval:com.redhat.rhsa:obj:20190981045" version="637">
 <red-def:name>python2-pytz</red-def:name>
</red-def:rpminfo_object>
<red-def:rpminfo_object id="oval:com.redhat.rhsa:obj:20190981046" version="637">
 <red-def:name>python2-pyyaml</red-def:name>
</red-def:rpminfo_object>
<red-def:rpminfo_object id="oval:com.redhat.rhsa:obj:20190981047" version="637">
 <red-def:name>python2-requests</red-def:name>
</red-def:rpminfo_object>
<red-def:rpminfo_object id="oval:com.redhat.rhsa:obj:20190981048" version="637">
 <red-def:name>python2-rpm-macros</red-def:name>
</red-def:rpminfo_object>
<red-def:rpminfo_object id="oval:com.redhat.rhsa:obj:20190981049" version="637">
 <red-def:name>python2-scipy</red-def:name>
</red-def:rpminfo_object>
<red-def:rpminfo_object id="oval:com.redhat.rhsa:obj:20190981050" version="637">
 <red-def:name>python2-setuptools</red-def:name>
</red-def:rpminfo_object>
<red-def:rpminfo_object id="oval:com.redhat.rhsa:obj:20190981051" version="637">
 <red-def:name>python2-setuptools_scm</red-def:name>
</red-def:rpminfo_object>
<red-def:rpminfo_object id="oval:com.redhat.rhsa:obj:20190981052" version="637">
 <red-def:name>python2-six</red-def:name>
</red-def:rpminfo_object>
<red-def:rpminfo_object id="oval:com.redhat.rhsa:obj:20190981053" version="637">
 <red-def:name>python2-sqlalchemy</red-def:name>
</red-def:rpminfo_object>
<red-def:rpminfo_object id="oval:com.redhat.rhsa:obj:20190981054" version="637">
 <red-def:name>python2-test</red-def:name>
</red-def:rpminfo_object>
<red-def:rpminfo_object id="oval:com.redhat.rhsa:obj:20190981055" version="637">
 <red-def:name>python2-tkinter</red-def:name>
</red-def:rpminfo_object>
<red-def:rpminfo_object id="oval:com.redhat.rhsa:obj:20190981056" version="637">
 <red-def:name>python2-tools</red-def:name>
</red-def:rpminfo_object>
<red-def:rpminfo_object id="oval:com.redhat.rhsa:obj:20190981057" version="637">
 <red-def:name>python2-urllib3</red-def:name>
</red-def:rpminfo_object>
<red-def:rpminfo_object id="oval:com.redhat.rhsa:obj:20190981058" version="637">
 <red-def:name>python2-virtualenv</red-def:name>
</red-def:rpminfo_object>
<red-def:rpminfo_object id="oval:com.redhat.rhsa:obj:20190981059" version="637">
 <red-def:name>python2-wheel</red-def:name>
</red-def:rpminfo_object>
<ind-def:textfilecontent54_object id="oval:com.redhat.rhsa:obj:20190981060" version="637">
 <ind-def:filepath datatype="string">/etc/dnf/modules.d/python27.module</ind-def:filepath>
 <ind-def:pattern operation="pattern match">\[python27\][\w\W]*</ind-def:pattern>
 <ind-def:instance datatype="int">1</ind-def:instance>
</ind-def:textfilecontent54_object>
<red-def:rpminfo_object id="oval:com.redhat.rhsa:obj:20190983001" version="636">
 <red-def:name>wget</red-def:name>
</red-def:rpminfo_object>
<red-def:rpminfo_object id="oval:com.redhat.rhsa:obj:20190984002" version="636">
 <red-def:name>python-pymongo-doc</red-def:name>
</red-def:rpminfo_object>
<red-def:rpminfo_object id="oval:com.redhat.rhsa:obj:20190984004" version="636">
 <red-def:name>python-virtualenv-doc</red-def:name>
</red-def:rpminfo_object>
<red-def:rpminfo_object id="oval:com.redhat.rhsa:obj:20190984005" version="636">
 <red-def:name>python3-PyMySQL</red-def:name>
</red-def:rpminfo_object>
<red-def:rpminfo_object id="oval:com.redhat.rhsa:obj:20190984006" version="636">
 <red-def:name>python3-bson</red-def:name>
</red-def:rpminfo_object>
<red-def:rpminfo_object id="oval:com.redhat.rhsa:obj:20190984007" version="636">
 <red-def:name>python3-docs</red-def:name>
</red-def:rpminfo_object>
<red-def:rpminfo_object id="oval:com.redhat.rhsa:obj:20190984008" version="636">
 <red-def:name>python3-docutils</red-def:name>
</red-def:rpminfo_object>
<red-def:rpminfo_object id="oval:com.redhat.rhsa:obj:20190984009" version="636">
 <red-def:name>python3-nose</red-def:name>
</red-def:rpminfo_object>
<red-def:rpminfo_object id="oval:com.redhat.rhsa:obj:20190984010" version="636">
 <red-def:name>python3-pygments</red-def:name>
</red-def:rpminfo_object>
<red-def:rpminfo_object id="oval:com.redhat.rhsa:obj:20190984011" version="636">
 <red-def:name>python3-pymongo</red-def:name>
</red-def:rpminfo_object>
<red-def:rpminfo_object id="oval:com.redhat.rhsa:obj:20190984012" version="636">
 <red-def:name>python3-pymongo-gridfs</red-def:name>
</red-def:rpminfo_object>
<red-def:rpminfo_object id="oval:com.redhat.rhsa:obj:20190984013" version="636">
 <red-def:name>python3-scipy</red-def:name>
</red-def:rpminfo_object>
<red-def:rpminfo_object id="oval:com.redhat.rhsa:obj:20190984014" version="636">
 <red-def:name>python3-sqlalchemy</red-def:name>
</red-def:rpminfo_object>
<red-def:rpminfo_object id="oval:com.redhat.rhsa:obj:20190984015" version="636">
 <red-def:name>python3-virtualenv</red-def:name>
</red-def:rpminfo_object>
<red-def:rpminfo_object id="oval:com.redhat.rhsa:obj:20190984016" version="636">
 <red-def:name>python3-wheel</red-def:name>
</red-def:rpminfo_object>
<red-def:rpminfo_object id="oval:com.redhat.rhsa:obj:20190984017" version="636">
 <red-def:name>python36</red-def:name>
</red-def:rpminfo_object>
<red-def:rpminfo_object id="oval:com.redhat.rhsa:obj:20190984018" version="636">
 <red-def:name>python36-debug</red-def:name>
</red-def:rpminfo_object>
<red-def:rpminfo_object id="oval:com.redhat.rhsa:obj:20190984019" version="636">
 <red-def:name>python36-devel</red-def:name>
</red-def:rpminfo_object>
<red-def:rpminfo_object id="oval:com.redhat.rhsa:obj:20190984020" version="636">
 <red-def:name>python36-rpm-macros</red-def:name>
</red-def:rpminfo_object>
<ind-def:textfilecontent54_object id="oval:com.redhat.rhsa:obj:20190984021" version="636">
 <ind-def:filepath datatype="string">/etc/dnf/modules.d/python36.module</ind-def:filepath>
 <ind-def:pattern operation="pattern match">\[python36\][\w\W]*</ind-def:pattern>
 <ind-def:instance datatype="int">1</ind-def:instance>
</ind-def:textfilecontent54_object>
<red-def:rpminfo_object id="oval:com.redhat.rhsa:obj:20190985001" version="634">
 <red-def:name>mod_auth_mellon</red-def:name>
</red-def:rpminfo_object>
<red-def:rpminfo_object id="oval:com.redhat.rhsa:obj:20190990001" version="636">
 <red-def:name>systemd</red-def:name>
</red-def:rpminfo_object>
<red-def:rpminfo_object id="oval:com.redhat.rhsa:obj:20190990002" version="636">
 <red-def:name>systemd-container</red-def:name>
</red-def:rpminfo_object>
<red-def:rpminfo_object id="oval:com.redhat.rhsa:obj:20190990003" version="636">
 <red-def:name>systemd-devel</red-def:name>
</red-def:rpminfo_object>
<red-def:rpminfo_object id="oval:com.redhat.rhsa:obj:20190990004" version="636">
 <red-def:name>systemd-journal-remote</red-def:name>
</red-def:rpminfo_object>
<red-def:rpminfo_object id="oval:com.redhat.rhsa:obj:20190990005" version="636">
 <red-def:name>systemd-libs</red-def:name>
</red-def:rpminfo_object>
<red-def:rpminfo_object id="oval:com.redhat.rhsa:obj:20190990006" version="636">
 <red-def:name>systemd-pam</red-def:name>
</red-def:rpminfo_object>
<red-def:rpminfo_object id="oval:com.redhat.rhsa:obj:20190990007" version="636">
 <red-def:name>systemd-tests</red-def:name>
</red-def:rpminfo_object>
<red-def:rpminfo_object id="oval:com.redhat.rhsa:obj:20190990008" version="636">
 <red-def:name>systemd-udev</red-def:name>
</red-def:rpminfo_object>
<red-def:rpminfo_object id="oval:com.redhat.rhsa:obj:20190997001" version="637">
 <red-def:name>platform-python</red-def:name>
</red-def:rpminfo_object>
<red-def:rpminfo_object id="oval:com.redhat.rhsa:obj:20190997002" version="637">
 <red-def:name>platform-python-debug</red-def:name>
</red-def:rpminfo_object>
<red-def:rpminfo_object id="oval:com.redhat.rhsa:obj:20190997003" version="637">
 <red-def:name>platform-python-devel</red-def:name>
</red-def:rpminfo_object>
<red-def:rpminfo_object id="oval:com.redhat.rhsa:obj:20190997004" version="637">
 <red-def:name>python3-idle</red-def:name>
</red-def:rpminfo_object>
<red-def:rpminfo_object id="oval:com.redhat.rhsa:obj:20190997005" version="637">
 <red-def:name>python3-libs</red-def:name>
</red-def:rpminfo_object>
<red-def:rpminfo_object id="oval:com.redhat.rhsa:obj:20190997006" version="637">
 <red-def:name>python3-test</red-def:name>
</red-def:rpminfo_object>
<red-def:rpminfo_object id="oval:com.redhat.rhsa:obj:20190997007" version="637">
 <red-def:name>python3-tkinter</red-def:name>
</red-def:rpminfo_object>
<red-def:rpminfo_object id="oval:com.redhat.rhsa:obj:20191142001" version="635">
 <red-def:name>freeradius</red-def:name>
</red-def:rpminfo_object>
<red-def:rpminfo_object id="oval:com.redhat.rhsa:obj:20191142002" version="635">
 <red-def:name>freeradius-devel</red-def:name>
</red-def:rpminfo_object>
<red-def:rpminfo_object id="oval:com.redhat.rhsa:obj:20191142003" version="635">
 <red-def:name>freeradius-doc</red-def:name>
</red-def:rpminfo_object>
<red-def:rpminfo_object id="oval:com.redhat.rhsa:obj:20191142004" version="635">
 <red-def:name>freeradius-krb5</red-def:name>
</red-def:rpminfo_object>
<red-def:rpminfo_object id="oval:com.redhat.rhsa:obj:20191142005" version="635">
 <red-def:name>freeradius-ldap</red-def:name>
</red-def:rpminfo_object>
<red-def:rpminfo_object id="oval:com.redhat.rhsa:obj:20191142006" version="635">
 <red-def:name>freeradius-mysql</red-def:name>
</red-def:rpminfo_object>
<red-def:rpminfo_object id="oval:com.redhat.rhsa:obj:20191142007" version="635">
 <red-def:name>freeradius-perl</red-def:name>
</red-def:rpminfo_object>
<red-def:rpminfo_object id="oval:com.redhat.rhsa:obj:20191142008" version="635">
 <red-def:name>freeradius-postgresql</red-def:name>
</red-def:rpminfo_object>
<red-def:rpminfo_object id="oval:com.redhat.rhsa:obj:20191142009" version="635">
 <red-def:name>freeradius-rest</red-def:name>
</red-def:rpminfo_object>
<red-def:rpminfo_object id="oval:com.redhat.rhsa:obj:20191142010" version="635">
 <red-def:name>freeradius-sqlite</red-def:name>
</red-def:rpminfo_object>
<red-def:rpminfo_object id="oval:com.redhat.rhsa:obj:20191142011" version="635">
 <red-def:name>freeradius-unixODBC</red-def:name>
</red-def:rpminfo_object>
<red-def:rpminfo_object id="oval:com.redhat.rhsa:obj:20191142012" version="635">
 <red-def:name>freeradius-utils</red-def:name>
</red-def:rpminfo_object>
<ind-def:textfilecontent54_object id="oval:com.redhat.rhsa:obj:20191142013" version="635">
 <ind-def:filepath datatype="string">/etc/dnf/modules.d/freeradius.module</ind-def:filepath>
 <ind-def:pattern operation="pattern match">\[freeradius\][\w\W]*</ind-def:pattern>
 <ind-def:instance datatype="int">1</ind-def:instance>
</ind-def:textfilecontent54_object>
<red-def:rpminfo_object id="oval:com.redhat.rhsa:obj:20191143001" version="635">
 <red-def:name>flatpak</red-def:name>
</red-def:rpminfo_object>
<red-def:rpminfo_object id="oval:com.redhat.rhsa:obj:20191143002" version="635">
 <red-def:name>flatpak-libs</red-def:name>
</red-def:rpminfo_object>
<red-def:rpminfo_object id="oval:com.redhat.rhsa:obj:20191144001" version="639">
 <red-def:name>thunderbird</red-def:name>
</red-def:rpminfo_object>
<red-def:rpminfo_object id="oval:com.redhat.rhsa:obj:20191145001" version="635">
 <red-def:name>bind</red-def:name>
</red-def:rpminfo_object>
<red-def:rpminfo_object id="oval:com.redhat.rhsa:obj:20191145002" version="635">
 <red-def:name>bind-chroot</red-def:name>
</red-def:rpminfo_object>
<red-def:rpminfo_object id="oval:com.redhat.rhsa:obj:20191145003" version="635">
 <red-def:name>bind-devel</red-def:name>
</red-def:rpminfo_object>
<red-def:rpminfo_object id="oval:com.redhat.rhsa:obj:20191145004" version="635">
 <red-def:name>bind-export-devel</red-def:name>
</red-def:rpminfo_object>
<red-def:rpminfo_object id="oval:com.redhat.rhsa:obj:20191145005" version="635">
 <red-def:name>bind-export-libs</red-def:name>
</red-def:rpminfo_object>
<red-def:rpminfo_object id="oval:com.redhat.rhsa:obj:20191145006" version="635">
 <red-def:name>bind-libs</red-def:name>
</red-def:rpminfo_object>
<red-def:rpminfo_object id="oval:com.redhat.rhsa:obj:20191145007" version="635">
 <red-def:name>bind-libs-lite</red-def:name>
</red-def:rpminfo_object>
<red-def:rpminfo_object id="oval:com.redhat.rhsa:obj:20191145008" version="635">
 <red-def:name>bind-license</red-def:name>
</red-def:rpminfo_object>
<red-def:rpminfo_object id="oval:com.redhat.rhsa:obj:20191145009" version="635">
 <red-def:name>bind-lite-devel</red-def:name>
</red-def:rpminfo_object>
<red-def:rpminfo_object id="oval:com.redhat.rhsa:obj:20191145010" version="635">
 <red-def:name>bind-pkcs11</red-def:name>
</red-def:rpminfo_object>
<red-def:rpminfo_object id="oval:com.redhat.rhsa:obj:20191145011" version="635">
 <red-def:name>bind-pkcs11-devel</red-def:name>
</red-def:rpminfo_object>
<red-def:rpminfo_object id="oval:com.redhat.rhsa:obj:20191145012" version="635">
 <red-def:name>bind-pkcs11-libs</red-def:name>
</red-def:rpminfo_object>
<red-def:rpminfo_object id="oval:com.redhat.rhsa:obj:20191145013" version="635">
 <red-def:name>bind-pkcs11-utils</red-def:name>
</red-def:rpminfo_object>
<red-def:rpminfo_object id="oval:com.redhat.rhsa:obj:20191145014" version="635">
 <red-def:name>bind-sdb</red-def:name>
</red-def:rpminfo_object>
<red-def:rpminfo_object id="oval:com.redhat.rhsa:obj:20191145015" version="635">
 <red-def:name>bind-sdb-chroot</red-def:name>
</red-def:rpminfo_object>
<red-def:rpminfo_object id="oval:com.redhat.rhsa:obj:20191145016" version="635">
 <red-def:name>bind-utils</red-def:name>
</red-def:rpminfo_object>
<red-def:rpminfo_object id="oval:com.redhat.rhsa:obj:20191145017" version="635">
 <red-def:name>python3-bind</red-def:name>
</red-def:rpminfo_object>
<red-def:rpminfo_object id="oval:com.redhat.rhsa:obj:20191146001" version="635">
 <red-def:name>java-1.8.0-openjdk</red-def:name>
</red-def:rpminfo_object>
<red-def:rpminfo_object id="oval:com.redhat.rhsa:obj:20191146002" version="635">
 <red-def:name>java-1.8.0-openjdk-accessibility</red-def:name>
</red-def:rpminfo_object>
<red-def:rpminfo_object id="oval:com.redhat.rhsa:obj:20191146003" version="635">
 <red-def:name>java-1.8.0-openjdk-demo</red-def:name>
</red-def:rpminfo_object>
<red-def:rpminfo_object id="oval:com.redhat.rhsa:obj:20191146004" version="635">
 <red-def:name>java-1.8.0-openjdk-devel</red-def:name>
</red-def:rpminfo_object>
<red-def:rpminfo_object id="oval:com.redhat.rhsa:obj:20191146005" version="635">
 <red-def:name>java-1.8.0-openjdk-headless</red-def:name>
</red-def:rpminfo_object>
<red-def:rpminfo_object id="oval:com.redhat.rhsa:obj:20191146006" version="635">
 <red-def:name>java-1.8.0-openjdk-javadoc</red-def:name>
</red-def:rpminfo_object>
<red-def:rpminfo_object id="oval:com.redhat.rhsa:obj:20191146007" version="635">
 <red-def:name>java-1.8.0-openjdk-javadoc-zip</red-def:name>
</red-def:rpminfo_object>
<red-def:rpminfo_object id="oval:com.redhat.rhsa:obj:20191146008" version="635">
 <red-def:name>java-1.8.0-openjdk-src</red-def:name>
</red-def:rpminfo_object>
<red-def:rpminfo_object id="oval:com.redhat.rhsa:obj:20191152001" version="636">
 <red-def:name>python3-jinja2</red-def:name>
</red-def:rpminfo_object>
<red-def:rpminfo_object id="oval:com.redhat.rhsa:obj:20191167001" version="644">
 <red-def:name>bpftool</red-def:name>
</red-def:rpminfo_object>
<red-def:rpminfo_object id="oval:com.redhat.rhsa:obj:20191167002" version="644">
 <red-def:name>kernel</red-def:name>
</red-def:rpminfo_object>
<red-def:rpminfo_object id="oval:com.redhat.rhsa:obj:20191167003" version="644">
 <red-def:name>kernel-abi-whitelists</red-def:name>
</red-def:rpminfo_object>
<red-def:rpminfo_object id="oval:com.redhat.rhsa:obj:20191167004" version="644">
 <red-def:name>kernel-core</red-def:name>
</red-def:rpminfo_object>
<red-def:rpminfo_object id="oval:com.redhat.rhsa:obj:20191167005" version="644">
 <red-def:name>kernel-cross-headers</red-def:name>
</red-def:rpminfo_object>
<red-def:rpminfo_object id="oval:com.redhat.rhsa:obj:20191167006" version="644">
 <red-def:name>kernel-debug</red-def:name>
</red-def:rpminfo_object>
<red-def:rpminfo_object id="oval:com.redhat.rhsa:obj:20191167007" version="644">
 <red-def:name>kernel-debug-core</red-def:name>
</red-def:rpminfo_object>
<red-def:rpminfo_object id="oval:com.redhat.rhsa:obj:20191167008" version="644">
 <red-def:name>kernel-debug-devel</red-def:name>
</red-def:rpminfo_object>
<red-def:rpminfo_object id="oval:com.redhat.rhsa:obj:20191167009" version="644">
 <red-def:name>kernel-debug-modules</red-def:name>
</red-def:rpminfo_object>
<red-def:rpminfo_object id="oval:com.redhat.rhsa:obj:20191167010" version="644">
 <red-def:name>kernel-debug-modules-extra</red-def:name>
</red-def:rpminfo_object>
<red-def:rpminfo_object id="oval:com.redhat.rhsa:obj:20191167011" version="644">
 <red-def:name>kernel-devel</red-def:name>
</red-def:rpminfo_object>
<red-def:rpminfo_object id="oval:com.redhat.rhsa:obj:20191167012" version="644">
 <red-def:name>kernel-doc</red-def:name>
</red-def:rpminfo_object>
<red-def:rpminfo_object id="oval:com.redhat.rhsa:obj:20191167013" version="644">
 <red-def:name>kernel-headers</red-def:name>
</red-def:rpminfo_object>
<red-def:rpminfo_object id="oval:com.redhat.rhsa:obj:20191167014" version="644">
 <red-def:name>kernel-modules</red-def:name>
</red-def:rpminfo_object>
<red-def:rpminfo_object id="oval:com.redhat.rhsa:obj:20191167015" version="644">
 <red-def:name>kernel-modules-extra</red-def:name>
</red-def:rpminfo_object>
<red-def:rpminfo_object id="oval:com.redhat.rhsa:obj:20191167016" version="644">
 <red-def:name>kernel-tools</red-def:name>
</red-def:rpminfo_object>
<red-def:rpminfo_object id="oval:com.redhat.rhsa:obj:20191167017" version="644">
 <red-def:name>kernel-tools-libs</red-def:name>
</red-def:rpminfo_object>
<red-def:rpminfo_object id="oval:com.redhat.rhsa:obj:20191167018" version="644">
 <red-def:name>kernel-tools-libs-devel</red-def:name>
</red-def:rpminfo_object>
<red-def:rpminfo_object id="oval:com.redhat.rhsa:obj:20191167019" version="644">
 <red-def:name>kernel-zfcpdump</red-def:name>
</red-def:rpminfo_object>
<red-def:rpminfo_object id="oval:com.redhat.rhsa:obj:20191167020" version="644">
 <red-def:name>kernel-zfcpdump-core</red-def:name>
</red-def:rpminfo_object>
<red-def:rpminfo_object id="oval:com.redhat.rhsa:obj:20191167021" version="644">
 <red-def:name>kernel-zfcpdump-devel</red-def:name>
</red-def:rpminfo_object>
<red-def:rpminfo_object id="oval:com.redhat.rhsa:obj:20191167022" version="644">
 <red-def:name>kernel-zfcpdump-modules</red-def:name>
</red-def:rpminfo_object>
<red-def:rpminfo_object id="oval:com.redhat.rhsa:obj:20191167023" version="644">
 <red-def:name>kernel-zfcpdump-modules-extra</red-def:name>
</red-def:rpminfo_object>
<red-def:rpminfo_object id="oval:com.redhat.rhsa:obj:20191167024" version="644">
 <red-def:name>perf</red-def:name>
</red-def:rpminfo_object>
<red-def:rpminfo_object id="oval:com.redhat.rhsa:obj:20191167025" version="644">
 <red-def:name>python3-perf</red-def:name>
</red-def:rpminfo_object>
<unix-def:uname_object id="oval:com.redhat.rhsa:obj:20191167026" version="644"/>
<ind-def:textfilecontent54_object id="oval:com.redhat.rhsa:obj:20191167027" version="644">
 <ind-def:filepath datatype="string">/boot/grub2/grubenv</ind-def:filepath>
 <ind-def:pattern operation="pattern match">(?&lt;=^saved_entry=).*</ind-def:pattern>
 <ind-def:instance datatype="int">1</ind-def:instance>
</ind-def:textfilecontent54_object>
<red-def:rpminfo_object id="oval:com.redhat.rhsa:obj:20191174001" version="641">
 <red-def:name>kernel-rt</red-def:name>
</red-def:rpminfo_object>
<red-def:rpminfo_object id="oval:com.redhat.rhsa:obj:20191174002" version="641">
 <red-def:name>kernel-rt-core</red-def:name>
</red-def:rpminfo_object>
<red-def:rpminfo_object id="oval:com.redhat.rhsa:obj:20191174003" version="641">
 <red-def:name>kernel-rt-debug</red-def:name>
</red-def:rpminfo_object>
<red-def:rpminfo_object id="oval:com.redhat.rhsa:obj:20191174004" version="641">
 <red-def:name>kernel-rt-debug-core</red-def:name>
</red-def:rpminfo_object>
<red-def:rpminfo_object id="oval:com.redhat.rhsa:obj:20191174005" version="641">
 <red-def:name>kernel-rt-debug-devel</red-def:name>
</red-def:rpminfo_object>
<red-def:rpminfo_object id="oval:com.redhat.rhsa:obj:20191174006" version="641">
 <red-def:name>kernel-rt-debug-kvm</red-def:name>
</red-def:rpminfo_object>
<red-def:rpminfo_object id="oval:com.redhat.rhsa:obj:20191174007" version="641">
 <red-def:name>kernel-rt-debug-modules</red-def:name>
</red-def:rpminfo_object>
<red-def:rpminfo_object id="oval:com.redhat.rhsa:obj:20191174008" version="641">
 <red-def:name>kernel-rt-debug-modules-extra</red-def:name>
</red-def:rpminfo_object>
<red-def:rpminfo_object id="oval:com.redhat.rhsa:obj:20191174009" version="641">
 <red-def:name>kernel-rt-devel</red-def:name>
</red-def:rpminfo_object>
<red-def:rpminfo_object id="oval:com.redhat.rhsa:obj:20191174010" version="641">
 <red-def:name>kernel-rt-kvm</red-def:name>
</red-def:rpminfo_object>
<red-def:rpminfo_object id="oval:com.redhat.rhsa:obj:20191174011" version="641">
 <red-def:name>kernel-rt-modules</red-def:name>
</red-def:rpminfo_object>
<red-def:rpminfo_object id="oval:com.redhat.rhsa:obj:20191174012" version="641">
 <red-def:name>kernel-rt-modules-extra</red-def:name>
</red-def:rpminfo_object>
<red-def:rpminfo_object id="oval:com.redhat.rhsa:obj:20191238001" version="636">
 <red-def:name>java-1.8.0-ibm</red-def:name>
</red-def:rpminfo_object>
<red-def:rpminfo_object id="oval:com.redhat.rhsa:obj:20191238002" version="636">
 <red-def:name>java-1.8.0-ibm-demo</red-def:name>
</red-def:rpminfo_object>
<red-def:rpminfo_object id="oval:com.redhat.rhsa:obj:20191238003" version="636">
 <red-def:name>java-1.8.0-ibm-devel</red-def:name>
</red-def:rpminfo_object>
</objects>
<states>
<red-def:rpminfo_state id="oval:com.redhat.rhba:ste:20191992001" version="635">
 <red-def:evr datatype="evr_string" operation="less than">0:18.5-1.el8.4</red-def:evr>
</red-def:rpminfo_state>
<red-def:rpminfo_state id="oval:com.redhat.rhba:ste:20191992002" version="635">
 <red-def:signature_keyid operation="equals">199e2f91fd431d51</red-def:signature_keyid>
</red-def:rpminfo_state>
<red-def:rpmverifyfile_state id="oval:com.redhat.rhba:ste:20191992003" version="635">
 <red-def:name operation="pattern match">^redhat-release</red-def:name>
 <red-def:version operation="pattern match">^8[^\d]</red-def:version>
</red-def:rpmverifyfile_state>
<red-def:rpmverifyfile_state id="oval:com.redhat.rhba:ste:20191992004" version="635">
 <red-def:name operation="pattern match">^redhat-release-coreos</red-def:name>
 <red-def:version operation="pattern match">^4[\d]+?[^\d]</red-def:version>
</red-def:rpmverifyfile_state>
<red-def:rpmverifyfile_state id="oval:com.redhat.rhba:ste:20191992005" version="635">
 <red-def:name operation="pattern match">^redhat-release</red-def:name>
</red-def:rpmverifyfile_state>
<red-def:rpminfo_state id="oval:com.redhat.rhba:ste:20192715001" version="637">
 <red-def:evr datatype="evr_string" operation="less than">0:20171214-6.gitfa98132.module+el8.0.0+4084+cceb9f44</red-def:evr>
</red-def:rpminfo_state>
<red-def:rpminfo_state id="oval:com.redhat.rhba:ste:20192715003" version="637">
 <red-def:arch datatype="string" operation="pattern match">aarch64|ppc64le|s390x|x86_64</red-def:arch>
 <red-def:evr datatype="evr_string" operation="less than">0:1.3.15-7.module+el8.0.0+4084+cceb9f44</red-def:evr>
</red-def:rpminfo_state>
<red-def:rpminfo_state id="oval:com.redhat.rhba:ste:20192715004" version="637">
 <red-def:arch datatype="string" operation="pattern match">aarch64|ppc64le|s390x|x86_64</red-def:arch>
 <red-def:evr datatype="evr_string" operation="less than">1:1.38.4-11.1.module+el8.0.0+4084+cceb9f44</red-def:evr>
</red-def:rpminfo_state>
<red-def:rpminfo_state id="oval:com.redhat.rhba:ste:20192715005" version="637">
 <red-def:evr datatype="evr_string" operation="less than">1:1.38.4-11.1.module+el8.0.0+4084+cceb9f44</red-def:evr>
</red-def:rpminfo_state>
<red-def:rpminfo_state id="oval:com.redhat.rhba:ste:20192715006" version="637">
 <red-def:arch datatype="string" operation="pattern match">aarch64|x86_64</red-def:arch>
 <red-def:evr datatype="evr_string" operation="less than">1:1.38.4-11.1.module+el8.0.0+4084+cceb9f44</red-def:evr>
</red-def:rpminfo_state>
<red-def:rpminfo_state id="oval:com.redhat.rhba:ste:20192715007" version="637">
 <red-def:arch datatype="string" operation="pattern match">aarch64|ppc64le|s390x|x86_64</red-def:arch>
 <red-def:evr datatype="evr_string" operation="less than">0:8.0-3.module+el8.0.0+4084+cceb9f44</red-def:evr>
</red-def:rpminfo_state>
<red-def:rpminfo_state id="oval:com.redhat.rhba:ste:20192715008" version="637">
 <red-def:arch datatype="string" operation="pattern match">aarch64|ppc64le|s390x|x86_64</red-def:arch>
 <red-def:evr datatype="evr_string" operation="less than">0:1.18.0-7.module+el8.0.0+4084+cceb9f44</red-def:evr>
</red-def:rpminfo_state>
<red-def:rpminfo_state id="oval:com.redhat.rhba:ste:20192715009" version="637">
 <red-def:arch datatype="string" operation="pattern match">aarch64|ppc64le|s390x|x86_64</red-def:arch>
 <red-def:evr datatype="evr_string" operation="less than">0:1.8.0-8.module+el8.0.0+4084+cceb9f44.1</red-def:evr>
</red-def:rpminfo_state>
<red-def:rpminfo_state id="oval:com.redhat.rhba:ste:20192715010" version="637">
 <red-def:arch datatype="string" operation="pattern match">aarch64|ppc64le|s390x|x86_64</red-def:arch>
 <red-def:evr datatype="evr_string" operation="less than">0:4.5.0-24.3.module+el8.0.0+4084+cceb9f44</red-def:evr>
</red-def:rpminfo_state>
<red-def:rpminfo_state id="oval:com.redhat.rhba:ste:20192715011" version="637">
 <red-def:arch datatype="string" operation="pattern match">aarch64|ppc64le|s390x|x86_64</red-def:arch>
 <red-def:evr datatype="evr_string" operation="less than">0:1.2.0-3.module+el8.0.0+4084+cceb9f44</red-def:evr>
</red-def:rpminfo_state>
<red-def:rpminfo_state id="oval:com.redhat.rhba:ste:20192715012" version="637">
 <red-def:arch datatype="string" operation="pattern match">aarch64|ppc64le|s390x|x86_64</red-def:arch>
 <red-def:evr datatype="evr_string" operation="less than">0:1.4.2-5.module+el8.0.0+4084+cceb9f44</red-def:evr>
</red-def:rpminfo_state>
<red-def:rpminfo_state id="oval:com.redhat.rhba:ste:20192715013" version="637">
 <red-def:evr datatype="evr_string" operation="less than">0:1.4.2-5.module+el8.0.0+4084+cceb9f44</red-def:evr>
</red-def:rpminfo_state>
<red-def:rpminfo_state id="oval:com.redhat.rhba:ste:20192715014" version="637">
 <red-def:arch datatype="string" operation="equals">x86_64</red-def:arch>
 <red-def:evr datatype="evr_string" operation="less than">0:1.4.2-5.module+el8.0.0+4084+cceb9f44</red-def:evr>
</red-def:rpminfo_state>
<red-def:rpminfo_state id="oval:com.redhat.rhba:ste:20192715015" version="637">
 <red-def:arch datatype="string" operation="pattern match">aarch64|ppc64le|s390x|x86_64</red-def:arch>
 <red-def:evr datatype="evr_string" operation="less than">0:0.2.8-11.module+el8.0.0+4084+cceb9f44</red-def:evr>
</red-def:rpminfo_state>
<red-def:rpminfo_state id="oval:com.redhat.rhba:ste:20192715016" version="637">
 <red-def:arch datatype="string" operation="pattern match">aarch64|ppc64le|s390x|x86_64</red-def:arch>
 <red-def:evr datatype="evr_string" operation="less than">0:4.5.0-5.module+el8.0.0+4084+cceb9f44</red-def:evr>
</red-def:rpminfo_state>
<red-def:rpminfo_state id="oval:com.redhat.rhba:ste:20192715017" version="637">
 <red-def:arch datatype="string" operation="pattern match">aarch64|ppc64le|s390x|x86_64</red-def:arch>
 <red-def:evr datatype="evr_string" operation="less than">0:4.5.0-2.module+el8.0.0+4084+cceb9f44</red-def:evr>
</red-def:rpminfo_state>
<red-def:rpminfo_state id="oval:com.redhat.rhba:ste:20192715018" version="637">
 <red-def:arch datatype="string" operation="pattern match">aarch64|ppc64le|s390x|x86_64</red-def:arch>
 <red-def:evr datatype="evr_string" operation="less than">15:2.12.0-65.module+el8.0.0+4084+cceb9f44.5</red-def:evr>
</red-def:rpminfo_state>
<red-def:rpminfo_state id="oval:com.redhat.rhba:ste:20192715019" version="637">
 <red-def:arch datatype="string" operation="equals">x86_64</red-def:arch>
 <red-def:evr datatype="evr_string" operation="less than">15:2.12.0-65.module+el8.0.0+4084+cceb9f44.5</red-def:evr>
</red-def:rpminfo_state>
<red-def:rpminfo_state id="oval:com.redhat.rhba:ste:20192715020" version="637">
 <red-def:arch datatype="string" operation="equals">x86_64</red-def:arch>
 <red-def:evr datatype="evr_string" operation="less than">0:1.11.1-4.module+el8.0.0+4084+cceb9f44</red-def:evr>
</red-def:rpminfo_state>
<red-def:rpminfo_state id="oval:com.redhat.rhba:ste:20192715021" version="637">
 <red-def:evr datatype="evr_string" operation="less than">0:1.11.1-4.module+el8.0.0+4084+cceb9f44</red-def:evr>
</red-def:rpminfo_state>
<red-def:rpminfo_state id="oval:com.redhat.rhba:ste:20192715022" version="637">
 <red-def:arch datatype="string" operation="equals">x86_64</red-def:arch>
 <red-def:evr datatype="evr_string" operation="less than">1:0.20170427git-3.module+el8.0.0+4084+cceb9f44</red-def:evr>
</red-def:rpminfo_state>
<red-def:rpminfo_state id="oval:com.redhat.rhba:ste:20192715023" version="637">
 <red-def:evr datatype="evr_string" operation="less than">1:0.20170427git-3.module+el8.0.0+4084+cceb9f44</red-def:evr>
</red-def:rpminfo_state>
<red-def:rpminfo_state id="oval:com.redhat.rhba:ste:20192715024" version="637">
 <red-def:arch datatype="string" operation="pattern match">aarch64|ppc64le|s390x|x86_64</red-def:arch>
 <red-def:evr datatype="evr_string" operation="less than">0:5.1.19-9.module+el8.0.0+4084+cceb9f44</red-def:evr>
</red-def:rpminfo_state>
<red-def:rpminfo_state id="oval:com.redhat.rhba:ste:20192715025" version="637">
 <red-def:arch datatype="string" operation="equals">x86_64</red-def:arch>
 <red-def:evr datatype="evr_string" operation="less than">1:1.38.4-11.1.module+el8.0.0+4084+cceb9f44</red-def:evr>
</red-def:rpminfo_state>
<ind-def:textfilecontent54_state id="oval:com.redhat.rhba:ste:20192715026" version="637">
 <ind-def:text operation="pattern match">\nstream\s*=\s*rhel\b[\w\W]*\nstate\s*=\s*(enabled|1|true)|\nstate\s*=\s*(enabled|1|true)[\w\W]*\nstream\s*=\s*rhel\b</ind-def:text>
</ind-def:textfilecontent54_state>
<red-def:rpminfo_state id="oval:com.redhat.rhba:ste:20192715027" version="637">
 <red-def:arch datatype="string" operation="equals">i686</red-def:arch>
 <red-def:evr datatype="evr_string" operation="less than">0:1.3.15-7.module+el8.0.0+4084+cceb9f44</red-def:evr>
</red-def:rpminfo_state>
<red-def:rpminfo_state id="oval:com.redhat.rhba:ste:20192715028" version="637">
 <red-def:arch datatype="string" operation="equals">i686</red-def:arch>
 <red-def:evr datatype="evr_string" operation="less than">0:8.0-3.module+el8.0.0+4084+cceb9f44</red-def:evr>
</red-def:rpminfo_state>
<red-def:rpminfo_state id="oval:com.redhat.rhba:ste:20192715029" version="637">
 <red-def:arch datatype="string" operation="equals">i686</red-def:arch>
 <red-def:evr datatype="evr_string" operation="less than">0:1.18.0-7.module+el8.0.0+4084+cceb9f44</red-def:evr>
</red-def:rpminfo_state>
<red-def:rpminfo_state id="oval:com.redhat.rhba:ste:20192715030" version="637">
 <red-def:arch datatype="string" operation="equals">i686</red-def:arch>
 <red-def:evr datatype="evr_string" operation="less than">0:1.8.0-8.module+el8.0.0+4084+cceb9f44.1</red-def:evr>
</red-def:rpminfo_state>
<red-def:rpminfo_state id="oval:com.redhat.rhba:ste:20192715031" version="637">
 <red-def:arch datatype="string" operation="pattern match">aarch64|i686|ppc64le|s390x|x86_64</red-def:arch>
 <red-def:evr datatype="evr_string" operation="less than">0:1.8.0-8.module+el8.0.0+4084+cceb9f44.1</red-def:evr>
</red-def:rpminfo_state>
<red-def:rpminfo_state id="oval:com.redhat.rhba:ste:20192715032" version="637">
 <red-def:evr datatype="evr_string" operation="less than">0:1.8.0-8.module+el8.0.0+4084+cceb9f44.1</red-def:evr>
</red-def:rpminfo_state>
<red-def:rpminfo_state id="oval:com.redhat.rhba:ste:20192715033" version="637">
 <red-def:arch datatype="string" operation="equals">i686</red-def:arch>
 <red-def:evr datatype="evr_string" operation="less than">0:4.5.0-24.3.module+el8.0.0+4084+cceb9f44</red-def:evr>
</red-def:rpminfo_state>
<red-def:rpminfo_state id="oval:com.redhat.rhba:ste:20192715034" version="637">
 <red-def:arch datatype="string" operation="equals">i686</red-def:arch>
 <red-def:evr datatype="evr_string" operation="less than">0:1.2.0-3.module+el8.0.0+4084+cceb9f44</red-def:evr>
</red-def:rpminfo_state>
<red-def:rpminfo_state id="oval:com.redhat.rhba:ste:20192715035" version="637">
 <red-def:arch datatype="string" operation="equals">i686</red-def:arch>
 <red-def:evr datatype="evr_string" operation="less than">0:0.2.8-11.module+el8.0.0+4084+cceb9f44</red-def:evr>
</red-def:rpminfo_state>
<red-def:rpminfo_state id="oval:com.redhat.rhba:ste:20192715036" version="637">
 <red-def:arch datatype="string" operation="pattern match">aarch64|i686|ppc64le|s390x|x86_64</red-def:arch>
 <red-def:evr datatype="evr_string" operation="less than">0:1.3.15-7.module+el8.0.0+4084+cceb9f44</red-def:evr>
</red-def:rpminfo_state>
<red-def:rpminfo_state id="oval:com.redhat.rhba:ste:20192715037" version="637">
 <red-def:arch datatype="string" operation="equals">i686</red-def:arch>
 <red-def:evr datatype="evr_string" operation="less than">0:4.5.0-5.module+el8.0.0+4084+cceb9f44</red-def:evr>
</red-def:rpminfo_state>
<red-def:rpminfo_state id="oval:com.redhat.rhba:ste:20192715038" version="637">
 <red-def:arch datatype="string" operation="equals">i686</red-def:arch>
 <red-def:evr datatype="evr_string" operation="less than">0:4.5.0-2.module+el8.0.0+4084+cceb9f44</red-def:evr>
</red-def:rpminfo_state>
<red-def:rpminfo_state id="oval:com.redhat.rhba:ste:20192715039" version="637">
 <red-def:arch datatype="string" operation="equals">i686</red-def:arch>
 <red-def:evr datatype="evr_string" operation="less than">1:0.20170427git-3.module+el8.0.0+4084+cceb9f44</red-def:evr>
</red-def:rpminfo_state>
<red-def:rpminfo_state id="oval:com.redhat.rhba:ste:20193384001" version="638">
 <red-def:arch datatype="string" operation="pattern match">aarch64|i686|ppc64le|s390x|x86_64</red-def:arch>
 <red-def:evr datatype="evr_string" operation="less than">0:2.5.5-105.module+el8.1.0+3656+f80bfa1d</red-def:evr>
</red-def:rpminfo_state>
<red-def:rpminfo_state id="oval:com.redhat.rhba:ste:20193384003" version="638">
 <red-def:evr datatype="evr_string" operation="less than">0:2.5.5-105.module+el8.1.0+3656+f80bfa1d</red-def:evr>
</red-def:rpminfo_state>
<red-def:rpminfo_state id="oval:com.redhat.rhba:ste:20193384004" version="638">
 <red-def:evr datatype="evr_string" operation="less than">0:0.3.0-4.module+el8.1.0+3656+f80bfa1d</red-def:evr>
</red-def:rpminfo_state>
<red-def:rpminfo_state id="oval:com.redhat.rhba:ste:20193384005" version="638">
 <red-def:arch datatype="string" operation="pattern match">aarch64|i686|ppc64le|s390x|x86_64</red-def:arch>
 <red-def:evr datatype="evr_string" operation="less than">0:1.3.4-105.module+el8.1.0+3656+f80bfa1d</red-def:evr>
</red-def:rpminfo_state>
<red-def:rpminfo_state id="oval:com.redhat.rhba:ste:20193384006" version="638">
 <red-def:arch datatype="string" operation="pattern match">aarch64|ppc64le|s390x|x86_64</red-def:arch>
 <red-def:evr datatype="evr_string" operation="less than">0:4.3.0-2.module+el8.1.0+3656+f80bfa1d</red-def:evr>
</red-def:rpminfo_state>
<red-def:rpminfo_state id="oval:com.redhat.rhba:ste:20193384007" version="638">
 <red-def:evr datatype="evr_string" operation="less than">0:4.3.0-2.module+el8.1.0+3656+f80bfa1d</red-def:evr>
</red-def:rpminfo_state>
<red-def:rpminfo_state id="oval:com.redhat.rhba:ste:20193384008" version="638">
 <red-def:evr datatype="evr_string" operation="less than">0:1.16.1-3.module+el8.1.0+3656+f80bfa1d</red-def:evr>
</red-def:rpminfo_state>
<red-def:rpminfo_state id="oval:com.redhat.rhba:ste:20193384009" version="638">
 <red-def:evr datatype="evr_string" operation="less than">0:1.2.0-105.module+el8.1.0+3656+f80bfa1d</red-def:evr>
</red-def:rpminfo_state>
<red-def:rpminfo_state id="oval:com.redhat.rhba:ste:20193384010" version="638">
 <red-def:arch datatype="string" operation="pattern match">aarch64|i686|ppc64le|s390x|x86_64</red-def:arch>
 <red-def:evr datatype="evr_string" operation="less than">0:0.4.6-105.module+el8.1.0+3656+f80bfa1d</red-def:evr>
</red-def:rpminfo_state>
<red-def:rpminfo_state id="oval:com.redhat.rhba:ste:20193384011" version="638">
 <red-def:arch datatype="string" operation="pattern match">aarch64|i686|ppc64le|s390x|x86_64</red-def:arch>
 <red-def:evr datatype="evr_string" operation="less than">0:2.1.0-105.module+el8.1.0+3656+f80bfa1d</red-def:evr>
</red-def:rpminfo_state>
<red-def:rpminfo_state id="oval:com.redhat.rhba:ste:20193384012" version="638">
 <red-def:evr datatype="evr_string" operation="less than">0:5.10.3-105.module+el8.1.0+3656+f80bfa1d</red-def:evr>
</red-def:rpminfo_state>
<red-def:rpminfo_state id="oval:com.redhat.rhba:ste:20193384013" version="638">
 <red-def:evr datatype="evr_string" operation="less than">0:2.5.1-2.module+el8.1.0+3656+f80bfa1d</red-def:evr>
</red-def:rpminfo_state>
<red-def:rpminfo_state id="oval:com.redhat.rhba:ste:20193384014" version="638">
 <red-def:arch datatype="string" operation="pattern match">aarch64|ppc64le|s390x|x86_64</red-def:arch>
 <red-def:evr datatype="evr_string" operation="less than">0:0.4.10-4.module+el8.1.0+3656+f80bfa1d</red-def:evr>
</red-def:rpminfo_state>
<red-def:rpminfo_state id="oval:com.redhat.rhba:ste:20193384015" version="638">
 <red-def:evr datatype="evr_string" operation="less than">0:0.4.10-4.module+el8.1.0+3656+f80bfa1d</red-def:evr>
</red-def:rpminfo_state>
<red-def:rpminfo_state id="oval:com.redhat.rhba:ste:20193384016" version="638">
 <red-def:evr datatype="evr_string" operation="less than">0:0.1.1-105.module+el8.1.0+3656+f80bfa1d</red-def:evr>
</red-def:rpminfo_state>
<red-def:rpminfo_state id="oval:com.redhat.rhba:ste:20193384017" version="638">
 <red-def:arch datatype="string" operation="pattern match">aarch64|i686|ppc64le|s390x|x86_64</red-def:arch>
 <red-def:evr datatype="evr_string" operation="less than">0:2.1.2-105.module+el8.1.0+3656+f80bfa1d</red-def:evr>
</red-def:rpminfo_state>
<red-def:rpminfo_state id="oval:com.redhat.rhba:ste:20193384018" version="638">
 <red-def:arch datatype="string" operation="pattern match">aarch64|ppc64le|s390x|x86_64</red-def:arch>
 <red-def:evr datatype="evr_string" operation="less than">0:1.0.0-2.module+el8.1.0+3656+f80bfa1d</red-def:evr>
</red-def:rpminfo_state>
<red-def:rpminfo_state id="oval:com.redhat.rhba:ste:20193384019" version="638">
 <red-def:evr datatype="evr_string" operation="less than">0:1.0.0-2.module+el8.1.0+3656+f80bfa1d</red-def:evr>
</red-def:rpminfo_state>
<red-def:rpminfo_state id="oval:com.redhat.rhba:ste:20193384020" version="638">
 <red-def:evr datatype="evr_string" operation="less than">0:1.1.1-105.module+el8.1.0+3656+f80bfa1d</red-def:evr>
</red-def:rpminfo_state>
<red-def:rpminfo_state id="oval:com.redhat.rhba:ste:20193384021" version="638">
 <red-def:arch datatype="string" operation="pattern match">aarch64|i686|ppc64le|s390x|x86_64</red-def:arch>
 <red-def:evr datatype="evr_string" operation="less than">0:3.0.2-105.module+el8.1.0+3656+f80bfa1d</red-def:evr>
</red-def:rpminfo_state>
<red-def:rpminfo_state id="oval:com.redhat.rhba:ste:20193384022" version="638">
 <red-def:evr datatype="evr_string" operation="less than">0:12.3.0-105.module+el8.1.0+3656+f80bfa1d</red-def:evr>
</red-def:rpminfo_state>
<red-def:rpminfo_state id="oval:com.redhat.rhba:ste:20193384023" version="638">
 <red-def:evr datatype="evr_string" operation="less than">0:6.0.1-105.module+el8.1.0+3656+f80bfa1d</red-def:evr>
</red-def:rpminfo_state>
<red-def:rpminfo_state id="oval:com.redhat.rhba:ste:20193384024" version="638">
 <red-def:evr datatype="evr_string" operation="less than">0:3.2.7-105.module+el8.1.0+3656+f80bfa1d</red-def:evr>
</red-def:rpminfo_state>
<red-def:rpminfo_state id="oval:com.redhat.rhba:ste:20193384025" version="638">
 <red-def:evr datatype="evr_string" operation="less than">0:0.3.0-105.module+el8.1.0+3656+f80bfa1d</red-def:evr>
</red-def:rpminfo_state>
<red-def:rpminfo_state id="oval:com.redhat.rhba:ste:20193384026" version="638">
 <red-def:evr datatype="evr_string" operation="less than">0:2.7.6.2-105.module+el8.1.0+3656+f80bfa1d</red-def:evr>
</red-def:rpminfo_state>
<ind-def:textfilecontent54_state id="oval:com.redhat.rhba:ste:20193384027" version="638">
 <ind-def:text operation="pattern match">\nstream\s*=\s*2\.5\b[\w\W]*\nstate\s*=\s*(enabled|1|true)|\nstate\s*=\s*(enabled|1|true)[\w\W]*\nstream\s*=\s*2\.5\b</ind-def:text>
</ind-def:textfilecontent54_state>
<red-def:rpminfo_state id="oval:com.redhat.rhba:ste:20193408001" version="635">
 <red-def:arch datatype="string" operation="pattern match">aarch64|i686|ppc64le|s390x|x86_64</red-def:arch>
 <red-def:evr datatype="evr_string" operation="less than">0:2.3.1-1.el8</red-def:evr>
</red-def:rpminfo_state>
<red-def:rpminfo_state id="oval:com.redhat.rhba:ste:20193408003" version="635">
 <red-def:evr datatype="evr_string" operation="less than">0:2.3.1-1.el8</red-def:evr>
</red-def:rpminfo_state>
<red-def:rpminfo_state id="oval:com.redhat.rhba:ste:20193416001" version="637">
 <red-def:evr datatype="evr_string" operation="less than">0:3.2.2-10.module+el8.1.0+3366+6dfb954c</red-def:evr>
</red-def:rpminfo_state>
<red-def:rpminfo_state id="oval:com.redhat.rhba:ste:20193416003" version="637">
 <red-def:evr datatype="evr_string" operation="less than">0:2.6-21.module+el8.1.0+3366+6dfb954c</red-def:evr>
</red-def:rpminfo_state>
<red-def:rpminfo_state id="oval:com.redhat.rhba:ste:20193416004" version="637">
 <red-def:evr datatype="evr_string" operation="less than">0:1.2.0-16.module+el8.1.0+3366+6dfb954c</red-def:evr>
</red-def:rpminfo_state>
<red-def:rpminfo_state id="oval:com.redhat.rhba:ste:20193416005" version="637">
 <red-def:evr datatype="evr_string" operation="less than">0:1.2.13-9.module+el8.1.0+3366+6dfb954c</red-def:evr>
</red-def:rpminfo_state>
<red-def:rpminfo_state id="oval:com.redhat.rhba:ste:20193416006" version="637">
 <red-def:evr datatype="evr_string" operation="less than">0:2.2.12-8.module+el8.1.0+3366+6dfb954c</red-def:evr>
</red-def:rpminfo_state>
<red-def:rpminfo_state id="oval:com.redhat.rhba:ste:20193416007" version="637">
 <red-def:evr datatype="evr_string" operation="less than">0:2.2.11-11.module+el8.1.0+3366+6dfb954c</red-def:evr>
</red-def:rpminfo_state>
<red-def:rpminfo_state id="oval:com.redhat.rhba:ste:20193416008" version="637">
 <red-def:evr datatype="evr_string" operation="less than">0:2.9.9-1.module+el8.1.0+3832+9784644d</red-def:evr>
</red-def:rpminfo_state>
<red-def:rpminfo_state id="oval:com.redhat.rhba:ste:20193416009" version="637">
 <red-def:evr datatype="evr_string" operation="less than">0:2.9.9.2-1.module+el8.1.0+3832+9784644d</red-def:evr>
</red-def:rpminfo_state>
<red-def:rpminfo_state id="oval:com.redhat.rhba:ste:20193416010" version="637">
 <red-def:evr datatype="evr_string" operation="less than">0:2.7.6-4.module+el8.1.0+3366+6dfb954c</red-def:evr>
</red-def:rpminfo_state>
<red-def:rpminfo_state id="oval:com.redhat.rhba:ste:20193416011" version="637">
 <red-def:evr datatype="evr_string" operation="less than">1:3.1-28.module+el8.1.0+3366+6dfb954c</red-def:evr>
</red-def:rpminfo_state>
<red-def:rpminfo_state id="oval:com.redhat.rhba:ste:20193416012" version="637">
 <red-def:evr datatype="evr_string" operation="less than">0:3.18.1-8.module+el8.1.0+3366+6dfb954c</red-def:evr>
</red-def:rpminfo_state>
<red-def:rpminfo_state id="oval:com.redhat.rhba:ste:20193416013" version="637">
 <red-def:evr datatype="evr_string" operation="less than">1:9.0.7-16.module+el8.1.0+3366+6dfb954c</red-def:evr>
</red-def:rpminfo_state>
<red-def:rpminfo_state id="oval:com.redhat.rhba:ste:20193416014" version="637">
 <red-def:arch datatype="string" operation="pattern match">aarch64|ppc64le|s390x|x86_64</red-def:arch>
 <red-def:evr datatype="evr_string" operation="less than">0:1.0.1-10.module+el8.1.0+3366+6dfb954c</red-def:evr>
</red-def:rpminfo_state>
<red-def:rpminfo_state id="oval:com.redhat.rhba:ste:20193416015" version="637">
 <red-def:evr datatype="evr_string" operation="less than">0:2011.1-7.module+el8.1.0+3366+6dfb954c</red-def:evr>
</red-def:rpminfo_state>
<red-def:rpminfo_state id="oval:com.redhat.rhba:ste:20193416016" version="637">
 <red-def:evr datatype="evr_string" operation="less than">0:3.0.26-3.module+el8.1.0+3366+6dfb954c</red-def:evr>
</red-def:rpminfo_state>
<red-def:rpminfo_state id="oval:com.redhat.rhba:ste:20193416017" version="637">
 <red-def:evr datatype="evr_string" operation="less than">0:1.7.25-4.module+el8.1.0+3366+6dfb954c</red-def:evr>
</red-def:rpminfo_state>
<red-def:rpminfo_state id="oval:com.redhat.rhba:ste:20193416018" version="637">
 <red-def:evr datatype="evr_string" operation="less than">0:1.7.7-8.module+el8.1.0+3366+6dfb954c</red-def:evr>
</red-def:rpminfo_state>
<red-def:rpminfo_state id="oval:com.redhat.rhba:ste:20193416019" version="637">
 <red-def:evr datatype="evr_string" operation="less than">0:1.7-24.module+el8.1.0+3366+6dfb954c</red-def:evr>
</red-def:rpminfo_state>
<red-def:rpminfo_state id="oval:com.redhat.rhba:ste:20193416020" version="637">
 <red-def:evr datatype="evr_string" operation="less than">0:2.7.1-38.module+el8.1.0+3366+6dfb954c</red-def:evr>
</red-def:rpminfo_state>
<red-def:rpminfo_state id="oval:com.redhat.rhba:ste:20193416021" version="637">
 <red-def:evr datatype="evr_string" operation="less than">0:2.11.0-34.module+el8.1.0+3366+6dfb954c</red-def:evr>
</red-def:rpminfo_state>
<red-def:rpminfo_state id="oval:com.redhat.rhba:ste:20193416022" version="637">
 <red-def:evr datatype="evr_string" operation="less than">0:1.4.01-25.module+el8.1.0+3366+6dfb954c</red-def:evr>
</red-def:rpminfo_state>
<red-def:rpminfo_state id="oval:com.redhat.rhba:ste:20193416023" version="637">
 <red-def:evr datatype="evr_string" operation="less than">0:1.2-26.module+el8.1.0+3366+6dfb954c</red-def:evr>
</red-def:rpminfo_state>
<red-def:rpminfo_state id="oval:com.redhat.rhba:ste:20193416024" version="637">
 <red-def:evr datatype="evr_string" operation="less than">0:1.5.4-8.module+el8.1.0+3366+6dfb954c</red-def:evr>
</red-def:rpminfo_state>
<red-def:rpminfo_state id="oval:com.redhat.rhba:ste:20193416025" version="637">
 <red-def:evr datatype="evr_string" operation="less than">0:0-19.20110809svn.module+el8.1.0+3366+6dfb954c</red-def:evr>
</red-def:rpminfo_state>
<ind-def:textfilecontent54_state id="oval:com.redhat.rhba:ste:20193416026" version="637">
 <ind-def:text operation="pattern match">\nstream\s*=\s*10\.6\b[\w\W]*\nstate\s*=\s*(enabled|1|true)|\nstate\s*=\s*(enabled|1|true)[\w\W]*\nstream\s*=\s*10\.6\b</ind-def:text>
</ind-def:textfilecontent54_state>
<red-def:rpminfo_state id="oval:com.redhat.rhba:ste:20193416027" version="637">
 <red-def:arch datatype="string" operation="pattern match">aarch64|ppc64le|s390x|x86_64</red-def:arch>
 <red-def:evr datatype="evr_string" operation="less than">0:4.6.0-5.module+el8.1.0+4218+3fd65c36</red-def:evr>
</red-def:rpminfo_state>
<red-def:rpminfo_state id="oval:com.redhat.rhba:ste:20193416028" version="637">
 <red-def:evr datatype="evr_string" operation="less than">0:4.21.0-1.module+el8.1.0+3370+6d076660</red-def:evr>
</red-def:rpminfo_state>
<red-def:rpminfo_state id="oval:com.redhat.rhba:ste:20193416029" version="637">
 <red-def:evr datatype="evr_string" operation="less than">0:10.7.3-1.module+el8.1.0+3964+500fc130</red-def:evr>
</red-def:rpminfo_state>
<red-def:rpminfo_state id="oval:com.redhat.rhba:ste:20193416030" version="637">
 <red-def:arch datatype="string" operation="pattern match">aarch64|ppc64le|s390x|x86_64</red-def:arch>
 <red-def:evr datatype="evr_string" operation="less than">0:10.7.3-1.module+el8.1.0+3964+500fc130</red-def:evr>
</red-def:rpminfo_state>
<red-def:rpminfo_state id="oval:com.redhat.rhba:ste:20193416031" version="637">
 <red-def:evr datatype="evr_string" operation="less than">0:7.4.1-1.module+el8.1.0+3370+6d076660</red-def:evr>
</red-def:rpminfo_state>
<red-def:rpminfo_state id="oval:com.redhat.rhba:ste:20193621001" version="635">
 <red-def:arch datatype="string" operation="pattern match">aarch64|ppc64le|s390x|x86_64</red-def:arch>
 <red-def:evr datatype="evr_string" operation="less than">0:2.2.0-1.el8</red-def:evr>
</red-def:rpminfo_state>
<red-def:rpminfo_state id="oval:com.redhat.rhba:ste:20193621003" version="635">
 <red-def:arch datatype="string" operation="pattern match">aarch64|i686|ppc64le|s390x|x86_64</red-def:arch>
 <red-def:evr datatype="evr_string" operation="less than">0:2.2.0-1.el8</red-def:evr>
</red-def:rpminfo_state>
<red-def:rpminfo_state id="oval:com.redhat.rhba:ste:20193674001" version="635">
 <red-def:arch datatype="string" operation="pattern match">aarch64|i686|ppc64le|s390x|x86_64</red-def:arch>
 <red-def:evr datatype="evr_string" operation="less than">0:2.4.46-10.el8</red-def:evr>
</red-def:rpminfo_state>
<red-def:rpminfo_state id="oval:com.redhat.rhba:ste:20193674003" version="635">
 <red-def:arch datatype="string" operation="pattern match">aarch64|ppc64le|s390x|x86_64</red-def:arch>
 <red-def:evr datatype="evr_string" operation="less than">0:2.4.46-10.el8</red-def:evr>
</red-def:rpminfo_state>
<red-def:rpminfo_state id="oval:com.redhat.rhba:ste:20194268001" version="635">
 <red-def:arch datatype="string" operation="pattern match">aarch64|ppc64le|s390x|x86_64</red-def:arch>
 <red-def:evr datatype="evr_string" operation="less than">0:11.1-14.module+el8.1.0+4098+f286395e</red-def:evr>
</red-def:rpminfo_state>
<red-def:rpminfo_state id="oval:com.redhat.rhba:ste:20194268003" version="635">
 <red-def:evr datatype="evr_string" operation="less than">0:0.6.0-3.module+el8.1.0+4098+f286395e</red-def:evr>
</red-def:rpminfo_state>
<red-def:rpminfo_state id="oval:com.redhat.rhba:ste:20194268004" version="635">
 <red-def:arch datatype="string" operation="pattern match">aarch64|ppc64le|s390x|x86_64</red-def:arch>
 <red-def:evr datatype="evr_string" operation="less than">0:4.8.0-13.module+el8.1.0+4923+c6efe041</red-def:evr>
</red-def:rpminfo_state>
<red-def:rpminfo_state id="oval:com.redhat.rhba:ste:20194268005" version="635">
 <red-def:evr datatype="evr_string" operation="less than">0:4.8.0-13.module+el8.1.0+4923+c6efe041</red-def:evr>
</red-def:rpminfo_state>
<red-def:rpminfo_state id="oval:com.redhat.rhba:ste:20194268006" version="635">
 <red-def:evr datatype="evr_string" operation="less than">0:0.3-4.module+el8.1.0+4098+f286395e</red-def:evr>
</red-def:rpminfo_state>
<red-def:rpminfo_state id="oval:com.redhat.rhba:ste:20194268007" version="635">
 <red-def:arch datatype="string" operation="pattern match">aarch64|ppc64le|s390x|x86_64</red-def:arch>
 <red-def:evr datatype="evr_string" operation="less than">0:0.0.4-6.module+el8.1.0+4098+f286395e</red-def:evr>
</red-def:rpminfo_state>
<red-def:rpminfo_state id="oval:com.redhat.rhba:ste:20194268008" version="635">
 <red-def:arch datatype="string" operation="pattern match">aarch64|ppc64le|s390x|x86_64</red-def:arch>
 <red-def:evr datatype="evr_string" operation="less than">0:1.4.14-1.module+el8.1.0+4098+f286395e</red-def:evr>
</red-def:rpminfo_state>
<red-def:rpminfo_state id="oval:com.redhat.rhba:ste:20194268009" version="635">
 <red-def:evr datatype="evr_string" operation="less than">0:0.5.0-1.module+el8.1.0+4098+f286395e</red-def:evr>
</red-def:rpminfo_state>
<red-def:rpminfo_state id="oval:com.redhat.rhba:ste:20194268010" version="635">
 <red-def:evr datatype="evr_string" operation="less than">0:0.4-3.module+el8.1.0+4098+f286395e</red-def:evr>
</red-def:rpminfo_state>
<red-def:rpminfo_state id="oval:com.redhat.rhba:ste:20194268011" version="635">
 <red-def:evr datatype="evr_string" operation="less than">0:1.0.0-9.module+el8.1.0+4098+f286395e</red-def:evr>
</red-def:rpminfo_state>
<red-def:rpminfo_state id="oval:com.redhat.rhba:ste:20194268012" version="635">
 <red-def:evr datatype="evr_string" operation="less than">0:5.1-12.module+el8.1.0+4098+f286395e</red-def:evr>
</red-def:rpminfo_state>
<red-def:rpminfo_state id="oval:com.redhat.rhba:ste:20194268013" version="635">
 <red-def:evr datatype="evr_string" operation="less than">0:1.3.2-9.module+el8.1.0+4098+f286395e</red-def:evr>
</red-def:rpminfo_state>
<red-def:rpminfo_state id="oval:com.redhat.rhba:ste:20194268014" version="635">
 <red-def:arch datatype="string" operation="pattern match">aarch64|ppc64le|s390x|x86_64</red-def:arch>
 <red-def:evr datatype="evr_string" operation="less than">0:0.56.3-2.module+el8.1.0+4098+f286395e</red-def:evr>
</red-def:rpminfo_state>
<red-def:rpminfo_state id="oval:com.redhat.rhba:ste:20194268015" version="635">
 <red-def:arch datatype="string" operation="pattern match">aarch64|ppc64le|s390x|x86_64</red-def:arch>
 <red-def:evr datatype="evr_string" operation="less than">0:2.4.0-2.module+el8.1.0+4098+f286395e</red-def:evr>
</red-def:rpminfo_state>
<ind-def:textfilecontent54_state id="oval:com.redhat.rhba:ste:20194268016" version="635">
 <ind-def:text operation="pattern match">\nstream\s*=\s*DL1\b[\w\W]*\nstate\s*=\s*(enabled|1|true)|\nstate\s*=\s*(enabled|1|true)[\w\W]*\nstream\s*=\s*DL1\b</ind-def:text>
</ind-def:textfilecontent54_state>
<red-def:rpminfo_state id="oval:com.redhat.rhba:ste:20201376001" version="636">
 <red-def:arch datatype="string" operation="pattern match">aarch64|ppc64le|s390x|x86_64</red-def:arch>
 <red-def:evr datatype="evr_string" operation="less than">1:5.8-12.el8_1.1</red-def:evr>
</red-def:rpminfo_state>
<red-def:rpminfo_state id="oval:com.redhat.rhba:ste:20201376003" version="636">
 <red-def:arch datatype="string" operation="pattern match">aarch64|i686|ppc64le|s390x|x86_64</red-def:arch>
 <red-def:evr datatype="evr_string" operation="less than">1:5.8-12.el8_1.1</red-def:evr>
</red-def:rpminfo_state>
<red-def:rpminfo_state id="oval:com.redhat.rhba:ste:20201628001" version="636">
 <red-def:arch datatype="string" operation="pattern match">aarch64|ppc64le|s390x|x86_64</red-def:arch>
 <red-def:evr datatype="evr_string" operation="less than">0:5.0.2-5.el8</red-def:evr>
</red-def:rpminfo_state>
<red-def:rpminfo_state id="oval:com.redhat.rhba:ste:20201628003" version="636">
 <red-def:arch datatype="string" operation="pattern match">aarch64|i686|ppc64le|s390x|x86_64</red-def:arch>
 <red-def:evr datatype="evr_string" operation="less than">0:5.0.2-5.el8</red-def:evr>
</red-def:rpminfo_state>
<red-def:rpminfo_state id="oval:com.redhat.rhba:ste:20201628004" version="636">
 <red-def:evr datatype="evr_string" operation="less than">0:5.0.2-5.el8</red-def:evr>
</red-def:rpminfo_state>
<red-def:rpminfo_state id="oval:com.redhat.rhba:ste:20201628005" version="636">
 <red-def:arch datatype="string" operation="pattern match">aarch64|ppc64le|x86_64</red-def:arch>
 <red-def:evr datatype="evr_string" operation="less than">0:5.0.2-5.el8</red-def:evr>
</red-def:rpminfo_state>
<red-def:rpminfo_state id="oval:com.redhat.rhba:ste:20201628006" version="636">
 <red-def:arch datatype="string" operation="equals">x86_64</red-def:arch>
 <red-def:evr datatype="evr_string" operation="less than">0:5.0.2-5.el8</red-def:evr>
</red-def:rpminfo_state>
<red-def:rpminfo_state id="oval:com.redhat.rhba:ste:20210621001" version="635">
 <red-def:arch datatype="string" operation="equals">x86_64</red-def:arch>
 <red-def:evr datatype="evr_string" operation="less than">4:20200609-2.20210216.1.el8_3</red-def:evr>
</red-def:rpminfo_state>
<red-def:rpminfo_state id="oval:com.redhat.rhba:ste:20213054001" version="635">
 <red-def:arch datatype="string" operation="pattern match">aarch64|ppc64le|s390x|x86_64</red-def:arch>
 <red-def:evr datatype="evr_string" operation="less than">0:3.15.1-6.el8_4</red-def:evr>
</red-def:rpminfo_state>
<red-def:rpminfo_state id="oval:com.redhat.rhba:ste:20213054003" version="635">
 <red-def:arch datatype="string" operation="equals">s390x</red-def:arch>
 <red-def:evr datatype="evr_string" operation="less than">0:3.15.1-6.el8_4</red-def:evr>
</red-def:rpminfo_state>
<red-def:rpminfo_state id="oval:com.redhat.rhba:ste:20213054004" version="635">
 <red-def:arch datatype="string" operation="pattern match">aarch64|i686|ppc64le|s390x|x86_64</red-def:arch>
 <red-def:evr datatype="evr_string" operation="less than">0:3.15.1-6.el8_4</red-def:evr>
</red-def:rpminfo_state>
<red-def:rpminfo_state id="oval:com.redhat.rhba:ste:20214438001" version="635">
 <red-def:arch datatype="string" operation="pattern match">aarch64|ppc64le|s390x|x86_64</red-def:arch>
 <red-def:evr datatype="evr_string" operation="less than">0:4.14.5-2.el8</red-def:evr>
</red-def:rpminfo_state>
<red-def:rpminfo_state id="oval:com.redhat.rhba:ste:20214438003" version="635">
 <red-def:arch datatype="string" operation="pattern match">aarch64|i686|ppc64le|s390x|x86_64</red-def:arch>
 <red-def:evr datatype="evr_string" operation="less than">0:4.14.5-2.el8</red-def:evr>
</red-def:rpminfo_state>
<red-def:rpminfo_state id="oval:com.redhat.rhba:ste:20214438004" version="635">
 <red-def:evr datatype="evr_string" operation="less than">0:4.14.5-2.el8</red-def:evr>
</red-def:rpminfo_state>
<red-def:rpminfo_state id="oval:com.redhat.rhba:ste:20214438005" version="635">
 <red-def:arch datatype="string" operation="equals">x86_64</red-def:arch>
 <red-def:evr datatype="evr_string" operation="less than">0:4.14.5-2.el8</red-def:evr>
</red-def:rpminfo_state>
<red-def:rpminfo_state id="oval:com.redhat.rhba:ste:20220348001" version="635">
 <red-def:arch datatype="string" operation="pattern match">aarch64|ppc64le|s390x|x86_64</red-def:arch>
 <red-def:evr datatype="evr_string" operation="less than">0:1.19.9-1.module+el8.5.0+12236+c988d830</red-def:evr>
</red-def:rpminfo_state>
<red-def:rpminfo_state id="oval:com.redhat.rhba:ste:20220348003" version="635">
 <red-def:evr datatype="evr_string" operation="less than">0:29-2.module+el8.5.0+10306+3f72d66d</red-def:evr>
</red-def:rpminfo_state>
<red-def:rpminfo_state id="oval:com.redhat.rhba:ste:20220348004" version="635">
 <red-def:arch datatype="string" operation="pattern match">aarch64|ppc64le|s390x|x86_64</red-def:arch>
 <red-def:evr datatype="evr_string" operation="less than">2:2.0.26-1.module+el8.5.0+10306+3f72d66d</red-def:evr>
</red-def:rpminfo_state>
<red-def:rpminfo_state id="oval:com.redhat.rhba:ste:20220348005" version="635">
 <red-def:evr datatype="evr_string" operation="less than">2:2.167.0-1.module+el8.5.0+12609+beaa716d</red-def:evr>
</red-def:rpminfo_state>
<red-def:rpminfo_state id="oval:com.redhat.rhba:ste:20220348006" version="635">
 <red-def:arch datatype="string" operation="pattern match">aarch64|ppc64le|s390x|x86_64</red-def:arch>
 <red-def:evr datatype="evr_string" operation="less than">0:0.9.1-1.module+el8.5.0+10306+3f72d66d</red-def:evr>
</red-def:rpminfo_state>
<red-def:rpminfo_state id="oval:com.redhat.rhba:ste:20220348007" version="635">
 <red-def:arch datatype="string" operation="pattern match">aarch64|ppc64le|s390x|x86_64</red-def:arch>
 <red-def:evr datatype="evr_string" operation="less than">1:1.2.4-1.module+el8.5.0+13605+73abf821</red-def:evr>
</red-def:rpminfo_state>
<red-def:rpminfo_state id="oval:com.redhat.rhba:ste:20220348008" version="635">
 <red-def:arch datatype="string" operation="pattern match">aarch64|ppc64le|s390x|x86_64</red-def:arch>
 <red-def:evr datatype="evr_string" operation="less than">0:3.15-1.module+el8.5.0+10306+3f72d66d</red-def:evr>
</red-def:rpminfo_state>
<red-def:rpminfo_state id="oval:com.redhat.rhba:ste:20220348009" version="635">
 <red-def:arch datatype="string" operation="pattern match">aarch64|ppc64le|s390x|x86_64</red-def:arch>
 <red-def:evr datatype="evr_string" operation="less than">0:0.18-2.module+el8.5.0+10306+3f72d66d</red-def:evr>
</red-def:rpminfo_state>
<red-def:rpminfo_state id="oval:com.redhat.rhba:ste:20220348010" version="635">
 <red-def:arch datatype="string" operation="pattern match">aarch64|ppc64le|s390x|x86_64</red-def:arch>
 <red-def:evr datatype="evr_string" operation="less than">0:1.4.0-2.module+el8.5.0+10306+3f72d66d</red-def:evr>
</red-def:rpminfo_state>
<red-def:rpminfo_state id="oval:com.redhat.rhba:ste:20220348011" version="635">
 <red-def:arch datatype="string" operation="pattern match">aarch64|ppc64le|s390x|x86_64</red-def:arch>
 <red-def:evr datatype="evr_string" operation="less than">0:4.3.1-1.module+el8.5.0+10306+3f72d66d</red-def:evr>
</red-def:rpminfo_state>
<red-def:rpminfo_state id="oval:com.redhat.rhba:ste:20220348012" version="635">
 <red-def:arch datatype="string" operation="pattern match">aarch64|ppc64le|s390x|x86_64</red-def:arch>
 <red-def:evr datatype="evr_string" operation="less than">0:1.2.0-3.module+el8.5.0+11073+ba5c6d09</red-def:evr>
</red-def:rpminfo_state>
<red-def:rpminfo_state id="oval:com.redhat.rhba:ste:20220348013" version="635">
 <red-def:arch datatype="string" operation="pattern match">aarch64|ppc64le|s390x|x86_64</red-def:arch>
 <red-def:evr datatype="evr_string" operation="less than">0:3.0.1-7.module+el8.5.0+12960+5b7d72b5</red-def:evr>
</red-def:rpminfo_state>
<red-def:rpminfo_state id="oval:com.redhat.rhba:ste:20220348014" version="635">
 <red-def:evr datatype="evr_string" operation="less than">0:3.0.1-7.module+el8.5.0+12960+5b7d72b5</red-def:evr>
</red-def:rpminfo_state>
<red-def:rpminfo_state id="oval:com.redhat.rhba:ste:20220348015" version="635">
 <red-def:arch datatype="string" operation="pattern match">aarch64|ppc64le|s390x|x86_64</red-def:arch>
 <red-def:evr datatype="evr_string" operation="less than">0:1.0.0-72.rc92.module+el8.5.0+12236+c988d830</red-def:evr>
</red-def:rpminfo_state>
<red-def:rpminfo_state id="oval:com.redhat.rhba:ste:20220348016" version="635">
 <red-def:arch datatype="string" operation="pattern match">aarch64|ppc64le|s390x|x86_64</red-def:arch>
 <red-def:evr datatype="evr_string" operation="less than">0:1.1.8-1.module+el8.5.0+10306+3f72d66d</red-def:evr>
</red-def:rpminfo_state>
<red-def:rpminfo_state id="oval:com.redhat.rhba:ste:20220348017" version="635">
 <red-def:arch datatype="string" operation="pattern match">aarch64|ppc64le|s390x|x86_64</red-def:arch>
 <red-def:evr datatype="evr_string" operation="less than">0:0.0.99.3-1.module+el8.5.0+13746+87221ce8</red-def:evr>
</red-def:rpminfo_state>
<red-def:rpminfo_state id="oval:com.redhat.rhba:ste:20220348018" version="635">
 <red-def:evr datatype="evr_string" operation="less than">0:0.2.4-1.module+el8.5.0+10306+3f72d66d</red-def:evr>
</red-def:rpminfo_state>
<ind-def:textfilecontent54_state id="oval:com.redhat.rhba:ste:20220348019" version="635">
 <ind-def:text operation="pattern match">\nstream\s*=\s*3\.0\b[\w\W]*\nstate\s*=\s*(enabled|1|true)|\nstate\s*=\s*(enabled|1|true)[\w\W]*\nstream\s*=\s*3\.0\b</ind-def:text>
</ind-def:textfilecontent54_state>
<red-def:rpminfo_state id="oval:com.redhat.rhba:ste:20221386001" version="636">
 <red-def:arch datatype="string" operation="equals">x86_64</red-def:arch>
 <red-def:evr datatype="evr_string" operation="less than">0:3.1.24-1.el8_5</red-def:evr>
</red-def:rpminfo_state>
<red-def:rpminfo_state id="oval:com.redhat.rhba:ste:20221386003" version="636">
 <red-def:arch datatype="string" operation="equals">x86_64</red-def:arch>
 <red-def:evr datatype="evr_string" operation="less than">0:3.1.418-1.el8_5</red-def:evr>
</red-def:rpminfo_state>
<red-def:rpminfo_state id="oval:com.redhat.rhba:ste:20222065001" version="635">
 <red-def:arch datatype="string" operation="pattern match">aarch64|i686|ppc64le|s390x|x86_64</red-def:arch>
 <red-def:evr datatype="evr_string" operation="less than">0:1.1.4-6.el8</red-def:evr>
</red-def:rpminfo_state>
<red-def:rpminfo_state id="oval:com.redhat.rhba:ste:20225747001" version="636">
 <red-def:arch datatype="string" operation="pattern match">aarch64|s390x|x86_64</red-def:arch>
 <red-def:evr datatype="evr_string" operation="less than">0:6.0.7-1.el8_6</red-def:evr>
</red-def:rpminfo_state>
<red-def:rpminfo_state id="oval:com.redhat.rhba:ste:20225747003" version="636">
 <red-def:arch datatype="string" operation="pattern match">aarch64|s390x|x86_64</red-def:arch>
 <red-def:evr datatype="evr_string" operation="less than">0:6.0.107-1.el8_6</red-def:evr>
</red-def:rpminfo_state>
<red-def:rpminfo_state id="oval:com.redhat.rhba:ste:20227667001" version="635">
 <red-def:arch datatype="string" operation="equals">x86_64</red-def:arch>
 <red-def:evr datatype="evr_string" operation="less than">0:1.0.9-1.el8</red-def:evr>
</red-def:rpminfo_state>
<red-def:rpminfo_state id="oval:com.redhat.rhba:ste:20232977001" version="634">
 <red-def:evr datatype="evr_string" operation="less than">0:39.31.5.1-114.el8_8.1</red-def:evr>
</red-def:rpminfo_state>
<red-def:rpminfo_state id="oval:com.redhat.rhba:ste:20232977003" version="634">
 <red-def:evr datatype="evr_string" operation="less than">1:39.31.5.1-114.el8_8.1</red-def:evr>
</red-def:rpminfo_state>
<red-def:rpminfo_state id="oval:com.redhat.rhba:ste:20232977004" version="634">
 <red-def:evr datatype="evr_string" operation="less than">0:18.168.6.1-114.el8_8.1</red-def:evr>
</red-def:rpminfo_state>
<red-def:rpminfo_state id="oval:com.redhat.rhba:ste:20232977005" version="634">
 <red-def:evr datatype="evr_string" operation="less than">1:25.30.13.0-114.el8_8.1</red-def:evr>
</red-def:rpminfo_state>
<red-def:rpminfo_state id="oval:com.redhat.rhba:ste:20232977006" version="634">
 <red-def:evr datatype="evr_string" operation="less than">0:15.32.2.9-114.el8_8.1</red-def:evr>
</red-def:rpminfo_state>
<red-def:rpminfo_state id="oval:com.redhat.rhba:ste:20232977007" version="634">
 <red-def:evr datatype="evr_string" operation="less than">0:228.61.2.24-114.el8_8.1</red-def:evr>
</red-def:rpminfo_state>
<red-def:rpminfo_state id="oval:com.redhat.rhba:ste:20232977008" version="634">
 <red-def:evr datatype="evr_string" operation="less than">0:8.83.5.1_1-114.el8_8.1</red-def:evr>
</red-def:rpminfo_state>
<red-def:rpminfo_state id="oval:com.redhat.rhba:ste:20232977009" version="634">
 <red-def:evr datatype="evr_string" operation="less than">0:8.24.2.2-114.el8_8.1</red-def:evr>
</red-def:rpminfo_state>
<red-def:rpminfo_state id="oval:com.redhat.rhba:ste:20232977010" version="634">
 <red-def:evr datatype="evr_string" operation="less than">0:9.221.4.1-114.el8_8.1</red-def:evr>
</red-def:rpminfo_state>
<red-def:rpminfo_state id="oval:com.redhat.rhba:ste:20232977011" version="634">
 <red-def:evr datatype="evr_string" operation="less than">0:41.28.5.1-114.el8_8.1</red-def:evr>
</red-def:rpminfo_state>
<red-def:rpminfo_state id="oval:com.redhat.rhba:ste:20232977012" version="634">
 <red-def:evr datatype="evr_string" operation="less than">0:20230404-114.git2e92a49f.el8_8</red-def:evr>
</red-def:rpminfo_state>
<red-def:rpminfo_state id="oval:com.redhat.rhba:ste:20232977013" version="634">
 <red-def:evr datatype="evr_string" operation="less than">2:20230404-114.git2e92a49f.el8_8</red-def:evr>
</red-def:rpminfo_state>
<red-def:rpminfo_state id="oval:com.redhat.rhba:ste:20236928001" version="636">
 <red-def:arch datatype="string" operation="equals">x86_64</red-def:arch>
 <red-def:evr datatype="evr_string" operation="less than">0:1.20.2-1.module+el8.9.0+18926+5193682d</red-def:evr>
</red-def:rpminfo_state>
<red-def:rpminfo_state id="oval:com.redhat.rhba:ste:20236928003" version="636">
 <red-def:arch datatype="string" operation="pattern match">aarch64|ppc64le|s390x|x86_64</red-def:arch>
 <red-def:evr datatype="evr_string" operation="less than">0:1.20.10-1.module+el8.9.0+20382+04f7fe80</red-def:evr>
</red-def:rpminfo_state>
<red-def:rpminfo_state id="oval:com.redhat.rhba:ste:20236928004" version="636">
 <red-def:evr datatype="evr_string" operation="less than">0:1.20.10-1.module+el8.9.0+20382+04f7fe80</red-def:evr>
</red-def:rpminfo_state>
<ind-def:textfilecontent54_state id="oval:com.redhat.rhba:ste:20236928005" version="636">
 <ind-def:text operation="pattern match">\nstream\s*=\s*rhel8\b[\w\W]*\nstate\s*=\s*(enabled|1|true)|\nstate\s*=\s*(enabled|1|true)[\w\W]*\nstream\s*=\s*rhel8\b</ind-def:text>
</ind-def:textfilecontent54_state>
<red-def:rpminfo_state id="oval:com.redhat.rhba:ste:20243053001" version="636">
 <red-def:arch datatype="string" operation="pattern match">aarch64|ppc64le|s390x|x86_64</red-def:arch>
 <red-def:evr datatype="evr_string" operation="less than">0:3.4.1-1.el8</red-def:evr>
</red-def:rpminfo_state>
<red-def:rpminfo_state id="oval:com.redhat.rhba:ste:20245736001" version="636">
 <red-def:evr datatype="evr_string" operation="less than">0:2024.2.69_v8.0.303-80.0.el8_10</red-def:evr>
</red-def:rpminfo_state>
<red-def:rpminfo_state id="oval:com.redhat.rhba:ste:20246680001" version="639">
 <red-def:arch datatype="string" operation="pattern match">aarch64|i686|ppc64le|s390x|x86_64</red-def:arch>
 <red-def:evr datatype="evr_string" operation="less than">0:3.101.0-7.el8_8</red-def:evr>
</red-def:rpminfo_state>
<red-def:rpminfo_state id="oval:com.redhat.rhba:ste:20246680003" version="639">
 <red-def:arch datatype="string" operation="pattern match">aarch64|ppc64le|s390x|x86_64</red-def:arch>
 <red-def:evr datatype="evr_string" operation="less than">0:3.101.0-7.el8_8</red-def:evr>
</red-def:rpminfo_state>
<red-def:rpminfo_state id="oval:com.redhat.rhea:ste:20193845001" version="640">
 <red-def:arch datatype="string" operation="equals">x86_64</red-def:arch>
 <red-def:evr datatype="evr_string" operation="less than">4:20190618-1.20191112.1.el8_1</red-def:evr>
</red-def:rpminfo_state>
<red-def:rpminfo_state id="oval:com.redhat.rhea:ste:20194262001" version="635">
 <red-def:arch datatype="string" operation="pattern match">aarch64|i686|ppc64le|s390x|x86_64</red-def:arch>
 <red-def:evr datatype="evr_string" operation="less than">0:2.24.4-2.el8_1</red-def:evr>
</red-def:rpminfo_state>
<red-def:rpminfo_state id="oval:com.redhat.rhea:ste:20194262003" version="635">
 <red-def:arch datatype="string" operation="pattern match">i686|ppc64le|x86_64</red-def:arch>
 <red-def:evr datatype="evr_string" operation="less than">0:2.24.4-2.el8_1</red-def:evr>
</red-def:rpminfo_state>
<red-def:rpminfo_state id="oval:com.redhat.rhea:ste:20200330001" version="634">
 <red-def:arch datatype="string" operation="pattern match">aarch64|ppc64le|s390x|x86_64</red-def:arch>
 <red-def:evr datatype="evr_string" operation="less than">1:12.14.1-1.module+el8.1.0+5466+30f75629</red-def:evr>
</red-def:rpminfo_state>
<red-def:rpminfo_state id="oval:com.redhat.rhea:ste:20200330003" version="634">
 <red-def:evr datatype="evr_string" operation="less than">1:12.14.1-1.module+el8.1.0+5466+30f75629</red-def:evr>
</red-def:rpminfo_state>
<red-def:rpminfo_state id="oval:com.redhat.rhea:ste:20200330004" version="634">
 <red-def:evr datatype="evr_string" operation="less than">0:1.18.3-1.module+el8.1.0+3369+37ae6a45</red-def:evr>
</red-def:rpminfo_state>
<red-def:rpminfo_state id="oval:com.redhat.rhea:ste:20200330005" version="634">
 <red-def:evr datatype="evr_string" operation="less than">0:17-3.module+el8.1.0+3369+37ae6a45</red-def:evr>
</red-def:rpminfo_state>
<red-def:rpminfo_state id="oval:com.redhat.rhea:ste:20200330006" version="634">
 <red-def:arch datatype="string" operation="pattern match">aarch64|ppc64le|s390x|x86_64</red-def:arch>
 <red-def:evr datatype="evr_string" operation="less than">1:6.13.4-1.12.14.1.1.module+el8.1.0+5466+30f75629</red-def:evr>
</red-def:rpminfo_state>
<ind-def:textfilecontent54_state id="oval:com.redhat.rhea:ste:20200330007" version="634">
 <ind-def:text operation="pattern match">\nstream\s*=\s*12\b[\w\W]*\nstate\s*=\s*(enabled|1|true)|\nstate\s*=\s*(enabled|1|true)[\w\W]*\nstream\s*=\s*12\b</ind-def:text>
</ind-def:textfilecontent54_state>
<red-def:rpminfo_state id="oval:com.redhat.rhea:ste:20200343001" version="635">
 <red-def:arch datatype="string" operation="pattern match">aarch64|i686|ppc64le|s390x|x86_64</red-def:arch>
 <red-def:evr datatype="evr_string" operation="less than">0:12.1-3.el8</red-def:evr>
</red-def:rpminfo_state>
<red-def:rpminfo_state id="oval:com.redhat.rhea:ste:20204505001" version="636">
 <red-def:evr datatype="evr_string" operation="less than">0:2.1.73-2.el8</red-def:evr>
</red-def:rpminfo_state>
<red-def:rpminfo_state id="oval:com.redhat.rhea:ste:20211580001" version="635">
 <red-def:arch datatype="string" operation="pattern match">aarch64|ppc64le|s390x|x86_64</red-def:arch>
 <red-def:evr datatype="evr_string" operation="less than">0:3.3.3-1.el8</red-def:evr>
</red-def:rpminfo_state>
<red-def:rpminfo_state id="oval:com.redhat.rhea:ste:20211580003" version="635">
 <red-def:arch datatype="string" operation="pattern match">aarch64|i686|ppc64le|s390x|x86_64</red-def:arch>
 <red-def:evr datatype="evr_string" operation="less than">0:3.3.3-1.el8</red-def:evr>
</red-def:rpminfo_state>
<red-def:rpminfo_state id="oval:com.redhat.rhea:ste:20211906001" version="635">
 <red-def:arch datatype="string" operation="pattern match">aarch64|i686|ppc64le|s390x|x86_64</red-def:arch>
 <red-def:evr datatype="evr_string" operation="less than">0:1.0.184-1.el8</red-def:evr>
</red-def:rpminfo_state>
<red-def:rpminfo_state id="oval:com.redhat.rhea:ste:20225139001" version="636">
 <red-def:arch datatype="string" operation="pattern match">aarch64|ppc64le|s390x|x86_64</red-def:arch>
 <red-def:evr datatype="evr_string" operation="less than">1:12.22.12-1.module+el8.6.0+15324+1f2c5d8d</red-def:evr>
</red-def:rpminfo_state>
<red-def:rpminfo_state id="oval:com.redhat.rhea:ste:20225139003" version="636">
 <red-def:evr datatype="evr_string" operation="less than">1:12.22.12-1.module+el8.6.0+15324+1f2c5d8d</red-def:evr>
</red-def:rpminfo_state>
<red-def:rpminfo_state id="oval:com.redhat.rhea:ste:20225139004" version="636">
 <red-def:evr datatype="evr_string" operation="less than">0:2.0.3-1.module+el8.4.0+11732+c668cc9f</red-def:evr>
</red-def:rpminfo_state>
<red-def:rpminfo_state id="oval:com.redhat.rhea:ste:20225139006" version="636">
 <red-def:arch datatype="string" operation="pattern match">aarch64|ppc64le|s390x|x86_64</red-def:arch>
 <red-def:evr datatype="evr_string" operation="less than">1:6.14.16-1.12.22.12.1.module+el8.6.0+15324+1f2c5d8d</red-def:evr>
</red-def:rpminfo_state>
<red-def:rpminfo_state id="oval:com.redhat.rhea:ste:20233850001" version="636">
 <red-def:arch datatype="string" operation="pattern match">aarch64|i686|ppc64le|s390x|x86_64</red-def:arch>
 <red-def:evr datatype="evr_string" operation="less than">0:1.18.2-25.el8_8</red-def:evr>
</red-def:rpminfo_state>
<red-def:rpminfo_state id="oval:com.redhat.rhea:ste:20233850003" version="636">
 <red-def:arch datatype="string" operation="pattern match">aarch64|ppc64le|s390x|x86_64</red-def:arch>
 <red-def:evr datatype="evr_string" operation="less than">0:1.18.2-25.el8_8</red-def:evr>
</red-def:rpminfo_state>
<red-def:rpminfo_state id="oval:com.redhat.rhsa:ste:20190966001" version="638">
 <red-def:arch datatype="string" operation="pattern match">aarch64|ppc64le|s390x|x86_64</red-def:arch>
 <red-def:evr datatype="evr_string" operation="less than">0:60.6.1-1.el8</red-def:evr>
</red-def:rpminfo_state>
<red-def:rpminfo_state id="oval:com.redhat.rhsa:ste:20190968001" version="637">
 <red-def:evr datatype="evr_string" operation="less than">0:20180508gitee3198e672e2-9.el8_0.1</red-def:evr>
</red-def:rpminfo_state>
<red-def:rpminfo_state id="oval:com.redhat.rhsa:ste:20190971001" version="636">
 <red-def:arch datatype="string" operation="pattern match">aarch64|ppc64le|s390x|x86_64</red-def:arch>
 <red-def:evr datatype="evr_string" operation="less than">0:9.25-2.el8_0.1</red-def:evr>
</red-def:rpminfo_state>
<red-def:rpminfo_state id="oval:com.redhat.rhsa:ste:20190971003" version="636">
 <red-def:evr datatype="evr_string" operation="less than">0:9.25-2.el8_0.1</red-def:evr>
</red-def:rpminfo_state>
<red-def:rpminfo_state id="oval:com.redhat.rhsa:ste:20190971004" version="636">
 <red-def:arch datatype="string" operation="pattern match">aarch64|i686|ppc64le|s390x|x86_64</red-def:arch>
 <red-def:evr datatype="evr_string" operation="less than">0:9.25-2.el8_0.1</red-def:evr>
</red-def:rpminfo_state>
<red-def:rpminfo_state id="oval:com.redhat.rhsa:ste:20190972001" version="636">
 <red-def:arch datatype="string" operation="pattern match">aarch64|i686|ppc64le|s390x|x86_64</red-def:arch>
 <red-def:evr datatype="evr_string" operation="less than">0:2.6.5-5.el8</red-def:evr>
</red-def:rpminfo_state>
<red-def:rpminfo_state id="oval:com.redhat.rhsa:ste:20190972003" version="636">
 <red-def:arch datatype="string" operation="pattern match">aarch64|ppc64le|s390x|x86_64</red-def:arch>
 <red-def:evr datatype="evr_string" operation="less than">0:2.6.5-5.el8</red-def:evr>
</red-def:rpminfo_state>
<red-def:rpminfo_state id="oval:com.redhat.rhsa:ste:20190975001" version="641">
 <red-def:arch datatype="string" operation="pattern match">aarch64|ppc64le|s390x|x86_64</red-def:arch>
 <red-def:evr datatype="evr_string" operation="less than">0:1.5-3.gite94b4f9.module+el8.0.0+2958+4e823551</red-def:evr>
</red-def:rpminfo_state>
<red-def:rpminfo_state id="oval:com.redhat.rhsa:ste:20190975003" version="641">
 <red-def:evr datatype="evr_string" operation="less than">2:2.94-1.git1e99f1d.module+el8.0.0+2958+4e823551</red-def:evr>
</red-def:rpminfo_state>
<red-def:rpminfo_state id="oval:com.redhat.rhsa:ste:20190975004" version="641">
 <red-def:arch datatype="string" operation="pattern match">aarch64|ppc64le|s390x|x86_64</red-def:arch>
 <red-def:evr datatype="evr_string" operation="less than">0:0.7.4-3.git9ebe139.module+el8.0.0+2958+4e823551</red-def:evr>
</red-def:rpminfo_state>
<red-def:rpminfo_state id="oval:com.redhat.rhsa:ste:20190975005" version="641">
 <red-def:arch datatype="string" operation="pattern match">aarch64|ppc64le|s390x|x86_64</red-def:arch>
 <red-def:evr datatype="evr_string" operation="less than">1:0.1.32-3.git1715c90.module+el8.0.0+2958+4e823551</red-def:evr>
</red-def:rpminfo_state>
<red-def:rpminfo_state id="oval:com.redhat.rhsa:ste:20190975006" version="641">
 <red-def:arch datatype="string" operation="pattern match">aarch64|ppc64le|s390x|x86_64</red-def:arch>
 <red-def:evr datatype="evr_string" operation="less than">0:0.3-2.module+el8.0.0+2958+4e823551</red-def:evr>
</red-def:rpminfo_state>
<red-def:rpminfo_state id="oval:com.redhat.rhsa:ste:20190975007" version="641">
 <red-def:arch datatype="string" operation="pattern match">aarch64|ppc64le|s390x|x86_64</red-def:arch>
 <red-def:evr datatype="evr_string" operation="less than">1:0.1.15-2.git2d0b8a3.module+el8.0.0+2958+4e823551</red-def:evr>
</red-def:rpminfo_state>
<red-def:rpminfo_state id="oval:com.redhat.rhsa:ste:20190975008" version="641">
 <red-def:arch datatype="string" operation="pattern match">aarch64|ppc64le|s390x|x86_64</red-def:arch>
 <red-def:evr datatype="evr_string" operation="less than">2:2.3.4-2.git87f9237.module+el8.0.0+2958+4e823551</red-def:evr>
</red-def:rpminfo_state>
<red-def:rpminfo_state id="oval:com.redhat.rhsa:ste:20190975009" version="641">
 <red-def:arch datatype="string" operation="pattern match">aarch64|ppc64le|s390x|x86_64</red-def:arch>
 <red-def:evr datatype="evr_string" operation="less than">0:1.0.0-2.git921f98f.module+el8.0.0+2958+4e823551</red-def:evr>
</red-def:rpminfo_state>
<red-def:rpminfo_state id="oval:com.redhat.rhsa:ste:20190975010" version="641">
 <red-def:evr datatype="evr_string" operation="less than">0:1.0.0-2.git921f98f.module+el8.0.0+2958+4e823551</red-def:evr>
</red-def:rpminfo_state>
<red-def:rpminfo_state id="oval:com.redhat.rhsa:ste:20190975011" version="641">
 <red-def:arch datatype="string" operation="pattern match">aarch64|ppc64le|s390x|x86_64</red-def:arch>
 <red-def:evr datatype="evr_string" operation="less than">0:1.0.0-55.rc5.dev.git2abd837.module+el8.0.0+3049+59fd2bba</red-def:evr>
</red-def:rpminfo_state>
<red-def:rpminfo_state id="oval:com.redhat.rhsa:ste:20190975012" version="641">
 <red-def:arch datatype="string" operation="pattern match">aarch64|ppc64le|s390x|x86_64</red-def:arch>
 <red-def:evr datatype="evr_string" operation="less than">0:0.1-2.dev.gitc4e1bc5.module+el8.0.0+2958+4e823551</red-def:evr>
</red-def:rpminfo_state>
<red-def:rpminfo_state id="oval:com.redhat.rhsa:ste:20190980001" version="637">
 <red-def:arch datatype="string" operation="pattern match">aarch64|ppc64le|s390x|x86_64</red-def:arch>
 <red-def:evr datatype="evr_string" operation="less than">0:2.4.37-11.module+el8.0.0+2969+90015743</red-def:evr>
</red-def:rpminfo_state>
<red-def:rpminfo_state id="oval:com.redhat.rhsa:ste:20190980003" version="637">
 <red-def:evr datatype="evr_string" operation="less than">0:2.4.37-11.module+el8.0.0+2969+90015743</red-def:evr>
</red-def:rpminfo_state>
<red-def:rpminfo_state id="oval:com.redhat.rhsa:ste:20190980004" version="637">
 <red-def:arch datatype="string" operation="pattern match">aarch64|ppc64le|s390x|x86_64</red-def:arch>
 <red-def:evr datatype="evr_string" operation="less than">0:1.11.3-2.module+el8.0.0+2969+90015743</red-def:evr>
</red-def:rpminfo_state>
<red-def:rpminfo_state id="oval:com.redhat.rhsa:ste:20190980005" version="637">
 <red-def:arch datatype="string" operation="pattern match">aarch64|ppc64le|s390x|x86_64</red-def:arch>
 <red-def:evr datatype="evr_string" operation="less than">1:2.4.37-11.module+el8.0.0+2969+90015743</red-def:evr>
</red-def:rpminfo_state>
<ind-def:textfilecontent54_state id="oval:com.redhat.rhsa:ste:20190980006" version="637">
 <ind-def:text operation="pattern match">\nstream\s*=\s*2\.4\b[\w\W]*\nstate\s*=\s*(enabled|1|true)|\nstate\s*=\s*(enabled|1|true)[\w\W]*\nstream\s*=\s*2\.4\b</ind-def:text>
</ind-def:textfilecontent54_state>
<red-def:rpminfo_state id="oval:com.redhat.rhsa:ste:20190981001" version="637">
 <red-def:evr datatype="evr_string" operation="less than">0:2.5.1-9.module+el8.0.0+2961+596d0223</red-def:evr>
</red-def:rpminfo_state>
<red-def:rpminfo_state id="oval:com.redhat.rhsa:ste:20190981003" version="637">
 <red-def:evr datatype="evr_string" operation="less than">0:1.3.7-30.module+el8.0.0+2961+596d0223</red-def:evr>
</red-def:rpminfo_state>
<red-def:rpminfo_state id="oval:com.redhat.rhsa:ste:20190981004" version="637">
 <red-def:arch datatype="string" operation="pattern match">aarch64|ppc64le|s390x|x86_64</red-def:arch>
 <red-def:evr datatype="evr_string" operation="less than">0:2.7.5-7.module+el8.0.0+2961+596d0223</red-def:evr>
</red-def:rpminfo_state>
<red-def:rpminfo_state id="oval:com.redhat.rhsa:ste:20190981005" version="637">
 <red-def:evr datatype="evr_string" operation="less than">0:1.3.2-1.module+el8.0.0+2974+76d21d2e</red-def:evr>
</red-def:rpminfo_state>
<red-def:rpminfo_state id="oval:com.redhat.rhsa:ste:20190981006" version="637">
 <red-def:arch datatype="string" operation="pattern match">aarch64|ppc64le|s390x|x86_64</red-def:arch>
 <red-def:evr datatype="evr_string" operation="less than">0:2.7.15-22.module+el8.0.0+2961+596d0223</red-def:evr>
</red-def:rpminfo_state>
<red-def:rpminfo_state id="oval:com.redhat.rhsa:ste:20190981007" version="637">
 <red-def:arch datatype="string" operation="pattern match">aarch64|ppc64le|s390x|x86_64</red-def:arch>
 <red-def:evr datatype="evr_string" operation="less than">0:0.28.1-7.module+el8.0.0+2961+596d0223</red-def:evr>
</red-def:rpminfo_state>
<red-def:rpminfo_state id="oval:com.redhat.rhsa:ste:20190981008" version="637">
 <red-def:evr datatype="evr_string" operation="less than">0:0.8.0-10.module+el8.0.0+2961+596d0223</red-def:evr>
</red-def:rpminfo_state>
<red-def:rpminfo_state id="oval:com.redhat.rhsa:ste:20190981009" version="637">
 <red-def:evr datatype="evr_string" operation="less than">0:17.4.0-10.module+el8.0.0+2961+596d0223</red-def:evr>
</red-def:rpminfo_state>
<red-def:rpminfo_state id="oval:com.redhat.rhsa:ste:20190981010" version="637">
 <red-def:arch datatype="string" operation="pattern match">aarch64|ppc64le|s390x|x86_64</red-def:arch>
 <red-def:evr datatype="evr_string" operation="less than">0:1.0-15.module+el8.0.0+2961+596d0223</red-def:evr>
</red-def:rpminfo_state>
<red-def:rpminfo_state id="oval:com.redhat.rhsa:ste:20190981011" version="637">
 <red-def:evr datatype="evr_string" operation="less than">0:3.5.0.1-11.module+el8.0.0+2961+596d0223</red-def:evr>
</red-def:rpminfo_state>
<red-def:rpminfo_state id="oval:com.redhat.rhsa:ste:20190981012" version="637">
 <red-def:arch datatype="string" operation="pattern match">aarch64|ppc64le|s390x|x86_64</red-def:arch>
 <red-def:evr datatype="evr_string" operation="less than">0:3.6.1-9.module+el8.0.0+2961+596d0223</red-def:evr>
</red-def:rpminfo_state>
<red-def:rpminfo_state id="oval:com.redhat.rhsa:ste:20190981013" version="637">
 <red-def:evr datatype="evr_string" operation="less than">0:3.0.4-10.module+el8.0.0+2961+596d0223</red-def:evr>
</red-def:rpminfo_state>
<red-def:rpminfo_state id="oval:com.redhat.rhsa:ste:20190981014" version="637">
 <red-def:arch datatype="string" operation="pattern match">aarch64|ppc64le|s390x|x86_64</red-def:arch>
 <red-def:evr datatype="evr_string" operation="less than">0:4.5.1-4.module+el8.0.0+2961+596d0223</red-def:evr>
</red-def:rpminfo_state>
<red-def:rpminfo_state id="oval:com.redhat.rhsa:ste:20190981015" version="637">
 <red-def:evr datatype="evr_string" operation="less than">0:1.15.0-9.module+el8.0.0+2961+596d0223</red-def:evr>
</red-def:rpminfo_state>
<red-def:rpminfo_state id="oval:com.redhat.rhsa:ste:20190981016" version="637">
 <red-def:evr datatype="evr_string" operation="less than">0:2.7.15-4.module+el8.0.0+2961+596d0223</red-def:evr>
</red-def:rpminfo_state>
<red-def:rpminfo_state id="oval:com.redhat.rhsa:ste:20190981017" version="637">
 <red-def:evr datatype="evr_string" operation="less than">0:0.14-12.module+el8.0.0+2961+596d0223</red-def:evr>
</red-def:rpminfo_state>
<red-def:rpminfo_state id="oval:com.redhat.rhsa:ste:20190981018" version="637">
 <red-def:evr datatype="evr_string" operation="less than">0:1.0.2-13.module+el8.0.0+2961+596d0223</red-def:evr>
</red-def:rpminfo_state>
<red-def:rpminfo_state id="oval:com.redhat.rhsa:ste:20190981019" version="637">
 <red-def:evr datatype="evr_string" operation="less than">0:2.5-7.module+el8.0.0+2961+596d0223</red-def:evr>
</red-def:rpminfo_state>
<red-def:rpminfo_state id="oval:com.redhat.rhsa:ste:20190981020" version="637">
 <red-def:evr datatype="evr_string" operation="less than">0:1.0.18-6.module+el8.0.0+2961+596d0223</red-def:evr>
</red-def:rpminfo_state>
<red-def:rpminfo_state id="oval:com.redhat.rhsa:ste:20190981021" version="637">
 <red-def:evr datatype="evr_string" operation="less than">0:2.10-8.module+el8.0.0+2961+596d0223</red-def:evr>
</red-def:rpminfo_state>
<red-def:rpminfo_state id="oval:com.redhat.rhsa:ste:20190981022" version="637">
 <red-def:arch datatype="string" operation="pattern match">aarch64|ppc64le|s390x|x86_64</red-def:arch>
 <red-def:evr datatype="evr_string" operation="less than">0:4.2.3-3.module+el8.0.0+2961+596d0223</red-def:evr>
</red-def:rpminfo_state>
<red-def:rpminfo_state id="oval:com.redhat.rhsa:ste:20190981023" version="637">
 <red-def:arch datatype="string" operation="pattern match">aarch64|ppc64le|s390x|x86_64</red-def:arch>
 <red-def:evr datatype="evr_string" operation="less than">0:0.23-19.module+el8.0.0+2961+596d0223</red-def:evr>
</red-def:rpminfo_state>
<red-def:rpminfo_state id="oval:com.redhat.rhsa:ste:20190981024" version="637">
 <red-def:evr datatype="evr_string" operation="less than">0:2.0.0-13.module+el8.0.0+2961+596d0223</red-def:evr>
</red-def:rpminfo_state>
<red-def:rpminfo_state id="oval:com.redhat.rhsa:ste:20190981025" version="637">
 <red-def:arch datatype="string" operation="pattern match">aarch64|ppc64le|s390x|x86_64</red-def:arch>
 <red-def:evr datatype="evr_string" operation="less than">1:1.14.2-10.module+el8.0.0+2961+596d0223</red-def:evr>
</red-def:rpminfo_state>
<red-def:rpminfo_state id="oval:com.redhat.rhsa:ste:20190981026" version="637">
 <red-def:evr datatype="evr_string" operation="less than">1:1.14.2-10.module+el8.0.0+2961+596d0223</red-def:evr>
</red-def:rpminfo_state>
<red-def:rpminfo_state id="oval:com.redhat.rhsa:ste:20190981027" version="637">
 <red-def:evr datatype="evr_string" operation="less than">0:9.0.3-13.module+el8.0.0+2961+596d0223</red-def:evr>
</red-def:rpminfo_state>
<red-def:rpminfo_state id="oval:com.redhat.rhsa:ste:20190981028" version="637">
 <red-def:evr datatype="evr_string" operation="less than">0:0.6.0-8.module+el8.0.0+2961+596d0223</red-def:evr>
</red-def:rpminfo_state>
<red-def:rpminfo_state id="oval:com.redhat.rhsa:ste:20190981029" version="637">
 <red-def:evr datatype="evr_string" operation="less than">0:1.5.3-6.module+el8.0.0+2961+596d0223</red-def:evr>
</red-def:rpminfo_state>
<red-def:rpminfo_state id="oval:com.redhat.rhsa:ste:20190981030" version="637">
 <red-def:evr datatype="evr_string" operation="less than">0:2.2.0-20.module+el8.0.0+2961+596d0223</red-def:evr>
</red-def:rpminfo_state>
<red-def:rpminfo_state id="oval:com.redhat.rhsa:ste:20190981031" version="637">
 <red-def:evr datatype="evr_string" operation="less than">0:1.6.8-6.module+el8.0.0+2961+596d0223</red-def:evr>
</red-def:rpminfo_state>
<red-def:rpminfo_state id="oval:com.redhat.rhsa:ste:20190981032" version="637">
 <red-def:evr datatype="evr_string" operation="less than">0:3.4.2-13.module+el8.0.0+2961+596d0223</red-def:evr>
</red-def:rpminfo_state>
<red-def:rpminfo_state id="oval:com.redhat.rhsa:ste:20190981033" version="637">
 <red-def:evr datatype="evr_string" operation="less than">0:1.9.0-4.module+el8.0.0+2961+596d0223</red-def:evr>
</red-def:rpminfo_state>
<red-def:rpminfo_state id="oval:com.redhat.rhsa:ste:20190981034" version="637">
 <red-def:evr datatype="evr_string" operation="less than">0:2017.2-12.module+el8.0.0+2961+596d0223</red-def:evr>
</red-def:rpminfo_state>
<red-def:rpminfo_state id="oval:com.redhat.rhsa:ste:20190981035" version="637">
 <red-def:arch datatype="string" operation="pattern match">aarch64|ppc64le|s390x|x86_64</red-def:arch>
 <red-def:evr datatype="evr_string" operation="less than">0:3.12-16.module+el8.0.0+2961+596d0223</red-def:evr>
</red-def:rpminfo_state>
<red-def:rpminfo_state id="oval:com.redhat.rhsa:ste:20190981036" version="637">
 <red-def:evr datatype="evr_string" operation="less than">0:2.20.0-2.module+el8.0.0+2961+596d0223</red-def:evr>
</red-def:rpminfo_state>
<red-def:rpminfo_state id="oval:com.redhat.rhsa:ste:20190981037" version="637">
 <red-def:evr datatype="evr_string" operation="less than">0:3-38.module+el8.0.0+2961+596d0223</red-def:evr>
</red-def:rpminfo_state>
<red-def:rpminfo_state id="oval:com.redhat.rhsa:ste:20190981038" version="637">
 <red-def:arch datatype="string" operation="pattern match">aarch64|ppc64le|s390x|x86_64</red-def:arch>
 <red-def:evr datatype="evr_string" operation="less than">0:1.0.0-19.module+el8.0.0+2961+596d0223</red-def:evr>
</red-def:rpminfo_state>
<red-def:rpminfo_state id="oval:com.redhat.rhsa:ste:20190981039" version="637">
 <red-def:evr datatype="evr_string" operation="less than">0:39.0.1-11.module+el8.0.0+2961+596d0223</red-def:evr>
</red-def:rpminfo_state>
<red-def:rpminfo_state id="oval:com.redhat.rhsa:ste:20190981040" version="637">
 <red-def:evr datatype="evr_string" operation="less than">0:1.15.7-6.module+el8.0.0+2961+596d0223</red-def:evr>
</red-def:rpminfo_state>
<red-def:rpminfo_state id="oval:com.redhat.rhsa:ste:20190981041" version="637">
 <red-def:evr datatype="evr_string" operation="less than">0:1.11.0-5.module+el8.0.0+2961+596d0223</red-def:evr>
</red-def:rpminfo_state>
<red-def:rpminfo_state id="oval:com.redhat.rhsa:ste:20190981042" version="637">
 <red-def:arch datatype="string" operation="pattern match">aarch64|ppc64le|s390x|x86_64</red-def:arch>
 <red-def:evr datatype="evr_string" operation="less than">0:1.3.2-1.module+el8.0.0+2974+76d21d2e</red-def:evr>
</red-def:rpminfo_state>
<red-def:rpminfo_state id="oval:com.redhat.rhsa:ste:20190981043" version="637">
 <red-def:evr datatype="evr_string" operation="less than">0:1.23-7.module+el8.0.0+2961+596d0223</red-def:evr>
</red-def:rpminfo_state>
<red-def:rpminfo_state id="oval:com.redhat.rhsa:ste:20190981044" version="637">
 <red-def:evr datatype="evr_string" operation="less than">0:15.1.0-18.module+el8.0.0+2961+596d0223</red-def:evr>
</red-def:rpminfo_state>
<red-def:rpminfo_state id="oval:com.redhat.rhsa:ste:20190981045" version="637">
 <red-def:evr datatype="evr_string" operation="less than">1:0.30.0-13.module+el8.0.0+2961+596d0223</red-def:evr>
</red-def:rpminfo_state>
<ind-def:textfilecontent54_state id="oval:com.redhat.rhsa:ste:20190981046" version="637">
 <ind-def:text operation="pattern match">\nstream\s*=\s*2\.7\b[\w\W]*\nstate\s*=\s*(enabled|1|true)|\nstate\s*=\s*(enabled|1|true)[\w\W]*\nstream\s*=\s*2\.7\b</ind-def:text>
</ind-def:textfilecontent54_state>
<red-def:rpminfo_state id="oval:com.redhat.rhsa:ste:20190983001" version="636">
 <red-def:arch datatype="string" operation="pattern match">aarch64|ppc64le|s390x|x86_64</red-def:arch>
 <red-def:evr datatype="evr_string" operation="less than">0:1.19.5-7.el8_0.1</red-def:evr>
</red-def:rpminfo_state>
<red-def:rpminfo_state id="oval:com.redhat.rhsa:ste:20190984001" version="636">
 <red-def:evr datatype="evr_string" operation="less than">0:1.3.7-30.module+el8.0.0+2966+d39a1df3</red-def:evr>
</red-def:rpminfo_state>
<red-def:rpminfo_state id="oval:com.redhat.rhsa:ste:20190984003" version="636">
 <red-def:evr datatype="evr_string" operation="less than">0:3.6.1-9.module+el8.0.0+2966+d39a1df3</red-def:evr>
</red-def:rpminfo_state>
<red-def:rpminfo_state id="oval:com.redhat.rhsa:ste:20190984004" version="636">
 <red-def:evr datatype="evr_string" operation="less than">0:1.3.2-1.module+el8.0.0+2975+e0f02136</red-def:evr>
</red-def:rpminfo_state>
<red-def:rpminfo_state id="oval:com.redhat.rhsa:ste:20190984005" version="636">
 <red-def:evr datatype="evr_string" operation="less than">0:15.1.0-18.module+el8.0.0+2966+d39a1df3</red-def:evr>
</red-def:rpminfo_state>
<red-def:rpminfo_state id="oval:com.redhat.rhsa:ste:20190984006" version="636">
 <red-def:evr datatype="evr_string" operation="less than">0:0.8.0-10.module+el8.0.0+2966+d39a1df3</red-def:evr>
</red-def:rpminfo_state>
<red-def:rpminfo_state id="oval:com.redhat.rhsa:ste:20190984007" version="636">
 <red-def:arch datatype="string" operation="pattern match">aarch64|ppc64le|s390x|x86_64</red-def:arch>
 <red-def:evr datatype="evr_string" operation="less than">0:3.6.1-9.module+el8.0.0+2966+d39a1df3</red-def:evr>
</red-def:rpminfo_state>
<red-def:rpminfo_state id="oval:com.redhat.rhsa:ste:20190984008" version="636">
 <red-def:evr datatype="evr_string" operation="less than">0:3.6.7-2.module+el8.0.0+2966+d39a1df3</red-def:evr>
</red-def:rpminfo_state>
<red-def:rpminfo_state id="oval:com.redhat.rhsa:ste:20190984009" version="636">
 <red-def:evr datatype="evr_string" operation="less than">0:0.14-12.module+el8.0.0+2966+d39a1df3</red-def:evr>
</red-def:rpminfo_state>
<red-def:rpminfo_state id="oval:com.redhat.rhsa:ste:20190984010" version="636">
 <red-def:evr datatype="evr_string" operation="less than">0:2.2.0-20.module+el8.0.0+2966+d39a1df3</red-def:evr>
</red-def:rpminfo_state>
<red-def:rpminfo_state id="oval:com.redhat.rhsa:ste:20190984011" version="636">
 <red-def:arch datatype="string" operation="pattern match">aarch64|ppc64le|s390x|x86_64</red-def:arch>
 <red-def:evr datatype="evr_string" operation="less than">0:1.0.0-19.module+el8.0.0+2966+d39a1df3</red-def:evr>
</red-def:rpminfo_state>
<red-def:rpminfo_state id="oval:com.redhat.rhsa:ste:20190984012" version="636">
 <red-def:arch datatype="string" operation="pattern match">aarch64|ppc64le|s390x|x86_64</red-def:arch>
 <red-def:evr datatype="evr_string" operation="less than">0:1.3.2-1.module+el8.0.0+2975+e0f02136</red-def:evr>
</red-def:rpminfo_state>
<red-def:rpminfo_state id="oval:com.redhat.rhsa:ste:20190984013" version="636">
 <red-def:evr datatype="evr_string" operation="less than">1:0.30.0-13.module+el8.0.0+2966+d39a1df3</red-def:evr>
</red-def:rpminfo_state>
<red-def:rpminfo_state id="oval:com.redhat.rhsa:ste:20190984014" version="636">
 <red-def:arch datatype="string" operation="pattern match">aarch64|ppc64le|s390x|x86_64</red-def:arch>
 <red-def:evr datatype="evr_string" operation="less than">0:3.6.8-2.module+el8.0.0+2975+e0f02136</red-def:evr>
</red-def:rpminfo_state>
<red-def:rpminfo_state id="oval:com.redhat.rhsa:ste:20190984015" version="636">
 <red-def:evr datatype="evr_string" operation="less than">0:3.6.8-2.module+el8.0.0+2975+e0f02136</red-def:evr>
</red-def:rpminfo_state>
<ind-def:textfilecontent54_state id="oval:com.redhat.rhsa:ste:20190984016" version="636">
 <ind-def:text operation="pattern match">\nstream\s*=\s*3\.6\b[\w\W]*\nstate\s*=\s*(enabled|1|true)|\nstate\s*=\s*(enabled|1|true)[\w\W]*\nstream\s*=\s*3\.6\b</ind-def:text>
</ind-def:textfilecontent54_state>
<red-def:rpminfo_state id="oval:com.redhat.rhsa:ste:20190985001" version="634">
 <red-def:arch datatype="string" operation="pattern match">aarch64|ppc64le|s390x|x86_64</red-def:arch>
 <red-def:evr datatype="evr_string" operation="less than">0:0.14.0-3.el8_0.2</red-def:evr>
</red-def:rpminfo_state>
<red-def:rpminfo_state id="oval:com.redhat.rhsa:ste:20190990001" version="636">
 <red-def:arch datatype="string" operation="pattern match">aarch64|i686|ppc64le|s390x|x86_64</red-def:arch>
 <red-def:evr datatype="evr_string" operation="less than">0:239-13.el8_0.3</red-def:evr>
</red-def:rpminfo_state>
<red-def:rpminfo_state id="oval:com.redhat.rhsa:ste:20190990003" version="636">
 <red-def:arch datatype="string" operation="pattern match">aarch64|ppc64le|s390x|x86_64</red-def:arch>
 <red-def:evr datatype="evr_string" operation="less than">0:239-13.el8_0.3</red-def:evr>
</red-def:rpminfo_state>
<red-def:rpminfo_state id="oval:com.redhat.rhsa:ste:20190997001" version="637">
 <red-def:arch datatype="string" operation="pattern match">aarch64|i686|ppc64le|s390x|x86_64</red-def:arch>
 <red-def:evr datatype="evr_string" operation="less than">0:3.6.8-2.el8_0</red-def:evr>
</red-def:rpminfo_state>
<red-def:rpminfo_state id="oval:com.redhat.rhsa:ste:20191142001" version="635">
 <red-def:arch datatype="string" operation="pattern match">aarch64|ppc64le|s390x|x86_64</red-def:arch>
 <red-def:evr datatype="evr_string" operation="less than">0:3.0.17-4.module+el8.0.0+3108+851cb559</red-def:evr>
</red-def:rpminfo_state>
<red-def:rpminfo_state id="oval:com.redhat.rhsa:ste:20191143001" version="635">
 <red-def:arch datatype="string" operation="pattern match">aarch64|ppc64le|s390x|x86_64</red-def:arch>
 <red-def:evr datatype="evr_string" operation="less than">0:1.0.6-3.el8_0</red-def:evr>
</red-def:rpminfo_state>
<red-def:rpminfo_state id="oval:com.redhat.rhsa:ste:20191143003" version="635">
 <red-def:arch datatype="string" operation="pattern match">aarch64|i686|ppc64le|s390x|x86_64</red-def:arch>
 <red-def:evr datatype="evr_string" operation="less than">0:1.0.6-3.el8_0</red-def:evr>
</red-def:rpminfo_state>
<red-def:rpminfo_state id="oval:com.redhat.rhsa:ste:20191144001" version="639">
 <red-def:arch datatype="string" operation="pattern match">ppc64le|x86_64</red-def:arch>
 <red-def:evr datatype="evr_string" operation="less than">0:60.6.1-1.el8</red-def:evr>
</red-def:rpminfo_state>
<red-def:rpminfo_state id="oval:com.redhat.rhsa:ste:20191145001" version="635">
 <red-def:arch datatype="string" operation="pattern match">aarch64|ppc64le|s390x|x86_64</red-def:arch>
 <red-def:evr datatype="evr_string" operation="less than">32:9.11.4-17.P2.el8_0</red-def:evr>
</red-def:rpminfo_state>
<red-def:rpminfo_state id="oval:com.redhat.rhsa:ste:20191145003" version="635">
 <red-def:arch datatype="string" operation="pattern match">aarch64|i686|ppc64le|s390x|x86_64</red-def:arch>
 <red-def:evr datatype="evr_string" operation="less than">32:9.11.4-17.P2.el8_0</red-def:evr>
</red-def:rpminfo_state>
<red-def:rpminfo_state id="oval:com.redhat.rhsa:ste:20191145004" version="635">
 <red-def:evr datatype="evr_string" operation="less than">32:9.11.4-17.P2.el8_0</red-def:evr>
</red-def:rpminfo_state>
<red-def:rpminfo_state id="oval:com.redhat.rhsa:ste:20191146001" version="635">
 <red-def:arch datatype="string" operation="pattern match">aarch64|ppc64le|s390x|x86_64</red-def:arch>
 <red-def:evr datatype="evr_string" operation="less than">1:1.8.0.212.b04-1.el8_0</red-def:evr>
</red-def:rpminfo_state>
<red-def:rpminfo_state id="oval:com.redhat.rhsa:ste:20191146003" version="635">
 <red-def:evr datatype="evr_string" operation="less than">1:1.8.0.212.b04-1.el8_0</red-def:evr>
</red-def:rpminfo_state>
<red-def:rpminfo_state id="oval:com.redhat.rhsa:ste:20191152001" version="636">
 <red-def:evr datatype="evr_string" operation="less than">0:2.10.1-2.el8_0</red-def:evr>
</red-def:rpminfo_state>
<red-def:rpminfo_state id="oval:com.redhat.rhsa:ste:20191167001" version="644">
 <red-def:arch datatype="string" operation="pattern match">aarch64|ppc64le|s390x|x86_64</red-def:arch>
 <red-def:evr datatype="evr_string" operation="less than">0:4.18.0-80.1.2.el8_0</red-def:evr>
</red-def:rpminfo_state>
<red-def:rpminfo_state id="oval:com.redhat.rhsa:ste:20191167003" version="644">
 <red-def:evr datatype="evr_string" operation="less than">0:4.18.0-80.1.2.el8_0</red-def:evr>
</red-def:rpminfo_state>
<red-def:rpminfo_state id="oval:com.redhat.rhsa:ste:20191167004" version="644">
 <red-def:arch datatype="string" operation="pattern match">aarch64|ppc64le|x86_64</red-def:arch>
 <red-def:evr datatype="evr_string" operation="less than">0:4.18.0-80.1.2.el8_0</red-def:evr>
</red-def:rpminfo_state>
<red-def:rpminfo_state id="oval:com.redhat.rhsa:ste:20191167005" version="644">
 <red-def:arch datatype="string" operation="equals">s390x</red-def:arch>
 <red-def:evr datatype="evr_string" operation="less than">0:4.18.0-80.1.2.el8_0</red-def:evr>
</red-def:rpminfo_state>
<unix-def:uname_state id="oval:com.redhat.rhsa:ste:20191167006" version="644">
 <unix-def:os_release operation="pattern match">([0-3]\.\d+\.\d+-)|(4\.([0-9]|1[0-7])\.\d+-)|(4\.18\.0-([0-9]|[1-6][0-9]|7[0-9])\.)|(4\.18\.0-80\.[^\.]*[a-zA-Z])|(4\.18\.0-80\.0\.)|(4\.18\.0-80\.1\.[^\.]*[a-zA-Z])|(4\.18\.0-80\.1\.[0-1]\.)</unix-def:os_release>
</unix-def:uname_state>
<ind-def:textfilecontent54_state id="oval:com.redhat.rhsa:ste:20191167007" version="644">
 <ind-def:text operation="pattern match">([0-3]\.\d+\.\d+-)|(4\.([0-9]|1[0-7])\.\d+-)|(4\.18\.0-([0-9]|[1-6][0-9]|7[0-9])\.)|(4\.18\.0-80\.[^\.]*[a-zA-Z])|(4\.18\.0-80\.0\.)|(4\.18\.0-80\.1\.[^\.]*[a-zA-Z])|(4\.18\.0-80\.1\.[0-1]\.)</ind-def:text>
</ind-def:textfilecontent54_state>
<red-def:rpminfo_state id="oval:com.redhat.rhsa:ste:20191174001" version="641">
 <red-def:arch datatype="string" operation="equals">x86_64</red-def:arch>
 <red-def:evr datatype="evr_string" operation="less than">0:4.18.0-80.1.2.rt9.145.el8_0</red-def:evr>
</red-def:rpminfo_state>
<red-def:rpminfo_state id="oval:com.redhat.rhsa:ste:20191175001" version="641">
 <red-def:evr datatype="evr_string" operation="less than">0:20171214-5.gitfa98132.module+el8.0.0+3075+09be6b65</red-def:evr>
</red-def:rpminfo_state>
<red-def:rpminfo_state id="oval:com.redhat.rhsa:ste:20191175003" version="641">
 <red-def:arch datatype="string" operation="pattern match">aarch64|ppc64le|s390x|x86_64</red-def:arch>
 <red-def:evr datatype="evr_string" operation="less than">0:1.3.15-6.module+el8.0.0+3075+09be6b65</red-def:evr>
</red-def:rpminfo_state>
<red-def:rpminfo_state id="oval:com.redhat.rhsa:ste:20191175004" version="641">
 <red-def:arch datatype="string" operation="pattern match">aarch64|ppc64le|s390x|x86_64</red-def:arch>
 <red-def:evr datatype="evr_string" operation="less than">1:1.38.4-10.module+el8.0.0+3075+09be6b65</red-def:evr>
</red-def:rpminfo_state>
<red-def:rpminfo_state id="oval:com.redhat.rhsa:ste:20191175005" version="641">
 <red-def:evr datatype="evr_string" operation="less than">1:1.38.4-10.module+el8.0.0+3075+09be6b65</red-def:evr>
</red-def:rpminfo_state>
<red-def:rpminfo_state id="oval:com.redhat.rhsa:ste:20191175006" version="641">
 <red-def:arch datatype="string" operation="pattern match">aarch64|x86_64</red-def:arch>
 <red-def:evr datatype="evr_string" operation="less than">1:1.38.4-10.module+el8.0.0+3075+09be6b65</red-def:evr>
</red-def:rpminfo_state>
<red-def:rpminfo_state id="oval:com.redhat.rhsa:ste:20191175007" version="641">
 <red-def:arch datatype="string" operation="pattern match">aarch64|ppc64le|s390x|x86_64</red-def:arch>
 <red-def:evr datatype="evr_string" operation="less than">0:8.0-2.module+el8.0.0+3075+09be6b65</red-def:evr>
</red-def:rpminfo_state>
<red-def:rpminfo_state id="oval:com.redhat.rhsa:ste:20191175008" version="641">
 <red-def:arch datatype="string" operation="pattern match">aarch64|ppc64le|s390x|x86_64</red-def:arch>
 <red-def:evr datatype="evr_string" operation="less than">0:1.18.0-6.module+el8.0.0+3075+09be6b65</red-def:evr>
</red-def:rpminfo_state>
<red-def:rpminfo_state id="oval:com.redhat.rhsa:ste:20191175009" version="641">
 <red-def:arch datatype="string" operation="pattern match">aarch64|ppc64le|s390x|x86_64</red-def:arch>
 <red-def:evr datatype="evr_string" operation="less than">0:1.8.0-7.module+el8.0.0+3075+09be6b65.1</red-def:evr>
</red-def:rpminfo_state>
<red-def:rpminfo_state id="oval:com.redhat.rhsa:ste:20191175010" version="641">
 <red-def:arch datatype="string" operation="pattern match">aarch64|ppc64le|s390x|x86_64</red-def:arch>
 <red-def:evr datatype="evr_string" operation="less than">0:4.5.0-23.1.module+el8.0.0+3151+3ba813f9</red-def:evr>
</red-def:rpminfo_state>
<red-def:rpminfo_state id="oval:com.redhat.rhsa:ste:20191175011" version="641">
 <red-def:arch datatype="string" operation="pattern match">aarch64|ppc64le|s390x|x86_64</red-def:arch>
 <red-def:evr datatype="evr_string" operation="less than">0:1.2.0-2.module+el8.0.0+3075+09be6b65</red-def:evr>
</red-def:rpminfo_state>
<red-def:rpminfo_state id="oval:com.redhat.rhsa:ste:20191175012" version="641">
 <red-def:arch datatype="string" operation="pattern match">aarch64|ppc64le|s390x|x86_64</red-def:arch>
 <red-def:evr datatype="evr_string" operation="less than">0:1.4.2-4.module+el8.0.0+3075+09be6b65</red-def:evr>
</red-def:rpminfo_state>
<red-def:rpminfo_state id="oval:com.redhat.rhsa:ste:20191175013" version="641">
 <red-def:evr datatype="evr_string" operation="less than">0:1.4.2-4.module+el8.0.0+3075+09be6b65</red-def:evr>
</red-def:rpminfo_state>
<red-def:rpminfo_state id="oval:com.redhat.rhsa:ste:20191175014" version="641">
 <red-def:arch datatype="string" operation="equals">x86_64</red-def:arch>
 <red-def:evr datatype="evr_string" operation="less than">0:1.4.2-4.module+el8.0.0+3075+09be6b65</red-def:evr>
</red-def:rpminfo_state>
<red-def:rpminfo_state id="oval:com.redhat.rhsa:ste:20191175015" version="641">
 <red-def:arch datatype="string" operation="pattern match">aarch64|ppc64le|s390x|x86_64</red-def:arch>
 <red-def:evr datatype="evr_string" operation="less than">0:0.2.8-10.module+el8.0.0+3075+09be6b65</red-def:evr>
</red-def:rpminfo_state>
<red-def:rpminfo_state id="oval:com.redhat.rhsa:ste:20191175016" version="641">
 <red-def:arch datatype="string" operation="pattern match">aarch64|ppc64le|s390x|x86_64</red-def:arch>
 <red-def:evr datatype="evr_string" operation="less than">0:4.5.0-4.module+el8.0.0+3075+09be6b65</red-def:evr>
</red-def:rpminfo_state>
<red-def:rpminfo_state id="oval:com.redhat.rhsa:ste:20191175017" version="641">
 <red-def:arch datatype="string" operation="pattern match">aarch64|ppc64le|s390x|x86_64</red-def:arch>
 <red-def:evr datatype="evr_string" operation="less than">0:4.5.0-1.module+el8.0.0+3075+09be6b65</red-def:evr>
</red-def:rpminfo_state>
<red-def:rpminfo_state id="oval:com.redhat.rhsa:ste:20191175018" version="641">
 <red-def:arch datatype="string" operation="pattern match">aarch64|ppc64le|s390x|x86_64</red-def:arch>
 <red-def:evr datatype="evr_string" operation="less than">15:2.12.0-64.module+el8.0.0+3180+d6a3561d.2</red-def:evr>
</red-def:rpminfo_state>
<red-def:rpminfo_state id="oval:com.redhat.rhsa:ste:20191175019" version="641">
 <red-def:arch datatype="string" operation="equals">x86_64</red-def:arch>
 <red-def:evr datatype="evr_string" operation="less than">15:2.12.0-64.module+el8.0.0+3180+d6a3561d.2</red-def:evr>
</red-def:rpminfo_state>
<red-def:rpminfo_state id="oval:com.redhat.rhsa:ste:20191175020" version="641">
 <red-def:arch datatype="string" operation="equals">x86_64</red-def:arch>
 <red-def:evr datatype="evr_string" operation="less than">0:1.11.1-3.module+el8.0.0+3075+09be6b65</red-def:evr>
</red-def:rpminfo_state>
<red-def:rpminfo_state id="oval:com.redhat.rhsa:ste:20191175021" version="641">
 <red-def:evr datatype="evr_string" operation="less than">0:1.11.1-3.module+el8.0.0+3075+09be6b65</red-def:evr>
</red-def:rpminfo_state>
<red-def:rpminfo_state id="oval:com.redhat.rhsa:ste:20191175022" version="641">
 <red-def:arch datatype="string" operation="equals">x86_64</red-def:arch>
 <red-def:evr datatype="evr_string" operation="less than">1:0.20170427git-2.module+el8.0.0+3075+09be6b65</red-def:evr>
</red-def:rpminfo_state>
<red-def:rpminfo_state id="oval:com.redhat.rhsa:ste:20191175023" version="641">
 <red-def:evr datatype="evr_string" operation="less than">1:0.20170427git-2.module+el8.0.0+3075+09be6b65</red-def:evr>
</red-def:rpminfo_state>
<red-def:rpminfo_state id="oval:com.redhat.rhsa:ste:20191175024" version="641">
 <red-def:arch datatype="string" operation="pattern match">aarch64|ppc64le|s390x|x86_64</red-def:arch>
 <red-def:evr datatype="evr_string" operation="less than">0:5.1.19-8.module+el8.0.0+3075+09be6b65</red-def:evr>
</red-def:rpminfo_state>
<red-def:rpminfo_state id="oval:com.redhat.rhsa:ste:20191175025" version="641">
 <red-def:arch datatype="string" operation="equals">x86_64</red-def:arch>
 <red-def:evr datatype="evr_string" operation="less than">1:1.38.4-10.module+el8.0.0+3075+09be6b65</red-def:evr>
</red-def:rpminfo_state>
<red-def:rpminfo_state id="oval:com.redhat.rhsa:ste:20191238001" version="636">
 <red-def:arch datatype="string" operation="pattern match">ppc64le|s390x|x86_64</red-def:arch>
 <red-def:evr datatype="evr_string" operation="less than">1:1.8.0.5.35-3.el8_0</red-def:evr>
</red-def:rpminfo_state>
<red-def:rpminfo_state id="oval:com.redhat.rhsa:ste:20191238003" version="636">
 <red-def:arch datatype="string" operation="pattern match">ppc64le|x86_64</red-def:arch>
 <red-def:evr datatype="evr_string" operation="less than">1:1.8.0.5.35-3.el8_0</red-def:evr>
</red-def:rpminfo_state>
<red-def:rpminfo_state id="oval:com.redhat.rhsa:ste:20191259001" version="638">
 <red-def:arch datatype="string" operation="equals">x86_64</red-def:arch>
 <red-def:evr datatype="evr_string" operation="less than">0:2.1.507-2.el8_0</red-def:evr>
</red-def:rpminfo_state>
<red-def:rpminfo_state id="oval:com.redhat.rhsa:ste:20191259003" version="638">
 <red-def:arch datatype="string" operation="equals">x86_64</red-def:arch>
 <red-def:evr datatype="evr_string" operation="less than">0:2.1.11-2.el8_0</red-def:evr>
</red-def:rpminfo_state>
<red-def:rpminfo_state id="oval:com.redhat.rhsa:ste:20191268010" version="635">
 <red-def:arch datatype="string" operation="pattern match">aarch64|ppc64le|s390x|x86_64</red-def:arch>
 <red-def:evr datatype="evr_string" operation="less than">0:4.5.0-23.2.module+el8.0.0+3213+f56c86d8</red-def:evr>
</red-def:rpminfo_state>
<red-def:rpminfo_state id="oval:com.redhat.rhsa:ste:20191269001" version="637">
 <red-def:arch datatype="string" operation="pattern match">aarch64|ppc64le|s390x|x86_64</red-def:arch>
 <red-def:evr datatype="evr_string" operation="less than">0:60.7.0-1.el8_0</red-def:evr>
</red-def:rpminfo_state>
<red-def:rpminfo_state id="oval:com.redhat.rhsa:ste:20191279001" version="635">
 <red-def:arch datatype="string" operation="pattern match">ppc64le|s390x|x86_64</red-def:arch>
 <red-def:evr datatype="evr_string" operation="less than">0:2.0.1-4.el8_0.3</red-def:evr>
</red-def:rpminfo_state>
<red-def:rpminfo_state id="oval:com.redhat.rhsa:ste:20191279003" version="635">
 <red-def:arch datatype="string" operation="pattern match">aarch64|i686|ppc64le|s390x|x86_64</red-def:arch>
 <red-def:evr datatype="evr_string" operation="less than">0:2.0.1-4.el8_0.3</red-def:evr>
</red-def:rpminfo_state>
<red-def:rpminfo_state id="oval:com.redhat.rhsa:ste:20191279004" version="635">
 <red-def:evr datatype="evr_string" operation="less than">0:2.0.1-4.el8_0.3</red-def:evr>
</red-def:rpminfo_state>
<red-def:rpminfo_state id="oval:com.redhat.rhsa:ste:20191279005" version="635">
 <red-def:arch datatype="string" operation="pattern match">i686|ppc64le|s390x|x86_64</red-def:arch>
 <red-def:evr datatype="evr_string" operation="less than">0:2.0.1-4.el8_0.3</red-def:evr>
</red-def:rpminfo_state>
<red-def:rpminfo_state id="oval:com.redhat.rhsa:ste:20191308001" version="637">
 <red-def:arch datatype="string" operation="pattern match">ppc64le|x86_64</red-def:arch>
 <red-def:evr datatype="evr_string" operation="less than">0:60.7.0-1.el8_0</red-def:evr>
</red-def:rpminfo_state>
<red-def:rpminfo_state id="oval:com.redhat.rhsa:ste:20191479001" version="641">
 <red-def:arch datatype="string" operation="pattern match">aarch64|ppc64le|s390x|x86_64</red-def:arch>
 <red-def:evr datatype="evr_string" operation="less than">0:4.18.0-80.4.2.el8_0</red-def:evr>
</red-def:rpminfo_state>
<red-def:rpminfo_state id="oval:com.redhat.rhsa:ste:20191479003" version="641">
 <red-def:evr datatype="evr_string" operation="less than">0:4.18.0-80.4.2.el8_0</red-def:evr>
</red-def:rpminfo_state>
<red-def:rpminfo_state id="oval:com.redhat.rhsa:ste:20191479004" version="641">
 <red-def:arch datatype="string" operation="pattern match">aarch64|ppc64le|x86_64</red-def:arch>
 <red-def:evr datatype="evr_string" operation="less than">0:4.18.0-80.4.2.el8_0</red-def:evr>
</red-def:rpminfo_state>
<red-def:rpminfo_state id="oval:com.redhat.rhsa:ste:20191479005" version="641">
 <red-def:arch datatype="string" operation="equals">s390x</red-def:arch>
 <red-def:evr datatype="evr_string" operation="less than">0:4.18.0-80.4.2.el8_0</red-def:evr>
</red-def:rpminfo_state>
<unix-def:uname_state id="oval:com.redhat.rhsa:ste:20191479006" version="641">
 <unix-def:os_release operation="pattern match">([0-3]\.\d+\.\d+-)|(4\.([0-9]|1[0-7])\.\d+-)|(4\.18\.0-([0-9]|[1-6][0-9]|7[0-9])\.)|(4\.18\.0-80\.[^\.]*[a-zA-Z])|(4\.18\.0-80\.[0-3]\.)|(4\.18\.0-80\.4\.[^\.]*[a-zA-Z])|(4\.18\.0-80\.4\.[0-1]\.)</unix-def:os_release>
</unix-def:uname_state>
<ind-def:textfilecontent54_state id="oval:com.redhat.rhsa:ste:20191479007" version="641">
 <ind-def:text operation="pattern match">([0-3]\.\d+\.\d+-)|(4\.([0-9]|1[0-7])\.\d+-)|(4\.18\.0-([0-9]|[1-6][0-9]|7[0-9])\.)|(4\.18\.0-80\.[^\.]*[a-zA-Z])|(4\.18\.0-80\.[0-3]\.)|(4\.18\.0-80\.4\.[^\.]*[a-zA-Z])|(4\.18\.0-80\.4\.[0-1]\.)</ind-def:text>
</ind-def:textfilecontent54_state>
<red-def:rpminfo_state id="oval:com.redhat.rhsa:ste:20191480001" version="640">
 <red-def:arch datatype="string" operation="equals">x86_64</red-def:arch>
 <red-def:evr datatype="evr_string" operation="less than">0:4.18.0-80.4.2.rt9.152.el8_0</red-def:evr>
</red-def:rpminfo_state>
<red-def:rpminfo_state id="oval:com.redhat.rhsa:ste:20191517001" version="635">
 <red-def:arch datatype="string" operation="pattern match">aarch64|i686|ppc64le|s390x|x86_64</red-def:arch>
 <red-def:evr datatype="evr_string" operation="less than">0:1.36.2-2.el8_0.1</red-def:evr>
</red-def:rpminfo_state>
<red-def:rpminfo_state id="oval:com.redhat.rhsa:ste:20191517003" version="635">
 <red-def:arch datatype="string" operation="pattern match">ppc64le|x86_64</red-def:arch>
 <red-def:evr datatype="evr_string" operation="less than">0:1.36.2-2.el8_0.1</red-def:evr>
</red-def:rpminfo_state>
<red-def:rpminfo_state id="oval:com.redhat.rhsa:ste:20191517004" version="635">
 <red-def:arch datatype="string" operation="pattern match">aarch64|ppc64le|s390x|x86_64</red-def:arch>
 <red-def:evr datatype="evr_string" operation="less than">0:1.36.2-2.el8_0.1</red-def:evr>
</red-def:rpminfo_state>
<red-def:rpminfo_state id="oval:com.redhat.rhsa:ste:20191518001" version="636">
 <red-def:arch datatype="string" operation="pattern match">aarch64|ppc64le|s390x|x86_64</red-def:arch>
 <red-def:evr datatype="evr_string" operation="less than">1:11.0.3.7-2.el8_0</red-def:evr>
</red-def:rpminfo_state>
<red-def:rpminfo_state id="oval:com.redhat.rhsa:ste:20191519001" version="637">
 <red-def:arch datatype="string" operation="pattern match">aarch64|ppc64le|s390x|x86_64</red-def:arch>
 <red-def:evr datatype="evr_string" operation="less than">0:1.11.5-2.module+el8.0.0+3175+261ae921</red-def:evr>
</red-def:rpminfo_state>
<red-def:rpminfo_state id="oval:com.redhat.rhsa:ste:20191519003" version="637">
 <red-def:evr datatype="evr_string" operation="less than">0:1.11.5-2.module+el8.0.0+3175+261ae921</red-def:evr>
</red-def:rpminfo_state>
<red-def:rpminfo_state id="oval:com.redhat.rhsa:ste:20191519004" version="637">
 <red-def:arch datatype="string" operation="equals">x86_64</red-def:arch>
 <red-def:evr datatype="evr_string" operation="less than">0:1.11.5-2.module+el8.0.0+3175+261ae921</red-def:evr>
</red-def:rpminfo_state>
<red-def:rpminfo_state id="oval:com.redhat.rhsa:ste:20191527001" version="635">
 <red-def:evr datatype="evr_string" operation="less than">0:2.2.32-1.el8_0.1</red-def:evr>
</red-def:rpminfo_state>
<red-def:rpminfo_state id="oval:com.redhat.rhsa:ste:20191529001" version="635">
 <red-def:evr datatype="evr_string" operation="less than">0:3.2.2-10.module+el8.0.0+3248+9d514f3b</red-def:evr>
</red-def:rpminfo_state>
<red-def:rpminfo_state id="oval:com.redhat.rhsa:ste:20191529003" version="635">
 <red-def:evr datatype="evr_string" operation="less than">0:2.6-21.module+el8.0.0+3248+9d514f3b</red-def:evr>
</red-def:rpminfo_state>
<red-def:rpminfo_state id="oval:com.redhat.rhsa:ste:20191529004" version="635">
 <red-def:evr datatype="evr_string" operation="less than">0:1.2.0-16.module+el8.0.0+3248+9d514f3b</red-def:evr>
</red-def:rpminfo_state>
<red-def:rpminfo_state id="oval:com.redhat.rhsa:ste:20191529005" version="635">
 <red-def:evr datatype="evr_string" operation="less than">0:1.2.13-9.module+el8.0.0+3248+9d514f3b</red-def:evr>
</red-def:rpminfo_state>
<red-def:rpminfo_state id="oval:com.redhat.rhsa:ste:20191529006" version="635">
 <red-def:evr datatype="evr_string" operation="less than">0:2.2.12-8.module+el8.0.0+3248+9d514f3b</red-def:evr>
</red-def:rpminfo_state>
<red-def:rpminfo_state id="oval:com.redhat.rhsa:ste:20191529007" version="635">
 <red-def:evr datatype="evr_string" operation="less than">0:2.2.11-11.module+el8.0.0+3248+9d514f3b</red-def:evr>
</red-def:rpminfo_state>
<red-def:rpminfo_state id="oval:com.redhat.rhsa:ste:20191529008" version="635">
 <red-def:evr datatype="evr_string" operation="less than">0:2.9.8-1.module+el8.0.0+3248+9d514f3b</red-def:evr>
</red-def:rpminfo_state>
<red-def:rpminfo_state id="oval:com.redhat.rhsa:ste:20191529009" version="635">
 <red-def:evr datatype="evr_string" operation="less than">0:2.7.6-4.module+el8.0.0+3248+9d514f3b</red-def:evr>
</red-def:rpminfo_state>
<red-def:rpminfo_state id="oval:com.redhat.rhsa:ste:20191529010" version="635">
 <red-def:evr datatype="evr_string" operation="less than">1:3.1-28.module+el8.0.0+3248+9d514f3b</red-def:evr>
</red-def:rpminfo_state>
<red-def:rpminfo_state id="oval:com.redhat.rhsa:ste:20191529011" version="635">
 <red-def:evr datatype="evr_string" operation="less than">0:3.18.1-8.module+el8.0.0+3248+9d514f3b</red-def:evr>
</red-def:rpminfo_state>
<red-def:rpminfo_state id="oval:com.redhat.rhsa:ste:20191529012" version="635">
 <red-def:evr datatype="evr_string" operation="less than">1:9.0.7-14.module+el8.0.0+3248+9d514f3b</red-def:evr>
</red-def:rpminfo_state>
<red-def:rpminfo_state id="oval:com.redhat.rhsa:ste:20191529013" version="635">
 <red-def:arch datatype="string" operation="pattern match">aarch64|ppc64le|s390x|x86_64</red-def:arch>
 <red-def:evr datatype="evr_string" operation="less than">0:1.0.1-10.module+el8.0.0+3248+9d514f3b</red-def:evr>
</red-def:rpminfo_state>
<red-def:rpminfo_state id="oval:com.redhat.rhsa:ste:20191529014" version="635">
 <red-def:evr datatype="evr_string" operation="less than">0:2011.1-7.module+el8.0.0+3248+9d514f3b</red-def:evr>
</red-def:rpminfo_state>
<red-def:rpminfo_state id="oval:com.redhat.rhsa:ste:20191529015" version="635">
 <red-def:evr datatype="evr_string" operation="less than">0:3.0.26-3.module+el8.0.0+3248+9d514f3b</red-def:evr>
</red-def:rpminfo_state>
<red-def:rpminfo_state id="oval:com.redhat.rhsa:ste:20191529016" version="635">
 <red-def:evr datatype="evr_string" operation="less than">0:1.7.25-4.module+el8.0.0+3248+9d514f3b</red-def:evr>
</red-def:rpminfo_state>
<red-def:rpminfo_state id="oval:com.redhat.rhsa:ste:20191529017" version="635">
 <red-def:evr datatype="evr_string" operation="less than">0:1.7.7-8.module+el8.0.0+3248+9d514f3b</red-def:evr>
</red-def:rpminfo_state>
<red-def:rpminfo_state id="oval:com.redhat.rhsa:ste:20191529018" version="635">
 <red-def:evr datatype="evr_string" operation="less than">0:1.7-24.module+el8.0.0+3248+9d514f3b</red-def:evr>
</red-def:rpminfo_state>
<red-def:rpminfo_state id="oval:com.redhat.rhsa:ste:20191529019" version="635">
 <red-def:evr datatype="evr_string" operation="less than">0:2.7.1-38.module+el8.0.0+3248+9d514f3b</red-def:evr>
</red-def:rpminfo_state>
<red-def:rpminfo_state id="oval:com.redhat.rhsa:ste:20191529020" version="635">
 <red-def:evr datatype="evr_string" operation="less than">0:2.11.0-34.module+el8.0.0+3248+9d514f3b</red-def:evr>
</red-def:rpminfo_state>
<red-def:rpminfo_state id="oval:com.redhat.rhsa:ste:20191529021" version="635">
 <red-def:evr datatype="evr_string" operation="less than">0:1.4.01-25.module+el8.0.0+3248+9d514f3b</red-def:evr>
</red-def:rpminfo_state>
<red-def:rpminfo_state id="oval:com.redhat.rhsa:ste:20191529022" version="635">
 <red-def:evr datatype="evr_string" operation="less than">0:1.2-26.module+el8.0.0+3248+9d514f3b</red-def:evr>
</red-def:rpminfo_state>
<red-def:rpminfo_state id="oval:com.redhat.rhsa:ste:20191529023" version="635">
 <red-def:evr datatype="evr_string" operation="less than">0:1.5.4-8.module+el8.0.0+3248+9d514f3b</red-def:evr>
</red-def:rpminfo_state>
<red-def:rpminfo_state id="oval:com.redhat.rhsa:ste:20191529024" version="635">
 <red-def:evr datatype="evr_string" operation="less than">0:0-19.20110809svn.module+el8.0.0+3248+9d514f3b</red-def:evr>
</red-def:rpminfo_state>
<red-def:rpminfo_state id="oval:com.redhat.rhsa:ste:20191580001" version="636">
 <red-def:evr datatype="evr_string" operation="less than">0:20171214-5.gitfa98132.module+el8.0.0.z+3418+a72cf898</red-def:evr>
</red-def:rpminfo_state>
<red-def:rpminfo_state id="oval:com.redhat.rhsa:ste:20191580003" version="636">
 <red-def:arch datatype="string" operation="pattern match">aarch64|ppc64le|s390x|x86_64</red-def:arch>
 <red-def:evr datatype="evr_string" operation="less than">0:1.3.15-6.module+el8.0.0.z+3418+a72cf898</red-def:evr>
</red-def:rpminfo_state>
<red-def:rpminfo_state id="oval:com.redhat.rhsa:ste:20191580004" version="636">
 <red-def:arch datatype="string" operation="pattern match">aarch64|ppc64le|s390x|x86_64</red-def:arch>
 <red-def:evr datatype="evr_string" operation="less than">1:1.38.4-10.1.module+el8.0.0.z+3418+a72cf898</red-def:evr>
</red-def:rpminfo_state>
<red-def:rpminfo_state id="oval:com.redhat.rhsa:ste:20191580005" version="636">
 <red-def:evr datatype="evr_string" operation="less than">1:1.38.4-10.1.module+el8.0.0.z+3418+a72cf898</red-def:evr>
</red-def:rpminfo_state>
<red-def:rpminfo_state id="oval:com.redhat.rhsa:ste:20191580006" version="636">
 <red-def:arch datatype="string" operation="pattern match">aarch64|x86_64</red-def:arch>
 <red-def:evr datatype="evr_string" operation="less than">1:1.38.4-10.1.module+el8.0.0.z+3418+a72cf898</red-def:evr>
</red-def:rpminfo_state>
<red-def:rpminfo_state id="oval:com.redhat.rhsa:ste:20191580007" version="636">
 <red-def:arch datatype="string" operation="pattern match">aarch64|ppc64le|s390x|x86_64</red-def:arch>
 <red-def:evr datatype="evr_string" operation="less than">0:8.0-2.module+el8.0.0.z+3418+a72cf898</red-def:evr>
</red-def:rpminfo_state>
<red-def:rpminfo_state id="oval:com.redhat.rhsa:ste:20191580008" version="636">
 <red-def:arch datatype="string" operation="pattern match">aarch64|ppc64le|s390x|x86_64</red-def:arch>
 <red-def:evr datatype="evr_string" operation="less than">0:1.18.0-6.module+el8.0.0.z+3418+a72cf898</red-def:evr>
</red-def:rpminfo_state>
<red-def:rpminfo_state id="oval:com.redhat.rhsa:ste:20191580009" version="636">
 <red-def:arch datatype="string" operation="pattern match">aarch64|ppc64le|s390x|x86_64</red-def:arch>
 <red-def:evr datatype="evr_string" operation="less than">0:1.8.0-7.module+el8.0.0.z+3418+a72cf898.1</red-def:evr>
</red-def:rpminfo_state>
<red-def:rpminfo_state id="oval:com.redhat.rhsa:ste:20191580010" version="636">
 <red-def:arch datatype="string" operation="pattern match">aarch64|ppc64le|s390x|x86_64</red-def:arch>
 <red-def:evr datatype="evr_string" operation="less than">0:4.5.0-23.3.module+el8.0.0.z+3418+a72cf898</red-def:evr>
</red-def:rpminfo_state>
<red-def:rpminfo_state id="oval:com.redhat.rhsa:ste:20191580011" version="636">
 <red-def:arch datatype="string" operation="pattern match">aarch64|ppc64le|s390x|x86_64</red-def:arch>
 <red-def:evr datatype="evr_string" operation="less than">0:1.2.0-2.module+el8.0.0.z+3418+a72cf898</red-def:evr>
</red-def:rpminfo_state>
<red-def:rpminfo_state id="oval:com.redhat.rhsa:ste:20191580012" version="636">
 <red-def:arch datatype="string" operation="pattern match">aarch64|ppc64le|s390x|x86_64</red-def:arch>
 <red-def:evr datatype="evr_string" operation="less than">0:1.4.2-4.module+el8.0.0.z+3418+a72cf898</red-def:evr>
</red-def:rpminfo_state>
<red-def:rpminfo_state id="oval:com.redhat.rhsa:ste:20191580013" version="636">
 <red-def:evr datatype="evr_string" operation="less than">0:1.4.2-4.module+el8.0.0.z+3418+a72cf898</red-def:evr>
</red-def:rpminfo_state>
<red-def:rpminfo_state id="oval:com.redhat.rhsa:ste:20191580014" version="636">
 <red-def:arch datatype="string" operation="equals">x86_64</red-def:arch>
 <red-def:evr datatype="evr_string" operation="less than">0:1.4.2-4.module+el8.0.0.z+3418+a72cf898</red-def:evr>
</red-def:rpminfo_state>
<red-def:rpminfo_state id="oval:com.redhat.rhsa:ste:20191580015" version="636">
 <red-def:arch datatype="string" operation="pattern match">aarch64|ppc64le|s390x|x86_64</red-def:arch>
 <red-def:evr datatype="evr_string" operation="less than">0:0.2.8-10.module+el8.0.0.z+3418+a72cf898</red-def:evr>
</red-def:rpminfo_state>
<red-def:rpminfo_state id="oval:com.redhat.rhsa:ste:20191580016" version="636">
 <red-def:arch datatype="string" operation="pattern match">aarch64|ppc64le|s390x|x86_64</red-def:arch>
 <red-def:evr datatype="evr_string" operation="less than">0:4.5.0-4.module+el8.0.0.z+3418+a72cf898</red-def:evr>
</red-def:rpminfo_state>
<red-def:rpminfo_state id="oval:com.redhat.rhsa:ste:20191580017" version="636">
 <red-def:arch datatype="string" operation="pattern match">aarch64|ppc64le|s390x|x86_64</red-def:arch>
 <red-def:evr datatype="evr_string" operation="less than">0:4.5.0-1.module+el8.0.0.z+3418+a72cf898</red-def:evr>
</red-def:rpminfo_state>
<red-def:rpminfo_state id="oval:com.redhat.rhsa:ste:20191580018" version="636">
 <red-def:arch datatype="string" operation="pattern match">aarch64|ppc64le|s390x|x86_64</red-def:arch>
 <red-def:evr datatype="evr_string" operation="less than">15:2.12.0-64.module+el8.0.0.z+3418+a72cf898.2</red-def:evr>
</red-def:rpminfo_state>
<red-def:rpminfo_state id="oval:com.redhat.rhsa:ste:20191580019" version="636">
 <red-def:arch datatype="string" operation="equals">x86_64</red-def:arch>
 <red-def:evr datatype="evr_string" operation="less than">15:2.12.0-64.module+el8.0.0.z+3418+a72cf898.2</red-def:evr>
</red-def:rpminfo_state>
<red-def:rpminfo_state id="oval:com.redhat.rhsa:ste:20191580020" version="636">
 <red-def:arch datatype="string" operation="equals">x86_64</red-def:arch>
 <red-def:evr datatype="evr_string" operation="less than">0:1.11.1-3.module+el8.0.0.z+3418+a72cf898</red-def:evr>
</red-def:rpminfo_state>
<red-def:rpminfo_state id="oval:com.redhat.rhsa:ste:20191580021" version="636">
 <red-def:evr datatype="evr_string" operation="less than">0:1.11.1-3.module+el8.0.0.z+3418+a72cf898</red-def:evr>
</red-def:rpminfo_state>
<red-def:rpminfo_state id="oval:com.redhat.rhsa:ste:20191580022" version="636">
 <red-def:arch datatype="string" operation="equals">x86_64</red-def:arch>
 <red-def:evr datatype="evr_string" operation="less than">1:0.20170427git-2.module+el8.0.0.z+3418+a72cf898</red-def:evr>
</red-def:rpminfo_state>
<red-def:rpminfo_state id="oval:com.redhat.rhsa:ste:20191580023" version="636">
 <red-def:evr datatype="evr_string" operation="less than">1:0.20170427git-2.module+el8.0.0.z+3418+a72cf898</red-def:evr>
</red-def:rpminfo_state>
<red-def:rpminfo_state id="oval:com.redhat.rhsa:ste:20191580024" version="636">
 <red-def:arch datatype="string" operation="pattern match">aarch64|ppc64le|s390x|x86_64</red-def:arch>
 <red-def:evr datatype="evr_string" operation="less than">0:5.1.19-8.module+el8.0.0.z+3418+a72cf898</red-def:evr>
</red-def:rpminfo_state>
<red-def:rpminfo_state id="oval:com.redhat.rhsa:ste:20191580025" version="636">
 <red-def:arch datatype="string" operation="equals">x86_64</red-def:arch>
 <red-def:evr datatype="evr_string" operation="less than">1:1.38.4-10.1.module+el8.0.0.z+3418+a72cf898</red-def:evr>
</red-def:rpminfo_state>
<red-def:rpminfo_state id="oval:com.redhat.rhsa:ste:20191619001" version="636">
 <red-def:arch datatype="string" operation="pattern match">aarch64|ppc64le|s390x|x86_64</red-def:arch>
 <red-def:evr datatype="evr_string" operation="less than">2:8.0.1763-11.el8_0</red-def:evr>
</red-def:rpminfo_state>
<red-def:rpminfo_state id="oval:com.redhat.rhsa:ste:20191619003" version="636">
 <red-def:evr datatype="evr_string" operation="less than">2:8.0.1763-11.el8_0</red-def:evr>
</red-def:rpminfo_state>
<red-def:rpminfo_state id="oval:com.redhat.rhsa:ste:20191623001" version="637">
 <red-def:arch datatype="string" operation="pattern match">ppc64le|x86_64</red-def:arch>
 <red-def:evr datatype="evr_string" operation="less than">0:60.7.2-2.el8_0</red-def:evr>
</red-def:rpminfo_state>
<red-def:rpminfo_state id="oval:com.redhat.rhsa:ste:20191696001" version="637">
 <red-def:arch datatype="string" operation="pattern match">aarch64|ppc64le|s390x|x86_64</red-def:arch>
 <red-def:evr datatype="evr_string" operation="less than">0:60.7.2-3.el8_0</red-def:evr>
</red-def:rpminfo_state>
<red-def:rpminfo_state id="oval:com.redhat.rhsa:ste:20191714001" version="635">
 <red-def:arch datatype="string" operation="pattern match">aarch64|ppc64le|s390x|x86_64</red-def:arch>
 <red-def:evr datatype="evr_string" operation="less than">32:9.11.4-17.P2.el8_0.1</red-def:evr>
</red-def:rpminfo_state>
<red-def:rpminfo_state id="oval:com.redhat.rhsa:ste:20191714003" version="635">
 <red-def:arch datatype="string" operation="pattern match">aarch64|i686|ppc64le|s390x|x86_64</red-def:arch>
 <red-def:evr datatype="evr_string" operation="less than">32:9.11.4-17.P2.el8_0.1</red-def:evr>
</red-def:rpminfo_state>
<red-def:rpminfo_state id="oval:com.redhat.rhsa:ste:20191714004" version="635">
 <red-def:evr datatype="evr_string" operation="less than">32:9.11.4-17.P2.el8_0.1</red-def:evr>
</red-def:rpminfo_state>
<red-def:rpminfo_state id="oval:com.redhat.rhsa:ste:20191764001" version="636">
 <red-def:arch datatype="string" operation="pattern match">aarch64|ppc64le|s390x|x86_64</red-def:arch>
 <red-def:evr datatype="evr_string" operation="less than">0:60.8.0-1.el8_0</red-def:evr>
</red-def:rpminfo_state>
<red-def:rpminfo_state id="oval:com.redhat.rhsa:ste:20191771001" version="636">
 <red-def:arch datatype="string" operation="pattern match">aarch64|i686|ppc64le|s390x|x86_64</red-def:arch>
 <red-def:evr datatype="evr_string" operation="less than">0:3.0.7-15.el8_0.1</red-def:evr>
</red-def:rpminfo_state>
<red-def:rpminfo_state id="oval:com.redhat.rhsa:ste:20191771003" version="636">
 <red-def:arch datatype="string" operation="pattern match">aarch64|ppc64le|s390x|x86_64</red-def:arch>
 <red-def:evr datatype="evr_string" operation="less than">0:3.0.7-15.el8_0.1</red-def:evr>
</red-def:rpminfo_state>
<red-def:rpminfo_state id="oval:com.redhat.rhsa:ste:20191799001" version="635">
 <red-def:arch datatype="string" operation="pattern match">ppc64le|x86_64</red-def:arch>
 <red-def:evr datatype="evr_string" operation="less than">0:60.8.0-1.el8_0</red-def:evr>
</red-def:rpminfo_state>
<red-def:rpminfo_state id="oval:com.redhat.rhsa:ste:20191816001" version="637">
 <red-def:arch datatype="string" operation="pattern match">aarch64|ppc64le|s390x|x86_64</red-def:arch>
 <red-def:evr datatype="evr_string" operation="less than">1:1.8.0.222.b10-0.el8_0</red-def:evr>
</red-def:rpminfo_state>
<red-def:rpminfo_state id="oval:com.redhat.rhsa:ste:20191816003" version="637">
 <red-def:evr datatype="evr_string" operation="less than">1:1.8.0.222.b10-0.el8_0</red-def:evr>
</red-def:rpminfo_state>
<red-def:rpminfo_state id="oval:com.redhat.rhsa:ste:20191817001" version="637">
 <red-def:arch datatype="string" operation="pattern match">aarch64|ppc64le|s390x|x86_64</red-def:arch>
 <red-def:evr datatype="evr_string" operation="less than">1:11.0.4.11-0.el8_0</red-def:evr>
</red-def:rpminfo_state>
<red-def:rpminfo_state id="oval:com.redhat.rhsa:ste:20191951001" version="638">
 <red-def:arch datatype="string" operation="pattern match">aarch64|i686|ppc64le|s390x|x86_64</red-def:arch>
 <red-def:evr datatype="evr_string" operation="less than">0:4.21.0-2.el8_0</red-def:evr>
</red-def:rpminfo_state>
<red-def:rpminfo_state id="oval:com.redhat.rhsa:ste:20191951003" version="638">
 <red-def:arch datatype="string" operation="pattern match">aarch64|i686|ppc64le|s390x|x86_64</red-def:arch>
 <red-def:evr datatype="evr_string" operation="less than">0:3.44.0-7.el8_0</red-def:evr>
</red-def:rpminfo_state>
<red-def:rpminfo_state id="oval:com.redhat.rhsa:ste:20191951004" version="638">
 <red-def:arch datatype="string" operation="pattern match">aarch64|ppc64le|s390x|x86_64</red-def:arch>
 <red-def:evr datatype="evr_string" operation="less than">0:3.44.0-7.el8_0</red-def:evr>
</red-def:rpminfo_state>
<red-def:rpminfo_state id="oval:com.redhat.rhsa:ste:20191959001" version="641">
 <red-def:arch datatype="string" operation="pattern match">aarch64|ppc64le|s390x|x86_64</red-def:arch>
 <red-def:evr datatype="evr_string" operation="less than">0:4.18.0-80.7.1.el8_0</red-def:evr>
</red-def:rpminfo_state>
<red-def:rpminfo_state id="oval:com.redhat.rhsa:ste:20191959003" version="641">
 <red-def:evr datatype="evr_string" operation="less than">0:4.18.0-80.7.1.el8_0</red-def:evr>
</red-def:rpminfo_state>
<red-def:rpminfo_state id="oval:com.redhat.rhsa:ste:20191959004" version="641">
 <red-def:arch datatype="string" operation="pattern match">aarch64|ppc64le|x86_64</red-def:arch>
 <red-def:evr datatype="evr_string" operation="less than">0:4.18.0-80.7.1.el8_0</red-def:evr>
</red-def:rpminfo_state>
<red-def:rpminfo_state id="oval:com.redhat.rhsa:ste:20191959005" version="641">
 <red-def:arch datatype="string" operation="equals">s390x</red-def:arch>
 <red-def:evr datatype="evr_string" operation="less than">0:4.18.0-80.7.1.el8_0</red-def:evr>
</red-def:rpminfo_state>
<unix-def:uname_state id="oval:com.redhat.rhsa:ste:20191959006" version="641">
 <unix-def:os_release operation="pattern match">([0-3]\.\d+\.\d+-)|(4\.([0-9]|1[0-7])\.\d+-)|(4\.18\.0-([0-9]|[1-6][0-9]|7[0-9])\.)|(4\.18\.0-80\.[^\.]*[a-zA-Z])|(4\.18\.0-80\.[0-6]\.)|(4\.18\.0-80\.7\.[^\.]*[a-zA-Z])|(4\.18\.0-80\.7\.0\.)</unix-def:os_release>
</unix-def:uname_state>
<ind-def:textfilecontent54_state id="oval:com.redhat.rhsa:ste:20191959007" version="641">
 <ind-def:text operation="pattern match">([0-3]\.\d+\.\d+-)|(4\.([0-9]|1[0-7])\.\d+-)|(4\.18\.0-([0-9]|[1-6][0-9]|7[0-9])\.)|(4\.18\.0-80\.[^\.]*[a-zA-Z])|(4\.18\.0-80\.[0-6]\.)|(4\.18\.0-80\.7\.[^\.]*[a-zA-Z])|(4\.18\.0-80\.7\.0\.)</ind-def:text>
</ind-def:textfilecontent54_state>
<red-def:rpminfo_state id="oval:com.redhat.rhsa:ste:20191971001" version="638">
 <red-def:arch datatype="string" operation="equals">x86_64</red-def:arch>
 <red-def:evr datatype="evr_string" operation="less than">0:4.18.0-80.7.1.rt9.153.el8_0</red-def:evr>
</red-def:rpminfo_state>
<red-def:rpminfo_state id="oval:com.redhat.rhsa:ste:20191972001" version="636">
 <red-def:arch datatype="string" operation="pattern match">aarch64|i686|ppc64le|s390x|x86_64</red-def:arch>
 <red-def:evr datatype="evr_string" operation="less than">0:2.5.3-104.module+el8.0.0+3250+4b7d6d43</red-def:evr>
</red-def:rpminfo_state>
<red-def:rpminfo_state id="oval:com.redhat.rhsa:ste:20191972003" version="636">
 <red-def:evr datatype="evr_string" operation="less than">0:2.5.3-104.module+el8.0.0+3250+4b7d6d43</red-def:evr>
</red-def:rpminfo_state>
<red-def:rpminfo_state id="oval:com.redhat.rhsa:ste:20191972004" version="636">
 <red-def:evr datatype="evr_string" operation="less than">0:0.3.0-4.module+el8.0.0+3250+4b7d6d43</red-def:evr>
</red-def:rpminfo_state>
<red-def:rpminfo_state id="oval:com.redhat.rhsa:ste:20191972005" version="636">
 <red-def:arch datatype="string" operation="pattern match">aarch64|i686|ppc64le|s390x|x86_64</red-def:arch>
 <red-def:evr datatype="evr_string" operation="less than">0:1.3.4-104.module+el8.0.0+3250+4b7d6d43</red-def:evr>
</red-def:rpminfo_state>
<red-def:rpminfo_state id="oval:com.redhat.rhsa:ste:20191972006" version="636">
 <red-def:arch datatype="string" operation="pattern match">aarch64|ppc64le|s390x|x86_64</red-def:arch>
 <red-def:evr datatype="evr_string" operation="less than">0:4.3.0-2.module+el8.0.0+3250+4b7d6d43</red-def:evr>
</red-def:rpminfo_state>
<red-def:rpminfo_state id="oval:com.redhat.rhsa:ste:20191972007" version="636">
 <red-def:evr datatype="evr_string" operation="less than">0:4.3.0-2.module+el8.0.0+3250+4b7d6d43</red-def:evr>
</red-def:rpminfo_state>
<red-def:rpminfo_state id="oval:com.redhat.rhsa:ste:20191972008" version="636">
 <red-def:evr datatype="evr_string" operation="less than">0:1.16.1-3.module+el8.0.0+3250+4b7d6d43</red-def:evr>
</red-def:rpminfo_state>
<red-def:rpminfo_state id="oval:com.redhat.rhsa:ste:20191972009" version="636">
 <red-def:evr datatype="evr_string" operation="less than">0:1.2.0-104.module+el8.0.0+3250+4b7d6d43</red-def:evr>
</red-def:rpminfo_state>
<red-def:rpminfo_state id="oval:com.redhat.rhsa:ste:20191972010" version="636">
 <red-def:arch datatype="string" operation="pattern match">aarch64|i686|ppc64le|s390x|x86_64</red-def:arch>
 <red-def:evr datatype="evr_string" operation="less than">0:0.4.6-104.module+el8.0.0+3250+4b7d6d43</red-def:evr>
</red-def:rpminfo_state>
<red-def:rpminfo_state id="oval:com.redhat.rhsa:ste:20191972011" version="636">
 <red-def:arch datatype="string" operation="pattern match">aarch64|i686|ppc64le|s390x|x86_64</red-def:arch>
 <red-def:evr datatype="evr_string" operation="less than">0:2.1.0-104.module+el8.0.0+3250+4b7d6d43</red-def:evr>
</red-def:rpminfo_state>
<red-def:rpminfo_state id="oval:com.redhat.rhsa:ste:20191972012" version="636">
 <red-def:evr datatype="evr_string" operation="less than">0:5.10.3-104.module+el8.0.0+3250+4b7d6d43</red-def:evr>
</red-def:rpminfo_state>
<red-def:rpminfo_state id="oval:com.redhat.rhsa:ste:20191972013" version="636">
 <red-def:evr datatype="evr_string" operation="less than">0:2.5.1-2.module+el8.0.0+3250+4b7d6d43</red-def:evr>
</red-def:rpminfo_state>
<red-def:rpminfo_state id="oval:com.redhat.rhsa:ste:20191972014" version="636">
 <red-def:arch datatype="string" operation="pattern match">aarch64|ppc64le|s390x|x86_64</red-def:arch>
 <red-def:evr datatype="evr_string" operation="less than">0:0.4.10-4.module+el8.0.0+3250+4b7d6d43</red-def:evr>
</red-def:rpminfo_state>
<red-def:rpminfo_state id="oval:com.redhat.rhsa:ste:20191972015" version="636">
 <red-def:evr datatype="evr_string" operation="less than">0:0.4.10-4.module+el8.0.0+3250+4b7d6d43</red-def:evr>
</red-def:rpminfo_state>
<red-def:rpminfo_state id="oval:com.redhat.rhsa:ste:20191972016" version="636">
 <red-def:evr datatype="evr_string" operation="less than">0:0.1.1-104.module+el8.0.0+3250+4b7d6d43</red-def:evr>
</red-def:rpminfo_state>
<red-def:rpminfo_state id="oval:com.redhat.rhsa:ste:20191972017" version="636">
 <red-def:arch datatype="string" operation="pattern match">aarch64|i686|ppc64le|s390x|x86_64</red-def:arch>
 <red-def:evr datatype="evr_string" operation="less than">0:2.1.2-104.module+el8.0.0+3250+4b7d6d43</red-def:evr>
</red-def:rpminfo_state>
<red-def:rpminfo_state id="oval:com.redhat.rhsa:ste:20191972018" version="636">
 <red-def:arch datatype="string" operation="pattern match">aarch64|ppc64le|s390x|x86_64</red-def:arch>
 <red-def:evr datatype="evr_string" operation="less than">0:1.0.0-2.module+el8.0.0+3250+4b7d6d43</red-def:evr>
</red-def:rpminfo_state>
<red-def:rpminfo_state id="oval:com.redhat.rhsa:ste:20191972019" version="636">
 <red-def:evr datatype="evr_string" operation="less than">0:1.0.0-2.module+el8.0.0+3250+4b7d6d43</red-def:evr>
</red-def:rpminfo_state>
<red-def:rpminfo_state id="oval:com.redhat.rhsa:ste:20191972020" version="636">
 <red-def:evr datatype="evr_string" operation="less than">0:1.1.1-104.module+el8.0.0+3250+4b7d6d43</red-def:evr>
</red-def:rpminfo_state>
<red-def:rpminfo_state id="oval:com.redhat.rhsa:ste:20191972021" version="636">
 <red-def:arch datatype="string" operation="pattern match">aarch64|i686|ppc64le|s390x|x86_64</red-def:arch>
 <red-def:evr datatype="evr_string" operation="less than">0:3.0.2-104.module+el8.0.0+3250+4b7d6d43</red-def:evr>
</red-def:rpminfo_state>
<red-def:rpminfo_state id="oval:com.redhat.rhsa:ste:20191972022" version="636">
 <red-def:evr datatype="evr_string" operation="less than">0:12.3.0-104.module+el8.0.0+3250+4b7d6d43</red-def:evr>
</red-def:rpminfo_state>
<red-def:rpminfo_state id="oval:com.redhat.rhsa:ste:20191972023" version="636">
 <red-def:evr datatype="evr_string" operation="less than">0:6.0.1-104.module+el8.0.0+3250+4b7d6d43</red-def:evr>
</red-def:rpminfo_state>
<red-def:rpminfo_state id="oval:com.redhat.rhsa:ste:20191972024" version="636">
 <red-def:evr datatype="evr_string" operation="less than">0:3.2.7-104.module+el8.0.0+3250+4b7d6d43</red-def:evr>
</red-def:rpminfo_state>
<red-def:rpminfo_state id="oval:com.redhat.rhsa:ste:20191972025" version="636">
 <red-def:evr datatype="evr_string" operation="less than">0:0.3.0-104.module+el8.0.0+3250+4b7d6d43</red-def:evr>
</red-def:rpminfo_state>
<red-def:rpminfo_state id="oval:com.redhat.rhsa:ste:20191972026" version="636">
 <red-def:evr datatype="evr_string" operation="less than">0:2.7.6-104.module+el8.0.0+3250+4b7d6d43</red-def:evr>
</red-def:rpminfo_state>
<red-def:rpminfo_state id="oval:com.redhat.rhsa:ste:20192002001" version="636">
 <red-def:arch datatype="string" operation="pattern match">aarch64|ppc64le|s390x|x86_64</red-def:arch>
 <red-def:evr datatype="evr_string" operation="less than">0:5.0.3-2.module+el8.0.0.z+3657+acb471dc</red-def:evr>
</red-def:rpminfo_state>
<red-def:rpminfo_state id="oval:com.redhat.rhsa:ste:20192002003" version="636">
 <red-def:evr datatype="evr_string" operation="less than">0:5.0.3-2.module+el8.0.0.z+3657+acb471dc</red-def:evr>
</red-def:rpminfo_state>
<ind-def:textfilecontent54_state id="oval:com.redhat.rhsa:ste:20192002004" version="636">
 <ind-def:text operation="pattern match">\nstream\s*=\s*5\b[\w\W]*\nstate\s*=\s*(enabled|1|true)|\nstate\s*=\s*(enabled|1|true)[\w\W]*\nstream\s*=\s*5\b</ind-def:text>
</ind-def:textfilecontent54_state>
<red-def:rpminfo_state id="oval:com.redhat.rhsa:ste:20192004001" version="637">
 <red-def:evr datatype="evr_string" operation="less than">0:1.7.1-17.el8_0</red-def:evr>
</red-def:rpminfo_state>
<red-def:rpminfo_state id="oval:com.redhat.rhsa:ste:20192405001" version="636">
 <red-def:arch datatype="string" operation="equals">x86_64</red-def:arch>
 <red-def:evr datatype="evr_string" operation="less than">0:4.18.0-80.7.2.rt9.154.el8_0</red-def:evr>
</red-def:rpminfo_state>
<unix-def:uname_state id="oval:com.redhat.rhsa:ste:20192405003" version="636">
 <unix-def:os_release operation="pattern match">([0-3]\.\d+\.\d+-)|(4\.([0-9]|1[0-7])\.\d+-)|(4\.18\.0-([0-9]|[1-6][0-9]|7[0-9])\.)|(4\.18\.0-80\.[^\.]*[a-zA-Z])|(4\.18\.0-80\.[0-6]\.)|(4\.18\.0-80\.7\.[^\.]*[a-zA-Z])|(4\.18\.0-80\.7\.[0-1]\.)</unix-def:os_release>
</unix-def:uname_state>
<ind-def:textfilecontent54_state id="oval:com.redhat.rhsa:ste:20192405004" version="636">
 <ind-def:text operation="pattern match">([0-3]\.\d+\.\d+-)|(4\.([0-9]|1[0-7])\.\d+-)|(4\.18\.0-([0-9]|[1-6][0-9]|7[0-9])\.)|(4\.18\.0-80\.[^\.]*[a-zA-Z])|(4\.18\.0-80\.[0-6]\.)|(4\.18\.0-80\.7\.[^\.]*[a-zA-Z])|(4\.18\.0-80\.7\.[0-1]\.)</ind-def:text>
</ind-def:textfilecontent54_state>
<red-def:rpminfo_state id="oval:com.redhat.rhsa:ste:20192411001" version="636">
 <red-def:arch datatype="string" operation="pattern match">aarch64|ppc64le|s390x|x86_64</red-def:arch>
 <red-def:evr datatype="evr_string" operation="less than">0:4.18.0-80.7.2.el8_0</red-def:evr>
</red-def:rpminfo_state>
<red-def:rpminfo_state id="oval:com.redhat.rhsa:ste:20192411003" version="636">
 <red-def:evr datatype="evr_string" operation="less than">0:4.18.0-80.7.2.el8_0</red-def:evr>
</red-def:rpminfo_state>
<red-def:rpminfo_state id="oval:com.redhat.rhsa:ste:20192411004" version="636">
 <red-def:arch datatype="string" operation="pattern match">aarch64|ppc64le|x86_64</red-def:arch>
 <red-def:evr datatype="evr_string" operation="less than">0:4.18.0-80.7.2.el8_0</red-def:evr>
</red-def:rpminfo_state>
<red-def:rpminfo_state id="oval:com.redhat.rhsa:ste:20192411005" version="636">
 <red-def:arch datatype="string" operation="equals">s390x</red-def:arch>
 <red-def:evr datatype="evr_string" operation="less than">0:4.18.0-80.7.2.el8_0</red-def:evr>
</red-def:rpminfo_state>
<red-def:rpminfo_state id="oval:com.redhat.rhsa:ste:20192465001" version="634">
 <red-def:arch datatype="string" operation="pattern match">aarch64|ppc64le|s390x|x86_64</red-def:arch>
 <red-def:evr datatype="evr_string" operation="less than">0:9.25-2.el8_0.2</red-def:evr>
</red-def:rpminfo_state>
<red-def:rpminfo_state id="oval:com.redhat.rhsa:ste:20192465003" version="634">
 <red-def:evr datatype="evr_string" operation="less than">0:9.25-2.el8_0.2</red-def:evr>
</red-def:rpminfo_state>
<red-def:rpminfo_state id="oval:com.redhat.rhsa:ste:20192465004" version="634">
 <red-def:arch datatype="string" operation="pattern match">aarch64|i686|ppc64le|s390x|x86_64</red-def:arch>
 <red-def:evr datatype="evr_string" operation="less than">0:9.25-2.el8_0.2</red-def:evr>
</red-def:rpminfo_state>
<red-def:rpminfo_state id="oval:com.redhat.rhsa:ste:20192511001" version="636">
 <red-def:arch datatype="string" operation="pattern match">aarch64|ppc64le|s390x|x86_64</red-def:arch>
 <red-def:evr datatype="evr_string" operation="less than">0:0.996-1.module+el8.0.0+3898+e09bb8de.9</red-def:evr>
</red-def:rpminfo_state>
<red-def:rpminfo_state id="oval:com.redhat.rhsa:ste:20192511003" version="636">
 <red-def:arch datatype="string" operation="pattern match">aarch64|ppc64le|s390x|x86_64</red-def:arch>
 <red-def:evr datatype="evr_string" operation="less than">0:2.7.0.20070801-16.module+el8.0.0+3898+e09bb8de</red-def:evr>
</red-def:rpminfo_state>
<red-def:rpminfo_state id="oval:com.redhat.rhsa:ste:20192511004" version="636">
 <red-def:arch datatype="string" operation="pattern match">aarch64|ppc64le|s390x|x86_64</red-def:arch>
 <red-def:evr datatype="evr_string" operation="less than">0:8.0.17-3.module+el8.0.0+3898+e09bb8de</red-def:evr>
</red-def:rpminfo_state>
<ind-def:textfilecontent54_state id="oval:com.redhat.rhsa:ste:20192511005" version="636">
 <ind-def:text operation="pattern match">\nstream\s*=\s*8\.0\b[\w\W]*\nstate\s*=\s*(enabled|1|true)|\nstate\s*=\s*(enabled|1|true)[\w\W]*\nstream\s*=\s*8\.0\b</ind-def:text>
</ind-def:textfilecontent54_state>
<red-def:rpminfo_state id="oval:com.redhat.rhsa:ste:20192512001" version="636">
 <red-def:arch datatype="string" operation="pattern match">aarch64|ppc64le|s390x|x86_64</red-def:arch>
 <red-def:evr datatype="evr_string" operation="less than">0:1.3.9-9.module+el8.0.0+3900+919b6753</red-def:evr>
</red-def:rpminfo_state>
<red-def:rpminfo_state id="oval:com.redhat.rhsa:ste:20192512003" version="636">
 <red-def:arch datatype="string" operation="pattern match">aarch64|ppc64le|s390x|x86_64</red-def:arch>
 <red-def:evr datatype="evr_string" operation="less than">0:1.10.2-2.module+el8.0.0+3900+919b6753</red-def:evr>
</red-def:rpminfo_state>
<red-def:rpminfo_state id="oval:com.redhat.rhsa:ste:20192512004" version="636">
 <red-def:evr datatype="evr_string" operation="less than">0:1.10.2-2.module+el8.0.0+3900+919b6753</red-def:evr>
</red-def:rpminfo_state>
<red-def:rpminfo_state id="oval:com.redhat.rhsa:ste:20192512005" version="636">
 <red-def:arch datatype="string" operation="pattern match">aarch64|ppc64le|s390x|x86_64</red-def:arch>
 <red-def:evr datatype="evr_string" operation="less than">0:2.1.1-5.module+el8.0.0+3900+919b6753</red-def:evr>
</red-def:rpminfo_state>
<ind-def:textfilecontent54_state id="oval:com.redhat.rhsa:ste:20192512006" version="636">
 <ind-def:text operation="pattern match">\nstream\s*=\s*1\.10\b[\w\W]*\nstate\s*=\s*(enabled|1|true)|\nstate\s*=\s*(enabled|1|true)[\w\W]*\nstream\s*=\s*1\.10\b</ind-def:text>
</ind-def:textfilecontent54_state>
<red-def:rpminfo_state id="oval:com.redhat.rhsa:ste:20192582001" version="637">
 <red-def:arch datatype="string" operation="pattern match">aarch64|i686|ppc64le|s390x|x86_64</red-def:arch>
 <red-def:evr datatype="evr_string" operation="less than">0:1.42.4-5.el8_0</red-def:evr>
</red-def:rpminfo_state>
<red-def:rpminfo_state id="oval:com.redhat.rhsa:ste:20192590001" version="636">
 <red-def:arch datatype="string" operation="pattern match">ppc64le|s390x|x86_64</red-def:arch>
 <red-def:evr datatype="evr_string" operation="less than">1:1.8.0.5.40-3.el8_0</red-def:evr>
</red-def:rpminfo_state>
<red-def:rpminfo_state id="oval:com.redhat.rhsa:ste:20192590003" version="636">
 <red-def:arch datatype="string" operation="pattern match">ppc64le|x86_64</red-def:arch>
 <red-def:evr datatype="evr_string" operation="less than">1:1.8.0.5.40-3.el8_0</red-def:evr>
</red-def:rpminfo_state>
<red-def:rpminfo_state id="oval:com.redhat.rhsa:ste:20192591001" version="636">
 <red-def:arch datatype="string" operation="pattern match">aarch64|ppc64le|s390x|x86_64</red-def:arch>
 <red-def:evr datatype="evr_string" operation="less than">0:9.25-2.el8_0.3</red-def:evr>
</red-def:rpminfo_state>
<red-def:rpminfo_state id="oval:com.redhat.rhsa:ste:20192591003" version="636">
 <red-def:evr datatype="evr_string" operation="less than">0:9.25-2.el8_0.3</red-def:evr>
</red-def:rpminfo_state>
<red-def:rpminfo_state id="oval:com.redhat.rhsa:ste:20192591004" version="636">
 <red-def:arch datatype="string" operation="pattern match">aarch64|i686|ppc64le|s390x|x86_64</red-def:arch>
 <red-def:evr datatype="evr_string" operation="less than">0:9.25-2.el8_0.3</red-def:evr>
</red-def:rpminfo_state>
<red-def:rpminfo_state id="oval:com.redhat.rhsa:ste:20192593001" version="635">
 <red-def:arch datatype="string" operation="pattern match">aarch64|ppc64le|s390x|x86_64</red-def:arch>
 <red-def:evr datatype="evr_string" operation="less than">0:1.0.1-2.module+el8.0.0+4045+70edde92</red-def:evr>
</red-def:rpminfo_state>
<red-def:rpminfo_state id="oval:com.redhat.rhsa:ste:20192593003" version="635">
 <red-def:arch datatype="string" operation="pattern match">aarch64|ppc64le|s390x|x86_64</red-def:arch>
 <red-def:evr datatype="evr_string" operation="less than">7:4.4-5.module+el8.0.0+4045+70edde92</red-def:evr>
</red-def:rpminfo_state>
<ind-def:textfilecontent54_state id="oval:com.redhat.rhsa:ste:20192593004" version="635">
 <ind-def:text operation="pattern match">\nstream\s*=\s*4\b[\w\W]*\nstate\s*=\s*(enabled|1|true)|\nstate\s*=\s*(enabled|1|true)[\w\W]*\nstream\s*=\s*4\b</ind-def:text>
</ind-def:textfilecontent54_state>
<red-def:rpminfo_state id="oval:com.redhat.rhsa:ste:20192663001" version="637">
 <red-def:arch datatype="string" operation="pattern match">aarch64|ppc64le|s390x|x86_64</red-def:arch>
 <red-def:evr datatype="evr_string" operation="less than">0:68.1.0-1.el8_0</red-def:evr>
</red-def:rpminfo_state>
<red-def:rpminfo_state id="oval:com.redhat.rhsa:ste:20192692001" version="635">
 <red-def:arch datatype="string" operation="pattern match">aarch64|i686|ppc64le|s390x|x86_64</red-def:arch>
 <red-def:evr datatype="evr_string" operation="less than">0:1.33.0-1.el8_0.1</red-def:evr>
</red-def:rpminfo_state>
<red-def:rpminfo_state id="oval:com.redhat.rhsa:ste:20192692003" version="635">
 <red-def:arch datatype="string" operation="pattern match">aarch64|ppc64le|s390x|x86_64</red-def:arch>
 <red-def:evr datatype="evr_string" operation="less than">0:1.33.0-1.el8_0.1</red-def:evr>
</red-def:rpminfo_state>
<red-def:rpminfo_state id="oval:com.redhat.rhsa:ste:20192703001" version="636">
 <red-def:arch datatype="string" operation="pattern match">aarch64|ppc64le|s390x|x86_64</red-def:arch>
 <red-def:evr datatype="evr_string" operation="less than">0:4.18.0-80.11.1.el8_0</red-def:evr>
</red-def:rpminfo_state>
<red-def:rpminfo_state id="oval:com.redhat.rhsa:ste:20192703003" version="636">
 <red-def:evr datatype="evr_string" operation="less than">0:4.18.0-80.11.1.el8_0</red-def:evr>
</red-def:rpminfo_state>
<red-def:rpminfo_state id="oval:com.redhat.rhsa:ste:20192703004" version="636">
 <red-def:arch datatype="string" operation="pattern match">aarch64|ppc64le|x86_64</red-def:arch>
 <red-def:evr datatype="evr_string" operation="less than">0:4.18.0-80.11.1.el8_0</red-def:evr>
</red-def:rpminfo_state>
<red-def:rpminfo_state id="oval:com.redhat.rhsa:ste:20192703005" version="636">
 <red-def:arch datatype="string" operation="equals">s390x</red-def:arch>
 <red-def:evr datatype="evr_string" operation="less than">0:4.18.0-80.11.1.el8_0</red-def:evr>
</red-def:rpminfo_state>
<unix-def:uname_state id="oval:com.redhat.rhsa:ste:20192703006" version="636">
 <unix-def:os_release operation="pattern match">([0-3]\.\d+\.\d+-)|(4\.([0-9]|1[0-7])\.\d+-)|(4\.18\.0-([0-9]|[1-6][0-9]|7[0-9])\.)|(4\.18\.0-80\.[^\.]*[a-zA-Z])|(4\.18\.0-80\.([0-9]|10)\.)|(4\.18\.0-80\.11\.[^\.]*[a-zA-Z])|(4\.18\.0-80\.11\.0\.)</unix-def:os_release>
</unix-def:uname_state>
<ind-def:textfilecontent54_state id="oval:com.redhat.rhsa:ste:20192703007" version="636">
 <ind-def:text operation="pattern match">([0-3]\.\d+\.\d+-)|(4\.([0-9]|1[0-7])\.\d+-)|(4\.18\.0-([0-9]|[1-6][0-9]|7[0-9])\.)|(4\.18\.0-80\.[^\.]*[a-zA-Z])|(4\.18\.0-80\.([0-9]|10)\.)|(4\.18\.0-80\.11\.[^\.]*[a-zA-Z])|(4\.18\.0-80\.11\.0\.)</ind-def:text>
</ind-def:textfilecontent54_state>
<red-def:rpminfo_state id="oval:com.redhat.rhsa:ste:20192713001" version="636">
 <red-def:arch datatype="string" operation="pattern match">aarch64|i686|ppc64le|s390x|x86_64</red-def:arch>
 <red-def:evr datatype="evr_string" operation="less than">0:0.66.0-11.el8_0.12</red-def:evr>
</red-def:rpminfo_state>
<red-def:rpminfo_state id="oval:com.redhat.rhsa:ste:20192713003" version="636">
 <red-def:arch datatype="string" operation="pattern match">aarch64|ppc64le|s390x|x86_64</red-def:arch>
 <red-def:evr datatype="evr_string" operation="less than">0:0.66.0-11.el8_0.12</red-def:evr>
</red-def:rpminfo_state>
<red-def:rpminfo_state id="oval:com.redhat.rhsa:ste:20192720001" version="636">
 <red-def:evr datatype="evr_string" operation="less than">0:3.2.2-10.module+el8.0.0+3892+c903d3f0</red-def:evr>
</red-def:rpminfo_state>
<red-def:rpminfo_state id="oval:com.redhat.rhsa:ste:20192720003" version="636">
 <red-def:evr datatype="evr_string" operation="less than">0:2.6-21.module+el8.0.0+3892+c903d3f0</red-def:evr>
</red-def:rpminfo_state>
<red-def:rpminfo_state id="oval:com.redhat.rhsa:ste:20192720004" version="636">
 <red-def:evr datatype="evr_string" operation="less than">0:1.2.0-16.module+el8.0.0+3892+c903d3f0</red-def:evr>
</red-def:rpminfo_state>
<red-def:rpminfo_state id="oval:com.redhat.rhsa:ste:20192720005" version="636">
 <red-def:evr datatype="evr_string" operation="less than">0:1.2.13-9.module+el8.0.0+3892+c903d3f0</red-def:evr>
</red-def:rpminfo_state>
<red-def:rpminfo_state id="oval:com.redhat.rhsa:ste:20192720006" version="636">
 <red-def:evr datatype="evr_string" operation="less than">0:2.2.12-8.module+el8.0.0+3892+c903d3f0</red-def:evr>
</red-def:rpminfo_state>
<red-def:rpminfo_state id="oval:com.redhat.rhsa:ste:20192720007" version="636">
 <red-def:evr datatype="evr_string" operation="less than">0:2.2.11-11.module+el8.0.0+3892+c903d3f0</red-def:evr>
</red-def:rpminfo_state>
<red-def:rpminfo_state id="oval:com.redhat.rhsa:ste:20192720008" version="636">
 <red-def:evr datatype="evr_string" operation="less than">0:2.9.9-1.module+el8.0.0+3892+c903d3f0</red-def:evr>
</red-def:rpminfo_state>
<red-def:rpminfo_state id="oval:com.redhat.rhsa:ste:20192720009" version="636">
 <red-def:evr datatype="evr_string" operation="less than">0:2.9.9.2-1.module+el8.0.0+3892+c903d3f0</red-def:evr>
</red-def:rpminfo_state>
<red-def:rpminfo_state id="oval:com.redhat.rhsa:ste:20192720010" version="636">
 <red-def:evr datatype="evr_string" operation="less than">0:2.7.6-4.module+el8.0.0+3892+c903d3f0</red-def:evr>
</red-def:rpminfo_state>
<red-def:rpminfo_state id="oval:com.redhat.rhsa:ste:20192720011" version="636">
 <red-def:evr datatype="evr_string" operation="less than">1:3.1-28.module+el8.0.0+3892+c903d3f0</red-def:evr>
</red-def:rpminfo_state>
<red-def:rpminfo_state id="oval:com.redhat.rhsa:ste:20192720012" version="636">
 <red-def:evr datatype="evr_string" operation="less than">0:3.18.1-8.module+el8.0.0+3892+c903d3f0</red-def:evr>
</red-def:rpminfo_state>
<red-def:rpminfo_state id="oval:com.redhat.rhsa:ste:20192720013" version="636">
 <red-def:evr datatype="evr_string" operation="less than">1:9.0.7-14.module+el8.0.0+3892+c903d3f0</red-def:evr>
</red-def:rpminfo_state>
<red-def:rpminfo_state id="oval:com.redhat.rhsa:ste:20192720014" version="636">
 <red-def:arch datatype="string" operation="pattern match">aarch64|ppc64le|s390x|x86_64</red-def:arch>
 <red-def:evr datatype="evr_string" operation="less than">0:1.0.1-10.module+el8.0.0+3892+c903d3f0</red-def:evr>
</red-def:rpminfo_state>
<red-def:rpminfo_state id="oval:com.redhat.rhsa:ste:20192720015" version="636">
 <red-def:evr datatype="evr_string" operation="less than">0:2011.1-7.module+el8.0.0+3892+c903d3f0</red-def:evr>
</red-def:rpminfo_state>
<red-def:rpminfo_state id="oval:com.redhat.rhsa:ste:20192720016" version="636">
 <red-def:evr datatype="evr_string" operation="less than">0:3.0.26-3.module+el8.0.0+3892+c903d3f0</red-def:evr>
</red-def:rpminfo_state>
<red-def:rpminfo_state id="oval:com.redhat.rhsa:ste:20192720017" version="636">
 <red-def:evr datatype="evr_string" operation="less than">0:1.7.25-4.module+el8.0.0+3892+c903d3f0</red-def:evr>
</red-def:rpminfo_state>
<red-def:rpminfo_state id="oval:com.redhat.rhsa:ste:20192720018" version="636">
 <red-def:evr datatype="evr_string" operation="less than">0:1.7.7-8.module+el8.0.0+3892+c903d3f0</red-def:evr>
</red-def:rpminfo_state>
<red-def:rpminfo_state id="oval:com.redhat.rhsa:ste:20192720019" version="636">
 <red-def:evr datatype="evr_string" operation="less than">0:1.7-24.module+el8.0.0+3892+c903d3f0</red-def:evr>
</red-def:rpminfo_state>
<red-def:rpminfo_state id="oval:com.redhat.rhsa:ste:20192720020" version="636">
 <red-def:evr datatype="evr_string" operation="less than">0:2.7.1-38.module+el8.0.0+3892+c903d3f0</red-def:evr>
</red-def:rpminfo_state>
<red-def:rpminfo_state id="oval:com.redhat.rhsa:ste:20192720021" version="636">
 <red-def:evr datatype="evr_string" operation="less than">0:2.11.0-34.module+el8.0.0+3892+c903d3f0</red-def:evr>
</red-def:rpminfo_state>
<red-def:rpminfo_state id="oval:com.redhat.rhsa:ste:20192720022" version="636">
 <red-def:evr datatype="evr_string" operation="less than">0:1.4.01-25.module+el8.0.0+3892+c903d3f0</red-def:evr>
</red-def:rpminfo_state>
<red-def:rpminfo_state id="oval:com.redhat.rhsa:ste:20192720023" version="636">
 <red-def:evr datatype="evr_string" operation="less than">0:1.2-26.module+el8.0.0+3892+c903d3f0</red-def:evr>
</red-def:rpminfo_state>
<red-def:rpminfo_state id="oval:com.redhat.rhsa:ste:20192720024" version="636">
 <red-def:evr datatype="evr_string" operation="less than">0:1.5.4-8.module+el8.0.0+3892+c903d3f0</red-def:evr>
</red-def:rpminfo_state>
<red-def:rpminfo_state id="oval:com.redhat.rhsa:ste:20192720025" version="636">
 <red-def:evr datatype="evr_string" operation="less than">0:0-19.20110809svn.module+el8.0.0+3892+c903d3f0</red-def:evr>
</red-def:rpminfo_state>
<red-def:rpminfo_state id="oval:com.redhat.rhsa:ste:20192722001" version="637">
 <red-def:arch datatype="string" operation="pattern match">aarch64|i686|ppc64le|s390x|x86_64</red-def:arch>
 <red-def:evr datatype="evr_string" operation="less than">0:0.2.9-8.el8_0</red-def:evr>
</red-def:rpminfo_state>
<red-def:rpminfo_state id="oval:com.redhat.rhsa:ste:20192726001" version="637">
 <red-def:arch datatype="string" operation="pattern match">aarch64|ppc64le|s390x|x86_64</red-def:arch>
 <red-def:evr datatype="evr_string" operation="less than">0:1.11.13-1.module+el8.0.1+4087+d8180914</red-def:evr>
</red-def:rpminfo_state>
<red-def:rpminfo_state id="oval:com.redhat.rhsa:ste:20192726003" version="637">
 <red-def:arch datatype="string" operation="pattern match">aarch64|ppc64le|s390x|x86_64</red-def:arch>
 <red-def:evr datatype="evr_string" operation="less than">0:1.11.13-2.module+el8.0.1+4087+d8180914</red-def:evr>
</red-def:rpminfo_state>
<red-def:rpminfo_state id="oval:com.redhat.rhsa:ste:20192726004" version="637">
 <red-def:evr datatype="evr_string" operation="less than">0:1.11.13-2.module+el8.0.1+4087+d8180914</red-def:evr>
</red-def:rpminfo_state>
<red-def:rpminfo_state id="oval:com.redhat.rhsa:ste:20192726005" version="637">
 <red-def:arch datatype="string" operation="equals">x86_64</red-def:arch>
 <red-def:evr datatype="evr_string" operation="less than">0:1.11.13-2.module+el8.0.1+4087+d8180914</red-def:evr>
</red-def:rpminfo_state>
<red-def:rpminfo_state id="oval:com.redhat.rhsa:ste:20192731001" version="638">
 <red-def:arch datatype="string" operation="equals">x86_64</red-def:arch>
 <red-def:evr datatype="evr_string" operation="less than">0:2.1.509-1.el8_0</red-def:evr>
</red-def:rpminfo_state>
<red-def:rpminfo_state id="oval:com.redhat.rhsa:ste:20192731003" version="638">
 <red-def:arch datatype="string" operation="equals">x86_64</red-def:arch>
 <red-def:evr datatype="evr_string" operation="less than">0:2.1.13-1.el8_0</red-def:evr>
</red-def:rpminfo_state>
<red-def:rpminfo_state id="oval:com.redhat.rhsa:ste:20192741001" version="639">
 <red-def:arch datatype="string" operation="equals">x86_64</red-def:arch>
 <red-def:evr datatype="evr_string" operation="less than">0:4.18.0-80.11.1.rt9.156.el8_0</red-def:evr>
</red-def:rpminfo_state>
<red-def:rpminfo_state id="oval:com.redhat.rhsa:ste:20192774001" version="635">
 <red-def:arch datatype="string" operation="pattern match">ppc64le|x86_64</red-def:arch>
 <red-def:evr datatype="evr_string" operation="less than">0:60.9.0-2.el8_0</red-def:evr>
</red-def:rpminfo_state>
<red-def:rpminfo_state id="oval:com.redhat.rhsa:ste:20192798001" version="636">
 <red-def:arch datatype="string" operation="pattern match">aarch64|ppc64le|s390x|x86_64</red-def:arch>
 <red-def:evr datatype="evr_string" operation="less than">0:2.7.6-9.el8_0</red-def:evr>
</red-def:rpminfo_state>
<red-def:rpminfo_state id="oval:com.redhat.rhsa:ste:20192799001" version="636">
 <red-def:arch datatype="string" operation="pattern match">aarch64|ppc64le|s390x|x86_64</red-def:arch>
 <red-def:evr datatype="evr_string" operation="less than">1:1.14.1-9.module+el8.0.0+4108+af250afe</red-def:evr>
</red-def:rpminfo_state>
<red-def:rpminfo_state id="oval:com.redhat.rhsa:ste:20192799003" version="636">
 <red-def:evr datatype="evr_string" operation="less than">1:1.14.1-9.module+el8.0.0+4108+af250afe</red-def:evr>
</red-def:rpminfo_state>
<ind-def:textfilecontent54_state id="oval:com.redhat.rhsa:ste:20192799004" version="636">
 <ind-def:text operation="pattern match">\nstream\s*=\s*1\.14\b[\w\W]*\nstate\s*=\s*(enabled|1|true)|\nstate\s*=\s*(enabled|1|true)[\w\W]*\nstream\s*=\s*1\.14\b</ind-def:text>
</ind-def:textfilecontent54_state>
<red-def:rpminfo_state id="oval:com.redhat.rhsa:ste:20192822001" version="637">
 <red-def:arch datatype="string" operation="pattern match">aarch64|i686|ppc64le|s390x|x86_64</red-def:arch>
 <red-def:evr datatype="evr_string" operation="less than">1:2.2.36-5.el8_0.1</red-def:evr>
</red-def:rpminfo_state>
<red-def:rpminfo_state id="oval:com.redhat.rhsa:ste:20192822003" version="637">
 <red-def:arch datatype="string" operation="pattern match">aarch64|ppc64le|s390x|x86_64</red-def:arch>
 <red-def:evr datatype="evr_string" operation="less than">1:2.2.36-5.el8_0.1</red-def:evr>
</red-def:rpminfo_state>
<red-def:rpminfo_state id="oval:com.redhat.rhsa:ste:20192827001" version="636">
 <red-def:arch datatype="string" operation="pattern match">aarch64|ppc64le|s390x|x86_64</red-def:arch>
 <red-def:evr datatype="evr_string" operation="less than">0:4.18.0-80.11.2.el8_0</red-def:evr>
</red-def:rpminfo_state>
<red-def:rpminfo_state id="oval:com.redhat.rhsa:ste:20192827003" version="636">
 <red-def:evr datatype="evr_string" operation="less than">0:4.18.0-80.11.2.el8_0</red-def:evr>
</red-def:rpminfo_state>
<red-def:rpminfo_state id="oval:com.redhat.rhsa:ste:20192827004" version="636">
 <red-def:arch datatype="string" operation="pattern match">aarch64|ppc64le|x86_64</red-def:arch>
 <red-def:evr datatype="evr_string" operation="less than">0:4.18.0-80.11.2.el8_0</red-def:evr>
</red-def:rpminfo_state>
<red-def:rpminfo_state id="oval:com.redhat.rhsa:ste:20192827005" version="636">
 <red-def:arch datatype="string" operation="equals">s390x</red-def:arch>
 <red-def:evr datatype="evr_string" operation="less than">0:4.18.0-80.11.2.el8_0</red-def:evr>
</red-def:rpminfo_state>
<unix-def:uname_state id="oval:com.redhat.rhsa:ste:20192827006" version="636">
 <unix-def:os_release operation="pattern match">([0-3]\.\d+\.\d+-)|(4\.([0-9]|1[0-7])\.\d+-)|(4\.18\.0-([0-9]|[1-6][0-9]|7[0-9])\.)|(4\.18\.0-80\.[^\.]*[a-zA-Z])|(4\.18\.0-80\.([0-9]|10)\.)|(4\.18\.0-80\.11\.[^\.]*[a-zA-Z])|(4\.18\.0-80\.11\.[0-1]\.)</unix-def:os_release>
</unix-def:uname_state>
<ind-def:textfilecontent54_state id="oval:com.redhat.rhsa:ste:20192827007" version="636">
 <ind-def:text operation="pattern match">([0-3]\.\d+\.\d+-)|(4\.([0-9]|1[0-7])\.\d+-)|(4\.18\.0-([0-9]|[1-6][0-9]|7[0-9])\.)|(4\.18\.0-80\.[^\.]*[a-zA-Z])|(4\.18\.0-80\.([0-9]|10)\.)|(4\.18\.0-80\.11\.[^\.]*[a-zA-Z])|(4\.18\.0-80\.11\.[0-1]\.)</ind-def:text>
</ind-def:textfilecontent54_state>
<red-def:rpminfo_state id="oval:com.redhat.rhsa:ste:20192828001" version="637">
 <red-def:arch datatype="string" operation="equals">x86_64</red-def:arch>
 <red-def:evr datatype="evr_string" operation="less than">0:4.18.0-80.11.2.rt9.157.el8_0</red-def:evr>
</red-def:rpminfo_state>
<red-def:rpminfo_state id="oval:com.redhat.rhsa:ste:20192893001" version="636">
 <red-def:arch datatype="string" operation="pattern match">aarch64|ppc64le|s390x|x86_64</red-def:arch>
 <red-def:evr datatype="evr_string" operation="less than">0:2.4.37-12.module+el8.0.0+4096+eb40e6da</red-def:evr>
</red-def:rpminfo_state>
<red-def:rpminfo_state id="oval:com.redhat.rhsa:ste:20192893003" version="636">
 <red-def:evr datatype="evr_string" operation="less than">0:2.4.37-12.module+el8.0.0+4096+eb40e6da</red-def:evr>
</red-def:rpminfo_state>
<red-def:rpminfo_state id="oval:com.redhat.rhsa:ste:20192893004" version="636">
 <red-def:arch datatype="string" operation="pattern match">aarch64|ppc64le|s390x|x86_64</red-def:arch>
 <red-def:evr datatype="evr_string" operation="less than">0:1.11.3-3.module+el8.0.0+4096+eb40e6da</red-def:evr>
</red-def:rpminfo_state>
<red-def:rpminfo_state id="oval:com.redhat.rhsa:ste:20192893005" version="636">
 <red-def:arch datatype="string" operation="pattern match">aarch64|ppc64le|s390x|x86_64</red-def:arch>
 <red-def:evr datatype="evr_string" operation="less than">1:2.4.37-12.module+el8.0.0+4096+eb40e6da</red-def:evr>
</red-def:rpminfo_state>
<red-def:rpminfo_state id="oval:com.redhat.rhsa:ste:20192925001" version="636">
 <red-def:arch datatype="string" operation="pattern match">aarch64|ppc64le|s390x|x86_64</red-def:arch>
 <red-def:evr datatype="evr_string" operation="less than">1:10.16.3-2.module+el8.0.0+4214+49953fda</red-def:evr>
</red-def:rpminfo_state>
<red-def:rpminfo_state id="oval:com.redhat.rhsa:ste:20192925003" version="636">
 <red-def:evr datatype="evr_string" operation="less than">1:10.16.3-2.module+el8.0.0+4214+49953fda</red-def:evr>
</red-def:rpminfo_state>
<red-def:rpminfo_state id="oval:com.redhat.rhsa:ste:20192925004" version="636">
 <red-def:evr datatype="evr_string" operation="less than">0:1.18.3-1.module+el8+2632+6c5111ed</red-def:evr>
</red-def:rpminfo_state>
<red-def:rpminfo_state id="oval:com.redhat.rhsa:ste:20192925005" version="636">
 <red-def:evr datatype="evr_string" operation="less than">0:17-3.module+el8+2873+aa7dfd9a</red-def:evr>
</red-def:rpminfo_state>
<red-def:rpminfo_state id="oval:com.redhat.rhsa:ste:20192925006" version="636">
 <red-def:arch datatype="string" operation="pattern match">aarch64|ppc64le|s390x|x86_64</red-def:arch>
 <red-def:evr datatype="evr_string" operation="less than">1:6.9.0-1.10.16.3.2.module+el8.0.0+4214+49953fda</red-def:evr>
</red-def:rpminfo_state>
<ind-def:textfilecontent54_state id="oval:com.redhat.rhsa:ste:20192925007" version="636">
 <ind-def:text operation="pattern match">\nstream\s*=\s*10\b[\w\W]*\nstate\s*=\s*(enabled|1|true)|\nstate\s*=\s*(enabled|1|true)[\w\W]*\nstream\s*=\s*10\b</ind-def:text>
</ind-def:textfilecontent54_state>
<red-def:rpminfo_state id="oval:com.redhat.rhsa:ste:20193134001" version="637">
 <red-def:arch datatype="string" operation="pattern match">aarch64|ppc64le|s390x|x86_64</red-def:arch>
 <red-def:evr datatype="evr_string" operation="less than">1:1.8.0.232.b09-0.el8_0</red-def:evr>
</red-def:rpminfo_state>
<red-def:rpminfo_state id="oval:com.redhat.rhsa:ste:20193134003" version="637">
 <red-def:evr datatype="evr_string" operation="less than">1:1.8.0.232.b09-0.el8_0</red-def:evr>
</red-def:rpminfo_state>
<red-def:rpminfo_state id="oval:com.redhat.rhsa:ste:20193135001" version="637">
 <red-def:arch datatype="string" operation="pattern match">aarch64|ppc64le|s390x|x86_64</red-def:arch>
 <red-def:evr datatype="evr_string" operation="less than">1:11.0.5.10-0.el8_0</red-def:evr>
</red-def:rpminfo_state>
<red-def:rpminfo_state id="oval:com.redhat.rhsa:ste:20193196001" version="636">
 <red-def:arch datatype="string" operation="pattern match">aarch64|ppc64le|s390x|x86_64</red-def:arch>
 <red-def:evr datatype="evr_string" operation="less than">0:68.2.0-2.el8_0</red-def:evr>
</red-def:rpminfo_state>
<red-def:rpminfo_state id="oval:com.redhat.rhsa:ste:20193237001" version="635">
 <red-def:arch datatype="string" operation="pattern match">ppc64le|x86_64</red-def:arch>
 <red-def:evr datatype="evr_string" operation="less than">0:68.2.0-1.el8_0</red-def:evr>
</red-def:rpminfo_state>
<red-def:rpminfo_state id="oval:com.redhat.rhsa:ste:20193309001" version="637">
 <red-def:arch datatype="string" operation="equals">x86_64</red-def:arch>
 <red-def:evr datatype="evr_string" operation="less than">0:4.18.0-147.rt24.93.el8</red-def:evr>
</red-def:rpminfo_state>
<unix-def:uname_state id="oval:com.redhat.rhsa:ste:20193309003" version="637">
 <unix-def:os_release operation="pattern match">([0-3]\.\d+\.\d+-)|(4\.([0-9]|1[0-7])\.\d+-)|(4\.18\.0-([0-9]{1,2}|1[0-3][0-9]|14[0-6])\.)</unix-def:os_release>
</unix-def:uname_state>
<ind-def:textfilecontent54_state id="oval:com.redhat.rhsa:ste:20193309004" version="637">
 <ind-def:text operation="pattern match">([0-3]\.\d+\.\d+-)|(4\.([0-9]|1[0-7])\.\d+-)|(4\.18\.0-([0-9]{1,2}|1[0-3][0-9]|14[0-6])\.)</ind-def:text>
</ind-def:textfilecontent54_state>
<red-def:rpminfo_state id="oval:com.redhat.rhsa:ste:20193335001" version="637">
 <red-def:evr datatype="evr_string" operation="less than">0:2.5.1-9.module+el8.1.0+3111+de3f2d8e</red-def:evr>
</red-def:rpminfo_state>
<red-def:rpminfo_state id="oval:com.redhat.rhsa:ste:20193335003" version="637">
 <red-def:evr datatype="evr_string" operation="less than">0:1.3.7-30.module+el8.1.0+3111+de3f2d8e</red-def:evr>
</red-def:rpminfo_state>
<red-def:rpminfo_state id="oval:com.redhat.rhsa:ste:20193335004" version="637">
 <red-def:arch datatype="string" operation="pattern match">aarch64|ppc64le|s390x|x86_64</red-def:arch>
 <red-def:evr datatype="evr_string" operation="less than">0:2.7.5-7.module+el8.1.0+3111+de3f2d8e</red-def:evr>
</red-def:rpminfo_state>
<red-def:rpminfo_state id="oval:com.redhat.rhsa:ste:20193335005" version="637">
 <red-def:evr datatype="evr_string" operation="less than">0:1.3.2-1.module+el8.1.0+2994+98e054d6</red-def:evr>
</red-def:rpminfo_state>
<red-def:rpminfo_state id="oval:com.redhat.rhsa:ste:20193335006" version="637">
 <red-def:arch datatype="string" operation="pattern match">aarch64|ppc64le|s390x|x86_64</red-def:arch>
 <red-def:evr datatype="evr_string" operation="less than">0:2.7.16-12.module+el8.1.0+4148+33a50073</red-def:evr>
</red-def:rpminfo_state>
<red-def:rpminfo_state id="oval:com.redhat.rhsa:ste:20193335007" version="637">
 <red-def:arch datatype="string" operation="pattern match">aarch64|ppc64le|s390x|x86_64</red-def:arch>
 <red-def:evr datatype="evr_string" operation="less than">0:0.28.1-7.module+el8.1.0+3111+de3f2d8e</red-def:evr>
</red-def:rpminfo_state>
<red-def:rpminfo_state id="oval:com.redhat.rhsa:ste:20193335008" version="637">
 <red-def:evr datatype="evr_string" operation="less than">0:0.8.0-10.module+el8.1.0+3111+de3f2d8e</red-def:evr>
</red-def:rpminfo_state>
<red-def:rpminfo_state id="oval:com.redhat.rhsa:ste:20193335009" version="637">
 <red-def:evr datatype="evr_string" operation="less than">0:17.4.0-10.module+el8.1.0+3111+de3f2d8e</red-def:evr>
</red-def:rpminfo_state>
<red-def:rpminfo_state id="oval:com.redhat.rhsa:ste:20193335010" version="637">
 <red-def:arch datatype="string" operation="pattern match">aarch64|ppc64le|s390x|x86_64</red-def:arch>
 <red-def:evr datatype="evr_string" operation="less than">0:1.0-15.module+el8.1.0+3111+de3f2d8e</red-def:evr>
</red-def:rpminfo_state>
<red-def:rpminfo_state id="oval:com.redhat.rhsa:ste:20193335011" version="637">
 <red-def:evr datatype="evr_string" operation="less than">0:3.5.0.1-11.module+el8.1.0+3111+de3f2d8e</red-def:evr>
</red-def:rpminfo_state>
<red-def:rpminfo_state id="oval:com.redhat.rhsa:ste:20193335012" version="637">
 <red-def:arch datatype="string" operation="pattern match">aarch64|ppc64le|s390x|x86_64</red-def:arch>
 <red-def:evr datatype="evr_string" operation="less than">0:3.6.1-11.module+el8.1.0+3446+c3d52da3</red-def:evr>
</red-def:rpminfo_state>
<red-def:rpminfo_state id="oval:com.redhat.rhsa:ste:20193335013" version="637">
 <red-def:evr datatype="evr_string" operation="less than">0:3.0.4-10.module+el8.1.0+3111+de3f2d8e</red-def:evr>
</red-def:rpminfo_state>
<red-def:rpminfo_state id="oval:com.redhat.rhsa:ste:20193335014" version="637">
 <red-def:arch datatype="string" operation="pattern match">aarch64|ppc64le|s390x|x86_64</red-def:arch>
 <red-def:evr datatype="evr_string" operation="less than">0:4.5.1-4.module+el8.1.0+3111+de3f2d8e</red-def:evr>
</red-def:rpminfo_state>
<red-def:rpminfo_state id="oval:com.redhat.rhsa:ste:20193335015" version="637">
 <red-def:evr datatype="evr_string" operation="less than">0:1.15.0-10.module+el8.1.0+3111+de3f2d8e</red-def:evr>
</red-def:rpminfo_state>
<red-def:rpminfo_state id="oval:com.redhat.rhsa:ste:20193335016" version="637">
 <red-def:evr datatype="evr_string" operation="less than">0:2.7.16-2.module+el8.1.0+3111+de3f2d8e</red-def:evr>
</red-def:rpminfo_state>
<red-def:rpminfo_state id="oval:com.redhat.rhsa:ste:20193335017" version="637">
 <red-def:evr datatype="evr_string" operation="less than">0:0.14-12.module+el8.1.0+3111+de3f2d8e</red-def:evr>
</red-def:rpminfo_state>
<red-def:rpminfo_state id="oval:com.redhat.rhsa:ste:20193335018" version="637">
 <red-def:evr datatype="evr_string" operation="less than">0:1.0.2-13.module+el8.1.0+3111+de3f2d8e</red-def:evr>
</red-def:rpminfo_state>
<red-def:rpminfo_state id="oval:com.redhat.rhsa:ste:20193335019" version="637">
 <red-def:evr datatype="evr_string" operation="less than">0:2.5-7.module+el8.1.0+3111+de3f2d8e</red-def:evr>
</red-def:rpminfo_state>
<red-def:rpminfo_state id="oval:com.redhat.rhsa:ste:20193335020" version="637">
 <red-def:evr datatype="evr_string" operation="less than">0:1.0.18-6.module+el8.1.0+3111+de3f2d8e</red-def:evr>
</red-def:rpminfo_state>
<red-def:rpminfo_state id="oval:com.redhat.rhsa:ste:20193335021" version="637">
 <red-def:evr datatype="evr_string" operation="less than">0:2.10-8.module+el8.1.0+3111+de3f2d8e</red-def:evr>
</red-def:rpminfo_state>
<red-def:rpminfo_state id="oval:com.redhat.rhsa:ste:20193335022" version="637">
 <red-def:arch datatype="string" operation="pattern match">aarch64|ppc64le|s390x|x86_64</red-def:arch>
 <red-def:evr datatype="evr_string" operation="less than">0:4.2.3-3.module+el8.1.0+3111+de3f2d8e</red-def:evr>
</red-def:rpminfo_state>
<red-def:rpminfo_state id="oval:com.redhat.rhsa:ste:20193335023" version="637">
 <red-def:arch datatype="string" operation="pattern match">aarch64|ppc64le|s390x|x86_64</red-def:arch>
 <red-def:evr datatype="evr_string" operation="less than">0:0.23-19.module+el8.1.0+3111+de3f2d8e</red-def:evr>
</red-def:rpminfo_state>
<red-def:rpminfo_state id="oval:com.redhat.rhsa:ste:20193335024" version="637">
 <red-def:evr datatype="evr_string" operation="less than">0:2.0.0-13.module+el8.1.0+3111+de3f2d8e</red-def:evr>
</red-def:rpminfo_state>
<red-def:rpminfo_state id="oval:com.redhat.rhsa:ste:20193335025" version="637">
 <red-def:arch datatype="string" operation="pattern match">aarch64|ppc64le|s390x|x86_64</red-def:arch>
 <red-def:evr datatype="evr_string" operation="less than">1:1.14.2-13.module+el8.1.0+3323+7ac3e00f</red-def:evr>
</red-def:rpminfo_state>
<red-def:rpminfo_state id="oval:com.redhat.rhsa:ste:20193335026" version="637">
 <red-def:evr datatype="evr_string" operation="less than">1:1.14.2-13.module+el8.1.0+3323+7ac3e00f</red-def:evr>
</red-def:rpminfo_state>
<red-def:rpminfo_state id="oval:com.redhat.rhsa:ste:20193335027" version="637">
 <red-def:evr datatype="evr_string" operation="less than">0:9.0.3-14.module+el8.1.0+3446+c3d52da3</red-def:evr>
</red-def:rpminfo_state>
<red-def:rpminfo_state id="oval:com.redhat.rhsa:ste:20193335028" version="637">
 <red-def:evr datatype="evr_string" operation="less than">0:0.6.0-8.module+el8.1.0+3111+de3f2d8e</red-def:evr>
</red-def:rpminfo_state>
<red-def:rpminfo_state id="oval:com.redhat.rhsa:ste:20193335029" version="637">
 <red-def:evr datatype="evr_string" operation="less than">0:1.5.3-6.module+el8.1.0+3111+de3f2d8e</red-def:evr>
</red-def:rpminfo_state>
<red-def:rpminfo_state id="oval:com.redhat.rhsa:ste:20193335030" version="637">
 <red-def:evr datatype="evr_string" operation="less than">0:2.2.0-20.module+el8.1.0+3111+de3f2d8e</red-def:evr>
</red-def:rpminfo_state>
<red-def:rpminfo_state id="oval:com.redhat.rhsa:ste:20193335031" version="637">
 <red-def:evr datatype="evr_string" operation="less than">0:1.6.8-6.module+el8.1.0+3111+de3f2d8e</red-def:evr>
</red-def:rpminfo_state>
<red-def:rpminfo_state id="oval:com.redhat.rhsa:ste:20193335032" version="637">
 <red-def:evr datatype="evr_string" operation="less than">0:3.4.2-13.module+el8.1.0+3111+de3f2d8e</red-def:evr>
</red-def:rpminfo_state>
<red-def:rpminfo_state id="oval:com.redhat.rhsa:ste:20193335033" version="637">
 <red-def:evr datatype="evr_string" operation="less than">0:1.9.0-4.module+el8.1.0+3111+de3f2d8e</red-def:evr>
</red-def:rpminfo_state>
<red-def:rpminfo_state id="oval:com.redhat.rhsa:ste:20193335034" version="637">
 <red-def:evr datatype="evr_string" operation="less than">0:2017.2-12.module+el8.1.0+3111+de3f2d8e</red-def:evr>
</red-def:rpminfo_state>
<red-def:rpminfo_state id="oval:com.redhat.rhsa:ste:20193335035" version="637">
 <red-def:arch datatype="string" operation="pattern match">aarch64|ppc64le|s390x|x86_64</red-def:arch>
 <red-def:evr datatype="evr_string" operation="less than">0:3.12-16.module+el8.1.0+3111+de3f2d8e</red-def:evr>
</red-def:rpminfo_state>
<red-def:rpminfo_state id="oval:com.redhat.rhsa:ste:20193335036" version="637">
 <red-def:evr datatype="evr_string" operation="less than">0:2.20.0-2.module+el8.1.0+3111+de3f2d8e</red-def:evr>
</red-def:rpminfo_state>
<red-def:rpminfo_state id="oval:com.redhat.rhsa:ste:20193335037" version="637">
 <red-def:evr datatype="evr_string" operation="less than">0:3-38.module+el8.1.0+3111+de3f2d8e</red-def:evr>
</red-def:rpminfo_state>
<red-def:rpminfo_state id="oval:com.redhat.rhsa:ste:20193335038" version="637">
 <red-def:arch datatype="string" operation="pattern match">aarch64|ppc64le|s390x|x86_64</red-def:arch>
 <red-def:evr datatype="evr_string" operation="less than">0:1.0.0-20.module+el8.1.0+3323+7ac3e00f</red-def:evr>
</red-def:rpminfo_state>
<red-def:rpminfo_state id="oval:com.redhat.rhsa:ste:20193335039" version="637">
 <red-def:evr datatype="evr_string" operation="less than">0:39.0.1-11.module+el8.1.0+3446+c3d52da3</red-def:evr>
</red-def:rpminfo_state>
<red-def:rpminfo_state id="oval:com.redhat.rhsa:ste:20193335040" version="637">
 <red-def:evr datatype="evr_string" operation="less than">0:1.15.7-6.module+el8.1.0+3111+de3f2d8e</red-def:evr>
</red-def:rpminfo_state>
<red-def:rpminfo_state id="oval:com.redhat.rhsa:ste:20193335041" version="637">
 <red-def:evr datatype="evr_string" operation="less than">0:1.11.0-5.module+el8.1.0+3111+de3f2d8e</red-def:evr>
</red-def:rpminfo_state>
<red-def:rpminfo_state id="oval:com.redhat.rhsa:ste:20193335042" version="637">
 <red-def:arch datatype="string" operation="pattern match">aarch64|ppc64le|s390x|x86_64</red-def:arch>
 <red-def:evr datatype="evr_string" operation="less than">0:1.3.2-1.module+el8.1.0+2994+98e054d6</red-def:evr>
</red-def:rpminfo_state>
<red-def:rpminfo_state id="oval:com.redhat.rhsa:ste:20193335043" version="637">
 <red-def:evr datatype="evr_string" operation="less than">0:1.24.2-1.module+el8.1.0+3280+19512f10</red-def:evr>
</red-def:rpminfo_state>
<red-def:rpminfo_state id="oval:com.redhat.rhsa:ste:20193335044" version="637">
 <red-def:evr datatype="evr_string" operation="less than">0:15.1.0-19.module+el8.1.0+3507+d69c168d</red-def:evr>
</red-def:rpminfo_state>
<red-def:rpminfo_state id="oval:com.redhat.rhsa:ste:20193335045" version="637">
 <red-def:evr datatype="evr_string" operation="less than">1:0.31.1-2.module+el8.1.0+3725+aac5cd17</red-def:evr>
</red-def:rpminfo_state>
<red-def:rpminfo_state id="oval:com.redhat.rhsa:ste:20193338001" version="638">
 <red-def:evr datatype="evr_string" operation="less than">0:20190308git89910a39dcfd-6.el8</red-def:evr>
</red-def:rpminfo_state>
<red-def:rpminfo_state id="oval:com.redhat.rhsa:ste:20193345001" version="641">
 <red-def:evr datatype="evr_string" operation="less than">0:20171214-6.gitfa98132.module+el8.1.0+4066+0f1aadab</red-def:evr>
</red-def:rpminfo_state>
<red-def:rpminfo_state id="oval:com.redhat.rhsa:ste:20193345003" version="641">
 <red-def:arch datatype="string" operation="pattern match">aarch64|ppc64le|s390x|x86_64</red-def:arch>
 <red-def:evr datatype="evr_string" operation="less than">0:1.3.15-7.module+el8.1.0+4066+0f1aadab</red-def:evr>
</red-def:rpminfo_state>
<red-def:rpminfo_state id="oval:com.redhat.rhsa:ste:20193345004" version="641">
 <red-def:arch datatype="string" operation="pattern match">aarch64|ppc64le|s390x|x86_64</red-def:arch>
 <red-def:evr datatype="evr_string" operation="less than">1:1.38.4-14.module+el8.1.0+4066+0f1aadab</red-def:evr>
</red-def:rpminfo_state>
<red-def:rpminfo_state id="oval:com.redhat.rhsa:ste:20193345005" version="641">
 <red-def:evr datatype="evr_string" operation="less than">1:1.38.4-14.module+el8.1.0+4066+0f1aadab</red-def:evr>
</red-def:rpminfo_state>
<red-def:rpminfo_state id="oval:com.redhat.rhsa:ste:20193345006" version="641">
 <red-def:arch datatype="string" operation="pattern match">aarch64|x86_64</red-def:arch>
 <red-def:evr datatype="evr_string" operation="less than">1:1.38.4-14.module+el8.1.0+4066+0f1aadab</red-def:evr>
</red-def:rpminfo_state>
<red-def:rpminfo_state id="oval:com.redhat.rhsa:ste:20193345007" version="641">
 <red-def:arch datatype="string" operation="pattern match">aarch64|ppc64le|s390x|x86_64</red-def:arch>
 <red-def:evr datatype="evr_string" operation="less than">0:8.0-4.module+el8.1.0+4066+0f1aadab</red-def:evr>
</red-def:rpminfo_state>
<red-def:rpminfo_state id="oval:com.redhat.rhsa:ste:20193345008" version="641">
 <red-def:arch datatype="string" operation="pattern match">aarch64|ppc64le|s390x|x86_64</red-def:arch>
 <red-def:evr datatype="evr_string" operation="less than">0:1.18.0-8.module+el8.1.0+4066+0f1aadab</red-def:evr>
</red-def:rpminfo_state>
<red-def:rpminfo_state id="oval:com.redhat.rhsa:ste:20193345009" version="641">
 <red-def:arch datatype="string" operation="pattern match">aarch64|ppc64le|s390x|x86_64</red-def:arch>
 <red-def:evr datatype="evr_string" operation="less than">0:4.5.0-35.module+el8.1.0+4227+b2722cb3</red-def:evr>
</red-def:rpminfo_state>
<red-def:rpminfo_state id="oval:com.redhat.rhsa:ste:20193345010" version="641">
 <red-def:arch datatype="string" operation="pattern match">aarch64|ppc64le|s390x|x86_64</red-def:arch>
 <red-def:evr datatype="evr_string" operation="less than">0:1.2.0-3.module+el8.1.0+4066+0f1aadab</red-def:evr>
</red-def:rpminfo_state>
<red-def:rpminfo_state id="oval:com.redhat.rhsa:ste:20193345011" version="641">
 <red-def:arch datatype="string" operation="pattern match">aarch64|ppc64le|s390x|x86_64</red-def:arch>
 <red-def:evr datatype="evr_string" operation="less than">0:1.4.2-5.module+el8.1.0+4066+0f1aadab</red-def:evr>
</red-def:rpminfo_state>
<red-def:rpminfo_state id="oval:com.redhat.rhsa:ste:20193345012" version="641">
 <red-def:evr datatype="evr_string" operation="less than">0:1.4.2-5.module+el8.1.0+4066+0f1aadab</red-def:evr>
</red-def:rpminfo_state>
<red-def:rpminfo_state id="oval:com.redhat.rhsa:ste:20193345013" version="641">
 <red-def:arch datatype="string" operation="equals">x86_64</red-def:arch>
 <red-def:evr datatype="evr_string" operation="less than">0:1.4.2-5.module+el8.1.0+4066+0f1aadab</red-def:evr>
</red-def:rpminfo_state>
<red-def:rpminfo_state id="oval:com.redhat.rhsa:ste:20193345014" version="641">
 <red-def:arch datatype="string" operation="pattern match">aarch64|ppc64le|s390x|x86_64</red-def:arch>
 <red-def:evr datatype="evr_string" operation="less than">0:0.2.8-12.module+el8.1.0+4066+0f1aadab</red-def:evr>
</red-def:rpminfo_state>
<red-def:rpminfo_state id="oval:com.redhat.rhsa:ste:20193345015" version="641">
 <red-def:arch datatype="string" operation="pattern match">aarch64|ppc64le|s390x|x86_64</red-def:arch>
 <red-def:evr datatype="evr_string" operation="less than">0:4.5.0-5.module+el8.1.0+4066+0f1aadab</red-def:evr>
</red-def:rpminfo_state>
<red-def:rpminfo_state id="oval:com.redhat.rhsa:ste:20193345016" version="641">
 <red-def:arch datatype="string" operation="pattern match">aarch64|ppc64le|s390x|x86_64</red-def:arch>
 <red-def:evr datatype="evr_string" operation="less than">0:4.5.0-2.module+el8.1.0+4066+0f1aadab</red-def:evr>
</red-def:rpminfo_state>
<red-def:rpminfo_state id="oval:com.redhat.rhsa:ste:20193345017" version="641">
 <red-def:arch datatype="string" operation="pattern match">aarch64|ppc64le|s390x|x86_64</red-def:arch>
 <red-def:evr datatype="evr_string" operation="less than">15:2.12.0-88.module+el8.1.0+4233+bc44be3f</red-def:evr>
</red-def:rpminfo_state>
<red-def:rpminfo_state id="oval:com.redhat.rhsa:ste:20193345018" version="641">
 <red-def:arch datatype="string" operation="equals">x86_64</red-def:arch>
 <red-def:evr datatype="evr_string" operation="less than">15:2.12.0-88.module+el8.1.0+4233+bc44be3f</red-def:evr>
</red-def:rpminfo_state>
<red-def:rpminfo_state id="oval:com.redhat.rhsa:ste:20193345019" version="641">
 <red-def:arch datatype="string" operation="equals">x86_64</red-def:arch>
 <red-def:evr datatype="evr_string" operation="less than">0:1.11.1-4.module+el8.1.0+4066+0f1aadab</red-def:evr>
</red-def:rpminfo_state>
<red-def:rpminfo_state id="oval:com.redhat.rhsa:ste:20193345020" version="641">
 <red-def:evr datatype="evr_string" operation="less than">0:1.11.1-4.module+el8.1.0+4066+0f1aadab</red-def:evr>
</red-def:rpminfo_state>
<red-def:rpminfo_state id="oval:com.redhat.rhsa:ste:20193345021" version="641">
 <red-def:arch datatype="string" operation="equals">x86_64</red-def:arch>
 <red-def:evr datatype="evr_string" operation="less than">1:0.20170427git-3.module+el8.1.0+4066+0f1aadab</red-def:evr>
</red-def:rpminfo_state>
<red-def:rpminfo_state id="oval:com.redhat.rhsa:ste:20193345022" version="641">
 <red-def:evr datatype="evr_string" operation="less than">1:0.20170427git-3.module+el8.1.0+4066+0f1aadab</red-def:evr>
</red-def:rpminfo_state>
<red-def:rpminfo_state id="oval:com.redhat.rhsa:ste:20193345023" version="641">
 <red-def:arch datatype="string" operation="pattern match">aarch64|ppc64le|s390x|x86_64</red-def:arch>
 <red-def:evr datatype="evr_string" operation="less than">0:5.1.19-9.module+el8.1.0+4066+0f1aadab</red-def:evr>
</red-def:rpminfo_state>
<red-def:rpminfo_state id="oval:com.redhat.rhsa:ste:20193345024" version="641">
 <red-def:arch datatype="string" operation="equals">x86_64</red-def:arch>
 <red-def:evr datatype="evr_string" operation="less than">1:1.38.4-14.module+el8.1.0+4066+0f1aadab</red-def:evr>
</red-def:rpminfo_state>
<red-def:rpminfo_state id="oval:com.redhat.rhsa:ste:20193345026" version="641">
 <red-def:arch datatype="string" operation="equals">i686</red-def:arch>
 <red-def:evr datatype="evr_string" operation="less than">0:1.3.15-7.module+el8.1.0+4066+0f1aadab</red-def:evr>
</red-def:rpminfo_state>
<red-def:rpminfo_state id="oval:com.redhat.rhsa:ste:20193345027" version="641">
 <red-def:arch datatype="string" operation="equals">i686</red-def:arch>
 <red-def:evr datatype="evr_string" operation="less than">0:8.0-4.module+el8.1.0+4066+0f1aadab</red-def:evr>
</red-def:rpminfo_state>
<red-def:rpminfo_state id="oval:com.redhat.rhsa:ste:20193345028" version="641">
 <red-def:arch datatype="string" operation="equals">i686</red-def:arch>
 <red-def:evr datatype="evr_string" operation="less than">0:1.18.0-8.module+el8.1.0+4066+0f1aadab</red-def:evr>
</red-def:rpminfo_state>
<red-def:rpminfo_state id="oval:com.redhat.rhsa:ste:20193345029" version="641">
 <red-def:arch datatype="string" operation="equals">i686</red-def:arch>
 <red-def:evr datatype="evr_string" operation="less than">0:4.5.0-35.module+el8.1.0+4227+b2722cb3</red-def:evr>
</red-def:rpminfo_state>
<red-def:rpminfo_state id="oval:com.redhat.rhsa:ste:20193345030" version="641">
 <red-def:arch datatype="string" operation="equals">i686</red-def:arch>
 <red-def:evr datatype="evr_string" operation="less than">0:1.2.0-3.module+el8.1.0+4066+0f1aadab</red-def:evr>
</red-def:rpminfo_state>
<red-def:rpminfo_state id="oval:com.redhat.rhsa:ste:20193345031" version="641">
 <red-def:arch datatype="string" operation="equals">i686</red-def:arch>
 <red-def:evr datatype="evr_string" operation="less than">0:0.2.8-12.module+el8.1.0+4066+0f1aadab</red-def:evr>
</red-def:rpminfo_state>
<red-def:rpminfo_state id="oval:com.redhat.rhsa:ste:20193345032" version="641">
 <red-def:arch datatype="string" operation="pattern match">aarch64|i686|ppc64le|s390x|x86_64</red-def:arch>
 <red-def:evr datatype="evr_string" operation="less than">0:1.3.15-7.module+el8.1.0+4066+0f1aadab</red-def:evr>
</red-def:rpminfo_state>
<red-def:rpminfo_state id="oval:com.redhat.rhsa:ste:20193345033" version="641">
 <red-def:arch datatype="string" operation="equals">i686</red-def:arch>
 <red-def:evr datatype="evr_string" operation="less than">0:4.5.0-5.module+el8.1.0+4066+0f1aadab</red-def:evr>
</red-def:rpminfo_state>
<red-def:rpminfo_state id="oval:com.redhat.rhsa:ste:20193345034" version="641">
 <red-def:arch datatype="string" operation="equals">i686</red-def:arch>
 <red-def:evr datatype="evr_string" operation="less than">0:4.5.0-2.module+el8.1.0+4066+0f1aadab</red-def:evr>
</red-def:rpminfo_state>
<red-def:rpminfo_state id="oval:com.redhat.rhsa:ste:20193345035" version="641">
 <red-def:arch datatype="string" operation="equals">i686</red-def:arch>
 <red-def:evr datatype="evr_string" operation="less than">1:0.20170427git-3.module+el8.1.0+4066+0f1aadab</red-def:evr>
</red-def:rpminfo_state>
<red-def:rpminfo_state id="oval:com.redhat.rhsa:ste:20193352001" version="640">
 <red-def:arch datatype="string" operation="pattern match">aarch64|ppc64le|s390x|x86_64</red-def:arch>
 <red-def:evr datatype="evr_string" operation="less than">0:8.2-6.el8</red-def:evr>
</red-def:rpminfo_state>
<red-def:rpminfo_state id="oval:com.redhat.rhsa:ste:20193352003" version="640">
 <red-def:evr datatype="evr_string" operation="less than">0:8.2-6.el8</red-def:evr>
</red-def:rpminfo_state>
<red-def:rpminfo_state id="oval:com.redhat.rhsa:ste:20193353001" version="641">
 <red-def:arch datatype="string" operation="pattern match">aarch64|ppc64le|s390x|x86_64</red-def:arch>
 <red-def:evr datatype="evr_string" operation="less than">0:3.0.17-6.module+el8.1.0+3392+9bd8939b</red-def:evr>
</red-def:rpminfo_state>
<red-def:rpminfo_state id="oval:com.redhat.rhsa:ste:20193387001" version="638">
 <red-def:arch datatype="string" operation="pattern match">aarch64|ppc64le|s390x|x86_64</red-def:arch>
 <red-def:evr datatype="evr_string" operation="less than">0:1.5.0-4.el8</red-def:evr>
</red-def:rpminfo_state>
<red-def:rpminfo_state id="oval:com.redhat.rhsa:ste:20193387003" version="638">
 <red-def:evr datatype="evr_string" operation="less than">0:20190611-1.el8</red-def:evr>
</red-def:rpminfo_state>
<red-def:rpminfo_state id="oval:com.redhat.rhsa:ste:20193387004" version="638">
 <red-def:arch datatype="string" operation="pattern match">aarch64|i686|ppc64le|s390x|x86_64</red-def:arch>
 <red-def:evr datatype="evr_string" operation="less than">0:1.5.0-3.el8</red-def:evr>
</red-def:rpminfo_state>
<red-def:rpminfo_state id="oval:com.redhat.rhsa:ste:20193387005" version="638">
 <red-def:arch datatype="string" operation="equals">x86_64</red-def:arch>
 <red-def:evr datatype="evr_string" operation="less than">0:3.28.5-7.el8</red-def:evr>
</red-def:rpminfo_state>
<red-def:rpminfo_state id="oval:com.redhat.rhsa:ste:20193390001" version="638">
 <red-def:arch datatype="string" operation="pattern match">aarch64|i686|ppc64le|s390x|x86_64</red-def:arch>
 <red-def:evr datatype="evr_string" operation="less than">0:5.11.1-7.el8</red-def:evr>
</red-def:rpminfo_state>
<red-def:rpminfo_state id="oval:com.redhat.rhsa:ste:20193390003" version="638">
 <red-def:evr datatype="evr_string" operation="less than">0:5.11.1-7.el8</red-def:evr>
</red-def:rpminfo_state>
<red-def:rpminfo_state id="oval:com.redhat.rhsa:ste:20193390004" version="638">
 <red-def:arch datatype="string" operation="pattern match">aarch64|ppc64le|s390x|x86_64</red-def:arch>
 <red-def:evr datatype="evr_string" operation="less than">0:5.11.1-9.el8</red-def:evr>
</red-def:rpminfo_state>
<red-def:rpminfo_state id="oval:com.redhat.rhsa:ste:20193390005" version="638">
 <red-def:evr datatype="evr_string" operation="less than">0:5.11.1-9.el8</red-def:evr>
</red-def:rpminfo_state>
<red-def:rpminfo_state id="oval:com.redhat.rhsa:ste:20193390006" version="638">
 <red-def:arch datatype="string" operation="pattern match">aarch64|i686|ppc64le|s390x|x86_64</red-def:arch>
 <red-def:evr datatype="evr_string" operation="less than">0:5.11.1-9.el8</red-def:evr>
</red-def:rpminfo_state>
<red-def:rpminfo_state id="oval:com.redhat.rhsa:ste:20193391001" version="637">
 <red-def:arch datatype="string" operation="pattern match">aarch64|ppc64le|s390x|x86_64</red-def:arch>
 <red-def:evr datatype="evr_string" operation="less than">0:3.29-6.el8</red-def:evr>
</red-def:rpminfo_state>
<red-def:rpminfo_state id="oval:com.redhat.rhsa:ste:20193401001" version="640">
 <red-def:arch datatype="string" operation="pattern match">aarch64|ppc64le|s390x|x86_64</red-def:arch>
 <red-def:evr datatype="evr_string" operation="less than">0:1.4.1.3-7.module+el8.1.0+4150+5b8c2c1f</red-def:evr>
</red-def:rpminfo_state>
<red-def:rpminfo_state id="oval:com.redhat.rhsa:ste:20193401003" version="640">
 <red-def:evr datatype="evr_string" operation="less than">0:1.4.1.3-7.module+el8.1.0+4150+5b8c2c1f</red-def:evr>
</red-def:rpminfo_state>
<ind-def:textfilecontent54_state id="oval:com.redhat.rhsa:ste:20193401004" version="640">
 <ind-def:text operation="pattern match">\nstream\s*=\s*1\.4\b[\w\W]*\nstate\s*=\s*(enabled|1|true)|\nstate\s*=\s*(enabled|1|true)[\w\W]*\nstream\s*=\s*1\.4\b</ind-def:text>
</ind-def:textfilecontent54_state>
<red-def:rpminfo_state id="oval:com.redhat.rhsa:ste:20193403001" version="639">
 <red-def:arch datatype="string" operation="pattern match">aarch64|ppc64le|s390x|x86_64</red-def:arch>
 <red-def:evr datatype="evr_string" operation="less than">0:1.9.0-5.module+el8.1.0+4240+893c1ab8</red-def:evr>
</red-def:rpminfo_state>
<red-def:rpminfo_state id="oval:com.redhat.rhsa:ste:20193403003" version="639">
 <red-def:evr datatype="evr_string" operation="less than">0:4-1.module+el8.1.0+4081+b29780af</red-def:evr>
</red-def:rpminfo_state>
<red-def:rpminfo_state id="oval:com.redhat.rhsa:ste:20193403004" version="639">
 <red-def:evr datatype="evr_string" operation="less than">2:2.107-2.module+el8.1.0+4081+b29780af</red-def:evr>
</red-def:rpminfo_state>
<red-def:rpminfo_state id="oval:com.redhat.rhsa:ste:20193403005" version="639">
 <red-def:arch datatype="string" operation="pattern match">aarch64|ppc64le|s390x|x86_64</red-def:arch>
 <red-def:evr datatype="evr_string" operation="less than">0:0.8.1-2.module+el8.1.0+4081+b29780af</red-def:evr>
</red-def:rpminfo_state>
<red-def:rpminfo_state id="oval:com.redhat.rhsa:ste:20193403006" version="639">
 <red-def:arch datatype="string" operation="pattern match">aarch64|ppc64le|s390x|x86_64</red-def:arch>
 <red-def:evr datatype="evr_string" operation="less than">1:0.1.37-5.module+el8.1.0+4240+893c1ab8</red-def:evr>
</red-def:rpminfo_state>
<red-def:rpminfo_state id="oval:com.redhat.rhsa:ste:20193403007" version="639">
 <red-def:arch datatype="string" operation="pattern match">aarch64|ppc64le|s390x|x86_64</red-def:arch>
 <red-def:evr datatype="evr_string" operation="less than">0:0.4.1-1.module+el8.1.0+4081+b29780af</red-def:evr>
</red-def:rpminfo_state>
<red-def:rpminfo_state id="oval:com.redhat.rhsa:ste:20193403008" version="639">
 <red-def:arch datatype="string" operation="pattern match">aarch64|ppc64le|s390x|x86_64</red-def:arch>
 <red-def:evr datatype="evr_string" operation="less than">1:0.1.15-2.git2d0b8a3.module+el8.1.0+4081+b29780af</red-def:evr>
</red-def:rpminfo_state>
<red-def:rpminfo_state id="oval:com.redhat.rhsa:ste:20193403009" version="639">
 <red-def:arch datatype="string" operation="pattern match">aarch64|ppc64le|s390x|x86_64</red-def:arch>
 <red-def:evr datatype="evr_string" operation="less than">2:2.3.4-2.git87f9237.module+el8.1.0+4081+b29780af</red-def:evr>
</red-def:rpminfo_state>
<red-def:rpminfo_state id="oval:com.redhat.rhsa:ste:20193403010" version="639">
 <red-def:arch datatype="string" operation="pattern match">aarch64|ppc64le|s390x|x86_64</red-def:arch>
 <red-def:evr datatype="evr_string" operation="less than">0:1.4.2-5.module+el8.1.0+4240+893c1ab8</red-def:evr>
</red-def:rpminfo_state>
<red-def:rpminfo_state id="oval:com.redhat.rhsa:ste:20193403011" version="639">
 <red-def:evr datatype="evr_string" operation="less than">0:1.4.2-5.module+el8.1.0+4240+893c1ab8</red-def:evr>
</red-def:rpminfo_state>
<red-def:rpminfo_state id="oval:com.redhat.rhsa:ste:20193403012" version="639">
 <red-def:evr datatype="evr_string" operation="less than">0:1.2.0-0.1.gitd0a45fe.module+el8.1.0+4081+b29780af</red-def:evr>
</red-def:rpminfo_state>
<red-def:rpminfo_state id="oval:com.redhat.rhsa:ste:20193403013" version="639">
 <red-def:arch datatype="string" operation="pattern match">aarch64|ppc64le|s390x|x86_64</red-def:arch>
 <red-def:evr datatype="evr_string" operation="less than">0:1.0.0-60.rc8.module+el8.1.0+4081+b29780af</red-def:evr>
</red-def:rpminfo_state>
<red-def:rpminfo_state id="oval:com.redhat.rhsa:ste:20193403014" version="639">
 <red-def:arch datatype="string" operation="pattern match">aarch64|ppc64le|s390x|x86_64</red-def:arch>
 <red-def:evr datatype="evr_string" operation="less than">0:0.3.0-4.module+el8.1.0+4306+1d917805</red-def:evr>
</red-def:rpminfo_state>
<red-def:rpminfo_state id="oval:com.redhat.rhsa:ste:20193403015" version="639">
 <red-def:arch datatype="string" operation="pattern match">aarch64|ppc64le|s390x|x86_64</red-def:arch>
 <red-def:evr datatype="evr_string" operation="less than">0:0.0.4-1.module+el8.1.0+4081+b29780af</red-def:evr>
</red-def:rpminfo_state>
<red-def:rpminfo_state id="oval:com.redhat.rhsa:ste:20193419001" version="636">
 <red-def:arch datatype="string" operation="pattern match">aarch64|i686|ppc64le|s390x|x86_64</red-def:arch>
 <red-def:evr datatype="evr_string" operation="less than">0:4.0.9-15.el8</red-def:evr>
</red-def:rpminfo_state>
<red-def:rpminfo_state id="oval:com.redhat.rhsa:ste:20193419003" version="636">
 <red-def:arch datatype="string" operation="pattern match">aarch64|ppc64le|s390x|x86_64</red-def:arch>
 <red-def:evr datatype="evr_string" operation="less than">0:4.0.9-15.el8</red-def:evr>
</red-def:rpminfo_state>
<red-def:rpminfo_state id="oval:com.redhat.rhsa:ste:20193421001" version="638">
 <red-def:arch datatype="string" operation="pattern match">aarch64|ppc64le|s390x|x86_64</red-def:arch>
 <red-def:evr datatype="evr_string" operation="less than">0:0.14.0-9.el8</red-def:evr>
</red-def:rpminfo_state>
<red-def:rpminfo_state id="oval:com.redhat.rhsa:ste:20193433001" version="638">
 <red-def:arch datatype="string" operation="pattern match">aarch64|ppc64le|s390x|x86_64</red-def:arch>
 <red-def:evr datatype="evr_string" operation="less than">0:1.12.8-1.module+el8.1.0+4089+be929cf8</red-def:evr>
</red-def:rpminfo_state>
<red-def:rpminfo_state id="oval:com.redhat.rhsa:ste:20193433003" version="638">
 <red-def:arch datatype="string" operation="pattern match">aarch64|ppc64le|s390x|x86_64</red-def:arch>
 <red-def:evr datatype="evr_string" operation="less than">0:1.12.8-2.module+el8.1.0+4089+be929cf8</red-def:evr>
</red-def:rpminfo_state>
<red-def:rpminfo_state id="oval:com.redhat.rhsa:ste:20193433004" version="638">
 <red-def:evr datatype="evr_string" operation="less than">0:1.12.8-2.module+el8.1.0+4089+be929cf8</red-def:evr>
</red-def:rpminfo_state>
<red-def:rpminfo_state id="oval:com.redhat.rhsa:ste:20193433005" version="638">
 <red-def:arch datatype="string" operation="equals">x86_64</red-def:arch>
 <red-def:evr datatype="evr_string" operation="less than">0:1.12.8-2.module+el8.1.0+4089+be929cf8</red-def:evr>
</red-def:rpminfo_state>
<red-def:rpminfo_state id="oval:com.redhat.rhsa:ste:20193436001" version="637">
 <red-def:arch datatype="string" operation="pattern match">aarch64|ppc64le|s390x|x86_64</red-def:arch>
 <red-def:evr datatype="evr_string" operation="less than">0:2.4.37-16.module+el8.1.0+4134+e6bad0ed</red-def:evr>
</red-def:rpminfo_state>
<red-def:rpminfo_state id="oval:com.redhat.rhsa:ste:20193436003" version="637">
 <red-def:evr datatype="evr_string" operation="less than">0:2.4.37-16.module+el8.1.0+4134+e6bad0ed</red-def:evr>
</red-def:rpminfo_state>
<red-def:rpminfo_state id="oval:com.redhat.rhsa:ste:20193436004" version="637">
 <red-def:arch datatype="string" operation="pattern match">aarch64|ppc64le|s390x|x86_64</red-def:arch>
 <red-def:evr datatype="evr_string" operation="less than">0:1.11.3-3.module+el8.1.0+4134+e6bad0ed</red-def:evr>
</red-def:rpminfo_state>
<red-def:rpminfo_state id="oval:com.redhat.rhsa:ste:20193436005" version="637">
 <red-def:arch datatype="string" operation="pattern match">aarch64|ppc64le|s390x|x86_64</red-def:arch>
 <red-def:evr datatype="evr_string" operation="less than">1:2.4.37-16.module+el8.1.0+4134+e6bad0ed</red-def:evr>
</red-def:rpminfo_state>
<red-def:rpminfo_state id="oval:com.redhat.rhsa:ste:20193464001" version="638">
 <red-def:evr datatype="evr_string" operation="less than">0:2.2.1-2.el8</red-def:evr>
</red-def:rpminfo_state>
<red-def:rpminfo_state id="oval:com.redhat.rhsa:ste:20193467001" version="637">
 <red-def:arch datatype="string" operation="pattern match">aarch64|i686|ppc64le|s390x|x86_64</red-def:arch>
 <red-def:evr datatype="evr_string" operation="less than">1:2.2.36-10.el8</red-def:evr>
</red-def:rpminfo_state>
<red-def:rpminfo_state id="oval:com.redhat.rhsa:ste:20193467003" version="637">
 <red-def:arch datatype="string" operation="pattern match">aarch64|ppc64le|s390x|x86_64</red-def:arch>
 <red-def:evr datatype="evr_string" operation="less than">1:2.2.36-10.el8</red-def:evr>
</red-def:rpminfo_state>
<red-def:rpminfo_state id="oval:com.redhat.rhsa:ste:20193476001" version="638">
 <red-def:arch datatype="string" operation="pattern match">aarch64|ppc64le|s390x|x86_64</red-def:arch>
 <red-def:evr datatype="evr_string" operation="less than">0:1.0.1-2.module+el8.1.0+4044+36416a77</red-def:evr>
</red-def:rpminfo_state>
<red-def:rpminfo_state id="oval:com.redhat.rhsa:ste:20193476003" version="638">
 <red-def:arch datatype="string" operation="pattern match">aarch64|ppc64le|s390x|x86_64</red-def:arch>
 <red-def:evr datatype="evr_string" operation="less than">7:4.4-8.module+el8.1.0+4044+36416a77</red-def:evr>
</red-def:rpminfo_state>
<red-def:rpminfo_state id="oval:com.redhat.rhsa:ste:20193494001" version="639">
 <red-def:arch datatype="string" operation="pattern match">aarch64|ppc64le|s390x|x86_64</red-def:arch>
 <red-def:evr datatype="evr_string" operation="less than">0:1.5-5.gite94b4f9.module+el8.1.0+4241+a7060183</red-def:evr>
</red-def:rpminfo_state>
<red-def:rpminfo_state id="oval:com.redhat.rhsa:ste:20193494003" version="639">
 <red-def:evr datatype="evr_string" operation="less than">2:2.94-1.git1e99f1d.module+el8.1.0+3468+011f0ab0</red-def:evr>
</red-def:rpminfo_state>
<red-def:rpminfo_state id="oval:com.redhat.rhsa:ste:20193494004" version="639">
 <red-def:arch datatype="string" operation="pattern match">aarch64|ppc64le|s390x|x86_64</red-def:arch>
 <red-def:evr datatype="evr_string" operation="less than">0:0.7.4-3.git9ebe139.module+el8.1.0+3468+011f0ab0</red-def:evr>
</red-def:rpminfo_state>
<red-def:rpminfo_state id="oval:com.redhat.rhsa:ste:20193494005" version="639">
 <red-def:arch datatype="string" operation="pattern match">aarch64|ppc64le|s390x|x86_64</red-def:arch>
 <red-def:evr datatype="evr_string" operation="less than">1:0.1.32-5.git1715c90.module+el8.1.0+4241+a7060183</red-def:evr>
</red-def:rpminfo_state>
<red-def:rpminfo_state id="oval:com.redhat.rhsa:ste:20193494006" version="639">
 <red-def:arch datatype="string" operation="pattern match">aarch64|ppc64le|s390x|x86_64</red-def:arch>
 <red-def:evr datatype="evr_string" operation="less than">0:0.3-5.module+el8.1.0+3468+011f0ab0</red-def:evr>
</red-def:rpminfo_state>
<red-def:rpminfo_state id="oval:com.redhat.rhsa:ste:20193494007" version="639">
 <red-def:arch datatype="string" operation="pattern match">aarch64|ppc64le|s390x|x86_64</red-def:arch>
 <red-def:evr datatype="evr_string" operation="less than">1:0.1.15-2.git2d0b8a3.module+el8.1.0+3468+011f0ab0</red-def:evr>
</red-def:rpminfo_state>
<red-def:rpminfo_state id="oval:com.redhat.rhsa:ste:20193494008" version="639">
 <red-def:arch datatype="string" operation="pattern match">aarch64|ppc64le|s390x|x86_64</red-def:arch>
 <red-def:evr datatype="evr_string" operation="less than">2:2.3.4-2.git87f9237.module+el8.1.0+3468+011f0ab0</red-def:evr>
</red-def:rpminfo_state>
<red-def:rpminfo_state id="oval:com.redhat.rhsa:ste:20193494009" version="639">
 <red-def:arch datatype="string" operation="pattern match">aarch64|ppc64le|s390x|x86_64</red-def:arch>
 <red-def:evr datatype="evr_string" operation="less than">0:1.0.0-3.git921f98f.module+el8.1.0+4241+a7060183</red-def:evr>
</red-def:rpminfo_state>
<red-def:rpminfo_state id="oval:com.redhat.rhsa:ste:20193494010" version="639">
 <red-def:evr datatype="evr_string" operation="less than">0:1.0.0-3.git921f98f.module+el8.1.0+4241+a7060183</red-def:evr>
</red-def:rpminfo_state>
<red-def:rpminfo_state id="oval:com.redhat.rhsa:ste:20193494011" version="639">
 <red-def:arch datatype="string" operation="pattern match">aarch64|ppc64le|s390x|x86_64</red-def:arch>
 <red-def:evr datatype="evr_string" operation="less than">0:1.0.0-55.rc5.dev.git2abd837.module+el8.1.0+3468+011f0ab0</red-def:evr>
</red-def:rpminfo_state>
<red-def:rpminfo_state id="oval:com.redhat.rhsa:ste:20193494012" version="639">
 <red-def:arch datatype="string" operation="pattern match">aarch64|ppc64le|s390x|x86_64</red-def:arch>
 <red-def:evr datatype="evr_string" operation="less than">0:0.1-3.dev.gitc4e1bc5.module+el8.1.0+4308+9d868e48</red-def:evr>
</red-def:rpminfo_state>
<ind-def:textfilecontent54_state id="oval:com.redhat.rhsa:ste:20193494013" version="639">
 <ind-def:text operation="pattern match">\nstream\s*=\s*1\.0\b[\w\W]*\nstate\s*=\s*(enabled|1|true)|\nstate\s*=\s*(enabled|1|true)[\w\W]*\nstream\s*=\s*1\.0\b</ind-def:text>
</ind-def:textfilecontent54_state>
<red-def:rpminfo_state id="oval:com.redhat.rhsa:ste:20193497001" version="636">
 <red-def:arch datatype="string" operation="pattern match">aarch64|i686|ppc64le|s390x|x86_64</red-def:arch>
 <red-def:evr datatype="evr_string" operation="less than">0:2.8.0-5.el8</red-def:evr>
</red-def:rpminfo_state>
<red-def:rpminfo_state id="oval:com.redhat.rhsa:ste:20193513001" version="636">
 <red-def:arch datatype="string" operation="pattern match">aarch64|ppc64le|s390x|x86_64</red-def:arch>
 <red-def:evr datatype="evr_string" operation="less than">0:2.28-72.el8</red-def:evr>
</red-def:rpminfo_state>
<red-def:rpminfo_state id="oval:com.redhat.rhsa:ste:20193513003" version="636">
 <red-def:arch datatype="string" operation="pattern match">aarch64|i686|ppc64le|s390x|x86_64</red-def:arch>
 <red-def:evr datatype="evr_string" operation="less than">0:2.28-72.el8</red-def:evr>
</red-def:rpminfo_state>
<red-def:rpminfo_state id="oval:com.redhat.rhsa:ste:20193517001" version="639">
 <red-def:arch datatype="string" operation="pattern match">aarch64|ppc64le|s390x|x86_64</red-def:arch>
 <red-def:evr datatype="evr_string" operation="less than">0:4.18.0-147.el8</red-def:evr>
</red-def:rpminfo_state>
<red-def:rpminfo_state id="oval:com.redhat.rhsa:ste:20193517003" version="639">
 <red-def:evr datatype="evr_string" operation="less than">0:4.18.0-147.el8</red-def:evr>
</red-def:rpminfo_state>
<red-def:rpminfo_state id="oval:com.redhat.rhsa:ste:20193517004" version="639">
 <red-def:arch datatype="string" operation="pattern match">aarch64|ppc64le|x86_64</red-def:arch>
 <red-def:evr datatype="evr_string" operation="less than">0:4.18.0-147.el8</red-def:evr>
</red-def:rpminfo_state>
<red-def:rpminfo_state id="oval:com.redhat.rhsa:ste:20193517005" version="639">
 <red-def:arch datatype="string" operation="equals">s390x</red-def:arch>
 <red-def:evr datatype="evr_string" operation="less than">0:4.18.0-147.el8</red-def:evr>
</red-def:rpminfo_state>
<red-def:rpminfo_state id="oval:com.redhat.rhsa:ste:20193520001" version="637">
 <red-def:arch datatype="string" operation="pattern match">aarch64|i686|ppc64le|s390x|x86_64</red-def:arch>
 <red-def:evr datatype="evr_string" operation="less than">0:3.6.8-15.1.el8</red-def:evr>
</red-def:rpminfo_state>
<red-def:rpminfo_state id="oval:com.redhat.rhsa:ste:20193525001" version="636">
 <red-def:arch datatype="string" operation="pattern match">aarch64|ppc64le|s390x|x86_64</red-def:arch>
 <red-def:evr datatype="evr_string" operation="less than">12:4.3.6-34.el8</red-def:evr>
</red-def:rpminfo_state>
<red-def:rpminfo_state id="oval:com.redhat.rhsa:ste:20193525003" version="636">
 <red-def:evr datatype="evr_string" operation="less than">12:4.3.6-34.el8</red-def:evr>
</red-def:rpminfo_state>
<red-def:rpminfo_state id="oval:com.redhat.rhsa:ste:20193525004" version="636">
 <red-def:arch datatype="string" operation="pattern match">aarch64|i686|ppc64le|s390x|x86_64</red-def:arch>
 <red-def:evr datatype="evr_string" operation="less than">12:4.3.6-34.el8</red-def:evr>
</red-def:rpminfo_state>
<red-def:rpminfo_state id="oval:com.redhat.rhsa:ste:20193530001" version="638">
 <red-def:arch datatype="string" operation="pattern match">aarch64|i686|ppc64le|s390x|x86_64</red-def:arch>
 <red-def:evr datatype="evr_string" operation="less than">0:2.56.4-7.el8</red-def:evr>
</red-def:rpminfo_state>
<red-def:rpminfo_state id="oval:com.redhat.rhsa:ste:20193530003" version="638">
 <red-def:evr datatype="evr_string" operation="less than">0:2.56.4-7.el8</red-def:evr>
</red-def:rpminfo_state>
<red-def:rpminfo_state id="oval:com.redhat.rhsa:ste:20193530004" version="638">
 <red-def:arch datatype="string" operation="pattern match">aarch64|ppc64le|s390x|x86_64</red-def:arch>
 <red-def:evr datatype="evr_string" operation="less than">0:2.56.4-7.el8</red-def:evr>
</red-def:rpminfo_state>
<red-def:rpminfo_state id="oval:com.redhat.rhsa:ste:20193552001" version="636">
 <red-def:arch datatype="string" operation="pattern match">aarch64|ppc64le|s390x|x86_64</red-def:arch>
 <red-def:evr datatype="evr_string" operation="less than">32:9.11.4-26.P2.el8</red-def:evr>
</red-def:rpminfo_state>
<red-def:rpminfo_state id="oval:com.redhat.rhsa:ste:20193552003" version="636">
 <red-def:arch datatype="string" operation="pattern match">aarch64|i686|ppc64le|s390x|x86_64</red-def:arch>
 <red-def:evr datatype="evr_string" operation="less than">32:9.11.4-26.P2.el8</red-def:evr>
</red-def:rpminfo_state>
<red-def:rpminfo_state id="oval:com.redhat.rhsa:ste:20193552004" version="636">
 <red-def:evr datatype="evr_string" operation="less than">32:9.11.4-26.P2.el8</red-def:evr>
</red-def:rpminfo_state>
<red-def:rpminfo_state id="oval:com.redhat.rhsa:ste:20193553001" version="640">
 <red-def:evr datatype="evr_string" operation="less than">0:1.17-1.el8</red-def:evr>
</red-def:rpminfo_state>
<red-def:rpminfo_state id="oval:com.redhat.rhsa:ste:20193553003" version="640">
 <red-def:arch datatype="string" operation="pattern match">aarch64|i686|ppc64le|s390x|x86_64</red-def:arch>
 <red-def:evr datatype="evr_string" operation="less than">0:1.2.15-35.el8</red-def:evr>
</red-def:rpminfo_state>
<red-def:rpminfo_state id="oval:com.redhat.rhsa:ste:20193553004" version="640">
 <red-def:arch datatype="string" operation="pattern match">ppc64le|x86_64</red-def:arch>
 <red-def:evr datatype="evr_string" operation="less than">0:0.1.6-5.el8</red-def:evr>
</red-def:rpminfo_state>
<red-def:rpminfo_state id="oval:com.redhat.rhsa:ste:20193553005" version="640">
 <red-def:arch datatype="string" operation="pattern match">ppc64le|x86_64</red-def:arch>
 <red-def:evr datatype="evr_string" operation="less than">0:3.28.1-2.el8</red-def:evr>
</red-def:rpminfo_state>
<red-def:rpminfo_state id="oval:com.redhat.rhsa:ste:20193553006" version="640">
 <red-def:arch datatype="string" operation="pattern match">aarch64|i686|ppc64le|s390x|x86_64</red-def:arch>
 <red-def:evr datatype="evr_string" operation="less than">0:2.13.0-5.el8</red-def:evr>
</red-def:rpminfo_state>
<red-def:rpminfo_state id="oval:com.redhat.rhsa:ste:20193553007" version="640">
 <red-def:arch datatype="string" operation="pattern match">ppc64le|x86_64</red-def:arch>
 <red-def:evr datatype="evr_string" operation="less than">0:2.13.0-5.el8</red-def:evr>
</red-def:rpminfo_state>
<red-def:rpminfo_state id="oval:com.redhat.rhsa:ste:20193553008" version="640">
 <red-def:arch datatype="string" operation="pattern match">i686|ppc64le|x86_64</red-def:arch>
 <red-def:evr datatype="evr_string" operation="less than">0:2.13.0-5.el8</red-def:evr>
</red-def:rpminfo_state>
<red-def:rpminfo_state id="oval:com.redhat.rhsa:ste:20193553009" version="640">
 <red-def:arch datatype="string" operation="pattern match">i686|ppc64le|x86_64</red-def:arch>
 <red-def:evr datatype="evr_string" operation="less than">0:3.32.2-1.el8</red-def:evr>
</red-def:rpminfo_state>
<red-def:rpminfo_state id="oval:com.redhat.rhsa:ste:20193553010" version="640">
 <red-def:arch datatype="string" operation="pattern match">ppc64le|x86_64</red-def:arch>
 <red-def:evr datatype="evr_string" operation="less than">0:3.28.4-3.el8</red-def:evr>
</red-def:rpminfo_state>
<red-def:rpminfo_state id="oval:com.redhat.rhsa:ste:20193553011" version="640">
 <red-def:arch datatype="string" operation="pattern match">aarch64|i686|ppc64le|s390x|x86_64</red-def:arch>
 <red-def:evr datatype="evr_string" operation="less than">0:3.28.4-3.el8</red-def:evr>
</red-def:rpminfo_state>
<red-def:rpminfo_state id="oval:com.redhat.rhsa:ste:20193553012" version="640">
 <red-def:arch datatype="string" operation="pattern match">ppc64le|x86_64</red-def:arch>
 <red-def:evr datatype="evr_string" operation="less than">0:0.6.50-7.el8</red-def:evr>
</red-def:rpminfo_state>
<red-def:rpminfo_state id="oval:com.redhat.rhsa:ste:20193553013" version="640">
 <red-def:arch datatype="string" operation="pattern match">i686|ppc64le|x86_64</red-def:arch>
 <red-def:evr datatype="evr_string" operation="less than">0:0.6.50-7.el8</red-def:evr>
</red-def:rpminfo_state>
<red-def:rpminfo_state id="oval:com.redhat.rhsa:ste:20193553014" version="640">
 <red-def:evr datatype="evr_string" operation="less than">0:3.28.1-6.el8</red-def:evr>
</red-def:rpminfo_state>
<red-def:rpminfo_state id="oval:com.redhat.rhsa:ste:20193553015" version="640">
 <red-def:arch datatype="string" operation="pattern match">i686|ppc64le|x86_64</red-def:arch>
 <red-def:evr datatype="evr_string" operation="less than">0:3.28.1-10.el8</red-def:evr>
</red-def:rpminfo_state>
<red-def:rpminfo_state id="oval:com.redhat.rhsa:ste:20193553016" version="640">
 <red-def:arch datatype="string" operation="pattern match">aarch64|ppc64le|s390x|x86_64</red-def:arch>
 <red-def:evr datatype="evr_string" operation="less than">0:3.28.0-2.el8</red-def:evr>
</red-def:rpminfo_state>
<red-def:rpminfo_state id="oval:com.redhat.rhsa:ste:20193553017" version="640">
 <red-def:arch datatype="string" operation="pattern match">ppc64le|x86_64</red-def:arch>
 <red-def:evr datatype="evr_string" operation="less than">0:3.32.0-4.el8</red-def:evr>
</red-def:rpminfo_state>
<red-def:rpminfo_state id="oval:com.redhat.rhsa:ste:20193553018" version="640">
 <red-def:arch datatype="string" operation="pattern match">aarch64|i686|ppc64le|s390x|x86_64</red-def:arch>
 <red-def:evr datatype="evr_string" operation="less than">0:2.24.3-1.el8</red-def:evr>
</red-def:rpminfo_state>
<red-def:rpminfo_state id="oval:com.redhat.rhsa:ste:20193553019" version="640">
 <red-def:arch datatype="string" operation="pattern match">i686|ppc64le|x86_64</red-def:arch>
 <red-def:evr datatype="evr_string" operation="less than">0:2.24.3-1.el8</red-def:evr>
</red-def:rpminfo_state>
<red-def:rpminfo_state id="oval:com.redhat.rhsa:ste:20193553020" version="640">
 <red-def:arch datatype="string" operation="pattern match">ppc64le|x86_64</red-def:arch>
 <red-def:evr datatype="evr_string" operation="less than">0:3.30.6-2.el8</red-def:evr>
</red-def:rpminfo_state>
<red-def:rpminfo_state id="oval:com.redhat.rhsa:ste:20193553021" version="640">
 <red-def:arch datatype="string" operation="pattern match">ppc64le|x86_64</red-def:arch>
 <red-def:evr datatype="evr_string" operation="less than">0:10.1-6.el8</red-def:evr>
</red-def:rpminfo_state>
<red-def:rpminfo_state id="oval:com.redhat.rhsa:ste:20193553022" version="640">
 <red-def:arch datatype="string" operation="pattern match">aarch64|i686|ppc64le|s390x|x86_64</red-def:arch>
 <red-def:evr datatype="evr_string" operation="less than">0:3.32.0-3.el8</red-def:evr>
</red-def:rpminfo_state>
<red-def:rpminfo_state id="oval:com.redhat.rhsa:ste:20193553023" version="640">
 <red-def:arch datatype="string" operation="pattern match">i686|ppc64le|x86_64</red-def:arch>
 <red-def:evr datatype="evr_string" operation="less than">0:3.32.0-3.el8</red-def:evr>
</red-def:rpminfo_state>
<red-def:rpminfo_state id="oval:com.redhat.rhsa:ste:20193553024" version="640">
 <red-def:evr datatype="evr_string" operation="less than">0:3.32.1-10.el8</red-def:evr>
</red-def:rpminfo_state>
<red-def:rpminfo_state id="oval:com.redhat.rhsa:ste:20193553025" version="640">
 <red-def:arch datatype="string" operation="pattern match">i686|ppc64le|x86_64</red-def:arch>
 <red-def:evr datatype="evr_string" operation="less than">1:3.28.3-22.el8</red-def:evr>
</red-def:rpminfo_state>
<red-def:rpminfo_state id="oval:com.redhat.rhsa:ste:20193553026" version="640">
 <red-def:arch datatype="string" operation="pattern match">ppc64le|x86_64</red-def:arch>
 <red-def:evr datatype="evr_string" operation="less than">0:3.28.2-5.el8</red-def:evr>
</red-def:rpminfo_state>
<red-def:rpminfo_state id="oval:com.redhat.rhsa:ste:20193553027" version="640">
 <red-def:evr datatype="evr_string" operation="less than">0:3.28.2-5.el8</red-def:evr>
</red-def:rpminfo_state>
<red-def:rpminfo_state id="oval:com.redhat.rhsa:ste:20193553028" version="640">
 <red-def:evr datatype="evr_string" operation="less than">0:8-20190805.el8</red-def:evr>
</red-def:rpminfo_state>
<red-def:rpminfo_state id="oval:com.redhat.rhsa:ste:20193553029" version="640">
 <red-def:arch datatype="string" operation="pattern match">aarch64|i686|ppc64le|s390x|x86_64</red-def:arch>
 <red-def:evr datatype="evr_string" operation="less than">0:1.36.2-6.el8</red-def:evr>
</red-def:rpminfo_state>
<red-def:rpminfo_state id="oval:com.redhat.rhsa:ste:20193553030" version="640">
 <red-def:arch datatype="string" operation="pattern match">ppc64le|x86_64</red-def:arch>
 <red-def:evr datatype="evr_string" operation="less than">0:1.36.2-6.el8</red-def:evr>
</red-def:rpminfo_state>
<red-def:rpminfo_state id="oval:com.redhat.rhsa:ste:20193553031" version="640">
 <red-def:arch datatype="string" operation="pattern match">aarch64|ppc64le|s390x|x86_64</red-def:arch>
 <red-def:evr datatype="evr_string" operation="less than">0:1.36.2-6.el8</red-def:evr>
</red-def:rpminfo_state>
<red-def:rpminfo_state id="oval:com.redhat.rhsa:ste:20193553032" version="640">
 <red-def:arch datatype="string" operation="pattern match">ppc64le|x86_64</red-def:arch>
 <red-def:evr datatype="evr_string" operation="less than">0:3.32.2-9.el8</red-def:evr>
</red-def:rpminfo_state>
<red-def:rpminfo_state id="oval:com.redhat.rhsa:ste:20193553033" version="640">
 <red-def:arch datatype="string" operation="pattern match">aarch64|ppc64le|s390x|x86_64</red-def:arch>
 <red-def:evr datatype="evr_string" operation="less than">0:3.22.30-4.el8</red-def:evr>
</red-def:rpminfo_state>
<red-def:rpminfo_state id="oval:com.redhat.rhsa:ste:20193553034" version="640">
 <red-def:arch datatype="string" operation="pattern match">aarch64|i686|ppc64le|s390x|x86_64</red-def:arch>
 <red-def:evr datatype="evr_string" operation="less than">0:3.22.30-4.el8</red-def:evr>
</red-def:rpminfo_state>
<red-def:rpminfo_state id="oval:com.redhat.rhsa:ste:20193553035" version="640">
 <red-def:arch datatype="string" operation="pattern match">i686|ppc64le|x86_64</red-def:arch>
 <red-def:evr datatype="evr_string" operation="less than">0:3.32.2-10.el8</red-def:evr>
</red-def:rpminfo_state>
<red-def:rpminfo_state id="oval:com.redhat.rhsa:ste:20193553036" version="640">
 <red-def:arch datatype="string" operation="pattern match">aarch64|i686|ppc64le|s390x|x86_64</red-def:arch>
 <red-def:evr datatype="evr_string" operation="less than">0:1.42.4-6.el8</red-def:evr>
</red-def:rpminfo_state>
<red-def:rpminfo_state id="oval:com.redhat.rhsa:ste:20193553037" version="640">
 <red-def:arch datatype="string" operation="pattern match">aarch64|i686|ppc64le|s390x|x86_64</red-def:arch>
 <red-def:evr datatype="evr_string" operation="less than">0:2.36.12-5.el8</red-def:evr>
</red-def:rpminfo_state>
<red-def:rpminfo_state id="oval:com.redhat.rhsa:ste:20193553038" version="640">
 <red-def:arch datatype="string" operation="pattern match">aarch64|i686|ppc64le|s390x|x86_64</red-def:arch>
 <red-def:evr datatype="evr_string" operation="less than">0:60.9.0-3.el8</red-def:evr>
</red-def:rpminfo_state>
<red-def:rpminfo_state id="oval:com.redhat.rhsa:ste:20193553039" version="640">
 <red-def:arch datatype="string" operation="pattern match">aarch64|i686|ppc64le|s390x|x86_64</red-def:arch>
 <red-def:evr datatype="evr_string" operation="less than">0:1.56.2-3.el8</red-def:evr>
</red-def:rpminfo_state>
<red-def:rpminfo_state id="oval:com.redhat.rhsa:ste:20193553040" version="640">
 <red-def:arch datatype="string" operation="pattern match">aarch64|ppc64le|s390x|x86_64</red-def:arch>
 <red-def:evr datatype="evr_string" operation="less than">0:0.9.3-15.el8</red-def:evr>
</red-def:rpminfo_state>
<red-def:rpminfo_state id="oval:com.redhat.rhsa:ste:20193553041" version="640">
 <red-def:arch datatype="string" operation="pattern match">aarch64|i686|ppc64le|s390x|x86_64</red-def:arch>
 <red-def:evr datatype="evr_string" operation="less than">0:0.9.3-15.el8</red-def:evr>
</red-def:rpminfo_state>
<red-def:rpminfo_state id="oval:com.redhat.rhsa:ste:20193575001" version="636">
 <red-def:arch datatype="string" operation="pattern match">aarch64|ppc64le|s390x|x86_64</red-def:arch>
 <red-def:evr datatype="evr_string" operation="less than">0:0.176-5.el8</red-def:evr>
</red-def:rpminfo_state>
<red-def:rpminfo_state id="oval:com.redhat.rhsa:ste:20193575003" version="636">
 <red-def:evr datatype="evr_string" operation="less than">0:0.176-5.el8</red-def:evr>
</red-def:rpminfo_state>
<red-def:rpminfo_state id="oval:com.redhat.rhsa:ste:20193575004" version="636">
 <red-def:arch datatype="string" operation="pattern match">aarch64|i686|ppc64le|s390x|x86_64</red-def:arch>
 <red-def:evr datatype="evr_string" operation="less than">0:0.176-5.el8</red-def:evr>
</red-def:rpminfo_state>
<red-def:rpminfo_state id="oval:com.redhat.rhsa:ste:20193582001" version="637">
 <red-def:arch datatype="string" operation="pattern match">aarch64|ppc64le|s390x|x86_64</red-def:arch>
 <red-def:evr datatype="evr_string" operation="less than">0:4.10.4-1.el8</red-def:evr>
</red-def:rpminfo_state>
<red-def:rpminfo_state id="oval:com.redhat.rhsa:ste:20193582003" version="637">
 <red-def:arch datatype="string" operation="pattern match">aarch64|i686|ppc64le|s390x|x86_64</red-def:arch>
 <red-def:evr datatype="evr_string" operation="less than">0:4.10.4-1.el8</red-def:evr>
</red-def:rpminfo_state>
<red-def:rpminfo_state id="oval:com.redhat.rhsa:ste:20193582004" version="637">
 <red-def:evr datatype="evr_string" operation="less than">0:4.10.4-1.el8</red-def:evr>
</red-def:rpminfo_state>
<red-def:rpminfo_state id="oval:com.redhat.rhsa:ste:20193583001" version="642">
 <red-def:arch datatype="string" operation="pattern match">aarch64|i686|ppc64le|s390x|x86_64</red-def:arch>
 <red-def:evr datatype="evr_string" operation="less than">0:0.7.4-3.el8</red-def:evr>
</red-def:rpminfo_state>
<red-def:rpminfo_state id="oval:com.redhat.rhsa:ste:20193583003" version="642">
 <red-def:arch datatype="string" operation="pattern match">aarch64|i686|ppc64le|s390x|x86_64</red-def:arch>
 <red-def:evr datatype="evr_string" operation="less than">0:0.0.3-3.el8</red-def:evr>
</red-def:rpminfo_state>
<red-def:rpminfo_state id="oval:com.redhat.rhsa:ste:20193583004" version="642">
 <red-def:arch datatype="string" operation="pattern match">aarch64|i686|ppc64le|s390x|x86_64</red-def:arch>
 <red-def:evr datatype="evr_string" operation="less than">0:0.1.11-2.el8</red-def:evr>
</red-def:rpminfo_state>
<red-def:rpminfo_state id="oval:com.redhat.rhsa:ste:20193583005" version="642">
 <red-def:arch datatype="string" operation="pattern match">aarch64|ppc64le|s390x|x86_64</red-def:arch>
 <red-def:evr datatype="evr_string" operation="less than">0:0.1.11-2.el8</red-def:evr>
</red-def:rpminfo_state>
<red-def:rpminfo_state id="oval:com.redhat.rhsa:ste:20193583006" version="642">
 <red-def:arch datatype="string" operation="pattern match">aarch64|ppc64le|s390x|x86_64</red-def:arch>
 <red-def:evr datatype="evr_string" operation="less than">0:0.11.0-3.el8</red-def:evr>
</red-def:rpminfo_state>
<red-def:rpminfo_state id="oval:com.redhat.rhsa:ste:20193583007" version="642">
 <red-def:arch datatype="string" operation="pattern match">aarch64|i686|ppc64le|s390x|x86_64</red-def:arch>
 <red-def:evr datatype="evr_string" operation="less than">0:0.11.0-3.el8</red-def:evr>
</red-def:rpminfo_state>
<red-def:rpminfo_state id="oval:com.redhat.rhsa:ste:20193583008" version="642">
 <red-def:evr datatype="evr_string" operation="less than">0:4.0.8-3.el8</red-def:evr>
</red-def:rpminfo_state>
<red-def:rpminfo_state id="oval:com.redhat.rhsa:ste:20193583009" version="642">
 <red-def:arch datatype="string" operation="pattern match">aarch64|ppc64le|s390x|x86_64</red-def:arch>
 <red-def:evr datatype="evr_string" operation="less than">0:3.0.1-3.el8</red-def:evr>
</red-def:rpminfo_state>
<red-def:rpminfo_state id="oval:com.redhat.rhsa:ste:20193583010" version="642">
 <red-def:evr datatype="evr_string" operation="less than">0:4.2.7-6.el8</red-def:evr>
</red-def:rpminfo_state>
<red-def:rpminfo_state id="oval:com.redhat.rhsa:ste:20193583011" version="642">
 <red-def:arch datatype="string" operation="pattern match">aarch64|i686|ppc64le|s390x|x86_64</red-def:arch>
 <red-def:evr datatype="evr_string" operation="less than">0:1.10.3-3.el8</red-def:evr>
</red-def:rpminfo_state>
<red-def:rpminfo_state id="oval:com.redhat.rhsa:ste:20193583012" version="642">
 <red-def:arch datatype="string" operation="pattern match">aarch64|ppc64le|s390x|x86_64</red-def:arch>
 <red-def:evr datatype="evr_string" operation="less than">0:1.10.3-3.el8</red-def:evr>
</red-def:rpminfo_state>
<red-def:rpminfo_state id="oval:com.redhat.rhsa:ste:20193583013" version="642">
 <red-def:arch datatype="string" operation="pattern match">aarch64|i686|ppc64le|s390x|x86_64</red-def:arch>
 <red-def:evr datatype="evr_string" operation="less than">0:0.35.1-8.el8</red-def:evr>
</red-def:rpminfo_state>
<red-def:rpminfo_state id="oval:com.redhat.rhsa:ste:20193583014" version="642">
 <red-def:arch datatype="string" operation="pattern match">aarch64|ppc64le|s390x|x86_64</red-def:arch>
 <red-def:evr datatype="evr_string" operation="less than">0:0.35.1-8.el8</red-def:evr>
</red-def:rpminfo_state>
<red-def:rpminfo_state id="oval:com.redhat.rhsa:ste:20193590001" version="636">
 <red-def:evr datatype="evr_string" operation="less than">0:1.24.2-2.el8</red-def:evr>
</red-def:rpminfo_state>
<red-def:rpminfo_state id="oval:com.redhat.rhsa:ste:20193592001" version="636">
 <red-def:arch datatype="string" operation="pattern match">aarch64|i686|ppc64le|s390x|x86_64</red-def:arch>
 <red-def:evr datatype="evr_string" operation="less than">0:239-18.el8</red-def:evr>
</red-def:rpminfo_state>
<red-def:rpminfo_state id="oval:com.redhat.rhsa:ste:20193592003" version="636">
 <red-def:arch datatype="string" operation="pattern match">aarch64|ppc64le|s390x|x86_64</red-def:arch>
 <red-def:evr datatype="evr_string" operation="less than">0:239-18.el8</red-def:evr>
</red-def:rpminfo_state>
<red-def:rpminfo_state id="oval:com.redhat.rhsa:ste:20193600001" version="637">
 <red-def:arch datatype="string" operation="pattern match">aarch64|i686|ppc64le|s390x|x86_64</red-def:arch>
 <red-def:evr datatype="evr_string" operation="less than">0:3.6.8-8.el8</red-def:evr>
</red-def:rpminfo_state>
<red-def:rpminfo_state id="oval:com.redhat.rhsa:ste:20193600003" version="637">
 <red-def:arch datatype="string" operation="pattern match">aarch64|ppc64le|s390x|x86_64</red-def:arch>
 <red-def:evr datatype="evr_string" operation="less than">0:3.6.8-8.el8</red-def:evr>
</red-def:rpminfo_state>
<red-def:rpminfo_state id="oval:com.redhat.rhsa:ste:20193610001" version="637">
 <red-def:arch datatype="string" operation="pattern match">aarch64|i686|ppc64le|s390x|x86_64</red-def:arch>
 <red-def:evr datatype="evr_string" operation="less than">0:1.0.3-10.el8</red-def:evr>
</red-def:rpminfo_state>
<red-def:rpminfo_state id="oval:com.redhat.rhsa:ste:20193624001" version="636">
 <red-def:arch datatype="string" operation="pattern match">aarch64|i686|ppc64le|s390x|x86_64</red-def:arch>
 <red-def:evr datatype="evr_string" operation="less than">0:2.4.1-1.el8</red-def:evr>
</red-def:rpminfo_state>
<red-def:rpminfo_state id="oval:com.redhat.rhsa:ste:20193643001" version="636">
 <red-def:arch datatype="string" operation="pattern match">aarch64|ppc64le|s390x|x86_64</red-def:arch>
 <red-def:evr datatype="evr_string" operation="less than">0:0.19.8.1-17.el8</red-def:evr>
</red-def:rpminfo_state>
<red-def:rpminfo_state id="oval:com.redhat.rhsa:ste:20193643003" version="636">
 <red-def:evr datatype="evr_string" operation="less than">0:0.19.8.1-17.el8</red-def:evr>
</red-def:rpminfo_state>
<red-def:rpminfo_state id="oval:com.redhat.rhsa:ste:20193643004" version="636">
 <red-def:arch datatype="string" operation="pattern match">aarch64|i686|ppc64le|s390x|x86_64</red-def:arch>
 <red-def:evr datatype="evr_string" operation="less than">0:0.19.8.1-17.el8</red-def:evr>
</red-def:rpminfo_state>
<red-def:rpminfo_state id="oval:com.redhat.rhsa:ste:20193651001" version="636">
 <red-def:arch datatype="string" operation="pattern match">aarch64|i686|ppc64le|s390x|x86_64</red-def:arch>
 <red-def:evr datatype="evr_string" operation="less than">0:2.2.0-19.el8</red-def:evr>
</red-def:rpminfo_state>
<red-def:rpminfo_state id="oval:com.redhat.rhsa:ste:20193651003" version="636">
 <red-def:arch datatype="string" operation="pattern match">aarch64|ppc64le|s390x|x86_64</red-def:arch>
 <red-def:evr datatype="evr_string" operation="less than">0:2.2.0-19.el8</red-def:evr>
</red-def:rpminfo_state>
<red-def:rpminfo_state id="oval:com.redhat.rhsa:ste:20193651004" version="636">
 <red-def:evr datatype="evr_string" operation="less than">0:2.2.0-19.el8</red-def:evr>
</red-def:rpminfo_state>
<red-def:rpminfo_state id="oval:com.redhat.rhsa:ste:20193651005" version="636">
 <red-def:arch datatype="string" operation="pattern match">aarch64|ppc64le|x86_64</red-def:arch>
 <red-def:evr datatype="evr_string" operation="less than">0:2.2.0-19.el8</red-def:evr>
</red-def:rpminfo_state>
<red-def:rpminfo_state id="oval:com.redhat.rhsa:ste:20193673001" version="636">
 <red-def:arch datatype="string" operation="pattern match">aarch64|i686|ppc64le|s390x|x86_64</red-def:arch>
 <red-def:evr datatype="evr_string" operation="less than">0:1.0.1-13.git036e314.el8</red-def:evr>
</red-def:rpminfo_state>
<red-def:rpminfo_state id="oval:com.redhat.rhsa:ste:20193694001" version="635">
 <red-def:arch datatype="string" operation="pattern match">aarch64|ppc64le|s390x|x86_64</red-def:arch>
 <red-def:evr datatype="evr_string" operation="less than">0:1.8.25p1-8.el8_1</red-def:evr>
</red-def:rpminfo_state>
<red-def:rpminfo_state id="oval:com.redhat.rhsa:ste:20193698001" version="636">
 <red-def:arch datatype="string" operation="pattern match">aarch64|ppc64le|s390x|x86_64</red-def:arch>
 <red-def:evr datatype="evr_string" operation="less than">0:3.3.2-7.el8</red-def:evr>
</red-def:rpminfo_state>
<red-def:rpminfo_state id="oval:com.redhat.rhsa:ste:20193698003" version="636">
 <red-def:arch datatype="string" operation="pattern match">aarch64|i686|ppc64le|s390x|x86_64</red-def:arch>
 <red-def:evr datatype="evr_string" operation="less than">0:3.3.2-7.el8</red-def:evr>
</red-def:rpminfo_state>
<red-def:rpminfo_state id="oval:com.redhat.rhsa:ste:20193699001" version="636">
 <red-def:arch datatype="string" operation="pattern match">ppc64le|x86_64</red-def:arch>
 <red-def:evr datatype="evr_string" operation="less than">0:3.28.5-5.el8</red-def:evr>
</red-def:rpminfo_state>
<red-def:rpminfo_state id="oval:com.redhat.rhsa:ste:20193699003" version="636">
 <red-def:evr datatype="evr_string" operation="less than">0:3.28.5-5.el8</red-def:evr>
</red-def:rpminfo_state>
<red-def:rpminfo_state id="oval:com.redhat.rhsa:ste:20193699004" version="636">
 <red-def:arch datatype="string" operation="pattern match">i686|ppc64le|x86_64</red-def:arch>
 <red-def:evr datatype="evr_string" operation="less than">0:3.28.5-11.el8</red-def:evr>
</red-def:rpminfo_state>
<red-def:rpminfo_state id="oval:com.redhat.rhsa:ste:20193699005" version="636">
 <red-def:evr datatype="evr_string" operation="less than">0:3.28.5-11.el8</red-def:evr>
</red-def:rpminfo_state>
<red-def:rpminfo_state id="oval:com.redhat.rhsa:ste:20193699006" version="636">
 <red-def:arch datatype="string" operation="pattern match">ppc64le|x86_64</red-def:arch>
 <red-def:evr datatype="evr_string" operation="less than">0:3.28.5-11.el8</red-def:evr>
</red-def:rpminfo_state>
<red-def:rpminfo_state id="oval:com.redhat.rhsa:ste:20193699007" version="636">
 <red-def:arch datatype="string" operation="pattern match">ppc64le|x86_64</red-def:arch>
 <red-def:evr datatype="evr_string" operation="less than">0:3.28.5-9.el8</red-def:evr>
</red-def:rpminfo_state>
<red-def:rpminfo_state id="oval:com.redhat.rhsa:ste:20193699008" version="636">
 <red-def:arch datatype="string" operation="pattern match">i686|ppc64le|x86_64</red-def:arch>
 <red-def:evr datatype="evr_string" operation="less than">0:3.28.5-9.el8</red-def:evr>
</red-def:rpminfo_state>
<red-def:rpminfo_state id="oval:com.redhat.rhsa:ste:20193699009" version="636">
 <red-def:evr datatype="evr_string" operation="less than">0:3.28.5-9.el8</red-def:evr>
</red-def:rpminfo_state>
<red-def:rpminfo_state id="oval:com.redhat.rhsa:ste:20193700001" version="635">
 <red-def:arch datatype="string" operation="pattern match">aarch64|ppc64le|s390x|x86_64</red-def:arch>
 <red-def:evr datatype="evr_string" operation="less than">1:1.1.1c-2.el8</red-def:evr>
</red-def:rpminfo_state>
<red-def:rpminfo_state id="oval:com.redhat.rhsa:ste:20193700003" version="635">
 <red-def:arch datatype="string" operation="pattern match">aarch64|i686|ppc64le|s390x|x86_64</red-def:arch>
 <red-def:evr datatype="evr_string" operation="less than">1:1.1.1c-2.el8</red-def:evr>
</red-def:rpminfo_state>
<red-def:rpminfo_state id="oval:com.redhat.rhsa:ste:20193701001" version="636">
 <red-def:arch datatype="string" operation="pattern match">aarch64|ppc64le|s390x|x86_64</red-def:arch>
 <red-def:evr datatype="evr_string" operation="less than">0:7.61.1-11.el8</red-def:evr>
</red-def:rpminfo_state>
<red-def:rpminfo_state id="oval:com.redhat.rhsa:ste:20193701003" version="636">
 <red-def:arch datatype="string" operation="pattern match">aarch64|i686|ppc64le|s390x|x86_64</red-def:arch>
 <red-def:evr datatype="evr_string" operation="less than">0:7.61.1-11.el8</red-def:evr>
</red-def:rpminfo_state>
<red-def:rpminfo_state id="oval:com.redhat.rhsa:ste:20193702001" version="635">
 <red-def:arch datatype="string" operation="pattern match">aarch64|ppc64le|s390x|x86_64</red-def:arch>
 <red-def:evr datatype="evr_string" operation="less than">0:8.0p1-3.el8</red-def:evr>
</red-def:rpminfo_state>
<red-def:rpminfo_state id="oval:com.redhat.rhsa:ste:20193702003" version="635">
 <red-def:arch datatype="string" operation="pattern match">aarch64|ppc64le|s390x|x86_64</red-def:arch>
 <red-def:evr datatype="evr_string" operation="less than">0:0.10.3-7.3.el8</red-def:evr>
</red-def:rpminfo_state>
<red-def:rpminfo_state id="oval:com.redhat.rhsa:ste:20193703001" version="636">
 <red-def:arch datatype="string" operation="pattern match">aarch64|i686|ppc64le|s390x|x86_64</red-def:arch>
 <red-def:evr datatype="evr_string" operation="less than">1:1.3.6-2.el8</red-def:evr>
</red-def:rpminfo_state>
<red-def:rpminfo_state id="oval:com.redhat.rhsa:ste:20193703003" version="636">
 <red-def:evr datatype="evr_string" operation="less than">1:1.3.6-2.el8</red-def:evr>
</red-def:rpminfo_state>
<red-def:rpminfo_state id="oval:com.redhat.rhsa:ste:20193704001" version="636">
 <red-def:arch datatype="string" operation="pattern match">aarch64|ppc64le|s390x|x86_64</red-def:arch>
 <red-def:evr datatype="evr_string" operation="less than">1:1.14.3-9.el8</red-def:evr>
</red-def:rpminfo_state>
<red-def:rpminfo_state id="oval:com.redhat.rhsa:ste:20193705001" version="636">
 <red-def:arch datatype="string" operation="pattern match">aarch64|i686|ppc64le|s390x|x86_64</red-def:arch>
 <red-def:evr datatype="evr_string" operation="less than">0:1.5.3-10.el8</red-def:evr>
</red-def:rpminfo_state>
<red-def:rpminfo_state id="oval:com.redhat.rhsa:ste:20193705003" version="636">
 <red-def:arch datatype="string" operation="pattern match">aarch64|ppc64le|s390x|x86_64</red-def:arch>
 <red-def:evr datatype="evr_string" operation="less than">0:1.5.3-10.el8</red-def:evr>
</red-def:rpminfo_state>
<red-def:rpminfo_state id="oval:com.redhat.rhsa:ste:20193706001" version="636">
 <red-def:arch datatype="string" operation="pattern match">aarch64|i686|ppc64le|s390x|x86_64</red-def:arch>
 <red-def:evr datatype="evr_string" operation="less than">0:5.3.4-11.el8</red-def:evr>
</red-def:rpminfo_state>
<red-def:rpminfo_state id="oval:com.redhat.rhsa:ste:20193707001" version="636">
 <red-def:arch datatype="string" operation="pattern match">aarch64|ppc64le|s390x|x86_64</red-def:arch>
 <red-def:evr datatype="evr_string" operation="less than">1:1.12.8-9.el8</red-def:evr>
</red-def:rpminfo_state>
<red-def:rpminfo_state id="oval:com.redhat.rhsa:ste:20193707003" version="636">
 <red-def:evr datatype="evr_string" operation="less than">1:1.12.8-9.el8</red-def:evr>
</red-def:rpminfo_state>
<red-def:rpminfo_state id="oval:com.redhat.rhsa:ste:20193707004" version="636">
 <red-def:arch datatype="string" operation="pattern match">aarch64|i686|ppc64le|s390x|x86_64</red-def:arch>
 <red-def:evr datatype="evr_string" operation="less than">1:1.12.8-9.el8</red-def:evr>
</red-def:rpminfo_state>
<red-def:rpminfo_state id="oval:com.redhat.rhsa:ste:20193708001" version="636">
 <red-def:arch datatype="string" operation="pattern match">aarch64|ppc64le|s390x|x86_64</red-def:arch>
 <red-def:evr datatype="evr_string" operation="less than">0:1.0.5-18.module+el8+2765+cfa4f87b</red-def:evr>
</red-def:rpminfo_state>
<red-def:rpminfo_state id="oval:com.redhat.rhsa:ste:20193708003" version="636">
 <red-def:arch datatype="string" operation="pattern match">aarch64|ppc64le|s390x|x86_64</red-def:arch>
 <red-def:evr datatype="evr_string" operation="less than">0:25.3.26-1.module+el8.1.0+3974+90eded84</red-def:evr>
</red-def:rpminfo_state>
<red-def:rpminfo_state id="oval:com.redhat.rhsa:ste:20193708004" version="636">
 <red-def:arch datatype="string" operation="pattern match">aarch64|ppc64le|s390x|x86_64</red-def:arch>
 <red-def:evr datatype="evr_string" operation="less than">3:10.3.17-1.module+el8.1.0+3974+90eded84</red-def:evr>
</red-def:rpminfo_state>
<ind-def:textfilecontent54_state id="oval:com.redhat.rhsa:ste:20193708005" version="636">
 <ind-def:text operation="pattern match">\nstream\s*=\s*10\.3\b[\w\W]*\nstate\s*=\s*(enabled|1|true)|\nstate\s*=\s*(enabled|1|true)[\w\W]*\nstream\s*=\s*10\.3\b</ind-def:text>
</ind-def:textfilecontent54_state>
<red-def:rpminfo_state id="oval:com.redhat.rhsa:ste:20193708006" version="636">
 <red-def:arch datatype="string" operation="equals">i686</red-def:arch>
 <red-def:evr datatype="evr_string" operation="less than">0:1.0.5-18.module+el8+2765+cfa4f87b</red-def:evr>
</red-def:rpminfo_state>
<red-def:rpminfo_state id="oval:com.redhat.rhsa:ste:20193708007" version="636">
 <red-def:arch datatype="string" operation="pattern match">aarch64|i686|ppc64le|s390x|x86_64</red-def:arch>
 <red-def:evr datatype="evr_string" operation="less than">0:1.0.5-18.module+el8+2765+cfa4f87b</red-def:evr>
</red-def:rpminfo_state>
<red-def:rpminfo_state id="oval:com.redhat.rhsa:ste:20193708008" version="636">
 <red-def:arch datatype="string" operation="pattern match">aarch64|i686|ppc64le|s390x|x86_64</red-def:arch>
 <red-def:evr datatype="evr_string" operation="less than">0:1.10.8-7.module+el8+2765+cfa4f87b</red-def:evr>
</red-def:rpminfo_state>
<red-def:rpminfo_state id="oval:com.redhat.rhsa:ste:20193708009" version="636">
 <red-def:arch datatype="string" operation="equals">i686</red-def:arch>
 <red-def:evr datatype="evr_string" operation="less than">0:25.3.26-1.module+el8.1.0+3974+90eded84</red-def:evr>
</red-def:rpminfo_state>
<red-def:rpminfo_state id="oval:com.redhat.rhsa:ste:20193708010" version="636">
 <red-def:arch datatype="string" operation="equals">i686</red-def:arch>
 <red-def:evr datatype="evr_string" operation="less than">3:10.3.17-1.module+el8.1.0+3974+90eded84</red-def:evr>
</red-def:rpminfo_state>
<red-def:rpminfo_state id="oval:com.redhat.rhsa:ste:20193735001" version="635">
 <red-def:evr datatype="evr_string" operation="less than">0:5.1.12-2.module+el8.1.0+3202+af5476b9</red-def:evr>
</red-def:rpminfo_state>
<red-def:rpminfo_state id="oval:com.redhat.rhsa:ste:20193735003" version="635">
 <red-def:arch datatype="string" operation="pattern match">aarch64|ppc64le|s390x|x86_64</red-def:arch>
 <red-def:evr datatype="evr_string" operation="less than">0:1.5.1-2.module+el8.1.0+3202+af5476b9</red-def:evr>
</red-def:rpminfo_state>
<red-def:rpminfo_state id="oval:com.redhat.rhsa:ste:20193735004" version="635">
 <red-def:arch datatype="string" operation="pattern match">aarch64|ppc64le|s390x|x86_64</red-def:arch>
 <red-def:evr datatype="evr_string" operation="less than">0:7.2.11-4.module+el8.1.0+4555+f5cb8e18</red-def:evr>
</red-def:rpminfo_state>
<red-def:rpminfo_state id="oval:com.redhat.rhsa:ste:20193735005" version="635">
 <red-def:evr datatype="evr_string" operation="less than">1:1.10.5-9.module+el8.1.0+3202+af5476b9</red-def:evr>
</red-def:rpminfo_state>
<red-def:rpminfo_state id="oval:com.redhat.rhsa:ste:20193735006" version="635">
 <red-def:arch datatype="string" operation="pattern match">aarch64|ppc64le|s390x|x86_64</red-def:arch>
 <red-def:evr datatype="evr_string" operation="less than">0:5.1.12-2.module+el8.1.0+3202+af5476b9</red-def:evr>
</red-def:rpminfo_state>
<red-def:rpminfo_state id="oval:com.redhat.rhsa:ste:20193735007" version="635">
 <red-def:arch datatype="string" operation="pattern match">aarch64|ppc64le|s390x|x86_64</red-def:arch>
 <red-def:evr datatype="evr_string" operation="less than">0:1.15.3-1.module+el8.1.0+3186+20164e6f</red-def:evr>
</red-def:rpminfo_state>
<ind-def:textfilecontent54_state id="oval:com.redhat.rhsa:ste:20193735008" version="635">
 <ind-def:text operation="pattern match">\nstream\s*=\s*7\.2\b[\w\W]*\nstate\s*=\s*(enabled|1|true)|\nstate\s*=\s*(enabled|1|true)[\w\W]*\nstream\s*=\s*7\.2\b</ind-def:text>
</ind-def:textfilecontent54_state>
<red-def:rpminfo_state id="oval:com.redhat.rhsa:ste:20193736001" version="636">
 <red-def:evr datatype="evr_string" operation="less than">0:5.1.17-1.module+el8.1.0+3189+a1bff096</red-def:evr>
</red-def:rpminfo_state>
<red-def:rpminfo_state id="oval:com.redhat.rhsa:ste:20193736003" version="636">
 <red-def:arch datatype="string" operation="pattern match">aarch64|ppc64le|s390x|x86_64</red-def:arch>
 <red-def:evr datatype="evr_string" operation="less than">0:1.5.2-1.module+el8.1.0+3189+a1bff096</red-def:evr>
</red-def:rpminfo_state>
<red-def:rpminfo_state id="oval:com.redhat.rhsa:ste:20193736004" version="636">
 <red-def:arch datatype="string" operation="pattern match">aarch64|ppc64le|s390x|x86_64</red-def:arch>
 <red-def:evr datatype="evr_string" operation="less than">0:7.3.5-5.module+el8.1.0+4560+e0eee7d6</red-def:evr>
</red-def:rpminfo_state>
<red-def:rpminfo_state id="oval:com.redhat.rhsa:ste:20193736005" version="636">
 <red-def:evr datatype="evr_string" operation="less than">1:1.10.9-1.module+el8.1.0+3189+a1bff096</red-def:evr>
</red-def:rpminfo_state>
<red-def:rpminfo_state id="oval:com.redhat.rhsa:ste:20193736006" version="636">
 <red-def:arch datatype="string" operation="pattern match">aarch64|ppc64le|s390x|x86_64</red-def:arch>
 <red-def:evr datatype="evr_string" operation="less than">0:5.1.17-1.module+el8.1.0+3189+a1bff096</red-def:evr>
</red-def:rpminfo_state>
<red-def:rpminfo_state id="oval:com.redhat.rhsa:ste:20193736007" version="636">
 <red-def:arch datatype="string" operation="pattern match">aarch64|ppc64le|s390x|x86_64</red-def:arch>
 <red-def:evr datatype="evr_string" operation="less than">0:1.15.4-1.module+el8.1.0+3189+a1bff096</red-def:evr>
</red-def:rpminfo_state>
<ind-def:textfilecontent54_state id="oval:com.redhat.rhsa:ste:20193736008" version="636">
 <ind-def:text operation="pattern match">\nstream\s*=\s*7\.3\b[\w\W]*\nstate\s*=\s*(enabled|1|true)|\nstate\s*=\s*(enabled|1|true)[\w\W]*\nstream\s*=\s*7\.3\b</ind-def:text>
</ind-def:textfilecontent54_state>
<red-def:rpminfo_state id="oval:com.redhat.rhsa:ste:20193832001" version="638">
 <red-def:arch datatype="string" operation="pattern match">aarch64|ppc64le|s390x|x86_64</red-def:arch>
 <red-def:evr datatype="evr_string" operation="less than">0:4.18.0-147.0.2.el8_1</red-def:evr>
</red-def:rpminfo_state>
<red-def:rpminfo_state id="oval:com.redhat.rhsa:ste:20193832003" version="638">
 <red-def:evr datatype="evr_string" operation="less than">0:4.18.0-147.0.2.el8_1</red-def:evr>
</red-def:rpminfo_state>
<red-def:rpminfo_state id="oval:com.redhat.rhsa:ste:20193832004" version="638">
 <red-def:arch datatype="string" operation="pattern match">aarch64|ppc64le|x86_64</red-def:arch>
 <red-def:evr datatype="evr_string" operation="less than">0:4.18.0-147.0.2.el8_1</red-def:evr>
</red-def:rpminfo_state>
<red-def:rpminfo_state id="oval:com.redhat.rhsa:ste:20193832005" version="638">
 <red-def:arch datatype="string" operation="equals">s390x</red-def:arch>
 <red-def:evr datatype="evr_string" operation="less than">0:4.18.0-147.0.2.el8_1</red-def:evr>
</red-def:rpminfo_state>
<unix-def:uname_state id="oval:com.redhat.rhsa:ste:20193832006" version="638">
 <unix-def:os_release operation="pattern match">([0-3]\.\d+\.\d+-)|(4\.([0-9]|1[0-7])\.\d+-)|(4\.18\.0-([0-9]{1,2}|1[0-3][0-9]|14[0-6])\.)|(4\.18\.0-147\.0\.[0-1]\.)</unix-def:os_release>
</unix-def:uname_state>
<ind-def:textfilecontent54_state id="oval:com.redhat.rhsa:ste:20193832007" version="638">
 <ind-def:text operation="pattern match">([0-3]\.\d+\.\d+-)|(4\.([0-9]|1[0-7])\.\d+-)|(4\.18\.0-([0-9]{1,2}|1[0-3][0-9]|14[0-6])\.)|(4\.18\.0-147\.0\.[0-1]\.)</ind-def:text>
</ind-def:textfilecontent54_state>
<red-def:rpminfo_state id="oval:com.redhat.rhsa:ste:20193833001" version="638">
 <red-def:arch datatype="string" operation="equals">x86_64</red-def:arch>
 <red-def:evr datatype="evr_string" operation="less than">0:4.18.0-147.0.2.rt24.94.el8_1</red-def:evr>
</red-def:rpminfo_state>
<red-def:rpminfo_state id="oval:com.redhat.rhsa:ste:20193870001" version="636">
 <red-def:arch datatype="string" operation="equals">x86_64</red-def:arch>
 <red-def:evr datatype="evr_string" operation="less than">0:4.18.0-147.0.3.rt24.95.el8_1</red-def:evr>
</red-def:rpminfo_state>
<unix-def:uname_state id="oval:com.redhat.rhsa:ste:20193870003" version="636">
 <unix-def:os_release operation="pattern match">([0-3]\.\d+\.\d+-)|(4\.([0-9]|1[0-7])\.\d+-)|(4\.18\.0-([0-9]{1,2}|1[0-3][0-9]|14[0-6])\.)|(4\.18\.0-147\.0\.[0-2]\.)</unix-def:os_release>
</unix-def:uname_state>
<ind-def:textfilecontent54_state id="oval:com.redhat.rhsa:ste:20193870004" version="636">
 <ind-def:text operation="pattern match">([0-3]\.\d+\.\d+-)|(4\.([0-9]|1[0-7])\.\d+-)|(4\.18\.0-([0-9]{1,2}|1[0-3][0-9]|14[0-6])\.)|(4\.18\.0-147\.0\.[0-2]\.)</ind-def:text>
</ind-def:textfilecontent54_state>
<red-def:rpminfo_state id="oval:com.redhat.rhsa:ste:20193871001" version="636">
 <red-def:arch datatype="string" operation="pattern match">aarch64|ppc64le|s390x|x86_64</red-def:arch>
 <red-def:evr datatype="evr_string" operation="less than">0:4.18.0-147.0.3.el8_1</red-def:evr>
</red-def:rpminfo_state>
<red-def:rpminfo_state id="oval:com.redhat.rhsa:ste:20193871003" version="636">
 <red-def:evr datatype="evr_string" operation="less than">0:4.18.0-147.0.3.el8_1</red-def:evr>
</red-def:rpminfo_state>
<red-def:rpminfo_state id="oval:com.redhat.rhsa:ste:20193871004" version="636">
 <red-def:arch datatype="string" operation="pattern match">aarch64|ppc64le|x86_64</red-def:arch>
 <red-def:evr datatype="evr_string" operation="less than">0:4.18.0-147.0.3.el8_1</red-def:evr>
</red-def:rpminfo_state>
<red-def:rpminfo_state id="oval:com.redhat.rhsa:ste:20193871005" version="636">
 <red-def:arch datatype="string" operation="equals">s390x</red-def:arch>
 <red-def:evr datatype="evr_string" operation="less than">0:4.18.0-147.0.3.el8_1</red-def:evr>
</red-def:rpminfo_state>
<red-def:rpminfo_state id="oval:com.redhat.rhsa:ste:20193890001" version="635">
 <red-def:arch datatype="string" operation="pattern match">aarch64|ppc64le|s390x|x86_64</red-def:arch>
 <red-def:evr datatype="evr_string" operation="less than">0:9.25-5.el8_1.1</red-def:evr>
</red-def:rpminfo_state>
<red-def:rpminfo_state id="oval:com.redhat.rhsa:ste:20193890003" version="635">
 <red-def:evr datatype="evr_string" operation="less than">0:9.25-5.el8_1.1</red-def:evr>
</red-def:rpminfo_state>
<red-def:rpminfo_state id="oval:com.redhat.rhsa:ste:20193890004" version="635">
 <red-def:arch datatype="string" operation="pattern match">aarch64|i686|ppc64le|s390x|x86_64</red-def:arch>
 <red-def:evr datatype="evr_string" operation="less than">0:9.25-5.el8_1.1</red-def:evr>
</red-def:rpminfo_state>
<red-def:rpminfo_state id="oval:com.redhat.rhsa:ste:20193936001" version="639">
 <red-def:arch datatype="string" operation="equals">x86_64</red-def:arch>
 <red-def:evr datatype="evr_string" operation="less than">0:1-3.el8_1</red-def:evr>
</red-def:rpminfo_state>
<red-def:rpminfo_state id="oval:com.redhat.rhsa:ste:20193936002" version="639">
 <red-def:arch datatype="string" operation="equals">x86_64</red-def:arch>
 <red-def:evr datatype="evr_string" operation="equals">0:4.18.0-147.el8</red-def:evr>
</red-def:rpminfo_state>
<unix-def:uname_state id="oval:com.redhat.rhsa:ste:20193936004" version="639">
 <unix-def:os_release operation="pattern match">4.18.0-147.el8</unix-def:os_release>
</unix-def:uname_state>
<ind-def:textfilecontent54_state id="oval:com.redhat.rhsa:ste:20193936005" version="639">
 <ind-def:text operation="pattern match">4.18.0-147.el8</ind-def:text>
</ind-def:textfilecontent54_state>
<red-def:rpminfo_state id="oval:com.redhat.rhsa:ste:20193951001" version="635">
 <red-def:arch datatype="string" operation="pattern match">aarch64|i686|ppc64le|s390x|x86_64</red-def:arch>
 <red-def:evr datatype="evr_string" operation="less than">0:1.2.15-36.el8_1</red-def:evr>
</red-def:rpminfo_state>
<red-def:rpminfo_state id="oval:com.redhat.rhsa:ste:20194111001" version="636">
 <red-def:arch datatype="string" operation="pattern match">aarch64|ppc64le|s390x|x86_64</red-def:arch>
 <red-def:evr datatype="evr_string" operation="less than">0:68.3.0-1.el8_1</red-def:evr>
</red-def:rpminfo_state>
<red-def:rpminfo_state id="oval:com.redhat.rhsa:ste:20194114001" version="635">
 <red-def:arch datatype="string" operation="pattern match">aarch64|i686|ppc64le|s390x|x86_64</red-def:arch>
 <red-def:evr datatype="evr_string" operation="less than">0:3.44.0-9.el8_1</red-def:evr>
</red-def:rpminfo_state>
<red-def:rpminfo_state id="oval:com.redhat.rhsa:ste:20194114003" version="635">
 <red-def:arch datatype="string" operation="pattern match">aarch64|ppc64le|s390x|x86_64</red-def:arch>
 <red-def:evr datatype="evr_string" operation="less than">0:3.44.0-9.el8_1</red-def:evr>
</red-def:rpminfo_state>
<red-def:rpminfo_state id="oval:com.redhat.rhsa:ste:20194195001" version="635">
 <red-def:arch datatype="string" operation="pattern match">ppc64le|x86_64</red-def:arch>
 <red-def:evr datatype="evr_string" operation="less than">0:68.3.0-2.el8_1</red-def:evr>
</red-def:rpminfo_state>
<red-def:rpminfo_state id="oval:com.redhat.rhsa:ste:20194245001" version="638">
 <red-def:arch datatype="string" operation="equals">x86_64</red-def:arch>
 <red-def:evr datatype="evr_string" operation="less than">0:1-4.el8</red-def:evr>
</red-def:rpminfo_state>
<red-def:rpminfo_state id="oval:com.redhat.rhsa:ste:20194269004" version="637">
 <red-def:evr datatype="evr_string" operation="less than">2:2.123.0-2.module+el8.1.0+4900+9d7326b8</red-def:evr>
</red-def:rpminfo_state>
<red-def:rpminfo_state id="oval:com.redhat.rhsa:ste:20194269005" version="637">
 <red-def:arch datatype="string" operation="pattern match">aarch64|ppc64le|s390x|x86_64</red-def:arch>
 <red-def:evr datatype="evr_string" operation="less than">0:0.8.1-3.module+el8.1.0+4881+045289ee</red-def:evr>
</red-def:rpminfo_state>
<red-def:rpminfo_state id="oval:com.redhat.rhsa:ste:20194269006" version="637">
 <red-def:arch datatype="string" operation="pattern match">aarch64|ppc64le|s390x|x86_64</red-def:arch>
 <red-def:evr datatype="evr_string" operation="less than">1:0.1.37-6.module+el8.1.0+4876+e678a192</red-def:evr>
</red-def:rpminfo_state>
<red-def:rpminfo_state id="oval:com.redhat.rhsa:ste:20194269010" version="637">
 <red-def:arch datatype="string" operation="pattern match">aarch64|ppc64le|s390x|x86_64</red-def:arch>
 <red-def:evr datatype="evr_string" operation="less than">0:1.4.2-6.module+el8.1.0+4830+f49150d7</red-def:evr>
</red-def:rpminfo_state>
<red-def:rpminfo_state id="oval:com.redhat.rhsa:ste:20194269011" version="637">
 <red-def:evr datatype="evr_string" operation="less than">0:1.4.2-6.module+el8.1.0+4830+f49150d7</red-def:evr>
</red-def:rpminfo_state>
<red-def:rpminfo_state id="oval:com.redhat.rhsa:ste:20194269013" version="637">
 <red-def:arch datatype="string" operation="pattern match">aarch64|ppc64le|s390x|x86_64</red-def:arch>
 <red-def:evr datatype="evr_string" operation="less than">0:1.0.0-61.rc8.module+el8.1.0+4873+4a24e241</red-def:evr>
</red-def:rpminfo_state>
<red-def:rpminfo_state id="oval:com.redhat.rhsa:ste:20194273001" version="636">
 <red-def:arch datatype="string" operation="pattern match">aarch64|ppc64le|s390x|x86_64</red-def:arch>
 <red-def:evr datatype="evr_string" operation="less than">0:1.5-6.gite94b4f9.module+el8.1.0+4908+72a45cef</red-def:evr>
</red-def:rpminfo_state>
<red-def:rpminfo_state id="oval:com.redhat.rhsa:ste:20194273004" version="636">
 <red-def:arch datatype="string" operation="pattern match">aarch64|ppc64le|s390x|x86_64</red-def:arch>
 <red-def:evr datatype="evr_string" operation="less than">0:0.7.4-4.git9ebe139.module+el8.1.0+4908+72a45cef</red-def:evr>
</red-def:rpminfo_state>
<red-def:rpminfo_state id="oval:com.redhat.rhsa:ste:20194273005" version="636">
 <red-def:arch datatype="string" operation="pattern match">aarch64|ppc64le|s390x|x86_64</red-def:arch>
 <red-def:evr datatype="evr_string" operation="less than">1:0.1.32-6.git1715c90.module+el8.1.0+4903+9bde5d6c</red-def:evr>
</red-def:rpminfo_state>
<red-def:rpminfo_state id="oval:com.redhat.rhsa:ste:20194273009" version="636">
 <red-def:arch datatype="string" operation="pattern match">aarch64|ppc64le|s390x|x86_64</red-def:arch>
 <red-def:evr datatype="evr_string" operation="less than">0:1.0.0-4.git921f98f.module+el8.1.0+4908+72a45cef</red-def:evr>
</red-def:rpminfo_state>
<red-def:rpminfo_state id="oval:com.redhat.rhsa:ste:20194273010" version="636">
 <red-def:evr datatype="evr_string" operation="less than">0:1.0.0-4.git921f98f.module+el8.1.0+4908+72a45cef</red-def:evr>
</red-def:rpminfo_state>
<red-def:rpminfo_state id="oval:com.redhat.rhsa:ste:20194273011" version="636">
 <red-def:arch datatype="string" operation="pattern match">aarch64|ppc64le|s390x|x86_64</red-def:arch>
 <red-def:evr datatype="evr_string" operation="less than">0:1.0.0-56.rc5.dev.git2abd837.module+el8.1.0+4908+72a45cef</red-def:evr>
</red-def:rpminfo_state>
<red-def:rpminfo_state id="oval:com.redhat.rhsa:ste:20194356001" version="638">
 <red-def:arch datatype="string" operation="pattern match">aarch64|ppc64le|s390x|x86_64</red-def:arch>
 <red-def:evr datatype="evr_string" operation="less than">0:2.18.2-1.el8_1</red-def:evr>
</red-def:rpminfo_state>
<red-def:rpminfo_state id="oval:com.redhat.rhsa:ste:20194356003" version="638">
 <red-def:evr datatype="evr_string" operation="less than">0:2.18.2-1.el8_1</red-def:evr>
</red-def:rpminfo_state>
<red-def:rpminfo_state id="oval:com.redhat.rhsa:ste:20194360001" version="638">
 <red-def:arch datatype="string" operation="pattern match">aarch64|i686|ppc64le|s390x|x86_64</red-def:arch>
 <red-def:evr datatype="evr_string" operation="less than">0:0.16.105-3.el8_1.2</red-def:evr>
</red-def:rpminfo_state>
<red-def:rpminfo_state id="oval:com.redhat.rhsa:ste:20194361001" version="637">
 <red-def:arch datatype="string" operation="pattern match">aarch64|i686|ppc64le|s390x|x86_64</red-def:arch>
 <red-def:evr datatype="evr_string" operation="less than">0:1.0.4-7.el8_1</red-def:evr>
</red-def:rpminfo_state>
<red-def:rpminfo_state id="oval:com.redhat.rhsa:ste:20200046001" version="636">
 <red-def:arch datatype="string" operation="pattern match">ppc64le|s390x|x86_64</red-def:arch>
 <red-def:evr datatype="evr_string" operation="less than">1:1.8.0.6.0-3.el8_1</red-def:evr>
</red-def:rpminfo_state>
<red-def:rpminfo_state id="oval:com.redhat.rhsa:ste:20200046003" version="636">
 <red-def:arch datatype="string" operation="pattern match">ppc64le|x86_64</red-def:arch>
 <red-def:evr datatype="evr_string" operation="less than">1:1.8.0.6.0-3.el8_1</red-def:evr>
</red-def:rpminfo_state>
<red-def:rpminfo_state id="oval:com.redhat.rhsa:ste:20200111001" version="639">
 <red-def:arch datatype="string" operation="pattern match">aarch64|ppc64le|s390x|x86_64</red-def:arch>
 <red-def:evr datatype="evr_string" operation="less than">0:68.4.1-1.el8_1</red-def:evr>
</red-def:rpminfo_state>
<red-def:rpminfo_state id="oval:com.redhat.rhsa:ste:20200127001" version="635">
 <red-def:arch datatype="string" operation="pattern match">ppc64le|x86_64</red-def:arch>
 <red-def:evr datatype="evr_string" operation="less than">0:68.4.1-2.el8_1</red-def:evr>
</red-def:rpminfo_state>
<red-def:rpminfo_state id="oval:com.redhat.rhsa:ste:20200128001" version="635">
 <red-def:arch datatype="string" operation="pattern match">aarch64|ppc64le|s390x|x86_64</red-def:arch>
 <red-def:evr datatype="evr_string" operation="less than">1:11.0.6.10-0.el8_1</red-def:evr>
</red-def:rpminfo_state>
<red-def:rpminfo_state id="oval:com.redhat.rhsa:ste:20200130001" version="641">
 <red-def:arch datatype="string" operation="equals">x86_64</red-def:arch>
 <red-def:evr datatype="evr_string" operation="less than">0:3.0.2-2.el8_1</red-def:evr>
</red-def:rpminfo_state>
<red-def:rpminfo_state id="oval:com.redhat.rhsa:ste:20200130003" version="641">
 <red-def:arch datatype="string" operation="equals">x86_64</red-def:arch>
 <red-def:evr datatype="evr_string" operation="less than">0:3.0.102-2.el8_1</red-def:evr>
</red-def:rpminfo_state>
<red-def:rpminfo_state id="oval:com.redhat.rhsa:ste:20200201001" version="635">
 <red-def:arch datatype="string" operation="pattern match">ppc64le|x86_64</red-def:arch>
 <red-def:evr datatype="evr_string" operation="less than">0:3.4.0-6.el8_1.2</red-def:evr>
</red-def:rpminfo_state>
<red-def:rpminfo_state id="oval:com.redhat.rhsa:ste:20200202001" version="635">
 <red-def:arch datatype="string" operation="pattern match">aarch64|ppc64le|s390x|x86_64</red-def:arch>
 <red-def:evr datatype="evr_string" operation="less than">1:1.8.0.242.b08-0.el8_1</red-def:evr>
</red-def:rpminfo_state>
<red-def:rpminfo_state id="oval:com.redhat.rhsa:ste:20200202003" version="635">
 <red-def:evr datatype="evr_string" operation="less than">1:1.8.0.242.b08-0.el8_1</red-def:evr>
</red-def:rpminfo_state>
<red-def:rpminfo_state id="oval:com.redhat.rhsa:ste:20200271001" version="635">
 <red-def:arch datatype="string" operation="pattern match">aarch64|ppc64le|s390x|x86_64</red-def:arch>
 <red-def:evr datatype="evr_string" operation="less than">0:3.3.2-8.el8_1</red-def:evr>
</red-def:rpminfo_state>
<red-def:rpminfo_state id="oval:com.redhat.rhsa:ste:20200271003" version="635">
 <red-def:arch datatype="string" operation="pattern match">aarch64|i686|ppc64le|s390x|x86_64</red-def:arch>
 <red-def:evr datatype="evr_string" operation="less than">0:3.3.2-8.el8_1</red-def:evr>
</red-def:rpminfo_state>
<red-def:rpminfo_state id="oval:com.redhat.rhsa:ste:20200273001" version="635">
 <red-def:arch datatype="string" operation="pattern match">aarch64|ppc64le|s390x|x86_64</red-def:arch>
 <red-def:evr datatype="evr_string" operation="less than">0:3.26.0-4.el8_1</red-def:evr>
</red-def:rpminfo_state>
<red-def:rpminfo_state id="oval:com.redhat.rhsa:ste:20200273003" version="635">
 <red-def:arch datatype="string" operation="pattern match">aarch64|i686|ppc64le|s390x|x86_64</red-def:arch>
 <red-def:evr datatype="evr_string" operation="less than">0:3.26.0-4.el8_1</red-def:evr>
</red-def:rpminfo_state>
<red-def:rpminfo_state id="oval:com.redhat.rhsa:ste:20200273004" version="635">
 <red-def:evr datatype="evr_string" operation="less than">0:3.26.0-4.el8_1</red-def:evr>
</red-def:rpminfo_state>
<red-def:rpminfo_state id="oval:com.redhat.rhsa:ste:20200274001" version="635">
 <red-def:arch datatype="string" operation="pattern match">aarch64|i686|ppc64le|s390x|x86_64</red-def:arch>
 <red-def:evr datatype="evr_string" operation="less than">0:2.3.1-2.el8_1</red-def:evr>
</red-def:rpminfo_state>
<red-def:rpminfo_state id="oval:com.redhat.rhsa:ste:20200274003" version="635">
 <red-def:evr datatype="evr_string" operation="less than">0:2.3.1-2.el8_1</red-def:evr>
</red-def:rpminfo_state>
<red-def:rpminfo_state id="oval:com.redhat.rhsa:ste:20200279009" version="636">
 <red-def:arch datatype="string" operation="pattern match">aarch64|ppc64le|s390x|x86_64</red-def:arch>
 <red-def:evr datatype="evr_string" operation="less than">0:4.5.0-35.2.module+el8.1.0+5256+4b9ab730</red-def:evr>
</red-def:rpminfo_state>
<red-def:rpminfo_state id="oval:com.redhat.rhsa:ste:20200279017" version="636">
 <red-def:arch datatype="string" operation="pattern match">aarch64|ppc64le|s390x|x86_64</red-def:arch>
 <red-def:evr datatype="evr_string" operation="less than">15:2.12.0-88.module+el8.1.0+5149+3ff2765e.2</red-def:evr>
</red-def:rpminfo_state>
<red-def:rpminfo_state id="oval:com.redhat.rhsa:ste:20200279018" version="636">
 <red-def:arch datatype="string" operation="equals">x86_64</red-def:arch>
 <red-def:evr datatype="evr_string" operation="less than">15:2.12.0-88.module+el8.1.0+5149+3ff2765e.2</red-def:evr>
</red-def:rpminfo_state>
<red-def:rpminfo_state id="oval:com.redhat.rhsa:ste:20200279029" version="636">
 <red-def:arch datatype="string" operation="equals">i686</red-def:arch>
 <red-def:evr datatype="evr_string" operation="less than">0:4.5.0-35.2.module+el8.1.0+5256+4b9ab730</red-def:evr>
</red-def:rpminfo_state>
<red-def:rpminfo_state id="oval:com.redhat.rhsa:ste:20200328001" version="637">
 <red-def:arch datatype="string" operation="equals">x86_64</red-def:arch>
 <red-def:evr datatype="evr_string" operation="less than">0:4.18.0-147.5.1.rt24.98.el8_1</red-def:evr>
</red-def:rpminfo_state>
<unix-def:uname_state id="oval:com.redhat.rhsa:ste:20200328003" version="637">
 <unix-def:os_release operation="pattern match">([0-3]\.\d+\.\d+-)|(4\.([0-9]|1[0-7])\.\d+-)|(4\.18\.0-([0-9]{1,2}|1[0-3][0-9]|14[0-6])\.)|(4\.18\.0-147\.[^\.]*[a-zA-Z])|(4\.18\.0-147\.[0-4]\.)|(4\.18\.0-147\.5\.[^\.]*[a-zA-Z])|(4\.18\.0-147\.5\.0\.)</unix-def:os_release>
</unix-def:uname_state>
<ind-def:textfilecontent54_state id="oval:com.redhat.rhsa:ste:20200328004" version="637">
 <ind-def:text operation="pattern match">([0-3]\.\d+\.\d+-)|(4\.([0-9]|1[0-7])\.\d+-)|(4\.18\.0-([0-9]{1,2}|1[0-3][0-9]|14[0-6])\.)|(4\.18\.0-147\.[^\.]*[a-zA-Z])|(4\.18\.0-147\.[0-4]\.)|(4\.18\.0-147\.5\.[^\.]*[a-zA-Z])|(4\.18\.0-147\.5\.0\.)</ind-def:text>
</ind-def:textfilecontent54_state>
<red-def:rpminfo_state id="oval:com.redhat.rhsa:ste:20200329001" version="636">
 <red-def:arch datatype="string" operation="pattern match">aarch64|ppc64le|s390x|x86_64</red-def:arch>
 <red-def:evr datatype="evr_string" operation="less than">0:1.12.12-2.module+el8.1.0+5317+8a49ffbb</red-def:evr>
</red-def:rpminfo_state>
<red-def:rpminfo_state id="oval:com.redhat.rhsa:ste:20200329003" version="636">
 <red-def:arch datatype="string" operation="pattern match">aarch64|ppc64le|s390x|x86_64</red-def:arch>
 <red-def:evr datatype="evr_string" operation="less than">0:1.12.12-4.module+el8.1.0+5317+8a49ffbb</red-def:evr>
</red-def:rpminfo_state>
<red-def:rpminfo_state id="oval:com.redhat.rhsa:ste:20200329004" version="636">
 <red-def:evr datatype="evr_string" operation="less than">0:1.12.12-4.module+el8.1.0+5317+8a49ffbb</red-def:evr>
</red-def:rpminfo_state>
<red-def:rpminfo_state id="oval:com.redhat.rhsa:ste:20200329005" version="636">
 <red-def:arch datatype="string" operation="equals">x86_64</red-def:arch>
 <red-def:evr datatype="evr_string" operation="less than">0:1.12.12-4.module+el8.1.0+5317+8a49ffbb</red-def:evr>
</red-def:rpminfo_state>
<red-def:rpminfo_state id="oval:com.redhat.rhsa:ste:20200335001" version="635">
 <red-def:evr datatype="evr_string" operation="less than">1:2.02-78.el8_1.1</red-def:evr>
</red-def:rpminfo_state>
<red-def:rpminfo_state id="oval:com.redhat.rhsa:ste:20200335003" version="635">
 <red-def:arch datatype="string" operation="equals">aarch64</red-def:arch>
 <red-def:evr datatype="evr_string" operation="less than">1:2.02-78.el8_1.1</red-def:evr>
</red-def:rpminfo_state>
<red-def:rpminfo_state id="oval:com.redhat.rhsa:ste:20200335004" version="635">
 <red-def:arch datatype="string" operation="equals">x86_64</red-def:arch>
 <red-def:evr datatype="evr_string" operation="less than">1:2.02-78.el8_1.1</red-def:evr>
</red-def:rpminfo_state>
<red-def:rpminfo_state id="oval:com.redhat.rhsa:ste:20200335005" version="635">
 <red-def:arch datatype="string" operation="equals">ppc64le</red-def:arch>
 <red-def:evr datatype="evr_string" operation="less than">1:2.02-78.el8_1.1</red-def:evr>
</red-def:rpminfo_state>
<red-def:rpminfo_state id="oval:com.redhat.rhsa:ste:20200335006" version="635">
 <red-def:arch datatype="string" operation="pattern match">aarch64|ppc64le|x86_64</red-def:arch>
 <red-def:evr datatype="evr_string" operation="less than">1:2.02-78.el8_1.1</red-def:evr>
</red-def:rpminfo_state>
<red-def:rpminfo_state id="oval:com.redhat.rhsa:ste:20200339001" version="640">
 <red-def:arch datatype="string" operation="pattern match">aarch64|ppc64le|s390x|x86_64</red-def:arch>
 <red-def:evr datatype="evr_string" operation="less than">0:4.18.0-147.5.1.el8_1</red-def:evr>
</red-def:rpminfo_state>
<red-def:rpminfo_state id="oval:com.redhat.rhsa:ste:20200339003" version="640">
 <red-def:evr datatype="evr_string" operation="less than">0:4.18.0-147.5.1.el8_1</red-def:evr>
</red-def:rpminfo_state>
<red-def:rpminfo_state id="oval:com.redhat.rhsa:ste:20200339004" version="640">
 <red-def:arch datatype="string" operation="pattern match">aarch64|ppc64le|x86_64</red-def:arch>
 <red-def:evr datatype="evr_string" operation="less than">0:4.18.0-147.5.1.el8_1</red-def:evr>
</red-def:rpminfo_state>
<red-def:rpminfo_state id="oval:com.redhat.rhsa:ste:20200339005" version="640">
 <red-def:arch datatype="string" operation="equals">s390x</red-def:arch>
 <red-def:evr datatype="evr_string" operation="less than">0:4.18.0-147.5.1.el8_1</red-def:evr>
</red-def:rpminfo_state>
<red-def:rpminfo_state id="oval:com.redhat.rhsa:ste:20200348001" version="637">
 <red-def:arch datatype="string" operation="pattern match">aarch64|ppc64le|s390x|x86_64</red-def:arch>
 <red-def:evr datatype="evr_string" operation="less than">0:1.11.6-4.module+el8.1.1+5259+bcdd613a</red-def:evr>
</red-def:rpminfo_state>
<red-def:rpminfo_state id="oval:com.redhat.rhsa:ste:20200348003" version="637">
 <red-def:evr datatype="evr_string" operation="less than">0:11-1.module+el8.1.1+5259+bcdd613a</red-def:evr>
</red-def:rpminfo_state>
<red-def:rpminfo_state id="oval:com.redhat.rhsa:ste:20200348004" version="637">
 <red-def:arch datatype="string" operation="pattern match">aarch64|ppc64le|s390x|x86_64</red-def:arch>
 <red-def:evr datatype="evr_string" operation="less than">2:2.0.6-1.module+el8.1.1+5259+bcdd613a</red-def:evr>
</red-def:rpminfo_state>
<red-def:rpminfo_state id="oval:com.redhat.rhsa:ste:20200348005" version="637">
 <red-def:evr datatype="evr_string" operation="less than">2:2.124.0-1.module+el8.1.1+5259+bcdd613a</red-def:evr>
</red-def:rpminfo_state>
<red-def:rpminfo_state id="oval:com.redhat.rhsa:ste:20200348006" version="637">
 <red-def:arch datatype="string" operation="pattern match">aarch64|ppc64le|s390x|x86_64</red-def:arch>
 <red-def:evr datatype="evr_string" operation="less than">0:0.8.3-4.module+el8.1.1+5259+bcdd613a</red-def:evr>
</red-def:rpminfo_state>
<red-def:rpminfo_state id="oval:com.redhat.rhsa:ste:20200348007" version="637">
 <red-def:arch datatype="string" operation="pattern match">aarch64|ppc64le|s390x|x86_64</red-def:arch>
 <red-def:evr datatype="evr_string" operation="less than">1:0.1.40-8.module+el8.1.1+5351+506397b0</red-def:evr>
</red-def:rpminfo_state>
<red-def:rpminfo_state id="oval:com.redhat.rhsa:ste:20200348008" version="637">
 <red-def:arch datatype="string" operation="pattern match">aarch64|ppc64le|s390x|x86_64</red-def:arch>
 <red-def:evr datatype="evr_string" operation="less than">0:0.7.2-1.module+el8.1.1+5259+bcdd613a</red-def:evr>
</red-def:rpminfo_state>
<red-def:rpminfo_state id="oval:com.redhat.rhsa:ste:20200348009" version="637">
 <red-def:arch datatype="string" operation="pattern match">aarch64|ppc64le|s390x|x86_64</red-def:arch>
 <red-def:evr datatype="evr_string" operation="less than">0:1.6.4-2.module+el8.1.1+5363+bf8ff1af</red-def:evr>
</red-def:rpminfo_state>
<red-def:rpminfo_state id="oval:com.redhat.rhsa:ste:20200348010" version="637">
 <red-def:evr datatype="evr_string" operation="less than">0:1.6.4-2.module+el8.1.1+5363+bf8ff1af</red-def:evr>
</red-def:rpminfo_state>
<red-def:rpminfo_state id="oval:com.redhat.rhsa:ste:20200348011" version="637">
 <red-def:evr datatype="evr_string" operation="less than">0:1.2.0-0.2.gitd0a45fe.module+el8.1.1+5259+bcdd613a</red-def:evr>
</red-def:rpminfo_state>
<red-def:rpminfo_state id="oval:com.redhat.rhsa:ste:20200348012" version="637">
 <red-def:arch datatype="string" operation="pattern match">aarch64|ppc64le|s390x|x86_64</red-def:arch>
 <red-def:evr datatype="evr_string" operation="less than">0:1.0.0-64.rc9.module+el8.1.1+5259+bcdd613a</red-def:evr>
</red-def:rpminfo_state>
<red-def:rpminfo_state id="oval:com.redhat.rhsa:ste:20200348013" version="637">
 <red-def:arch datatype="string" operation="pattern match">aarch64|ppc64le|s390x|x86_64</red-def:arch>
 <red-def:evr datatype="evr_string" operation="less than">0:0.4.2-2.git21fdece.module+el8.1.1+5460+3ac089c3</red-def:evr>
</red-def:rpminfo_state>
<red-def:rpminfo_state id="oval:com.redhat.rhsa:ste:20200348014" version="637">
 <red-def:arch datatype="string" operation="pattern match">aarch64|ppc64le|s390x|x86_64</red-def:arch>
 <red-def:evr datatype="evr_string" operation="less than">0:0.0.4-1.module+el8.1.1+4407+ac444e5d</red-def:evr>
</red-def:rpminfo_state>
<red-def:rpminfo_state id="oval:com.redhat.rhsa:ste:20200348015" version="637">
 <red-def:evr datatype="evr_string" operation="less than">0:0.2.1-2.module+el8.1.1+4975+482d6f5d</red-def:evr>
</red-def:rpminfo_state>
<red-def:rpminfo_state id="oval:com.redhat.rhsa:ste:20200465001" version="635">
 <red-def:arch datatype="string" operation="pattern match">ppc64le|s390x|x86_64</red-def:arch>
 <red-def:evr datatype="evr_string" operation="less than">1:1.8.0.6.5-1.el8_1</red-def:evr>
</red-def:rpminfo_state>
<red-def:rpminfo_state id="oval:com.redhat.rhsa:ste:20200465003" version="635">
 <red-def:arch datatype="string" operation="pattern match">ppc64le|x86_64</red-def:arch>
 <red-def:evr datatype="evr_string" operation="less than">1:1.8.0.6.5-1.el8_1</red-def:evr>
</red-def:rpminfo_state>
<red-def:rpminfo_state id="oval:com.redhat.rhsa:ste:20200487001" version="637">
 <red-def:arch datatype="string" operation="pattern match">aarch64|ppc64le|s390x|x86_64</red-def:arch>
 <red-def:evr datatype="evr_string" operation="less than">0:1.8.25p1-8.el8_1.1</red-def:evr>
</red-def:rpminfo_state>
<red-def:rpminfo_state id="oval:com.redhat.rhsa:ste:20200512001" version="637">
 <red-def:arch datatype="string" operation="pattern match">aarch64|ppc64le|s390x|x86_64</red-def:arch>
 <red-def:evr datatype="evr_string" operation="less than">0:68.5.0-2.el8_1</red-def:evr>
</red-def:rpminfo_state>
<red-def:rpminfo_state id="oval:com.redhat.rhsa:ste:20200559001" version="639">
 <red-def:arch datatype="string" operation="pattern match">aarch64|ppc64le|s390x|x86_64</red-def:arch>
 <red-def:evr datatype="evr_string" operation="less than">0:20120801-253.el8_1</red-def:evr>
</red-def:rpminfo_state>
<red-def:rpminfo_state id="oval:com.redhat.rhsa:ste:20200570001" version="635">
 <red-def:arch datatype="string" operation="pattern match">aarch64|i686|ppc64le|s390x|x86_64</red-def:arch>
 <red-def:evr datatype="evr_string" operation="less than">0:2.3.1-3.el8_1</red-def:evr>
</red-def:rpminfo_state>
<red-def:rpminfo_state id="oval:com.redhat.rhsa:ste:20200570003" version="635">
 <red-def:evr datatype="evr_string" operation="less than">0:2.3.1-3.el8_1</red-def:evr>
</red-def:rpminfo_state>
<red-def:rpminfo_state id="oval:com.redhat.rhsa:ste:20200575001" version="635">
 <red-def:arch datatype="string" operation="pattern match">aarch64|i686|ppc64le|s390x|x86_64</red-def:arch>
 <red-def:evr datatype="evr_string" operation="less than">0:239-18.el8_1.4</red-def:evr>
</red-def:rpminfo_state>
<red-def:rpminfo_state id="oval:com.redhat.rhsa:ste:20200575003" version="635">
 <red-def:arch datatype="string" operation="pattern match">aarch64|ppc64le|s390x|x86_64</red-def:arch>
 <red-def:evr datatype="evr_string" operation="less than">0:239-18.el8_1.4</red-def:evr>
</red-def:rpminfo_state>
<red-def:rpminfo_state id="oval:com.redhat.rhsa:ste:20200577001" version="636">
 <red-def:arch datatype="string" operation="pattern match">ppc64le|x86_64</red-def:arch>
 <red-def:evr datatype="evr_string" operation="less than">0:68.5.0-1.el8_1</red-def:evr>
</red-def:rpminfo_state>
<red-def:rpminfo_state id="oval:com.redhat.rhsa:ste:20200579001" version="637">
 <red-def:arch datatype="string" operation="pattern match">aarch64|ppc64le|s390x|x86_64</red-def:arch>
 <red-def:evr datatype="evr_string" operation="less than">1:10.19.0-1.module+el8.1.0+5726+6ed65f8c</red-def:evr>
</red-def:rpminfo_state>
<red-def:rpminfo_state id="oval:com.redhat.rhsa:ste:20200579003" version="637">
 <red-def:evr datatype="evr_string" operation="less than">1:10.19.0-1.module+el8.1.0+5726+6ed65f8c</red-def:evr>
</red-def:rpminfo_state>
<red-def:rpminfo_state id="oval:com.redhat.rhsa:ste:20200579006" version="637">
 <red-def:arch datatype="string" operation="pattern match">aarch64|ppc64le|s390x|x86_64</red-def:arch>
 <red-def:evr datatype="evr_string" operation="less than">1:6.13.4-1.10.19.0.1.module+el8.1.0+5726+6ed65f8c</red-def:evr>
</red-def:rpminfo_state>
<red-def:rpminfo_state id="oval:com.redhat.rhsa:ste:20200580001" version="635">
 <red-def:arch datatype="string" operation="pattern match">aarch64|ppc64le|s390x|x86_64</red-def:arch>
 <red-def:evr datatype="evr_string" operation="less than">0:5.1.1-10.el8_1</red-def:evr>
</red-def:rpminfo_state>
<red-def:rpminfo_state id="oval:com.redhat.rhsa:ste:20200598001" version="635">
 <red-def:arch datatype="string" operation="pattern match">aarch64|ppc64le|s390x|x86_64</red-def:arch>
 <red-def:evr datatype="evr_string" operation="less than">1:12.16.1-1.module+el8.1.0+5811+44509afe</red-def:evr>
</red-def:rpminfo_state>
<red-def:rpminfo_state id="oval:com.redhat.rhsa:ste:20200598003" version="635">
 <red-def:evr datatype="evr_string" operation="less than">1:12.16.1-1.module+el8.1.0+5811+44509afe</red-def:evr>
</red-def:rpminfo_state>
<red-def:rpminfo_state id="oval:com.redhat.rhsa:ste:20200598006" version="635">
 <red-def:arch datatype="string" operation="pattern match">aarch64|ppc64le|s390x|x86_64</red-def:arch>
 <red-def:evr datatype="evr_string" operation="less than">1:6.13.4-1.12.16.1.1.module+el8.1.0+5811+44509afe</red-def:evr>
</red-def:rpminfo_state>
<red-def:rpminfo_state id="oval:com.redhat.rhsa:ste:20200633001" version="635">
 <red-def:arch datatype="string" operation="equals">s390x</red-def:arch>
 <red-def:evr datatype="evr_string" operation="less than">0:2.4.7-26.el8_1</red-def:evr>
</red-def:rpminfo_state>
<red-def:rpminfo_state id="oval:com.redhat.rhsa:ste:20200633003" version="635">
 <red-def:arch datatype="string" operation="pattern match">aarch64|i686|ppc64le|s390x|x86_64</red-def:arch>
 <red-def:evr datatype="evr_string" operation="less than">0:2.4.7-26.el8_1</red-def:evr>
</red-def:rpminfo_state>
<red-def:rpminfo_state id="oval:com.redhat.rhsa:ste:20200708001" version="635">
 <red-def:arch datatype="string" operation="pattern match">aarch64|i686|ppc64le|s390x|x86_64</red-def:arch>
 <red-def:evr datatype="evr_string" operation="less than">0:2.8.0-5.el8_1.2</red-def:evr>
</red-def:rpminfo_state>
<red-def:rpminfo_state id="oval:com.redhat.rhsa:ste:20200820001" version="636">
 <red-def:arch datatype="string" operation="pattern match">aarch64|ppc64le|s390x|x86_64</red-def:arch>
 <red-def:evr datatype="evr_string" operation="less than">0:68.6.0-1.el8_1</red-def:evr>
</red-def:rpminfo_state>
<red-def:rpminfo_state id="oval:com.redhat.rhsa:ste:20200902001" version="636">
 <red-def:arch datatype="string" operation="pattern match">aarch64|ppc64le|s390x|x86_64</red-def:arch>
 <red-def:evr datatype="evr_string" operation="less than">0:60.3-2.el8_1</red-def:evr>
</red-def:rpminfo_state>
<red-def:rpminfo_state id="oval:com.redhat.rhsa:ste:20200902003" version="636">
 <red-def:arch datatype="string" operation="pattern match">aarch64|i686|ppc64le|s390x|x86_64</red-def:arch>
 <red-def:evr datatype="evr_string" operation="less than">0:60.3-2.el8_1</red-def:evr>
</red-def:rpminfo_state>
<red-def:rpminfo_state id="oval:com.redhat.rhsa:ste:20200902004" version="636">
 <red-def:evr datatype="evr_string" operation="less than">0:60.3-2.el8_1</red-def:evr>
</red-def:rpminfo_state>
<red-def:rpminfo_state id="oval:com.redhat.rhsa:ste:20200903001" version="635">
 <red-def:arch datatype="string" operation="pattern match">aarch64|ppc64le|s390x|x86_64</red-def:arch>
 <red-def:evr datatype="evr_string" operation="less than">0:5.5.1-6.el8_1.2</red-def:evr>
</red-def:rpminfo_state>
<red-def:rpminfo_state id="oval:com.redhat.rhsa:ste:20200903003" version="635">
 <red-def:evr datatype="evr_string" operation="less than">0:5.5.1-6.el8_1.2</red-def:evr>
</red-def:rpminfo_state>
<red-def:rpminfo_state id="oval:com.redhat.rhsa:ste:20200919001" version="636">
 <red-def:arch datatype="string" operation="pattern match">ppc64le|x86_64</red-def:arch>
 <red-def:evr datatype="evr_string" operation="less than">0:68.6.0-1.el8_1</red-def:evr>
</red-def:rpminfo_state>
<red-def:rpminfo_state id="oval:com.redhat.rhsa:ste:20200920001" version="635">
 <red-def:arch datatype="string" operation="pattern match">aarch64|i686|ppc64le|s390x|x86_64</red-def:arch>
 <red-def:evr datatype="evr_string" operation="less than">0:0.9.11-9.el8_1.2</red-def:evr>
</red-def:rpminfo_state>
<red-def:rpminfo_state id="oval:com.redhat.rhsa:ste:20200981001" version="635">
 <red-def:evr datatype="evr_string" operation="less than">0:1.8.18-12.el8_1</red-def:evr>
</red-def:rpminfo_state>
<red-def:rpminfo_state id="oval:com.redhat.rhsa:ste:20200981003" version="635">
 <red-def:arch datatype="string" operation="pattern match">aarch64|ppc64le|s390x|x86_64</red-def:arch>
 <red-def:evr datatype="evr_string" operation="less than">0:1.8.18-12.el8_1</red-def:evr>
</red-def:rpminfo_state>
<red-def:rpminfo_state id="oval:com.redhat.rhsa:ste:20201288001" version="641">
 <red-def:arch datatype="string" operation="pattern match">aarch64|ppc64le|s390x|x86_64</red-def:arch>
 <red-def:evr datatype="evr_string" operation="less than">0:1.8.15-6.el8_1.1</red-def:evr>
</red-def:rpminfo_state>
<red-def:rpminfo_state id="oval:com.redhat.rhsa:ste:20201293001" version="635">
 <red-def:arch datatype="string" operation="pattern match">aarch64|ppc64le|s390x|x86_64</red-def:arch>
 <red-def:evr datatype="evr_string" operation="less than">1:12.16.1-2.module+el8.1.0+6117+b25a342c</red-def:evr>
</red-def:rpminfo_state>
<red-def:rpminfo_state id="oval:com.redhat.rhsa:ste:20201293003" version="635">
 <red-def:evr datatype="evr_string" operation="less than">1:12.16.1-2.module+el8.1.0+6117+b25a342c</red-def:evr>
</red-def:rpminfo_state>
<red-def:rpminfo_state id="oval:com.redhat.rhsa:ste:20201293006" version="635">
 <red-def:arch datatype="string" operation="pattern match">aarch64|ppc64le|s390x|x86_64</red-def:arch>
 <red-def:evr datatype="evr_string" operation="less than">1:6.13.4-1.12.16.1.2.module+el8.1.0+6117+b25a342c</red-def:evr>
</red-def:rpminfo_state>
<red-def:rpminfo_state id="oval:com.redhat.rhsa:ste:20201317001" version="635">
 <red-def:arch datatype="string" operation="pattern match">aarch64|ppc64le|s390x|x86_64</red-def:arch>
 <red-def:evr datatype="evr_string" operation="less than">1:10.19.0-2.module+el8.1.0+6118+5aaa808b</red-def:evr>
</red-def:rpminfo_state>
<red-def:rpminfo_state id="oval:com.redhat.rhsa:ste:20201317003" version="635">
 <red-def:evr datatype="evr_string" operation="less than">1:10.19.0-2.module+el8.1.0+6118+5aaa808b</red-def:evr>
</red-def:rpminfo_state>
<red-def:rpminfo_state id="oval:com.redhat.rhsa:ste:20201317006" version="635">
 <red-def:arch datatype="string" operation="pattern match">aarch64|ppc64le|s390x|x86_64</red-def:arch>
 <red-def:evr datatype="evr_string" operation="less than">1:6.13.4-1.10.19.0.2.module+el8.1.0+6118+5aaa808b</red-def:evr>
</red-def:rpminfo_state>
<red-def:rpminfo_state id="oval:com.redhat.rhsa:ste:20201318001" version="635">
 <red-def:arch datatype="string" operation="pattern match">aarch64|ppc64le|s390x|x86_64</red-def:arch>
 <red-def:evr datatype="evr_string" operation="less than">1:0.17-73.el8_1.1</red-def:evr>
</red-def:rpminfo_state>
<red-def:rpminfo_state id="oval:com.redhat.rhsa:ste:20201341001" version="635">
 <red-def:arch datatype="string" operation="pattern match">aarch64|ppc64le|s390x|x86_64</red-def:arch>
 <red-def:evr datatype="evr_string" operation="less than">0:68.6.1-1.el8_1</red-def:evr>
</red-def:rpminfo_state>
<red-def:rpminfo_state id="oval:com.redhat.rhsa:ste:20201358009" version="637">
 <red-def:arch datatype="string" operation="pattern match">aarch64|ppc64le|s390x|x86_64</red-def:arch>
 <red-def:evr datatype="evr_string" operation="less than">0:4.5.0-35.3.module+el8.1.0+5931+8897e7e1</red-def:evr>
</red-def:rpminfo_state>
<red-def:rpminfo_state id="oval:com.redhat.rhsa:ste:20201358017" version="637">
 <red-def:arch datatype="string" operation="pattern match">aarch64|ppc64le|s390x|x86_64</red-def:arch>
 <red-def:evr datatype="evr_string" operation="less than">15:2.12.0-88.module+el8.1.0+5708+85d8e057.3</red-def:evr>
</red-def:rpminfo_state>
<red-def:rpminfo_state id="oval:com.redhat.rhsa:ste:20201358018" version="637">
 <red-def:arch datatype="string" operation="equals">x86_64</red-def:arch>
 <red-def:evr datatype="evr_string" operation="less than">15:2.12.0-88.module+el8.1.0+5708+85d8e057.3</red-def:evr>
</red-def:rpminfo_state>
<red-def:rpminfo_state id="oval:com.redhat.rhsa:ste:20201358029" version="637">
 <red-def:arch datatype="string" operation="equals">i686</red-def:arch>
 <red-def:evr datatype="evr_string" operation="less than">0:4.5.0-35.3.module+el8.1.0+5931+8897e7e1</red-def:evr>
</red-def:rpminfo_state>
<red-def:rpminfo_state id="oval:com.redhat.rhsa:ste:20201360012" version="636">
 <red-def:arch datatype="string" operation="pattern match">aarch64|ppc64le|s390x|x86_64</red-def:arch>
 <red-def:evr datatype="evr_string" operation="less than">0:0.1-4.dev.gitc4e1bc5.module+el8.1.0+5654+5237a55d</red-def:evr>
</red-def:rpminfo_state>
<red-def:rpminfo_state id="oval:com.redhat.rhsa:ste:20201372001" version="643">
 <red-def:arch datatype="string" operation="pattern match">aarch64|ppc64le|s390x|x86_64</red-def:arch>
 <red-def:evr datatype="evr_string" operation="less than">0:4.18.0-147.8.1.el8_1</red-def:evr>
</red-def:rpminfo_state>
<red-def:rpminfo_state id="oval:com.redhat.rhsa:ste:20201372003" version="643">
 <red-def:evr datatype="evr_string" operation="less than">0:4.18.0-147.8.1.el8_1</red-def:evr>
</red-def:rpminfo_state>
<red-def:rpminfo_state id="oval:com.redhat.rhsa:ste:20201372004" version="643">
 <red-def:arch datatype="string" operation="pattern match">aarch64|ppc64le|x86_64</red-def:arch>
 <red-def:evr datatype="evr_string" operation="less than">0:4.18.0-147.8.1.el8_1</red-def:evr>
</red-def:rpminfo_state>
<red-def:rpminfo_state id="oval:com.redhat.rhsa:ste:20201372005" version="643">
 <red-def:arch datatype="string" operation="equals">s390x</red-def:arch>
 <red-def:evr datatype="evr_string" operation="less than">0:4.18.0-147.8.1.el8_1</red-def:evr>
</red-def:rpminfo_state>
<unix-def:uname_state id="oval:com.redhat.rhsa:ste:20201372006" version="643">
 <unix-def:os_release operation="pattern match">([0-3]\.\d+\.\d+-)|(4\.([0-9]|1[0-7])\.\d+-)|(4\.18\.0-([0-9]{1,2}|1[0-3][0-9]|14[0-6])\.)|(4\.18\.0-147\.[^\.]*[a-zA-Z])|(4\.18\.0-147\.[0-7]\.)|(4\.18\.0-147\.8\.[^\.]*[a-zA-Z])|(4\.18\.0-147\.8\.0\.)</unix-def:os_release>
</unix-def:uname_state>
<ind-def:textfilecontent54_state id="oval:com.redhat.rhsa:ste:20201372007" version="643">
 <ind-def:text operation="pattern match">([0-3]\.\d+\.\d+-)|(4\.([0-9]|1[0-7])\.\d+-)|(4\.18\.0-([0-9]{1,2}|1[0-3][0-9]|14[0-6])\.)|(4\.18\.0-147\.[^\.]*[a-zA-Z])|(4\.18\.0-147\.[0-7]\.)|(4\.18\.0-147\.8\.[^\.]*[a-zA-Z])|(4\.18\.0-147\.8\.0\.)</ind-def:text>
</ind-def:textfilecontent54_state>
<red-def:rpminfo_state id="oval:com.redhat.rhsa:ste:20201378001" version="638">
 <red-def:arch datatype="string" operation="equals">x86_64</red-def:arch>
 <red-def:evr datatype="evr_string" operation="less than">0:4.18.0-147.8.1.rt24.101.el8_1</red-def:evr>
</red-def:rpminfo_state>
<red-def:rpminfo_state id="oval:com.redhat.rhsa:ste:20201379001" version="635">
 <red-def:arch datatype="string" operation="pattern match">aarch64|ppc64le|s390x|x86_64</red-def:arch>
 <red-def:evr datatype="evr_string" operation="less than">0:1.11.6-6.module+el8.1.1+5865+cc793d95</red-def:evr>
</red-def:rpminfo_state>
<red-def:rpminfo_state id="oval:com.redhat.rhsa:ste:20201379008" version="635">
 <red-def:arch datatype="string" operation="pattern match">aarch64|ppc64le|s390x|x86_64</red-def:arch>
 <red-def:evr datatype="evr_string" operation="less than">0:0.7.2-5.module+el8.1.1+6114+953c5a57</red-def:evr>
</red-def:rpminfo_state>
<red-def:rpminfo_state id="oval:com.redhat.rhsa:ste:20201379009" version="635">
 <red-def:arch datatype="string" operation="pattern match">aarch64|ppc64le|s390x|x86_64</red-def:arch>
 <red-def:evr datatype="evr_string" operation="less than">0:1.6.4-4.module+el8.1.1+5885+44006e55</red-def:evr>
</red-def:rpminfo_state>
<red-def:rpminfo_state id="oval:com.redhat.rhsa:ste:20201379010" version="635">
 <red-def:evr datatype="evr_string" operation="less than">0:1.6.4-4.module+el8.1.1+5885+44006e55</red-def:evr>
</red-def:rpminfo_state>
<red-def:rpminfo_state id="oval:com.redhat.rhsa:ste:20201379013" version="635">
 <red-def:arch datatype="string" operation="pattern match">aarch64|ppc64le|s390x|x86_64</red-def:arch>
 <red-def:evr datatype="evr_string" operation="less than">0:0.4.2-3.git21fdece.module+el8.1.1+5657+524a77d7</red-def:evr>
</red-def:rpminfo_state>
<red-def:rpminfo_state id="oval:com.redhat.rhsa:ste:20201406001" version="638">
 <red-def:arch datatype="string" operation="pattern match">aarch64|ppc64le|s390x|x86_64</red-def:arch>
 <red-def:evr datatype="evr_string" operation="less than">0:68.7.0-2.el8_1</red-def:evr>
</red-def:rpminfo_state>
<red-def:rpminfo_state id="oval:com.redhat.rhsa:ste:20201495001" version="636">
 <red-def:arch datatype="string" operation="pattern match">ppc64le|x86_64</red-def:arch>
 <red-def:evr datatype="evr_string" operation="less than">0:68.7.0-1.el8_1</red-def:evr>
</red-def:rpminfo_state>
<red-def:rpminfo_state id="oval:com.redhat.rhsa:ste:20201497001" version="636">
 <red-def:arch datatype="string" operation="pattern match">aarch64|ppc64le|s390x|x86_64</red-def:arch>
 <red-def:evr datatype="evr_string" operation="less than">0:1.9.0-14.el8_1</red-def:evr>
</red-def:rpminfo_state>
<red-def:rpminfo_state id="oval:com.redhat.rhsa:ste:20201497003" version="636">
 <red-def:evr datatype="evr_string" operation="less than">0:1.9.0-14.el8_1</red-def:evr>
</red-def:rpminfo_state>
<red-def:rpminfo_state id="oval:com.redhat.rhsa:ste:20201497004" version="636">
 <red-def:arch datatype="string" operation="pattern match">aarch64|ppc64le|x86_64</red-def:arch>
 <red-def:evr datatype="evr_string" operation="less than">0:1.9.0-14.el8_1</red-def:evr>
</red-def:rpminfo_state>
<red-def:rpminfo_state id="oval:com.redhat.rhsa:ste:20201513001" version="636">
 <red-def:arch datatype="string" operation="pattern match">aarch64|ppc64le|s390x|x86_64</red-def:arch>
 <red-def:evr datatype="evr_string" operation="less than">0:2.18.2-2.el8_1</red-def:evr>
</red-def:rpminfo_state>
<red-def:rpminfo_state id="oval:com.redhat.rhsa:ste:20201513003" version="636">
 <red-def:evr datatype="evr_string" operation="less than">0:2.18.2-2.el8_1</red-def:evr>
</red-def:rpminfo_state>
<red-def:rpminfo_state id="oval:com.redhat.rhsa:ste:20201514001" version="636">
 <red-def:arch datatype="string" operation="pattern match">aarch64|ppc64le|s390x|x86_64</red-def:arch>
 <red-def:evr datatype="evr_string" operation="less than">1:11.0.7.10-1.el8_1</red-def:evr>
</red-def:rpminfo_state>
<red-def:rpminfo_state id="oval:com.redhat.rhsa:ste:20201515001" version="635">
 <red-def:arch datatype="string" operation="pattern match">aarch64|ppc64le|s390x|x86_64</red-def:arch>
 <red-def:evr datatype="evr_string" operation="less than">1:1.8.0.252.b09-2.el8_1</red-def:evr>
</red-def:rpminfo_state>
<red-def:rpminfo_state id="oval:com.redhat.rhsa:ste:20201515003" version="635">
 <red-def:evr datatype="evr_string" operation="less than">1:1.8.0.252.b09-2.el8_1</red-def:evr>
</red-def:rpminfo_state>
<red-def:rpminfo_state id="oval:com.redhat.rhsa:ste:20201567001" version="642">
 <red-def:arch datatype="string" operation="equals">x86_64</red-def:arch>
 <red-def:evr datatype="evr_string" operation="less than">0:4.18.0-193.rt13.51.el8</red-def:evr>
</red-def:rpminfo_state>
<unix-def:uname_state id="oval:com.redhat.rhsa:ste:20201567003" version="642">
 <unix-def:os_release operation="pattern match">([0-3]\.\d+\.\d+-)|(4\.([0-9]|1[0-7])\.\d+-)|(4\.18\.0-([0-9]{1,2}|1[0-8][0-9]|19[0-2])\.)</unix-def:os_release>
</unix-def:uname_state>
<ind-def:textfilecontent54_state id="oval:com.redhat.rhsa:ste:20201567004" version="642">
 <ind-def:text operation="pattern match">([0-3]\.\d+\.\d+-)|(4\.([0-9]|1[0-7])\.\d+-)|(4\.18\.0-([0-9]{1,2}|1[0-8][0-9]|19[0-2])\.)</ind-def:text>
</ind-def:textfilecontent54_state>
<red-def:rpminfo_state id="oval:com.redhat.rhsa:ste:20201576001" version="636">
 <red-def:arch datatype="string" operation="pattern match">aarch64|ppc64le|s390x|x86_64</red-def:arch>
 <red-def:evr datatype="evr_string" operation="less than">0:1.5.9-3.el8</red-def:evr>
</red-def:rpminfo_state>
<red-def:rpminfo_state id="oval:com.redhat.rhsa:ste:20201577001" version="637">
 <red-def:arch datatype="string" operation="pattern match">ppc64le|x86_64</red-def:arch>
 <red-def:evr datatype="evr_string" operation="less than">0:3.28.0-3.el8</red-def:evr>
</red-def:rpminfo_state>
<red-def:rpminfo_state id="oval:com.redhat.rhsa:ste:20201577003" version="637">
 <red-def:arch datatype="string" operation="pattern match">aarch64|i686|ppc64le|s390x|x86_64</red-def:arch>
 <red-def:evr datatype="evr_string" operation="less than">0:0.10.8-4.el8</red-def:evr>
</red-def:rpminfo_state>
<red-def:rpminfo_state id="oval:com.redhat.rhsa:ste:20201577004" version="637">
 <red-def:arch datatype="string" operation="pattern match">aarch64|i686|ppc64le|s390x|x86_64</red-def:arch>
 <red-def:evr datatype="evr_string" operation="less than">0:0.2.0-39.el8</red-def:evr>
</red-def:rpminfo_state>
<red-def:rpminfo_state id="oval:com.redhat.rhsa:ste:20201577005" version="637">
 <red-def:arch datatype="string" operation="pattern match">aarch64|ppc64le|s390x|x86_64</red-def:arch>
 <red-def:evr datatype="evr_string" operation="less than">0:0.27.2-5.el8</red-def:evr>
</red-def:rpminfo_state>
<red-def:rpminfo_state id="oval:com.redhat.rhsa:ste:20201577006" version="637">
 <red-def:arch datatype="string" operation="pattern match">aarch64|i686|ppc64le|s390x|x86_64</red-def:arch>
 <red-def:evr datatype="evr_string" operation="less than">0:0.27.2-5.el8</red-def:evr>
</red-def:rpminfo_state>
<red-def:rpminfo_state id="oval:com.redhat.rhsa:ste:20201577007" version="637">
 <red-def:evr datatype="evr_string" operation="less than">0:0.27.2-5.el8</red-def:evr>
</red-def:rpminfo_state>
<red-def:rpminfo_state id="oval:com.redhat.rhsa:ste:20201581001" version="636">
 <red-def:arch datatype="string" operation="pattern match">aarch64|i686|ppc64le|s390x|x86_64</red-def:arch>
 <red-def:evr datatype="evr_string" operation="less than">0:5.1.0-15.el8</red-def:evr>
</red-def:rpminfo_state>
<red-def:rpminfo_state id="oval:com.redhat.rhsa:ste:20201598001" version="638">
 <red-def:evr datatype="evr_string" operation="less than">1:6.0.6.1-20.el8</red-def:evr>
</red-def:rpminfo_state>
<red-def:rpminfo_state id="oval:com.redhat.rhsa:ste:20201598003" version="638">
 <red-def:arch datatype="string" operation="equals">x86_64</red-def:arch>
 <red-def:evr datatype="evr_string" operation="less than">1:6.0.6.1-20.el8</red-def:evr>
</red-def:rpminfo_state>
<red-def:rpminfo_state id="oval:com.redhat.rhsa:ste:20201598004" version="638">
 <red-def:arch datatype="string" operation="pattern match">ppc64le|x86_64</red-def:arch>
 <red-def:evr datatype="evr_string" operation="less than">1:6.0.6.1-20.el8</red-def:evr>
</red-def:rpminfo_state>
<red-def:rpminfo_state id="oval:com.redhat.rhsa:ste:20201600001" version="636">
 <red-def:arch datatype="string" operation="pattern match">aarch64|ppc64le|x86_64</red-def:arch>
 <red-def:evr datatype="evr_string" operation="less than">0:3.28.5-9.el8</red-def:evr>
</red-def:rpminfo_state>
<red-def:rpminfo_state id="oval:com.redhat.rhsa:ste:20201600004" version="636">
 <red-def:arch datatype="string" operation="pattern match">aarch64|ppc64le|x86_64</red-def:arch>
 <red-def:evr datatype="evr_string" operation="less than">0:3.28.5-12.el8</red-def:evr>
</red-def:rpminfo_state>
<red-def:rpminfo_state id="oval:com.redhat.rhsa:ste:20201600005" version="636">
 <red-def:arch datatype="string" operation="pattern match">aarch64|i686|ppc64le|x86_64</red-def:arch>
 <red-def:evr datatype="evr_string" operation="less than">0:3.28.5-12.el8</red-def:evr>
</red-def:rpminfo_state>
<red-def:rpminfo_state id="oval:com.redhat.rhsa:ste:20201600006" version="636">
 <red-def:evr datatype="evr_string" operation="less than">0:3.28.5-12.el8</red-def:evr>
</red-def:rpminfo_state>
<red-def:rpminfo_state id="oval:com.redhat.rhsa:ste:20201600007" version="636">
 <red-def:arch datatype="string" operation="pattern match">aarch64|i686|ppc64le|x86_64</red-def:arch>
 <red-def:evr datatype="evr_string" operation="less than">0:3.28.5-13.el8</red-def:evr>
</red-def:rpminfo_state>
<red-def:rpminfo_state id="oval:com.redhat.rhsa:ste:20201600008" version="636">
 <red-def:evr datatype="evr_string" operation="less than">0:3.28.5-13.el8</red-def:evr>
</red-def:rpminfo_state>
<red-def:rpminfo_state id="oval:com.redhat.rhsa:ste:20201600009" version="636">
 <red-def:arch datatype="string" operation="pattern match">aarch64|ppc64le|x86_64</red-def:arch>
 <red-def:evr datatype="evr_string" operation="less than">0:3.28.5-13.el8</red-def:evr>
</red-def:rpminfo_state>
<red-def:rpminfo_state id="oval:com.redhat.rhsa:ste:20201604001" version="638">
 <red-def:arch datatype="string" operation="pattern match">aarch64|ppc64le|s390x|x86_64</red-def:arch>
 <red-def:evr datatype="evr_string" operation="less than">14:4.9.2-6.el8</red-def:evr>
</red-def:rpminfo_state>
<red-def:rpminfo_state id="oval:com.redhat.rhsa:ste:20201605006" version="637">
 <red-def:arch datatype="string" operation="pattern match">aarch64|ppc64le|s390x|x86_64</red-def:arch>
 <red-def:evr datatype="evr_string" operation="less than">0:2.7.17-1.module+el8.2.0+4561+f4e0d66a</red-def:evr>
</red-def:rpminfo_state>
<red-def:rpminfo_state id="oval:com.redhat.rhsa:ste:20201605027" version="637">
 <red-def:evr datatype="evr_string" operation="less than">0:9.0.3-16.module+el8.2.0+5478+b505947e</red-def:evr>
</red-def:rpminfo_state>
<red-def:rpminfo_state id="oval:com.redhat.rhsa:ste:20201605036" version="637">
 <red-def:evr datatype="evr_string" operation="less than">0:2.20.0-3.module+el8.2.0+4577+feefd9b8</red-def:evr>
</red-def:rpminfo_state>
<red-def:rpminfo_state id="oval:com.redhat.rhsa:ste:20201616001" version="635">
 <red-def:arch datatype="string" operation="pattern match">aarch64|ppc64le|s390x|x86_64</red-def:arch>
 <red-def:evr datatype="evr_string" operation="less than">0:1.1.1-3.el8</red-def:evr>
</red-def:rpminfo_state>
<red-def:rpminfo_state id="oval:com.redhat.rhsa:ste:20201616003" version="635">
 <red-def:arch datatype="string" operation="pattern match">aarch64|i686|ppc64le|s390x|x86_64</red-def:arch>
 <red-def:evr datatype="evr_string" operation="less than">0:1.1.1-3.el8</red-def:evr>
</red-def:rpminfo_state>
<red-def:rpminfo_state id="oval:com.redhat.rhsa:ste:20201624004" version="636">
 <red-def:arch datatype="string" operation="pattern match">aarch64|ppc64le|s390x|x86_64</red-def:arch>
 <red-def:evr datatype="evr_string" operation="less than">0:7.2.24-1.module+el8.2.0+4601+7c76a223</red-def:evr>
</red-def:rpminfo_state>
<red-def:rpminfo_state id="oval:com.redhat.rhsa:ste:20201631001" version="639">
 <red-def:arch datatype="string" operation="pattern match">aarch64|i686|ppc64le|s390x|x86_64</red-def:arch>
 <red-def:evr datatype="evr_string" operation="less than">0:0.4.28-3.el8</red-def:evr>
</red-def:rpminfo_state>
<red-def:rpminfo_state id="oval:com.redhat.rhsa:ste:20201631003" version="639">
 <red-def:arch datatype="string" operation="pattern match">aarch64|ppc64le|s390x|x86_64</red-def:arch>
 <red-def:evr datatype="evr_string" operation="less than">0:0.4.28-3.el8</red-def:evr>
</red-def:rpminfo_state>
<red-def:rpminfo_state id="oval:com.redhat.rhsa:ste:20201631004" version="639">
 <red-def:arch datatype="string" operation="pattern match">aarch64|i686|ppc64le|s390x|x86_64</red-def:arch>
 <red-def:evr datatype="evr_string" operation="less than">0:1.16.1-1.el8</red-def:evr>
</red-def:rpminfo_state>
<red-def:rpminfo_state id="oval:com.redhat.rhsa:ste:20201631005" version="639">
 <red-def:arch datatype="string" operation="pattern match">aarch64|i686|ppc64le|x86_64</red-def:arch>
 <red-def:evr datatype="evr_string" operation="less than">0:1.16.1-1.el8</red-def:evr>
</red-def:rpminfo_state>
<red-def:rpminfo_state id="oval:com.redhat.rhsa:ste:20201631006" version="639">
 <red-def:arch datatype="string" operation="pattern match">aarch64|i686|ppc64le|s390x|x86_64</red-def:arch>
 <red-def:evr datatype="evr_string" operation="less than">0:1.16.1-2.el8</red-def:evr>
</red-def:rpminfo_state>
<red-def:rpminfo_state id="oval:com.redhat.rhsa:ste:20201631007" version="639">
 <red-def:arch datatype="string" operation="pattern match">aarch64|i686|ppc64le|s390x|x86_64</red-def:arch>
 <red-def:evr datatype="evr_string" operation="less than">0:1.2.15-37.el8</red-def:evr>
</red-def:rpminfo_state>
<red-def:rpminfo_state id="oval:com.redhat.rhsa:ste:20201631008" version="639">
 <red-def:arch datatype="string" operation="pattern match">aarch64|i686|ppc64le|s390x|x86_64</red-def:arch>
 <red-def:evr datatype="evr_string" operation="less than">0:2.0.10-2.el8</red-def:evr>
</red-def:rpminfo_state>
<red-def:rpminfo_state id="oval:com.redhat.rhsa:ste:20201631009" version="639">
 <red-def:arch datatype="string" operation="pattern match">aarch64|i686|ppc64le|s390x|x86_64</red-def:arch>
 <red-def:evr datatype="evr_string" operation="less than">0:0.15.1b-25.el8</red-def:evr>
</red-def:rpminfo_state>
<red-def:rpminfo_state id="oval:com.redhat.rhsa:ste:20201635001" version="638">
 <red-def:arch datatype="string" operation="pattern match">aarch64|i686|ppc64le|s390x|x86_64</red-def:arch>
 <red-def:evr datatype="evr_string" operation="less than">0:8.2-11.el8</red-def:evr>
</red-def:rpminfo_state>
<red-def:rpminfo_state id="oval:com.redhat.rhsa:ste:20201635003" version="638">
 <red-def:evr datatype="evr_string" operation="less than">0:8.2-11.el8</red-def:evr>
</red-def:rpminfo_state>
<red-def:rpminfo_state id="oval:com.redhat.rhsa:ste:20201635004" version="638">
 <red-def:arch datatype="string" operation="pattern match">aarch64|ppc64le|s390x|x86_64</red-def:arch>
 <red-def:evr datatype="evr_string" operation="less than">0:8.2-11.el8</red-def:evr>
</red-def:rpminfo_state>
<red-def:rpminfo_state id="oval:com.redhat.rhsa:ste:20201636001" version="637">
 <red-def:arch datatype="string" operation="pattern match">aarch64|i686|ppc64le|s390x|x86_64</red-def:arch>
 <red-def:evr datatype="evr_string" operation="less than">0:1.0.28-10.el8</red-def:evr>
</red-def:rpminfo_state>
<red-def:rpminfo_state id="oval:com.redhat.rhsa:ste:20201644008" version="641">
 <red-def:evr datatype="evr_string" operation="less than">0:2.10.0-1.module+el8.2.0+5059+3eb3af25</red-def:evr>
</red-def:rpminfo_state>
<red-def:rpminfo_state id="oval:com.redhat.rhsa:ste:20201644027" version="641">
 <red-def:arch datatype="string" operation="pattern match">aarch64|ppc64le|s390x|x86_64</red-def:arch>
 <red-def:evr datatype="evr_string" operation="less than">0:4.6.2-4.module+el8.2.0+6123+b4678599</red-def:evr>
</red-def:rpminfo_state>
<red-def:rpminfo_state id="oval:com.redhat.rhsa:ste:20201644028" version="641">
 <red-def:evr datatype="evr_string" operation="less than">0:4.21.0-2.module+el8.2.0+4573+c3c38c7b</red-def:evr>
</red-def:rpminfo_state>
<red-def:rpminfo_state id="oval:com.redhat.rhsa:ste:20201644029" version="641">
 <red-def:evr datatype="evr_string" operation="less than">0:10.8.3-1.module+el8.2.0+5925+bad5981a</red-def:evr>
</red-def:rpminfo_state>
<red-def:rpminfo_state id="oval:com.redhat.rhsa:ste:20201644030" version="641">
 <red-def:arch datatype="string" operation="pattern match">aarch64|ppc64le|s390x|x86_64</red-def:arch>
 <red-def:evr datatype="evr_string" operation="less than">0:10.8.3-1.module+el8.2.0+5925+bad5981a</red-def:evr>
</red-def:rpminfo_state>
<red-def:rpminfo_state id="oval:com.redhat.rhsa:ste:20201644031" version="641">
 <red-def:evr datatype="evr_string" operation="less than">0:7.4.1-2.module+el8.2.0+4573+c3c38c7b</red-def:evr>
</red-def:rpminfo_state>
<red-def:rpminfo_state id="oval:com.redhat.rhsa:ste:20201650001" version="645">
 <red-def:arch datatype="string" operation="pattern match">aarch64|ppc64le|s390x|x86_64</red-def:arch>
 <red-def:evr datatype="evr_string" operation="less than">0:1.11.6-7.module+el8.2.0+5856+b8046c6d</red-def:evr>
</red-def:rpminfo_state>
<red-def:rpminfo_state id="oval:com.redhat.rhsa:ste:20201650003" version="645">
 <red-def:evr datatype="evr_string" operation="less than">0:12-1.module+el8.2.0+5950+6d183a6a</red-def:evr>
</red-def:rpminfo_state>
<red-def:rpminfo_state id="oval:com.redhat.rhsa:ste:20201650004" version="645">
 <red-def:arch datatype="string" operation="pattern match">aarch64|ppc64le|s390x|x86_64</red-def:arch>
 <red-def:evr datatype="evr_string" operation="less than">2:2.0.6-1.module+el8.2.0+5182+3136e5d4</red-def:evr>
</red-def:rpminfo_state>
<red-def:rpminfo_state id="oval:com.redhat.rhsa:ste:20201650005" version="645">
 <red-def:evr datatype="evr_string" operation="less than">2:2.124.0-1.module+el8.2.0+5182+3136e5d4</red-def:evr>
</red-def:rpminfo_state>
<red-def:rpminfo_state id="oval:com.redhat.rhsa:ste:20201650006" version="645">
 <red-def:arch datatype="string" operation="pattern match">aarch64|ppc64le|s390x|x86_64</red-def:arch>
 <red-def:evr datatype="evr_string" operation="less than">0:0.8.3-5.module+el8.2.0+5201+6b31f0d9</red-def:evr>
</red-def:rpminfo_state>
<red-def:rpminfo_state id="oval:com.redhat.rhsa:ste:20201650007" version="645">
 <red-def:arch datatype="string" operation="pattern match">aarch64|ppc64le|s390x|x86_64</red-def:arch>
 <red-def:evr datatype="evr_string" operation="less than">1:0.1.40-10.module+el8.2.0+5955+6cd70ceb</red-def:evr>
</red-def:rpminfo_state>
<red-def:rpminfo_state id="oval:com.redhat.rhsa:ste:20201650008" version="645">
 <red-def:arch datatype="string" operation="pattern match">aarch64|ppc64le|s390x|x86_64</red-def:arch>
 <red-def:evr datatype="evr_string" operation="less than">0:3.12-9.module+el8.2.0+5029+3ac48e7d</red-def:evr>
</red-def:rpminfo_state>
<red-def:rpminfo_state id="oval:com.redhat.rhsa:ste:20201650009" version="645">
 <red-def:arch datatype="string" operation="pattern match">aarch64|ppc64le|s390x|x86_64</red-def:arch>
 <red-def:evr datatype="evr_string" operation="less than">0:0.7.2-5.module+el8.2.0+6060+9dbc027d</red-def:evr>
</red-def:rpminfo_state>
<red-def:rpminfo_state id="oval:com.redhat.rhsa:ste:20201650010" version="645">
 <red-def:arch datatype="string" operation="pattern match">aarch64|ppc64le|s390x|x86_64</red-def:arch>
 <red-def:evr datatype="evr_string" operation="less than">0:1.6.4-10.module+el8.2.0+6063+e761893a</red-def:evr>
</red-def:rpminfo_state>
<red-def:rpminfo_state id="oval:com.redhat.rhsa:ste:20201650011" version="645">
 <red-def:evr datatype="evr_string" operation="less than">0:1.6.4-10.module+el8.2.0+6063+e761893a</red-def:evr>
</red-def:rpminfo_state>
<red-def:rpminfo_state id="oval:com.redhat.rhsa:ste:20201650012" version="645">
 <red-def:evr datatype="evr_string" operation="less than">0:1.2.0-0.2.gitd0a45fe.module+el8.2.0+5201+6b31f0d9</red-def:evr>
</red-def:rpminfo_state>
<red-def:rpminfo_state id="oval:com.redhat.rhsa:ste:20201650013" version="645">
 <red-def:arch datatype="string" operation="pattern match">aarch64|ppc64le|s390x|x86_64</red-def:arch>
 <red-def:evr datatype="evr_string" operation="less than">0:1.0.0-65.rc10.module+el8.2.0+5762+aaee29fb</red-def:evr>
</red-def:rpminfo_state>
<red-def:rpminfo_state id="oval:com.redhat.rhsa:ste:20201650014" version="645">
 <red-def:arch datatype="string" operation="pattern match">aarch64|ppc64le|s390x|x86_64</red-def:arch>
 <red-def:evr datatype="evr_string" operation="less than">0:0.4.2-3.git21fdece.module+el8.2.0+5658+9a15711d</red-def:evr>
</red-def:rpminfo_state>
<red-def:rpminfo_state id="oval:com.redhat.rhsa:ste:20201650015" version="645">
 <red-def:evr datatype="evr_string" operation="less than">0:0.0.7-1.module+el8.2.0+6096+9c3f08f3</red-def:evr>
</red-def:rpminfo_state>
<red-def:rpminfo_state id="oval:com.redhat.rhsa:ste:20201650016" version="645">
 <red-def:evr datatype="evr_string" operation="less than">0:0.2.1-2.module+el8.2.0+4896+8f613c81</red-def:evr>
</red-def:rpminfo_state>
<red-def:rpminfo_state id="oval:com.redhat.rhsa:ste:20201653001" version="635">
 <red-def:arch datatype="string" operation="pattern match">aarch64|i686|ppc64le|s390x|x86_64</red-def:arch>
 <red-def:evr datatype="evr_string" operation="less than">0:0.13.68-8.el8</red-def:evr>
</red-def:rpminfo_state>
<red-def:rpminfo_state id="oval:com.redhat.rhsa:ste:20201653003" version="635">
 <red-def:arch datatype="string" operation="pattern match">aarch64|ppc64le|s390x|x86_64</red-def:arch>
 <red-def:evr datatype="evr_string" operation="less than">0:0.13.68-8.el8</red-def:evr>
</red-def:rpminfo_state>
<red-def:rpminfo_state id="oval:com.redhat.rhsa:ste:20201659001" version="637">
 <red-def:arch datatype="string" operation="pattern match">aarch64|ppc64le|s390x|x86_64</red-def:arch>
 <red-def:evr datatype="evr_string" operation="less than">0:6.3.6-1.el8</red-def:evr>
</red-def:rpminfo_state>
<red-def:rpminfo_state id="oval:com.redhat.rhsa:ste:20201660001" version="636">
 <red-def:arch datatype="string" operation="pattern match">aarch64|ppc64le|s390x|x86_64</red-def:arch>
 <red-def:evr datatype="evr_string" operation="less than">0:0.14.0-11.el8</red-def:evr>
</red-def:rpminfo_state>
<red-def:rpminfo_state id="oval:com.redhat.rhsa:ste:20201665001" version="637">
 <red-def:evr datatype="evr_string" operation="less than">0:5.13.1-1.el8</red-def:evr>
</red-def:rpminfo_state>
<red-def:rpminfo_state id="oval:com.redhat.rhsa:ste:20201665003" version="637">
 <red-def:arch datatype="string" operation="pattern match">aarch64|i686|ppc64le|s390x|x86_64</red-def:arch>
 <red-def:evr datatype="evr_string" operation="less than">0:5.13.1-1.el8</red-def:evr>
</red-def:rpminfo_state>
<red-def:rpminfo_state id="oval:com.redhat.rhsa:ste:20201665004" version="637">
 <red-def:arch datatype="string" operation="pattern match">aarch64|i686|ppc64le|x86_64</red-def:arch>
 <red-def:evr datatype="evr_string" operation="less than">0:0.4-3.el8</red-def:evr>
</red-def:rpminfo_state>
<red-def:rpminfo_state id="oval:com.redhat.rhsa:ste:20201665005" version="637">
 <red-def:evr datatype="evr_string" operation="less than">0:5.12.5-3.el8</red-def:evr>
</red-def:rpminfo_state>
<red-def:rpminfo_state id="oval:com.redhat.rhsa:ste:20201665006" version="637">
 <red-def:arch datatype="string" operation="pattern match">aarch64|i686|ppc64le|s390x|x86_64</red-def:arch>
 <red-def:evr datatype="evr_string" operation="less than">0:5.12.5-2.el8</red-def:evr>
</red-def:rpminfo_state>
<red-def:rpminfo_state id="oval:com.redhat.rhsa:ste:20201665007" version="637">
 <red-def:arch datatype="string" operation="pattern match">aarch64|ppc64le|s390x|x86_64</red-def:arch>
 <red-def:evr datatype="evr_string" operation="less than">0:5.12.5-2.el8</red-def:evr>
</red-def:rpminfo_state>
<red-def:rpminfo_state id="oval:com.redhat.rhsa:ste:20201665008" version="637">
 <red-def:arch datatype="string" operation="pattern match">aarch64|i686|ppc64le|s390x|x86_64</red-def:arch>
 <red-def:evr datatype="evr_string" operation="less than">0:5.12.5-1.el8</red-def:evr>
</red-def:rpminfo_state>
<red-def:rpminfo_state id="oval:com.redhat.rhsa:ste:20201665009" version="637">
 <red-def:arch datatype="string" operation="pattern match">aarch64|ppc64le|s390x|x86_64</red-def:arch>
 <red-def:evr datatype="evr_string" operation="less than">0:5.12.5-1.el8</red-def:evr>
</red-def:rpminfo_state>
<red-def:rpminfo_state id="oval:com.redhat.rhsa:ste:20201665010" version="637">
 <red-def:evr datatype="evr_string" operation="less than">0:5.12.5-1.el8</red-def:evr>
</red-def:rpminfo_state>
<red-def:rpminfo_state id="oval:com.redhat.rhsa:ste:20201665011" version="637">
 <red-def:arch datatype="string" operation="pattern match">aarch64|ppc64le|s390x|x86_64</red-def:arch>
 <red-def:evr datatype="evr_string" operation="less than">0:4.19.19-1.el8</red-def:evr>
</red-def:rpminfo_state>
<red-def:rpminfo_state id="oval:com.redhat.rhsa:ste:20201665012" version="637">
 <red-def:arch datatype="string" operation="pattern match">aarch64|i686|ppc64le|s390x|x86_64</red-def:arch>
 <red-def:evr datatype="evr_string" operation="less than">0:4.19.19-1.el8</red-def:evr>
</red-def:rpminfo_state>
<red-def:rpminfo_state id="oval:com.redhat.rhsa:ste:20201665013" version="637">
 <red-def:arch datatype="string" operation="pattern match">aarch64|i686|ppc64le|s390x|x86_64</red-def:arch>
 <red-def:evr datatype="evr_string" operation="less than">0:5.12.5-4.el8</red-def:evr>
</red-def:rpminfo_state>
<red-def:rpminfo_state id="oval:com.redhat.rhsa:ste:20201665014" version="637">
 <red-def:evr datatype="evr_string" operation="less than">0:5.12.5-4.el8</red-def:evr>
</red-def:rpminfo_state>
<red-def:rpminfo_state id="oval:com.redhat.rhsa:ste:20201672001" version="636">
 <red-def:arch datatype="string" operation="pattern match">aarch64|ppc64le|s390x|x86_64</red-def:arch>
 <red-def:evr datatype="evr_string" operation="less than">0:3.0.17-7.module+el8.2.0+4847+336970e8</red-def:evr>
</red-def:rpminfo_state>
<red-def:rpminfo_state id="oval:com.redhat.rhsa:ste:20201686001" version="635">
 <red-def:arch datatype="string" operation="pattern match">aarch64|i686|ppc64le|s390x|x86_64</red-def:arch>
 <red-def:evr datatype="evr_string" operation="less than">0:0.7-0.3.alpha.el8.4</red-def:evr>
</red-def:rpminfo_state>
<red-def:rpminfo_state id="oval:com.redhat.rhsa:ste:20201688001" version="637">
 <red-def:arch datatype="string" operation="pattern match">aarch64|i686|ppc64le|s390x|x86_64</red-def:arch>
 <red-def:evr datatype="evr_string" operation="less than">0:4.0.9-17.el8</red-def:evr>
</red-def:rpminfo_state>
<red-def:rpminfo_state id="oval:com.redhat.rhsa:ste:20201688003" version="637">
 <red-def:arch datatype="string" operation="pattern match">aarch64|ppc64le|s390x|x86_64</red-def:arch>
 <red-def:evr datatype="evr_string" operation="less than">0:4.0.9-17.el8</red-def:evr>
</red-def:rpminfo_state>
<red-def:rpminfo_state id="oval:com.redhat.rhsa:ste:20201702001" version="636">
 <red-def:arch datatype="string" operation="pattern match">aarch64|ppc64le|s390x|x86_64</red-def:arch>
 <red-def:evr datatype="evr_string" operation="less than">0:8.1911.0-3.el8</red-def:evr>
</red-def:rpminfo_state>
<red-def:rpminfo_state id="oval:com.redhat.rhsa:ste:20201702003" version="636">
 <red-def:evr datatype="evr_string" operation="less than">0:8.1911.0-3.el8</red-def:evr>
</red-def:rpminfo_state>
<red-def:rpminfo_state id="oval:com.redhat.rhsa:ste:20201708001" version="636">
 <red-def:arch datatype="string" operation="pattern match">aarch64|i686|ppc64le|s390x|x86_64</red-def:arch>
 <red-def:evr datatype="evr_string" operation="less than">0:2.6.2-21.el8</red-def:evr>
</red-def:rpminfo_state>
<red-def:rpminfo_state id="oval:com.redhat.rhsa:ste:20201708003" version="636">
 <red-def:evr datatype="evr_string" operation="less than">0:2.6.2-21.el8</red-def:evr>
</red-def:rpminfo_state>
<red-def:rpminfo_state id="oval:com.redhat.rhsa:ste:20201712001" version="638">
 <red-def:evr datatype="evr_string" operation="less than">0:20190829git37eef91017ad-9.el8</red-def:evr>
</red-def:rpminfo_state>
<red-def:rpminfo_state id="oval:com.redhat.rhsa:ste:20201715001" version="638">
 <red-def:arch datatype="string" operation="pattern match">aarch64|ppc64le|s390x|x86_64</red-def:arch>
 <red-def:evr datatype="evr_string" operation="less than">0:2.79-11.el8</red-def:evr>
</red-def:rpminfo_state>
<red-def:rpminfo_state id="oval:com.redhat.rhsa:ste:20201716001" version="635">
 <red-def:arch datatype="string" operation="pattern match">aarch64|ppc64le|s390x|x86_64</red-def:arch>
 <red-def:evr datatype="evr_string" operation="less than">0:1.7.3-10.el8</red-def:evr>
</red-def:rpminfo_state>
<red-def:rpminfo_state id="oval:com.redhat.rhsa:ste:20201716003" version="635">
 <red-def:arch datatype="string" operation="pattern match">aarch64|i686|ppc64le|s390x|x86_64</red-def:arch>
 <red-def:evr datatype="evr_string" operation="less than">0:1.7.3-10.el8</red-def:evr>
</red-def:rpminfo_state>
<red-def:rpminfo_state id="oval:com.redhat.rhsa:ste:20201725001" version="642">
 <red-def:arch datatype="string" operation="pattern match">aarch64|ppc64le|s390x|x86_64</red-def:arch>
 <red-def:evr datatype="evr_string" operation="less than">0:1.8.23-3.el8</red-def:evr>
</red-def:rpminfo_state>
<red-def:rpminfo_state id="oval:com.redhat.rhsa:ste:20201735001" version="635">
 <red-def:arch datatype="string" operation="pattern match">aarch64|ppc64le|x86_64</red-def:arch>
 <red-def:evr datatype="evr_string" operation="less than">0:19.11-4.el8</red-def:evr>
</red-def:rpminfo_state>
<red-def:rpminfo_state id="oval:com.redhat.rhsa:ste:20201735003" version="635">
 <red-def:evr datatype="evr_string" operation="less than">0:19.11-4.el8</red-def:evr>
</red-def:rpminfo_state>
<red-def:rpminfo_state id="oval:com.redhat.rhsa:ste:20201764001" version="638">
 <red-def:arch datatype="string" operation="pattern match">aarch64|i686|ppc64le|s390x|x86_64</red-def:arch>
 <red-def:evr datatype="evr_string" operation="less than">0:3.6.8-23.el8</red-def:evr>
</red-def:rpminfo_state>
<red-def:rpminfo_state id="oval:com.redhat.rhsa:ste:20201765001" version="638">
 <red-def:arch datatype="string" operation="pattern match">aarch64|ppc64le|s390x|x86_64</red-def:arch>
 <red-def:evr datatype="evr_string" operation="less than">1:2.2.6-33.el8</red-def:evr>
</red-def:rpminfo_state>
<red-def:rpminfo_state id="oval:com.redhat.rhsa:ste:20201765003" version="638">
 <red-def:arch datatype="string" operation="pattern match">aarch64|i686|ppc64le|s390x|x86_64</red-def:arch>
 <red-def:evr datatype="evr_string" operation="less than">1:2.2.6-33.el8</red-def:evr>
</red-def:rpminfo_state>
<red-def:rpminfo_state id="oval:com.redhat.rhsa:ste:20201765004" version="638">
 <red-def:evr datatype="evr_string" operation="less than">1:2.2.6-33.el8</red-def:evr>
</red-def:rpminfo_state>
<red-def:rpminfo_state id="oval:com.redhat.rhsa:ste:20201766001" version="639">
 <red-def:arch datatype="string" operation="pattern match">aarch64|i686|ppc64le|s390x|x86_64</red-def:arch>
 <red-def:evr datatype="evr_string" operation="less than">0:1.36.2-8.el8</red-def:evr>
</red-def:rpminfo_state>
<red-def:rpminfo_state id="oval:com.redhat.rhsa:ste:20201766003" version="639">
 <red-def:arch datatype="string" operation="pattern match">aarch64|ppc64le|x86_64</red-def:arch>
 <red-def:evr datatype="evr_string" operation="less than">0:1.36.2-8.el8</red-def:evr>
</red-def:rpminfo_state>
<red-def:rpminfo_state id="oval:com.redhat.rhsa:ste:20201766004" version="639">
 <red-def:arch datatype="string" operation="pattern match">aarch64|ppc64le|s390x|x86_64</red-def:arch>
 <red-def:evr datatype="evr_string" operation="less than">0:1.36.2-8.el8</red-def:evr>
</red-def:rpminfo_state>
<red-def:rpminfo_state id="oval:com.redhat.rhsa:ste:20201766005" version="639">
 <red-def:arch datatype="string" operation="pattern match">aarch64|ppc64le|s390x|x86_64</red-def:arch>
 <red-def:evr datatype="evr_string" operation="less than">0:3.28.0-4.el8</red-def:evr>
</red-def:rpminfo_state>
<red-def:rpminfo_state id="oval:com.redhat.rhsa:ste:20201766006" version="639">
 <red-def:arch datatype="string" operation="pattern match">aarch64|i686|ppc64le|x86_64</red-def:arch>
 <red-def:evr datatype="evr_string" operation="less than">0:0.19.5-1.el8</red-def:evr>
</red-def:rpminfo_state>
<red-def:rpminfo_state id="oval:com.redhat.rhsa:ste:20201766007" version="639">
 <red-def:arch datatype="string" operation="pattern match">aarch64|ppc64le|x86_64</red-def:arch>
 <red-def:evr datatype="evr_string" operation="less than">0:3.28.4-4.el8</red-def:evr>
</red-def:rpminfo_state>
<red-def:rpminfo_state id="oval:com.redhat.rhsa:ste:20201766008" version="639">
 <red-def:arch datatype="string" operation="pattern match">aarch64|i686|ppc64le|s390x|x86_64</red-def:arch>
 <red-def:evr datatype="evr_string" operation="less than">0:3.28.4-4.el8</red-def:evr>
</red-def:rpminfo_state>
<red-def:rpminfo_state id="oval:com.redhat.rhsa:ste:20201766009" version="639">
 <red-def:arch datatype="string" operation="pattern match">aarch64|i686|ppc64le|x86_64</red-def:arch>
 <red-def:evr datatype="evr_string" operation="less than">0:3.28.2-1.el8</red-def:evr>
</red-def:rpminfo_state>
<red-def:rpminfo_state id="oval:com.redhat.rhsa:ste:20201766010" version="639">
 <red-def:arch datatype="string" operation="pattern match">aarch64|ppc64le|s390x|x86_64</red-def:arch>
 <red-def:evr datatype="evr_string" operation="less than">0:3.22.30-5.el8</red-def:evr>
</red-def:rpminfo_state>
<red-def:rpminfo_state id="oval:com.redhat.rhsa:ste:20201766011" version="639">
 <red-def:arch datatype="string" operation="pattern match">aarch64|i686|ppc64le|s390x|x86_64</red-def:arch>
 <red-def:evr datatype="evr_string" operation="less than">0:3.22.30-5.el8</red-def:evr>
</red-def:rpminfo_state>
<red-def:rpminfo_state id="oval:com.redhat.rhsa:ste:20201766012" version="639">
 <red-def:arch datatype="string" operation="pattern match">aarch64|i686|ppc64le|s390x|x86_64</red-def:arch>
 <red-def:evr datatype="evr_string" operation="less than">0:3.32.0-4.el8</red-def:evr>
</red-def:rpminfo_state>
<red-def:rpminfo_state id="oval:com.redhat.rhsa:ste:20201766013" version="639">
 <red-def:arch datatype="string" operation="pattern match">aarch64|i686|ppc64le|x86_64</red-def:arch>
 <red-def:evr datatype="evr_string" operation="less than">0:3.32.0-4.el8</red-def:evr>
</red-def:rpminfo_state>
<red-def:rpminfo_state id="oval:com.redhat.rhsa:ste:20201766014" version="639">
 <red-def:arch datatype="string" operation="pattern match">aarch64|ppc64le|x86_64</red-def:arch>
 <red-def:evr datatype="evr_string" operation="less than">0:3.28.1-8.el8</red-def:evr>
</red-def:rpminfo_state>
<red-def:rpminfo_state id="oval:com.redhat.rhsa:ste:20201766015" version="639">
 <red-def:arch datatype="string" operation="pattern match">aarch64|ppc64le|x86_64</red-def:arch>
 <red-def:evr datatype="evr_string" operation="less than">0:3.32.0-9.el8</red-def:evr>
</red-def:rpminfo_state>
<red-def:rpminfo_state id="oval:com.redhat.rhsa:ste:20201766016" version="639">
 <red-def:arch datatype="string" operation="pattern match">aarch64|ppc64le|x86_64</red-def:arch>
 <red-def:evr datatype="evr_string" operation="less than">0:0.1.6-8.el8</red-def:evr>
</red-def:rpminfo_state>
<red-def:rpminfo_state id="oval:com.redhat.rhsa:ste:20201766017" version="639">
 <red-def:evr datatype="evr_string" operation="less than">0:8-20191129.el8</red-def:evr>
</red-def:rpminfo_state>
<red-def:rpminfo_state id="oval:com.redhat.rhsa:ste:20201766018" version="639">
 <red-def:arch datatype="string" operation="pattern match">aarch64|i686|ppc64le|x86_64</red-def:arch>
 <red-def:evr datatype="evr_string" operation="less than">0:3.13.3-11.el8</red-def:evr>
</red-def:rpminfo_state>
<red-def:rpminfo_state id="oval:com.redhat.rhsa:ste:20201766019" version="639">
 <red-def:arch datatype="string" operation="pattern match">aarch64|i686|ppc64le|x86_64</red-def:arch>
 <red-def:evr datatype="evr_string" operation="less than">0:3.28.1-12.el8</red-def:evr>
</red-def:rpminfo_state>
<red-def:rpminfo_state id="oval:com.redhat.rhsa:ste:20201766020" version="639">
 <red-def:arch datatype="string" operation="pattern match">aarch64|ppc64le|x86_64</red-def:arch>
 <red-def:evr datatype="evr_string" operation="less than">0:3.28.3-1.el8</red-def:evr>
</red-def:rpminfo_state>
<red-def:rpminfo_state id="oval:com.redhat.rhsa:ste:20201766021" version="639">
 <red-def:arch datatype="string" operation="pattern match">aarch64|ppc64le|x86_64</red-def:arch>
 <red-def:evr datatype="evr_string" operation="less than">0:0.6.50-8.el8</red-def:evr>
</red-def:rpminfo_state>
<red-def:rpminfo_state id="oval:com.redhat.rhsa:ste:20201766022" version="639">
 <red-def:arch datatype="string" operation="pattern match">aarch64|i686|ppc64le|x86_64</red-def:arch>
 <red-def:evr datatype="evr_string" operation="less than">0:0.6.50-8.el8</red-def:evr>
</red-def:rpminfo_state>
<red-def:rpminfo_state id="oval:com.redhat.rhsa:ste:20201766023" version="639">
 <red-def:arch datatype="string" operation="pattern match">aarch64|i686|ppc64le|s390x|x86_64</red-def:arch>
 <red-def:evr datatype="evr_string" operation="less than">0:1.1.32-4.el8</red-def:evr>
</red-def:rpminfo_state>
<red-def:rpminfo_state id="oval:com.redhat.rhsa:ste:20201766024" version="639">
 <red-def:arch datatype="string" operation="pattern match">aarch64|ppc64le|s390x|x86_64</red-def:arch>
 <red-def:evr datatype="evr_string" operation="less than">0:3.22.0-21.el8</red-def:evr>
</red-def:rpminfo_state>
<red-def:rpminfo_state id="oval:com.redhat.rhsa:ste:20201766025" version="639">
 <red-def:arch datatype="string" operation="equals">x86_64</red-def:arch>
 <red-def:evr datatype="evr_string" operation="less than">0:3.28.5-8.el8</red-def:evr>
</red-def:rpminfo_state>
<red-def:rpminfo_state id="oval:com.redhat.rhsa:ste:20201766026" version="639">
 <red-def:arch datatype="string" operation="pattern match">aarch64|ppc64le|x86_64</red-def:arch>
 <red-def:evr datatype="evr_string" operation="less than">0:3.30.6-3.el8</red-def:evr>
</red-def:rpminfo_state>
<red-def:rpminfo_state id="oval:com.redhat.rhsa:ste:20201766027" version="639">
 <red-def:arch datatype="string" operation="pattern match">aarch64|i686|ppc64le|x86_64</red-def:arch>
 <red-def:evr datatype="evr_string" operation="less than">1:3.28.3-29.el8</red-def:evr>
</red-def:rpminfo_state>
<red-def:rpminfo_state id="oval:com.redhat.rhsa:ste:20201766028" version="639">
 <red-def:arch datatype="string" operation="pattern match">aarch64|i686|ppc64le|s390x|x86_64</red-def:arch>
 <red-def:evr datatype="evr_string" operation="less than">0:52.9.0-2.el8</red-def:evr>
</red-def:rpminfo_state>
<red-def:rpminfo_state id="oval:com.redhat.rhsa:ste:20201766029" version="639">
 <red-def:arch datatype="string" operation="pattern match">aarch64|i686|ppc64le|s390x|x86_64</red-def:arch>
 <red-def:evr datatype="evr_string" operation="less than">0:0.40.19-1.el8</red-def:evr>
</red-def:rpminfo_state>
<red-def:rpminfo_state id="oval:com.redhat.rhsa:ste:20201766030" version="639">
 <red-def:arch datatype="string" operation="pattern match">aarch64|i686|ppc64le|s390x|x86_64</red-def:arch>
 <red-def:evr datatype="evr_string" operation="less than">0:60.9.0-4.el8</red-def:evr>
</red-def:rpminfo_state>
<red-def:rpminfo_state id="oval:com.redhat.rhsa:ste:20201766031" version="639">
 <red-def:arch datatype="string" operation="pattern match">aarch64|i686|ppc64le|s390x|x86_64</red-def:arch>
 <red-def:evr datatype="evr_string" operation="less than">0:1.56.2-4.el8</red-def:evr>
</red-def:rpminfo_state>
<red-def:rpminfo_state id="oval:com.redhat.rhsa:ste:20201766032" version="639">
 <red-def:evr datatype="evr_string" operation="less than">0:3.28.1-7.el8</red-def:evr>
</red-def:rpminfo_state>
<red-def:rpminfo_state id="oval:com.redhat.rhsa:ste:20201766033" version="639">
 <red-def:arch datatype="string" operation="pattern match">aarch64|i686|ppc64le|s390x|x86_64</red-def:arch>
 <red-def:evr datatype="evr_string" operation="less than">0:1.26.2-8.el8</red-def:evr>
</red-def:rpminfo_state>
<red-def:rpminfo_state id="oval:com.redhat.rhsa:ste:20201766034" version="639">
 <red-def:arch datatype="string" operation="pattern match">aarch64|ppc64le|s390x|x86_64</red-def:arch>
 <red-def:evr datatype="evr_string" operation="less than">0:1.26.2-8.el8</red-def:evr>
</red-def:rpminfo_state>
<red-def:rpminfo_state id="oval:com.redhat.rhsa:ste:20201766035" version="639">
 <red-def:arch datatype="string" operation="pattern match">aarch64|ppc64le|x86_64</red-def:arch>
 <red-def:evr datatype="evr_string" operation="less than">0:3.28.2-19.el8</red-def:evr>
</red-def:rpminfo_state>
<red-def:rpminfo_state id="oval:com.redhat.rhsa:ste:20201766036" version="639">
 <red-def:evr datatype="evr_string" operation="less than">0:3.28.2-19.el8</red-def:evr>
</red-def:rpminfo_state>
<red-def:rpminfo_state id="oval:com.redhat.rhsa:ste:20201766037" version="639">
 <red-def:arch datatype="string" operation="pattern match">aarch64|ppc64le|x86_64</red-def:arch>
 <red-def:evr datatype="evr_string" operation="less than">0:3.32.2-14.el8</red-def:evr>
</red-def:rpminfo_state>
<red-def:rpminfo_state id="oval:com.redhat.rhsa:ste:20201766038" version="639">
 <red-def:arch datatype="string" operation="pattern match">aarch64|i686|ppc64le|x86_64</red-def:arch>
 <red-def:evr datatype="evr_string" operation="less than">0:3.32.2-34.el8</red-def:evr>
</red-def:rpminfo_state>
<red-def:rpminfo_state id="oval:com.redhat.rhsa:ste:20201766039" version="639">
 <red-def:arch datatype="string" operation="pattern match">aarch64|i686|ppc64le|s390x|x86_64</red-def:arch>
 <red-def:evr datatype="evr_string" operation="less than">0:0.9.11-14.el8</red-def:evr>
</red-def:rpminfo_state>
<red-def:rpminfo_state id="oval:com.redhat.rhsa:ste:20201769001" version="641">
 <red-def:arch datatype="string" operation="pattern match">aarch64|ppc64le|s390x|x86_64</red-def:arch>
 <red-def:evr datatype="evr_string" operation="less than">0:4.18.0-193.el8</red-def:evr>
</red-def:rpminfo_state>
<red-def:rpminfo_state id="oval:com.redhat.rhsa:ste:20201769003" version="641">
 <red-def:evr datatype="evr_string" operation="less than">0:4.18.0-193.el8</red-def:evr>
</red-def:rpminfo_state>
<red-def:rpminfo_state id="oval:com.redhat.rhsa:ste:20201769004" version="641">
 <red-def:arch datatype="string" operation="pattern match">aarch64|ppc64le|x86_64</red-def:arch>
 <red-def:evr datatype="evr_string" operation="less than">0:4.18.0-193.el8</red-def:evr>
</red-def:rpminfo_state>
<red-def:rpminfo_state id="oval:com.redhat.rhsa:ste:20201769005" version="641">
 <red-def:arch datatype="string" operation="equals">s390x</red-def:arch>
 <red-def:evr datatype="evr_string" operation="less than">0:4.18.0-193.el8</red-def:evr>
</red-def:rpminfo_state>
<red-def:rpminfo_state id="oval:com.redhat.rhsa:ste:20201787001" version="635">
 <red-def:arch datatype="string" operation="pattern match">aarch64|ppc64le|s390x|x86_64</red-def:arch>
 <red-def:evr datatype="evr_string" operation="less than">0:6.0-43.el8</red-def:evr>
</red-def:rpminfo_state>
<red-def:rpminfo_state id="oval:com.redhat.rhsa:ste:20201792001" version="635">
 <red-def:arch datatype="string" operation="pattern match">aarch64|ppc64le|s390x|x86_64</red-def:arch>
 <red-def:evr datatype="evr_string" operation="less than">0:7.61.1-12.el8</red-def:evr>
</red-def:rpminfo_state>
<red-def:rpminfo_state id="oval:com.redhat.rhsa:ste:20201792003" version="635">
 <red-def:arch datatype="string" operation="pattern match">aarch64|i686|ppc64le|s390x|x86_64</red-def:arch>
 <red-def:evr datatype="evr_string" operation="less than">0:7.61.1-12.el8</red-def:evr>
</red-def:rpminfo_state>
<red-def:rpminfo_state id="oval:com.redhat.rhsa:ste:20201794001" version="638">
 <red-def:arch datatype="string" operation="pattern match">aarch64|i686|ppc64le|s390x|x86_64</red-def:arch>
 <red-def:evr datatype="evr_string" operation="less than">0:239-29.el8</red-def:evr>
</red-def:rpminfo_state>
<red-def:rpminfo_state id="oval:com.redhat.rhsa:ste:20201794003" version="638">
 <red-def:arch datatype="string" operation="pattern match">aarch64|ppc64le|s390x|x86_64</red-def:arch>
 <red-def:evr datatype="evr_string" operation="less than">0:239-29.el8</red-def:evr>
</red-def:rpminfo_state>
<red-def:rpminfo_state id="oval:com.redhat.rhsa:ste:20201797001" version="639">
 <red-def:arch datatype="string" operation="pattern match">aarch64|ppc64le|s390x|x86_64</red-def:arch>
 <red-def:evr datatype="evr_string" operation="less than">0:2.30-73.el8</red-def:evr>
</red-def:rpminfo_state>
<red-def:rpminfo_state id="oval:com.redhat.rhsa:ste:20201797003" version="639">
 <red-def:arch datatype="string" operation="pattern match">aarch64|i686|ppc64le|s390x|x86_64</red-def:arch>
 <red-def:evr datatype="evr_string" operation="less than">0:2.30-73.el8</red-def:evr>
</red-def:rpminfo_state>
<red-def:rpminfo_state id="oval:com.redhat.rhsa:ste:20201804001" version="638">
 <red-def:arch datatype="string" operation="pattern match">aarch64|ppc64le|s390x|x86_64</red-def:arch>
 <red-def:evr datatype="evr_string" operation="less than">0:1.8.29-5.el8</red-def:evr>
</red-def:rpminfo_state>
<red-def:rpminfo_state id="oval:com.redhat.rhsa:ste:20201810001" version="638">
 <red-def:arch datatype="string" operation="pattern match">aarch64|ppc64le|s390x|x86_64</red-def:arch>
 <red-def:evr datatype="evr_string" operation="less than">0:3.26.0-6.el8</red-def:evr>
</red-def:rpminfo_state>
<red-def:rpminfo_state id="oval:com.redhat.rhsa:ste:20201810003" version="638">
 <red-def:arch datatype="string" operation="pattern match">aarch64|i686|ppc64le|s390x|x86_64</red-def:arch>
 <red-def:evr datatype="evr_string" operation="less than">0:3.26.0-6.el8</red-def:evr>
</red-def:rpminfo_state>
<red-def:rpminfo_state id="oval:com.redhat.rhsa:ste:20201810004" version="638">
 <red-def:evr datatype="evr_string" operation="less than">0:3.26.0-6.el8</red-def:evr>
</red-def:rpminfo_state>
<red-def:rpminfo_state id="oval:com.redhat.rhsa:ste:20201827001" version="635">
 <red-def:arch datatype="string" operation="pattern match">aarch64|i686|ppc64le|s390x|x86_64</red-def:arch>
 <red-def:evr datatype="evr_string" operation="less than">0:2.9.7-7.el8</red-def:evr>
</red-def:rpminfo_state>
<red-def:rpminfo_state id="oval:com.redhat.rhsa:ste:20201827003" version="635">
 <red-def:arch datatype="string" operation="pattern match">aarch64|ppc64le|s390x|x86_64</red-def:arch>
 <red-def:evr datatype="evr_string" operation="less than">0:2.9.7-7.el8</red-def:evr>
</red-def:rpminfo_state>
<red-def:rpminfo_state id="oval:com.redhat.rhsa:ste:20201828001" version="636">
 <red-def:arch datatype="string" operation="pattern match">aarch64|ppc64le|s390x|x86_64</red-def:arch>
 <red-def:evr datatype="evr_string" operation="less than">0:2.28-101.el8</red-def:evr>
</red-def:rpminfo_state>
<red-def:rpminfo_state id="oval:com.redhat.rhsa:ste:20201828003" version="636">
 <red-def:arch datatype="string" operation="pattern match">aarch64|i686|ppc64le|s390x|x86_64</red-def:arch>
 <red-def:evr datatype="evr_string" operation="less than">0:2.28-101.el8</red-def:evr>
</red-def:rpminfo_state>
<red-def:rpminfo_state id="oval:com.redhat.rhsa:ste:20201840001" version="637">
 <red-def:arch datatype="string" operation="pattern match">aarch64|ppc64le|s390x|x86_64</red-def:arch>
 <red-def:evr datatype="evr_string" operation="less than">1:1.1.1c-15.el8</red-def:evr>
</red-def:rpminfo_state>
<red-def:rpminfo_state id="oval:com.redhat.rhsa:ste:20201840003" version="637">
 <red-def:arch datatype="string" operation="pattern match">aarch64|i686|ppc64le|s390x|x86_64</red-def:arch>
 <red-def:evr datatype="evr_string" operation="less than">1:1.1.1c-15.el8</red-def:evr>
</red-def:rpminfo_state>
<red-def:rpminfo_state id="oval:com.redhat.rhsa:ste:20201845001" version="638">
 <red-def:arch datatype="string" operation="pattern match">aarch64|ppc64le|s390x|x86_64</red-def:arch>
 <red-def:evr datatype="evr_string" operation="less than">32:9.11.13-3.el8</red-def:evr>
</red-def:rpminfo_state>
<red-def:rpminfo_state id="oval:com.redhat.rhsa:ste:20201845003" version="638">
 <red-def:arch datatype="string" operation="pattern match">aarch64|i686|ppc64le|s390x|x86_64</red-def:arch>
 <red-def:evr datatype="evr_string" operation="less than">32:9.11.13-3.el8</red-def:evr>
</red-def:rpminfo_state>
<red-def:rpminfo_state id="oval:com.redhat.rhsa:ste:20201845004" version="638">
 <red-def:evr datatype="evr_string" operation="less than">32:9.11.13-3.el8</red-def:evr>
</red-def:rpminfo_state>
<red-def:rpminfo_state id="oval:com.redhat.rhsa:ste:20201852001" version="638">
 <red-def:arch datatype="string" operation="pattern match">aarch64|ppc64le|s390x|x86_64</red-def:arch>
 <red-def:evr datatype="evr_string" operation="less than">0:2.7.6-11.el8</red-def:evr>
</red-def:rpminfo_state>
<red-def:rpminfo_state id="oval:com.redhat.rhsa:ste:20201864001" version="638">
 <red-def:arch datatype="string" operation="pattern match">aarch64|ppc64le|s390x|x86_64</red-def:arch>
 <red-def:evr datatype="evr_string" operation="less than">0:8.3.1-5.el8</red-def:evr>
</red-def:rpminfo_state>
<red-def:rpminfo_state id="oval:com.redhat.rhsa:ste:20201864003" version="638">
 <red-def:arch datatype="string" operation="pattern match">aarch64|i686|ppc64le|s390x|x86_64</red-def:arch>
 <red-def:evr datatype="evr_string" operation="less than">0:8.3.1-5.el8</red-def:evr>
</red-def:rpminfo_state>
<red-def:rpminfo_state id="oval:com.redhat.rhsa:ste:20201864004" version="638">
 <red-def:arch datatype="string" operation="pattern match">ppc64le|x86_64</red-def:arch>
 <red-def:evr datatype="evr_string" operation="less than">0:8.3.1-5.el8</red-def:evr>
</red-def:rpminfo_state>
<red-def:rpminfo_state id="oval:com.redhat.rhsa:ste:20201864005" version="638">
 <red-def:arch datatype="string" operation="pattern match">aarch64|ppc64le|x86_64</red-def:arch>
 <red-def:evr datatype="evr_string" operation="less than">0:8.3.1-5.el8</red-def:evr>
</red-def:rpminfo_state>
<red-def:rpminfo_state id="oval:com.redhat.rhsa:ste:20201864006" version="638">
 <red-def:arch datatype="string" operation="pattern match">i686|ppc64le|x86_64</red-def:arch>
 <red-def:evr datatype="evr_string" operation="less than">0:8.3.1-5.el8</red-def:evr>
</red-def:rpminfo_state>
<red-def:rpminfo_state id="oval:com.redhat.rhsa:ste:20201878001" version="636">
 <red-def:arch datatype="string" operation="pattern match">aarch64|i686|ppc64le|x86_64</red-def:arch>
 <red-def:evr datatype="evr_string" operation="less than">0:2.3-24.el8</red-def:evr>
</red-def:rpminfo_state>
<red-def:rpminfo_state id="oval:com.redhat.rhsa:ste:20201878003" version="636">
 <red-def:arch datatype="string" operation="pattern match">aarch64|ppc64le|s390x|x86_64</red-def:arch>
 <red-def:evr datatype="evr_string" operation="less than">0:4.11.2-13.el8</red-def:evr>
</red-def:rpminfo_state>
<red-def:rpminfo_state id="oval:com.redhat.rhsa:ste:20201878004" version="636">
 <red-def:arch datatype="string" operation="pattern match">aarch64|i686|ppc64le|s390x|x86_64</red-def:arch>
 <red-def:evr datatype="evr_string" operation="less than">0:4.11.2-13.el8</red-def:evr>
</red-def:rpminfo_state>
<red-def:rpminfo_state id="oval:com.redhat.rhsa:ste:20201878005" version="636">
 <red-def:evr datatype="evr_string" operation="less than">0:4.11.2-13.el8</red-def:evr>
</red-def:rpminfo_state>
<red-def:rpminfo_state id="oval:com.redhat.rhsa:ste:20201880001" version="637">
 <red-def:arch datatype="string" operation="pattern match">aarch64|ppc64le|s390x|x86_64</red-def:arch>
 <red-def:evr datatype="evr_string" operation="less than">0:1.5.19-11.el8</red-def:evr>
</red-def:rpminfo_state>
<red-def:rpminfo_state id="oval:com.redhat.rhsa:ste:20201880003" version="637">
 <red-def:arch datatype="string" operation="pattern match">aarch64|i686|ppc64le|s390x|x86_64</red-def:arch>
 <red-def:evr datatype="evr_string" operation="less than">0:1.5.19-11.el8</red-def:evr>
</red-def:rpminfo_state>
<red-def:rpminfo_state id="oval:com.redhat.rhsa:ste:20201880004" version="637">
 <red-def:evr datatype="evr_string" operation="less than">0:1.5.19-11.el8</red-def:evr>
</red-def:rpminfo_state>
<red-def:rpminfo_state id="oval:com.redhat.rhsa:ste:20201880005" version="637">
 <red-def:arch datatype="string" operation="pattern match">aarch64|i686|ppc64le|s390x|x86_64</red-def:arch>
 <red-def:evr datatype="evr_string" operation="less than">0:2.56.4-8.el8</red-def:evr>
</red-def:rpminfo_state>
<red-def:rpminfo_state id="oval:com.redhat.rhsa:ste:20201880006" version="637">
 <red-def:evr datatype="evr_string" operation="less than">0:2.56.4-8.el8</red-def:evr>
</red-def:rpminfo_state>
<red-def:rpminfo_state id="oval:com.redhat.rhsa:ste:20201880007" version="637">
 <red-def:arch datatype="string" operation="pattern match">aarch64|ppc64le|s390x|x86_64</red-def:arch>
 <red-def:evr datatype="evr_string" operation="less than">0:2.56.4-8.el8</red-def:evr>
</red-def:rpminfo_state>
<red-def:rpminfo_state id="oval:com.redhat.rhsa:ste:20201912001" version="635">
 <red-def:arch datatype="string" operation="pattern match">aarch64|ppc64le|s390x|x86_64</red-def:arch>
 <red-def:evr datatype="evr_string" operation="less than">0:5.50-3.el8</red-def:evr>
</red-def:rpminfo_state>
<red-def:rpminfo_state id="oval:com.redhat.rhsa:ste:20201912003" version="635">
 <red-def:arch datatype="string" operation="pattern match">aarch64|i686|ppc64le|s390x|x86_64</red-def:arch>
 <red-def:evr datatype="evr_string" operation="less than">0:5.50-3.el8</red-def:evr>
</red-def:rpminfo_state>
<red-def:rpminfo_state id="oval:com.redhat.rhsa:ste:20201913001" version="638">
 <red-def:arch datatype="string" operation="pattern match">aarch64|ppc64le|s390x|x86_64</red-def:arch>
 <red-def:evr datatype="evr_string" operation="less than">0:1.45.4-3.el8</red-def:evr>
</red-def:rpminfo_state>
<red-def:rpminfo_state id="oval:com.redhat.rhsa:ste:20201913003" version="638">
 <red-def:arch datatype="string" operation="pattern match">aarch64|i686|ppc64le|s390x|x86_64</red-def:arch>
 <red-def:evr datatype="evr_string" operation="less than">0:1.45.4-3.el8</red-def:evr>
</red-def:rpminfo_state>
<red-def:rpminfo_state id="oval:com.redhat.rhsa:ste:20201916001" version="636">
 <red-def:evr datatype="evr_string" operation="less than">0:9.0.3-16.el8</red-def:evr>
</red-def:rpminfo_state>
<red-def:rpminfo_state id="oval:com.redhat.rhsa:ste:20201921001" version="639">
 <red-def:arch datatype="string" operation="pattern match">aarch64|i686|ppc64le|s390x|x86_64</red-def:arch>
 <red-def:evr datatype="evr_string" operation="less than">0:20170731-14.el8</red-def:evr>
</red-def:rpminfo_state>
<red-def:rpminfo_state id="oval:com.redhat.rhsa:ste:20201926001" version="637">
 <red-def:arch datatype="string" operation="pattern match">aarch64|ppc64le|s390x|x86_64</red-def:arch>
 <red-def:evr datatype="evr_string" operation="less than">0:1.5-4.gite94b4f9.module+el8.2.0+6370+6fb6c8ca</red-def:evr>
</red-def:rpminfo_state>
<red-def:rpminfo_state id="oval:com.redhat.rhsa:ste:20201926003" version="637">
 <red-def:evr datatype="evr_string" operation="less than">2:2.124.0-1.gitf958d0c.module+el8.2.0+6370+6fb6c8ca</red-def:evr>
</red-def:rpminfo_state>
<red-def:rpminfo_state id="oval:com.redhat.rhsa:ste:20201926004" version="637">
 <red-def:arch datatype="string" operation="pattern match">aarch64|ppc64le|s390x|x86_64</red-def:arch>
 <red-def:evr datatype="evr_string" operation="less than">0:0.7.4-3.git9ebe139.module+el8.2.0+6370+6fb6c8ca</red-def:evr>
</red-def:rpminfo_state>
<red-def:rpminfo_state id="oval:com.redhat.rhsa:ste:20201926005" version="637">
 <red-def:arch datatype="string" operation="pattern match">aarch64|ppc64le|s390x|x86_64</red-def:arch>
 <red-def:evr datatype="evr_string" operation="less than">1:0.1.32-4.git1715c90.module+el8.2.0+6370+6fb6c8ca</red-def:evr>
</red-def:rpminfo_state>
<red-def:rpminfo_state id="oval:com.redhat.rhsa:ste:20201926006" version="637">
 <red-def:arch datatype="string" operation="pattern match">aarch64|ppc64le|s390x|x86_64</red-def:arch>
 <red-def:evr datatype="evr_string" operation="less than">0:3.12-9.module+el8.2.0+6370+6fb6c8ca</red-def:evr>
</red-def:rpminfo_state>
<red-def:rpminfo_state id="oval:com.redhat.rhsa:ste:20201926007" version="637">
 <red-def:arch datatype="string" operation="pattern match">aarch64|ppc64le|s390x|x86_64</red-def:arch>
 <red-def:evr datatype="evr_string" operation="less than">0:0.3-5.module+el8.2.0+6370+6fb6c8ca</red-def:evr>
</red-def:rpminfo_state>
<red-def:rpminfo_state id="oval:com.redhat.rhsa:ste:20201926008" version="637">
 <red-def:arch datatype="string" operation="pattern match">aarch64|ppc64le|s390x|x86_64</red-def:arch>
 <red-def:evr datatype="evr_string" operation="less than">1:0.1.15-2.git2d0b8a3.module+el8.2.0+6370+6fb6c8ca</red-def:evr>
</red-def:rpminfo_state>
<red-def:rpminfo_state id="oval:com.redhat.rhsa:ste:20201926009" version="637">
 <red-def:arch datatype="string" operation="pattern match">aarch64|ppc64le|s390x|x86_64</red-def:arch>
 <red-def:evr datatype="evr_string" operation="less than">2:2.3.4-2.git87f9237.module+el8.2.0+6370+6fb6c8ca</red-def:evr>
</red-def:rpminfo_state>
<red-def:rpminfo_state id="oval:com.redhat.rhsa:ste:20201926010" version="637">
 <red-def:arch datatype="string" operation="pattern match">aarch64|ppc64le|s390x|x86_64</red-def:arch>
 <red-def:evr datatype="evr_string" operation="less than">0:1.0.0-4.git921f98f.module+el8.2.0+6370+6fb6c8ca</red-def:evr>
</red-def:rpminfo_state>
<red-def:rpminfo_state id="oval:com.redhat.rhsa:ste:20201926011" version="637">
 <red-def:evr datatype="evr_string" operation="less than">0:1.0.0-4.git921f98f.module+el8.2.0+6370+6fb6c8ca</red-def:evr>
</red-def:rpminfo_state>
<red-def:rpminfo_state id="oval:com.redhat.rhsa:ste:20201926012" version="637">
 <red-def:arch datatype="string" operation="pattern match">aarch64|ppc64le|s390x|x86_64</red-def:arch>
 <red-def:evr datatype="evr_string" operation="less than">0:1.0.0-56.rc5.dev.git2abd837.module+el8.2.0+6370+6fb6c8ca</red-def:evr>
</red-def:rpminfo_state>
<red-def:rpminfo_state id="oval:com.redhat.rhsa:ste:20201926013" version="637">
 <red-def:arch datatype="string" operation="pattern match">aarch64|ppc64le|s390x|x86_64</red-def:arch>
 <red-def:evr datatype="evr_string" operation="less than">0:0.1-5.dev.gitc4e1bc5.module+el8.2.0+6370+6fb6c8ca</red-def:evr>
</red-def:rpminfo_state>
<red-def:rpminfo_state id="oval:com.redhat.rhsa:ste:20201931001" version="637">
 <red-def:arch datatype="string" operation="pattern match">aarch64|ppc64le|s390x|x86_64</red-def:arch>
 <red-def:evr datatype="evr_string" operation="less than">0:1.11.6-7.module+el8.2.0+6369+1f4293b4</red-def:evr>
</red-def:rpminfo_state>
<red-def:rpminfo_state id="oval:com.redhat.rhsa:ste:20201931003" version="637">
 <red-def:evr datatype="evr_string" operation="less than">0:11-1.module+el8.2.0+6369+1f4293b4</red-def:evr>
</red-def:rpminfo_state>
<red-def:rpminfo_state id="oval:com.redhat.rhsa:ste:20201931004" version="637">
 <red-def:arch datatype="string" operation="pattern match">aarch64|ppc64le|s390x|x86_64</red-def:arch>
 <red-def:evr datatype="evr_string" operation="less than">2:2.0.6-1.module+el8.2.0+6369+1f4293b4</red-def:evr>
</red-def:rpminfo_state>
<red-def:rpminfo_state id="oval:com.redhat.rhsa:ste:20201931005" version="637">
 <red-def:evr datatype="evr_string" operation="less than">2:2.124.0-1.module+el8.2.0+6369+1f4293b4</red-def:evr>
</red-def:rpminfo_state>
<red-def:rpminfo_state id="oval:com.redhat.rhsa:ste:20201931006" version="637">
 <red-def:arch datatype="string" operation="pattern match">aarch64|ppc64le|s390x|x86_64</red-def:arch>
 <red-def:evr datatype="evr_string" operation="less than">0:0.8.3-4.module+el8.2.0+6369+1f4293b4</red-def:evr>
</red-def:rpminfo_state>
<red-def:rpminfo_state id="oval:com.redhat.rhsa:ste:20201931007" version="637">
 <red-def:arch datatype="string" operation="pattern match">aarch64|ppc64le|s390x|x86_64</red-def:arch>
 <red-def:evr datatype="evr_string" operation="less than">1:0.1.40-9.module+el8.2.0+6373+4950d421</red-def:evr>
</red-def:rpminfo_state>
<red-def:rpminfo_state id="oval:com.redhat.rhsa:ste:20201931008" version="637">
 <red-def:arch datatype="string" operation="pattern match">aarch64|ppc64le|s390x|x86_64</red-def:arch>
 <red-def:evr datatype="evr_string" operation="less than">0:3.12-9.module+el8.2.0+6369+1f4293b4</red-def:evr>
</red-def:rpminfo_state>
<red-def:rpminfo_state id="oval:com.redhat.rhsa:ste:20201931009" version="637">
 <red-def:arch datatype="string" operation="pattern match">aarch64|ppc64le|s390x|x86_64</red-def:arch>
 <red-def:evr datatype="evr_string" operation="less than">0:0.7.2-5.module+el8.2.0+6369+1f4293b4</red-def:evr>
</red-def:rpminfo_state>
<red-def:rpminfo_state id="oval:com.redhat.rhsa:ste:20201931010" version="637">
 <red-def:arch datatype="string" operation="pattern match">aarch64|ppc64le|s390x|x86_64</red-def:arch>
 <red-def:evr datatype="evr_string" operation="less than">0:1.6.4-11.module+el8.2.0+6369+1f4293b4</red-def:evr>
</red-def:rpminfo_state>
<red-def:rpminfo_state id="oval:com.redhat.rhsa:ste:20201931011" version="637">
 <red-def:evr datatype="evr_string" operation="less than">0:1.6.4-11.module+el8.2.0+6369+1f4293b4</red-def:evr>
</red-def:rpminfo_state>
<red-def:rpminfo_state id="oval:com.redhat.rhsa:ste:20201931012" version="637">
 <red-def:evr datatype="evr_string" operation="less than">0:1.2.0-0.2.gitd0a45fe.module+el8.2.0+6369+1f4293b4</red-def:evr>
</red-def:rpminfo_state>
<red-def:rpminfo_state id="oval:com.redhat.rhsa:ste:20201931013" version="637">
 <red-def:arch datatype="string" operation="pattern match">aarch64|ppc64le|s390x|x86_64</red-def:arch>
 <red-def:evr datatype="evr_string" operation="less than">0:1.0.0-64.rc10.module+el8.2.0+6369+1f4293b4</red-def:evr>
</red-def:rpminfo_state>
<red-def:rpminfo_state id="oval:com.redhat.rhsa:ste:20201931014" version="637">
 <red-def:arch datatype="string" operation="pattern match">aarch64|ppc64le|s390x|x86_64</red-def:arch>
 <red-def:evr datatype="evr_string" operation="less than">0:0.4.2-3.git21fdece.module+el8.2.0+6369+1f4293b4</red-def:evr>
</red-def:rpminfo_state>
<red-def:rpminfo_state id="oval:com.redhat.rhsa:ste:20201931015" version="637">
 <red-def:evr datatype="evr_string" operation="less than">0:0.0.7-1.module+el8.2.0+6369+1f4293b4</red-def:evr>
</red-def:rpminfo_state>
<red-def:rpminfo_state id="oval:com.redhat.rhsa:ste:20201931016" version="637">
 <red-def:evr datatype="evr_string" operation="less than">0:0.2.1-2.module+el8.2.0+6369+1f4293b4</red-def:evr>
</red-def:rpminfo_state>
<ind-def:textfilecontent54_state id="oval:com.redhat.rhsa:ste:20201931017" version="637">
 <ind-def:text operation="pattern match">\nstream\s*=\s*2\.0\b[\w\W]*\nstate\s*=\s*(enabled|1|true)|\nstate\s*=\s*(enabled|1|true)[\w\W]*\nstream\s*=\s*2\.0\b</ind-def:text>
</ind-def:textfilecontent54_state>
<red-def:rpminfo_state id="oval:com.redhat.rhsa:ste:20201932001" version="636">
 <red-def:arch datatype="string" operation="pattern match">aarch64|ppc64le|s390x|x86_64</red-def:arch>
 <red-def:evr datatype="evr_string" operation="less than">0:1.11.6-8.module+el8.2.0+6368+cf16aa14</red-def:evr>
</red-def:rpminfo_state>
<red-def:rpminfo_state id="oval:com.redhat.rhsa:ste:20201932003" version="636">
 <red-def:evr datatype="evr_string" operation="less than">0:12-1.module+el8.2.0+6368+cf16aa14</red-def:evr>
</red-def:rpminfo_state>
<red-def:rpminfo_state id="oval:com.redhat.rhsa:ste:20201932004" version="636">
 <red-def:arch datatype="string" operation="pattern match">aarch64|ppc64le|s390x|x86_64</red-def:arch>
 <red-def:evr datatype="evr_string" operation="less than">2:2.0.6-1.module+el8.2.0+6368+cf16aa14</red-def:evr>
</red-def:rpminfo_state>
<red-def:rpminfo_state id="oval:com.redhat.rhsa:ste:20201932005" version="636">
 <red-def:evr datatype="evr_string" operation="less than">2:2.124.0-1.module+el8.2.0+6368+cf16aa14</red-def:evr>
</red-def:rpminfo_state>
<red-def:rpminfo_state id="oval:com.redhat.rhsa:ste:20201932006" version="636">
 <red-def:arch datatype="string" operation="pattern match">aarch64|ppc64le|s390x|x86_64</red-def:arch>
 <red-def:evr datatype="evr_string" operation="less than">0:0.8.3-5.module+el8.2.0+6368+cf16aa14</red-def:evr>
</red-def:rpminfo_state>
<red-def:rpminfo_state id="oval:com.redhat.rhsa:ste:20201932007" version="636">
 <red-def:arch datatype="string" operation="pattern match">aarch64|ppc64le|s390x|x86_64</red-def:arch>
 <red-def:evr datatype="evr_string" operation="less than">1:0.1.40-11.module+el8.2.0+6374+67f43e89</red-def:evr>
</red-def:rpminfo_state>
<red-def:rpminfo_state id="oval:com.redhat.rhsa:ste:20201932008" version="636">
 <red-def:arch datatype="string" operation="pattern match">aarch64|ppc64le|s390x|x86_64</red-def:arch>
 <red-def:evr datatype="evr_string" operation="less than">0:3.12-9.module+el8.2.0+6368+cf16aa14</red-def:evr>
</red-def:rpminfo_state>
<red-def:rpminfo_state id="oval:com.redhat.rhsa:ste:20201932009" version="636">
 <red-def:arch datatype="string" operation="pattern match">aarch64|ppc64le|s390x|x86_64</red-def:arch>
 <red-def:evr datatype="evr_string" operation="less than">0:0.7.2-5.module+el8.2.0+6368+cf16aa14</red-def:evr>
</red-def:rpminfo_state>
<red-def:rpminfo_state id="oval:com.redhat.rhsa:ste:20201932010" version="636">
 <red-def:arch datatype="string" operation="pattern match">aarch64|ppc64le|s390x|x86_64</red-def:arch>
 <red-def:evr datatype="evr_string" operation="less than">0:1.6.4-11.module+el8.2.0+6368+cf16aa14</red-def:evr>
</red-def:rpminfo_state>
<red-def:rpminfo_state id="oval:com.redhat.rhsa:ste:20201932011" version="636">
 <red-def:evr datatype="evr_string" operation="less than">0:1.6.4-11.module+el8.2.0+6368+cf16aa14</red-def:evr>
</red-def:rpminfo_state>
<red-def:rpminfo_state id="oval:com.redhat.rhsa:ste:20201932012" version="636">
 <red-def:evr datatype="evr_string" operation="less than">0:1.2.0-0.2.gitd0a45fe.module+el8.2.0+6368+cf16aa14</red-def:evr>
</red-def:rpminfo_state>
<red-def:rpminfo_state id="oval:com.redhat.rhsa:ste:20201932013" version="636">
 <red-def:arch datatype="string" operation="pattern match">aarch64|ppc64le|s390x|x86_64</red-def:arch>
 <red-def:evr datatype="evr_string" operation="less than">0:1.0.0-65.rc10.module+el8.2.0+6368+cf16aa14</red-def:evr>
</red-def:rpminfo_state>
<red-def:rpminfo_state id="oval:com.redhat.rhsa:ste:20201932014" version="636">
 <red-def:arch datatype="string" operation="pattern match">aarch64|ppc64le|s390x|x86_64</red-def:arch>
 <red-def:evr datatype="evr_string" operation="less than">0:0.4.2-3.git21fdece.module+el8.2.0+6368+cf16aa14</red-def:evr>
</red-def:rpminfo_state>
<red-def:rpminfo_state id="oval:com.redhat.rhsa:ste:20201932015" version="636">
 <red-def:evr datatype="evr_string" operation="less than">0:0.0.7-1.module+el8.2.0+6368+cf16aa14</red-def:evr>
</red-def:rpminfo_state>
<red-def:rpminfo_state id="oval:com.redhat.rhsa:ste:20201932016" version="636">
 <red-def:evr datatype="evr_string" operation="less than">0:0.2.1-2.module+el8.2.0+6368+cf16aa14</red-def:evr>
</red-def:rpminfo_state>
<red-def:rpminfo_state id="oval:com.redhat.rhsa:ste:20201933001" version="635">
 <red-def:evr datatype="evr_string" operation="less than">0:2.1.51-4.el8_2</red-def:evr>
</red-def:rpminfo_state>
<red-def:rpminfo_state id="oval:com.redhat.rhsa:ste:20201980001" version="635">
 <red-def:arch datatype="string" operation="pattern match">aarch64|ppc64le|s390x|x86_64</red-def:arch>
 <red-def:evr datatype="evr_string" operation="less than">0:2.18.4-2.el8_2</red-def:evr>
</red-def:rpminfo_state>
<red-def:rpminfo_state id="oval:com.redhat.rhsa:ste:20201980003" version="635">
 <red-def:evr datatype="evr_string" operation="less than">0:2.18.4-2.el8_2</red-def:evr>
</red-def:rpminfo_state>
<red-def:rpminfo_state id="oval:com.redhat.rhsa:ste:20201998001" version="635">
 <red-def:arch datatype="string" operation="pattern match">aarch64|i686|ppc64le|s390x|x86_64</red-def:arch>
 <red-def:evr datatype="evr_string" operation="less than">0:3.6.8-10.el8_2</red-def:evr>
</red-def:rpminfo_state>
<red-def:rpminfo_state id="oval:com.redhat.rhsa:ste:20201998003" version="635">
 <red-def:arch datatype="string" operation="pattern match">aarch64|ppc64le|s390x|x86_64</red-def:arch>
 <red-def:evr datatype="evr_string" operation="less than">0:3.6.8-10.el8_2</red-def:evr>
</red-def:rpminfo_state>
<red-def:rpminfo_state id="oval:com.redhat.rhsa:ste:20202031001" version="635">
 <red-def:arch datatype="string" operation="pattern match">aarch64|ppc64le|s390x|x86_64</red-def:arch>
 <red-def:evr datatype="evr_string" operation="less than">0:68.8.0-1.el8_2</red-def:evr>
</red-def:rpminfo_state>
<red-def:rpminfo_state id="oval:com.redhat.rhsa:ste:20202041003" version="635">
 <red-def:arch datatype="string" operation="pattern match">aarch64|ppc64le|s390x|x86_64</red-def:arch>
 <red-def:evr datatype="evr_string" operation="less than">7:4.4-8.module+el8.2.0+6449+6ba3df3e.1</red-def:evr>
</red-def:rpminfo_state>
<red-def:rpminfo_state id="oval:com.redhat.rhsa:ste:20202046001" version="636">
 <red-def:arch datatype="string" operation="pattern match">aarch64|ppc64le|x86_64</red-def:arch>
 <red-def:evr datatype="evr_string" operation="less than">0:68.8.0-1.el8_2</red-def:evr>
</red-def:rpminfo_state>
<red-def:rpminfo_state id="oval:com.redhat.rhsa:ste:20202070001" version="636">
 <red-def:arch datatype="string" operation="pattern match">aarch64|ppc64le|s390x|x86_64</red-def:arch>
 <red-def:evr datatype="evr_string" operation="less than">0:3.29-7.el8_2</red-def:evr>
</red-def:rpminfo_state>
<red-def:rpminfo_state id="oval:com.redhat.rhsa:ste:20202102001" version="638">
 <red-def:arch datatype="string" operation="pattern match">aarch64|ppc64le|s390x|x86_64</red-def:arch>
 <red-def:evr datatype="evr_string" operation="less than">0:4.18.0-193.1.2.el8_2</red-def:evr>
</red-def:rpminfo_state>
<red-def:rpminfo_state id="oval:com.redhat.rhsa:ste:20202102003" version="638">
 <red-def:evr datatype="evr_string" operation="less than">0:4.18.0-193.1.2.el8_2</red-def:evr>
</red-def:rpminfo_state>
<red-def:rpminfo_state id="oval:com.redhat.rhsa:ste:20202102004" version="638">
 <red-def:arch datatype="string" operation="pattern match">aarch64|ppc64le|x86_64</red-def:arch>
 <red-def:evr datatype="evr_string" operation="less than">0:4.18.0-193.1.2.el8_2</red-def:evr>
</red-def:rpminfo_state>
<red-def:rpminfo_state id="oval:com.redhat.rhsa:ste:20202102005" version="638">
 <red-def:arch datatype="string" operation="equals">s390x</red-def:arch>
 <red-def:evr datatype="evr_string" operation="less than">0:4.18.0-193.1.2.el8_2</red-def:evr>
</red-def:rpminfo_state>
<unix-def:uname_state id="oval:com.redhat.rhsa:ste:20202102006" version="638">
 <unix-def:os_release operation="pattern match">([0-3]\.\d+\.\d+-)|(4\.([0-9]|1[0-7])\.\d+-)|(4\.18\.0-([0-9]{1,2}|1[0-8][0-9]|19[0-2])\.)|(4\.18\.0-193\.[^\.]*[a-zA-Z])|(4\.18\.0-193\.0\.)|(4\.18\.0-193\.1\.[^\.]*[a-zA-Z])|(4\.18\.0-193\.1\.[0-1]\.)</unix-def:os_release>
</unix-def:uname_state>
<ind-def:textfilecontent54_state id="oval:com.redhat.rhsa:ste:20202102007" version="638">
 <ind-def:text operation="pattern match">([0-3]\.\d+\.\d+-)|(4\.([0-9]|1[0-7])\.\d+-)|(4\.18\.0-([0-9]{1,2}|1[0-8][0-9]|19[0-2])\.)|(4\.18\.0-193\.[^\.]*[a-zA-Z])|(4\.18\.0-193\.0\.)|(4\.18\.0-193\.1\.[^\.]*[a-zA-Z])|(4\.18\.0-193\.1\.[0-1]\.)</ind-def:text>
</ind-def:textfilecontent54_state>
<red-def:rpminfo_state id="oval:com.redhat.rhsa:ste:20202125001" version="638">
 <red-def:arch datatype="string" operation="pattern match">ppc64le|x86_64</red-def:arch>
 <red-def:evr datatype="evr_string" operation="less than">0:1-2.el8</red-def:evr>
</red-def:rpminfo_state>
<red-def:rpminfo_state id="oval:com.redhat.rhsa:ste:20202125002" version="638">
 <red-def:arch datatype="string" operation="pattern match">ppc64le|x86_64</red-def:arch>
 <red-def:evr datatype="evr_string" operation="equals">0:4.18.0-193.el8</red-def:evr>
</red-def:rpminfo_state>
<unix-def:uname_state id="oval:com.redhat.rhsa:ste:20202125004" version="638">
 <unix-def:os_release operation="pattern match">4.18.0-193.el8</unix-def:os_release>
</unix-def:uname_state>
<ind-def:textfilecontent54_state id="oval:com.redhat.rhsa:ste:20202125005" version="638">
 <ind-def:text operation="pattern match">4.18.0-193.el8</ind-def:text>
</ind-def:textfilecontent54_state>
<red-def:rpminfo_state id="oval:com.redhat.rhsa:ste:20202143001" version="638">
 <red-def:arch datatype="string" operation="equals">x86_64</red-def:arch>
 <red-def:evr datatype="evr_string" operation="less than">0:2.1.18-2.el8_2</red-def:evr>
</red-def:rpminfo_state>
<red-def:rpminfo_state id="oval:com.redhat.rhsa:ste:20202143003" version="638">
 <red-def:arch datatype="string" operation="equals">x86_64</red-def:arch>
 <red-def:evr datatype="evr_string" operation="less than">0:2.1.514-2.el8_2</red-def:evr>
</red-def:rpminfo_state>
<red-def:rpminfo_state id="oval:com.redhat.rhsa:ste:20202171001" version="638">
 <red-def:arch datatype="string" operation="equals">x86_64</red-def:arch>
 <red-def:evr datatype="evr_string" operation="less than">0:4.18.0-193.1.2.rt13.53.el8_2</red-def:evr>
</red-def:rpminfo_state>
<red-def:rpminfo_state id="oval:com.redhat.rhsa:ste:20202241001" version="636">
 <red-def:arch datatype="string" operation="pattern match">ppc64le|s390x|x86_64</red-def:arch>
 <red-def:evr datatype="evr_string" operation="less than">1:1.8.0.6.10-1.el8_2</red-def:evr>
</red-def:rpminfo_state>
<red-def:rpminfo_state id="oval:com.redhat.rhsa:ste:20202241003" version="636">
 <red-def:arch datatype="string" operation="pattern match">ppc64le|x86_64</red-def:arch>
 <red-def:evr datatype="evr_string" operation="less than">1:1.8.0.6.10-1.el8_2</red-def:evr>
</red-def:rpminfo_state>
<red-def:rpminfo_state id="oval:com.redhat.rhsa:ste:20202250001" version="636">
 <red-def:arch datatype="string" operation="equals">x86_64</red-def:arch>
 <red-def:evr datatype="evr_string" operation="less than">0:3.1.4-2.el8_2</red-def:evr>
</red-def:rpminfo_state>
<red-def:rpminfo_state id="oval:com.redhat.rhsa:ste:20202250003" version="636">
 <red-def:arch datatype="string" operation="equals">x86_64</red-def:arch>
 <red-def:evr datatype="evr_string" operation="less than">0:3.1.104-2.el8_2</red-def:evr>
</red-def:rpminfo_state>
<red-def:rpminfo_state id="oval:com.redhat.rhsa:ste:20202336001" version="635">
 <red-def:arch datatype="string" operation="pattern match">aarch64|ppc64le|s390x|x86_64</red-def:arch>
 <red-def:evr datatype="evr_string" operation="less than">2:2.0.0-46.rc4.el8_2.1</red-def:evr>
</red-def:rpminfo_state>
<red-def:rpminfo_state id="oval:com.redhat.rhsa:ste:20202336003" version="635">
 <red-def:arch datatype="string" operation="pattern match">aarch64|i686|ppc64le|s390x|x86_64</red-def:arch>
 <red-def:evr datatype="evr_string" operation="less than">2:2.0.0-46.rc4.el8_2.1</red-def:evr>
</red-def:rpminfo_state>
<red-def:rpminfo_state id="oval:com.redhat.rhsa:ste:20202338001" version="635">
 <red-def:arch datatype="string" operation="pattern match">aarch64|ppc64le|s390x|x86_64</red-def:arch>
 <red-def:evr datatype="evr_string" operation="less than">32:9.11.13-5.el8_2</red-def:evr>
</red-def:rpminfo_state>
<red-def:rpminfo_state id="oval:com.redhat.rhsa:ste:20202338003" version="635">
 <red-def:arch datatype="string" operation="pattern match">aarch64|i686|ppc64le|s390x|x86_64</red-def:arch>
 <red-def:evr datatype="evr_string" operation="less than">32:9.11.13-5.el8_2</red-def:evr>
</red-def:rpminfo_state>
<red-def:rpminfo_state id="oval:com.redhat.rhsa:ste:20202338004" version="635">
 <red-def:evr datatype="evr_string" operation="less than">32:9.11.13-5.el8_2</red-def:evr>
</red-def:rpminfo_state>
<red-def:rpminfo_state id="oval:com.redhat.rhsa:ste:20202379001" version="637">
 <red-def:arch datatype="string" operation="pattern match">aarch64|ppc64le|s390x|x86_64</red-def:arch>
 <red-def:evr datatype="evr_string" operation="less than">0:68.9.0-1.el8_2</red-def:evr>
</red-def:rpminfo_state>
<red-def:rpminfo_state id="oval:com.redhat.rhsa:ste:20202407001" version="636">
 <red-def:arch datatype="string" operation="pattern match">aarch64|ppc64le|s390x|x86_64</red-def:arch>
 <red-def:evr datatype="evr_string" operation="less than">2:2.0.0-46.rc4.el8_2.2</red-def:evr>
</red-def:rpminfo_state>
<red-def:rpminfo_state id="oval:com.redhat.rhsa:ste:20202407003" version="636">
 <red-def:arch datatype="string" operation="pattern match">aarch64|i686|ppc64le|s390x|x86_64</red-def:arch>
 <red-def:evr datatype="evr_string" operation="less than">2:2.0.0-46.rc4.el8_2.2</red-def:evr>
</red-def:rpminfo_state>
<red-def:rpminfo_state id="oval:com.redhat.rhsa:ste:20202416001" version="635">
 <red-def:arch datatype="string" operation="pattern match">aarch64|ppc64le|s390x|x86_64</red-def:arch>
 <red-def:evr datatype="evr_string" operation="less than">0:1.7.3-11.el8_2</red-def:evr>
</red-def:rpminfo_state>
<red-def:rpminfo_state id="oval:com.redhat.rhsa:ste:20202416003" version="635">
 <red-def:arch datatype="string" operation="pattern match">aarch64|i686|ppc64le|s390x|x86_64</red-def:arch>
 <red-def:evr datatype="evr_string" operation="less than">0:1.7.3-11.el8_2</red-def:evr>
</red-def:rpminfo_state>
<red-def:rpminfo_state id="oval:com.redhat.rhsa:ste:20202427001" version="644">
 <red-def:arch datatype="string" operation="pattern match">aarch64|ppc64le|s390x|x86_64</red-def:arch>
 <red-def:evr datatype="evr_string" operation="less than">0:4.18.0-193.6.3.el8_2</red-def:evr>
</red-def:rpminfo_state>
<red-def:rpminfo_state id="oval:com.redhat.rhsa:ste:20202427003" version="644">
 <red-def:evr datatype="evr_string" operation="less than">0:4.18.0-193.6.3.el8_2</red-def:evr>
</red-def:rpminfo_state>
<red-def:rpminfo_state id="oval:com.redhat.rhsa:ste:20202427004" version="644">
 <red-def:arch datatype="string" operation="pattern match">aarch64|ppc64le|x86_64</red-def:arch>
 <red-def:evr datatype="evr_string" operation="less than">0:4.18.0-193.6.3.el8_2</red-def:evr>
</red-def:rpminfo_state>
<red-def:rpminfo_state id="oval:com.redhat.rhsa:ste:20202427005" version="644">
 <red-def:arch datatype="string" operation="equals">s390x</red-def:arch>
 <red-def:evr datatype="evr_string" operation="less than">0:4.18.0-193.6.3.el8_2</red-def:evr>
</red-def:rpminfo_state>
<unix-def:uname_state id="oval:com.redhat.rhsa:ste:20202427006" version="644">
 <unix-def:os_release operation="pattern match">([0-3]\.\d+\.\d+-)|(4\.([0-9]|1[0-7])\.\d+-)|(4\.18\.0-([0-9]{1,2}|1[0-8][0-9]|19[0-2])\.)|(4\.18\.0-193\.[^\.]*[a-zA-Z])|(4\.18\.0-193\.[0-5]\.)|(4\.18\.0-193\.6\.[^\.]*[a-zA-Z])|(4\.18\.0-193\.6\.[0-2]\.)</unix-def:os_release>
</unix-def:uname_state>
<ind-def:textfilecontent54_state id="oval:com.redhat.rhsa:ste:20202427007" version="644">
 <ind-def:text operation="pattern match">([0-3]\.\d+\.\d+-)|(4\.([0-9]|1[0-7])\.\d+-)|(4\.18\.0-([0-9]{1,2}|1[0-8][0-9]|19[0-2])\.)|(4\.18\.0-193\.[^\.]*[a-zA-Z])|(4\.18\.0-193\.[0-5]\.)|(4\.18\.0-193\.6\.[^\.]*[a-zA-Z])|(4\.18\.0-193\.6\.[0-2]\.)</ind-def:text>
</ind-def:textfilecontent54_state>
<red-def:rpminfo_state id="oval:com.redhat.rhsa:ste:20202428001" version="640">
 <red-def:arch datatype="string" operation="equals">x86_64</red-def:arch>
 <red-def:evr datatype="evr_string" operation="less than">0:4.18.0-193.6.3.rt13.59.el8_2</red-def:evr>
</red-def:rpminfo_state>
<red-def:rpminfo_state id="oval:com.redhat.rhsa:ste:20202431001" version="642">
 <red-def:arch datatype="string" operation="equals">x86_64</red-def:arch>
 <red-def:evr datatype="evr_string" operation="less than">4:20191115-4.20200602.2.el8_2</red-def:evr>
</red-def:rpminfo_state>
<red-def:rpminfo_state id="oval:com.redhat.rhsa:ste:20202450001" version="637">
 <red-def:arch datatype="string" operation="equals">x86_64</red-def:arch>
 <red-def:evr datatype="evr_string" operation="less than">0:3.1.5-2.el8_2</red-def:evr>
</red-def:rpminfo_state>
<red-def:rpminfo_state id="oval:com.redhat.rhsa:ste:20202450003" version="637">
 <red-def:arch datatype="string" operation="equals">x86_64</red-def:arch>
 <red-def:evr datatype="evr_string" operation="less than">0:3.1.105-2.el8_2</red-def:evr>
</red-def:rpminfo_state>
<red-def:rpminfo_state id="oval:com.redhat.rhsa:ste:20202462001" version="635">
 <red-def:arch datatype="string" operation="pattern match">aarch64|ppc64le|s390x|x86_64</red-def:arch>
 <red-def:evr datatype="evr_string" operation="less than">0:0.10.4-6.el8_2.1</red-def:evr>
</red-def:rpminfo_state>
<red-def:rpminfo_state id="oval:com.redhat.rhsa:ste:20202471001" version="638">
 <red-def:arch datatype="string" operation="equals">x86_64</red-def:arch>
 <red-def:evr datatype="evr_string" operation="less than">0:2.1.19-1.el8_2</red-def:evr>
</red-def:rpminfo_state>
<red-def:rpminfo_state id="oval:com.redhat.rhsa:ste:20202471003" version="638">
 <red-def:arch datatype="string" operation="equals">x86_64</red-def:arch>
 <red-def:evr datatype="evr_string" operation="less than">0:2.1.515-1.el8_2</red-def:evr>
</red-def:rpminfo_state>
<red-def:rpminfo_state id="oval:com.redhat.rhsa:ste:20202550001" version="637">
 <red-def:arch datatype="string" operation="pattern match">aarch64|i686|ppc64le|s390x|x86_64</red-def:arch>
 <red-def:evr datatype="evr_string" operation="less than">0:0.6.21-17.el8_2</red-def:evr>
</red-def:rpminfo_state>
<red-def:rpminfo_state id="oval:com.redhat.rhsa:ste:20202567001" version="637">
 <red-def:arch datatype="string" operation="pattern match">ppc64le|x86_64</red-def:arch>
 <red-def:evr datatype="evr_string" operation="less than">0:1-3.el8</red-def:evr>
</red-def:rpminfo_state>
<red-def:rpminfo_state id="oval:com.redhat.rhsa:ste:20202567006" version="637">
 <red-def:arch datatype="string" operation="pattern match">ppc64le|x86_64</red-def:arch>
 <red-def:evr datatype="evr_string" operation="less than">0:1-1.el8_2</red-def:evr>
</red-def:rpminfo_state>
<red-def:rpminfo_state id="oval:com.redhat.rhsa:ste:20202567007" version="637">
 <red-def:arch datatype="string" operation="pattern match">ppc64le|x86_64</red-def:arch>
 <red-def:evr datatype="evr_string" operation="equals">0:4.18.0-193.1.2.el8_2</red-def:evr>
</red-def:rpminfo_state>
<unix-def:uname_state id="oval:com.redhat.rhsa:ste:20202567008" version="637">
 <unix-def:os_release operation="pattern match">4.18.0-193.1.2.el8_2</unix-def:os_release>
</unix-def:uname_state>
<ind-def:textfilecontent54_state id="oval:com.redhat.rhsa:ste:20202567009" version="637">
 <ind-def:text operation="pattern match">4.18.0-193.1.2.el8_2</ind-def:text>
</ind-def:textfilecontent54_state>
<red-def:rpminfo_state id="oval:com.redhat.rhsa:ste:20202614001" version="637">
 <red-def:arch datatype="string" operation="pattern match">aarch64|ppc64le|x86_64</red-def:arch>
 <red-def:evr datatype="evr_string" operation="less than">0:68.9.0-1.el8_2</red-def:evr>
</red-def:rpminfo_state>
<red-def:rpminfo_state id="oval:com.redhat.rhsa:ste:20202637001" version="635">
 <red-def:arch datatype="string" operation="pattern match">aarch64|i686|ppc64le|s390x|x86_64</red-def:arch>
 <red-def:evr datatype="evr_string" operation="less than">0:3.6.8-11.el8_2</red-def:evr>
</red-def:rpminfo_state>
<red-def:rpminfo_state id="oval:com.redhat.rhsa:ste:20202637003" version="635">
 <red-def:arch datatype="string" operation="pattern match">aarch64|ppc64le|s390x|x86_64</red-def:arch>
 <red-def:evr datatype="evr_string" operation="less than">0:3.6.8-11.el8_2</red-def:evr>
</red-def:rpminfo_state>
<red-def:rpminfo_state id="oval:com.redhat.rhsa:ste:20202641001" version="636">
 <red-def:arch datatype="string" operation="pattern match">aarch64|ppc64le|s390x|x86_64</red-def:arch>
 <red-def:evr datatype="evr_string" operation="less than">0:6.3.6-2.el8_2</red-def:evr>
</red-def:rpminfo_state>
<red-def:rpminfo_state id="oval:com.redhat.rhsa:ste:20202755001" version="634">
 <red-def:arch datatype="string" operation="pattern match">aarch64|i686|ppc64le|s390x|x86_64</red-def:arch>
 <red-def:evr datatype="evr_string" operation="less than">0:1.33.0-3.el8_2.1</red-def:evr>
</red-def:rpminfo_state>
<red-def:rpminfo_state id="oval:com.redhat.rhsa:ste:20202755003" version="634">
 <red-def:arch datatype="string" operation="pattern match">aarch64|ppc64le|s390x|x86_64</red-def:arch>
 <red-def:evr datatype="evr_string" operation="less than">0:1.33.0-3.el8_2.1</red-def:evr>
</red-def:rpminfo_state>
<red-def:rpminfo_state id="oval:com.redhat.rhsa:ste:20202774004" version="638">
 <red-def:arch datatype="string" operation="pattern match">aarch64|ppc64le|s390x|x86_64</red-def:arch>
 <red-def:evr datatype="evr_string" operation="less than">1:1.38.4-15.module+el8.2.0+5297+222a20af</red-def:evr>
</red-def:rpminfo_state>
<red-def:rpminfo_state id="oval:com.redhat.rhsa:ste:20202774005" version="638">
 <red-def:evr datatype="evr_string" operation="less than">1:1.38.4-15.module+el8.2.0+5297+222a20af</red-def:evr>
</red-def:rpminfo_state>
<red-def:rpminfo_state id="oval:com.redhat.rhsa:ste:20202774006" version="638">
 <red-def:arch datatype="string" operation="pattern match">aarch64|x86_64</red-def:arch>
 <red-def:evr datatype="evr_string" operation="less than">1:1.38.4-15.module+el8.2.0+5297+222a20af</red-def:evr>
</red-def:rpminfo_state>
<red-def:rpminfo_state id="oval:com.redhat.rhsa:ste:20202774009" version="638">
 <red-def:arch datatype="string" operation="pattern match">aarch64|ppc64le|s390x|x86_64</red-def:arch>
 <red-def:evr datatype="evr_string" operation="less than">0:4.5.0-42.module+el8.2.0+6024+15a2423f</red-def:evr>
</red-def:rpminfo_state>
<red-def:rpminfo_state id="oval:com.redhat.rhsa:ste:20202774017" version="638">
 <red-def:arch datatype="string" operation="pattern match">aarch64|ppc64le|s390x|x86_64</red-def:arch>
 <red-def:evr datatype="evr_string" operation="less than">15:2.12.0-99.module+el8.2.0+6870+55b789b4.2</red-def:evr>
</red-def:rpminfo_state>
<red-def:rpminfo_state id="oval:com.redhat.rhsa:ste:20202774018" version="638">
 <red-def:arch datatype="string" operation="equals">x86_64</red-def:arch>
 <red-def:evr datatype="evr_string" operation="less than">15:2.12.0-99.module+el8.2.0+6870+55b789b4.2</red-def:evr>
</red-def:rpminfo_state>
<red-def:rpminfo_state id="oval:com.redhat.rhsa:ste:20202774024" version="638">
 <red-def:arch datatype="string" operation="equals">x86_64</red-def:arch>
 <red-def:evr datatype="evr_string" operation="less than">1:1.38.4-15.module+el8.2.0+5297+222a20af</red-def:evr>
</red-def:rpminfo_state>
<red-def:rpminfo_state id="oval:com.redhat.rhsa:ste:20202774029" version="638">
 <red-def:arch datatype="string" operation="equals">i686</red-def:arch>
 <red-def:evr datatype="evr_string" operation="less than">0:4.5.0-42.module+el8.2.0+6024+15a2423f</red-def:evr>
</red-def:rpminfo_state>
<red-def:rpminfo_state id="oval:com.redhat.rhsa:ste:20202828001" version="636">
 <red-def:arch datatype="string" operation="pattern match">aarch64|ppc64le|s390x|x86_64</red-def:arch>
 <red-def:evr datatype="evr_string" operation="less than">0:68.10.0-1.el8_2</red-def:evr>
</red-def:rpminfo_state>
<red-def:rpminfo_state id="oval:com.redhat.rhsa:ste:20202848001" version="636">
 <red-def:arch datatype="string" operation="pattern match">aarch64|ppc64le|s390x|x86_64</red-def:arch>
 <red-def:evr datatype="evr_string" operation="less than">1:10.21.0-3.module+el8.2.0+7071+d2377ea3</red-def:evr>
</red-def:rpminfo_state>
<red-def:rpminfo_state id="oval:com.redhat.rhsa:ste:20202848003" version="636">
 <red-def:evr datatype="evr_string" operation="less than">1:10.21.0-3.module+el8.2.0+7071+d2377ea3</red-def:evr>
</red-def:rpminfo_state>
<red-def:rpminfo_state id="oval:com.redhat.rhsa:ste:20202848006" version="636">
 <red-def:arch datatype="string" operation="pattern match">aarch64|ppc64le|s390x|x86_64</red-def:arch>
 <red-def:evr datatype="evr_string" operation="less than">1:6.14.4-1.10.21.0.3.module+el8.2.0+7071+d2377ea3</red-def:evr>
</red-def:rpminfo_state>
<red-def:rpminfo_state id="oval:com.redhat.rhsa:ste:20202852001" version="637">
 <red-def:arch datatype="string" operation="pattern match">aarch64|ppc64le|s390x|x86_64</red-def:arch>
 <red-def:evr datatype="evr_string" operation="less than">1:12.18.2-1.module+el8.2.0+7233+61d664c1</red-def:evr>
</red-def:rpminfo_state>
<red-def:rpminfo_state id="oval:com.redhat.rhsa:ste:20202852003" version="637">
 <red-def:evr datatype="evr_string" operation="less than">1:12.18.2-1.module+el8.2.0+7233+61d664c1</red-def:evr>
</red-def:rpminfo_state>
<red-def:rpminfo_state id="oval:com.redhat.rhsa:ste:20202852006" version="637">
 <red-def:arch datatype="string" operation="pattern match">aarch64|ppc64le|s390x|x86_64</red-def:arch>
 <red-def:evr datatype="evr_string" operation="less than">1:6.14.5-1.12.18.2.1.module+el8.2.0+7233+61d664c1</red-def:evr>
</red-def:rpminfo_state>
<red-def:rpminfo_state id="oval:com.redhat.rhsa:ste:20202897001" version="635">
 <red-def:arch datatype="string" operation="pattern match">aarch64|i686|ppc64le|s390x|x86_64</red-def:arch>
 <red-def:evr datatype="evr_string" operation="less than">0:0.14-4.el8_2</red-def:evr>
</red-def:rpminfo_state>
<red-def:rpminfo_state id="oval:com.redhat.rhsa:ste:20202901001" version="635">
 <red-def:arch datatype="string" operation="pattern match">aarch64|i686|ppc64le|s390x|x86_64</red-def:arch>
 <red-def:evr datatype="evr_string" operation="less than">1:2.3.8-2.el8_2.1</red-def:evr>
</red-def:rpminfo_state>
<red-def:rpminfo_state id="oval:com.redhat.rhsa:ste:20202901003" version="635">
 <red-def:arch datatype="string" operation="pattern match">aarch64|ppc64le|s390x|x86_64</red-def:arch>
 <red-def:evr datatype="evr_string" operation="less than">1:2.3.8-2.el8_2.1</red-def:evr>
</red-def:rpminfo_state>
<red-def:rpminfo_state id="oval:com.redhat.rhsa:ste:20202902001" version="635">
 <red-def:arch datatype="string" operation="pattern match">aarch64|ppc64le|s390x|x86_64</red-def:arch>
 <red-def:evr datatype="evr_string" operation="less than">0:1.0.27-19.el8_2.1</red-def:evr>
</red-def:rpminfo_state>
<red-def:rpminfo_state id="oval:com.redhat.rhsa:ste:20202902003" version="635">
 <red-def:arch datatype="string" operation="pattern match">aarch64|i686|ppc64le|s390x|x86_64</red-def:arch>
 <red-def:evr datatype="evr_string" operation="less than">0:1.0.27-19.el8_2.1</red-def:evr>
</red-def:rpminfo_state>
<red-def:rpminfo_state id="oval:com.redhat.rhsa:ste:20202902004" version="635">
 <red-def:evr datatype="evr_string" operation="less than">0:1.0.27-19.el8_2.1</red-def:evr>
</red-def:rpminfo_state>
<red-def:rpminfo_state id="oval:com.redhat.rhsa:ste:20202938001" version="638">
 <red-def:arch datatype="string" operation="equals">x86_64</red-def:arch>
 <red-def:evr datatype="evr_string" operation="less than">0:2.1.20-1.el8_2</red-def:evr>
</red-def:rpminfo_state>
<red-def:rpminfo_state id="oval:com.redhat.rhsa:ste:20202938003" version="638">
 <red-def:arch datatype="string" operation="equals">x86_64</red-def:arch>
 <red-def:evr datatype="evr_string" operation="less than">0:2.1.516-1.el8_2</red-def:evr>
</red-def:rpminfo_state>
<red-def:rpminfo_state id="oval:com.redhat.rhsa:ste:20202954001" version="637">
 <red-def:arch datatype="string" operation="equals">x86_64</red-def:arch>
 <red-def:evr datatype="evr_string" operation="less than">0:3.1.6-1.el8_2</red-def:evr>
</red-def:rpminfo_state>
<red-def:rpminfo_state id="oval:com.redhat.rhsa:ste:20202954003" version="637">
 <red-def:arch datatype="string" operation="equals">x86_64</red-def:arch>
 <red-def:evr datatype="evr_string" operation="less than">0:3.1.106-1.el8_2</red-def:evr>
</red-def:rpminfo_state>
<red-def:rpminfo_state id="oval:com.redhat.rhsa:ste:20202970001" version="637">
 <red-def:arch datatype="string" operation="pattern match">aarch64|ppc64le|s390x|x86_64</red-def:arch>
 <red-def:evr datatype="evr_string" operation="less than">1:11.0.8.10-0.el8_2</red-def:evr>
</red-def:rpminfo_state>
<red-def:rpminfo_state id="oval:com.redhat.rhsa:ste:20202972001" version="635">
 <red-def:arch datatype="string" operation="pattern match">aarch64|ppc64le|s390x|x86_64</red-def:arch>
 <red-def:evr datatype="evr_string" operation="less than">1:1.8.0.262.b10-0.el8_2</red-def:evr>
</red-def:rpminfo_state>
<red-def:rpminfo_state id="oval:com.redhat.rhsa:ste:20202972003" version="635">
 <red-def:evr datatype="evr_string" operation="less than">1:1.8.0.262.b10-0.el8_2</red-def:evr>
</red-def:rpminfo_state>
<red-def:rpminfo_state id="oval:com.redhat.rhsa:ste:20203010001" version="642">
 <red-def:arch datatype="string" operation="pattern match">aarch64|ppc64le|s390x|x86_64</red-def:arch>
 <red-def:evr datatype="evr_string" operation="less than">0:4.18.0-193.13.2.el8_2</red-def:evr>
</red-def:rpminfo_state>
<red-def:rpminfo_state id="oval:com.redhat.rhsa:ste:20203010003" version="642">
 <red-def:evr datatype="evr_string" operation="less than">0:4.18.0-193.13.2.el8_2</red-def:evr>
</red-def:rpminfo_state>
<red-def:rpminfo_state id="oval:com.redhat.rhsa:ste:20203010004" version="642">
 <red-def:arch datatype="string" operation="pattern match">aarch64|ppc64le|x86_64</red-def:arch>
 <red-def:evr datatype="evr_string" operation="less than">0:4.18.0-193.13.2.el8_2</red-def:evr>
</red-def:rpminfo_state>
<red-def:rpminfo_state id="oval:com.redhat.rhsa:ste:20203010005" version="642">
 <red-def:arch datatype="string" operation="equals">s390x</red-def:arch>
 <red-def:evr datatype="evr_string" operation="less than">0:4.18.0-193.13.2.el8_2</red-def:evr>
</red-def:rpminfo_state>
<unix-def:uname_state id="oval:com.redhat.rhsa:ste:20203010006" version="642">
 <unix-def:os_release operation="pattern match">([0-3]\.\d+\.\d+-)|(4\.([0-9]|1[0-7])\.\d+-)|(4\.18\.0-([0-9]{1,2}|1[0-8][0-9]|19[0-2])\.)|(4\.18\.0-193\.[^\.]*[a-zA-Z])|(4\.18\.0-193\.([0-9]|1[0-2])\.)|(4\.18\.0-193\.13\.[^\.]*[a-zA-Z])|(4\.18\.0-193\.13\.[0-1]\.)</unix-def:os_release>
</unix-def:uname_state>
<ind-def:textfilecontent54_state id="oval:com.redhat.rhsa:ste:20203010007" version="642">
 <ind-def:text operation="pattern match">([0-3]\.\d+\.\d+-)|(4\.([0-9]|1[0-7])\.\d+-)|(4\.18\.0-([0-9]{1,2}|1[0-8][0-9]|19[0-2])\.)|(4\.18\.0-193\.[^\.]*[a-zA-Z])|(4\.18\.0-193\.([0-9]|1[0-2])\.)|(4\.18\.0-193\.13\.[^\.]*[a-zA-Z])|(4\.18\.0-193\.13\.[0-1]\.)</ind-def:text>
</ind-def:textfilecontent54_state>
<red-def:rpminfo_state id="oval:com.redhat.rhsa:ste:20203011001" version="638">
 <red-def:arch datatype="string" operation="pattern match">aarch64|ppc64le|s390x|x86_64</red-def:arch>
 <red-def:evr datatype="evr_string" operation="less than">1:1.22.8-5.el8_2</red-def:evr>
</red-def:rpminfo_state>
<red-def:rpminfo_state id="oval:com.redhat.rhsa:ste:20203011003" version="638">
 <red-def:evr datatype="evr_string" operation="less than">1:1.22.8-5.el8_2</red-def:evr>
</red-def:rpminfo_state>
<red-def:rpminfo_state id="oval:com.redhat.rhsa:ste:20203011004" version="638">
 <red-def:arch datatype="string" operation="pattern match">aarch64|i686|ppc64le|s390x|x86_64</red-def:arch>
 <red-def:evr datatype="evr_string" operation="less than">1:1.22.8-5.el8_2</red-def:evr>
</red-def:rpminfo_state>
<red-def:rpminfo_state id="oval:com.redhat.rhsa:ste:20203014001" version="635">
 <red-def:arch datatype="string" operation="pattern match">aarch64|ppc64le|s390x|x86_64</red-def:arch>
 <red-def:evr datatype="evr_string" operation="less than">1:1.12.8-10.el8_2</red-def:evr>
</red-def:rpminfo_state>
<red-def:rpminfo_state id="oval:com.redhat.rhsa:ste:20203014003" version="635">
 <red-def:evr datatype="evr_string" operation="less than">1:1.12.8-10.el8_2</red-def:evr>
</red-def:rpminfo_state>
<red-def:rpminfo_state id="oval:com.redhat.rhsa:ste:20203014004" version="635">
 <red-def:arch datatype="string" operation="pattern match">aarch64|i686|ppc64le|s390x|x86_64</red-def:arch>
 <red-def:evr datatype="evr_string" operation="less than">1:1.12.8-10.el8_2</red-def:evr>
</red-def:rpminfo_state>
<red-def:rpminfo_state id="oval:com.redhat.rhsa:ste:20203016001" version="640">
 <red-def:arch datatype="string" operation="equals">x86_64</red-def:arch>
 <red-def:evr datatype="evr_string" operation="less than">0:4.18.0-193.13.2.rt13.65.el8_2</red-def:evr>
</red-def:rpminfo_state>
<red-def:rpminfo_state id="oval:com.redhat.rhsa:ste:20203032001" version="639">
 <red-def:arch datatype="string" operation="pattern match">aarch64|ppc64le|s390x|x86_64</red-def:arch>
 <red-def:evr datatype="evr_string" operation="less than">0:0.6.1-2.module+el8+2454+f890a43a</red-def:evr>
</red-def:rpminfo_state>
<red-def:rpminfo_state id="oval:com.redhat.rhsa:ste:20203032003" version="639">
 <red-def:arch datatype="string" operation="pattern match">aarch64|ppc64le|s390x|x86_64</red-def:arch>
 <red-def:evr datatype="evr_string" operation="less than">0:2.3.7-4.module+el8.2.0+6919+ac02cfd2.3</red-def:evr>
</red-def:rpminfo_state>
<ind-def:textfilecontent54_state id="oval:com.redhat.rhsa:ste:20203032004" version="639">
 <ind-def:text operation="pattern match">\nstream\s*=\s*2\.3\b[\w\W]*\nstate\s*=\s*(enabled|1|true)|\nstate\s*=\s*(enabled|1|true)[\w\W]*\nstream\s*=\s*2\.3\b</ind-def:text>
</ind-def:textfilecontent54_state>
<red-def:rpminfo_state id="oval:com.redhat.rhsa:ste:20203038001" version="636">
 <red-def:arch datatype="string" operation="pattern match">aarch64|ppc64le|x86_64</red-def:arch>
 <red-def:evr datatype="evr_string" operation="less than">0:68.10.0-1.el8_2</red-def:evr>
</red-def:rpminfo_state>
<red-def:rpminfo_state id="oval:com.redhat.rhsa:ste:20203050001" version="639">
 <red-def:evr datatype="evr_string" operation="less than">0:19.4-1.el8.7</red-def:evr>
</red-def:rpminfo_state>
<red-def:rpminfo_state id="oval:com.redhat.rhsa:ste:20203053001" version="637">
 <red-def:arch datatype="string" operation="pattern match">aarch64|ppc64le|s390x|x86_64</red-def:arch>
 <red-def:evr datatype="evr_string" operation="less than">0:1.14.9-1.module+el8.2.1+6689+748e6520</red-def:evr>
</red-def:rpminfo_state>
<red-def:rpminfo_state id="oval:com.redhat.rhsa:ste:20203053003" version="637">
 <red-def:evr datatype="evr_string" operation="less than">0:17-1.module+el8.2.1+6636+bf4db4ab</red-def:evr>
</red-def:rpminfo_state>
<red-def:rpminfo_state id="oval:com.redhat.rhsa:ste:20203053004" version="637">
 <red-def:arch datatype="string" operation="pattern match">aarch64|ppc64le|s390x|x86_64</red-def:arch>
 <red-def:evr datatype="evr_string" operation="less than">2:2.0.17-1.module+el8.2.1+6771+3533eb4c</red-def:evr>
</red-def:rpminfo_state>
<red-def:rpminfo_state id="oval:com.redhat.rhsa:ste:20203053005" version="637">
 <red-def:evr datatype="evr_string" operation="less than">2:2.135.0-1.module+el8.2.1+6849+893e4f4a</red-def:evr>
</red-def:rpminfo_state>
<red-def:rpminfo_state id="oval:com.redhat.rhsa:ste:20203053006" version="637">
 <red-def:arch datatype="string" operation="pattern match">aarch64|ppc64le|s390x|x86_64</red-def:arch>
 <red-def:evr datatype="evr_string" operation="less than">0:0.8.6-1.module+el8.2.1+6626+598993b4</red-def:evr>
</red-def:rpminfo_state>
<red-def:rpminfo_state id="oval:com.redhat.rhsa:ste:20203053007" version="637">
 <red-def:arch datatype="string" operation="pattern match">aarch64|ppc64le|s390x|x86_64</red-def:arch>
 <red-def:evr datatype="evr_string" operation="less than">1:1.0.0-1.module+el8.2.1+6676+604e1b26</red-def:evr>
</red-def:rpminfo_state>
<red-def:rpminfo_state id="oval:com.redhat.rhsa:ste:20203053008" version="637">
 <red-def:arch datatype="string" operation="pattern match">aarch64|ppc64le|s390x|x86_64</red-def:arch>
 <red-def:evr datatype="evr_string" operation="less than">0:3.14-2.module+el8.2.1+6750+e53a300c</red-def:evr>
</red-def:rpminfo_state>
<red-def:rpminfo_state id="oval:com.redhat.rhsa:ste:20203053009" version="637">
 <red-def:arch datatype="string" operation="pattern match">aarch64|ppc64le|s390x|x86_64</red-def:arch>
 <red-def:evr datatype="evr_string" operation="less than">0:1.0.0-2.module+el8.2.1+6465+1a51e8b6</red-def:evr>
</red-def:rpminfo_state>
<red-def:rpminfo_state id="oval:com.redhat.rhsa:ste:20203053010" version="637">
 <red-def:arch datatype="string" operation="pattern match">aarch64|ppc64le|s390x|x86_64</red-def:arch>
 <red-def:evr datatype="evr_string" operation="less than">0:4.3.0-3.module+el8.2.1+6816+bedf4f91</red-def:evr>
</red-def:rpminfo_state>
<red-def:rpminfo_state id="oval:com.redhat.rhsa:ste:20203053011" version="637">
 <red-def:arch datatype="string" operation="pattern match">aarch64|ppc64le|s390x|x86_64</red-def:arch>
 <red-def:evr datatype="evr_string" operation="less than">0:1.9.3-2.module+el8.2.1+6867+366c07d6</red-def:evr>
</red-def:rpminfo_state>
<red-def:rpminfo_state id="oval:com.redhat.rhsa:ste:20203053012" version="637">
 <red-def:evr datatype="evr_string" operation="less than">0:1.9.3-2.module+el8.2.1+6867+366c07d6</red-def:evr>
</red-def:rpminfo_state>
<red-def:rpminfo_state id="oval:com.redhat.rhsa:ste:20203053013" version="637">
 <red-def:evr datatype="evr_string" operation="less than">0:1.2.0-0.2.gitd0a45fe.module+el8.2.1+6465+1a51e8b6</red-def:evr>
</red-def:rpminfo_state>
<red-def:rpminfo_state id="oval:com.redhat.rhsa:ste:20203053014" version="637">
 <red-def:arch datatype="string" operation="pattern match">aarch64|ppc64le|s390x|x86_64</red-def:arch>
 <red-def:evr datatype="evr_string" operation="less than">0:1.0.0-66.rc10.module+el8.2.1+6465+1a51e8b6</red-def:evr>
</red-def:rpminfo_state>
<red-def:rpminfo_state id="oval:com.redhat.rhsa:ste:20203053015" version="637">
 <red-def:arch datatype="string" operation="pattern match">aarch64|ppc64le|s390x|x86_64</red-def:arch>
 <red-def:evr datatype="evr_string" operation="less than">0:1.0.1-1.module+el8.2.1+6595+03641d72</red-def:evr>
</red-def:rpminfo_state>
<red-def:rpminfo_state id="oval:com.redhat.rhsa:ste:20203053016" version="637">
 <red-def:evr datatype="evr_string" operation="less than">0:0.0.7-1.module+el8.2.1+6465+1a51e8b6</red-def:evr>
</red-def:rpminfo_state>
<red-def:rpminfo_state id="oval:com.redhat.rhsa:ste:20203053017" version="637">
 <red-def:evr datatype="evr_string" operation="less than">0:0.2.1-2.module+el8.2.1+6465+1a51e8b6</red-def:evr>
</red-def:rpminfo_state>
<red-def:rpminfo_state id="oval:com.redhat.rhsa:ste:20203073001" version="637">
 <red-def:arch datatype="string" operation="equals">x86_64</red-def:arch>
 <red-def:evr datatype="evr_string" operation="less than">0:1-5.el8</red-def:evr>
</red-def:rpminfo_state>
<red-def:rpminfo_state id="oval:com.redhat.rhsa:ste:20203073002" version="637">
 <red-def:arch datatype="string" operation="equals">x86_64</red-def:arch>
 <red-def:evr datatype="evr_string" operation="equals">0:4.18.0-193.el8</red-def:evr>
</red-def:rpminfo_state>
<red-def:rpminfo_state id="oval:com.redhat.rhsa:ste:20203073006" version="637">
 <red-def:arch datatype="string" operation="equals">x86_64</red-def:arch>
 <red-def:evr datatype="evr_string" operation="less than">0:1-3.el8_2</red-def:evr>
</red-def:rpminfo_state>
<red-def:rpminfo_state id="oval:com.redhat.rhsa:ste:20203073007" version="637">
 <red-def:arch datatype="string" operation="equals">x86_64</red-def:arch>
 <red-def:evr datatype="evr_string" operation="equals">0:4.18.0-193.1.2.el8_2</red-def:evr>
</red-def:rpminfo_state>
<red-def:rpminfo_state id="oval:com.redhat.rhsa:ste:20203073010" version="637">
 <red-def:arch datatype="string" operation="equals">x86_64</red-def:arch>
 <red-def:evr datatype="evr_string" operation="less than">0:1-2.el8_2</red-def:evr>
</red-def:rpminfo_state>
<red-def:rpminfo_state id="oval:com.redhat.rhsa:ste:20203073011" version="637">
 <red-def:arch datatype="string" operation="equals">x86_64</red-def:arch>
 <red-def:evr datatype="evr_string" operation="equals">0:4.18.0-193.6.3.el8_2</red-def:evr>
</red-def:rpminfo_state>
<unix-def:uname_state id="oval:com.redhat.rhsa:ste:20203073012" version="637">
 <unix-def:os_release operation="pattern match">4.18.0-193.6.3.el8_2</unix-def:os_release>
</unix-def:uname_state>
<ind-def:textfilecontent54_state id="oval:com.redhat.rhsa:ste:20203073013" version="637">
 <ind-def:text operation="pattern match">4.18.0-193.6.3.el8_2</ind-def:text>
</ind-def:textfilecontent54_state>
<red-def:rpminfo_state id="oval:com.redhat.rhsa:ste:20203176001" version="636">
 <red-def:evr datatype="evr_string" operation="less than">0:42.2.3-3.el8_2</red-def:evr>
</red-def:rpminfo_state>
<red-def:rpminfo_state id="oval:com.redhat.rhsa:ste:20203185001" version="635">
 <red-def:arch datatype="string" operation="pattern match">aarch64|ppc64le|s390x|x86_64</red-def:arch>
 <red-def:evr datatype="evr_string" operation="less than">0:5.1.1-12.el8_2</red-def:evr>
</red-def:rpminfo_state>
<red-def:rpminfo_state id="oval:com.redhat.rhsa:ste:20203216001" version="640">
 <red-def:arch datatype="string" operation="equals">x86_64</red-def:arch>
 <red-def:evr datatype="evr_string" operation="less than">0:15-7.el8</red-def:evr>
</red-def:rpminfo_state>
<red-def:rpminfo_state id="oval:com.redhat.rhsa:ste:20203216003" version="640">
 <red-def:arch datatype="string" operation="equals">aarch64</red-def:arch>
 <red-def:evr datatype="evr_string" operation="less than">0:15-14.el8_2</red-def:evr>
</red-def:rpminfo_state>
<red-def:rpminfo_state id="oval:com.redhat.rhsa:ste:20203216004" version="640">
 <red-def:arch datatype="string" operation="equals">x86_64</red-def:arch>
 <red-def:evr datatype="evr_string" operation="less than">0:15-14.el8_2</red-def:evr>
</red-def:rpminfo_state>
<red-def:rpminfo_state id="oval:com.redhat.rhsa:ste:20203216005" version="640">
 <red-def:arch datatype="string" operation="pattern match">aarch64|ppc64le|s390x|x86_64</red-def:arch>
 <red-def:evr datatype="evr_string" operation="less than">0:1.1.4-7.el8_2</red-def:evr>
</red-def:rpminfo_state>
<red-def:rpminfo_state id="oval:com.redhat.rhsa:ste:20203216006" version="640">
 <red-def:evr datatype="evr_string" operation="less than">1:2.02-87.el8_2</red-def:evr>
</red-def:rpminfo_state>
<red-def:rpminfo_state id="oval:com.redhat.rhsa:ste:20203216007" version="640">
 <red-def:arch datatype="string" operation="equals">aarch64</red-def:arch>
 <red-def:evr datatype="evr_string" operation="less than">1:2.02-87.el8_2</red-def:evr>
</red-def:rpminfo_state>
<red-def:rpminfo_state id="oval:com.redhat.rhsa:ste:20203216008" version="640">
 <red-def:arch datatype="string" operation="equals">x86_64</red-def:arch>
 <red-def:evr datatype="evr_string" operation="less than">1:2.02-87.el8_2</red-def:evr>
</red-def:rpminfo_state>
<red-def:rpminfo_state id="oval:com.redhat.rhsa:ste:20203216009" version="640">
 <red-def:arch datatype="string" operation="equals">ppc64le</red-def:arch>
 <red-def:evr datatype="evr_string" operation="less than">1:2.02-87.el8_2</red-def:evr>
</red-def:rpminfo_state>
<red-def:rpminfo_state id="oval:com.redhat.rhsa:ste:20203216010" version="640">
 <red-def:arch datatype="string" operation="pattern match">aarch64|ppc64le|x86_64</red-def:arch>
 <red-def:evr datatype="evr_string" operation="less than">1:2.02-87.el8_2</red-def:evr>
</red-def:rpminfo_state>
<red-def:rpminfo_state id="oval:com.redhat.rhsa:ste:20203218001" version="639">
 <red-def:arch datatype="string" operation="pattern match">aarch64|ppc64le|s390x|x86_64</red-def:arch>
 <red-def:evr datatype="evr_string" operation="less than">0:4.18.0-193.14.3.el8_2</red-def:evr>
</red-def:rpminfo_state>
<red-def:rpminfo_state id="oval:com.redhat.rhsa:ste:20203218003" version="639">
 <red-def:evr datatype="evr_string" operation="less than">0:4.18.0-193.14.3.el8_2</red-def:evr>
</red-def:rpminfo_state>
<red-def:rpminfo_state id="oval:com.redhat.rhsa:ste:20203218004" version="639">
 <red-def:arch datatype="string" operation="pattern match">aarch64|ppc64le|x86_64</red-def:arch>
 <red-def:evr datatype="evr_string" operation="less than">0:4.18.0-193.14.3.el8_2</red-def:evr>
</red-def:rpminfo_state>
<red-def:rpminfo_state id="oval:com.redhat.rhsa:ste:20203218005" version="639">
 <red-def:arch datatype="string" operation="equals">s390x</red-def:arch>
 <red-def:evr datatype="evr_string" operation="less than">0:4.18.0-193.14.3.el8_2</red-def:evr>
</red-def:rpminfo_state>
<unix-def:uname_state id="oval:com.redhat.rhsa:ste:20203218006" version="639">
 <unix-def:os_release operation="pattern match">([0-3]\.\d+\.\d+-)|(4\.([0-9]|1[0-7])\.\d+-)|(4\.18\.0-([0-9]{1,2}|1[0-8][0-9]|19[0-2])\.)|(4\.18\.0-193\.[^\.]*[a-zA-Z])|(4\.18\.0-193\.([0-9]|1[0-3])\.)|(4\.18\.0-193\.14\.[^\.]*[a-zA-Z])|(4\.18\.0-193\.14\.[0-2]\.)</unix-def:os_release>
</unix-def:uname_state>
<ind-def:textfilecontent54_state id="oval:com.redhat.rhsa:ste:20203218007" version="639">
 <ind-def:text operation="pattern match">([0-3]\.\d+\.\d+-)|(4\.([0-9]|1[0-7])\.\d+-)|(4\.18\.0-([0-9]{1,2}|1[0-8][0-9]|19[0-2])\.)|(4\.18\.0-193\.[^\.]*[a-zA-Z])|(4\.18\.0-193\.([0-9]|1[0-3])\.)|(4\.18\.0-193\.14\.[^\.]*[a-zA-Z])|(4\.18\.0-193\.14\.[0-2]\.)</ind-def:text>
</ind-def:textfilecontent54_state>
<red-def:rpminfo_state id="oval:com.redhat.rhsa:ste:20203219001" version="638">
 <red-def:arch datatype="string" operation="equals">x86_64</red-def:arch>
 <red-def:evr datatype="evr_string" operation="less than">0:4.18.0-193.14.3.rt13.67.el8_2</red-def:evr>
</red-def:rpminfo_state>
<red-def:rpminfo_state id="oval:com.redhat.rhsa:ste:20203241001" version="636">
 <red-def:arch datatype="string" operation="pattern match">aarch64|ppc64le|s390x|x86_64</red-def:arch>
 <red-def:evr datatype="evr_string" operation="less than">0:68.11.0-1.el8_2</red-def:evr>
</red-def:rpminfo_state>
<red-def:rpminfo_state id="oval:com.redhat.rhsa:ste:20203280001" version="637">
 <red-def:arch datatype="string" operation="pattern match">aarch64|i686|ppc64le|s390x|x86_64</red-def:arch>
 <red-def:evr datatype="evr_string" operation="less than">0:4.25.0-2.el8_2</red-def:evr>
</red-def:rpminfo_state>
<red-def:rpminfo_state id="oval:com.redhat.rhsa:ste:20203280003" version="637">
 <red-def:arch datatype="string" operation="pattern match">aarch64|i686|ppc64le|s390x|x86_64</red-def:arch>
 <red-def:evr datatype="evr_string" operation="less than">0:3.53.1-11.el8_2</red-def:evr>
</red-def:rpminfo_state>
<red-def:rpminfo_state id="oval:com.redhat.rhsa:ste:20203280004" version="637">
 <red-def:arch datatype="string" operation="pattern match">aarch64|ppc64le|s390x|x86_64</red-def:arch>
 <red-def:evr datatype="evr_string" operation="less than">0:3.53.1-11.el8_2</red-def:evr>
</red-def:rpminfo_state>
<red-def:rpminfo_state id="oval:com.redhat.rhsa:ste:20203341001" version="636">
 <red-def:arch datatype="string" operation="pattern match">aarch64|ppc64le|x86_64</red-def:arch>
 <red-def:evr datatype="evr_string" operation="less than">0:68.11.0-1.el8_2</red-def:evr>
</red-def:rpminfo_state>
<red-def:rpminfo_state id="oval:com.redhat.rhsa:ste:20203385001" version="636">
 <red-def:arch datatype="string" operation="pattern match">aarch64|i686|ppc64le|s390x|x86_64</red-def:arch>
 <red-def:evr datatype="evr_string" operation="less than">0:0.9.11-15.el8_2.1</red-def:evr>
</red-def:rpminfo_state>
<red-def:rpminfo_state id="oval:com.redhat.rhsa:ste:20203386001" version="635">
 <red-def:arch datatype="string" operation="pattern match">ppc64le|s390x|x86_64</red-def:arch>
 <red-def:evr datatype="evr_string" operation="less than">1:1.8.0.6.15-1.el8_2</red-def:evr>
</red-def:rpminfo_state>
<red-def:rpminfo_state id="oval:com.redhat.rhsa:ste:20203386003" version="635">
 <red-def:arch datatype="string" operation="pattern match">ppc64le|x86_64</red-def:arch>
 <red-def:evr datatype="evr_string" operation="less than">1:1.8.0.6.15-1.el8_2</red-def:evr>
</red-def:rpminfo_state>
<red-def:rpminfo_state id="oval:com.redhat.rhsa:ste:20203422001" version="637">
 <red-def:arch datatype="string" operation="equals">x86_64</red-def:arch>
 <red-def:evr datatype="evr_string" operation="less than">0:3.1.7-1.el8_2</red-def:evr>
</red-def:rpminfo_state>
<red-def:rpminfo_state id="oval:com.redhat.rhsa:ste:20203422003" version="637">
 <red-def:arch datatype="string" operation="equals">x86_64</red-def:arch>
 <red-def:evr datatype="evr_string" operation="less than">0:3.1.107-1.el8_2</red-def:evr>
</red-def:rpminfo_state>
<red-def:rpminfo_state id="oval:com.redhat.rhsa:ste:20203557001" version="636">
 <red-def:arch datatype="string" operation="pattern match">aarch64|ppc64le|s390x|x86_64</red-def:arch>
 <red-def:evr datatype="evr_string" operation="less than">0:78.2.0-2.el8_2</red-def:evr>
</red-def:rpminfo_state>
<red-def:rpminfo_state id="oval:com.redhat.rhsa:ste:20203623003" version="635">
 <red-def:arch datatype="string" operation="pattern match">aarch64|ppc64le|s390x|x86_64</red-def:arch>
 <red-def:evr datatype="evr_string" operation="less than">7:4.4-8.module+el8.2.0+7834+b8ecaeef.2</red-def:evr>
</red-def:rpminfo_state>
<red-def:rpminfo_state id="oval:com.redhat.rhsa:ste:20203634001" version="636">
 <red-def:arch datatype="string" operation="pattern match">aarch64|ppc64le|x86_64</red-def:arch>
 <red-def:evr datatype="evr_string" operation="less than">0:68.12.0-1.el8_2</red-def:evr>
</red-def:rpminfo_state>
<red-def:rpminfo_state id="oval:com.redhat.rhsa:ste:20203654001" version="635">
 <red-def:arch datatype="string" operation="pattern match">aarch64|i686|ppc64le|s390x|x86_64</red-def:arch>
 <red-def:evr datatype="evr_string" operation="less than">0:0.6.12-4.el8_2.1</red-def:evr>
</red-def:rpminfo_state>
<red-def:rpminfo_state id="oval:com.redhat.rhsa:ste:20203658001" version="635">
 <red-def:arch datatype="string" operation="pattern match">aarch64|i686|ppc64le|s390x|x86_64</red-def:arch>
 <red-def:evr datatype="evr_string" operation="less than">0:1.11.0-3.el8_2</red-def:evr>
</red-def:rpminfo_state>
<red-def:rpminfo_state id="oval:com.redhat.rhsa:ste:20203658003" version="635">
 <red-def:arch datatype="string" operation="pattern match">aarch64|ppc64le|s390x|x86_64</red-def:arch>
 <red-def:evr datatype="evr_string" operation="less than">0:1.11.0-3.el8_2</red-def:evr>
</red-def:rpminfo_state>
<red-def:rpminfo_state id="oval:com.redhat.rhsa:ste:20203662004" version="639">
 <red-def:arch datatype="string" operation="pattern match">aarch64|ppc64le|s390x|x86_64</red-def:arch>
 <red-def:evr datatype="evr_string" operation="less than">0:7.3.20-1.module+el8.2.0+7373+b272fdef</red-def:evr>
</red-def:rpminfo_state>
<red-def:rpminfo_state id="oval:com.redhat.rhsa:ste:20203662007" version="639">
 <red-def:arch datatype="string" operation="pattern match">aarch64|ppc64le|s390x|x86_64</red-def:arch>
 <red-def:evr datatype="evr_string" operation="less than">0:2.0.1-1.module+el8.2.0+4968+1d5097db</red-def:evr>
</red-def:rpminfo_state>
<red-def:rpminfo_state id="oval:com.redhat.rhsa:ste:20203662008" version="639">
 <red-def:arch datatype="string" operation="pattern match">aarch64|ppc64le|s390x|x86_64</red-def:arch>
 <red-def:evr datatype="evr_string" operation="less than">0:2.8.0-1.module+el8.2.0+4968+1d5097db</red-def:evr>
</red-def:rpminfo_state>
<red-def:rpminfo_state id="oval:com.redhat.rhsa:ste:20203665001" version="637">
 <red-def:arch datatype="string" operation="equals">x86_64</red-def:arch>
 <red-def:evr datatype="evr_string" operation="less than">0:1.3.2-3.module+el8.2.0+5581+896cb53e</red-def:evr>
</red-def:rpminfo_state>
<red-def:rpminfo_state id="oval:com.redhat.rhsa:ste:20203665003" version="637">
 <red-def:arch datatype="string" operation="pattern match">aarch64|ppc64le|s390x|x86_64</red-def:arch>
 <red-def:evr datatype="evr_string" operation="less than">0:1.13.15-1.module+el8.2.0+7662+fa98b974</red-def:evr>
</red-def:rpminfo_state>
<red-def:rpminfo_state id="oval:com.redhat.rhsa:ste:20203665004" version="637">
 <red-def:evr datatype="evr_string" operation="less than">0:1.13.15-1.module+el8.2.0+7662+fa98b974</red-def:evr>
</red-def:rpminfo_state>
<red-def:rpminfo_state id="oval:com.redhat.rhsa:ste:20203665005" version="637">
 <red-def:arch datatype="string" operation="equals">x86_64</red-def:arch>
 <red-def:evr datatype="evr_string" operation="less than">0:1.13.15-1.module+el8.2.0+7662+fa98b974</red-def:evr>
</red-def:rpminfo_state>
<red-def:rpminfo_state id="oval:com.redhat.rhsa:ste:20203669001" version="639">
 <red-def:arch datatype="string" operation="pattern match">aarch64|ppc64le|s390x|x86_64</red-def:arch>
 <red-def:evr datatype="evr_string" operation="less than">0:10.14-1.module+el8.2.0+7801+be0fed80</red-def:evr>
</red-def:rpminfo_state>
<red-def:rpminfo_state id="oval:com.redhat.rhsa:ste:20203699001" version="637">
 <red-def:arch datatype="string" operation="equals">x86_64</red-def:arch>
 <red-def:evr datatype="evr_string" operation="less than">0:3.1.8-2.el8_2</red-def:evr>
</red-def:rpminfo_state>
<red-def:rpminfo_state id="oval:com.redhat.rhsa:ste:20203699003" version="637">
 <red-def:arch datatype="string" operation="equals">x86_64</red-def:arch>
 <red-def:evr datatype="evr_string" operation="less than">0:3.1.108-2.el8_2</red-def:evr>
</red-def:rpminfo_state>
<red-def:rpminfo_state id="oval:com.redhat.rhsa:ste:20203713001" version="635">
 <red-def:arch datatype="string" operation="pattern match">aarch64|i686|ppc64le|s390x|x86_64</red-def:arch>
 <red-def:evr datatype="evr_string" operation="less than">1:2.3.8-2.el8_2.2</red-def:evr>
</red-def:rpminfo_state>
<red-def:rpminfo_state id="oval:com.redhat.rhsa:ste:20203713003" version="635">
 <red-def:arch datatype="string" operation="pattern match">aarch64|ppc64le|s390x|x86_64</red-def:arch>
 <red-def:evr datatype="evr_string" operation="less than">1:2.3.8-2.el8_2.2</red-def:evr>
</red-def:rpminfo_state>
<red-def:rpminfo_state id="oval:com.redhat.rhsa:ste:20203714001" version="635">
 <red-def:arch datatype="string" operation="pattern match">aarch64|ppc64le|s390x|x86_64</red-def:arch>
 <red-def:evr datatype="evr_string" operation="less than">0:2.4.37-21.module+el8.2.0+5008+cca404a3</red-def:evr>
</red-def:rpminfo_state>
<red-def:rpminfo_state id="oval:com.redhat.rhsa:ste:20203714003" version="635">
 <red-def:evr datatype="evr_string" operation="less than">0:2.4.37-21.module+el8.2.0+5008+cca404a3</red-def:evr>
</red-def:rpminfo_state>
<red-def:rpminfo_state id="oval:com.redhat.rhsa:ste:20203714004" version="635">
 <red-def:arch datatype="string" operation="pattern match">aarch64|ppc64le|s390x|x86_64</red-def:arch>
 <red-def:evr datatype="evr_string" operation="less than">0:1.11.3-3.module+el8.2.0+7758+84b4ca3e.1</red-def:evr>
</red-def:rpminfo_state>
<red-def:rpminfo_state id="oval:com.redhat.rhsa:ste:20203714005" version="635">
 <red-def:arch datatype="string" operation="pattern match">aarch64|ppc64le|s390x|x86_64</red-def:arch>
 <red-def:evr datatype="evr_string" operation="less than">1:2.0.8-7.module+el8.2.0+5531+7e4d69a2</red-def:evr>
</red-def:rpminfo_state>
<red-def:rpminfo_state id="oval:com.redhat.rhsa:ste:20203714006" version="635">
 <red-def:arch datatype="string" operation="pattern match">aarch64|ppc64le|s390x|x86_64</red-def:arch>
 <red-def:evr datatype="evr_string" operation="less than">1:2.4.37-21.module+el8.2.0+5008+cca404a3</red-def:evr>
</red-def:rpminfo_state>
<red-def:rpminfo_state id="oval:com.redhat.rhsa:ste:20203732004" version="635">
 <red-def:arch datatype="string" operation="pattern match">aarch64|ppc64le|s390x|x86_64</red-def:arch>
 <red-def:evr datatype="evr_string" operation="less than">0:8.0.21-1.module+el8.2.0+7855+47abd494</red-def:evr>
</red-def:rpminfo_state>
<red-def:rpminfo_state id="oval:com.redhat.rhsa:ste:20203832001" version="636">
 <red-def:arch datatype="string" operation="pattern match">aarch64|ppc64le|s390x|x86_64</red-def:arch>
 <red-def:evr datatype="evr_string" operation="less than">0:78.3.0-1.el8_2</red-def:evr>
</red-def:rpminfo_state>
<red-def:rpminfo_state id="oval:com.redhat.rhsa:ste:20204059017" version="637">
 <red-def:arch datatype="string" operation="pattern match">aarch64|ppc64le|s390x|x86_64</red-def:arch>
 <red-def:evr datatype="evr_string" operation="less than">15:2.12.0-99.module+el8.2.0+7988+c1d02dbb.4</red-def:evr>
</red-def:rpminfo_state>
<red-def:rpminfo_state id="oval:com.redhat.rhsa:ste:20204059018" version="637">
 <red-def:arch datatype="string" operation="equals">x86_64</red-def:arch>
 <red-def:evr datatype="evr_string" operation="less than">15:2.12.0-99.module+el8.2.0+7988+c1d02dbb.4</red-def:evr>
</red-def:rpminfo_state>
<red-def:rpminfo_state id="oval:com.redhat.rhsa:ste:20204155001" version="637">
 <red-def:arch datatype="string" operation="pattern match">aarch64|ppc64le|x86_64</red-def:arch>
 <red-def:evr datatype="evr_string" operation="less than">0:78.3.1-1.el8_2</red-def:evr>
</red-def:rpminfo_state>
<red-def:rpminfo_state id="oval:com.redhat.rhsa:ste:20204186001" version="636">
 <red-def:arch datatype="string" operation="pattern match">aarch64|i686|x86_64</red-def:arch>
 <red-def:evr datatype="evr_string" operation="less than">0:0.14.2-1.el8_2.1</red-def:evr>
</red-def:rpminfo_state>
<red-def:rpminfo_state id="oval:com.redhat.rhsa:ste:20204186003" version="636">
 <red-def:arch datatype="string" operation="pattern match">aarch64|i686|ppc64le|s390x|x86_64</red-def:arch>
 <red-def:evr datatype="evr_string" operation="less than">0:0.37-1.el8_2.2</red-def:evr>
</red-def:rpminfo_state>
<red-def:rpminfo_state id="oval:com.redhat.rhsa:ste:20204186004" version="636">
 <red-def:arch datatype="string" operation="pattern match">aarch64|ppc64le|s390x|x86_64</red-def:arch>
 <red-def:evr datatype="evr_string" operation="less than">0:0.37-1.el8_2.2</red-def:evr>
</red-def:rpminfo_state>
<red-def:rpminfo_state id="oval:com.redhat.rhsa:ste:20204272001" version="639">
 <red-def:arch datatype="string" operation="pattern match">aarch64|ppc64le|s390x|x86_64</red-def:arch>
 <red-def:evr datatype="evr_string" operation="less than">1:12.18.4-2.module+el8.2.0+8361+192e434e</red-def:evr>
</red-def:rpminfo_state>
<red-def:rpminfo_state id="oval:com.redhat.rhsa:ste:20204272003" version="639">
 <red-def:evr datatype="evr_string" operation="less than">1:12.18.4-2.module+el8.2.0+8361+192e434e</red-def:evr>
</red-def:rpminfo_state>
<red-def:rpminfo_state id="oval:com.redhat.rhsa:ste:20204272006" version="639">
 <red-def:arch datatype="string" operation="pattern match">aarch64|ppc64le|s390x|x86_64</red-def:arch>
 <red-def:evr datatype="evr_string" operation="less than">1:6.14.6-1.12.18.4.2.module+el8.2.0+8361+192e434e</red-def:evr>
</red-def:rpminfo_state>
<red-def:rpminfo_state id="oval:com.redhat.rhsa:ste:20204286001" version="644">
 <red-def:arch datatype="string" operation="pattern match">aarch64|ppc64le|s390x|x86_64</red-def:arch>
 <red-def:evr datatype="evr_string" operation="less than">0:4.18.0-193.28.1.el8_2</red-def:evr>
</red-def:rpminfo_state>
<red-def:rpminfo_state id="oval:com.redhat.rhsa:ste:20204286003" version="644">
 <red-def:evr datatype="evr_string" operation="less than">0:4.18.0-193.28.1.el8_2</red-def:evr>
</red-def:rpminfo_state>
<red-def:rpminfo_state id="oval:com.redhat.rhsa:ste:20204286004" version="644">
 <red-def:arch datatype="string" operation="pattern match">aarch64|ppc64le|x86_64</red-def:arch>
 <red-def:evr datatype="evr_string" operation="less than">0:4.18.0-193.28.1.el8_2</red-def:evr>
</red-def:rpminfo_state>
<red-def:rpminfo_state id="oval:com.redhat.rhsa:ste:20204286005" version="644">
 <red-def:arch datatype="string" operation="equals">s390x</red-def:arch>
 <red-def:evr datatype="evr_string" operation="less than">0:4.18.0-193.28.1.el8_2</red-def:evr>
</red-def:rpminfo_state>
<unix-def:uname_state id="oval:com.redhat.rhsa:ste:20204286006" version="644">
 <unix-def:os_release operation="pattern match">([0-3]\.\d+\.\d+-)|(4\.([0-9]|1[0-7])\.\d+-)|(4\.18\.0-([0-9]{1,2}|1[0-8][0-9]|19[0-2])\.)|(4\.18\.0-193\.[^\.]*[a-zA-Z])|(4\.18\.0-193\.([0-9]|1[0-9]|2[0-7])\.)|(4\.18\.0-193\.28\.[^\.]*[a-zA-Z])|(4\.18\.0-193\.28\.0\.)</unix-def:os_release>
</unix-def:uname_state>
<ind-def:textfilecontent54_state id="oval:com.redhat.rhsa:ste:20204286007" version="644">
 <ind-def:text operation="pattern match">([0-3]\.\d+\.\d+-)|(4\.([0-9]|1[0-7])\.\d+-)|(4\.18\.0-([0-9]{1,2}|1[0-8][0-9]|19[0-2])\.)|(4\.18\.0-193\.[^\.]*[a-zA-Z])|(4\.18\.0-193\.([0-9]|1[0-9]|2[0-7])\.)|(4\.18\.0-193\.28\.[^\.]*[a-zA-Z])|(4\.18\.0-193\.28\.0\.)</ind-def:text>
</ind-def:textfilecontent54_state>
<red-def:rpminfo_state id="oval:com.redhat.rhsa:ste:20204289001" version="639">
 <red-def:arch datatype="string" operation="equals">x86_64</red-def:arch>
 <red-def:evr datatype="evr_string" operation="less than">0:4.18.0-193.28.1.rt13.77.el8_2</red-def:evr>
</red-def:rpminfo_state>
<red-def:rpminfo_state id="oval:com.redhat.rhsa:ste:20204305001" version="638">
 <red-def:arch datatype="string" operation="pattern match">aarch64|ppc64le|s390x|x86_64</red-def:arch>
 <red-def:evr datatype="evr_string" operation="less than">1:11.0.9.11-0.el8_2</red-def:evr>
</red-def:rpminfo_state>
<red-def:rpminfo_state id="oval:com.redhat.rhsa:ste:20204317001" version="637">
 <red-def:arch datatype="string" operation="pattern match">aarch64|ppc64le|s390x|x86_64</red-def:arch>
 <red-def:evr datatype="evr_string" operation="less than">0:78.4.0-1.el8_2</red-def:evr>
</red-def:rpminfo_state>
<red-def:rpminfo_state id="oval:com.redhat.rhsa:ste:20204331001" version="636">
 <red-def:arch datatype="string" operation="pattern match">ppc64le|x86_64</red-def:arch>
 <red-def:evr datatype="evr_string" operation="less than">0:1-7.el8</red-def:evr>
</red-def:rpminfo_state>
<red-def:rpminfo_state id="oval:com.redhat.rhsa:ste:20204331006" version="636">
 <red-def:arch datatype="string" operation="pattern match">ppc64le|x86_64</red-def:arch>
 <red-def:evr datatype="evr_string" operation="less than">0:1-5.el8_2</red-def:evr>
</red-def:rpminfo_state>
<red-def:rpminfo_state id="oval:com.redhat.rhsa:ste:20204331010" version="636">
 <red-def:arch datatype="string" operation="pattern match">ppc64le|x86_64</red-def:arch>
 <red-def:evr datatype="evr_string" operation="less than">0:1-4.el8_2</red-def:evr>
</red-def:rpminfo_state>
<red-def:rpminfo_state id="oval:com.redhat.rhsa:ste:20204331011" version="636">
 <red-def:arch datatype="string" operation="pattern match">ppc64le|x86_64</red-def:arch>
 <red-def:evr datatype="evr_string" operation="equals">0:4.18.0-193.6.3.el8_2</red-def:evr>
</red-def:rpminfo_state>
<red-def:rpminfo_state id="oval:com.redhat.rhsa:ste:20204331014" version="636">
 <red-def:arch datatype="string" operation="pattern match">ppc64le|x86_64</red-def:arch>
 <red-def:evr datatype="evr_string" operation="less than">0:1-2.el8_2</red-def:evr>
</red-def:rpminfo_state>
<red-def:rpminfo_state id="oval:com.redhat.rhsa:ste:20204331015" version="636">
 <red-def:arch datatype="string" operation="pattern match">ppc64le|x86_64</red-def:arch>
 <red-def:evr datatype="evr_string" operation="equals">0:4.18.0-193.13.2.el8_2</red-def:evr>
</red-def:rpminfo_state>
<unix-def:uname_state id="oval:com.redhat.rhsa:ste:20204331016" version="636">
 <unix-def:os_release operation="pattern match">4.18.0-193.13.2.el8_2</unix-def:os_release>
</unix-def:uname_state>
<ind-def:textfilecontent54_state id="oval:com.redhat.rhsa:ste:20204331017" version="636">
 <ind-def:text operation="pattern match">4.18.0-193.13.2.el8_2</ind-def:text>
</ind-def:textfilecontent54_state>
<red-def:rpminfo_state id="oval:com.redhat.rhsa:ste:20204331018" version="636">
 <red-def:arch datatype="string" operation="pattern match">ppc64le|x86_64</red-def:arch>
 <red-def:evr datatype="evr_string" operation="equals">0:4.18.0-193.14.3.el8_2</red-def:evr>
</red-def:rpminfo_state>
<unix-def:uname_state id="oval:com.redhat.rhsa:ste:20204331019" version="636">
 <unix-def:os_release operation="pattern match">4.18.0-193.14.3.el8_2</unix-def:os_release>
</unix-def:uname_state>
<ind-def:textfilecontent54_state id="oval:com.redhat.rhsa:ste:20204331020" version="636">
 <ind-def:text operation="pattern match">4.18.0-193.14.3.el8_2</ind-def:text>
</ind-def:textfilecontent54_state>
<red-def:rpminfo_state id="oval:com.redhat.rhsa:ste:20204331021" version="636">
 <red-def:arch datatype="string" operation="pattern match">ppc64le|x86_64</red-def:arch>
 <red-def:evr datatype="evr_string" operation="equals">0:4.18.0-193.19.1.el8_2</red-def:evr>
</red-def:rpminfo_state>
<unix-def:uname_state id="oval:com.redhat.rhsa:ste:20204331022" version="636">
 <unix-def:os_release operation="pattern match">4.18.0-193.19.1.el8_2</unix-def:os_release>
</unix-def:uname_state>
<ind-def:textfilecontent54_state id="oval:com.redhat.rhsa:ste:20204331023" version="636">
 <ind-def:text operation="pattern match">4.18.0-193.19.1.el8_2</ind-def:text>
</ind-def:textfilecontent54_state>
<red-def:rpminfo_state id="oval:com.redhat.rhsa:ste:20204347001" version="635">
 <red-def:arch datatype="string" operation="pattern match">aarch64|ppc64le|s390x|x86_64</red-def:arch>
 <red-def:evr datatype="evr_string" operation="less than">1:1.8.0.272.b10-1.el8_2</red-def:evr>
</red-def:rpminfo_state>
<red-def:rpminfo_state id="oval:com.redhat.rhsa:ste:20204347003" version="635">
 <red-def:evr datatype="evr_string" operation="less than">1:1.8.0.272.b10-1.el8_2</red-def:evr>
</red-def:rpminfo_state>
<red-def:rpminfo_state id="oval:com.redhat.rhsa:ste:20204431001" version="640">
 <red-def:arch datatype="string" operation="pattern match">aarch64|ppc64le|s390x|x86_64</red-def:arch>
 <red-def:evr datatype="evr_string" operation="less than">0:4.18.0-240.el8</red-def:evr>
</red-def:rpminfo_state>
<red-def:rpminfo_state id="oval:com.redhat.rhsa:ste:20204431003" version="640">
 <red-def:evr datatype="evr_string" operation="less than">0:4.18.0-240.el8</red-def:evr>
</red-def:rpminfo_state>
<red-def:rpminfo_state id="oval:com.redhat.rhsa:ste:20204431004" version="640">
 <red-def:arch datatype="string" operation="pattern match">aarch64|ppc64le|x86_64</red-def:arch>
 <red-def:evr datatype="evr_string" operation="less than">0:4.18.0-240.el8</red-def:evr>
</red-def:rpminfo_state>
<red-def:rpminfo_state id="oval:com.redhat.rhsa:ste:20204431005" version="640">
 <red-def:arch datatype="string" operation="equals">s390x</red-def:arch>
 <red-def:evr datatype="evr_string" operation="less than">0:4.18.0-240.el8</red-def:evr>
</red-def:rpminfo_state>
<unix-def:uname_state id="oval:com.redhat.rhsa:ste:20204431006" version="640">
 <unix-def:os_release operation="pattern match">([0-3]\.\d+\.\d+-)|(4\.([0-9]|1[0-7])\.\d+-)|(4\.18\.0-([0-9]{1,2}|1[0-9]{2}|2[0-2][0-9]|23[0-9])\.)</unix-def:os_release>
</unix-def:uname_state>
<ind-def:textfilecontent54_state id="oval:com.redhat.rhsa:ste:20204431007" version="640">
 <ind-def:text operation="pattern match">([0-3]\.\d+\.\d+-)|(4\.([0-9]|1[0-7])\.\d+-)|(4\.18\.0-([0-9]{1,2}|1[0-9]{2}|2[0-2][0-9]|23[0-9])\.)</ind-def:text>
</ind-def:textfilecontent54_state>
<red-def:rpminfo_state id="oval:com.redhat.rhsa:ste:20204432001" version="637">
 <red-def:evr datatype="evr_string" operation="less than">0:9.0.3-18.el8</red-def:evr>
</red-def:rpminfo_state>
<red-def:rpminfo_state id="oval:com.redhat.rhsa:ste:20204433001" version="636">
 <red-def:arch datatype="string" operation="pattern match">aarch64|i686|ppc64le|s390x|x86_64</red-def:arch>
 <red-def:evr datatype="evr_string" operation="less than">0:3.6.8-31.el8</red-def:evr>
</red-def:rpminfo_state>
<red-def:rpminfo_state id="oval:com.redhat.rhsa:ste:20204436001" version="638">
 <red-def:arch datatype="string" operation="pattern match">aarch64|i686|ppc64le|s390x|x86_64</red-def:arch>
 <red-def:evr datatype="evr_string" operation="less than">0:0.1.15-1.el8</red-def:evr>
</red-def:rpminfo_state>
<red-def:rpminfo_state id="oval:com.redhat.rhsa:ste:20204436003" version="638">
 <red-def:arch datatype="string" operation="pattern match">aarch64|ppc64le|s390x|x86_64</red-def:arch>
 <red-def:evr datatype="evr_string" operation="less than">0:3.36.1-4.el8</red-def:evr>
</red-def:rpminfo_state>
<red-def:rpminfo_state id="oval:com.redhat.rhsa:ste:20204436004" version="638">
 <red-def:evr datatype="evr_string" operation="less than">0:8-20200724.el8</red-def:evr>
</red-def:rpminfo_state>
<red-def:rpminfo_state id="oval:com.redhat.rhsa:ste:20204436005" version="638">
 <red-def:arch datatype="string" operation="pattern match">aarch64|ppc64le|s390x|x86_64</red-def:arch>
 <red-def:evr datatype="evr_string" operation="less than">0:1.4.2-4.el8</red-def:evr>
</red-def:rpminfo_state>
<red-def:rpminfo_state id="oval:com.redhat.rhsa:ste:20204442001" version="636">
 <red-def:arch datatype="string" operation="pattern match">aarch64|ppc64le|s390x|x86_64</red-def:arch>
 <red-def:evr datatype="evr_string" operation="less than">0:3.26.0-11.el8</red-def:evr>
</red-def:rpminfo_state>
<red-def:rpminfo_state id="oval:com.redhat.rhsa:ste:20204442003" version="636">
 <red-def:arch datatype="string" operation="pattern match">aarch64|i686|ppc64le|s390x|x86_64</red-def:arch>
 <red-def:evr datatype="evr_string" operation="less than">0:3.26.0-11.el8</red-def:evr>
</red-def:rpminfo_state>
<red-def:rpminfo_state id="oval:com.redhat.rhsa:ste:20204442004" version="636">
 <red-def:evr datatype="evr_string" operation="less than">0:3.26.0-11.el8</red-def:evr>
</red-def:rpminfo_state>
<red-def:rpminfo_state id="oval:com.redhat.rhsa:ste:20204443001" version="635">
 <red-def:arch datatype="string" operation="pattern match">aarch64|ppc64le|s390x|x86_64</red-def:arch>
 <red-def:evr datatype="evr_string" operation="less than">0:3.3.2-9.el8</red-def:evr>
</red-def:rpminfo_state>
<red-def:rpminfo_state id="oval:com.redhat.rhsa:ste:20204443003" version="635">
 <red-def:arch datatype="string" operation="pattern match">aarch64|i686|ppc64le|s390x|x86_64</red-def:arch>
 <red-def:evr datatype="evr_string" operation="less than">0:3.3.2-9.el8</red-def:evr>
</red-def:rpminfo_state>
<red-def:rpminfo_state id="oval:com.redhat.rhsa:ste:20204444001" version="637">
 <red-def:arch datatype="string" operation="pattern match">aarch64|ppc64le|s390x|x86_64</red-def:arch>
 <red-def:evr datatype="evr_string" operation="less than">0:2.28-127.el8</red-def:evr>
</red-def:rpminfo_state>
<red-def:rpminfo_state id="oval:com.redhat.rhsa:ste:20204444003" version="637">
 <red-def:arch datatype="string" operation="pattern match">aarch64|i686|ppc64le|s390x|x86_64</red-def:arch>
 <red-def:evr datatype="evr_string" operation="less than">0:2.28-127.el8</red-def:evr>
</red-def:rpminfo_state>
<red-def:rpminfo_state id="oval:com.redhat.rhsa:ste:20204445001" version="636">
 <red-def:arch datatype="string" operation="pattern match">aarch64|i686|ppc64le|s390x|x86_64</red-def:arch>
 <red-def:evr datatype="evr_string" operation="less than">0:0.9.0-2.el8</red-def:evr>
</red-def:rpminfo_state>
<red-def:rpminfo_state id="oval:com.redhat.rhsa:ste:20204451001" version="640">
 <red-def:arch datatype="string" operation="pattern match">aarch64|i686|ppc64le|s390x|x86_64</red-def:arch>
 <red-def:evr datatype="evr_string" operation="less than">0:2.28.4-1.el8</red-def:evr>
</red-def:rpminfo_state>
<red-def:rpminfo_state id="oval:com.redhat.rhsa:ste:20204451003" version="640">
 <red-def:arch datatype="string" operation="pattern match">i686|ppc64le|x86_64</red-def:arch>
 <red-def:evr datatype="evr_string" operation="less than">0:0.19.5-2.el8</red-def:evr>
</red-def:rpminfo_state>
<red-def:rpminfo_state id="oval:com.redhat.rhsa:ste:20204451004" version="640">
 <red-def:arch datatype="string" operation="pattern match">aarch64|ppc64le|s390x|x86_64</red-def:arch>
 <red-def:evr datatype="evr_string" operation="less than">0:3.32.0-11.el8</red-def:evr>
</red-def:rpminfo_state>
<red-def:rpminfo_state id="oval:com.redhat.rhsa:ste:20204453001" version="636">
 <red-def:arch datatype="string" operation="pattern match">aarch64|ppc64le|s390x|x86_64</red-def:arch>
 <red-def:evr datatype="evr_string" operation="less than">2:8.0.1763-15.el8</red-def:evr>
</red-def:rpminfo_state>
<red-def:rpminfo_state id="oval:com.redhat.rhsa:ste:20204453003" version="636">
 <red-def:evr datatype="evr_string" operation="less than">2:8.0.1763-15.el8</red-def:evr>
</red-def:rpminfo_state>
<red-def:rpminfo_state id="oval:com.redhat.rhsa:ste:20204464001" version="635">
 <red-def:arch datatype="string" operation="pattern match">aarch64|i686|ppc64le|s390x|x86_64</red-def:arch>
 <red-def:evr datatype="evr_string" operation="less than">0:1.1.32-5.el8</red-def:evr>
</red-def:rpminfo_state>
<red-def:rpminfo_state id="oval:com.redhat.rhsa:ste:20204465001" version="637">
 <red-def:arch datatype="string" operation="pattern match">aarch64|ppc64le|s390x|x86_64</red-def:arch>
 <red-def:evr datatype="evr_string" operation="less than">0:2.30-79.el8</red-def:evr>
</red-def:rpminfo_state>
<red-def:rpminfo_state id="oval:com.redhat.rhsa:ste:20204465003" version="637">
 <red-def:arch datatype="string" operation="pattern match">aarch64|i686|ppc64le|s390x|x86_64</red-def:arch>
 <red-def:evr datatype="evr_string" operation="less than">0:2.30-79.el8</red-def:evr>
</red-def:rpminfo_state>
<red-def:rpminfo_state id="oval:com.redhat.rhsa:ste:20204469001" version="637">
 <red-def:arch datatype="string" operation="pattern match">aarch64|ppc64le|s390x|x86_64</red-def:arch>
 <red-def:evr datatype="evr_string" operation="less than">1:2.2.6-38.el8</red-def:evr>
</red-def:rpminfo_state>
<red-def:rpminfo_state id="oval:com.redhat.rhsa:ste:20204469003" version="637">
 <red-def:arch datatype="string" operation="pattern match">aarch64|i686|ppc64le|s390x|x86_64</red-def:arch>
 <red-def:evr datatype="evr_string" operation="less than">1:2.2.6-38.el8</red-def:evr>
</red-def:rpminfo_state>
<red-def:rpminfo_state id="oval:com.redhat.rhsa:ste:20204469004" version="637">
 <red-def:evr datatype="evr_string" operation="less than">1:2.2.6-38.el8</red-def:evr>
</red-def:rpminfo_state>
<red-def:rpminfo_state id="oval:com.redhat.rhsa:ste:20204479001" version="637">
 <red-def:arch datatype="string" operation="pattern match">aarch64|i686|ppc64le|s390x|x86_64</red-def:arch>
 <red-def:evr datatype="evr_string" operation="less than">0:2.9.7-8.el8</red-def:evr>
</red-def:rpminfo_state>
<red-def:rpminfo_state id="oval:com.redhat.rhsa:ste:20204479003" version="637">
 <red-def:arch datatype="string" operation="pattern match">aarch64|ppc64le|s390x|x86_64</red-def:arch>
 <red-def:evr datatype="evr_string" operation="less than">0:2.9.7-8.el8</red-def:evr>
</red-def:rpminfo_state>
<red-def:rpminfo_state id="oval:com.redhat.rhsa:ste:20204481001" version="637">
 <red-def:arch datatype="string" operation="pattern match">aarch64|ppc64le|s390x|x86_64</red-def:arch>
 <red-def:evr datatype="evr_string" operation="less than">0:5.50-4.el8</red-def:evr>
</red-def:rpminfo_state>
<red-def:rpminfo_state id="oval:com.redhat.rhsa:ste:20204481003" version="637">
 <red-def:arch datatype="string" operation="pattern match">aarch64|i686|ppc64le|s390x|x86_64</red-def:arch>
 <red-def:evr datatype="evr_string" operation="less than">0:5.50-4.el8</red-def:evr>
</red-def:rpminfo_state>
<red-def:rpminfo_state id="oval:com.redhat.rhsa:ste:20204482001" version="636">
 <red-def:arch datatype="string" operation="pattern match">aarch64|i686|ppc64le|s390x|x86_64</red-def:arch>
 <red-def:evr datatype="evr_string" operation="less than">0:1.8.5-4.el8</red-def:evr>
</red-def:rpminfo_state>
<red-def:rpminfo_state id="oval:com.redhat.rhsa:ste:20204483001" version="637">
 <red-def:arch datatype="string" operation="pattern match">aarch64|i686|ppc64le|s390x|x86_64</red-def:arch>
 <red-def:evr datatype="evr_string" operation="less than">0:0.20.0-2.el8</red-def:evr>
</red-def:rpminfo_state>
<red-def:rpminfo_state id="oval:com.redhat.rhsa:ste:20204484001" version="635">
 <red-def:arch datatype="string" operation="pattern match">aarch64|i686|ppc64le|s390x|x86_64</red-def:arch>
 <red-def:evr datatype="evr_string" operation="less than">0:2.2.5-4.el8</red-def:evr>
</red-def:rpminfo_state>
<red-def:rpminfo_state id="oval:com.redhat.rhsa:ste:20204490001" version="635">
 <red-def:arch datatype="string" operation="pattern match">aarch64|ppc64le|s390x|x86_64</red-def:arch>
 <red-def:evr datatype="evr_string" operation="less than">0:2.2.20-2.el8</red-def:evr>
</red-def:rpminfo_state>
<red-def:rpminfo_state id="oval:com.redhat.rhsa:ste:20204497001" version="637">
 <red-def:arch datatype="string" operation="pattern match">aarch64|i686|ppc64le|s390x|x86_64</red-def:arch>
 <red-def:evr datatype="evr_string" operation="less than">0:2.1.27-5.el8</red-def:evr>
</red-def:rpminfo_state>
<red-def:rpminfo_state id="oval:com.redhat.rhsa:ste:20204500001" version="637">
 <red-def:arch datatype="string" operation="pattern match">aarch64|ppc64le|s390x|x86_64</red-def:arch>
 <red-def:evr datatype="evr_string" operation="less than">32:9.11.20-5.el8</red-def:evr>
</red-def:rpminfo_state>
<red-def:rpminfo_state id="oval:com.redhat.rhsa:ste:20204500003" version="637">
 <red-def:arch datatype="string" operation="pattern match">aarch64|i686|ppc64le|s390x|x86_64</red-def:arch>
 <red-def:evr datatype="evr_string" operation="less than">32:9.11.20-5.el8</red-def:evr>
</red-def:rpminfo_state>
<red-def:rpminfo_state id="oval:com.redhat.rhsa:ste:20204500004" version="637">
 <red-def:evr datatype="evr_string" operation="less than">32:9.11.20-5.el8</red-def:evr>
</red-def:rpminfo_state>
<red-def:rpminfo_state id="oval:com.redhat.rhsa:ste:20204508001" version="636">
 <red-def:arch datatype="string" operation="pattern match">aarch64|i686|ppc64le|s390x|x86_64</red-def:arch>
 <red-def:evr datatype="evr_string" operation="less than">0:0.7.11-1.el8</red-def:evr>
</red-def:rpminfo_state>
<red-def:rpminfo_state id="oval:com.redhat.rhsa:ste:20204508003" version="636">
 <red-def:arch datatype="string" operation="pattern match">aarch64|ppc64le|s390x|x86_64</red-def:arch>
 <red-def:evr datatype="evr_string" operation="less than">0:0.7.11-1.el8</red-def:evr>
</red-def:rpminfo_state>
<red-def:rpminfo_state id="oval:com.redhat.rhsa:ste:20204514001" version="637">
 <red-def:arch datatype="string" operation="pattern match">aarch64|ppc64le|s390x|x86_64</red-def:arch>
 <red-def:evr datatype="evr_string" operation="less than">1:1.1.1g-11.el8</red-def:evr>
</red-def:rpminfo_state>
<red-def:rpminfo_state id="oval:com.redhat.rhsa:ste:20204514003" version="637">
 <red-def:arch datatype="string" operation="pattern match">aarch64|i686|ppc64le|s390x|x86_64</red-def:arch>
 <red-def:evr datatype="evr_string" operation="less than">1:1.1.1g-11.el8</red-def:evr>
</red-def:rpminfo_state>
<red-def:rpminfo_state id="oval:com.redhat.rhsa:ste:20204539001" version="636">
 <red-def:arch datatype="string" operation="pattern match">aarch64|i686|ppc64le|s390x|x86_64</red-def:arch>
 <red-def:evr datatype="evr_string" operation="less than">0:10.32-2.el8</red-def:evr>
</red-def:rpminfo_state>
<red-def:rpminfo_state id="oval:com.redhat.rhsa:ste:20204539003" version="636">
 <red-def:arch datatype="string" operation="pattern match">aarch64|ppc64le|s390x|x86_64</red-def:arch>
 <red-def:evr datatype="evr_string" operation="less than">0:10.32-2.el8</red-def:evr>
</red-def:rpminfo_state>
<red-def:rpminfo_state id="oval:com.redhat.rhsa:ste:20204542001" version="636">
 <red-def:arch datatype="string" operation="pattern match">aarch64|ppc64le|s390x|x86_64</red-def:arch>
 <red-def:evr datatype="evr_string" operation="less than">0:2.3.3-2.el8</red-def:evr>
</red-def:rpminfo_state>
<red-def:rpminfo_state id="oval:com.redhat.rhsa:ste:20204542003" version="636">
 <red-def:arch datatype="string" operation="pattern match">aarch64|i686|ppc64le|s390x|x86_64</red-def:arch>
 <red-def:evr datatype="evr_string" operation="less than">0:2.3.3-2.el8</red-def:evr>
</red-def:rpminfo_state>
<red-def:rpminfo_state id="oval:com.redhat.rhsa:ste:20204545001" version="635">
 <red-def:arch datatype="string" operation="pattern match">aarch64|i686|ppc64le|s390x|x86_64</red-def:arch>
 <red-def:evr datatype="evr_string" operation="less than">0:0.9.4-2.el8</red-def:evr>
</red-def:rpminfo_state>
<red-def:rpminfo_state id="oval:com.redhat.rhsa:ste:20204545003" version="635">
 <red-def:evr datatype="evr_string" operation="less than">0:0.9.4-2.el8</red-def:evr>
</red-def:rpminfo_state>
<red-def:rpminfo_state id="oval:com.redhat.rhsa:ste:20204547001" version="638">
 <red-def:arch datatype="string" operation="pattern match">aarch64|i686|ppc64le|s390x|x86_64</red-def:arch>
 <red-def:evr datatype="evr_string" operation="less than">14:1.9.1-4.el8</red-def:evr>
</red-def:rpminfo_state>
<red-def:rpminfo_state id="oval:com.redhat.rhsa:ste:20204553001" version="637">
 <red-def:arch datatype="string" operation="pattern match">aarch64|i686|ppc64le|s390x|x86_64</red-def:arch>
 <red-def:evr datatype="evr_string" operation="less than">0:239-40.el8</red-def:evr>
</red-def:rpminfo_state>
<red-def:rpminfo_state id="oval:com.redhat.rhsa:ste:20204553003" version="637">
 <red-def:arch datatype="string" operation="pattern match">aarch64|ppc64le|s390x|x86_64</red-def:arch>
 <red-def:evr datatype="evr_string" operation="less than">0:239-40.el8</red-def:evr>
</red-def:rpminfo_state>
<red-def:rpminfo_state id="oval:com.redhat.rhsa:ste:20204568001" version="637">
 <red-def:arch datatype="string" operation="pattern match">aarch64|ppc64le|s390x|x86_64</red-def:arch>
 <red-def:evr datatype="evr_string" operation="less than">0:2.1.3-2.el8</red-def:evr>
</red-def:rpminfo_state>
<red-def:rpminfo_state id="oval:com.redhat.rhsa:ste:20204568003" version="637">
 <red-def:arch datatype="string" operation="pattern match">aarch64|i686|ppc64le|s390x|x86_64</red-def:arch>
 <red-def:evr datatype="evr_string" operation="less than">0:2.1.3-2.el8</red-def:evr>
</red-def:rpminfo_state>
<red-def:rpminfo_state id="oval:com.redhat.rhsa:ste:20204599001" version="636">
 <red-def:arch datatype="string" operation="pattern match">aarch64|ppc64le|s390x|x86_64</red-def:arch>
 <red-def:evr datatype="evr_string" operation="less than">0:7.61.1-14.el8</red-def:evr>
</red-def:rpminfo_state>
<red-def:rpminfo_state id="oval:com.redhat.rhsa:ste:20204599003" version="636">
 <red-def:arch datatype="string" operation="pattern match">aarch64|i686|ppc64le|s390x|x86_64</red-def:arch>
 <red-def:evr datatype="evr_string" operation="less than">0:7.61.1-14.el8</red-def:evr>
</red-def:rpminfo_state>
<red-def:rpminfo_state id="oval:com.redhat.rhsa:ste:20204605001" version="637">
 <red-def:arch datatype="string" operation="pattern match">aarch64|ppc64le|s390x|x86_64</red-def:arch>
 <red-def:evr datatype="evr_string" operation="less than">0:4.1.1-68.el8</red-def:evr>
</red-def:rpminfo_state>
<red-def:rpminfo_state id="oval:com.redhat.rhsa:ste:20204605003" version="637">
 <red-def:arch datatype="string" operation="equals">x86_64</red-def:arch>
 <red-def:evr datatype="evr_string" operation="less than">0:4.1.1-68.el8</red-def:evr>
</red-def:rpminfo_state>
<red-def:rpminfo_state id="oval:com.redhat.rhsa:ste:20204609001" version="639">
 <red-def:arch datatype="string" operation="equals">x86_64</red-def:arch>
 <red-def:evr datatype="evr_string" operation="less than">0:4.18.0-240.rt7.54.el8</red-def:evr>
</red-def:rpminfo_state>
<red-def:rpminfo_state id="oval:com.redhat.rhsa:ste:20204619001" version="636">
 <red-def:arch datatype="string" operation="pattern match">aarch64|ppc64le|s390x|x86_64</red-def:arch>
 <red-def:evr datatype="evr_string" operation="less than">0:7.0-10.el8</red-def:evr>
</red-def:rpminfo_state>
<red-def:rpminfo_state id="oval:com.redhat.rhsa:ste:20204625001" version="636">
 <red-def:arch datatype="string" operation="pattern match">aarch64|ppc64le|s390x|x86_64</red-def:arch>
 <red-def:evr datatype="evr_string" operation="less than">0:3.4.2-10.el8</red-def:evr>
</red-def:rpminfo_state>
<red-def:rpminfo_state id="oval:com.redhat.rhsa:ste:20204627001" version="638">
 <red-def:arch datatype="string" operation="pattern match">aarch64|i686|ppc64le|s390x|x86_64</red-def:arch>
 <red-def:evr datatype="evr_string" operation="less than">0:1.2.15-38.el8</red-def:evr>
</red-def:rpminfo_state>
<red-def:rpminfo_state id="oval:com.redhat.rhsa:ste:20204628001" version="637">
 <red-def:arch datatype="string" operation="pattern match">i686|ppc64le|x86_64</red-def:arch>
 <red-def:evr datatype="evr_string" operation="less than">0:0.14.1-1.el8</red-def:evr>
</red-def:rpminfo_state>
<red-def:rpminfo_state id="oval:com.redhat.rhsa:ste:20204628003" version="637">
 <red-def:arch datatype="string" operation="pattern match">i686|ppc64le|x86_64</red-def:arch>
 <red-def:evr datatype="evr_string" operation="less than">0:0.5.2-1.el8</red-def:evr>
</red-def:rpminfo_state>
<red-def:rpminfo_state id="oval:com.redhat.rhsa:ste:20204628004" version="637">
 <red-def:evr datatype="evr_string" operation="less than">1:6.3.6.2-3.el8</red-def:evr>
</red-def:rpminfo_state>
<red-def:rpminfo_state id="oval:com.redhat.rhsa:ste:20204628005" version="637">
 <red-def:arch datatype="string" operation="equals">x86_64</red-def:arch>
 <red-def:evr datatype="evr_string" operation="less than">1:6.3.6.2-3.el8</red-def:evr>
</red-def:rpminfo_state>
<red-def:rpminfo_state id="oval:com.redhat.rhsa:ste:20204628006" version="637">
 <red-def:arch datatype="string" operation="pattern match">ppc64le|x86_64</red-def:arch>
 <red-def:evr datatype="evr_string" operation="less than">1:6.3.6.2-3.el8</red-def:evr>
</red-def:rpminfo_state>
<red-def:rpminfo_state id="oval:com.redhat.rhsa:ste:20204629001" version="636">
 <red-def:arch datatype="string" operation="pattern match">aarch64|i686|ppc64le|s390x|x86_64</red-def:arch>
 <red-def:evr datatype="evr_string" operation="less than">0:1.7.0-8.el8</red-def:evr>
</red-def:rpminfo_state>
<red-def:rpminfo_state id="oval:com.redhat.rhsa:ste:20204634001" version="636">
 <red-def:arch datatype="string" operation="pattern match">aarch64|i686|ppc64le|s390x|x86_64</red-def:arch>
 <red-def:evr datatype="evr_string" operation="less than">0:4.0.9-18.el8</red-def:evr>
</red-def:rpminfo_state>
<red-def:rpminfo_state id="oval:com.redhat.rhsa:ste:20204634003" version="636">
 <red-def:arch datatype="string" operation="pattern match">aarch64|ppc64le|s390x|x86_64</red-def:arch>
 <red-def:evr datatype="evr_string" operation="less than">0:4.0.9-18.el8</red-def:evr>
</red-def:rpminfo_state>
<red-def:rpminfo_state id="oval:com.redhat.rhsa:ste:20204638001" version="637">
 <red-def:arch datatype="string" operation="pattern match">aarch64|ppc64le|s390x|x86_64</red-def:arch>
 <red-def:evr datatype="evr_string" operation="less than">0:11.7.3-5.el8</red-def:evr>
</red-def:rpminfo_state>
<red-def:rpminfo_state id="oval:com.redhat.rhsa:ste:20204641001" version="636">
 <red-def:arch datatype="string" operation="pattern match">aarch64|ppc64le|s390x|x86_64</red-def:arch>
 <red-def:evr datatype="evr_string" operation="less than">0:3.8.3-3.module+el8.3.0+7680+79e7e61a</red-def:evr>
</red-def:rpminfo_state>
<red-def:rpminfo_state id="oval:com.redhat.rhsa:ste:20204641003" version="636">
 <red-def:arch datatype="string" operation="pattern match">aarch64|ppc64le|s390x|x86_64</red-def:arch>
 <red-def:evr datatype="evr_string" operation="less than">0:0.29.14-4.module+el8.2.0+5234+f98739b6</red-def:evr>
</red-def:rpminfo_state>
<red-def:rpminfo_state id="oval:com.redhat.rhsa:ste:20204641004" version="636">
 <red-def:evr datatype="evr_string" operation="less than">0:0.9.3-3.module+el8.2.0+5234+f98739b6</red-def:evr>
</red-def:rpminfo_state>
<red-def:rpminfo_state id="oval:com.redhat.rhsa:ste:20204641005" version="636">
 <red-def:evr datatype="evr_string" operation="less than">0:1.2.0-3.module+el8.2.0+5234+f98739b6</red-def:evr>
</red-def:rpminfo_state>
<red-def:rpminfo_state id="oval:com.redhat.rhsa:ste:20204641006" version="636">
 <red-def:evr datatype="evr_string" operation="less than">0:2.7.0-10.module+el8.2.0+5234+f98739b6</red-def:evr>
</red-def:rpminfo_state>
<red-def:rpminfo_state id="oval:com.redhat.rhsa:ste:20204641007" version="636">
 <red-def:arch datatype="string" operation="pattern match">aarch64|ppc64le|s390x|x86_64</red-def:arch>
 <red-def:evr datatype="evr_string" operation="less than">0:1.13.2-3.module+el8.2.0+5234+f98739b6</red-def:evr>
</red-def:rpminfo_state>
<red-def:rpminfo_state id="oval:com.redhat.rhsa:ste:20204641008" version="636">
 <red-def:evr datatype="evr_string" operation="less than">0:3.0.4-19.module+el8.2.0+5234+f98739b6</red-def:evr>
</red-def:rpminfo_state>
<red-def:rpminfo_state id="oval:com.redhat.rhsa:ste:20204641009" version="636">
 <red-def:arch datatype="string" operation="pattern match">aarch64|ppc64le|s390x|x86_64</red-def:arch>
 <red-def:evr datatype="evr_string" operation="less than">0:2.8-3.module+el8.2.0+5234+f98739b6</red-def:evr>
</red-def:rpminfo_state>
<red-def:rpminfo_state id="oval:com.redhat.rhsa:ste:20204641010" version="636">
 <red-def:evr datatype="evr_string" operation="less than">0:2.8-6.module+el8.2.0+5234+f98739b6</red-def:evr>
</red-def:rpminfo_state>
<red-def:rpminfo_state id="oval:com.redhat.rhsa:ste:20204641011" version="636">
 <red-def:evr datatype="evr_string" operation="less than">0:2.10.3-4.module+el8.2.0+5234+f98739b6</red-def:evr>
</red-def:rpminfo_state>
<red-def:rpminfo_state id="oval:com.redhat.rhsa:ste:20204641012" version="636">
 <red-def:arch datatype="string" operation="pattern match">aarch64|ppc64le|s390x|x86_64</red-def:arch>
 <red-def:evr datatype="evr_string" operation="less than">0:4.4.1-4.module+el8.2.0+5234+f98739b6</red-def:evr>
</red-def:rpminfo_state>
<red-def:rpminfo_state id="oval:com.redhat.rhsa:ste:20204641013" version="636">
 <red-def:arch datatype="string" operation="pattern match">aarch64|ppc64le|s390x|x86_64</red-def:arch>
 <red-def:evr datatype="evr_string" operation="less than">0:1.1.1-6.module+el8.2.0+5234+f98739b6</red-def:evr>
</red-def:rpminfo_state>
<red-def:rpminfo_state id="oval:com.redhat.rhsa:ste:20204641014" version="636">
 <red-def:arch datatype="string" operation="pattern match">aarch64|ppc64le|s390x|x86_64</red-def:arch>
 <red-def:evr datatype="evr_string" operation="less than">0:4.6.8-3.module+el8.2.0+5234+f98739b6</red-def:evr>
</red-def:rpminfo_state>
<red-def:rpminfo_state id="oval:com.redhat.rhsa:ste:20204641015" version="636">
 <red-def:arch datatype="string" operation="pattern match">aarch64|ppc64le|s390x|x86_64</red-def:arch>
 <red-def:evr datatype="evr_string" operation="less than">0:1.17.3-5.module+el8.3.0+7187+a27ec44b</red-def:evr>
</red-def:rpminfo_state>
<red-def:rpminfo_state id="oval:com.redhat.rhsa:ste:20204641016" version="636">
 <red-def:evr datatype="evr_string" operation="less than">0:1.17.3-5.module+el8.3.0+7187+a27ec44b</red-def:evr>
</red-def:rpminfo_state>
<red-def:rpminfo_state id="oval:com.redhat.rhsa:ste:20204641017" version="636">
 <red-def:evr datatype="evr_string" operation="less than">0:19.3.1-1.module+el8.3.0+7187+a27ec44b</red-def:evr>
</red-def:rpminfo_state>
<red-def:rpminfo_state id="oval:com.redhat.rhsa:ste:20204641018" version="636">
 <red-def:evr datatype="evr_string" operation="less than">0:3.11-8.module+el8.2.0+5234+f98739b6</red-def:evr>
</red-def:rpminfo_state>
<red-def:rpminfo_state id="oval:com.redhat.rhsa:ste:20204641019" version="636">
 <red-def:arch datatype="string" operation="pattern match">aarch64|ppc64le|s390x|x86_64</red-def:arch>
 <red-def:evr datatype="evr_string" operation="less than">0:5.6.4-3.module+el8.2.0+5234+f98739b6</red-def:evr>
</red-def:rpminfo_state>
<red-def:rpminfo_state id="oval:com.redhat.rhsa:ste:20204641020" version="636">
 <red-def:arch datatype="string" operation="pattern match">aarch64|ppc64le|s390x|x86_64</red-def:arch>
 <red-def:evr datatype="evr_string" operation="less than">0:2.8.4-4.module+el8.2.0+5234+f98739b6</red-def:evr>
</red-def:rpminfo_state>
<red-def:rpminfo_state id="oval:com.redhat.rhsa:ste:20204641021" version="636">
 <red-def:evr datatype="evr_string" operation="less than">0:2.19-3.module+el8.2.0+5234+f98739b6</red-def:evr>
</red-def:rpminfo_state>
<red-def:rpminfo_state id="oval:com.redhat.rhsa:ste:20204641022" version="636">
 <red-def:evr datatype="evr_string" operation="less than">0:1.7.1-4.module+el8.2.0+5234+f98739b6</red-def:evr>
</red-def:rpminfo_state>
<red-def:rpminfo_state id="oval:com.redhat.rhsa:ste:20204641023" version="636">
 <red-def:evr datatype="evr_string" operation="less than">0:2019.3-3.module+el8.2.0+5234+f98739b6</red-def:evr>
</red-def:rpminfo_state>
<red-def:rpminfo_state id="oval:com.redhat.rhsa:ste:20204641024" version="636">
 <red-def:arch datatype="string" operation="pattern match">aarch64|ppc64le|s390x|x86_64</red-def:arch>
 <red-def:evr datatype="evr_string" operation="less than">0:5.3.1-1.module+el8.3.0+7187+a27ec44b</red-def:evr>
</red-def:rpminfo_state>
<red-def:rpminfo_state id="oval:com.redhat.rhsa:ste:20204641025" version="636">
 <red-def:evr datatype="evr_string" operation="less than">0:2.22.0-9.module+el8.2.0+5234+f98739b6</red-def:evr>
</red-def:rpminfo_state>
<red-def:rpminfo_state id="oval:com.redhat.rhsa:ste:20204641026" version="636">
 <red-def:evr datatype="evr_string" operation="less than">0:3.8.3-3.module+el8.3.0+7680+79e7e61a</red-def:evr>
</red-def:rpminfo_state>
<red-def:rpminfo_state id="oval:com.redhat.rhsa:ste:20204641027" version="636">
 <red-def:arch datatype="string" operation="pattern match">aarch64|ppc64le|s390x|x86_64</red-def:arch>
 <red-def:evr datatype="evr_string" operation="less than">0:1.3.1-4.module+el8.2.0+5234+f98739b6</red-def:evr>
</red-def:rpminfo_state>
<red-def:rpminfo_state id="oval:com.redhat.rhsa:ste:20204641028" version="636">
 <red-def:evr datatype="evr_string" operation="less than">0:41.6.0-4.module+el8.3.0+7187+a27ec44b</red-def:evr>
</red-def:rpminfo_state>
<red-def:rpminfo_state id="oval:com.redhat.rhsa:ste:20204641029" version="636">
 <red-def:evr datatype="evr_string" operation="less than">0:1.12.0-9.module+el8.2.0+5234+f98739b6</red-def:evr>
</red-def:rpminfo_state>
<red-def:rpminfo_state id="oval:com.redhat.rhsa:ste:20204641030" version="636">
 <red-def:evr datatype="evr_string" operation="less than">0:1.25.7-4.module+el8.2.0+5234+f98739b6</red-def:evr>
</red-def:rpminfo_state>
<red-def:rpminfo_state id="oval:com.redhat.rhsa:ste:20204641031" version="636">
 <red-def:evr datatype="evr_string" operation="less than">0:0.33.6-5.module+el8.3.0+7187+a27ec44b</red-def:evr>
</red-def:rpminfo_state>
<ind-def:textfilecontent54_state id="oval:com.redhat.rhsa:ste:20204641032" version="636">
 <ind-def:text operation="pattern match">\nstream\s*=\s*3\.8\b[\w\W]*\nstate\s*=\s*(enabled|1|true)|\nstate\s*=\s*(enabled|1|true)[\w\W]*\nstream\s*=\s*3\.8\b</ind-def:text>
</ind-def:textfilecontent54_state>
<red-def:rpminfo_state id="oval:com.redhat.rhsa:ste:20204643001" version="635">
 <red-def:arch datatype="string" operation="pattern match">aarch64|i686|ppc64le|s390x|x86_64</red-def:arch>
 <red-def:evr datatype="evr_string" operation="less than">0:0.66.0-27.el8</red-def:evr>
</red-def:rpminfo_state>
<red-def:rpminfo_state id="oval:com.redhat.rhsa:ste:20204643003" version="635">
 <red-def:arch datatype="string" operation="pattern match">aarch64|ppc64le|s390x|x86_64</red-def:arch>
 <red-def:evr datatype="evr_string" operation="less than">0:0.66.0-27.el8</red-def:evr>
</red-def:rpminfo_state>
<red-def:rpminfo_state id="oval:com.redhat.rhsa:ste:20204647001" version="640">
 <red-def:arch datatype="string" operation="pattern match">aarch64|ppc64le|s390x|x86_64</red-def:arch>
 <red-def:evr datatype="evr_string" operation="less than">2:2.1.1-1.el8</red-def:evr>
</red-def:rpminfo_state>
<red-def:rpminfo_state id="oval:com.redhat.rhsa:ste:20204647003" version="640">
 <red-def:arch datatype="string" operation="pattern match">aarch64|i686|ppc64le|s390x|x86_64</red-def:arch>
 <red-def:evr datatype="evr_string" operation="less than">2:2.1.1-1.el8</red-def:evr>
</red-def:rpminfo_state>
<red-def:rpminfo_state id="oval:com.redhat.rhsa:ste:20204647004" version="640">
 <red-def:arch datatype="string" operation="pattern match">aarch64|ppc64le|s390x|x86_64</red-def:arch>
 <red-def:evr datatype="evr_string" operation="less than">0:3.22.0-23.el8</red-def:evr>
</red-def:rpminfo_state>
<red-def:rpminfo_state id="oval:com.redhat.rhsa:ste:20204649001" version="636">
 <red-def:arch datatype="string" operation="pattern match">aarch64|ppc64le|s390x|x86_64</red-def:arch>
 <red-def:evr datatype="evr_string" operation="less than">0:1.2.5-2.el8</red-def:evr>
</red-def:rpminfo_state>
<red-def:rpminfo_state id="oval:com.redhat.rhsa:ste:20204649003" version="636">
 <red-def:arch datatype="string" operation="pattern match">aarch64|i686|ppc64le|s390x|x86_64</red-def:arch>
 <red-def:evr datatype="evr_string" operation="less than">0:2.3-26.el8</red-def:evr>
</red-def:rpminfo_state>
<red-def:rpminfo_state id="oval:com.redhat.rhsa:ste:20204649004" version="636">
 <red-def:arch datatype="string" operation="pattern match">aarch64|ppc64le|s390x|x86_64</red-def:arch>
 <red-def:evr datatype="evr_string" operation="less than">0:3.28.3-3.el8</red-def:evr>
</red-def:rpminfo_state>
<red-def:rpminfo_state id="oval:com.redhat.rhsa:ste:20204649005" version="636">
 <red-def:evr datatype="evr_string" operation="less than">0:3.28.3-3.el8</red-def:evr>
</red-def:rpminfo_state>
<red-def:rpminfo_state id="oval:com.redhat.rhsa:ste:20204649006" version="636">
 <red-def:arch datatype="string" operation="pattern match">aarch64|ppc64le|s390x|x86_64</red-def:arch>
 <red-def:evr datatype="evr_string" operation="less than">0:3.28.5-14.el8</red-def:evr>
</red-def:rpminfo_state>
<red-def:rpminfo_state id="oval:com.redhat.rhsa:ste:20204649007" version="636">
 <red-def:arch datatype="string" operation="pattern match">aarch64|i686|ppc64le|s390x|x86_64</red-def:arch>
 <red-def:evr datatype="evr_string" operation="less than">0:3.28.5-14.el8</red-def:evr>
</red-def:rpminfo_state>
<red-def:rpminfo_state id="oval:com.redhat.rhsa:ste:20204649008" version="636">
 <red-def:evr datatype="evr_string" operation="less than">0:3.28.5-14.el8</red-def:evr>
</red-def:rpminfo_state>
<red-def:rpminfo_state id="oval:com.redhat.rhsa:ste:20204650001" version="636">
 <red-def:evr datatype="evr_string" operation="less than">0:19.4-11.el8</red-def:evr>
</red-def:rpminfo_state>
<red-def:rpminfo_state id="oval:com.redhat.rhsa:ste:20204654005" version="636">
 <red-def:evr datatype="evr_string" operation="less than">0:1.3.2-2.module+el8.3.0+6647+8d010749</red-def:evr>
</red-def:rpminfo_state>
<red-def:rpminfo_state id="oval:com.redhat.rhsa:ste:20204654006" version="636">
 <red-def:arch datatype="string" operation="pattern match">aarch64|ppc64le|s390x|x86_64</red-def:arch>
 <red-def:evr datatype="evr_string" operation="less than">0:2.7.17-2.module+el8.3.0+7681+f1f02ded</red-def:evr>
</red-def:rpminfo_state>
<red-def:rpminfo_state id="oval:com.redhat.rhsa:ste:20204654027" version="636">
 <red-def:evr datatype="evr_string" operation="less than">0:9.0.3-18.module+el8.3.0+7707+eb4bba01</red-def:evr>
</red-def:rpminfo_state>
<red-def:rpminfo_state id="oval:com.redhat.rhsa:ste:20204654039" version="636">
 <red-def:evr datatype="evr_string" operation="less than">0:39.0.1-12.module+el8.3.0+7075+8484f0d0</red-def:evr>
</red-def:rpminfo_state>
<red-def:rpminfo_state id="oval:com.redhat.rhsa:ste:20204654042" version="636">
 <red-def:arch datatype="string" operation="pattern match">aarch64|ppc64le|s390x|x86_64</red-def:arch>
 <red-def:evr datatype="evr_string" operation="less than">0:1.3.2-2.module+el8.3.0+6647+8d010749</red-def:evr>
</red-def:rpminfo_state>
<red-def:rpminfo_state id="oval:com.redhat.rhsa:ste:20204655001" version="636">
 <red-def:arch datatype="string" operation="pattern match">aarch64|i686|ppc64le|s390x|x86_64</red-def:arch>
 <red-def:evr datatype="evr_string" operation="less than">0:3.0.7-19.el8</red-def:evr>
</red-def:rpminfo_state>
<red-def:rpminfo_state id="oval:com.redhat.rhsa:ste:20204655003" version="636">
 <red-def:arch datatype="string" operation="pattern match">aarch64|ppc64le|s390x|x86_64</red-def:arch>
 <red-def:evr datatype="evr_string" operation="less than">0:3.0.7-19.el8</red-def:evr>
</red-def:rpminfo_state>
<red-def:rpminfo_state id="oval:com.redhat.rhsa:ste:20204659001" version="635">
 <red-def:arch datatype="string" operation="pattern match">aarch64|i686|ppc64le|s390x|x86_64</red-def:arch>
 <red-def:evr datatype="evr_string" operation="less than">0:2.2.5-7.el8</red-def:evr>
</red-def:rpminfo_state>
<red-def:rpminfo_state id="oval:com.redhat.rhsa:ste:20204667001" version="636">
 <red-def:arch datatype="string" operation="pattern match">aarch64|ppc64le|s390x|x86_64</red-def:arch>
 <red-def:evr datatype="evr_string" operation="less than">3:2.1.29-10.module+el8.3.0+6860+8e47d84b</red-def:evr>
</red-def:rpminfo_state>
<ind-def:textfilecontent54_state id="oval:com.redhat.rhsa:ste:20204667003" version="636">
 <ind-def:text operation="pattern match">\nstream\s*=\s*2\.1\b[\w\W]*\nstate\s*=\s*(enabled|1|true)|\nstate\s*=\s*(enabled|1|true)[\w\W]*\nstream\s*=\s*2\.1\b</ind-def:text>
</ind-def:textfilecontent54_state>
<red-def:rpminfo_state id="oval:com.redhat.rhsa:ste:20204670001" version="638">
 <red-def:arch datatype="string" operation="pattern match">aarch64|ppc64le|s390x|x86_64</red-def:arch>
 <red-def:evr datatype="evr_string" operation="less than">0:11.3-1.module+el8.3.0+6993+104f8db0</red-def:evr>
</red-def:rpminfo_state>
<red-def:rpminfo_state id="oval:com.redhat.rhsa:ste:20204670004" version="638">
 <red-def:arch datatype="string" operation="pattern match">aarch64|ppc64le|s390x|x86_64</red-def:arch>
 <red-def:evr datatype="evr_string" operation="less than">0:4.8.7-12.module+el8.3.0+8222+c1bff54a</red-def:evr>
</red-def:rpminfo_state>
<red-def:rpminfo_state id="oval:com.redhat.rhsa:ste:20204670005" version="638">
 <red-def:evr datatype="evr_string" operation="less than">0:4.8.7-12.module+el8.3.0+8222+c1bff54a</red-def:evr>
</red-def:rpminfo_state>
<red-def:rpminfo_state id="oval:com.redhat.rhsa:ste:20204670006" version="638">
 <red-def:evr datatype="evr_string" operation="less than">0:0.4-6.module+el8.3.0+7710+e2408ce4</red-def:evr>
</red-def:rpminfo_state>
<red-def:rpminfo_state id="oval:com.redhat.rhsa:ste:20204670007" version="638">
 <red-def:arch datatype="string" operation="pattern match">aarch64|ppc64le|s390x|x86_64</red-def:arch>
 <red-def:evr datatype="evr_string" operation="less than">0:2.1.6-2.module+el8.3.0+6580+328a3362</red-def:evr>
</red-def:rpminfo_state>
<red-def:rpminfo_state id="oval:com.redhat.rhsa:ste:20204670009" version="638">
 <red-def:evr datatype="evr_string" operation="less than">0:0.4-5.module+el8.2.0+4691+a05b2456</red-def:evr>
</red-def:rpminfo_state>
<red-def:rpminfo_state id="oval:com.redhat.rhsa:ste:20204670013" version="638">
 <red-def:arch datatype="string" operation="pattern match">aarch64|ppc64le|s390x|x86_64</red-def:arch>
 <red-def:evr datatype="evr_string" operation="less than">0:0.56.5-4.module+el8.3.0+8222+c1bff54a</red-def:evr>
</red-def:rpminfo_state>
<red-def:rpminfo_state id="oval:com.redhat.rhsa:ste:20204670014" version="638">
 <red-def:arch datatype="string" operation="pattern match">aarch64|ppc64le|s390x|x86_64</red-def:arch>
 <red-def:evr datatype="evr_string" operation="less than">0:2.6.0-3.module+el8.3.0+6909+fb33717d</red-def:evr>
</red-def:rpminfo_state>
<red-def:rpminfo_state id="oval:com.redhat.rhsa:ste:20204670016" version="638">
 <red-def:arch datatype="string" operation="pattern match">aarch64|ppc64le|s390x|x86_64</red-def:arch>
 <red-def:evr datatype="evr_string" operation="less than">0:4.8.7-12.module+el8.3.0+8223+6212645f</red-def:evr>
</red-def:rpminfo_state>
<red-def:rpminfo_state id="oval:com.redhat.rhsa:ste:20204670017" version="638">
 <red-def:evr datatype="evr_string" operation="less than">0:4.8.7-12.module+el8.3.0+8223+6212645f</red-def:evr>
</red-def:rpminfo_state>
<red-def:rpminfo_state id="oval:com.redhat.rhsa:ste:20204670018" version="638">
 <red-def:evr datatype="evr_string" operation="less than">0:0.4-6.module+el8.3.0+7711+c4441980</red-def:evr>
</red-def:rpminfo_state>
<red-def:rpminfo_state id="oval:com.redhat.rhsa:ste:20204670019" version="638">
 <red-def:evr datatype="evr_string" operation="less than">0:0.5.0-1.module+el8.1.0+4107+4a66eb87</red-def:evr>
</red-def:rpminfo_state>
<red-def:rpminfo_state id="oval:com.redhat.rhsa:ste:20204670020" version="638">
 <red-def:evr datatype="evr_string" operation="less than">0:1.0.0-9.module+el8.1.0+4107+4a66eb87</red-def:evr>
</red-def:rpminfo_state>
<red-def:rpminfo_state id="oval:com.redhat.rhsa:ste:20204670021" version="638">
 <red-def:evr datatype="evr_string" operation="less than">0:5.1-12.module+el8.1.0+4107+4a66eb87</red-def:evr>
</red-def:rpminfo_state>
<red-def:rpminfo_state id="oval:com.redhat.rhsa:ste:20204670022" version="638">
 <red-def:evr datatype="evr_string" operation="less than">0:1.3.2-9.module+el8.1.0+4107+4a66eb87</red-def:evr>
</red-def:rpminfo_state>
<ind-def:textfilecontent54_state id="oval:com.redhat.rhsa:ste:20204670023" version="638">
 <ind-def:text operation="pattern match">\nstream\s*=\s*client\b[\w\W]*\nstate\s*=\s*(enabled|1|true)|\nstate\s*=\s*(enabled|1|true)[\w\W]*\nstream\s*=\s*client\b</ind-def:text>
</ind-def:textfilecontent54_state>
<red-def:rpminfo_state id="oval:com.redhat.rhsa:ste:20204676001" version="636">
 <red-def:evr datatype="evr_string" operation="less than">0:20191022-3.git899d9883.module+el8.3.0+6423+e4cb6418</red-def:evr>
</red-def:rpminfo_state>
<red-def:rpminfo_state id="oval:com.redhat.rhsa:ste:20204676003" version="636">
 <red-def:arch datatype="string" operation="pattern match">aarch64|ppc64le|s390x|x86_64</red-def:arch>
 <red-def:evr datatype="evr_string" operation="less than">0:1.3.18-20.module+el8.3.0+6423+e4cb6418</red-def:evr>
</red-def:rpminfo_state>
<red-def:rpminfo_state id="oval:com.redhat.rhsa:ste:20204676004" version="636">
 <red-def:arch datatype="string" operation="pattern match">aarch64|ppc64le|s390x|x86_64</red-def:arch>
 <red-def:evr datatype="evr_string" operation="less than">1:1.40.2-25.module+el8.3.0+7421+642fe24f</red-def:evr>
</red-def:rpminfo_state>
<red-def:rpminfo_state id="oval:com.redhat.rhsa:ste:20204676005" version="636">
 <red-def:evr datatype="evr_string" operation="less than">1:1.40.2-25.module+el8.3.0+7421+642fe24f</red-def:evr>
</red-def:rpminfo_state>
<red-def:rpminfo_state id="oval:com.redhat.rhsa:ste:20204676006" version="636">
 <red-def:arch datatype="string" operation="pattern match">aarch64|x86_64</red-def:arch>
 <red-def:evr datatype="evr_string" operation="less than">1:1.40.2-25.module+el8.3.0+7421+642fe24f</red-def:evr>
</red-def:rpminfo_state>
<red-def:rpminfo_state id="oval:com.redhat.rhsa:ste:20204676007" version="636">
 <red-def:arch datatype="string" operation="pattern match">aarch64|ppc64le|s390x|x86_64</red-def:arch>
 <red-def:evr datatype="evr_string" operation="less than">0:8.2-1.module+el8.3.0+6423+e4cb6418</red-def:evr>
</red-def:rpminfo_state>
<red-def:rpminfo_state id="oval:com.redhat.rhsa:ste:20204676009" version="636">
 <red-def:arch datatype="string" operation="pattern match">aarch64|ppc64le|s390x|x86_64</red-def:arch>
 <red-def:evr datatype="evr_string" operation="less than">0:1.2.2-1.module+el8.3.0+7353+9de0a3cc</red-def:evr>
</red-def:rpminfo_state>
<red-def:rpminfo_state id="oval:com.redhat.rhsa:ste:20204676010" version="636">
 <red-def:arch datatype="string" operation="pattern match">aarch64|ppc64le|s390x|x86_64</red-def:arch>
 <red-def:evr datatype="evr_string" operation="less than">0:6.0.0-28.module+el8.3.0+7827+5e65edd7</red-def:evr>
</red-def:rpminfo_state>
<red-def:rpminfo_state id="oval:com.redhat.rhsa:ste:20204676011" version="636">
 <red-def:arch datatype="string" operation="pattern match">aarch64|ppc64le|s390x|x86_64</red-def:arch>
 <red-def:evr datatype="evr_string" operation="less than">0:1.3.0-2.module+el8.3.0+6423+e4cb6418</red-def:evr>
</red-def:rpminfo_state>
<red-def:rpminfo_state id="oval:com.redhat.rhsa:ste:20204676012" version="636">
 <red-def:arch datatype="string" operation="pattern match">aarch64|ppc64le|s390x|x86_64</red-def:arch>
 <red-def:evr datatype="evr_string" operation="less than">0:1.16.2-4.module+el8.3.0+6922+fd575af8</red-def:evr>
</red-def:rpminfo_state>
<red-def:rpminfo_state id="oval:com.redhat.rhsa:ste:20204676013" version="636">
 <red-def:evr datatype="evr_string" operation="less than">0:1.16.2-4.module+el8.3.0+6922+fd575af8</red-def:evr>
</red-def:rpminfo_state>
<red-def:rpminfo_state id="oval:com.redhat.rhsa:ste:20204676014" version="636">
 <red-def:arch datatype="string" operation="equals">x86_64</red-def:arch>
 <red-def:evr datatype="evr_string" operation="less than">0:1.16.2-4.module+el8.3.0+6922+fd575af8</red-def:evr>
</red-def:rpminfo_state>
<red-def:rpminfo_state id="oval:com.redhat.rhsa:ste:20204676016" version="636">
 <red-def:arch datatype="string" operation="pattern match">aarch64|ppc64le|s390x|x86_64</red-def:arch>
 <red-def:evr datatype="evr_string" operation="less than">0:6.0.0-1.module+el8.3.0+6423+e4cb6418</red-def:evr>
</red-def:rpminfo_state>
<red-def:rpminfo_state id="oval:com.redhat.rhsa:ste:20204676017" version="636">
 <red-def:arch datatype="string" operation="pattern match">aarch64|ppc64le|s390x|x86_64</red-def:arch>
 <red-def:evr datatype="evr_string" operation="less than">15:4.2.0-34.module+el8.3.0+7976+077be4ec</red-def:evr>
</red-def:rpminfo_state>
<red-def:rpminfo_state id="oval:com.redhat.rhsa:ste:20204676018" version="636">
 <red-def:arch datatype="string" operation="equals">x86_64</red-def:arch>
 <red-def:evr datatype="evr_string" operation="less than">15:4.2.0-34.module+el8.3.0+7976+077be4ec</red-def:evr>
</red-def:rpminfo_state>
<red-def:rpminfo_state id="oval:com.redhat.rhsa:ste:20204676019" version="636">
 <red-def:arch datatype="string" operation="equals">x86_64</red-def:arch>
 <red-def:evr datatype="evr_string" operation="less than">0:1.13.0-2.module+el8.3.0+7353+9de0a3cc</red-def:evr>
</red-def:rpminfo_state>
<red-def:rpminfo_state id="oval:com.redhat.rhsa:ste:20204676020" version="636">
 <red-def:evr datatype="evr_string" operation="less than">0:1.13.0-2.module+el8.3.0+7353+9de0a3cc</red-def:evr>
</red-def:rpminfo_state>
<red-def:rpminfo_state id="oval:com.redhat.rhsa:ste:20204676023" version="636">
 <red-def:arch datatype="string" operation="pattern match">aarch64|ppc64le|s390x|x86_64</red-def:arch>
 <red-def:evr datatype="evr_string" operation="less than">0:5.1.19-10.module+el8.3.0+6423+e4cb6418</red-def:evr>
</red-def:rpminfo_state>
<red-def:rpminfo_state id="oval:com.redhat.rhsa:ste:20204676024" version="636">
 <red-def:arch datatype="string" operation="equals">x86_64</red-def:arch>
 <red-def:evr datatype="evr_string" operation="less than">1:1.40.2-25.module+el8.3.0+7421+642fe24f</red-def:evr>
</red-def:rpminfo_state>
<red-def:rpminfo_state id="oval:com.redhat.rhsa:ste:20204676026" version="636">
 <red-def:arch datatype="string" operation="equals">i686</red-def:arch>
 <red-def:evr datatype="evr_string" operation="less than">0:1.3.18-20.module+el8.3.0+6423+e4cb6418</red-def:evr>
</red-def:rpminfo_state>
<red-def:rpminfo_state id="oval:com.redhat.rhsa:ste:20204676027" version="636">
 <red-def:arch datatype="string" operation="equals">i686</red-def:arch>
 <red-def:evr datatype="evr_string" operation="less than">0:8.2-1.module+el8.3.0+6423+e4cb6418</red-def:evr>
</red-def:rpminfo_state>
<red-def:rpminfo_state id="oval:com.redhat.rhsa:ste:20204676029" version="636">
 <red-def:arch datatype="string" operation="equals">i686</red-def:arch>
 <red-def:evr datatype="evr_string" operation="less than">0:1.2.2-1.module+el8.3.0+7353+9de0a3cc</red-def:evr>
</red-def:rpminfo_state>
<red-def:rpminfo_state id="oval:com.redhat.rhsa:ste:20204676030" version="636">
 <red-def:arch datatype="string" operation="equals">i686</red-def:arch>
 <red-def:evr datatype="evr_string" operation="less than">0:6.0.0-28.module+el8.3.0+7827+5e65edd7</red-def:evr>
</red-def:rpminfo_state>
<red-def:rpminfo_state id="oval:com.redhat.rhsa:ste:20204676031" version="636">
 <red-def:arch datatype="string" operation="equals">i686</red-def:arch>
 <red-def:evr datatype="evr_string" operation="less than">0:1.3.0-2.module+el8.3.0+6423+e4cb6418</red-def:evr>
</red-def:rpminfo_state>
<red-def:rpminfo_state id="oval:com.redhat.rhsa:ste:20204676033" version="636">
 <red-def:arch datatype="string" operation="pattern match">aarch64|i686|ppc64le|s390x|x86_64</red-def:arch>
 <red-def:evr datatype="evr_string" operation="less than">0:1.3.18-20.module+el8.3.0+6423+e4cb6418</red-def:evr>
</red-def:rpminfo_state>
<red-def:rpminfo_state id="oval:com.redhat.rhsa:ste:20204676034" version="636">
 <red-def:arch datatype="string" operation="pattern match">aarch64|i686|ppc64le|s390x|x86_64</red-def:arch>
 <red-def:evr datatype="evr_string" operation="less than">0:1.2.2-1.module+el8.3.0+7353+9de0a3cc</red-def:evr>
</red-def:rpminfo_state>
<red-def:rpminfo_state id="oval:com.redhat.rhsa:ste:20204676035" version="636">
 <red-def:arch datatype="string" operation="equals">i686</red-def:arch>
 <red-def:evr datatype="evr_string" operation="less than">0:6.0.0-1.module+el8.3.0+6423+e4cb6418</red-def:evr>
</red-def:rpminfo_state>
<red-def:rpminfo_state id="oval:com.redhat.rhsa:ste:20204682001" version="642">
 <red-def:arch datatype="string" operation="pattern match">aarch64|ppc64le|s390x|x86_64</red-def:arch>
 <red-def:evr datatype="evr_string" operation="less than">0:6.7.4-3.el8</red-def:evr>
</red-def:rpminfo_state>
<red-def:rpminfo_state id="oval:com.redhat.rhsa:ste:20204685001" version="636">
 <red-def:arch datatype="string" operation="pattern match">aarch64|ppc64le|s390x|x86_64</red-def:arch>
 <red-def:evr datatype="evr_string" operation="less than">0:4.18.0-240.1.1.el8_3</red-def:evr>
</red-def:rpminfo_state>
<red-def:rpminfo_state id="oval:com.redhat.rhsa:ste:20204685003" version="636">
 <red-def:evr datatype="evr_string" operation="less than">0:4.18.0-240.1.1.el8_3</red-def:evr>
</red-def:rpminfo_state>
<red-def:rpminfo_state id="oval:com.redhat.rhsa:ste:20204685004" version="636">
 <red-def:arch datatype="string" operation="pattern match">aarch64|ppc64le|x86_64</red-def:arch>
 <red-def:evr datatype="evr_string" operation="less than">0:4.18.0-240.1.1.el8_3</red-def:evr>
</red-def:rpminfo_state>
<red-def:rpminfo_state id="oval:com.redhat.rhsa:ste:20204685005" version="636">
 <red-def:arch datatype="string" operation="equals">s390x</red-def:arch>
 <red-def:evr datatype="evr_string" operation="less than">0:4.18.0-240.1.1.el8_3</red-def:evr>
</red-def:rpminfo_state>
<unix-def:uname_state id="oval:com.redhat.rhsa:ste:20204685006" version="636">
 <unix-def:os_release operation="pattern match">([0-3]\.\d+\.\d+-)|(4\.([0-9]|1[0-7])\.\d+-)|(4\.18\.0-([0-9]{1,2}|1[0-9]{2}|2[0-2][0-9]|23[0-9])\.)|(4\.18\.0-240\.[^\.]*[a-zA-Z])|(4\.18\.0-240\.0\.)|(4\.18\.0-240\.1\.[^\.]*[a-zA-Z])|(4\.18\.0-240\.1\.0\.)</unix-def:os_release>
</unix-def:uname_state>
<ind-def:textfilecontent54_state id="oval:com.redhat.rhsa:ste:20204685007" version="636">
 <ind-def:text operation="pattern match">([0-3]\.\d+\.\d+-)|(4\.([0-9]|1[0-7])\.\d+-)|(4\.18\.0-([0-9]{1,2}|1[0-9]{2}|2[0-2][0-9]|23[0-9])\.)|(4\.18\.0-240\.[^\.]*[a-zA-Z])|(4\.18\.0-240\.0\.)|(4\.18\.0-240\.1\.[^\.]*[a-zA-Z])|(4\.18\.0-240\.1\.0\.)</ind-def:text>
</ind-def:textfilecontent54_state>
<red-def:rpminfo_state id="oval:com.redhat.rhsa:ste:20204686001" version="637">
 <red-def:arch datatype="string" operation="equals">x86_64</red-def:arch>
 <red-def:evr datatype="evr_string" operation="less than">0:4.18.0-240.1.1.rt7.55.el8_3</red-def:evr>
</red-def:rpminfo_state>
<red-def:rpminfo_state id="oval:com.redhat.rhsa:ste:20204687001" version="635">
 <red-def:arch datatype="string" operation="pattern match">aarch64|ppc64le|s390x|x86_64</red-def:arch>
 <red-def:evr datatype="evr_string" operation="less than">0:0.34.5-3.el8</red-def:evr>
</red-def:rpminfo_state>
<red-def:rpminfo_state id="oval:com.redhat.rhsa:ste:20204689001" version="637">
 <red-def:arch datatype="string" operation="pattern match">aarch64|i686|ppc64le|s390x|x86_64</red-def:arch>
 <red-def:evr datatype="evr_string" operation="less than">0:2.6.5-7.el8</red-def:evr>
</red-def:rpminfo_state>
<red-def:rpminfo_state id="oval:com.redhat.rhsa:ste:20204689003" version="637">
 <red-def:arch datatype="string" operation="pattern match">aarch64|ppc64le|s390x|x86_64</red-def:arch>
 <red-def:evr datatype="evr_string" operation="less than">0:2.6.5-7.el8</red-def:evr>
</red-def:rpminfo_state>
<red-def:rpminfo_state id="oval:com.redhat.rhsa:ste:20204690004" version="636">
 <red-def:evr datatype="evr_string" operation="less than">0:5.12.5-2.el8</red-def:evr>
</red-def:rpminfo_state>
<red-def:rpminfo_state id="oval:com.redhat.rhsa:ste:20204690005" version="636">
 <red-def:arch datatype="string" operation="pattern match">aarch64|i686|ppc64le|s390x|x86_64</red-def:arch>
 <red-def:evr datatype="evr_string" operation="less than">0:5.12.5-6.el8</red-def:evr>
</red-def:rpminfo_state>
<red-def:rpminfo_state id="oval:com.redhat.rhsa:ste:20204690006" version="636">
 <red-def:evr datatype="evr_string" operation="less than">0:5.12.5-6.el8</red-def:evr>
</red-def:rpminfo_state>
<red-def:rpminfo_state id="oval:com.redhat.rhsa:ste:20204694001" version="637">
 <red-def:arch datatype="string" operation="pattern match">aarch64|ppc64le|s390x|x86_64</red-def:arch>
 <red-def:evr datatype="evr_string" operation="less than">0:1.15.1-2.module+el8.3.0+8221+97165c3f</red-def:evr>
</red-def:rpminfo_state>
<red-def:rpminfo_state id="oval:com.redhat.rhsa:ste:20204694003" version="637">
 <red-def:evr datatype="evr_string" operation="less than">0:18.1-2.module+el8.3.0+8221+97165c3f</red-def:evr>
</red-def:rpminfo_state>
<red-def:rpminfo_state id="oval:com.redhat.rhsa:ste:20204694004" version="637">
 <red-def:arch datatype="string" operation="pattern match">aarch64|ppc64le|s390x|x86_64</red-def:arch>
 <red-def:evr datatype="evr_string" operation="less than">2:2.0.20-2.module+el8.3.0+8221+97165c3f</red-def:evr>
</red-def:rpminfo_state>
<red-def:rpminfo_state id="oval:com.redhat.rhsa:ste:20204694005" version="637">
 <red-def:evr datatype="evr_string" operation="less than">2:2.144.0-1.module+el8.3.0+8221+97165c3f</red-def:evr>
</red-def:rpminfo_state>
<red-def:rpminfo_state id="oval:com.redhat.rhsa:ste:20204694006" version="637">
 <red-def:arch datatype="string" operation="pattern match">aarch64|ppc64le|s390x|x86_64</red-def:arch>
 <red-def:evr datatype="evr_string" operation="less than">0:0.8.6-2.module+el8.3.0+8221+97165c3f</red-def:evr>
</red-def:rpminfo_state>
<red-def:rpminfo_state id="oval:com.redhat.rhsa:ste:20204694007" version="637">
 <red-def:arch datatype="string" operation="pattern match">aarch64|ppc64le|s390x|x86_64</red-def:arch>
 <red-def:evr datatype="evr_string" operation="less than">1:1.1.1-3.module+el8.3.0+8221+97165c3f</red-def:evr>
</red-def:rpminfo_state>
<red-def:rpminfo_state id="oval:com.redhat.rhsa:ste:20204694008" version="637">
 <red-def:arch datatype="string" operation="pattern match">aarch64|ppc64le|s390x|x86_64</red-def:arch>
 <red-def:evr datatype="evr_string" operation="less than">0:3.14-2.module+el8.3.0+8221+97165c3f</red-def:evr>
</red-def:rpminfo_state>
<red-def:rpminfo_state id="oval:com.redhat.rhsa:ste:20204694009" version="637">
 <red-def:arch datatype="string" operation="pattern match">aarch64|ppc64le|s390x|x86_64</red-def:arch>
 <red-def:evr datatype="evr_string" operation="less than">0:0.14.1-2.module+el8.3.0+8221+97165c3f</red-def:evr>
</red-def:rpminfo_state>
<red-def:rpminfo_state id="oval:com.redhat.rhsa:ste:20204694010" version="637">
 <red-def:arch datatype="string" operation="pattern match">aarch64|ppc64le|s390x|x86_64</red-def:arch>
 <red-def:evr datatype="evr_string" operation="less than">0:1.1.2-3.module+el8.3.0+8221+97165c3f</red-def:evr>
</red-def:rpminfo_state>
<red-def:rpminfo_state id="oval:com.redhat.rhsa:ste:20204694011" version="637">
 <red-def:arch datatype="string" operation="pattern match">aarch64|ppc64le|s390x|x86_64</red-def:arch>
 <red-def:evr datatype="evr_string" operation="less than">0:4.3.1-1.module+el8.3.0+8221+97165c3f</red-def:evr>
</red-def:rpminfo_state>
<red-def:rpminfo_state id="oval:com.redhat.rhsa:ste:20204694012" version="637">
 <red-def:arch datatype="string" operation="pattern match">aarch64|ppc64le|s390x|x86_64</red-def:arch>
 <red-def:evr datatype="evr_string" operation="less than">0:2.0.5-5.module+el8.3.0+8221+97165c3f</red-def:evr>
</red-def:rpminfo_state>
<red-def:rpminfo_state id="oval:com.redhat.rhsa:ste:20204694013" version="637">
 <red-def:evr datatype="evr_string" operation="less than">0:2.0.5-5.module+el8.3.0+8221+97165c3f</red-def:evr>
</red-def:rpminfo_state>
<red-def:rpminfo_state id="oval:com.redhat.rhsa:ste:20204694014" version="637">
 <red-def:evr datatype="evr_string" operation="less than">0:1.2.0-0.2.gitd0a45fe.module+el8.3.0+8221+97165c3f</red-def:evr>
</red-def:rpminfo_state>
<red-def:rpminfo_state id="oval:com.redhat.rhsa:ste:20204694015" version="637">
 <red-def:arch datatype="string" operation="pattern match">aarch64|ppc64le|s390x|x86_64</red-def:arch>
 <red-def:evr datatype="evr_string" operation="less than">0:1.0.0-68.rc92.module+el8.3.0+8221+97165c3f</red-def:evr>
</red-def:rpminfo_state>
<red-def:rpminfo_state id="oval:com.redhat.rhsa:ste:20204694016" version="637">
 <red-def:arch datatype="string" operation="pattern match">aarch64|ppc64le|s390x|x86_64</red-def:arch>
 <red-def:evr datatype="evr_string" operation="less than">0:1.1.4-2.module+el8.3.0+8221+97165c3f</red-def:evr>
</red-def:rpminfo_state>
<red-def:rpminfo_state id="oval:com.redhat.rhsa:ste:20204694017" version="637">
 <red-def:evr datatype="evr_string" operation="less than">0:0.0.8-1.module+el8.3.0+8221+97165c3f</red-def:evr>
</red-def:rpminfo_state>
<red-def:rpminfo_state id="oval:com.redhat.rhsa:ste:20204694018" version="637">
 <red-def:evr datatype="evr_string" operation="less than">0:0.2.2-1.module+el8.3.0+8221+97165c3f</red-def:evr>
</red-def:rpminfo_state>
<red-def:rpminfo_state id="oval:com.redhat.rhsa:ste:20204697001" version="640">
 <red-def:evr datatype="evr_string" operation="less than">0:2.1.53-1.el8</red-def:evr>
</red-def:rpminfo_state>
<red-def:rpminfo_state id="oval:com.redhat.rhsa:ste:20204709001" version="636">
 <red-def:arch datatype="string" operation="pattern match">aarch64|i686|ppc64le|s390x|x86_64</red-def:arch>
 <red-def:evr datatype="evr_string" operation="less than">0:2.42.7-4.el8</red-def:evr>
</red-def:rpminfo_state>
<red-def:rpminfo_state id="oval:com.redhat.rhsa:ste:20204709003" version="636">
 <red-def:arch datatype="string" operation="pattern match">aarch64|ppc64le|s390x|x86_64</red-def:arch>
 <red-def:evr datatype="evr_string" operation="less than">0:2.42.7-4.el8</red-def:evr>
</red-def:rpminfo_state>
<red-def:rpminfo_state id="oval:com.redhat.rhsa:ste:20204712001" version="636">
 <red-def:arch datatype="string" operation="pattern match">aarch64|ppc64le|s390x|x86_64</red-def:arch>
 <red-def:evr datatype="evr_string" operation="less than">0:1.3.9-9.module+el8.3.0+6671+2675c974</red-def:evr>
</red-def:rpminfo_state>
<red-def:rpminfo_state id="oval:com.redhat.rhsa:ste:20204712003" version="636">
 <red-def:arch datatype="string" operation="pattern match">aarch64|ppc64le|s390x|x86_64</red-def:arch>
 <red-def:evr datatype="evr_string" operation="less than">0:1.10.2-3.module+el8.3.0+6671+2675c974</red-def:evr>
</red-def:rpminfo_state>
<red-def:rpminfo_state id="oval:com.redhat.rhsa:ste:20204712004" version="636">
 <red-def:evr datatype="evr_string" operation="less than">0:1.10.2-3.module+el8.3.0+6671+2675c974</red-def:evr>
</red-def:rpminfo_state>
<red-def:rpminfo_state id="oval:com.redhat.rhsa:ste:20204712005" version="636">
 <red-def:arch datatype="string" operation="pattern match">aarch64|ppc64le|s390x|x86_64</red-def:arch>
 <red-def:evr datatype="evr_string" operation="less than">0:2.1.1-5.module+el8.3.0+6671+2675c974</red-def:evr>
</red-def:rpminfo_state>
<red-def:rpminfo_state id="oval:com.redhat.rhsa:ste:20204743003" version="637">
 <red-def:arch datatype="string" operation="pattern match">aarch64|ppc64le|s390x|x86_64</red-def:arch>
 <red-def:evr datatype="evr_string" operation="less than">7:4.11-3.module+el8.3.0+7851+7808b5f9</red-def:evr>
</red-def:rpminfo_state>
<red-def:rpminfo_state id="oval:com.redhat.rhsa:ste:20204751001" version="636">
 <red-def:arch datatype="string" operation="pattern match">aarch64|ppc64le|s390x|x86_64</red-def:arch>
 <red-def:evr datatype="evr_string" operation="less than">0:2.4.37-30.module+el8.3.0+7001+0766b9e7</red-def:evr>
</red-def:rpminfo_state>
<red-def:rpminfo_state id="oval:com.redhat.rhsa:ste:20204751003" version="636">
 <red-def:evr datatype="evr_string" operation="less than">0:2.4.37-30.module+el8.3.0+7001+0766b9e7</red-def:evr>
</red-def:rpminfo_state>
<red-def:rpminfo_state id="oval:com.redhat.rhsa:ste:20204751004" version="636">
 <red-def:arch datatype="string" operation="pattern match">aarch64|ppc64le|s390x|x86_64</red-def:arch>
 <red-def:evr datatype="evr_string" operation="less than">0:1.15.7-2.module+el8.3.0+7670+8bf57d29</red-def:evr>
</red-def:rpminfo_state>
<red-def:rpminfo_state id="oval:com.redhat.rhsa:ste:20204751005" version="636">
 <red-def:arch datatype="string" operation="pattern match">aarch64|ppc64le|s390x|x86_64</red-def:arch>
 <red-def:evr datatype="evr_string" operation="less than">1:2.0.8-8.module+el8.3.0+6814+67d1e611</red-def:evr>
</red-def:rpminfo_state>
<red-def:rpminfo_state id="oval:com.redhat.rhsa:ste:20204751006" version="636">
 <red-def:arch datatype="string" operation="pattern match">aarch64|ppc64le|s390x|x86_64</red-def:arch>
 <red-def:evr datatype="evr_string" operation="less than">1:2.4.37-30.module+el8.3.0+7001+0766b9e7</red-def:evr>
</red-def:rpminfo_state>
<red-def:rpminfo_state id="oval:com.redhat.rhsa:ste:20204756001" version="636">
 <red-def:arch datatype="string" operation="pattern match">aarch64|ppc64le|s390x|x86_64</red-def:arch>
 <red-def:evr datatype="evr_string" operation="less than">0:6.0.6-2.module+el8.3.0+6843+b3b42fcc</red-def:evr>
</red-def:rpminfo_state>
<red-def:rpminfo_state id="oval:com.redhat.rhsa:ste:20204756003" version="636">
 <red-def:arch datatype="string" operation="pattern match">aarch64|ppc64le|s390x|x86_64</red-def:arch>
 <red-def:evr datatype="evr_string" operation="less than">0:0.15.0-5.module+el8.3.0+6843+b3b42fcc</red-def:evr>
</red-def:rpminfo_state>
<ind-def:textfilecontent54_state id="oval:com.redhat.rhsa:ste:20204756004" version="636">
 <ind-def:text operation="pattern match">\nstream\s*=\s*6\b[\w\W]*\nstate\s*=\s*(enabled|1|true)|\nstate\s*=\s*(enabled|1|true)[\w\W]*\nstream\s*=\s*6\b</ind-def:text>
</ind-def:textfilecontent54_state>
<red-def:rpminfo_state id="oval:com.redhat.rhsa:ste:20204760001" version="637">
 <red-def:arch datatype="string" operation="pattern match">aarch64|ppc64le|s390x|x86_64</red-def:arch>
 <red-def:evr datatype="evr_string" operation="less than">14:4.9.3-1.el8</red-def:evr>
</red-def:rpminfo_state>
<red-def:rpminfo_state id="oval:com.redhat.rhsa:ste:20204763001" version="636">
 <red-def:arch datatype="string" operation="pattern match">aarch64|i686|ppc64le|s390x|x86_64</red-def:arch>
 <red-def:evr datatype="evr_string" operation="less than">1:2.3.8-4.el8</red-def:evr>
</red-def:rpminfo_state>
<red-def:rpminfo_state id="oval:com.redhat.rhsa:ste:20204763003" version="636">
 <red-def:arch datatype="string" operation="pattern match">aarch64|ppc64le|s390x|x86_64</red-def:arch>
 <red-def:evr datatype="evr_string" operation="less than">1:2.3.8-4.el8</red-def:evr>
</red-def:rpminfo_state>
<red-def:rpminfo_state id="oval:com.redhat.rhsa:ste:20204766001" version="636">
 <red-def:arch datatype="string" operation="pattern match">aarch64|i686|ppc64le|s390x|x86_64</red-def:arch>
 <red-def:evr datatype="evr_string" operation="less than">0:0.6.22-4.el8</red-def:evr>
</red-def:rpminfo_state>
<red-def:rpminfo_state id="oval:com.redhat.rhsa:ste:20204799001" version="636">
 <red-def:arch datatype="string" operation="pattern match">aarch64|ppc64le|s390x|x86_64</red-def:arch>
 <red-def:evr datatype="evr_string" operation="less than">0:3.0.20-3.module+el8.3.0+7597+67902674</red-def:evr>
</red-def:rpminfo_state>
<red-def:rpminfo_state id="oval:com.redhat.rhsa:ste:20204805001" version="637">
 <red-def:evr datatype="evr_string" operation="less than">0:20200602gitca407c7246bf-3.el8</red-def:evr>
</red-def:rpminfo_state>
<red-def:rpminfo_state id="oval:com.redhat.rhsa:ste:20204806001" version="635">
 <red-def:arch datatype="string" operation="pattern match">aarch64|ppc64le|x86_64</red-def:arch>
 <red-def:evr datatype="evr_string" operation="less than">0:19.11.3-1.el8</red-def:evr>
</red-def:rpminfo_state>
<red-def:rpminfo_state id="oval:com.redhat.rhsa:ste:20204806003" version="635">
 <red-def:evr datatype="evr_string" operation="less than">0:19.11.3-1.el8</red-def:evr>
</red-def:rpminfo_state>
<red-def:rpminfo_state id="oval:com.redhat.rhsa:ste:20204807001" version="635">
 <red-def:evr datatype="evr_string" operation="less than">0:0.12.0-6.el8</red-def:evr>
</red-def:rpminfo_state>
<red-def:rpminfo_state id="oval:com.redhat.rhsa:ste:20204820001" version="635">
 <red-def:arch datatype="string" operation="pattern match">aarch64|ppc64le|s390x|x86_64</red-def:arch>
 <red-def:evr datatype="evr_string" operation="less than">0:3.28.1-3.el8</red-def:evr>
</red-def:rpminfo_state>
<red-def:rpminfo_state id="oval:com.redhat.rhsa:ste:20204827001" version="635">
 <red-def:arch datatype="string" operation="pattern match">aarch64|i686|ppc64le|s390x|x86_64</red-def:arch>
 <red-def:evr datatype="evr_string" operation="less than">0:6.8.2-2.el8</red-def:evr>
</red-def:rpminfo_state>
<red-def:rpminfo_state id="oval:com.redhat.rhsa:ste:20204844001" version="636">
 <red-def:arch datatype="string" operation="pattern match">aarch64|i686|ppc64le|s390x|x86_64</red-def:arch>
 <red-def:evr datatype="evr_string" operation="less than">0:20170731-15.el8</red-def:evr>
</red-def:rpminfo_state>
<red-def:rpminfo_state id="oval:com.redhat.rhsa:ste:20204846001" version="638">
 <red-def:evr datatype="evr_string" operation="less than">0:2.2.4-5.el8</red-def:evr>
</red-def:rpminfo_state>
<red-def:rpminfo_state id="oval:com.redhat.rhsa:ste:20204847004" version="637">
 <red-def:evr datatype="evr_string" operation="less than">0:3.6-3.module+el8.3.0+6805+72837426</red-def:evr>
</red-def:rpminfo_state>
<red-def:rpminfo_state id="oval:com.redhat.rhsa:ste:20204847014" version="637">
 <red-def:evr datatype="evr_string" operation="less than">1:9.0.30-1.module+el8.3.0+6730+8f9c6254</red-def:evr>
</red-def:rpminfo_state>
<red-def:rpminfo_state id="oval:com.redhat.rhsa:ste:20204847017" version="637">
 <red-def:evr datatype="evr_string" operation="less than">0:3.0.26-3.module+el8.2.0+5723+4574fbff</red-def:evr>
</red-def:rpminfo_state>
<red-def:rpminfo_state id="oval:com.redhat.rhsa:ste:20204847019" version="637">
 <red-def:evr datatype="evr_string" operation="less than">0:1.7.7-8.module+el8.2.0+5723+4574fbff</red-def:evr>
</red-def:rpminfo_state>
<red-def:rpminfo_state id="oval:com.redhat.rhsa:ste:20204847025" version="637">
 <red-def:evr datatype="evr_string" operation="less than">0:1.5.4-8.module+el8.2.0+5723+4574fbff</red-def:evr>
</red-def:rpminfo_state>
<red-def:rpminfo_state id="oval:com.redhat.rhsa:ste:20204847028" version="637">
 <red-def:arch datatype="string" operation="pattern match">aarch64|ppc64le|s390x|x86_64</red-def:arch>
 <red-def:evr datatype="evr_string" operation="less than">0:4.7.3-1.module+el8.3.0+8058+d5cd4219</red-def:evr>
</red-def:rpminfo_state>
<red-def:rpminfo_state id="oval:com.redhat.rhsa:ste:20204847029" version="637">
 <red-def:evr datatype="evr_string" operation="less than">0:4.22.0-1.module+el8.3.0+6784+6e1e4c62</red-def:evr>
</red-def:rpminfo_state>
<red-def:rpminfo_state id="oval:com.redhat.rhsa:ste:20204847030" version="637">
 <red-def:evr datatype="evr_string" operation="less than">0:10.9.4-1.module+el8.3.0+8058+d5cd4219</red-def:evr>
</red-def:rpminfo_state>
<red-def:rpminfo_state id="oval:com.redhat.rhsa:ste:20204847031" version="637">
 <red-def:arch datatype="string" operation="pattern match">aarch64|ppc64le|s390x|x86_64</red-def:arch>
 <red-def:evr datatype="evr_string" operation="less than">0:10.9.4-1.module+el8.3.0+8058+d5cd4219</red-def:evr>
</red-def:rpminfo_state>
<red-def:rpminfo_state id="oval:com.redhat.rhsa:ste:20204847032" version="637">
 <red-def:evr datatype="evr_string" operation="less than">0:7.5.0-1.module+el8.3.0+7355+c59bcbd9</red-def:evr>
</red-def:rpminfo_state>
<red-def:rpminfo_state id="oval:com.redhat.rhsa:ste:20204913001" version="636">
 <red-def:arch datatype="string" operation="pattern match">aarch64|ppc64le|x86_64</red-def:arch>
 <red-def:evr datatype="evr_string" operation="less than">0:78.4.0-1.el8_3</red-def:evr>
</red-def:rpminfo_state>
<red-def:rpminfo_state id="oval:com.redhat.rhsa:ste:20204952001" version="636">
 <red-def:arch datatype="string" operation="pattern match">aarch64|i686|ppc64le|s390x|x86_64</red-def:arch>
 <red-def:evr datatype="evr_string" operation="less than">0:2.9.1-4.el8_3.1</red-def:evr>
</red-def:rpminfo_state>
<red-def:rpminfo_state id="oval:com.redhat.rhsa:ste:20205085001" version="638">
 <red-def:arch datatype="string" operation="equals">x86_64</red-def:arch>
 <red-def:evr datatype="evr_string" operation="less than">4:20200609-2.20201027.1.el8_3</red-def:evr>
</red-def:rpminfo_state>
<red-def:rpminfo_state id="oval:com.redhat.rhsa:ste:20205100001" version="634">
 <red-def:arch datatype="string" operation="pattern match">aarch64|ppc64le|s390x|x86_64</red-def:arch>
 <red-def:evr datatype="evr_string" operation="less than">0:78.4.1-1.el8_3</red-def:evr>
</red-def:rpminfo_state>
<red-def:rpminfo_state id="oval:com.redhat.rhsa:ste:20205146001" version="637">
 <red-def:arch datatype="string" operation="pattern match">aarch64|ppc64le|x86_64</red-def:arch>
 <red-def:evr datatype="evr_string" operation="less than">0:78.4.3-1.el8_3</red-def:evr>
</red-def:rpminfo_state>
<red-def:rpminfo_state id="oval:com.redhat.rhsa:ste:20205236001" version="636">
 <red-def:arch datatype="string" operation="pattern match">aarch64|ppc64le|x86_64</red-def:arch>
 <red-def:evr datatype="evr_string" operation="less than">0:78.5.0-1.el8_3</red-def:evr>
</red-def:rpminfo_state>
<red-def:rpminfo_state id="oval:com.redhat.rhsa:ste:20205237001" version="636">
 <red-def:arch datatype="string" operation="pattern match">aarch64|ppc64le|s390x|x86_64</red-def:arch>
 <red-def:evr datatype="evr_string" operation="less than">0:78.5.0-1.el8_3</red-def:evr>
</red-def:rpminfo_state>
<red-def:rpminfo_state id="oval:com.redhat.rhsa:ste:20205393001" version="635">
 <red-def:arch datatype="string" operation="pattern match">aarch64|i686|ppc64le|s390x|x86_64</red-def:arch>
 <red-def:evr datatype="evr_string" operation="less than">0:0.6.22-5.el8_3</red-def:evr>
</red-def:rpminfo_state>
<red-def:rpminfo_state id="oval:com.redhat.rhsa:ste:20205398001" version="636">
 <red-def:arch datatype="string" operation="pattern match">aarch64|ppc64le|x86_64</red-def:arch>
 <red-def:evr datatype="evr_string" operation="less than">0:78.5.1-1.el8_3</red-def:evr>
</red-def:rpminfo_state>
<red-def:rpminfo_state id="oval:com.redhat.rhsa:ste:20205401001" version="635">
 <red-def:arch datatype="string" operation="pattern match">aarch64|i686|ppc64le|s390x|x86_64</red-def:arch>
 <red-def:evr datatype="evr_string" operation="less than">0:12.5-1.el8_3</red-def:evr>
</red-def:rpminfo_state>
<red-def:rpminfo_state id="oval:com.redhat.rhsa:ste:20205473001" version="642">
 <red-def:arch datatype="string" operation="pattern match">aarch64|ppc64le|s390x|x86_64</red-def:arch>
 <red-def:evr datatype="evr_string" operation="less than">0:4.18.0-240.8.1.el8_3</red-def:evr>
</red-def:rpminfo_state>
<red-def:rpminfo_state id="oval:com.redhat.rhsa:ste:20205473003" version="642">
 <red-def:evr datatype="evr_string" operation="less than">0:4.18.0-240.8.1.el8_3</red-def:evr>
</red-def:rpminfo_state>
<red-def:rpminfo_state id="oval:com.redhat.rhsa:ste:20205473004" version="642">
 <red-def:arch datatype="string" operation="pattern match">aarch64|ppc64le|x86_64</red-def:arch>
 <red-def:evr datatype="evr_string" operation="less than">0:4.18.0-240.8.1.el8_3</red-def:evr>
</red-def:rpminfo_state>
<red-def:rpminfo_state id="oval:com.redhat.rhsa:ste:20205473005" version="642">
 <red-def:arch datatype="string" operation="equals">s390x</red-def:arch>
 <red-def:evr datatype="evr_string" operation="less than">0:4.18.0-240.8.1.el8_3</red-def:evr>
</red-def:rpminfo_state>
<unix-def:uname_state id="oval:com.redhat.rhsa:ste:20205473006" version="642">
 <unix-def:os_release operation="pattern match">([0-3]\.\d+\.\d+-)|(4\.([0-9]|1[0-7])\.\d+-)|(4\.18\.0-([0-9]{1,2}|1[0-9]{2}|2[0-2][0-9]|23[0-9])\.)|(4\.18\.0-240\.[^\.]*[a-zA-Z])|(4\.18\.0-240\.[0-7]\.)|(4\.18\.0-240\.8\.[^\.]*[a-zA-Z])|(4\.18\.0-240\.8\.0\.)</unix-def:os_release>
</unix-def:uname_state>
<ind-def:textfilecontent54_state id="oval:com.redhat.rhsa:ste:20205473007" version="642">
 <ind-def:text operation="pattern match">([0-3]\.\d+\.\d+-)|(4\.([0-9]|1[0-7])\.\d+-)|(4\.18\.0-([0-9]{1,2}|1[0-9]{2}|2[0-2][0-9]|23[0-9])\.)|(4\.18\.0-240\.[^\.]*[a-zA-Z])|(4\.18\.0-240\.[0-7]\.)|(4\.18\.0-240\.8\.[^\.]*[a-zA-Z])|(4\.18\.0-240\.8\.0\.)</ind-def:text>
</ind-def:textfilecontent54_state>
<red-def:rpminfo_state id="oval:com.redhat.rhsa:ste:20205476001" version="637">
 <red-def:arch datatype="string" operation="pattern match">aarch64|ppc64le|s390x|x86_64</red-def:arch>
 <red-def:evr datatype="evr_string" operation="less than">1:1.1.1g-12.el8_3</red-def:evr>
</red-def:rpminfo_state>
<red-def:rpminfo_state id="oval:com.redhat.rhsa:ste:20205476003" version="637">
 <red-def:arch datatype="string" operation="pattern match">aarch64|i686|ppc64le|s390x|x86_64</red-def:arch>
 <red-def:evr datatype="evr_string" operation="less than">1:1.1.1g-12.el8_3</red-def:evr>
</red-def:rpminfo_state>
<red-def:rpminfo_state id="oval:com.redhat.rhsa:ste:20205479001" version="638">
 <red-def:evr datatype="evr_string" operation="less than">0:39.31.5.1-101.el8_3.1</red-def:evr>
</red-def:rpminfo_state>
<red-def:rpminfo_state id="oval:com.redhat.rhsa:ste:20205479003" version="638">
 <red-def:evr datatype="evr_string" operation="less than">1:39.31.5.1-101.el8_3.1</red-def:evr>
</red-def:rpminfo_state>
<red-def:rpminfo_state id="oval:com.redhat.rhsa:ste:20205479004" version="638">
 <red-def:evr datatype="evr_string" operation="less than">0:18.168.6.1-101.el8_3.1</red-def:evr>
</red-def:rpminfo_state>
<red-def:rpminfo_state id="oval:com.redhat.rhsa:ste:20205479005" version="638">
 <red-def:evr datatype="evr_string" operation="less than">1:25.30.13.0-101.el8_3.1</red-def:evr>
</red-def:rpminfo_state>
<red-def:rpminfo_state id="oval:com.redhat.rhsa:ste:20205479006" version="638">
 <red-def:evr datatype="evr_string" operation="less than">0:15.32.2.9-101.el8_3.1</red-def:evr>
</red-def:rpminfo_state>
<red-def:rpminfo_state id="oval:com.redhat.rhsa:ste:20205479007" version="638">
 <red-def:evr datatype="evr_string" operation="less than">0:228.61.2.24-101.el8_3.1</red-def:evr>
</red-def:rpminfo_state>
<red-def:rpminfo_state id="oval:com.redhat.rhsa:ste:20205479008" version="638">
 <red-def:evr datatype="evr_string" operation="less than">0:8.83.5.1_1-101.el8_3.1</red-def:evr>
</red-def:rpminfo_state>
<red-def:rpminfo_state id="oval:com.redhat.rhsa:ste:20205479009" version="638">
 <red-def:evr datatype="evr_string" operation="less than">0:8.24.2.2-101.el8_3.1</red-def:evr>
</red-def:rpminfo_state>
<red-def:rpminfo_state id="oval:com.redhat.rhsa:ste:20205479010" version="638">
 <red-def:evr datatype="evr_string" operation="less than">0:9.221.4.1-101.el8_3.1</red-def:evr>
</red-def:rpminfo_state>
<red-def:rpminfo_state id="oval:com.redhat.rhsa:ste:20205479011" version="638">
 <red-def:evr datatype="evr_string" operation="less than">0:41.28.5.1-101.el8_3.1</red-def:evr>
</red-def:rpminfo_state>
<red-def:rpminfo_state id="oval:com.redhat.rhsa:ste:20205479012" version="638">
 <red-def:evr datatype="evr_string" operation="less than">0:20200619-101.git3890db36.el8_3</red-def:evr>
</red-def:rpminfo_state>
<red-def:rpminfo_state id="oval:com.redhat.rhsa:ste:20205479013" version="638">
 <red-def:evr datatype="evr_string" operation="less than">2:20200619-101.git3890db36.el8_3</red-def:evr>
</red-def:rpminfo_state>
<red-def:rpminfo_state id="oval:com.redhat.rhsa:ste:20205480001" version="636">
 <red-def:arch datatype="string" operation="pattern match">aarch64|ppc64le|s390x|x86_64</red-def:arch>
 <red-def:evr datatype="evr_string" operation="less than">1:5.8-18.el8_3.1</red-def:evr>
</red-def:rpminfo_state>
<red-def:rpminfo_state id="oval:com.redhat.rhsa:ste:20205480003" version="636">
 <red-def:arch datatype="string" operation="pattern match">aarch64|i686|ppc64le|s390x|x86_64</red-def:arch>
 <red-def:evr datatype="evr_string" operation="less than">1:5.8-18.el8_3.1</red-def:evr>
</red-def:rpminfo_state>
<red-def:rpminfo_state id="oval:com.redhat.rhsa:ste:20205483001" version="635">
 <red-def:arch datatype="string" operation="pattern match">aarch64|i686|ppc64le|s390x|x86_64</red-def:arch>
 <red-def:evr datatype="evr_string" operation="less than">0:3.6.14-7.el8_3</red-def:evr>
</red-def:rpminfo_state>
<red-def:rpminfo_state id="oval:com.redhat.rhsa:ste:20205483003" version="635">
 <red-def:arch datatype="string" operation="pattern match">aarch64|ppc64le|s390x|x86_64</red-def:arch>
 <red-def:evr datatype="evr_string" operation="less than">0:3.6.14-7.el8_3</red-def:evr>
</red-def:rpminfo_state>
<red-def:rpminfo_state id="oval:com.redhat.rhsa:ste:20205487001" version="635">
 <red-def:arch datatype="string" operation="pattern match">aarch64|ppc64le|s390x|x86_64</red-def:arch>
 <red-def:evr datatype="evr_string" operation="less than">0:2.0.4-6.el8_3.1</red-def:evr>
</red-def:rpminfo_state>
<red-def:rpminfo_state id="oval:com.redhat.rhsa:ste:20205487003" version="635">
 <red-def:arch datatype="string" operation="pattern match">aarch64|i686|ppc64le|s390x|x86_64</red-def:arch>
 <red-def:evr datatype="evr_string" operation="less than">0:2.0.4-6.el8_3.1</red-def:evr>
</red-def:rpminfo_state>
<red-def:rpminfo_state id="oval:com.redhat.rhsa:ste:20205487004" version="635">
 <red-def:evr datatype="evr_string" operation="less than">0:2.0.4-6.el8_3.1</red-def:evr>
</red-def:rpminfo_state>
<red-def:rpminfo_state id="oval:com.redhat.rhsa:ste:20205493001" version="636">
 <red-def:arch datatype="string" operation="equals">x86_64</red-def:arch>
 <red-def:evr datatype="evr_string" operation="less than">0:1.4.1-1.module+el8.3.0+7840+63dfb1ed</red-def:evr>
</red-def:rpminfo_state>
<red-def:rpminfo_state id="oval:com.redhat.rhsa:ste:20205493003" version="636">
 <red-def:arch datatype="string" operation="pattern match">aarch64|ppc64le|s390x|x86_64</red-def:arch>
 <red-def:evr datatype="evr_string" operation="less than">0:1.14.12-1.module+el8.3.0+8784+380394dc</red-def:evr>
</red-def:rpminfo_state>
<red-def:rpminfo_state id="oval:com.redhat.rhsa:ste:20205493004" version="636">
 <red-def:evr datatype="evr_string" operation="less than">0:1.14.12-1.module+el8.3.0+8784+380394dc</red-def:evr>
</red-def:rpminfo_state>
<red-def:rpminfo_state id="oval:com.redhat.rhsa:ste:20205493005" version="636">
 <red-def:arch datatype="string" operation="equals">x86_64</red-def:arch>
 <red-def:evr datatype="evr_string" operation="less than">0:1.14.12-1.module+el8.3.0+8784+380394dc</red-def:evr>
</red-def:rpminfo_state>
<red-def:rpminfo_state id="oval:com.redhat.rhsa:ste:20205495001" version="636">
 <red-def:arch datatype="string" operation="pattern match">aarch64|ppc64le|s390x|x86_64</red-def:arch>
 <red-def:evr datatype="evr_string" operation="less than">1:1.16.1-1.module+el8.3.0+8844+e5e7039f.1</red-def:evr>
</red-def:rpminfo_state>
<red-def:rpminfo_state id="oval:com.redhat.rhsa:ste:20205495003" version="636">
 <red-def:evr datatype="evr_string" operation="less than">1:1.16.1-1.module+el8.3.0+8844+e5e7039f.1</red-def:evr>
</red-def:rpminfo_state>
<ind-def:textfilecontent54_state id="oval:com.redhat.rhsa:ste:20205495004" version="636">
 <ind-def:text operation="pattern match">\nstream\s*=\s*1\.16\b[\w\W]*\nstate\s*=\s*(enabled|1|true)|\nstate\s*=\s*(enabled|1|true)[\w\W]*\nstream\s*=\s*1\.16\b</ind-def:text>
</ind-def:textfilecontent54_state>
<red-def:rpminfo_state id="oval:com.redhat.rhsa:ste:20205499001" version="636">
 <red-def:arch datatype="string" operation="pattern match">aarch64|ppc64le|s390x|x86_64</red-def:arch>
 <red-def:evr datatype="evr_string" operation="less than">1:12.19.1-1.module+el8.3.0+8851+b7b41ca0</red-def:evr>
</red-def:rpminfo_state>
<red-def:rpminfo_state id="oval:com.redhat.rhsa:ste:20205499003" version="636">
 <red-def:evr datatype="evr_string" operation="less than">1:12.19.1-1.module+el8.3.0+8851+b7b41ca0</red-def:evr>
</red-def:rpminfo_state>
<red-def:rpminfo_state id="oval:com.redhat.rhsa:ste:20205499006" version="636">
 <red-def:arch datatype="string" operation="pattern match">aarch64|ppc64le|s390x|x86_64</red-def:arch>
 <red-def:evr datatype="evr_string" operation="less than">1:6.14.8-1.12.19.1.1.module+el8.3.0+8851+b7b41ca0</red-def:evr>
</red-def:rpminfo_state>
<red-def:rpminfo_state id="oval:com.redhat.rhsa:ste:20205500003" version="636">
 <red-def:arch datatype="string" operation="pattern match">aarch64|ppc64le|s390x|x86_64</red-def:arch>
 <red-def:evr datatype="evr_string" operation="less than">0:25.3.31-1.module+el8.3.0+8843+3f4e42f6</red-def:evr>
</red-def:rpminfo_state>
<red-def:rpminfo_state id="oval:com.redhat.rhsa:ste:20205500004" version="636">
 <red-def:arch datatype="string" operation="pattern match">aarch64|ppc64le|s390x|x86_64</red-def:arch>
 <red-def:evr datatype="evr_string" operation="less than">3:10.3.27-3.module+el8.3.0+8972+5e3224e9</red-def:evr>
</red-def:rpminfo_state>
<red-def:rpminfo_state id="oval:com.redhat.rhsa:ste:20205503001" version="635">
 <red-def:arch datatype="string" operation="pattern match">aarch64|i686|ppc64le|s390x|x86_64</red-def:arch>
 <red-def:evr datatype="evr_string" operation="less than">0:3.1.11-2.el8_3</red-def:evr>
</red-def:rpminfo_state>
<red-def:rpminfo_state id="oval:com.redhat.rhsa:ste:20205503003" version="635">
 <red-def:evr datatype="evr_string" operation="less than">0:3.1.11-2.el8_3</red-def:evr>
</red-def:rpminfo_state>
<red-def:rpminfo_state id="oval:com.redhat.rhsa:ste:20205506001" version="640">
 <red-def:arch datatype="string" operation="equals">x86_64</red-def:arch>
 <red-def:evr datatype="evr_string" operation="less than">0:4.18.0-240.8.1.rt7.62.el8_3</red-def:evr>
</red-def:rpminfo_state>
<red-def:rpminfo_state id="oval:com.redhat.rhsa:ste:20205562001" version="636">
 <red-def:arch datatype="string" operation="pattern match">aarch64|ppc64le|s390x|x86_64</red-def:arch>
 <red-def:evr datatype="evr_string" operation="less than">0:78.6.0-1.el8_3</red-def:evr>
</red-def:rpminfo_state>
<red-def:rpminfo_state id="oval:com.redhat.rhsa:ste:20205567001" version="635">
 <red-def:arch datatype="string" operation="pattern match">aarch64|ppc64le|s390x|x86_64</red-def:arch>
 <red-def:evr datatype="evr_string" operation="less than">0:10.15-1.module+el8.3.0+8944+1ca16b1f</red-def:evr>
</red-def:rpminfo_state>
<red-def:rpminfo_state id="oval:com.redhat.rhsa:ste:20205619001" version="635">
 <red-def:arch datatype="string" operation="pattern match">aarch64|ppc64le|s390x|x86_64</red-def:arch>
 <red-def:evr datatype="evr_string" operation="less than">0:9.6.20-1.module+el8.3.0+8938+7f0e88b6</red-def:evr>
</red-def:rpminfo_state>
<ind-def:textfilecontent54_state id="oval:com.redhat.rhsa:ste:20205619003" version="635">
 <ind-def:text operation="pattern match">\nstream\s*=\s*9\.6\b[\w\W]*\nstate\s*=\s*(enabled|1|true)|\nstate\s*=\s*(enabled|1|true)[\w\W]*\nstream\s*=\s*9\.6\b</ind-def:text>
</ind-def:textfilecontent54_state>
<red-def:rpminfo_state id="oval:com.redhat.rhsa:ste:20205620001" version="635">
 <red-def:arch datatype="string" operation="pattern match">aarch64|ppc64le|s390x|x86_64</red-def:arch>
 <red-def:evr datatype="evr_string" operation="less than">0:1.4.0-4.module+el8.3.0+9042+664538f4</red-def:evr>
</red-def:rpminfo_state>
<red-def:rpminfo_state id="oval:com.redhat.rhsa:ste:20205620003" version="635">
 <red-def:arch datatype="string" operation="pattern match">aarch64|ppc64le|s390x|x86_64</red-def:arch>
 <red-def:evr datatype="evr_string" operation="less than">0:0.10.0-2.module+el8.3.0+9042+664538f4</red-def:evr>
</red-def:rpminfo_state>
<red-def:rpminfo_state id="oval:com.redhat.rhsa:ste:20205620004" version="635">
 <red-def:arch datatype="string" operation="pattern match">aarch64|ppc64le|s390x|x86_64</red-def:arch>
 <red-def:evr datatype="evr_string" operation="less than">0:12.5-1.module+el8.3.0+9042+664538f4</red-def:evr>
</red-def:rpminfo_state>
<red-def:rpminfo_state id="oval:com.redhat.rhsa:ste:20205620005" version="635">
 <red-def:evr datatype="evr_string" operation="less than">0:12.5-1.module+el8.3.0+9042+664538f4</red-def:evr>
</red-def:rpminfo_state>
<red-def:rpminfo_state id="oval:com.redhat.rhsa:ste:20205624001" version="635">
 <red-def:arch datatype="string" operation="pattern match">aarch64|ppc64le|x86_64</red-def:arch>
 <red-def:evr datatype="evr_string" operation="less than">0:78.6.0-1.el8_3</red-def:evr>
</red-def:rpminfo_state>
<red-def:rpminfo_state id="oval:com.redhat.rhsa:ste:20210003001" version="638">
 <red-def:arch datatype="string" operation="pattern match">aarch64|ppc64le|s390x|x86_64</red-def:arch>
 <red-def:evr datatype="evr_string" operation="less than">0:4.18.0-240.10.1.el8_3</red-def:evr>
</red-def:rpminfo_state>
<red-def:rpminfo_state id="oval:com.redhat.rhsa:ste:20210003003" version="638">
 <red-def:evr datatype="evr_string" operation="less than">0:4.18.0-240.10.1.el8_3</red-def:evr>
</red-def:rpminfo_state>
<red-def:rpminfo_state id="oval:com.redhat.rhsa:ste:20210003004" version="638">
 <red-def:arch datatype="string" operation="pattern match">aarch64|ppc64le|x86_64</red-def:arch>
 <red-def:evr datatype="evr_string" operation="less than">0:4.18.0-240.10.1.el8_3</red-def:evr>
</red-def:rpminfo_state>
<red-def:rpminfo_state id="oval:com.redhat.rhsa:ste:20210003005" version="638">
 <red-def:arch datatype="string" operation="equals">s390x</red-def:arch>
 <red-def:evr datatype="evr_string" operation="less than">0:4.18.0-240.10.1.el8_3</red-def:evr>
</red-def:rpminfo_state>
<unix-def:uname_state id="oval:com.redhat.rhsa:ste:20210003006" version="638">
 <unix-def:os_release operation="pattern match">([0-3]\.\d+\.\d+-)|(4\.([0-9]|1[0-7])\.\d+-)|(4\.18\.0-([0-9]{1,2}|1[0-9]{2}|2[0-2][0-9]|23[0-9])\.)|(4\.18\.0-240\.[^\.]*[a-zA-Z])|(4\.18\.0-240\.[0-9]\.)|(4\.18\.0-240\.10\.[^\.]*[a-zA-Z])|(4\.18\.0-240\.10\.0\.)</unix-def:os_release>
</unix-def:uname_state>
<ind-def:textfilecontent54_state id="oval:com.redhat.rhsa:ste:20210003007" version="638">
 <ind-def:text operation="pattern match">([0-3]\.\d+\.\d+-)|(4\.([0-9]|1[0-7])\.\d+-)|(4\.18\.0-([0-9]{1,2}|1[0-9]{2}|2[0-2][0-9]|23[0-9])\.)|(4\.18\.0-240\.[^\.]*[a-zA-Z])|(4\.18\.0-240\.[0-9]\.)|(4\.18\.0-240\.10\.[^\.]*[a-zA-Z])|(4\.18\.0-240\.10\.0\.)</ind-def:text>
</ind-def:textfilecontent54_state>
<red-def:rpminfo_state id="oval:com.redhat.rhsa:ste:20210004001" version="637">
 <red-def:arch datatype="string" operation="equals">x86_64</red-def:arch>
 <red-def:evr datatype="evr_string" operation="less than">0:4.18.0-240.10.1.rt7.64.el8_3</red-def:evr>
</red-def:rpminfo_state>
<red-def:rpminfo_state id="oval:com.redhat.rhsa:ste:20210052001" version="635">
 <red-def:arch datatype="string" operation="pattern match">aarch64|ppc64le|s390x|x86_64</red-def:arch>
 <red-def:evr datatype="evr_string" operation="less than">0:78.6.1-1.el8_3</red-def:evr>
</red-def:rpminfo_state>
<red-def:rpminfo_state id="oval:com.redhat.rhsa:ste:20210089001" version="634">
 <red-def:arch datatype="string" operation="pattern match">aarch64|ppc64le|x86_64</red-def:arch>
 <red-def:evr datatype="evr_string" operation="less than">0:78.6.1-1.el8_3</red-def:evr>
</red-def:rpminfo_state>
<red-def:rpminfo_state id="oval:com.redhat.rhsa:ste:20210094001" version="638">
 <red-def:arch datatype="string" operation="equals">x86_64</red-def:arch>
 <red-def:evr datatype="evr_string" operation="less than">0:5.0.2-2.el8_3</red-def:evr>
</red-def:rpminfo_state>
<red-def:rpminfo_state id="oval:com.redhat.rhsa:ste:20210094003" version="638">
 <red-def:arch datatype="string" operation="equals">x86_64</red-def:arch>
 <red-def:evr datatype="evr_string" operation="less than">0:5.0.102-2.el8_3</red-def:evr>
</red-def:rpminfo_state>
<red-def:rpminfo_state id="oval:com.redhat.rhsa:ste:20210095001" version="639">
 <red-def:arch datatype="string" operation="equals">x86_64</red-def:arch>
 <red-def:evr datatype="evr_string" operation="less than">0:3.1.11-1.el8_3</red-def:evr>
</red-def:rpminfo_state>
<red-def:rpminfo_state id="oval:com.redhat.rhsa:ste:20210095003" version="639">
 <red-def:arch datatype="string" operation="equals">x86_64</red-def:arch>
 <red-def:evr datatype="evr_string" operation="less than">0:3.1.111-1.el8_3</red-def:evr>
</red-def:rpminfo_state>
<red-def:rpminfo_state id="oval:com.redhat.rhsa:ste:20210150001" version="637">
 <red-def:arch datatype="string" operation="pattern match">aarch64|ppc64le|s390x|x86_64</red-def:arch>
 <red-def:evr datatype="evr_string" operation="less than">0:2.79-13.el8_3.1</red-def:evr>
</red-def:rpminfo_state>
<red-def:rpminfo_state id="oval:com.redhat.rhsa:ste:20210218001" version="635">
 <red-def:arch datatype="string" operation="pattern match">aarch64|ppc64le|s390x|x86_64</red-def:arch>
 <red-def:evr datatype="evr_string" operation="less than">0:1.8.29-6.el8_3.1</red-def:evr>
</red-def:rpminfo_state>
<red-def:rpminfo_state id="oval:com.redhat.rhsa:ste:20210288001" version="636">
 <red-def:arch datatype="string" operation="pattern match">aarch64|ppc64le|s390x|x86_64</red-def:arch>
 <red-def:evr datatype="evr_string" operation="less than">0:78.7.0-2.el8_3</red-def:evr>
</red-def:rpminfo_state>
<red-def:rpminfo_state id="oval:com.redhat.rhsa:ste:20210298001" version="637">
 <red-def:arch datatype="string" operation="pattern match">aarch64|ppc64le|x86_64</red-def:arch>
 <red-def:evr datatype="evr_string" operation="less than">0:78.7.0-1.el8_3</red-def:evr>
</red-def:rpminfo_state>
<red-def:rpminfo_state id="oval:com.redhat.rhsa:ste:20210304001" version="637">
 <red-def:arch datatype="string" operation="pattern match">aarch64|ppc64le|s390x|x86_64</red-def:arch>
 <red-def:evr datatype="evr_string" operation="less than">0:1.6.2-5.el8_3</red-def:evr>
</red-def:rpminfo_state>
<red-def:rpminfo_state id="oval:com.redhat.rhsa:ste:20210304003" version="637">
 <red-def:arch datatype="string" operation="pattern match">aarch64|i686|ppc64le|s390x|x86_64</red-def:arch>
 <red-def:evr datatype="evr_string" operation="less than">0:1.6.2-5.el8_3</red-def:evr>
</red-def:rpminfo_state>
<red-def:rpminfo_state id="oval:com.redhat.rhsa:ste:20210304004" version="637">
 <red-def:evr datatype="evr_string" operation="less than">0:1.6.2-5.el8_3</red-def:evr>
</red-def:rpminfo_state>
<red-def:rpminfo_state id="oval:com.redhat.rhsa:ste:20210471001" version="639">
 <red-def:arch datatype="string" operation="equals">x86_64</red-def:arch>
 <red-def:evr datatype="evr_string" operation="less than">0:3.1.12-1.el8_3</red-def:evr>
</red-def:rpminfo_state>
<red-def:rpminfo_state id="oval:com.redhat.rhsa:ste:20210471003" version="639">
 <red-def:arch datatype="string" operation="equals">x86_64</red-def:arch>
 <red-def:evr datatype="evr_string" operation="less than">0:3.1.112-1.el8_3</red-def:evr>
</red-def:rpminfo_state>
<red-def:rpminfo_state id="oval:com.redhat.rhsa:ste:20210474001" version="638">
 <red-def:arch datatype="string" operation="equals">x86_64</red-def:arch>
 <red-def:evr datatype="evr_string" operation="less than">0:2.1.25-1.el8_3</red-def:evr>
</red-def:rpminfo_state>
<red-def:rpminfo_state id="oval:com.redhat.rhsa:ste:20210474003" version="638">
 <red-def:arch datatype="string" operation="equals">x86_64</red-def:arch>
 <red-def:evr datatype="evr_string" operation="less than">0:2.1.521-1.el8_3</red-def:evr>
</red-def:rpminfo_state>
<red-def:rpminfo_state id="oval:com.redhat.rhsa:ste:20210476001" version="640">
 <red-def:arch datatype="string" operation="equals">x86_64</red-def:arch>
 <red-def:evr datatype="evr_string" operation="less than">0:5.0.3-1.el8_3</red-def:evr>
</red-def:rpminfo_state>
<red-def:rpminfo_state id="oval:com.redhat.rhsa:ste:20210476003" version="640">
 <red-def:arch datatype="string" operation="equals">x86_64</red-def:arch>
 <red-def:evr datatype="evr_string" operation="less than">0:5.0.103-1.el8_3</red-def:evr>
</red-def:rpminfo_state>
<red-def:rpminfo_state id="oval:com.redhat.rhsa:ste:20210507003" version="636">
 <red-def:arch datatype="string" operation="pattern match">aarch64|ppc64le|s390x|x86_64</red-def:arch>
 <red-def:evr datatype="evr_string" operation="less than">0:1.10.2-4.module+el8.3.0+9886+ac338b6d</red-def:evr>
</red-def:rpminfo_state>
<red-def:rpminfo_state id="oval:com.redhat.rhsa:ste:20210507004" version="636">
 <red-def:evr datatype="evr_string" operation="less than">0:1.10.2-4.module+el8.3.0+9886+ac338b6d</red-def:evr>
</red-def:rpminfo_state>
<red-def:rpminfo_state id="oval:com.redhat.rhsa:ste:20210530001" version="635">
 <red-def:arch datatype="string" operation="pattern match">ppc64le|s390x|x86_64</red-def:arch>
 <red-def:evr datatype="evr_string" operation="less than">1:1.8.0.6.20-1.el8_3</red-def:evr>
</red-def:rpminfo_state>
<red-def:rpminfo_state id="oval:com.redhat.rhsa:ste:20210530003" version="635">
 <red-def:arch datatype="string" operation="pattern match">ppc64le|x86_64</red-def:arch>
 <red-def:evr datatype="evr_string" operation="less than">1:1.8.0.6.20-1.el8_3</red-def:evr>
</red-def:rpminfo_state>
<red-def:rpminfo_state id="oval:com.redhat.rhsa:ste:20210531001" version="636">
 <red-def:arch datatype="string" operation="pattern match">aarch64|ppc64le|s390x|x86_64</red-def:arch>
 <red-def:evr datatype="evr_string" operation="less than">0:1.16.7-4.module+el8.3.1+9857+68fb1526</red-def:evr>
</red-def:rpminfo_state>
<red-def:rpminfo_state id="oval:com.redhat.rhsa:ste:20210531003" version="636">
 <red-def:evr datatype="evr_string" operation="less than">0:27.1-3.module+el8.3.1+9857+68fb1526</red-def:evr>
</red-def:rpminfo_state>
<red-def:rpminfo_state id="oval:com.redhat.rhsa:ste:20210531004" version="636">
 <red-def:arch datatype="string" operation="pattern match">aarch64|ppc64le|s390x|x86_64</red-def:arch>
 <red-def:evr datatype="evr_string" operation="less than">2:2.0.22-3.module+el8.3.1+9857+68fb1526</red-def:evr>
</red-def:rpminfo_state>
<red-def:rpminfo_state id="oval:com.redhat.rhsa:ste:20210531005" version="636">
 <red-def:evr datatype="evr_string" operation="less than">2:2.155.0-1.module+el8.3.1+9857+68fb1526</red-def:evr>
</red-def:rpminfo_state>
<red-def:rpminfo_state id="oval:com.redhat.rhsa:ste:20210531006" version="636">
 <red-def:arch datatype="string" operation="pattern match">aarch64|ppc64le|s390x|x86_64</red-def:arch>
 <red-def:evr datatype="evr_string" operation="less than">0:0.9.0-1.module+el8.3.1+9857+68fb1526</red-def:evr>
</red-def:rpminfo_state>
<red-def:rpminfo_state id="oval:com.redhat.rhsa:ste:20210531007" version="636">
 <red-def:arch datatype="string" operation="pattern match">aarch64|ppc64le|s390x|x86_64</red-def:arch>
 <red-def:evr datatype="evr_string" operation="less than">1:1.2.0-9.module+el8.3.1+9857+68fb1526</red-def:evr>
</red-def:rpminfo_state>
<red-def:rpminfo_state id="oval:com.redhat.rhsa:ste:20210531008" version="636">
 <red-def:arch datatype="string" operation="pattern match">aarch64|ppc64le|s390x|x86_64</red-def:arch>
 <red-def:evr datatype="evr_string" operation="less than">0:3.15-1.module+el8.3.1+9857+68fb1526</red-def:evr>
</red-def:rpminfo_state>
<red-def:rpminfo_state id="oval:com.redhat.rhsa:ste:20210531009" version="636">
 <red-def:arch datatype="string" operation="pattern match">aarch64|ppc64le|s390x|x86_64</red-def:arch>
 <red-def:evr datatype="evr_string" operation="less than">0:0.16-2.module+el8.3.1+9857+68fb1526</red-def:evr>
</red-def:rpminfo_state>
<red-def:rpminfo_state id="oval:com.redhat.rhsa:ste:20210531010" version="636">
 <red-def:arch datatype="string" operation="pattern match">aarch64|ppc64le|s390x|x86_64</red-def:arch>
 <red-def:evr datatype="evr_string" operation="less than">0:1.3.0-2.module+el8.3.1+9857+68fb1526</red-def:evr>
</red-def:rpminfo_state>
<red-def:rpminfo_state id="oval:com.redhat.rhsa:ste:20210531011" version="636">
 <red-def:arch datatype="string" operation="pattern match">aarch64|ppc64le|s390x|x86_64</red-def:arch>
 <red-def:evr datatype="evr_string" operation="less than">0:4.3.1-1.module+el8.3.1+9803+64eb0fd6</red-def:evr>
</red-def:rpminfo_state>
<red-def:rpminfo_state id="oval:com.redhat.rhsa:ste:20210531012" version="636">
 <red-def:arch datatype="string" operation="pattern match">aarch64|ppc64le|s390x|x86_64</red-def:arch>
 <red-def:evr datatype="evr_string" operation="less than">0:1.2.0-1.module+el8.3.1+9857+68fb1526</red-def:evr>
</red-def:rpminfo_state>
<red-def:rpminfo_state id="oval:com.redhat.rhsa:ste:20210531013" version="636">
 <red-def:arch datatype="string" operation="pattern match">aarch64|ppc64le|s390x|x86_64</red-def:arch>
 <red-def:evr datatype="evr_string" operation="less than">0:2.2.1-7.module+el8.3.1+9857+68fb1526</red-def:evr>
</red-def:rpminfo_state>
<red-def:rpminfo_state id="oval:com.redhat.rhsa:ste:20210531014" version="636">
 <red-def:evr datatype="evr_string" operation="less than">0:2.2.1-7.module+el8.3.1+9857+68fb1526</red-def:evr>
</red-def:rpminfo_state>
<red-def:rpminfo_state id="oval:com.redhat.rhsa:ste:20210531015" version="636">
 <red-def:evr datatype="evr_string" operation="less than">0:1.2.0-0.2.gitd0a45fe.module+el8.3.1+9857+68fb1526</red-def:evr>
</red-def:rpminfo_state>
<red-def:rpminfo_state id="oval:com.redhat.rhsa:ste:20210531016" version="636">
 <red-def:arch datatype="string" operation="pattern match">aarch64|ppc64le|s390x|x86_64</red-def:arch>
 <red-def:evr datatype="evr_string" operation="less than">0:1.0.0-70.rc92.module+el8.3.1+9857+68fb1526</red-def:evr>
</red-def:rpminfo_state>
<red-def:rpminfo_state id="oval:com.redhat.rhsa:ste:20210531017" version="636">
 <red-def:arch datatype="string" operation="pattern match">aarch64|ppc64le|s390x|x86_64</red-def:arch>
 <red-def:evr datatype="evr_string" operation="less than">0:1.1.8-1.module+el8.3.1+9857+68fb1526</red-def:evr>
</red-def:rpminfo_state>
<red-def:rpminfo_state id="oval:com.redhat.rhsa:ste:20210531018" version="636">
 <red-def:evr datatype="evr_string" operation="less than">0:0.0.8-1.module+el8.3.1+9857+68fb1526</red-def:evr>
</red-def:rpminfo_state>
<red-def:rpminfo_state id="oval:com.redhat.rhsa:ste:20210531019" version="636">
 <red-def:evr datatype="evr_string" operation="less than">0:0.2.4-1.module+el8.3.1+9857+68fb1526</red-def:evr>
</red-def:rpminfo_state>
<red-def:rpminfo_state id="oval:com.redhat.rhsa:ste:20210537001" version="639">
 <red-def:arch datatype="string" operation="equals">x86_64</red-def:arch>
 <red-def:evr datatype="evr_string" operation="less than">0:4.18.0-240.15.1.rt7.69.el8_3</red-def:evr>
</red-def:rpminfo_state>
<unix-def:uname_state id="oval:com.redhat.rhsa:ste:20210537003" version="639">
 <unix-def:os_release operation="pattern match">([0-3]\.\d+\.\d+-)|(4\.([0-9]|1[0-7])\.\d+-)|(4\.18\.0-([0-9]{1,2}|1[0-9]{2}|2[0-2][0-9]|23[0-9])\.)|(4\.18\.0-240\.[^\.]*[a-zA-Z])|(4\.18\.0-240\.([0-9]|1[0-4])\.)|(4\.18\.0-240\.15\.[^\.]*[a-zA-Z])|(4\.18\.0-240\.15\.0\.)</unix-def:os_release>
</unix-def:uname_state>
<ind-def:textfilecontent54_state id="oval:com.redhat.rhsa:ste:20210537004" version="639">
 <ind-def:text operation="pattern match">([0-3]\.\d+\.\d+-)|(4\.([0-9]|1[0-7])\.\d+-)|(4\.18\.0-([0-9]{1,2}|1[0-9]{2}|2[0-2][0-9]|23[0-9])\.)|(4\.18\.0-240\.[^\.]*[a-zA-Z])|(4\.18\.0-240\.([0-9]|1[0-4])\.)|(4\.18\.0-240\.15\.[^\.]*[a-zA-Z])|(4\.18\.0-240\.15\.0\.)</ind-def:text>
</ind-def:textfilecontent54_state>
<red-def:rpminfo_state id="oval:com.redhat.rhsa:ste:20210538001" version="638">
 <red-def:arch datatype="string" operation="pattern match">aarch64|i686|ppc64le|s390x|x86_64</red-def:arch>
 <red-def:evr datatype="evr_string" operation="less than">0:3.53.1-17.el8_3</red-def:evr>
</red-def:rpminfo_state>
<red-def:rpminfo_state id="oval:com.redhat.rhsa:ste:20210538003" version="638">
 <red-def:arch datatype="string" operation="pattern match">aarch64|ppc64le|s390x|x86_64</red-def:arch>
 <red-def:evr datatype="evr_string" operation="less than">0:3.53.1-17.el8_3</red-def:evr>
</red-def:rpminfo_state>
<red-def:rpminfo_state id="oval:com.redhat.rhsa:ste:20210548001" version="639">
 <red-def:arch datatype="string" operation="pattern match">aarch64|ppc64le|s390x|x86_64</red-def:arch>
 <red-def:evr datatype="evr_string" operation="less than">1:10.23.1-1.module+el8.3.0+9502+012d8a97</red-def:evr>
</red-def:rpminfo_state>
<red-def:rpminfo_state id="oval:com.redhat.rhsa:ste:20210548003" version="639">
 <red-def:evr datatype="evr_string" operation="less than">1:10.23.1-1.module+el8.3.0+9502+012d8a97</red-def:evr>
</red-def:rpminfo_state>
<red-def:rpminfo_state id="oval:com.redhat.rhsa:ste:20210548006" version="639">
 <red-def:arch datatype="string" operation="pattern match">aarch64|ppc64le|s390x|x86_64</red-def:arch>
 <red-def:evr datatype="evr_string" operation="less than">1:6.14.10-1.10.23.1.1.module+el8.3.0+9502+012d8a97</red-def:evr>
</red-def:rpminfo_state>
<red-def:rpminfo_state id="oval:com.redhat.rhsa:ste:20210549001" version="636">
 <red-def:arch datatype="string" operation="pattern match">aarch64|ppc64le|s390x|x86_64</red-def:arch>
 <red-def:evr datatype="evr_string" operation="less than">1:12.20.1-1.module+el8.3.0+9503+19cb079c</red-def:evr>
</red-def:rpminfo_state>
<red-def:rpminfo_state id="oval:com.redhat.rhsa:ste:20210549003" version="636">
 <red-def:evr datatype="evr_string" operation="less than">1:12.20.1-1.module+el8.3.0+9503+19cb079c</red-def:evr>
</red-def:rpminfo_state>
<red-def:rpminfo_state id="oval:com.redhat.rhsa:ste:20210549004" version="636">
 <red-def:evr datatype="evr_string" operation="less than">0:2.0.3-1.module+el8.3.0+9715+1718613f</red-def:evr>
</red-def:rpminfo_state>
<red-def:rpminfo_state id="oval:com.redhat.rhsa:ste:20210549006" version="636">
 <red-def:arch datatype="string" operation="pattern match">aarch64|ppc64le|s390x|x86_64</red-def:arch>
 <red-def:evr datatype="evr_string" operation="less than">1:6.14.10-1.12.20.1.1.module+el8.3.0+9503+19cb079c</red-def:evr>
</red-def:rpminfo_state>
<red-def:rpminfo_state id="oval:com.redhat.rhsa:ste:20210551001" version="636">
 <red-def:arch datatype="string" operation="pattern match">aarch64|ppc64le|s390x|x86_64</red-def:arch>
 <red-def:evr datatype="evr_string" operation="less than">1:14.15.4-2.module+el8.3.0+9635+ffdf8381</red-def:evr>
</red-def:rpminfo_state>
<red-def:rpminfo_state id="oval:com.redhat.rhsa:ste:20210551003" version="636">
 <red-def:evr datatype="evr_string" operation="less than">1:14.15.4-2.module+el8.3.0+9635+ffdf8381</red-def:evr>
</red-def:rpminfo_state>
<red-def:rpminfo_state id="oval:com.redhat.rhsa:ste:20210551004" version="636">
 <red-def:evr datatype="evr_string" operation="less than">0:2.0.3-1.module+el8.3.0+6519+9f98ed83</red-def:evr>
</red-def:rpminfo_state>
<red-def:rpminfo_state id="oval:com.redhat.rhsa:ste:20210551005" version="636">
 <red-def:evr datatype="evr_string" operation="less than">0:23-3.module+el8.3.0+6519+9f98ed83</red-def:evr>
</red-def:rpminfo_state>
<red-def:rpminfo_state id="oval:com.redhat.rhsa:ste:20210551006" version="636">
 <red-def:arch datatype="string" operation="pattern match">aarch64|ppc64le|s390x|x86_64</red-def:arch>
 <red-def:evr datatype="evr_string" operation="less than">1:6.14.10-1.14.15.4.2.module+el8.3.0+9635+ffdf8381</red-def:evr>
</red-def:rpminfo_state>
<ind-def:textfilecontent54_state id="oval:com.redhat.rhsa:ste:20210551007" version="636">
 <ind-def:text operation="pattern match">\nstream\s*=\s*14\b[\w\W]*\nstate\s*=\s*(enabled|1|true)|\nstate\s*=\s*(enabled|1|true)[\w\W]*\nstream\s*=\s*14\b</ind-def:text>
</ind-def:textfilecontent54_state>
<red-def:rpminfo_state id="oval:com.redhat.rhsa:ste:20210557001" version="636">
 <red-def:arch datatype="string" operation="pattern match">aarch64|ppc64le|s390x|x86_64</red-def:arch>
 <red-def:evr datatype="evr_string" operation="less than">4:5.26.3-417.el8_3</red-def:evr>
</red-def:rpminfo_state>
<red-def:rpminfo_state id="oval:com.redhat.rhsa:ste:20210557003" version="636">
 <red-def:evr datatype="evr_string" operation="less than">0:0.99-417.el8_3</red-def:evr>
</red-def:rpminfo_state>
<red-def:rpminfo_state id="oval:com.redhat.rhsa:ste:20210557004" version="636">
 <red-def:arch datatype="string" operation="pattern match">aarch64|ppc64le|s390x|x86_64</red-def:arch>
 <red-def:evr datatype="evr_string" operation="less than">0:1.26-417.el8_3</red-def:evr>
</red-def:rpminfo_state>
<red-def:rpminfo_state id="oval:com.redhat.rhsa:ste:20210557005" version="636">
 <red-def:evr datatype="evr_string" operation="less than">0:1.06-417.el8_3</red-def:evr>
</red-def:rpminfo_state>
<red-def:rpminfo_state id="oval:com.redhat.rhsa:ste:20210557006" version="636">
 <red-def:arch datatype="string" operation="pattern match">aarch64|ppc64le|s390x|x86_64</red-def:arch>
 <red-def:evr datatype="evr_string" operation="less than">0:1.28-417.el8_3</red-def:evr>
</red-def:rpminfo_state>
<red-def:rpminfo_state id="oval:com.redhat.rhsa:ste:20210557007" version="636">
 <red-def:evr datatype="evr_string" operation="less than">0:1.34-417.el8_3</red-def:evr>
</red-def:rpminfo_state>
<red-def:rpminfo_state id="oval:com.redhat.rhsa:ste:20210557008" version="636">
 <red-def:arch datatype="string" operation="pattern match">aarch64|ppc64le|s390x|x86_64</red-def:arch>
 <red-def:evr datatype="evr_string" operation="less than">0:1.38-417.el8_3</red-def:evr>
</red-def:rpminfo_state>
<red-def:rpminfo_state id="oval:com.redhat.rhsa:ste:20210557009" version="636">
 <red-def:evr datatype="evr_string" operation="less than">1:1.10-417.el8_3</red-def:evr>
</red-def:rpminfo_state>
<red-def:rpminfo_state id="oval:com.redhat.rhsa:ste:20210557010" version="636">
 <red-def:evr datatype="evr_string" operation="less than">1:0.21-417.el8_3</red-def:evr>
</red-def:rpminfo_state>
<red-def:rpminfo_state id="oval:com.redhat.rhsa:ste:20210557011" version="636">
 <red-def:evr datatype="evr_string" operation="less than">0:1.59-417.el8_3</red-def:evr>
</red-def:rpminfo_state>
<red-def:rpminfo_state id="oval:com.redhat.rhsa:ste:20210557012" version="636">
 <red-def:evr datatype="evr_string" operation="less than">0:1.03-417.el8_3</red-def:evr>
</red-def:rpminfo_state>
<red-def:rpminfo_state id="oval:com.redhat.rhsa:ste:20210557013" version="636">
 <red-def:evr datatype="evr_string" operation="less than">1:0.08-417.el8_3</red-def:evr>
</red-def:rpminfo_state>
<red-def:rpminfo_state id="oval:com.redhat.rhsa:ste:20210557014" version="636">
 <red-def:evr datatype="evr_string" operation="less than">0:2.55-417.el8_3</red-def:evr>
</red-def:rpminfo_state>
<red-def:rpminfo_state id="oval:com.redhat.rhsa:ste:20210557015" version="636">
 <red-def:evr datatype="evr_string" operation="less than">0:1.22.02-417.el8_3</red-def:evr>
</red-def:rpminfo_state>
<red-def:rpminfo_state id="oval:com.redhat.rhsa:ste:20210557016" version="636">
 <red-def:evr datatype="evr_string" operation="less than">0:1.23-417.el8_3</red-def:evr>
</red-def:rpminfo_state>
<red-def:rpminfo_state id="oval:com.redhat.rhsa:ste:20210557017" version="636">
 <red-def:evr datatype="evr_string" operation="less than">0:1.30-417.el8_3</red-def:evr>
</red-def:rpminfo_state>
<red-def:rpminfo_state id="oval:com.redhat.rhsa:ste:20210557018" version="636">
 <red-def:arch datatype="string" operation="pattern match">aarch64|ppc64le|s390x|x86_64</red-def:arch>
 <red-def:evr datatype="evr_string" operation="less than">0:1.31-417.el8_3</red-def:evr>
</red-def:rpminfo_state>
<red-def:rpminfo_state id="oval:com.redhat.rhsa:ste:20210557019" version="636">
 <red-def:arch datatype="string" operation="pattern match">aarch64|i686|ppc64le|s390x|x86_64</red-def:arch>
 <red-def:evr datatype="evr_string" operation="less than">4:5.26.3-417.el8_3</red-def:evr>
</red-def:rpminfo_state>
<red-def:rpminfo_state id="oval:com.redhat.rhsa:ste:20210557020" version="636">
 <red-def:evr datatype="evr_string" operation="less than">4:5.26.3-417.el8_3</red-def:evr>
</red-def:rpminfo_state>
<red-def:rpminfo_state id="oval:com.redhat.rhsa:ste:20210557021" version="636">
 <red-def:evr datatype="evr_string" operation="less than">0:1.11-417.el8_3</red-def:evr>
</red-def:rpminfo_state>
<red-def:rpminfo_state id="oval:com.redhat.rhsa:ste:20210557022" version="636">
 <red-def:evr datatype="evr_string" operation="less than">0:5.26.3-417.el8_3</red-def:evr>
</red-def:rpminfo_state>
<red-def:rpminfo_state id="oval:com.redhat.rhsa:ste:20210558001" version="643">
 <red-def:arch datatype="string" operation="pattern match">aarch64|ppc64le|s390x|x86_64</red-def:arch>
 <red-def:evr datatype="evr_string" operation="less than">0:4.18.0-240.15.1.el8_3</red-def:evr>
</red-def:rpminfo_state>
<red-def:rpminfo_state id="oval:com.redhat.rhsa:ste:20210558003" version="643">
 <red-def:evr datatype="evr_string" operation="less than">0:4.18.0-240.15.1.el8_3</red-def:evr>
</red-def:rpminfo_state>
<red-def:rpminfo_state id="oval:com.redhat.rhsa:ste:20210558004" version="643">
 <red-def:arch datatype="string" operation="pattern match">aarch64|ppc64le|x86_64</red-def:arch>
 <red-def:evr datatype="evr_string" operation="less than">0:4.18.0-240.15.1.el8_3</red-def:evr>
</red-def:rpminfo_state>
<red-def:rpminfo_state id="oval:com.redhat.rhsa:ste:20210558005" version="643">
 <red-def:arch datatype="string" operation="equals">s390x</red-def:arch>
 <red-def:evr datatype="evr_string" operation="less than">0:4.18.0-240.15.1.el8_3</red-def:evr>
</red-def:rpminfo_state>
<red-def:rpminfo_state id="oval:com.redhat.rhsa:ste:20210611001" version="635">
 <red-def:arch datatype="string" operation="pattern match">aarch64|ppc64le|s390x|x86_64</red-def:arch>
 <red-def:evr datatype="evr_string" operation="less than">0:331-1.el8_3.2</red-def:evr>
</red-def:rpminfo_state>
<red-def:rpminfo_state id="oval:com.redhat.rhsa:ste:20210618001" version="635">
 <red-def:arch datatype="string" operation="pattern match">aarch64|ppc64le|s390x|x86_64</red-def:arch>
 <red-def:evr datatype="evr_string" operation="less than">0:5.56-5.el8_3</red-def:evr>
</red-def:rpminfo_state>
<red-def:rpminfo_state id="oval:com.redhat.rhsa:ste:20210655001" version="636">
 <red-def:arch datatype="string" operation="pattern match">aarch64|ppc64le|s390x|x86_64</red-def:arch>
 <red-def:evr datatype="evr_string" operation="less than">0:78.8.0-1.el8_3</red-def:evr>
</red-def:rpminfo_state>
<red-def:rpminfo_state id="oval:com.redhat.rhsa:ste:20210657001" version="635">
 <red-def:arch datatype="string" operation="pattern match">aarch64|ppc64le|x86_64</red-def:arch>
 <red-def:evr datatype="evr_string" operation="less than">0:78.8.0-1.el8_3</red-def:evr>
</red-def:rpminfo_state>
<red-def:rpminfo_state id="oval:com.redhat.rhsa:ste:20210670001" version="637">
 <red-def:arch datatype="string" operation="pattern match">aarch64|ppc64le|s390x|x86_64</red-def:arch>
 <red-def:evr datatype="evr_string" operation="less than">32:9.11.20-5.el8_3.1</red-def:evr>
</red-def:rpminfo_state>
<red-def:rpminfo_state id="oval:com.redhat.rhsa:ste:20210670003" version="637">
 <red-def:arch datatype="string" operation="pattern match">aarch64|i686|ppc64le|s390x|x86_64</red-def:arch>
 <red-def:evr datatype="evr_string" operation="less than">32:9.11.20-5.el8_3.1</red-def:evr>
</red-def:rpminfo_state>
<red-def:rpminfo_state id="oval:com.redhat.rhsa:ste:20210670004" version="637">
 <red-def:evr datatype="evr_string" operation="less than">32:9.11.20-5.el8_3.1</red-def:evr>
</red-def:rpminfo_state>
<red-def:rpminfo_state id="oval:com.redhat.rhsa:ste:20210696001" version="638">
 <red-def:evr datatype="evr_string" operation="less than">1:2.02-90.el8_3.1</red-def:evr>
</red-def:rpminfo_state>
<red-def:rpminfo_state id="oval:com.redhat.rhsa:ste:20210696003" version="638">
 <red-def:arch datatype="string" operation="equals">aarch64</red-def:arch>
 <red-def:evr datatype="evr_string" operation="less than">1:2.02-90.el8_3.1</red-def:evr>
</red-def:rpminfo_state>
<red-def:rpminfo_state id="oval:com.redhat.rhsa:ste:20210696004" version="638">
 <red-def:arch datatype="string" operation="equals">x86_64</red-def:arch>
 <red-def:evr datatype="evr_string" operation="less than">1:2.02-90.el8_3.1</red-def:evr>
</red-def:rpminfo_state>
<red-def:rpminfo_state id="oval:com.redhat.rhsa:ste:20210696005" version="638">
 <red-def:arch datatype="string" operation="equals">ppc64le</red-def:arch>
 <red-def:evr datatype="evr_string" operation="less than">1:2.02-90.el8_3.1</red-def:evr>
</red-def:rpminfo_state>
<red-def:rpminfo_state id="oval:com.redhat.rhsa:ste:20210696006" version="638">
 <red-def:arch datatype="string" operation="pattern match">aarch64|ppc64le|x86_64</red-def:arch>
 <red-def:evr datatype="evr_string" operation="less than">1:2.02-90.el8_3.1</red-def:evr>
</red-def:rpminfo_state>
<red-def:rpminfo_state id="oval:com.redhat.rhsa:ste:20210705001" version="635">
 <red-def:arch datatype="string" operation="pattern match">aarch64|ppc64le|s390x|x86_64</red-def:arch>
 <red-def:evr datatype="evr_string" operation="less than">0:1.5-8.gite94b4f9.module+el8.3.0+10171+12421f43</red-def:evr>
</red-def:rpminfo_state>
<red-def:rpminfo_state id="oval:com.redhat.rhsa:ste:20210705003" version="635">
 <red-def:evr datatype="evr_string" operation="less than">2:2.124.0-1.gitf958d0c.module+el8.3.0+10171+12421f43</red-def:evr>
</red-def:rpminfo_state>
<red-def:rpminfo_state id="oval:com.redhat.rhsa:ste:20210705004" version="635">
 <red-def:arch datatype="string" operation="pattern match">aarch64|ppc64le|s390x|x86_64</red-def:arch>
 <red-def:evr datatype="evr_string" operation="less than">0:0.7.4-4.git9ebe139.module+el8.3.0+10171+12421f43</red-def:evr>
</red-def:rpminfo_state>
<red-def:rpminfo_state id="oval:com.redhat.rhsa:ste:20210705005" version="635">
 <red-def:arch datatype="string" operation="pattern match">aarch64|ppc64le|s390x|x86_64</red-def:arch>
 <red-def:evr datatype="evr_string" operation="less than">1:0.1.32-6.git1715c90.module+el8.3.0+10171+12421f43</red-def:evr>
</red-def:rpminfo_state>
<red-def:rpminfo_state id="oval:com.redhat.rhsa:ste:20210705006" version="635">
 <red-def:arch datatype="string" operation="pattern match">aarch64|ppc64le|s390x|x86_64</red-def:arch>
 <red-def:evr datatype="evr_string" operation="less than">0:3.12-9.module+el8.3.0+10171+12421f43</red-def:evr>
</red-def:rpminfo_state>
<red-def:rpminfo_state id="oval:com.redhat.rhsa:ste:20210705007" version="635">
 <red-def:arch datatype="string" operation="pattern match">aarch64|ppc64le|s390x|x86_64</red-def:arch>
 <red-def:evr datatype="evr_string" operation="less than">0:0.3-5.module+el8.3.0+10171+12421f43</red-def:evr>
</red-def:rpminfo_state>
<red-def:rpminfo_state id="oval:com.redhat.rhsa:ste:20210705008" version="635">
 <red-def:arch datatype="string" operation="pattern match">aarch64|ppc64le|s390x|x86_64</red-def:arch>
 <red-def:evr datatype="evr_string" operation="less than">1:0.1.15-2.git2d0b8a3.module+el8.3.0+10171+12421f43</red-def:evr>
</red-def:rpminfo_state>
<red-def:rpminfo_state id="oval:com.redhat.rhsa:ste:20210705009" version="635">
 <red-def:arch datatype="string" operation="pattern match">aarch64|ppc64le|s390x|x86_64</red-def:arch>
 <red-def:evr datatype="evr_string" operation="less than">2:2.3.4-2.git87f9237.module+el8.3.0+10171+12421f43</red-def:evr>
</red-def:rpminfo_state>
<red-def:rpminfo_state id="oval:com.redhat.rhsa:ste:20210705010" version="635">
 <red-def:arch datatype="string" operation="pattern match">aarch64|ppc64le|s390x|x86_64</red-def:arch>
 <red-def:evr datatype="evr_string" operation="less than">0:1.0.0-8.git921f98f.module+el8.3.0+10171+12421f43</red-def:evr>
</red-def:rpminfo_state>
<red-def:rpminfo_state id="oval:com.redhat.rhsa:ste:20210705011" version="635">
 <red-def:evr datatype="evr_string" operation="less than">0:1.0.0-8.git921f98f.module+el8.3.0+10171+12421f43</red-def:evr>
</red-def:rpminfo_state>
<red-def:rpminfo_state id="oval:com.redhat.rhsa:ste:20210705012" version="635">
 <red-def:arch datatype="string" operation="pattern match">aarch64|ppc64le|s390x|x86_64</red-def:arch>
 <red-def:evr datatype="evr_string" operation="less than">0:1.0.0-56.rc5.dev.git2abd837.module+el8.3.0+10171+12421f43</red-def:evr>
</red-def:rpminfo_state>
<red-def:rpminfo_state id="oval:com.redhat.rhsa:ste:20210705013" version="635">
 <red-def:arch datatype="string" operation="pattern match">aarch64|ppc64le|s390x|x86_64</red-def:arch>
 <red-def:evr datatype="evr_string" operation="less than">0:0.1-5.dev.gitc4e1bc5.module+el8.3.0+10171+12421f43</red-def:evr>
</red-def:rpminfo_state>
<red-def:rpminfo_state id="oval:com.redhat.rhsa:ste:20210706001" version="635">
 <red-def:arch datatype="string" operation="pattern match">aarch64|ppc64le|s390x|x86_64</red-def:arch>
 <red-def:evr datatype="evr_string" operation="less than">0:1.11.6-8.module+el8.3.0+10188+4c10031c</red-def:evr>
</red-def:rpminfo_state>
<red-def:rpminfo_state id="oval:com.redhat.rhsa:ste:20210706003" version="635">
 <red-def:evr datatype="evr_string" operation="less than">0:11-1.module+el8.3.0+10188+4c10031c</red-def:evr>
</red-def:rpminfo_state>
<red-def:rpminfo_state id="oval:com.redhat.rhsa:ste:20210706004" version="635">
 <red-def:arch datatype="string" operation="pattern match">aarch64|ppc64le|s390x|x86_64</red-def:arch>
 <red-def:evr datatype="evr_string" operation="less than">2:2.0.15-1.module+el8.3.0+10188+4c10031c</red-def:evr>
</red-def:rpminfo_state>
<red-def:rpminfo_state id="oval:com.redhat.rhsa:ste:20210706005" version="635">
 <red-def:evr datatype="evr_string" operation="less than">2:2.130.0-1.module+el8.3.0+10188+4c10031c</red-def:evr>
</red-def:rpminfo_state>
<red-def:rpminfo_state id="oval:com.redhat.rhsa:ste:20210706006" version="635">
 <red-def:arch datatype="string" operation="pattern match">aarch64|ppc64le|s390x|x86_64</red-def:arch>
 <red-def:evr datatype="evr_string" operation="less than">0:0.8.3-4.module+el8.3.0+10188+4c10031c</red-def:evr>
</red-def:rpminfo_state>
<red-def:rpminfo_state id="oval:com.redhat.rhsa:ste:20210706007" version="635">
 <red-def:arch datatype="string" operation="pattern match">aarch64|ppc64le|s390x|x86_64</red-def:arch>
 <red-def:evr datatype="evr_string" operation="less than">1:0.1.41-4.module+el8.3.0+10188+4c10031c</red-def:evr>
</red-def:rpminfo_state>
<red-def:rpminfo_state id="oval:com.redhat.rhsa:ste:20210706008" version="635">
 <red-def:arch datatype="string" operation="pattern match">aarch64|ppc64le|s390x|x86_64</red-def:arch>
 <red-def:evr datatype="evr_string" operation="less than">0:3.12-9.module+el8.3.0+10188+4c10031c</red-def:evr>
</red-def:rpminfo_state>
<red-def:rpminfo_state id="oval:com.redhat.rhsa:ste:20210706009" version="635">
 <red-def:arch datatype="string" operation="pattern match">aarch64|ppc64le|s390x|x86_64</red-def:arch>
 <red-def:evr datatype="evr_string" operation="less than">0:0.7.8-1.module+el8.3.0+10188+4c10031c</red-def:evr>
</red-def:rpminfo_state>
<red-def:rpminfo_state id="oval:com.redhat.rhsa:ste:20210706010" version="635">
 <red-def:arch datatype="string" operation="pattern match">aarch64|ppc64le|s390x|x86_64</red-def:arch>
 <red-def:evr datatype="evr_string" operation="less than">0:1.6.4-26.module+el8.3.0+10188+4c10031c</red-def:evr>
</red-def:rpminfo_state>
<red-def:rpminfo_state id="oval:com.redhat.rhsa:ste:20210706011" version="635">
 <red-def:evr datatype="evr_string" operation="less than">0:1.6.4-26.module+el8.3.0+10188+4c10031c</red-def:evr>
</red-def:rpminfo_state>
<red-def:rpminfo_state id="oval:com.redhat.rhsa:ste:20210706012" version="635">
 <red-def:evr datatype="evr_string" operation="less than">0:1.2.0-0.2.gitd0a45fe.module+el8.3.0+10188+4c10031c</red-def:evr>
</red-def:rpminfo_state>
<red-def:rpminfo_state id="oval:com.redhat.rhsa:ste:20210706013" version="635">
 <red-def:arch datatype="string" operation="pattern match">aarch64|ppc64le|s390x|x86_64</red-def:arch>
 <red-def:evr datatype="evr_string" operation="less than">0:1.0.0-64.rc10.module+el8.3.0+10188+4c10031c</red-def:evr>
</red-def:rpminfo_state>
<red-def:rpminfo_state id="oval:com.redhat.rhsa:ste:20210706014" version="635">
 <red-def:arch datatype="string" operation="pattern match">aarch64|ppc64le|s390x|x86_64</red-def:arch>
 <red-def:evr datatype="evr_string" operation="less than">0:0.4.2-3.git21fdece.module+el8.3.0+10188+4c10031c</red-def:evr>
</red-def:rpminfo_state>
<red-def:rpminfo_state id="oval:com.redhat.rhsa:ste:20210706015" version="635">
 <red-def:evr datatype="evr_string" operation="less than">0:0.0.7-1.module+el8.3.0+10188+4c10031c</red-def:evr>
</red-def:rpminfo_state>
<red-def:rpminfo_state id="oval:com.redhat.rhsa:ste:20210706016" version="635">
 <red-def:evr datatype="evr_string" operation="less than">0:0.2.1-2.module+el8.3.0+10188+4c10031c</red-def:evr>
</red-def:rpminfo_state>
<red-def:rpminfo_state id="oval:com.redhat.rhsa:ste:20210711013" version="635">
 <red-def:arch datatype="string" operation="pattern match">aarch64|ppc64le|s390x|x86_64</red-def:arch>
 <red-def:evr datatype="evr_string" operation="less than">15:4.2.0-34.module+el8.3.0+9903+ca3e42fb.4</red-def:evr>
</red-def:rpminfo_state>
<red-def:rpminfo_state id="oval:com.redhat.rhsa:ste:20210711030" version="635">
 <red-def:arch datatype="string" operation="equals">x86_64</red-def:arch>
 <red-def:evr datatype="evr_string" operation="less than">15:4.2.0-34.module+el8.3.0+9903+ca3e42fb.4</red-def:evr>
</red-def:rpminfo_state>
<red-def:rpminfo_state id="oval:com.redhat.rhsa:ste:20210734001" version="635">
 <red-def:arch datatype="string" operation="pattern match">aarch64|ppc64le|s390x|x86_64</red-def:arch>
 <red-def:evr datatype="evr_string" operation="less than">1:12.21.0-1.module+el8.3.0+10191+34fb5a07</red-def:evr>
</red-def:rpminfo_state>
<red-def:rpminfo_state id="oval:com.redhat.rhsa:ste:20210734003" version="635">
 <red-def:evr datatype="evr_string" operation="less than">1:12.21.0-1.module+el8.3.0+10191+34fb5a07</red-def:evr>
</red-def:rpminfo_state>
<red-def:rpminfo_state id="oval:com.redhat.rhsa:ste:20210734006" version="635">
 <red-def:arch datatype="string" operation="pattern match">aarch64|ppc64le|s390x|x86_64</red-def:arch>
 <red-def:evr datatype="evr_string" operation="less than">1:6.14.11-1.12.21.0.1.module+el8.3.0+10191+34fb5a07</red-def:evr>
</red-def:rpminfo_state>
<red-def:rpminfo_state id="oval:com.redhat.rhsa:ste:20210735001" version="635">
 <red-def:arch datatype="string" operation="pattern match">aarch64|ppc64le|s390x|x86_64</red-def:arch>
 <red-def:evr datatype="evr_string" operation="less than">1:10.24.0-1.module+el8.3.0+10166+b07ac28e</red-def:evr>
</red-def:rpminfo_state>
<red-def:rpminfo_state id="oval:com.redhat.rhsa:ste:20210735003" version="635">
 <red-def:evr datatype="evr_string" operation="less than">1:10.24.0-1.module+el8.3.0+10166+b07ac28e</red-def:evr>
</red-def:rpminfo_state>
<red-def:rpminfo_state id="oval:com.redhat.rhsa:ste:20210735006" version="635">
 <red-def:arch datatype="string" operation="pattern match">aarch64|ppc64le|s390x|x86_64</red-def:arch>
 <red-def:evr datatype="evr_string" operation="less than">1:6.14.11-1.10.24.0.1.module+el8.3.0+10166+b07ac28e</red-def:evr>
</red-def:rpminfo_state>
<red-def:rpminfo_state id="oval:com.redhat.rhsa:ste:20210736001" version="636">
 <red-def:arch datatype="string" operation="pattern match">ppc64le|s390x|x86_64</red-def:arch>
 <red-def:evr datatype="evr_string" operation="less than">1:1.8.0.6.25-2.el8_3</red-def:evr>
</red-def:rpminfo_state>
<red-def:rpminfo_state id="oval:com.redhat.rhsa:ste:20210736003" version="636">
 <red-def:arch datatype="string" operation="pattern match">ppc64le|x86_64</red-def:arch>
 <red-def:evr datatype="evr_string" operation="less than">1:1.8.0.6.25-2.el8_3</red-def:evr>
</red-def:rpminfo_state>
<red-def:rpminfo_state id="oval:com.redhat.rhsa:ste:20210744001" version="636">
 <red-def:arch datatype="string" operation="pattern match">aarch64|ppc64le|s390x|x86_64</red-def:arch>
 <red-def:evr datatype="evr_string" operation="less than">1:14.16.0-2.module+el8.3.0+10180+b92e1eb6</red-def:evr>
</red-def:rpminfo_state>
<red-def:rpminfo_state id="oval:com.redhat.rhsa:ste:20210744003" version="636">
 <red-def:evr datatype="evr_string" operation="less than">1:14.16.0-2.module+el8.3.0+10180+b92e1eb6</red-def:evr>
</red-def:rpminfo_state>
<red-def:rpminfo_state id="oval:com.redhat.rhsa:ste:20210744006" version="636">
 <red-def:arch datatype="string" operation="pattern match">aarch64|ppc64le|s390x|x86_64</red-def:arch>
 <red-def:evr datatype="evr_string" operation="less than">1:6.14.11-1.14.16.0.2.module+el8.3.0+10180+b92e1eb6</red-def:evr>
</red-def:rpminfo_state>
<red-def:rpminfo_state id="oval:com.redhat.rhsa:ste:20210788001" version="636">
 <red-def:arch datatype="string" operation="equals">x86_64</red-def:arch>
 <red-def:evr datatype="evr_string" operation="less than">0:2.1.26-1.el8_3</red-def:evr>
</red-def:rpminfo_state>
<red-def:rpminfo_state id="oval:com.redhat.rhsa:ste:20210788003" version="636">
 <red-def:arch datatype="string" operation="equals">x86_64</red-def:arch>
 <red-def:evr datatype="evr_string" operation="less than">0:2.1.522-1.el8_3</red-def:evr>
</red-def:rpminfo_state>
<red-def:rpminfo_state id="oval:com.redhat.rhsa:ste:20210790001" version="635">
 <red-def:arch datatype="string" operation="equals">x86_64</red-def:arch>
 <red-def:evr datatype="evr_string" operation="less than">0:3.1.13-1.el8_3</red-def:evr>
</red-def:rpminfo_state>
<red-def:rpminfo_state id="oval:com.redhat.rhsa:ste:20210790003" version="635">
 <red-def:arch datatype="string" operation="equals">x86_64</red-def:arch>
 <red-def:evr datatype="evr_string" operation="less than">0:3.1.113-1.el8_3</red-def:evr>
</red-def:rpminfo_state>
<red-def:rpminfo_state id="oval:com.redhat.rhsa:ste:20210793001" version="635">
 <red-def:arch datatype="string" operation="equals">x86_64</red-def:arch>
 <red-def:evr datatype="evr_string" operation="less than">0:5.0.4-1.el8_3</red-def:evr>
</red-def:rpminfo_state>
<red-def:rpminfo_state id="oval:com.redhat.rhsa:ste:20210793003" version="635">
 <red-def:arch datatype="string" operation="equals">x86_64</red-def:arch>
 <red-def:evr datatype="evr_string" operation="less than">0:5.0.104-1.el8_3</red-def:evr>
</red-def:rpminfo_state>
<red-def:rpminfo_state id="oval:com.redhat.rhsa:ste:20210809001" version="636">
 <red-def:arch datatype="string" operation="pattern match">aarch64|ppc64le|s390x|x86_64</red-def:arch>
 <red-def:evr datatype="evr_string" operation="less than">1:2.9-2.el8_3.1</red-def:evr>
</red-def:rpminfo_state>
<red-def:rpminfo_state id="oval:com.redhat.rhsa:ste:20210966004" version="635">
 <red-def:evr datatype="evr_string" operation="less than">0:10.9.4-3.module+el8.3.0+10353+73f6df5b</red-def:evr>
</red-def:rpminfo_state>
<red-def:rpminfo_state id="oval:com.redhat.rhsa:ste:20210966005" version="635">
 <red-def:arch datatype="string" operation="pattern match">aarch64|ppc64le|s390x|x86_64</red-def:arch>
 <red-def:evr datatype="evr_string" operation="less than">0:10.9.4-3.module+el8.3.0+10353+73f6df5b</red-def:evr>
</red-def:rpminfo_state>
<red-def:rpminfo_state id="oval:com.redhat.rhsa:ste:20210990001" version="636">
 <red-def:arch datatype="string" operation="pattern match">aarch64|ppc64le|s390x|x86_64</red-def:arch>
 <red-def:evr datatype="evr_string" operation="less than">0:78.9.0-1.el8_3</red-def:evr>
</red-def:rpminfo_state>
<red-def:rpminfo_state id="oval:com.redhat.rhsa:ste:20210993001" version="635">
 <red-def:arch datatype="string" operation="pattern match">aarch64|ppc64le|x86_64</red-def:arch>
 <red-def:evr datatype="evr_string" operation="less than">0:78.9.0-3.el8_3</red-def:evr>
</red-def:rpminfo_state>
<red-def:rpminfo_state id="oval:com.redhat.rhsa:ste:20211024001" version="636">
 <red-def:arch datatype="string" operation="pattern match">aarch64|ppc64le|s390x|x86_64</red-def:arch>
 <red-def:evr datatype="evr_string" operation="less than">1:1.1.1g-15.el8_3</red-def:evr>
</red-def:rpminfo_state>
<red-def:rpminfo_state id="oval:com.redhat.rhsa:ste:20211024003" version="636">
 <red-def:arch datatype="string" operation="pattern match">aarch64|i686|ppc64le|s390x|x86_64</red-def:arch>
 <red-def:evr datatype="evr_string" operation="less than">1:1.1.1g-15.el8_3</red-def:evr>
</red-def:rpminfo_state>
<red-def:rpminfo_state id="oval:com.redhat.rhsa:ste:20211064010" version="637">
 <red-def:arch datatype="string" operation="pattern match">aarch64|ppc64le|s390x|x86_64</red-def:arch>
 <red-def:evr datatype="evr_string" operation="less than">0:6.0.0-28.1.module+el8.3.0+10448+0c705bc6</red-def:evr>
</red-def:rpminfo_state>
<red-def:rpminfo_state id="oval:com.redhat.rhsa:ste:20211064017" version="637">
 <red-def:arch datatype="string" operation="pattern match">aarch64|ppc64le|s390x|x86_64</red-def:arch>
 <red-def:evr datatype="evr_string" operation="less than">15:4.2.0-34.module+el8.3.0+10437+1ca0c2ba.5</red-def:evr>
</red-def:rpminfo_state>
<red-def:rpminfo_state id="oval:com.redhat.rhsa:ste:20211064018" version="637">
 <red-def:arch datatype="string" operation="equals">x86_64</red-def:arch>
 <red-def:evr datatype="evr_string" operation="less than">15:4.2.0-34.module+el8.3.0+10437+1ca0c2ba.5</red-def:evr>
</red-def:rpminfo_state>
<red-def:rpminfo_state id="oval:com.redhat.rhsa:ste:20211064030" version="637">
 <red-def:arch datatype="string" operation="equals">i686</red-def:arch>
 <red-def:evr datatype="evr_string" operation="less than">0:6.0.0-28.1.module+el8.3.0+10448+0c705bc6</red-def:evr>
</red-def:rpminfo_state>
<red-def:rpminfo_state id="oval:com.redhat.rhsa:ste:20211068001" version="635">
 <red-def:arch datatype="string" operation="pattern match">aarch64|ppc64le|s390x|x86_64</red-def:arch>
 <red-def:evr datatype="evr_string" operation="less than">0:1.6.2-6.el8_3</red-def:evr>
</red-def:rpminfo_state>
<red-def:rpminfo_state id="oval:com.redhat.rhsa:ste:20211068003" version="635">
 <red-def:arch datatype="string" operation="pattern match">aarch64|i686|ppc64le|s390x|x86_64</red-def:arch>
 <red-def:evr datatype="evr_string" operation="less than">0:1.6.2-6.el8_3</red-def:evr>
</red-def:rpminfo_state>
<red-def:rpminfo_state id="oval:com.redhat.rhsa:ste:20211068004" version="635">
 <red-def:evr datatype="evr_string" operation="less than">0:1.6.2-6.el8_3</red-def:evr>
</red-def:rpminfo_state>
<red-def:rpminfo_state id="oval:com.redhat.rhsa:ste:20211081001" version="640">
 <red-def:arch datatype="string" operation="equals">x86_64</red-def:arch>
 <red-def:evr datatype="evr_string" operation="less than">0:4.18.0-240.22.1.rt7.77.el8_3</red-def:evr>
</red-def:rpminfo_state>
<unix-def:uname_state id="oval:com.redhat.rhsa:ste:20211081003" version="640">
 <unix-def:os_release operation="pattern match">([0-3]\.\d+\.\d+-)|(4\.([0-9]|1[0-7])\.\d+-)|(4\.18\.0-([0-9]{1,2}|1[0-9]{2}|2[0-2][0-9]|23[0-9])\.)|(4\.18\.0-240\.[^\.]*[a-zA-Z])|(4\.18\.0-240\.([0-9]|1[0-9]|2[0-1])\.)|(4\.18\.0-240\.22\.[^\.]*[a-zA-Z])|(4\.18\.0-240\.22\.0\.)</unix-def:os_release>
</unix-def:uname_state>
<ind-def:textfilecontent54_state id="oval:com.redhat.rhsa:ste:20211081004" version="640">
 <ind-def:text operation="pattern match">([0-3]\.\d+\.\d+-)|(4\.([0-9]|1[0-7])\.\d+-)|(4\.18\.0-([0-9]{1,2}|1[0-9]{2}|2[0-2][0-9]|23[0-9])\.)|(4\.18\.0-240\.[^\.]*[a-zA-Z])|(4\.18\.0-240\.([0-9]|1[0-9]|2[0-1])\.)|(4\.18\.0-240\.22\.[^\.]*[a-zA-Z])|(4\.18\.0-240\.22\.0\.)</ind-def:text>
</ind-def:textfilecontent54_state>
<red-def:rpminfo_state id="oval:com.redhat.rhsa:ste:20211086001" version="636">
 <red-def:arch datatype="string" operation="pattern match">aarch64|ppc64le|s390x|x86_64</red-def:arch>
 <red-def:evr datatype="evr_string" operation="less than">0:1.4.3.8-7.module+el8.3.0+10310+6e88d919</red-def:evr>
</red-def:rpminfo_state>
<red-def:rpminfo_state id="oval:com.redhat.rhsa:ste:20211086003" version="636">
 <red-def:evr datatype="evr_string" operation="less than">0:1.4.3.8-7.module+el8.3.0+10310+6e88d919</red-def:evr>
</red-def:rpminfo_state>
<red-def:rpminfo_state id="oval:com.redhat.rhsa:ste:20211093001" version="645">
 <red-def:arch datatype="string" operation="pattern match">aarch64|ppc64le|s390x|x86_64</red-def:arch>
 <red-def:evr datatype="evr_string" operation="less than">0:4.18.0-240.22.1.el8_3</red-def:evr>
</red-def:rpminfo_state>
<red-def:rpminfo_state id="oval:com.redhat.rhsa:ste:20211093003" version="645">
 <red-def:evr datatype="evr_string" operation="less than">0:4.18.0-240.22.1.el8_3</red-def:evr>
</red-def:rpminfo_state>
<red-def:rpminfo_state id="oval:com.redhat.rhsa:ste:20211093004" version="645">
 <red-def:arch datatype="string" operation="pattern match">aarch64|ppc64le|x86_64</red-def:arch>
 <red-def:evr datatype="evr_string" operation="less than">0:4.18.0-240.22.1.el8_3</red-def:evr>
</red-def:rpminfo_state>
<red-def:rpminfo_state id="oval:com.redhat.rhsa:ste:20211093005" version="645">
 <red-def:arch datatype="string" operation="equals">s390x</red-def:arch>
 <red-def:evr datatype="evr_string" operation="less than">0:4.18.0-240.22.1.el8_3</red-def:evr>
</red-def:rpminfo_state>
<red-def:rpminfo_state id="oval:com.redhat.rhsa:ste:20211193001" version="635">
 <red-def:arch datatype="string" operation="pattern match">aarch64|ppc64le|x86_64</red-def:arch>
 <red-def:evr datatype="evr_string" operation="less than">0:78.9.1-1.el8_3</red-def:evr>
</red-def:rpminfo_state>
<red-def:rpminfo_state id="oval:com.redhat.rhsa:ste:20211197001" version="635">
 <red-def:arch datatype="string" operation="pattern match">aarch64|ppc64le|s390x|x86_64</red-def:arch>
 <red-def:evr datatype="evr_string" operation="less than">0:2.1.3-3.el8_3</red-def:evr>
</red-def:rpminfo_state>
<red-def:rpminfo_state id="oval:com.redhat.rhsa:ste:20211197003" version="635">
 <red-def:arch datatype="string" operation="pattern match">aarch64|i686|ppc64le|s390x|x86_64</red-def:arch>
 <red-def:evr datatype="evr_string" operation="less than">0:2.1.3-3.el8_3</red-def:evr>
</red-def:rpminfo_state>
<red-def:rpminfo_state id="oval:com.redhat.rhsa:ste:20211206001" version="635">
 <red-def:arch datatype="string" operation="pattern match">aarch64|i686|ppc64le|s390x|x86_64</red-def:arch>
 <red-def:evr datatype="evr_string" operation="less than">0:3.4.1-4.el8_3</red-def:evr>
</red-def:rpminfo_state>
<red-def:rpminfo_state id="oval:com.redhat.rhsa:ste:20211206003" version="635">
 <red-def:arch datatype="string" operation="pattern match">aarch64|i686|ppc64le|s390x|x86_64</red-def:arch>
 <red-def:evr datatype="evr_string" operation="less than">0:3.6.14-8.el8_3</red-def:evr>
</red-def:rpminfo_state>
<red-def:rpminfo_state id="oval:com.redhat.rhsa:ste:20211206004" version="635">
 <red-def:arch datatype="string" operation="pattern match">aarch64|ppc64le|s390x|x86_64</red-def:arch>
 <red-def:evr datatype="evr_string" operation="less than">0:3.6.14-8.el8_3</red-def:evr>
</red-def:rpminfo_state>
<red-def:rpminfo_state id="oval:com.redhat.rhsa:ste:20211242003" version="636">
 <red-def:arch datatype="string" operation="pattern match">aarch64|ppc64le|s390x|x86_64</red-def:arch>
 <red-def:evr datatype="evr_string" operation="less than">0:25.3.32-1.module+el8.3.0+10472+7adc332a</red-def:evr>
</red-def:rpminfo_state>
<red-def:rpminfo_state id="oval:com.redhat.rhsa:ste:20211242004" version="636">
 <red-def:arch datatype="string" operation="pattern match">aarch64|ppc64le|s390x|x86_64</red-def:arch>
 <red-def:evr datatype="evr_string" operation="less than">3:10.3.28-1.module+el8.3.0+10472+7adc332a</red-def:evr>
</red-def:rpminfo_state>
<red-def:rpminfo_state id="oval:com.redhat.rhsa:ste:20211242009" version="636">
 <red-def:arch datatype="string" operation="equals">i686</red-def:arch>
 <red-def:evr datatype="evr_string" operation="less than">0:25.3.32-1.module+el8.3.0+10472+7adc332a</red-def:evr>
</red-def:rpminfo_state>
<red-def:rpminfo_state id="oval:com.redhat.rhsa:ste:20211242010" version="636">
 <red-def:arch datatype="string" operation="equals">i686</red-def:arch>
 <red-def:evr datatype="evr_string" operation="less than">3:10.3.28-1.module+el8.3.0+10472+7adc332a</red-def:evr>
</red-def:rpminfo_state>
<red-def:rpminfo_state id="oval:com.redhat.rhsa:ste:20211301001" version="635">
 <red-def:arch datatype="string" operation="pattern match">aarch64|ppc64le|s390x|x86_64</red-def:arch>
 <red-def:evr datatype="evr_string" operation="less than">1:1.8.0.292.b10-0.el8_3</red-def:evr>
</red-def:rpminfo_state>
<red-def:rpminfo_state id="oval:com.redhat.rhsa:ste:20211301003" version="635">
 <red-def:evr datatype="evr_string" operation="less than">1:1.8.0.292.b10-0.el8_3</red-def:evr>
</red-def:rpminfo_state>
<red-def:rpminfo_state id="oval:com.redhat.rhsa:ste:20211307001" version="635">
 <red-def:arch datatype="string" operation="pattern match">aarch64|ppc64le|s390x|x86_64</red-def:arch>
 <red-def:evr datatype="evr_string" operation="less than">1:11.0.11.0.9-0.el8_3</red-def:evr>
</red-def:rpminfo_state>
<red-def:rpminfo_state id="oval:com.redhat.rhsa:ste:20211353001" version="635">
 <red-def:arch datatype="string" operation="pattern match">aarch64|ppc64le|x86_64</red-def:arch>
 <red-def:evr datatype="evr_string" operation="less than">0:78.10.0-1.el8_3</red-def:evr>
</red-def:rpminfo_state>
<red-def:rpminfo_state id="oval:com.redhat.rhsa:ste:20211360001" version="635">
 <red-def:arch datatype="string" operation="pattern match">aarch64|ppc64le|s390x|x86_64</red-def:arch>
 <red-def:evr datatype="evr_string" operation="less than">0:78.10.0-1.el8_3</red-def:evr>
</red-def:rpminfo_state>
<red-def:rpminfo_state id="oval:com.redhat.rhsa:ste:20211574001" version="636">
 <red-def:arch datatype="string" operation="pattern match">aarch64|i686|ppc64le|s390x|x86_64</red-def:arch>
 <red-def:evr datatype="evr_string" operation="less than">0:1.8.30-2.el8</red-def:evr>
</red-def:rpminfo_state>
<red-def:rpminfo_state id="oval:com.redhat.rhsa:ste:20211574003" version="636">
 <red-def:arch datatype="string" operation="pattern match">aarch64|ppc64le|s390x|x86_64</red-def:arch>
 <red-def:evr datatype="evr_string" operation="less than">1:1.30.0-7.el8</red-def:evr>
</red-def:rpminfo_state>
<red-def:rpminfo_state id="oval:com.redhat.rhsa:ste:20211574004" version="636">
 <red-def:evr datatype="evr_string" operation="less than">1:1.30.0-7.el8</red-def:evr>
</red-def:rpminfo_state>
<red-def:rpminfo_state id="oval:com.redhat.rhsa:ste:20211574005" version="636">
 <red-def:arch datatype="string" operation="pattern match">aarch64|i686|ppc64le|s390x|x86_64</red-def:arch>
 <red-def:evr datatype="evr_string" operation="less than">1:1.30.0-7.el8</red-def:evr>
</red-def:rpminfo_state>
<red-def:rpminfo_state id="oval:com.redhat.rhsa:ste:20211578001" version="637">
 <red-def:arch datatype="string" operation="pattern match">aarch64|ppc64le|s390x|x86_64</red-def:arch>
 <red-def:evr datatype="evr_string" operation="less than">0:4.18.0-305.el8</red-def:evr>
</red-def:rpminfo_state>
<red-def:rpminfo_state id="oval:com.redhat.rhsa:ste:20211578003" version="637">
 <red-def:evr datatype="evr_string" operation="less than">0:4.18.0-305.el8</red-def:evr>
</red-def:rpminfo_state>
<red-def:rpminfo_state id="oval:com.redhat.rhsa:ste:20211578004" version="637">
 <red-def:arch datatype="string" operation="pattern match">aarch64|ppc64le|x86_64</red-def:arch>
 <red-def:evr datatype="evr_string" operation="less than">0:4.18.0-305.el8</red-def:evr>
</red-def:rpminfo_state>
<red-def:rpminfo_state id="oval:com.redhat.rhsa:ste:20211578005" version="637">
 <red-def:arch datatype="string" operation="equals">s390x</red-def:arch>
 <red-def:evr datatype="evr_string" operation="less than">0:4.18.0-305.el8</red-def:evr>
</red-def:rpminfo_state>
<unix-def:uname_state id="oval:com.redhat.rhsa:ste:20211578006" version="637">
 <unix-def:os_release operation="pattern match">([0-3]\.\d+\.\d+-)|(4\.([0-9]|1[0-7])\.\d+-)|(4\.18\.0-([0-9]{1,2}|[1-2][0-9]{2}|30[0-4])\.)</unix-def:os_release>
</unix-def:uname_state>
<ind-def:textfilecontent54_state id="oval:com.redhat.rhsa:ste:20211578007" version="637">
 <ind-def:text operation="pattern match">([0-3]\.\d+\.\d+-)|(4\.([0-9]|1[0-7])\.\d+-)|(4\.18\.0-([0-9]{1,2}|[1-2][0-9]{2}|30[0-4])\.)</ind-def:text>
</ind-def:textfilecontent54_state>
<red-def:rpminfo_state id="oval:com.redhat.rhsa:ste:20211581001" version="635">
 <red-def:arch datatype="string" operation="pattern match">aarch64|ppc64le|s390x|x86_64</red-def:arch>
 <red-def:evr datatype="evr_string" operation="less than">0:3.26.0-13.el8</red-def:evr>
</red-def:rpminfo_state>
<red-def:rpminfo_state id="oval:com.redhat.rhsa:ste:20211581003" version="635">
 <red-def:arch datatype="string" operation="pattern match">aarch64|i686|ppc64le|s390x|x86_64</red-def:arch>
 <red-def:evr datatype="evr_string" operation="less than">0:3.26.0-13.el8</red-def:evr>
</red-def:rpminfo_state>
<red-def:rpminfo_state id="oval:com.redhat.rhsa:ste:20211581004" version="635">
 <red-def:evr datatype="evr_string" operation="less than">0:3.26.0-13.el8</red-def:evr>
</red-def:rpminfo_state>
<red-def:rpminfo_state id="oval:com.redhat.rhsa:ste:20211582001" version="637">
 <red-def:arch datatype="string" operation="pattern match">aarch64|ppc64le|s390x|x86_64</red-def:arch>
 <red-def:evr datatype="evr_string" operation="less than">0:2.12-10.el8</red-def:evr>
</red-def:rpminfo_state>
<red-def:rpminfo_state id="oval:com.redhat.rhsa:ste:20211585001" version="636">
 <red-def:arch datatype="string" operation="pattern match">aarch64|ppc64le|s390x|x86_64</red-def:arch>
 <red-def:evr datatype="evr_string" operation="less than">0:2.28-151.el8</red-def:evr>
</red-def:rpminfo_state>
<red-def:rpminfo_state id="oval:com.redhat.rhsa:ste:20211585003" version="636">
 <red-def:arch datatype="string" operation="pattern match">aarch64|i686|ppc64le|s390x|x86_64</red-def:arch>
 <red-def:evr datatype="evr_string" operation="less than">0:2.28-151.el8</red-def:evr>
</red-def:rpminfo_state>
<red-def:rpminfo_state id="oval:com.redhat.rhsa:ste:20211586001" version="640">
 <red-def:arch datatype="string" operation="pattern match">aarch64|i686|ppc64le|s390x|x86_64</red-def:arch>
 <red-def:evr datatype="evr_string" operation="less than">0:2.56.4-9.el8</red-def:evr>
</red-def:rpminfo_state>
<red-def:rpminfo_state id="oval:com.redhat.rhsa:ste:20211586003" version="640">
 <red-def:evr datatype="evr_string" operation="less than">0:2.56.4-9.el8</red-def:evr>
</red-def:rpminfo_state>
<red-def:rpminfo_state id="oval:com.redhat.rhsa:ste:20211586004" version="640">
 <red-def:arch datatype="string" operation="pattern match">aarch64|ppc64le|s390x|x86_64</red-def:arch>
 <red-def:evr datatype="evr_string" operation="less than">0:2.56.4-9.el8</red-def:evr>
</red-def:rpminfo_state>
<red-def:rpminfo_state id="oval:com.redhat.rhsa:ste:20211586005" version="640">
 <red-def:arch datatype="string" operation="pattern match">aarch64|i686|ppc64le|s390x|x86_64</red-def:arch>
 <red-def:evr datatype="evr_string" operation="less than">0:2.30.4-1.el8</red-def:evr>
</red-def:rpminfo_state>
<red-def:rpminfo_state id="oval:com.redhat.rhsa:ste:20211586006" version="640">
 <red-def:arch datatype="string" operation="pattern match">aarch64|i686|ppc64le|s390x|x86_64</red-def:arch>
 <red-def:evr datatype="evr_string" operation="less than">1:3.28.3-39.el8</red-def:evr>
</red-def:rpminfo_state>
<red-def:rpminfo_state id="oval:com.redhat.rhsa:ste:20211593001" version="637">
 <red-def:arch datatype="string" operation="pattern match">aarch64|i686|ppc64le|s390x|x86_64</red-def:arch>
 <red-def:evr datatype="evr_string" operation="less than">0:1.18.2-8.el8</red-def:evr>
</red-def:rpminfo_state>
<red-def:rpminfo_state id="oval:com.redhat.rhsa:ste:20211593003" version="637">
 <red-def:arch datatype="string" operation="pattern match">aarch64|ppc64le|s390x|x86_64</red-def:arch>
 <red-def:evr datatype="evr_string" operation="less than">0:1.18.2-8.el8</red-def:evr>
</red-def:rpminfo_state>
<red-def:rpminfo_state id="oval:com.redhat.rhsa:ste:20211597001" version="636">
 <red-def:arch datatype="string" operation="pattern match">aarch64|i686|ppc64le|s390x|x86_64</red-def:arch>
 <red-def:evr datatype="evr_string" operation="less than">0:2.9.7-9.el8</red-def:evr>
</red-def:rpminfo_state>
<red-def:rpminfo_state id="oval:com.redhat.rhsa:ste:20211597003" version="636">
 <red-def:arch datatype="string" operation="pattern match">aarch64|ppc64le|s390x|x86_64</red-def:arch>
 <red-def:evr datatype="evr_string" operation="less than">0:2.9.7-9.el8</red-def:evr>
</red-def:rpminfo_state>
<red-def:rpminfo_state id="oval:com.redhat.rhsa:ste:20211598001" version="636">
 <red-def:arch datatype="string" operation="pattern match">aarch64|ppc64le|s390x|x86_64</red-def:arch>
 <red-def:evr datatype="evr_string" operation="less than">0:5.52-4.el8</red-def:evr>
</red-def:rpminfo_state>
<red-def:rpminfo_state id="oval:com.redhat.rhsa:ste:20211598003" version="636">
 <red-def:arch datatype="string" operation="pattern match">aarch64|i686|ppc64le|s390x|x86_64</red-def:arch>
 <red-def:evr datatype="evr_string" operation="less than">0:5.52-4.el8</red-def:evr>
</red-def:rpminfo_state>
<red-def:rpminfo_state id="oval:com.redhat.rhsa:ste:20211600001" version="635">
 <red-def:arch datatype="string" operation="pattern match">aarch64|i686|ppc64le|s390x|x86_64</red-def:arch>
 <red-def:evr datatype="evr_string" operation="less than">0:0.20.0-4.el8</red-def:evr>
</red-def:rpminfo_state>
<red-def:rpminfo_state id="oval:com.redhat.rhsa:ste:20211608001" version="638">
 <red-def:arch datatype="string" operation="pattern match">aarch64|ppc64le|s390x|x86_64</red-def:arch>
 <red-def:evr datatype="evr_string" operation="less than">0:3.2.1-4.el8</red-def:evr>
</red-def:rpminfo_state>
<red-def:rpminfo_state id="oval:com.redhat.rhsa:ste:20211609001" version="637">
 <red-def:arch datatype="string" operation="pattern match">aarch64|i686|ppc64le|s390x|x86_64</red-def:arch>
 <red-def:evr datatype="evr_string" operation="less than">0:0.23.22-1.el8</red-def:evr>
</red-def:rpminfo_state>
<red-def:rpminfo_state id="oval:com.redhat.rhsa:ste:20211609003" version="637">
 <red-def:arch datatype="string" operation="pattern match">aarch64|ppc64le|s390x|x86_64</red-def:arch>
 <red-def:evr datatype="evr_string" operation="less than">0:0.23.22-1.el8</red-def:evr>
</red-def:rpminfo_state>
<red-def:rpminfo_state id="oval:com.redhat.rhsa:ste:20211610001" version="639">
 <red-def:arch datatype="string" operation="pattern match">aarch64|ppc64le|s390x|x86_64</red-def:arch>
 <red-def:evr datatype="evr_string" operation="less than">0:7.61.1-18.el8</red-def:evr>
</red-def:rpminfo_state>
<red-def:rpminfo_state id="oval:com.redhat.rhsa:ste:20211610003" version="639">
 <red-def:arch datatype="string" operation="pattern match">aarch64|i686|ppc64le|s390x|x86_64</red-def:arch>
 <red-def:evr datatype="evr_string" operation="less than">0:7.61.1-18.el8</red-def:evr>
</red-def:rpminfo_state>
<red-def:rpminfo_state id="oval:com.redhat.rhsa:ste:20211611001" version="636">
 <red-def:arch datatype="string" operation="pattern match">aarch64|i686|ppc64le|s390x|x86_64</red-def:arch>
 <red-def:evr datatype="evr_string" operation="less than">0:239-45.el8</red-def:evr>
</red-def:rpminfo_state>
<red-def:rpminfo_state id="oval:com.redhat.rhsa:ste:20211611003" version="636">
 <red-def:arch datatype="string" operation="pattern match">aarch64|ppc64le|s390x|x86_64</red-def:arch>
 <red-def:evr datatype="evr_string" operation="less than">0:239-45.el8</red-def:evr>
</red-def:rpminfo_state>
<red-def:rpminfo_state id="oval:com.redhat.rhsa:ste:20211620001" version="636">
 <red-def:evr datatype="evr_string" operation="less than">0:39.31.5.1-102.el8.1</red-def:evr>
</red-def:rpminfo_state>
<red-def:rpminfo_state id="oval:com.redhat.rhsa:ste:20211620003" version="636">
 <red-def:evr datatype="evr_string" operation="less than">1:39.31.5.1-102.el8.1</red-def:evr>
</red-def:rpminfo_state>
<red-def:rpminfo_state id="oval:com.redhat.rhsa:ste:20211620004" version="636">
 <red-def:evr datatype="evr_string" operation="less than">0:18.168.6.1-102.el8.1</red-def:evr>
</red-def:rpminfo_state>
<red-def:rpminfo_state id="oval:com.redhat.rhsa:ste:20211620005" version="636">
 <red-def:evr datatype="evr_string" operation="less than">1:25.30.13.0-102.el8.1</red-def:evr>
</red-def:rpminfo_state>
<red-def:rpminfo_state id="oval:com.redhat.rhsa:ste:20211620006" version="636">
 <red-def:evr datatype="evr_string" operation="less than">0:15.32.2.9-102.el8.1</red-def:evr>
</red-def:rpminfo_state>
<red-def:rpminfo_state id="oval:com.redhat.rhsa:ste:20211620007" version="636">
 <red-def:evr datatype="evr_string" operation="less than">0:228.61.2.24-102.el8.1</red-def:evr>
</red-def:rpminfo_state>
<red-def:rpminfo_state id="oval:com.redhat.rhsa:ste:20211620008" version="636">
 <red-def:evr datatype="evr_string" operation="less than">0:8.83.5.1_1-102.el8.1</red-def:evr>
</red-def:rpminfo_state>
<red-def:rpminfo_state id="oval:com.redhat.rhsa:ste:20211620009" version="636">
 <red-def:evr datatype="evr_string" operation="less than">0:8.24.2.2-102.el8.1</red-def:evr>
</red-def:rpminfo_state>
<red-def:rpminfo_state id="oval:com.redhat.rhsa:ste:20211620010" version="636">
 <red-def:evr datatype="evr_string" operation="less than">0:9.221.4.1-102.el8.1</red-def:evr>
</red-def:rpminfo_state>
<red-def:rpminfo_state id="oval:com.redhat.rhsa:ste:20211620011" version="636">
 <red-def:evr datatype="evr_string" operation="less than">0:41.28.5.1-102.el8.1</red-def:evr>
</red-def:rpminfo_state>
<red-def:rpminfo_state id="oval:com.redhat.rhsa:ste:20211620012" version="636">
 <red-def:evr datatype="evr_string" operation="less than">0:20201218-102.git05789708.el8</red-def:evr>
</red-def:rpminfo_state>
<red-def:rpminfo_state id="oval:com.redhat.rhsa:ste:20211620013" version="636">
 <red-def:evr datatype="evr_string" operation="less than">2:20201218-102.git05789708.el8</red-def:evr>
</red-def:rpminfo_state>
<red-def:rpminfo_state id="oval:com.redhat.rhsa:ste:20211627001" version="637">
 <red-def:arch datatype="string" operation="pattern match">aarch64|ppc64le|s390x|x86_64</red-def:arch>
 <red-def:evr datatype="evr_string" operation="less than">0:0.3.15-1.el8</red-def:evr>
</red-def:rpminfo_state>
<red-def:rpminfo_state id="oval:com.redhat.rhsa:ste:20211627003" version="637">
 <red-def:arch datatype="string" operation="pattern match">aarch64|i686|ppc64le|s390x|x86_64</red-def:arch>
 <red-def:evr datatype="evr_string" operation="less than">0:0.3.15-1.el8</red-def:evr>
</red-def:rpminfo_state>
<red-def:rpminfo_state id="oval:com.redhat.rhsa:ste:20211631001" version="636">
 <red-def:evr datatype="evr_string" operation="less than">0:1.24.2-5.el8</red-def:evr>
</red-def:rpminfo_state>
<red-def:rpminfo_state id="oval:com.redhat.rhsa:ste:20211633001" version="636">
 <red-def:arch datatype="string" operation="pattern match">aarch64|i686|ppc64le|s390x|x86_64</red-def:arch>
 <red-def:evr datatype="evr_string" operation="less than">0:3.6.8-37.el8</red-def:evr>
</red-def:rpminfo_state>
<red-def:rpminfo_state id="oval:com.redhat.rhsa:ste:20211647001" version="636">
 <red-def:arch datatype="string" operation="pattern match">aarch64|i686|ppc64le|s390x|x86_64</red-def:arch>
 <red-def:evr datatype="evr_string" operation="less than">0:2.3-27.el8</red-def:evr>
</red-def:rpminfo_state>
<red-def:rpminfo_state id="oval:com.redhat.rhsa:ste:20211647003" version="636">
 <red-def:arch datatype="string" operation="pattern match">aarch64|ppc64le|s390x|x86_64</red-def:arch>
 <red-def:evr datatype="evr_string" operation="less than">0:4.13.3-3.el8</red-def:evr>
</red-def:rpminfo_state>
<red-def:rpminfo_state id="oval:com.redhat.rhsa:ste:20211647004" version="636">
 <red-def:arch datatype="string" operation="pattern match">aarch64|i686|ppc64le|s390x|x86_64</red-def:arch>
 <red-def:evr datatype="evr_string" operation="less than">0:4.13.3-3.el8</red-def:evr>
</red-def:rpminfo_state>
<red-def:rpminfo_state id="oval:com.redhat.rhsa:ste:20211647005" version="636">
 <red-def:evr datatype="evr_string" operation="less than">0:4.13.3-3.el8</red-def:evr>
</red-def:rpminfo_state>
<red-def:rpminfo_state id="oval:com.redhat.rhsa:ste:20211647006" version="636">
 <red-def:arch datatype="string" operation="equals">x86_64</red-def:arch>
 <red-def:evr datatype="evr_string" operation="less than">0:4.13.3-3.el8</red-def:evr>
</red-def:rpminfo_state>
<red-def:rpminfo_state id="oval:com.redhat.rhsa:ste:20211675001" version="636">
 <red-def:arch datatype="string" operation="pattern match">aarch64|i686|ppc64le|s390x|x86_64</red-def:arch>
 <red-def:evr datatype="evr_string" operation="less than">0:5.3.28-40.el8</red-def:evr>
</red-def:rpminfo_state>
<red-def:rpminfo_state id="oval:com.redhat.rhsa:ste:20211675003" version="636">
 <red-def:evr datatype="evr_string" operation="less than">0:5.3.28-40.el8</red-def:evr>
</red-def:rpminfo_state>
<red-def:rpminfo_state id="oval:com.redhat.rhsa:ste:20211675004" version="636">
 <red-def:arch datatype="string" operation="pattern match">aarch64|ppc64le|s390x|x86_64</red-def:arch>
 <red-def:evr datatype="evr_string" operation="less than">0:5.3.28-40.el8</red-def:evr>
</red-def:rpminfo_state>
<red-def:rpminfo_state id="oval:com.redhat.rhsa:ste:20211678001" version="638">
 <red-def:arch datatype="string" operation="pattern match">aarch64|ppc64le|s390x|x86_64</red-def:arch>
 <red-def:evr datatype="evr_string" operation="less than">4:5.26.3-419.el8</red-def:evr>
</red-def:rpminfo_state>
<red-def:rpminfo_state id="oval:com.redhat.rhsa:ste:20211678003" version="638">
 <red-def:evr datatype="evr_string" operation="less than">0:0.99-419.el8</red-def:evr>
</red-def:rpminfo_state>
<red-def:rpminfo_state id="oval:com.redhat.rhsa:ste:20211678004" version="638">
 <red-def:arch datatype="string" operation="pattern match">aarch64|ppc64le|s390x|x86_64</red-def:arch>
 <red-def:evr datatype="evr_string" operation="less than">0:1.26-419.el8</red-def:evr>
</red-def:rpminfo_state>
<red-def:rpminfo_state id="oval:com.redhat.rhsa:ste:20211678005" version="638">
 <red-def:evr datatype="evr_string" operation="less than">0:1.06-419.el8</red-def:evr>
</red-def:rpminfo_state>
<red-def:rpminfo_state id="oval:com.redhat.rhsa:ste:20211678006" version="638">
 <red-def:arch datatype="string" operation="pattern match">aarch64|ppc64le|s390x|x86_64</red-def:arch>
 <red-def:evr datatype="evr_string" operation="less than">0:1.28-419.el8</red-def:evr>
</red-def:rpminfo_state>
<red-def:rpminfo_state id="oval:com.redhat.rhsa:ste:20211678007" version="638">
 <red-def:evr datatype="evr_string" operation="less than">0:1.34-419.el8</red-def:evr>
</red-def:rpminfo_state>
<red-def:rpminfo_state id="oval:com.redhat.rhsa:ste:20211678008" version="638">
 <red-def:arch datatype="string" operation="pattern match">aarch64|ppc64le|s390x|x86_64</red-def:arch>
 <red-def:evr datatype="evr_string" operation="less than">0:1.38-419.el8</red-def:evr>
</red-def:rpminfo_state>
<red-def:rpminfo_state id="oval:com.redhat.rhsa:ste:20211678009" version="638">
 <red-def:evr datatype="evr_string" operation="less than">1:1.10-419.el8</red-def:evr>
</red-def:rpminfo_state>
<red-def:rpminfo_state id="oval:com.redhat.rhsa:ste:20211678010" version="638">
 <red-def:evr datatype="evr_string" operation="less than">1:0.21-419.el8</red-def:evr>
</red-def:rpminfo_state>
<red-def:rpminfo_state id="oval:com.redhat.rhsa:ste:20211678011" version="638">
 <red-def:evr datatype="evr_string" operation="less than">0:1.59-419.el8</red-def:evr>
</red-def:rpminfo_state>
<red-def:rpminfo_state id="oval:com.redhat.rhsa:ste:20211678012" version="638">
 <red-def:evr datatype="evr_string" operation="less than">0:1.03-419.el8</red-def:evr>
</red-def:rpminfo_state>
<red-def:rpminfo_state id="oval:com.redhat.rhsa:ste:20211678013" version="638">
 <red-def:evr datatype="evr_string" operation="less than">1:0.08-419.el8</red-def:evr>
</red-def:rpminfo_state>
<red-def:rpminfo_state id="oval:com.redhat.rhsa:ste:20211678014" version="638">
 <red-def:evr datatype="evr_string" operation="less than">0:2.55-419.el8</red-def:evr>
</red-def:rpminfo_state>
<red-def:rpminfo_state id="oval:com.redhat.rhsa:ste:20211678015" version="638">
 <red-def:evr datatype="evr_string" operation="less than">0:1.22.02-419.el8</red-def:evr>
</red-def:rpminfo_state>
<red-def:rpminfo_state id="oval:com.redhat.rhsa:ste:20211678016" version="638">
 <red-def:evr datatype="evr_string" operation="less than">0:1.23-419.el8</red-def:evr>
</red-def:rpminfo_state>
<red-def:rpminfo_state id="oval:com.redhat.rhsa:ste:20211678017" version="638">
 <red-def:evr datatype="evr_string" operation="less than">0:1.30-419.el8</red-def:evr>
</red-def:rpminfo_state>
<red-def:rpminfo_state id="oval:com.redhat.rhsa:ste:20211678018" version="638">
 <red-def:arch datatype="string" operation="pattern match">aarch64|ppc64le|s390x|x86_64</red-def:arch>
 <red-def:evr datatype="evr_string" operation="less than">0:1.31-419.el8</red-def:evr>
</red-def:rpminfo_state>
<red-def:rpminfo_state id="oval:com.redhat.rhsa:ste:20211678019" version="638">
 <red-def:arch datatype="string" operation="pattern match">aarch64|i686|ppc64le|s390x|x86_64</red-def:arch>
 <red-def:evr datatype="evr_string" operation="less than">4:5.26.3-419.el8</red-def:evr>
</red-def:rpminfo_state>
<red-def:rpminfo_state id="oval:com.redhat.rhsa:ste:20211678020" version="638">
 <red-def:evr datatype="evr_string" operation="less than">4:5.26.3-419.el8</red-def:evr>
</red-def:rpminfo_state>
<red-def:rpminfo_state id="oval:com.redhat.rhsa:ste:20211678021" version="638">
 <red-def:evr datatype="evr_string" operation="less than">0:1.11-419.el8</red-def:evr>
</red-def:rpminfo_state>
<red-def:rpminfo_state id="oval:com.redhat.rhsa:ste:20211678022" version="638">
 <red-def:evr datatype="evr_string" operation="less than">0:5.26.3-419.el8</red-def:evr>
</red-def:rpminfo_state>
<red-def:rpminfo_state id="oval:com.redhat.rhsa:ste:20211679001" version="636">
 <red-def:arch datatype="string" operation="pattern match">aarch64|ppc64le|s390x|x86_64</red-def:arch>
 <red-def:evr datatype="evr_string" operation="less than">0:4.4.19-14.el8</red-def:evr>
</red-def:rpminfo_state>
<red-def:rpminfo_state id="oval:com.redhat.rhsa:ste:20211686001" version="636">
 <red-def:arch datatype="string" operation="pattern match">aarch64|ppc64le|s390x|x86_64</red-def:arch>
 <red-def:evr datatype="evr_string" operation="less than">1:2.9-5.el8</red-def:evr>
</red-def:rpminfo_state>
<red-def:rpminfo_state id="oval:com.redhat.rhsa:ste:20211702001" version="635">
 <red-def:arch datatype="string" operation="pattern match">aarch64|i686|ppc64le|s390x|x86_64</red-def:arch>
 <red-def:evr datatype="evr_string" operation="less than">0:1.0.6-3.el8</red-def:evr>
</red-def:rpminfo_state>
<red-def:rpminfo_state id="oval:com.redhat.rhsa:ste:20211702003" version="635">
 <red-def:arch datatype="string" operation="pattern match">aarch64|ppc64le|s390x|x86_64</red-def:arch>
 <red-def:evr datatype="evr_string" operation="less than">0:1.0.6-3.el8</red-def:evr>
</red-def:rpminfo_state>
<red-def:rpminfo_state id="oval:com.redhat.rhsa:ste:20211723001" version="637">
 <red-def:arch datatype="string" operation="pattern match">aarch64|ppc64le|s390x|x86_64</red-def:arch>
 <red-def:evr datatype="evr_string" operation="less than">0:1.8.29-7.el8</red-def:evr>
</red-def:rpminfo_state>
<red-def:rpminfo_state id="oval:com.redhat.rhsa:ste:20211734001" version="636">
 <red-def:arch datatype="string" operation="equals">aarch64</red-def:arch>
 <red-def:evr datatype="evr_string" operation="less than">0:15-7.el8_1</red-def:evr>
</red-def:rpminfo_state>
<red-def:rpminfo_state id="oval:com.redhat.rhsa:ste:20211734003" version="636">
 <red-def:arch datatype="string" operation="equals">x86_64</red-def:arch>
 <red-def:evr datatype="evr_string" operation="less than">0:15.4-4.el8_1</red-def:evr>
</red-def:rpminfo_state>
<red-def:rpminfo_state id="oval:com.redhat.rhsa:ste:20211734004" version="636">
 <red-def:arch datatype="string" operation="equals">aarch64</red-def:arch>
 <red-def:evr datatype="evr_string" operation="less than">0:15.4-2.el8_1</red-def:evr>
</red-def:rpminfo_state>
<red-def:rpminfo_state id="oval:com.redhat.rhsa:ste:20211734005" version="636">
 <red-def:arch datatype="string" operation="equals">x86_64</red-def:arch>
 <red-def:evr datatype="evr_string" operation="less than">0:15.4-2.el8_1</red-def:evr>
</red-def:rpminfo_state>
<red-def:rpminfo_state id="oval:com.redhat.rhsa:ste:20211739001" version="640">
 <red-def:arch datatype="string" operation="equals">x86_64</red-def:arch>
 <red-def:evr datatype="evr_string" operation="less than">0:4.18.0-305.rt7.72.el8</red-def:evr>
</red-def:rpminfo_state>
<red-def:rpminfo_state id="oval:com.redhat.rhsa:ste:20211744001" version="636">
 <red-def:arch datatype="string" operation="pattern match">aarch64|ppc64le|s390x|x86_64</red-def:arch>
 <red-def:evr datatype="evr_string" operation="less than">0:1.0.27-22.el8</red-def:evr>
</red-def:rpminfo_state>
<red-def:rpminfo_state id="oval:com.redhat.rhsa:ste:20211744003" version="636">
 <red-def:arch datatype="string" operation="pattern match">aarch64|i686|ppc64le|s390x|x86_64</red-def:arch>
 <red-def:evr datatype="evr_string" operation="less than">0:1.0.27-22.el8</red-def:evr>
</red-def:rpminfo_state>
<red-def:rpminfo_state id="oval:com.redhat.rhsa:ste:20211744004" version="636">
 <red-def:evr datatype="evr_string" operation="less than">0:1.0.27-22.el8</red-def:evr>
</red-def:rpminfo_state>
<red-def:rpminfo_state id="oval:com.redhat.rhsa:ste:20211746001" version="637">
 <red-def:arch datatype="string" operation="equals">x86_64</red-def:arch>
 <red-def:evr datatype="evr_string" operation="less than">0:1.5.0-2.module+el8.4.0+8864+58b0fcdb</red-def:evr>
</red-def:rpminfo_state>
<red-def:rpminfo_state id="oval:com.redhat.rhsa:ste:20211746003" version="637">
 <red-def:arch datatype="string" operation="pattern match">aarch64|ppc64le|s390x|x86_64</red-def:arch>
 <red-def:evr datatype="evr_string" operation="less than">0:1.15.7-1.module+el8.4.0+9580+3b0e6c24</red-def:evr>
</red-def:rpminfo_state>
<red-def:rpminfo_state id="oval:com.redhat.rhsa:ste:20211746004" version="637">
 <red-def:evr datatype="evr_string" operation="less than">0:1.15.7-1.module+el8.4.0+9580+3b0e6c24</red-def:evr>
</red-def:rpminfo_state>
<red-def:rpminfo_state id="oval:com.redhat.rhsa:ste:20211746005" version="637">
 <red-def:arch datatype="string" operation="equals">x86_64</red-def:arch>
 <red-def:evr datatype="evr_string" operation="less than">0:1.15.7-1.module+el8.4.0+9580+3b0e6c24</red-def:evr>
</red-def:rpminfo_state>
<red-def:rpminfo_state id="oval:com.redhat.rhsa:ste:20211751001" version="636">
 <red-def:arch datatype="string" operation="pattern match">aarch64|ppc64le|s390x|x86_64</red-def:arch>
 <red-def:evr datatype="evr_string" operation="less than">3:2.1.29-11.module+el8.4.0+8277+5e2c6e6e</red-def:evr>
</red-def:rpminfo_state>
<red-def:rpminfo_state id="oval:com.redhat.rhsa:ste:20211752001" version="636">
 <red-def:arch datatype="string" operation="pattern match">aarch64|i686|ppc64le|s390x|x86_64</red-def:arch>
 <red-def:evr datatype="evr_string" operation="less than">0:3.28.5-15.el8</red-def:evr>
</red-def:rpminfo_state>
<red-def:rpminfo_state id="oval:com.redhat.rhsa:ste:20211752003" version="636">
 <red-def:evr datatype="evr_string" operation="less than">0:3.28.5-15.el8</red-def:evr>
</red-def:rpminfo_state>
<red-def:rpminfo_state id="oval:com.redhat.rhsa:ste:20211752004" version="636">
 <red-def:arch datatype="string" operation="pattern match">aarch64|ppc64le|s390x|x86_64</red-def:arch>
 <red-def:evr datatype="evr_string" operation="less than">0:3.28.5-15.el8</red-def:evr>
</red-def:rpminfo_state>
<red-def:rpminfo_state id="oval:com.redhat.rhsa:ste:20211752005" version="636">
 <red-def:arch datatype="string" operation="pattern match">aarch64|ppc64le|s390x|x86_64</red-def:arch>
 <red-def:evr datatype="evr_string" operation="less than">0:3.28.5-10.el8</red-def:evr>
</red-def:rpminfo_state>
<red-def:rpminfo_state id="oval:com.redhat.rhsa:ste:20211752006" version="636">
 <red-def:evr datatype="evr_string" operation="less than">0:3.28.5-10.el8</red-def:evr>
</red-def:rpminfo_state>
<red-def:rpminfo_state id="oval:com.redhat.rhsa:ste:20211752007" version="636">
 <red-def:arch datatype="string" operation="pattern match">aarch64|ppc64le|s390x|x86_64</red-def:arch>
 <red-def:evr datatype="evr_string" operation="less than">0:3.28.5-16.el8</red-def:evr>
</red-def:rpminfo_state>
<red-def:rpminfo_state id="oval:com.redhat.rhsa:ste:20211752008" version="636">
 <red-def:arch datatype="string" operation="pattern match">aarch64|i686|ppc64le|s390x|x86_64</red-def:arch>
 <red-def:evr datatype="evr_string" operation="less than">0:3.28.5-16.el8</red-def:evr>
</red-def:rpminfo_state>
<red-def:rpminfo_state id="oval:com.redhat.rhsa:ste:20211752009" version="636">
 <red-def:evr datatype="evr_string" operation="less than">0:3.28.5-16.el8</red-def:evr>
</red-def:rpminfo_state>
<red-def:rpminfo_state id="oval:com.redhat.rhsa:ste:20211756001" version="637">
 <red-def:arch datatype="string" operation="pattern match">aarch64|i686|ppc64le|s390x|x86_64</red-def:arch>
 <red-def:evr datatype="evr_string" operation="less than">0:5.12.5-8.el8</red-def:evr>
</red-def:rpminfo_state>
<red-def:rpminfo_state id="oval:com.redhat.rhsa:ste:20211756003" version="637">
 <red-def:evr datatype="evr_string" operation="less than">0:5.12.5-8.el8</red-def:evr>
</red-def:rpminfo_state>
<red-def:rpminfo_state id="oval:com.redhat.rhsa:ste:20211758001" version="638">
 <red-def:arch datatype="string" operation="pattern match">aarch64|ppc64le|s390x|x86_64</red-def:arch>
 <red-def:evr datatype="evr_string" operation="less than">0:0.27.3-2.el8</red-def:evr>
</red-def:rpminfo_state>
<red-def:rpminfo_state id="oval:com.redhat.rhsa:ste:20211758003" version="638">
 <red-def:arch datatype="string" operation="pattern match">aarch64|i686|ppc64le|s390x|x86_64</red-def:arch>
 <red-def:evr datatype="evr_string" operation="less than">0:0.27.3-2.el8</red-def:evr>
</red-def:rpminfo_state>
<red-def:rpminfo_state id="oval:com.redhat.rhsa:ste:20211758004" version="638">
 <red-def:evr datatype="evr_string" operation="less than">0:0.27.3-2.el8</red-def:evr>
</red-def:rpminfo_state>
<red-def:rpminfo_state id="oval:com.redhat.rhsa:ste:20211761006" version="637">
 <red-def:arch datatype="string" operation="pattern match">aarch64|ppc64le|s390x|x86_64</red-def:arch>
 <red-def:evr datatype="evr_string" operation="less than">0:2.7.18-4.module+el8.4.0+9577+0b56c8de</red-def:evr>
</red-def:rpminfo_state>
<red-def:rpminfo_state id="oval:com.redhat.rhsa:ste:20211761010" version="637">
 <red-def:arch datatype="string" operation="pattern match">aarch64|ppc64le|s390x|x86_64</red-def:arch>
 <red-def:evr datatype="evr_string" operation="less than">0:1.0-16.module+el8.4.0+9193+f3daf6ef</red-def:evr>
</red-def:rpminfo_state>
<red-def:rpminfo_state id="oval:com.redhat.rhsa:ste:20211761011" version="637">
 <red-def:evr datatype="evr_string" operation="less than">0:3.5.0.1-12.module+el8.4.0+9193+f3daf6ef</red-def:evr>
</red-def:rpminfo_state>
<red-def:rpminfo_state id="oval:com.redhat.rhsa:ste:20211761022" version="637">
 <red-def:arch datatype="string" operation="pattern match">aarch64|ppc64le|s390x|x86_64</red-def:arch>
 <red-def:evr datatype="evr_string" operation="less than">0:4.2.3-4.module+el8.4.0+9319+a932af88</red-def:evr>
</red-def:rpminfo_state>
<red-def:rpminfo_state id="oval:com.redhat.rhsa:ste:20211761025" version="637">
 <red-def:arch datatype="string" operation="pattern match">aarch64|ppc64le|s390x|x86_64</red-def:arch>
 <red-def:evr datatype="evr_string" operation="less than">1:1.14.2-16.module+el8.4.0+9406+221a4565</red-def:evr>
</red-def:rpminfo_state>
<red-def:rpminfo_state id="oval:com.redhat.rhsa:ste:20211761026" version="637">
 <red-def:evr datatype="evr_string" operation="less than">1:1.14.2-16.module+el8.4.0+9406+221a4565</red-def:evr>
</red-def:rpminfo_state>
<red-def:rpminfo_state id="oval:com.redhat.rhsa:ste:20211761039" version="637">
 <red-def:evr datatype="evr_string" operation="less than">0:39.0.1-13.module+el8.4.0+9442+27d0e81c</red-def:evr>
</red-def:rpminfo_state>
<red-def:rpminfo_state id="oval:com.redhat.rhsa:ste:20211761041" version="637">
 <red-def:evr datatype="evr_string" operation="less than">0:1.11.0-6.module+el8.4.0+9287+299307c7</red-def:evr>
</red-def:rpminfo_state>
<red-def:rpminfo_state id="oval:com.redhat.rhsa:ste:20211761043" version="637">
 <red-def:evr datatype="evr_string" operation="less than">0:1.24.2-3.module+el8.4.0+9193+f3daf6ef</red-def:evr>
</red-def:rpminfo_state>
<red-def:rpminfo_state id="oval:com.redhat.rhsa:ste:20211762004" version="637">
 <red-def:arch datatype="string" operation="pattern match">aarch64|ppc64le|s390x|x86_64</red-def:arch>
 <red-def:evr datatype="evr_string" operation="less than">1:1.40.2-27.module+el8.4.0+9282+0bdec052</red-def:evr>
</red-def:rpminfo_state>
<red-def:rpminfo_state id="oval:com.redhat.rhsa:ste:20211762005" version="637">
 <red-def:evr datatype="evr_string" operation="less than">1:1.40.2-27.module+el8.4.0+9282+0bdec052</red-def:evr>
</red-def:rpminfo_state>
<red-def:rpminfo_state id="oval:com.redhat.rhsa:ste:20211762006" version="637">
 <red-def:arch datatype="string" operation="pattern match">aarch64|x86_64</red-def:arch>
 <red-def:evr datatype="evr_string" operation="less than">1:1.40.2-27.module+el8.4.0+9282+0bdec052</red-def:evr>
</red-def:rpminfo_state>
<red-def:rpminfo_state id="oval:com.redhat.rhsa:ste:20211762010" version="637">
 <red-def:arch datatype="string" operation="pattern match">aarch64|ppc64le|s390x|x86_64</red-def:arch>
 <red-def:evr datatype="evr_string" operation="less than">0:6.0.0-35.module+el8.4.0+10230+7a9b21e4</red-def:evr>
</red-def:rpminfo_state>
<red-def:rpminfo_state id="oval:com.redhat.rhsa:ste:20211762017" version="637">
 <red-def:arch datatype="string" operation="pattern match">aarch64|ppc64le|s390x|x86_64</red-def:arch>
 <red-def:evr datatype="evr_string" operation="less than">15:4.2.0-48.module+el8.4.0+10368+630e803b</red-def:evr>
</red-def:rpminfo_state>
<red-def:rpminfo_state id="oval:com.redhat.rhsa:ste:20211762018" version="637">
 <red-def:arch datatype="string" operation="equals">x86_64</red-def:arch>
 <red-def:evr datatype="evr_string" operation="less than">15:4.2.0-48.module+el8.4.0+10368+630e803b</red-def:evr>
</red-def:rpminfo_state>
<red-def:rpminfo_state id="oval:com.redhat.rhsa:ste:20211762024" version="637">
 <red-def:arch datatype="string" operation="equals">x86_64</red-def:arch>
 <red-def:evr datatype="evr_string" operation="less than">1:1.40.2-27.module+el8.4.0+9282+0bdec052</red-def:evr>
</red-def:rpminfo_state>
<red-def:rpminfo_state id="oval:com.redhat.rhsa:ste:20211762030" version="637">
 <red-def:arch datatype="string" operation="equals">i686</red-def:arch>
 <red-def:evr datatype="evr_string" operation="less than">0:6.0.0-35.module+el8.4.0+10230+7a9b21e4</red-def:evr>
</red-def:rpminfo_state>
<red-def:rpminfo_state id="oval:com.redhat.rhsa:ste:20211775017" version="637">
 <red-def:evr datatype="evr_string" operation="less than">0:3.0.26-6.module+el8.4.0+8891+bb8828ef</red-def:evr>
</red-def:rpminfo_state>
<red-def:rpminfo_state id="oval:com.redhat.rhsa:ste:20211775028" version="637">
 <red-def:arch datatype="string" operation="pattern match">aarch64|ppc64le|s390x|x86_64</red-def:arch>
 <red-def:evr datatype="evr_string" operation="less than">0:4.8.1-2.module+el8.4.0+10451+3e5b5448</red-def:evr>
</red-def:rpminfo_state>
<red-def:rpminfo_state id="oval:com.redhat.rhsa:ste:20211775030" version="637">
 <red-def:evr datatype="evr_string" operation="less than">0:10.10.5-2.module+el8.4.0+10466+9830f79e</red-def:evr>
</red-def:rpminfo_state>
<red-def:rpminfo_state id="oval:com.redhat.rhsa:ste:20211775031" version="637">
 <red-def:arch datatype="string" operation="pattern match">aarch64|ppc64le|s390x|x86_64</red-def:arch>
 <red-def:evr datatype="evr_string" operation="less than">0:10.10.5-2.module+el8.4.0+10466+9830f79e</red-def:evr>
</red-def:rpminfo_state>
<red-def:rpminfo_state id="oval:com.redhat.rhsa:ste:20211775032" version="637">
 <red-def:evr datatype="evr_string" operation="less than">0:7.6.1-1.module+el8.4.0+8778+d07929ff</red-def:evr>
</red-def:rpminfo_state>
<red-def:rpminfo_state id="oval:com.redhat.rhsa:ste:20211783001" version="636">
 <red-def:arch datatype="string" operation="pattern match">aarch64|ppc64le|s390x|x86_64</red-def:arch>
 <red-def:evr datatype="evr_string" operation="less than">0:1.11.0-6.el8</red-def:evr>
</red-def:rpminfo_state>
<red-def:rpminfo_state id="oval:com.redhat.rhsa:ste:20211783003" version="636">
 <red-def:evr datatype="evr_string" operation="less than">0:1.11.0-6.el8</red-def:evr>
</red-def:rpminfo_state>
<red-def:rpminfo_state id="oval:com.redhat.rhsa:ste:20211789001" version="636">
 <red-def:arch datatype="string" operation="pattern match">aarch64|i686|ppc64le|s390x|x86_64</red-def:arch>
 <red-def:evr datatype="evr_string" operation="less than">0:1.0.5-1.el8</red-def:evr>
</red-def:rpminfo_state>
<red-def:rpminfo_state id="oval:com.redhat.rhsa:ste:20211789003" version="636">
 <red-def:evr datatype="evr_string" operation="less than">0:1.0.5-1.el8</red-def:evr>
</red-def:rpminfo_state>
<red-def:rpminfo_state id="oval:com.redhat.rhsa:ste:20211789004" version="636">
 <red-def:arch datatype="string" operation="pattern match">aarch64|i686|ppc64le|s390x|x86_64</red-def:arch>
 <red-def:evr datatype="evr_string" operation="less than">0:1.0.6-1.el8</red-def:evr>
</red-def:rpminfo_state>
<red-def:rpminfo_state id="oval:com.redhat.rhsa:ste:20211791001" version="638">
 <red-def:arch datatype="string" operation="pattern match">aarch64|ppc64le|s390x|x86_64</red-def:arch>
 <red-def:evr datatype="evr_string" operation="less than">0:0.20.0-3.el8</red-def:evr>
</red-def:rpminfo_state>
<red-def:rpminfo_state id="oval:com.redhat.rhsa:ste:20211796001" version="637">
 <red-def:arch datatype="string" operation="pattern match">aarch64|ppc64le|s390x|x86_64</red-def:arch>
 <red-def:evr datatype="evr_string" operation="less than">0:1.19.7-1.module+el8.4.0+10607+f4da7515</red-def:evr>
</red-def:rpminfo_state>
<red-def:rpminfo_state id="oval:com.redhat.rhsa:ste:20211796003" version="637">
 <red-def:evr datatype="evr_string" operation="less than">0:29-2.module+el8.4.0+10607+f4da7515</red-def:evr>
</red-def:rpminfo_state>
<red-def:rpminfo_state id="oval:com.redhat.rhsa:ste:20211796004" version="637">
 <red-def:arch datatype="string" operation="pattern match">aarch64|ppc64le|s390x|x86_64</red-def:arch>
 <red-def:evr datatype="evr_string" operation="less than">2:2.0.26-1.module+el8.4.0+10607+f4da7515</red-def:evr>
</red-def:rpminfo_state>
<red-def:rpminfo_state id="oval:com.redhat.rhsa:ste:20211796005" version="637">
 <red-def:evr datatype="evr_string" operation="less than">2:2.158.0-1.module+el8.4.0+10607+f4da7515</red-def:evr>
</red-def:rpminfo_state>
<red-def:rpminfo_state id="oval:com.redhat.rhsa:ste:20211796006" version="637">
 <red-def:arch datatype="string" operation="pattern match">aarch64|ppc64le|s390x|x86_64</red-def:arch>
 <red-def:evr datatype="evr_string" operation="less than">0:0.9.1-1.module+el8.4.0+10607+f4da7515</red-def:evr>
</red-def:rpminfo_state>
<red-def:rpminfo_state id="oval:com.redhat.rhsa:ste:20211796007" version="637">
 <red-def:arch datatype="string" operation="pattern match">aarch64|ppc64le|s390x|x86_64</red-def:arch>
 <red-def:evr datatype="evr_string" operation="less than">1:1.2.2-8.module+el8.4.0+10607+f4da7515</red-def:evr>
</red-def:rpminfo_state>
<red-def:rpminfo_state id="oval:com.redhat.rhsa:ste:20211796008" version="637">
 <red-def:arch datatype="string" operation="pattern match">aarch64|ppc64le|s390x|x86_64</red-def:arch>
 <red-def:evr datatype="evr_string" operation="less than">0:3.15-1.module+el8.4.0+10607+f4da7515</red-def:evr>
</red-def:rpminfo_state>
<red-def:rpminfo_state id="oval:com.redhat.rhsa:ste:20211796009" version="637">
 <red-def:arch datatype="string" operation="pattern match">aarch64|ppc64le|s390x|x86_64</red-def:arch>
 <red-def:evr datatype="evr_string" operation="less than">0:0.18-1.module+el8.4.0+10607+f4da7515</red-def:evr>
</red-def:rpminfo_state>
<red-def:rpminfo_state id="oval:com.redhat.rhsa:ste:20211796010" version="637">
 <red-def:arch datatype="string" operation="pattern match">aarch64|ppc64le|s390x|x86_64</red-def:arch>
 <red-def:evr datatype="evr_string" operation="less than">0:1.4.0-2.module+el8.4.0+10607+f4da7515</red-def:evr>
</red-def:rpminfo_state>
<red-def:rpminfo_state id="oval:com.redhat.rhsa:ste:20211796011" version="637">
 <red-def:arch datatype="string" operation="pattern match">aarch64|ppc64le|s390x|x86_64</red-def:arch>
 <red-def:evr datatype="evr_string" operation="less than">0:4.3.1-1.module+el8.4.0+10607+f4da7515</red-def:evr>
</red-def:rpminfo_state>
<red-def:rpminfo_state id="oval:com.redhat.rhsa:ste:20211796012" version="637">
 <red-def:arch datatype="string" operation="pattern match">aarch64|ppc64le|s390x|x86_64</red-def:arch>
 <red-def:evr datatype="evr_string" operation="less than">0:1.2.0-2.module+el8.4.0+10607+f4da7515</red-def:evr>
</red-def:rpminfo_state>
<red-def:rpminfo_state id="oval:com.redhat.rhsa:ste:20211796013" version="637">
 <red-def:arch datatype="string" operation="pattern match">aarch64|ppc64le|s390x|x86_64</red-def:arch>
 <red-def:evr datatype="evr_string" operation="less than">0:3.0.1-6.module+el8.4.0+10607+f4da7515</red-def:evr>
</red-def:rpminfo_state>
<red-def:rpminfo_state id="oval:com.redhat.rhsa:ste:20211796014" version="637">
 <red-def:evr datatype="evr_string" operation="less than">0:3.0.1-6.module+el8.4.0+10607+f4da7515</red-def:evr>
</red-def:rpminfo_state>
<red-def:rpminfo_state id="oval:com.redhat.rhsa:ste:20211796015" version="637">
 <red-def:arch datatype="string" operation="pattern match">aarch64|ppc64le|s390x|x86_64</red-def:arch>
 <red-def:evr datatype="evr_string" operation="less than">0:1.0.0-70.rc92.module+el8.4.0+10607+f4da7515</red-def:evr>
</red-def:rpminfo_state>
<red-def:rpminfo_state id="oval:com.redhat.rhsa:ste:20211796016" version="637">
 <red-def:arch datatype="string" operation="pattern match">aarch64|ppc64le|s390x|x86_64</red-def:arch>
 <red-def:evr datatype="evr_string" operation="less than">0:1.1.8-1.module+el8.4.0+10607+f4da7515</red-def:evr>
</red-def:rpminfo_state>
<red-def:rpminfo_state id="oval:com.redhat.rhsa:ste:20211796017" version="637">
 <red-def:evr datatype="evr_string" operation="less than">0:0.0.8-1.module+el8.4.0+10607+f4da7515</red-def:evr>
</red-def:rpminfo_state>
<red-def:rpminfo_state id="oval:com.redhat.rhsa:ste:20211796018" version="637">
 <red-def:evr datatype="evr_string" operation="less than">0:0.2.4-1.module+el8.4.0+10607+f4da7515</red-def:evr>
</red-def:rpminfo_state>
<red-def:rpminfo_state id="oval:com.redhat.rhsa:ste:20211804001" version="636">
 <red-def:arch datatype="string" operation="pattern match">aarch64|ppc64le|s390x|x86_64</red-def:arch>
 <red-def:evr datatype="evr_string" operation="less than">0:7.7-30.el8</red-def:evr>
</red-def:rpminfo_state>
<red-def:rpminfo_state id="oval:com.redhat.rhsa:ste:20211804003" version="636">
 <red-def:arch datatype="string" operation="pattern match">aarch64|i686|ppc64le|s390x|x86_64</red-def:arch>
 <red-def:evr datatype="evr_string" operation="less than">0:1.6.8-4.el8</red-def:evr>
</red-def:rpminfo_state>
<red-def:rpminfo_state id="oval:com.redhat.rhsa:ste:20211804004" version="636">
 <red-def:evr datatype="evr_string" operation="less than">0:1.6.8-4.el8</red-def:evr>
</red-def:rpminfo_state>
<red-def:rpminfo_state id="oval:com.redhat.rhsa:ste:20211804005" version="636">
 <red-def:arch datatype="string" operation="pattern match">aarch64|i686|ppc64le|s390x|x86_64</red-def:arch>
 <red-def:evr datatype="evr_string" operation="less than">0:1.16.3-1.el8</red-def:evr>
</red-def:rpminfo_state>
<red-def:rpminfo_state id="oval:com.redhat.rhsa:ste:20211804006" version="636">
 <red-def:arch datatype="string" operation="pattern match">aarch64|ppc64le|s390x|x86_64</red-def:arch>
 <red-def:evr datatype="evr_string" operation="less than">0:1.16.3-1.el8</red-def:evr>
</red-def:rpminfo_state>
<red-def:rpminfo_state id="oval:com.redhat.rhsa:ste:20211804007" version="636">
 <red-def:arch datatype="string" operation="pattern match">aarch64|i686|ppc64le|s390x|x86_64</red-def:arch>
 <red-def:evr datatype="evr_string" operation="less than">0:1.1.5-3.el8</red-def:evr>
</red-def:rpminfo_state>
<red-def:rpminfo_state id="oval:com.redhat.rhsa:ste:20211804008" version="636">
 <red-def:arch datatype="string" operation="pattern match">aarch64|i686|ppc64le|s390x|x86_64</red-def:arch>
 <red-def:evr datatype="evr_string" operation="less than">1:1.3.2-1.el8</red-def:evr>
</red-def:rpminfo_state>
<red-def:rpminfo_state id="oval:com.redhat.rhsa:ste:20211804009" version="636">
 <red-def:arch datatype="string" operation="pattern match">aarch64|i686|ppc64le|s390x|x86_64</red-def:arch>
 <red-def:evr datatype="evr_string" operation="less than">0:2.4.103-1.el8</red-def:evr>
</red-def:rpminfo_state>
<red-def:rpminfo_state id="oval:com.redhat.rhsa:ste:20211804010" version="636">
 <red-def:arch datatype="string" operation="pattern match">aarch64|ppc64le|s390x|x86_64</red-def:arch>
 <red-def:evr datatype="evr_string" operation="less than">0:1.20.10-1.el8</red-def:evr>
</red-def:rpminfo_state>
<red-def:rpminfo_state id="oval:com.redhat.rhsa:ste:20211804011" version="636">
 <red-def:arch datatype="string" operation="pattern match">aarch64|i686|ppc64le|s390x|x86_64</red-def:arch>
 <red-def:evr datatype="evr_string" operation="less than">0:1.20.10-1.el8</red-def:evr>
</red-def:rpminfo_state>
<red-def:rpminfo_state id="oval:com.redhat.rhsa:ste:20211804012" version="636">
 <red-def:evr datatype="evr_string" operation="less than">0:1.20.10-1.el8</red-def:evr>
</red-def:rpminfo_state>
<red-def:rpminfo_state id="oval:com.redhat.rhsa:ste:20211804013" version="636">
 <red-def:arch datatype="string" operation="pattern match">aarch64|i686|ppc64le|s390x|x86_64</red-def:arch>
 <red-def:evr datatype="evr_string" operation="less than">0:1.6-2.el8</red-def:evr>
</red-def:rpminfo_state>
<red-def:rpminfo_state id="oval:com.redhat.rhsa:ste:20211804014" version="636">
 <red-def:evr datatype="evr_string" operation="less than">0:1.6-2.el8</red-def:evr>
</red-def:rpminfo_state>
<red-def:rpminfo_state id="oval:com.redhat.rhsa:ste:20211804015" version="636">
 <red-def:arch datatype="string" operation="pattern match">aarch64|i686|ppc64le|s390x|x86_64</red-def:arch>
 <red-def:evr datatype="evr_string" operation="less than">0:20.3.3-2.el8</red-def:evr>
</red-def:rpminfo_state>
<red-def:rpminfo_state id="oval:com.redhat.rhsa:ste:20211804016" version="636">
 <red-def:arch datatype="string" operation="pattern match">aarch64|i686|x86_64</red-def:arch>
 <red-def:evr datatype="evr_string" operation="less than">0:20.3.3-2.el8</red-def:evr>
</red-def:rpminfo_state>
<red-def:rpminfo_state id="oval:com.redhat.rhsa:ste:20211804017" version="636">
 <red-def:arch datatype="string" operation="pattern match">aarch64|i686|ppc64le|x86_64</red-def:arch>
 <red-def:evr datatype="evr_string" operation="less than">0:20.3.3-2.el8</red-def:evr>
</red-def:rpminfo_state>
<red-def:rpminfo_state id="oval:com.redhat.rhsa:ste:20211804018" version="636">
 <red-def:arch datatype="string" operation="pattern match">i686|x86_64</red-def:arch>
 <red-def:evr datatype="evr_string" operation="less than">0:20.3.3-2.el8</red-def:evr>
</red-def:rpminfo_state>
<red-def:rpminfo_state id="oval:com.redhat.rhsa:ste:20211809001" version="636">
 <red-def:arch datatype="string" operation="pattern match">aarch64|ppc64le|s390x|x86_64</red-def:arch>
 <red-def:evr datatype="evr_string" operation="less than">0:2.4.37-39.module+el8.4.0+9658+b87b2deb</red-def:evr>
</red-def:rpminfo_state>
<red-def:rpminfo_state id="oval:com.redhat.rhsa:ste:20211809003" version="636">
 <red-def:evr datatype="evr_string" operation="less than">0:2.4.37-39.module+el8.4.0+9658+b87b2deb</red-def:evr>
</red-def:rpminfo_state>
<red-def:rpminfo_state id="oval:com.redhat.rhsa:ste:20211809004" version="636">
 <red-def:arch datatype="string" operation="pattern match">aarch64|ppc64le|s390x|x86_64</red-def:arch>
 <red-def:evr datatype="evr_string" operation="less than">0:1.15.7-3.module+el8.4.0+8625+d397f3da</red-def:evr>
</red-def:rpminfo_state>
<red-def:rpminfo_state id="oval:com.redhat.rhsa:ste:20211809006" version="636">
 <red-def:arch datatype="string" operation="pattern match">aarch64|ppc64le|s390x|x86_64</red-def:arch>
 <red-def:evr datatype="evr_string" operation="less than">1:2.4.37-39.module+el8.4.0+9658+b87b2deb</red-def:evr>
</red-def:rpminfo_state>
<red-def:rpminfo_state id="oval:com.redhat.rhsa:ste:20211811001" version="635">
 <red-def:arch datatype="string" operation="pattern match">aarch64|i686|ppc64le|s390x|x86_64</red-def:arch>
 <red-def:evr datatype="evr_string" operation="less than">0:0.9.11-17.el8</red-def:evr>
</red-def:rpminfo_state>
<red-def:rpminfo_state id="oval:com.redhat.rhsa:ste:20211842001" version="636">
 <red-def:arch datatype="string" operation="pattern match">aarch64|i686|ppc64le|s390x|x86_64</red-def:arch>
 <red-def:evr datatype="evr_string" operation="less than">0:2.0.15-16.el8</red-def:evr>
</red-def:rpminfo_state>
<red-def:rpminfo_state id="oval:com.redhat.rhsa:ste:20211846001" version="638">
 <red-def:arch datatype="string" operation="pattern match">aarch64|ppc64le|s390x|x86_64</red-def:arch>
 <red-def:evr datatype="evr_string" operation="less than">0:4.9.2-3.module+el8.4.0+10413+a92f1bfa</red-def:evr>
</red-def:rpminfo_state>
<red-def:rpminfo_state id="oval:com.redhat.rhsa:ste:20211846003" version="638">
 <red-def:evr datatype="evr_string" operation="less than">0:4.9.2-3.module+el8.4.0+10413+a92f1bfa</red-def:evr>
</red-def:rpminfo_state>
<red-def:rpminfo_state id="oval:com.redhat.rhsa:ste:20211846004" version="638">
 <red-def:evr datatype="evr_string" operation="less than">0:0.7-3.module+el8.4.0+9008+94c5103b</red-def:evr>
</red-def:rpminfo_state>
<red-def:rpminfo_state id="oval:com.redhat.rhsa:ste:20211846010" version="638">
 <red-def:arch datatype="string" operation="pattern match">aarch64|ppc64le|s390x|x86_64</red-def:arch>
 <red-def:evr datatype="evr_string" operation="less than">0:11.6-2.module+el8.4.0+9328+4ec4e316</red-def:evr>
</red-def:rpminfo_state>
<red-def:rpminfo_state id="oval:com.redhat.rhsa:ste:20211846012" version="638">
 <red-def:arch datatype="string" operation="pattern match">aarch64|ppc64le|s390x|x86_64</red-def:arch>
 <red-def:evr datatype="evr_string" operation="less than">0:4.9.2-3.module+el8.4.0+10412+5ecb5b37</red-def:evr>
</red-def:rpminfo_state>
<red-def:rpminfo_state id="oval:com.redhat.rhsa:ste:20211846013" version="638">
 <red-def:evr datatype="evr_string" operation="less than">0:4.9.2-3.module+el8.4.0+10412+5ecb5b37</red-def:evr>
</red-def:rpminfo_state>
<red-def:rpminfo_state id="oval:com.redhat.rhsa:ste:20211846014" version="638">
 <red-def:evr datatype="evr_string" operation="less than">0:0.7-3.module+el8.4.0+9007+5084bdd8</red-def:evr>
</red-def:rpminfo_state>
<red-def:rpminfo_state id="oval:com.redhat.rhsa:ste:20211846015" version="638">
 <red-def:arch datatype="string" operation="pattern match">aarch64|ppc64le|s390x|x86_64</red-def:arch>
 <red-def:evr datatype="evr_string" operation="less than">0:2.1.7-1.module+el8.4.0+9007+5084bdd8</red-def:evr>
</red-def:rpminfo_state>
<red-def:rpminfo_state id="oval:com.redhat.rhsa:ste:20211846021" version="638">
 <red-def:arch datatype="string" operation="pattern match">aarch64|ppc64le|s390x|x86_64</red-def:arch>
 <red-def:evr datatype="evr_string" operation="less than">0:0.56.6-1.module+el8.4.0+9005+f55ff3e7</red-def:evr>
</red-def:rpminfo_state>
<red-def:rpminfo_state id="oval:com.redhat.rhsa:ste:20211846022" version="638">
 <red-def:arch datatype="string" operation="pattern match">aarch64|ppc64le|s390x|x86_64</red-def:arch>
 <red-def:evr datatype="evr_string" operation="less than">0:2.6.0-5.module+el8.4.0+10227+076cd560</red-def:evr>
</red-def:rpminfo_state>
<red-def:rpminfo_state id="oval:com.redhat.rhsa:ste:20211849001" version="636">
 <red-def:arch datatype="string" operation="pattern match">aarch64|ppc64le|s390x|x86_64</red-def:arch>
 <red-def:evr datatype="evr_string" operation="less than">2:2.2.0-1.el8</red-def:evr>
</red-def:rpminfo_state>
<red-def:rpminfo_state id="oval:com.redhat.rhsa:ste:20211849003" version="636">
 <red-def:arch datatype="string" operation="pattern match">aarch64|i686|ppc64le|s390x|x86_64</red-def:arch>
 <red-def:evr datatype="evr_string" operation="less than">2:2.2.0-1.el8</red-def:evr>
</red-def:rpminfo_state>
<red-def:rpminfo_state id="oval:com.redhat.rhsa:ste:20211852001" version="639">
 <red-def:arch datatype="string" operation="pattern match">aarch64|ppc64le|s390x|x86_64</red-def:arch>
 <red-def:evr datatype="evr_string" operation="less than">0:9.27-1.el8</red-def:evr>
</red-def:rpminfo_state>
<red-def:rpminfo_state id="oval:com.redhat.rhsa:ste:20211852003" version="639">
 <red-def:evr datatype="evr_string" operation="less than">0:9.27-1.el8</red-def:evr>
</red-def:rpminfo_state>
<red-def:rpminfo_state id="oval:com.redhat.rhsa:ste:20211852004" version="639">
 <red-def:arch datatype="string" operation="pattern match">aarch64|i686|ppc64le|s390x|x86_64</red-def:arch>
 <red-def:evr datatype="evr_string" operation="less than">0:9.27-1.el8</red-def:evr>
</red-def:rpminfo_state>
<red-def:rpminfo_state id="oval:com.redhat.rhsa:ste:20211853001" version="638">
 <red-def:arch datatype="string" operation="pattern match">aarch64|ppc64le|s390x|x86_64</red-def:arch>
 <red-def:evr datatype="evr_string" operation="less than">0:1.7.3-15.el8</red-def:evr>
</red-def:rpminfo_state>
<red-def:rpminfo_state id="oval:com.redhat.rhsa:ste:20211853003" version="638">
 <red-def:arch datatype="string" operation="pattern match">aarch64|i686|ppc64le|s390x|x86_64</red-def:arch>
 <red-def:evr datatype="evr_string" operation="less than">0:1.7.3-15.el8</red-def:evr>
</red-def:rpminfo_state>
<red-def:rpminfo_state id="oval:com.redhat.rhsa:ste:20211859001" version="637">
 <red-def:arch datatype="string" operation="pattern match">aarch64|ppc64le|s390x|x86_64</red-def:arch>
 <red-def:evr datatype="evr_string" operation="less than">0:7.3.6-2.el8</red-def:evr>
</red-def:rpminfo_state>
<red-def:rpminfo_state id="oval:com.redhat.rhsa:ste:20211879001" version="636">
 <red-def:arch datatype="string" operation="pattern match">aarch64|ppc64le|s390x|x86_64</red-def:arch>
 <red-def:evr datatype="evr_string" operation="less than">0:3.8.6-3.module+el8.4.0+9579+e9717e18</red-def:evr>
</red-def:rpminfo_state>
<red-def:rpminfo_state id="oval:com.redhat.rhsa:ste:20211879003" version="636">
 <red-def:arch datatype="string" operation="pattern match">aarch64|ppc64le|s390x|x86_64</red-def:arch>
 <red-def:evr datatype="evr_string" operation="less than">0:0.29.14-4.module+el8.4.0+8888+89bc7e79</red-def:evr>
</red-def:rpminfo_state>
<red-def:rpminfo_state id="oval:com.redhat.rhsa:ste:20211879004" version="636">
 <red-def:evr datatype="evr_string" operation="less than">0:0.10.1-1.module+el8.4.0+9692+8e86ab84</red-def:evr>
</red-def:rpminfo_state>
<red-def:rpminfo_state id="oval:com.redhat.rhsa:ste:20211879005" version="636">
 <red-def:evr datatype="evr_string" operation="less than">0:1.2.0-3.module+el8.4.0+8888+89bc7e79</red-def:evr>
</red-def:rpminfo_state>
<red-def:rpminfo_state id="oval:com.redhat.rhsa:ste:20211879006" version="636">
 <red-def:evr datatype="evr_string" operation="less than">0:2.7.0-10.module+el8.4.0+8888+89bc7e79</red-def:evr>
</red-def:rpminfo_state>
<red-def:rpminfo_state id="oval:com.redhat.rhsa:ste:20211879007" version="636">
 <red-def:arch datatype="string" operation="pattern match">aarch64|ppc64le|s390x|x86_64</red-def:arch>
 <red-def:evr datatype="evr_string" operation="less than">0:1.13.2-3.module+el8.4.0+8888+89bc7e79</red-def:evr>
</red-def:rpminfo_state>
<red-def:rpminfo_state id="oval:com.redhat.rhsa:ste:20211879008" version="636">
 <red-def:evr datatype="evr_string" operation="less than">0:3.0.4-19.module+el8.4.0+8888+89bc7e79</red-def:evr>
</red-def:rpminfo_state>
<red-def:rpminfo_state id="oval:com.redhat.rhsa:ste:20211879009" version="636">
 <red-def:arch datatype="string" operation="pattern match">aarch64|ppc64le|s390x|x86_64</red-def:arch>
 <red-def:evr datatype="evr_string" operation="less than">0:2.8-3.module+el8.4.0+8888+89bc7e79</red-def:evr>
</red-def:rpminfo_state>
<red-def:rpminfo_state id="oval:com.redhat.rhsa:ste:20211879010" version="636">
 <red-def:evr datatype="evr_string" operation="less than">0:2.8-6.module+el8.4.0+8888+89bc7e79</red-def:evr>
</red-def:rpminfo_state>
<red-def:rpminfo_state id="oval:com.redhat.rhsa:ste:20211879011" version="636">
 <red-def:evr datatype="evr_string" operation="less than">0:2.10.3-4.module+el8.4.0+8888+89bc7e79</red-def:evr>
</red-def:rpminfo_state>
<red-def:rpminfo_state id="oval:com.redhat.rhsa:ste:20211879012" version="636">
 <red-def:arch datatype="string" operation="pattern match">aarch64|ppc64le|s390x|x86_64</red-def:arch>
 <red-def:evr datatype="evr_string" operation="less than">0:4.4.1-5.module+el8.4.0+9001+fc421f6c</red-def:evr>
</red-def:rpminfo_state>
<red-def:rpminfo_state id="oval:com.redhat.rhsa:ste:20211879013" version="636">
 <red-def:arch datatype="string" operation="pattern match">aarch64|ppc64le|s390x|x86_64</red-def:arch>
 <red-def:evr datatype="evr_string" operation="less than">0:1.1.1-6.module+el8.4.0+8888+89bc7e79</red-def:evr>
</red-def:rpminfo_state>
<red-def:rpminfo_state id="oval:com.redhat.rhsa:ste:20211879014" version="636">
 <red-def:arch datatype="string" operation="pattern match">aarch64|ppc64le|s390x|x86_64</red-def:arch>
 <red-def:evr datatype="evr_string" operation="less than">0:4.6.8-3.module+el8.4.0+8888+89bc7e79</red-def:evr>
</red-def:rpminfo_state>
<red-def:rpminfo_state id="oval:com.redhat.rhsa:ste:20211879015" version="636">
 <red-def:arch datatype="string" operation="pattern match">aarch64|ppc64le|s390x|x86_64</red-def:arch>
 <red-def:evr datatype="evr_string" operation="less than">0:1.17.3-5.module+el8.4.0+8888+89bc7e79</red-def:evr>
</red-def:rpminfo_state>
<red-def:rpminfo_state id="oval:com.redhat.rhsa:ste:20211879016" version="636">
 <red-def:evr datatype="evr_string" operation="less than">0:1.17.3-5.module+el8.4.0+8888+89bc7e79</red-def:evr>
</red-def:rpminfo_state>
<red-def:rpminfo_state id="oval:com.redhat.rhsa:ste:20211879017" version="636">
 <red-def:evr datatype="evr_string" operation="less than">0:19.3.1-1.module+el8.4.0+8888+89bc7e79</red-def:evr>
</red-def:rpminfo_state>
<red-def:rpminfo_state id="oval:com.redhat.rhsa:ste:20211879018" version="636">
 <red-def:evr datatype="evr_string" operation="less than">0:3.11-10.module+el8.4.0+9579+e9717e18</red-def:evr>
</red-def:rpminfo_state>
<red-def:rpminfo_state id="oval:com.redhat.rhsa:ste:20211879019" version="636">
 <red-def:arch datatype="string" operation="pattern match">aarch64|ppc64le|s390x|x86_64</red-def:arch>
 <red-def:evr datatype="evr_string" operation="less than">0:5.6.4-3.module+el8.4.0+8888+89bc7e79</red-def:evr>
</red-def:rpminfo_state>
<red-def:rpminfo_state id="oval:com.redhat.rhsa:ste:20211879020" version="636">
 <red-def:arch datatype="string" operation="pattern match">aarch64|ppc64le|s390x|x86_64</red-def:arch>
 <red-def:evr datatype="evr_string" operation="less than">0:2.8.4-4.module+el8.4.0+8888+89bc7e79</red-def:evr>
</red-def:rpminfo_state>
<red-def:rpminfo_state id="oval:com.redhat.rhsa:ste:20211879021" version="636">
 <red-def:evr datatype="evr_string" operation="less than">0:2.19-3.module+el8.4.0+8888+89bc7e79</red-def:evr>
</red-def:rpminfo_state>
<red-def:rpminfo_state id="oval:com.redhat.rhsa:ste:20211879022" version="636">
 <red-def:evr datatype="evr_string" operation="less than">0:1.7.1-4.module+el8.4.0+8888+89bc7e79</red-def:evr>
</red-def:rpminfo_state>
<red-def:rpminfo_state id="oval:com.redhat.rhsa:ste:20211879023" version="636">
 <red-def:evr datatype="evr_string" operation="less than">0:2019.3-3.module+el8.4.0+8888+89bc7e79</red-def:evr>
</red-def:rpminfo_state>
<red-def:rpminfo_state id="oval:com.redhat.rhsa:ste:20211879024" version="636">
 <red-def:arch datatype="string" operation="pattern match">aarch64|ppc64le|s390x|x86_64</red-def:arch>
 <red-def:evr datatype="evr_string" operation="less than">0:5.3.1-1.module+el8.4.0+8888+89bc7e79</red-def:evr>
</red-def:rpminfo_state>
<red-def:rpminfo_state id="oval:com.redhat.rhsa:ste:20211879025" version="636">
 <red-def:evr datatype="evr_string" operation="less than">0:2.22.0-9.module+el8.4.0+8888+89bc7e79</red-def:evr>
</red-def:rpminfo_state>
<red-def:rpminfo_state id="oval:com.redhat.rhsa:ste:20211879026" version="636">
 <red-def:evr datatype="evr_string" operation="less than">0:3.8.6-3.module+el8.4.0+9579+e9717e18</red-def:evr>
</red-def:rpminfo_state>
<red-def:rpminfo_state id="oval:com.redhat.rhsa:ste:20211879027" version="636">
 <red-def:arch datatype="string" operation="pattern match">aarch64|ppc64le|s390x|x86_64</red-def:arch>
 <red-def:evr datatype="evr_string" operation="less than">0:1.3.1-4.module+el8.4.0+8888+89bc7e79</red-def:evr>
</red-def:rpminfo_state>
<red-def:rpminfo_state id="oval:com.redhat.rhsa:ste:20211879028" version="636">
 <red-def:evr datatype="evr_string" operation="less than">0:41.6.0-4.module+el8.4.0+8888+89bc7e79</red-def:evr>
</red-def:rpminfo_state>
<red-def:rpminfo_state id="oval:com.redhat.rhsa:ste:20211879029" version="636">
 <red-def:evr datatype="evr_string" operation="less than">0:1.12.0-10.module+el8.4.0+8888+89bc7e79</red-def:evr>
</red-def:rpminfo_state>
<red-def:rpminfo_state id="oval:com.redhat.rhsa:ste:20211879030" version="636">
 <red-def:evr datatype="evr_string" operation="less than">0:1.25.7-4.module+el8.4.0+8888+89bc7e79</red-def:evr>
</red-def:rpminfo_state>
<red-def:rpminfo_state id="oval:com.redhat.rhsa:ste:20211879031" version="636">
 <red-def:evr datatype="evr_string" operation="less than">0:0.33.6-5.module+el8.4.0+8888+89bc7e79</red-def:evr>
</red-def:rpminfo_state>
<red-def:rpminfo_state id="oval:com.redhat.rhsa:ste:20211881001" version="636">
 <red-def:arch datatype="string" operation="pattern match">aarch64|i686|ppc64le|s390x|x86_64</red-def:arch>
 <red-def:evr datatype="evr_string" operation="less than">0:20.11.0-2.el8</red-def:evr>
</red-def:rpminfo_state>
<red-def:rpminfo_state id="oval:com.redhat.rhsa:ste:20211881003" version="636">
 <red-def:arch datatype="string" operation="pattern match">aarch64|ppc64le|s390x|x86_64</red-def:arch>
 <red-def:evr datatype="evr_string" operation="less than">0:20.11.0-2.el8</red-def:evr>
</red-def:rpminfo_state>
<red-def:rpminfo_state id="oval:com.redhat.rhsa:ste:20211881004" version="636">
 <red-def:arch datatype="string" operation="pattern match">aarch64|ppc64le|s390x|x86_64</red-def:arch>
 <red-def:evr datatype="evr_string" operation="less than">0:3.28.4-11.el8</red-def:evr>
</red-def:rpminfo_state>
<red-def:rpminfo_state id="oval:com.redhat.rhsa:ste:20211881005" version="636">
 <red-def:arch datatype="string" operation="pattern match">aarch64|i686|ppc64le|s390x|x86_64</red-def:arch>
 <red-def:evr datatype="evr_string" operation="less than">0:3.28.4-11.el8</red-def:evr>
</red-def:rpminfo_state>
<red-def:rpminfo_state id="oval:com.redhat.rhsa:ste:20211887001" version="636">
 <red-def:arch datatype="string" operation="pattern match">aarch64|i686|ppc64le|s390x|x86_64</red-def:arch>
 <red-def:evr datatype="evr_string" operation="less than">1:2.3.8-9.el8</red-def:evr>
</red-def:rpminfo_state>
<red-def:rpminfo_state id="oval:com.redhat.rhsa:ste:20211887003" version="636">
 <red-def:arch datatype="string" operation="pattern match">aarch64|ppc64le|s390x|x86_64</red-def:arch>
 <red-def:evr datatype="evr_string" operation="less than">1:2.3.8-9.el8</red-def:evr>
</red-def:rpminfo_state>
<red-def:rpminfo_state id="oval:com.redhat.rhsa:ste:20211898001" version="636">
 <red-def:arch datatype="string" operation="pattern match">aarch64|ppc64le|s390x|x86_64</red-def:arch>
 <red-def:evr datatype="evr_string" operation="less than">0:4.2.3-2.el8</red-def:evr>
</red-def:rpminfo_state>
<red-def:rpminfo_state id="oval:com.redhat.rhsa:ste:20211924001" version="636">
 <red-def:arch datatype="string" operation="pattern match">aarch64|i686|x86_64</red-def:arch>
 <red-def:evr datatype="evr_string" operation="less than">0:0.14.3-4.el8</red-def:evr>
</red-def:rpminfo_state>
<red-def:rpminfo_state id="oval:com.redhat.rhsa:ste:20211935001" version="639">
 <red-def:arch datatype="string" operation="pattern match">aarch64|ppc64le|s390x|x86_64</red-def:arch>
 <red-def:evr datatype="evr_string" operation="less than">0:1.49.0-1.module+el8.4.0+9446+1a463e08</red-def:evr>
</red-def:rpminfo_state>
<red-def:rpminfo_state id="oval:com.redhat.rhsa:ste:20211935003" version="639">
 <red-def:evr datatype="evr_string" operation="less than">0:1.49.0-1.module+el8.4.0+9446+1a463e08</red-def:evr>
</red-def:rpminfo_state>
<red-def:rpminfo_state id="oval:com.redhat.rhsa:ste:20211968001" version="638">
 <red-def:arch datatype="string" operation="pattern match">aarch64|ppc64le|s390x|x86_64</red-def:arch>
 <red-def:evr datatype="evr_string" operation="less than">0:2.30-3.el8</red-def:evr>
</red-def:rpminfo_state>
<red-def:rpminfo_state id="oval:com.redhat.rhsa:ste:20211968003" version="638">
 <red-def:evr datatype="evr_string" operation="less than">0:3.26.0.0-1.el8</red-def:evr>
</red-def:rpminfo_state>
<red-def:rpminfo_state id="oval:com.redhat.rhsa:ste:20211968004" version="638">
 <red-def:evr datatype="evr_string" operation="less than">0:1.0.6-14.el8</red-def:evr>
</red-def:rpminfo_state>
<red-def:rpminfo_state id="oval:com.redhat.rhsa:ste:20211968005" version="638">
 <red-def:evr datatype="evr_string" operation="less than">0:104-2.el8</red-def:evr>
</red-def:rpminfo_state>
<red-def:rpminfo_state id="oval:com.redhat.rhsa:ste:20211972001" version="636">
 <red-def:arch datatype="string" operation="pattern match">aarch64|ppc64le|s390x|x86_64</red-def:arch>
 <red-def:evr datatype="evr_string" operation="less than">0:2.0.6-5.el8</red-def:evr>
</red-def:rpminfo_state>
<red-def:rpminfo_state id="oval:com.redhat.rhsa:ste:20211972003" version="636">
 <red-def:evr datatype="evr_string" operation="less than">0:2.0.6-5.el8</red-def:evr>
</red-def:rpminfo_state>
<red-def:rpminfo_state id="oval:com.redhat.rhsa:ste:20211979003" version="635">
 <red-def:arch datatype="string" operation="pattern match">aarch64|ppc64le|s390x|x86_64</red-def:arch>
 <red-def:evr datatype="evr_string" operation="less than">7:4.11-4.module+el8.4.0+10676+a969168e.2</red-def:evr>
</red-def:rpminfo_state>
<red-def:rpminfo_state id="oval:com.redhat.rhsa:ste:20211983013" version="636">
 <red-def:arch datatype="string" operation="pattern match">aarch64|ppc64le|s390x|x86_64</red-def:arch>
 <red-def:evr datatype="evr_string" operation="less than">0:0.56.6-2.module+el8.4.0+10615+2234cc2c</red-def:evr>
</red-def:rpminfo_state>
<red-def:rpminfo_state id="oval:com.redhat.rhsa:ste:20211989001" version="634">
 <red-def:arch datatype="string" operation="pattern match">aarch64|ppc64le|s390x|x86_64</red-def:arch>
 <red-def:evr datatype="evr_string" operation="less than">32:9.11.26-4.el8_4</red-def:evr>
</red-def:rpminfo_state>
<red-def:rpminfo_state id="oval:com.redhat.rhsa:ste:20211989003" version="634">
 <red-def:arch datatype="string" operation="pattern match">aarch64|i686|ppc64le|s390x|x86_64</red-def:arch>
 <red-def:evr datatype="evr_string" operation="less than">32:9.11.26-4.el8_4</red-def:evr>
</red-def:rpminfo_state>
<red-def:rpminfo_state id="oval:com.redhat.rhsa:ste:20211989004" version="634">
 <red-def:evr datatype="evr_string" operation="less than">32:9.11.26-4.el8_4</red-def:evr>
</red-def:rpminfo_state>
<red-def:rpminfo_state id="oval:com.redhat.rhsa:ste:20212034001" version="635">
 <red-def:arch datatype="string" operation="pattern match">aarch64|ppc64le|s390x|x86_64</red-def:arch>
 <red-def:evr datatype="evr_string" operation="less than">0:6.0.9-3.module+el8.4.0+10984+ed187465</red-def:evr>
</red-def:rpminfo_state>
<red-def:rpminfo_state id="oval:com.redhat.rhsa:ste:20212034003" version="635">
 <red-def:evr datatype="evr_string" operation="less than">0:6.0.9-3.module+el8.4.0+10984+ed187465</red-def:evr>
</red-def:rpminfo_state>
<red-def:rpminfo_state id="oval:com.redhat.rhsa:ste:20212036001" version="636">
 <red-def:arch datatype="string" operation="equals">x86_64</red-def:arch>
 <red-def:evr datatype="evr_string" operation="less than">0:5.0.6-1.el8_4</red-def:evr>
</red-def:rpminfo_state>
<red-def:rpminfo_state id="oval:com.redhat.rhsa:ste:20212036003" version="636">
 <red-def:arch datatype="string" operation="equals">x86_64</red-def:arch>
 <red-def:evr datatype="evr_string" operation="less than">0:5.0.203-1.el8_4</red-def:evr>
</red-def:rpminfo_state>
<red-def:rpminfo_state id="oval:com.redhat.rhsa:ste:20212037001" version="637">
 <red-def:arch datatype="string" operation="equals">x86_64</red-def:arch>
 <red-def:evr datatype="evr_string" operation="less than">0:3.1.15-1.el8_4</red-def:evr>
</red-def:rpminfo_state>
<red-def:rpminfo_state id="oval:com.redhat.rhsa:ste:20212037003" version="637">
 <red-def:arch datatype="string" operation="equals">x86_64</red-def:arch>
 <red-def:evr datatype="evr_string" operation="less than">0:3.1.115-1.el8_4</red-def:evr>
</red-def:rpminfo_state>
<red-def:rpminfo_state id="oval:com.redhat.rhsa:ste:20212165001" version="636">
 <red-def:arch datatype="string" operation="equals">x86_64</red-def:arch>
 <red-def:evr datatype="evr_string" operation="less than">0:1-1.el8</red-def:evr>
</red-def:rpminfo_state>
<red-def:rpminfo_state id="oval:com.redhat.rhsa:ste:20212165002" version="636">
 <red-def:arch datatype="string" operation="equals">x86_64</red-def:arch>
 <red-def:evr datatype="evr_string" operation="equals">0:4.18.0-305.el8</red-def:evr>
</red-def:rpminfo_state>
<unix-def:uname_state id="oval:com.redhat.rhsa:ste:20212165004" version="636">
 <unix-def:os_release operation="pattern match">4.18.0-305.el8</unix-def:os_release>
</unix-def:uname_state>
<ind-def:textfilecontent54_state id="oval:com.redhat.rhsa:ste:20212165005" version="636">
 <ind-def:text operation="pattern match">4.18.0-305.el8</ind-def:text>
</ind-def:textfilecontent54_state>
<red-def:rpminfo_state id="oval:com.redhat.rhsa:ste:20212168001" version="638">
 <red-def:arch datatype="string" operation="pattern match">aarch64|ppc64le|s390x|x86_64</red-def:arch>
 <red-def:evr datatype="evr_string" operation="less than">0:4.18.0-305.3.1.el8_4</red-def:evr>
</red-def:rpminfo_state>
<red-def:rpminfo_state id="oval:com.redhat.rhsa:ste:20212168003" version="638">
 <red-def:evr datatype="evr_string" operation="less than">0:4.18.0-305.3.1.el8_4</red-def:evr>
</red-def:rpminfo_state>
<red-def:rpminfo_state id="oval:com.redhat.rhsa:ste:20212168004" version="638">
 <red-def:arch datatype="string" operation="pattern match">aarch64|ppc64le|x86_64</red-def:arch>
 <red-def:evr datatype="evr_string" operation="less than">0:4.18.0-305.3.1.el8_4</red-def:evr>
</red-def:rpminfo_state>
<red-def:rpminfo_state id="oval:com.redhat.rhsa:ste:20212168005" version="638">
 <red-def:arch datatype="string" operation="equals">s390x</red-def:arch>
 <red-def:evr datatype="evr_string" operation="less than">0:4.18.0-305.3.1.el8_4</red-def:evr>
</red-def:rpminfo_state>
<unix-def:uname_state id="oval:com.redhat.rhsa:ste:20212168006" version="638">
 <unix-def:os_release operation="pattern match">([0-3]\.\d+\.\d+-)|(4\.([0-9]|1[0-7])\.\d+-)|(4\.18\.0-([0-9]{1,2}|[1-2][0-9]{2}|30[0-4])\.)|(4\.18\.0-305\.[^\.]*[a-zA-Z])|(4\.18\.0-305\.[0-2]\.)|(4\.18\.0-305\.3\.[^\.]*[a-zA-Z])|(4\.18\.0-305\.3\.0\.)</unix-def:os_release>
</unix-def:uname_state>
<ind-def:textfilecontent54_state id="oval:com.redhat.rhsa:ste:20212168007" version="638">
 <ind-def:text operation="pattern match">([0-3]\.\d+\.\d+-)|(4\.([0-9]|1[0-7])\.\d+-)|(4\.18\.0-([0-9]{1,2}|[1-2][0-9]{2}|30[0-4])\.)|(4\.18\.0-305\.[^\.]*[a-zA-Z])|(4\.18\.0-305\.[0-2]\.)|(4\.18\.0-305\.3\.[^\.]*[a-zA-Z])|(4\.18\.0-305\.3\.0\.)</ind-def:text>
</ind-def:textfilecontent54_state>
<red-def:rpminfo_state id="oval:com.redhat.rhsa:ste:20212169001" version="639">
 <red-def:arch datatype="string" operation="equals">x86_64</red-def:arch>
 <red-def:evr datatype="evr_string" operation="less than">0:4.18.0-305.3.1.rt7.75.el8_4</red-def:evr>
</red-def:rpminfo_state>
<red-def:rpminfo_state id="oval:com.redhat.rhsa:ste:20212170001" version="635">
 <red-def:arch datatype="string" operation="pattern match">aarch64|i686|ppc64le|s390x|x86_64</red-def:arch>
 <red-def:evr datatype="evr_string" operation="less than">0:2.56.4-10.el8_4</red-def:evr>
</red-def:rpminfo_state>
<red-def:rpminfo_state id="oval:com.redhat.rhsa:ste:20212170003" version="635">
 <red-def:evr datatype="evr_string" operation="less than">0:2.56.4-10.el8_4</red-def:evr>
</red-def:rpminfo_state>
<red-def:rpminfo_state id="oval:com.redhat.rhsa:ste:20212170004" version="635">
 <red-def:arch datatype="string" operation="pattern match">aarch64|ppc64le|s390x|x86_64</red-def:arch>
 <red-def:evr datatype="evr_string" operation="less than">0:2.56.4-10.el8_4</red-def:evr>
</red-def:rpminfo_state>
<red-def:rpminfo_state id="oval:com.redhat.rhsa:ste:20212233001" version="636">
 <red-def:arch datatype="string" operation="pattern match">aarch64|ppc64le|s390x|x86_64</red-def:arch>
 <red-def:evr datatype="evr_string" operation="less than">0:78.11.0-3.el8_4</red-def:evr>
</red-def:rpminfo_state>
<red-def:rpminfo_state id="oval:com.redhat.rhsa:ste:20212235004" version="636">
 <red-def:evr datatype="evr_string" operation="less than">0:10.10.5-3.module+el8.4.0+11039+635979e4</red-def:evr>
</red-def:rpminfo_state>
<red-def:rpminfo_state id="oval:com.redhat.rhsa:ste:20212235005" version="636">
 <red-def:arch datatype="string" operation="pattern match">aarch64|ppc64le|s390x|x86_64</red-def:arch>
 <red-def:evr datatype="evr_string" operation="less than">0:10.10.5-3.module+el8.4.0+11039+635979e4</red-def:evr>
</red-def:rpminfo_state>
<red-def:rpminfo_state id="oval:com.redhat.rhsa:ste:20212238001" version="635">
 <red-def:arch datatype="string" operation="pattern match">aarch64|ppc64le|s390x|x86_64</red-def:arch>
 <red-def:evr datatype="evr_string" operation="less than">0:0.115-11.el8_4.1</red-def:evr>
</red-def:rpminfo_state>
<red-def:rpminfo_state id="oval:com.redhat.rhsa:ste:20212238003" version="635">
 <red-def:arch datatype="string" operation="pattern match">aarch64|i686|ppc64le|s390x|x86_64</red-def:arch>
 <red-def:evr datatype="evr_string" operation="less than">0:0.115-11.el8_4.1</red-def:evr>
</red-def:rpminfo_state>
<red-def:rpminfo_state id="oval:com.redhat.rhsa:ste:20212238004" version="635">
 <red-def:evr datatype="evr_string" operation="less than">0:0.115-11.el8_4.1</red-def:evr>
</red-def:rpminfo_state>
<red-def:rpminfo_state id="oval:com.redhat.rhsa:ste:20212259001" version="635">
 <red-def:arch datatype="string" operation="pattern match">aarch64|ppc64le|s390x|x86_64</red-def:arch>
 <red-def:evr datatype="evr_string" operation="less than">1:1.18.0-3.module+el8.4.0+11152+f736ed63.1</red-def:evr>
</red-def:rpminfo_state>
<red-def:rpminfo_state id="oval:com.redhat.rhsa:ste:20212259003" version="635">
 <red-def:evr datatype="evr_string" operation="less than">1:1.18.0-3.module+el8.4.0+11152+f736ed63.1</red-def:evr>
</red-def:rpminfo_state>
<ind-def:textfilecontent54_state id="oval:com.redhat.rhsa:ste:20212259004" version="635">
 <ind-def:text operation="pattern match">\nstream\s*=\s*1\.18\b[\w\W]*\nstate\s*=\s*(enabled|1|true)|\nstate\s*=\s*(enabled|1|true)[\w\W]*\nstream\s*=\s*1\.18\b</ind-def:text>
</ind-def:textfilecontent54_state>
<red-def:rpminfo_state id="oval:com.redhat.rhsa:ste:20212264001" version="635">
 <red-def:arch datatype="string" operation="pattern match">aarch64|ppc64le|s390x|x86_64</red-def:arch>
 <red-def:evr datatype="evr_string" operation="less than">0:78.11.0-1.el8_4</red-def:evr>
</red-def:rpminfo_state>
<red-def:rpminfo_state id="oval:com.redhat.rhsa:ste:20212290001" version="635">
 <red-def:arch datatype="string" operation="pattern match">aarch64|ppc64le|s390x|x86_64</red-def:arch>
 <red-def:evr datatype="evr_string" operation="less than">1:1.16.1-2.module+el8.4.0+11155+68135136.1</red-def:evr>
</red-def:rpminfo_state>
<red-def:rpminfo_state id="oval:com.redhat.rhsa:ste:20212290003" version="635">
 <red-def:evr datatype="evr_string" operation="less than">1:1.16.1-2.module+el8.4.0+11155+68135136.1</red-def:evr>
</red-def:rpminfo_state>
<red-def:rpminfo_state id="oval:com.redhat.rhsa:ste:20212291001" version="634">
 <red-def:arch datatype="string" operation="pattern match">aarch64|ppc64le|s390x|x86_64</red-def:arch>
 <red-def:evr datatype="evr_string" operation="less than">0:1.11.6-8.module+el8.4.0+10193+e90fd8eb</red-def:evr>
</red-def:rpminfo_state>
<red-def:rpminfo_state id="oval:com.redhat.rhsa:ste:20212291003" version="634">
 <red-def:evr datatype="evr_string" operation="less than">0:11-1.module+el8.4.0+10193+e90fd8eb</red-def:evr>
</red-def:rpminfo_state>
<red-def:rpminfo_state id="oval:com.redhat.rhsa:ste:20212291004" version="634">
 <red-def:arch datatype="string" operation="pattern match">aarch64|ppc64le|s390x|x86_64</red-def:arch>
 <red-def:evr datatype="evr_string" operation="less than">2:2.0.15-1.module+el8.4.0+10193+e90fd8eb</red-def:evr>
</red-def:rpminfo_state>
<red-def:rpminfo_state id="oval:com.redhat.rhsa:ste:20212291005" version="634">
 <red-def:evr datatype="evr_string" operation="less than">2:2.130.0-1.module+el8.4.0+10193+e90fd8eb</red-def:evr>
</red-def:rpminfo_state>
<red-def:rpminfo_state id="oval:com.redhat.rhsa:ste:20212291006" version="634">
 <red-def:arch datatype="string" operation="pattern match">aarch64|ppc64le|s390x|x86_64</red-def:arch>
 <red-def:evr datatype="evr_string" operation="less than">0:0.8.3-4.module+el8.4.0+10193+e90fd8eb</red-def:evr>
</red-def:rpminfo_state>
<red-def:rpminfo_state id="oval:com.redhat.rhsa:ste:20212291007" version="634">
 <red-def:arch datatype="string" operation="pattern match">aarch64|ppc64le|s390x|x86_64</red-def:arch>
 <red-def:evr datatype="evr_string" operation="less than">1:0.1.41-4.module+el8.4.0+10193+e90fd8eb</red-def:evr>
</red-def:rpminfo_state>
<red-def:rpminfo_state id="oval:com.redhat.rhsa:ste:20212291008" version="634">
 <red-def:arch datatype="string" operation="pattern match">aarch64|ppc64le|s390x|x86_64</red-def:arch>
 <red-def:evr datatype="evr_string" operation="less than">0:3.12-9.module+el8.4.0+10193+e90fd8eb</red-def:evr>
</red-def:rpminfo_state>
<red-def:rpminfo_state id="oval:com.redhat.rhsa:ste:20212291009" version="634">
 <red-def:arch datatype="string" operation="pattern match">aarch64|ppc64le|s390x|x86_64</red-def:arch>
 <red-def:evr datatype="evr_string" operation="less than">0:0.7.8-1.module+el8.4.0+10193+e90fd8eb</red-def:evr>
</red-def:rpminfo_state>
<red-def:rpminfo_state id="oval:com.redhat.rhsa:ste:20212291010" version="634">
 <red-def:arch datatype="string" operation="pattern match">aarch64|ppc64le|s390x|x86_64</red-def:arch>
 <red-def:evr datatype="evr_string" operation="less than">0:1.6.4-26.module+el8.4.0+10193+e90fd8eb</red-def:evr>
</red-def:rpminfo_state>
<red-def:rpminfo_state id="oval:com.redhat.rhsa:ste:20212291011" version="634">
 <red-def:evr datatype="evr_string" operation="less than">0:1.6.4-26.module+el8.4.0+10193+e90fd8eb</red-def:evr>
</red-def:rpminfo_state>
<red-def:rpminfo_state id="oval:com.redhat.rhsa:ste:20212291012" version="634">
 <red-def:evr datatype="evr_string" operation="less than">0:1.2.0-0.2.gitd0a45fe.module+el8.4.0+10193+e90fd8eb</red-def:evr>
</red-def:rpminfo_state>
<red-def:rpminfo_state id="oval:com.redhat.rhsa:ste:20212291013" version="634">
 <red-def:arch datatype="string" operation="pattern match">aarch64|ppc64le|s390x|x86_64</red-def:arch>
 <red-def:evr datatype="evr_string" operation="less than">0:1.0.0-65.rc10.module+el8.4.0+11031+7edfb656</red-def:evr>
</red-def:rpminfo_state>
<red-def:rpminfo_state id="oval:com.redhat.rhsa:ste:20212291014" version="634">
 <red-def:arch datatype="string" operation="pattern match">aarch64|ppc64le|s390x|x86_64</red-def:arch>
 <red-def:evr datatype="evr_string" operation="less than">0:0.4.2-3.git21fdece.module+el8.4.0+10193+e90fd8eb</red-def:evr>
</red-def:rpminfo_state>
<red-def:rpminfo_state id="oval:com.redhat.rhsa:ste:20212291015" version="634">
 <red-def:evr datatype="evr_string" operation="less than">0:0.0.7-1.module+el8.4.0+10193+e90fd8eb</red-def:evr>
</red-def:rpminfo_state>
<red-def:rpminfo_state id="oval:com.redhat.rhsa:ste:20212291016" version="634">
 <red-def:evr datatype="evr_string" operation="less than">0:0.2.1-2.module+el8.4.0+10193+e90fd8eb</red-def:evr>
</red-def:rpminfo_state>
<red-def:rpminfo_state id="oval:com.redhat.rhsa:ste:20212308001" version="635">
 <red-def:arch datatype="string" operation="equals">x86_64</red-def:arch>
 <red-def:evr datatype="evr_string" operation="less than">4:20210216-1.20210525.1.el8_4</red-def:evr>
</red-def:rpminfo_state>
<red-def:rpminfo_state id="oval:com.redhat.rhsa:ste:20212352001" version="636">
 <red-def:arch datatype="string" operation="equals">x86_64</red-def:arch>
 <red-def:evr datatype="evr_string" operation="less than">0:3.1.16-1.el8_4</red-def:evr>
</red-def:rpminfo_state>
<red-def:rpminfo_state id="oval:com.redhat.rhsa:ste:20212352003" version="636">
 <red-def:arch datatype="string" operation="equals">x86_64</red-def:arch>
 <red-def:evr datatype="evr_string" operation="less than">0:3.1.116-1.el8_4</red-def:evr>
</red-def:rpminfo_state>
<red-def:rpminfo_state id="oval:com.redhat.rhsa:ste:20212353001" version="636">
 <red-def:arch datatype="string" operation="equals">x86_64</red-def:arch>
 <red-def:evr datatype="evr_string" operation="less than">0:5.0.7-1.el8_4</red-def:evr>
</red-def:rpminfo_state>
<red-def:rpminfo_state id="oval:com.redhat.rhsa:ste:20212353003" version="636">
 <red-def:arch datatype="string" operation="equals">x86_64</red-def:arch>
 <red-def:evr datatype="evr_string" operation="less than">0:5.0.204-1.el8_4</red-def:evr>
</red-def:rpminfo_state>
<red-def:rpminfo_state id="oval:com.redhat.rhsa:ste:20212354001" version="636">
 <red-def:arch datatype="string" operation="pattern match">aarch64|i686|ppc64le|s390x|x86_64</red-def:arch>
 <red-def:evr datatype="evr_string" operation="less than">0:1.0.0-3.el8_4</red-def:evr>
</red-def:rpminfo_state>
<red-def:rpminfo_state id="oval:com.redhat.rhsa:ste:20212359001" version="635">
 <red-def:arch datatype="string" operation="pattern match">aarch64|ppc64le|s390x|x86_64</red-def:arch>
 <red-def:evr datatype="evr_string" operation="less than">12:4.3.6-44.el8_4.1</red-def:evr>
</red-def:rpminfo_state>
<red-def:rpminfo_state id="oval:com.redhat.rhsa:ste:20212359003" version="635">
 <red-def:evr datatype="evr_string" operation="less than">12:4.3.6-44.el8_4.1</red-def:evr>
</red-def:rpminfo_state>
<red-def:rpminfo_state id="oval:com.redhat.rhsa:ste:20212359004" version="635">
 <red-def:arch datatype="string" operation="pattern match">aarch64|i686|ppc64le|s390x|x86_64</red-def:arch>
 <red-def:evr datatype="evr_string" operation="less than">12:4.3.6-44.el8_4.1</red-def:evr>
</red-def:rpminfo_state>
<red-def:rpminfo_state id="oval:com.redhat.rhsa:ste:20212360001" version="636">
 <red-def:arch datatype="string" operation="pattern match">aarch64|ppc64le|s390x|x86_64</red-def:arch>
 <red-def:evr datatype="evr_string" operation="less than">0:9.6.22-1.module+el8.4.0+11244+beebcf7e</red-def:evr>
</red-def:rpminfo_state>
<red-def:rpminfo_state id="oval:com.redhat.rhsa:ste:20212361001" version="636">
 <red-def:arch datatype="string" operation="pattern match">aarch64|ppc64le|s390x|x86_64</red-def:arch>
 <red-def:evr datatype="evr_string" operation="less than">0:10.17-1.module+el8.4.0+11249+895597ab</red-def:evr>
</red-def:rpminfo_state>
<red-def:rpminfo_state id="oval:com.redhat.rhsa:ste:20212363001" version="636">
 <red-def:arch datatype="string" operation="pattern match">aarch64|i686|ppc64le|s390x|x86_64</red-def:arch>
 <red-def:evr datatype="evr_string" operation="less than">0:1.0.6-2.el8_4</red-def:evr>
</red-def:rpminfo_state>
<red-def:rpminfo_state id="oval:com.redhat.rhsa:ste:20212370001" version="634">
 <red-def:arch datatype="string" operation="pattern match">aarch64|ppc64le|s390x|x86_64</red-def:arch>
 <red-def:evr datatype="evr_string" operation="less than">0:1.19.7-1.module+el8.4.0+11310+8c67a752</red-def:evr>
</red-def:rpminfo_state>
<red-def:rpminfo_state id="oval:com.redhat.rhsa:ste:20212370003" version="634">
 <red-def:evr datatype="evr_string" operation="less than">0:29-2.module+el8.4.0+11310+8c67a752</red-def:evr>
</red-def:rpminfo_state>
<red-def:rpminfo_state id="oval:com.redhat.rhsa:ste:20212370004" version="634">
 <red-def:arch datatype="string" operation="pattern match">aarch64|ppc64le|s390x|x86_64</red-def:arch>
 <red-def:evr datatype="evr_string" operation="less than">2:2.0.26-1.module+el8.4.0+11310+8c67a752</red-def:evr>
</red-def:rpminfo_state>
<red-def:rpminfo_state id="oval:com.redhat.rhsa:ste:20212370005" version="634">
 <red-def:evr datatype="evr_string" operation="less than">2:2.158.0-1.module+el8.4.0+11310+8c67a752</red-def:evr>
</red-def:rpminfo_state>
<red-def:rpminfo_state id="oval:com.redhat.rhsa:ste:20212370006" version="634">
 <red-def:arch datatype="string" operation="pattern match">aarch64|ppc64le|s390x|x86_64</red-def:arch>
 <red-def:evr datatype="evr_string" operation="less than">0:0.9.1-1.module+el8.4.0+11310+8c67a752</red-def:evr>
</red-def:rpminfo_state>
<red-def:rpminfo_state id="oval:com.redhat.rhsa:ste:20212370007" version="634">
 <red-def:arch datatype="string" operation="pattern match">aarch64|ppc64le|s390x|x86_64</red-def:arch>
 <red-def:evr datatype="evr_string" operation="less than">1:1.2.2-7.module+el8.4.0+11310+8c67a752</red-def:evr>
</red-def:rpminfo_state>
<red-def:rpminfo_state id="oval:com.redhat.rhsa:ste:20212370008" version="634">
 <red-def:arch datatype="string" operation="pattern match">aarch64|ppc64le|s390x|x86_64</red-def:arch>
 <red-def:evr datatype="evr_string" operation="less than">0:3.15-1.module+el8.4.0+11310+8c67a752</red-def:evr>
</red-def:rpminfo_state>
<red-def:rpminfo_state id="oval:com.redhat.rhsa:ste:20212370009" version="634">
 <red-def:arch datatype="string" operation="pattern match">aarch64|ppc64le|s390x|x86_64</red-def:arch>
 <red-def:evr datatype="evr_string" operation="less than">0:0.18-2.module+el8.4.0+11310+8c67a752</red-def:evr>
</red-def:rpminfo_state>
<red-def:rpminfo_state id="oval:com.redhat.rhsa:ste:20212370010" version="634">
 <red-def:arch datatype="string" operation="pattern match">aarch64|ppc64le|s390x|x86_64</red-def:arch>
 <red-def:evr datatype="evr_string" operation="less than">0:1.4.0-2.module+el8.4.0+11310+8c67a752</red-def:evr>
</red-def:rpminfo_state>
<red-def:rpminfo_state id="oval:com.redhat.rhsa:ste:20212370011" version="634">
 <red-def:arch datatype="string" operation="pattern match">aarch64|ppc64le|s390x|x86_64</red-def:arch>
 <red-def:evr datatype="evr_string" operation="less than">0:4.3.1-1.module+el8.4.0+11310+8c67a752</red-def:evr>
</red-def:rpminfo_state>
<red-def:rpminfo_state id="oval:com.redhat.rhsa:ste:20212370012" version="634">
 <red-def:arch datatype="string" operation="pattern match">aarch64|ppc64le|s390x|x86_64</red-def:arch>
 <red-def:evr datatype="evr_string" operation="less than">0:1.2.0-1.module+el8.4.0+11310+8c67a752</red-def:evr>
</red-def:rpminfo_state>
<red-def:rpminfo_state id="oval:com.redhat.rhsa:ste:20212370013" version="634">
 <red-def:arch datatype="string" operation="pattern match">aarch64|ppc64le|s390x|x86_64</red-def:arch>
 <red-def:evr datatype="evr_string" operation="less than">0:3.0.1-6.module+el8.4.0+11310+8c67a752</red-def:evr>
</red-def:rpminfo_state>
<red-def:rpminfo_state id="oval:com.redhat.rhsa:ste:20212370014" version="634">
 <red-def:evr datatype="evr_string" operation="less than">0:3.0.1-6.module+el8.4.0+11310+8c67a752</red-def:evr>
</red-def:rpminfo_state>
<red-def:rpminfo_state id="oval:com.redhat.rhsa:ste:20212370015" version="634">
 <red-def:arch datatype="string" operation="pattern match">aarch64|ppc64le|s390x|x86_64</red-def:arch>
 <red-def:evr datatype="evr_string" operation="less than">0:1.0.0-71.rc92.module+el8.4.0+11310+8c67a752</red-def:evr>
</red-def:rpminfo_state>
<red-def:rpminfo_state id="oval:com.redhat.rhsa:ste:20212370016" version="634">
 <red-def:arch datatype="string" operation="pattern match">aarch64|ppc64le|s390x|x86_64</red-def:arch>
 <red-def:evr datatype="evr_string" operation="less than">0:1.1.8-1.module+el8.4.0+11310+8c67a752</red-def:evr>
</red-def:rpminfo_state>
<red-def:rpminfo_state id="oval:com.redhat.rhsa:ste:20212370017" version="634">
 <red-def:evr datatype="evr_string" operation="less than">0:0.0.8-1.module+el8.4.0+11310+8c67a752</red-def:evr>
</red-def:rpminfo_state>
<red-def:rpminfo_state id="oval:com.redhat.rhsa:ste:20212370018" version="634">
 <red-def:evr datatype="evr_string" operation="less than">0:0.2.4-1.module+el8.4.0+11310+8c67a752</red-def:evr>
</red-def:rpminfo_state>
<red-def:rpminfo_state id="oval:com.redhat.rhsa:ste:20212371001" version="636">
 <red-def:arch datatype="string" operation="pattern match">aarch64|ppc64le|s390x|x86_64</red-def:arch>
 <red-def:evr datatype="evr_string" operation="less than">0:1.19.7-2.module+el8.4.0+11311+9da8acfb</red-def:evr>
</red-def:rpminfo_state>
<red-def:rpminfo_state id="oval:com.redhat.rhsa:ste:20212371003" version="636">
 <red-def:evr datatype="evr_string" operation="less than">0:29-2.module+el8.4.0+11311+9da8acfb</red-def:evr>
</red-def:rpminfo_state>
<red-def:rpminfo_state id="oval:com.redhat.rhsa:ste:20212371004" version="636">
 <red-def:arch datatype="string" operation="pattern match">aarch64|ppc64le|s390x|x86_64</red-def:arch>
 <red-def:evr datatype="evr_string" operation="less than">2:2.0.26-3.module+el8.4.0+11311+9da8acfb</red-def:evr>
</red-def:rpminfo_state>
<red-def:rpminfo_state id="oval:com.redhat.rhsa:ste:20212371005" version="636">
 <red-def:evr datatype="evr_string" operation="less than">2:2.162.0-1.module+el8.4.0+11311+9da8acfb</red-def:evr>
</red-def:rpminfo_state>
<red-def:rpminfo_state id="oval:com.redhat.rhsa:ste:20212371006" version="636">
 <red-def:arch datatype="string" operation="pattern match">aarch64|ppc64le|s390x|x86_64</red-def:arch>
 <red-def:evr datatype="evr_string" operation="less than">0:0.9.1-1.module+el8.4.0+11311+9da8acfb</red-def:evr>
</red-def:rpminfo_state>
<red-def:rpminfo_state id="oval:com.redhat.rhsa:ste:20212371007" version="636">
 <red-def:arch datatype="string" operation="pattern match">aarch64|ppc64le|s390x|x86_64</red-def:arch>
 <red-def:evr datatype="evr_string" operation="less than">1:1.2.2-10.module+el8.4.0+11311+9da8acfb</red-def:evr>
</red-def:rpminfo_state>
<red-def:rpminfo_state id="oval:com.redhat.rhsa:ste:20212371008" version="636">
 <red-def:arch datatype="string" operation="pattern match">aarch64|ppc64le|s390x|x86_64</red-def:arch>
 <red-def:evr datatype="evr_string" operation="less than">0:3.15-1.module+el8.4.0+11311+9da8acfb</red-def:evr>
</red-def:rpminfo_state>
<red-def:rpminfo_state id="oval:com.redhat.rhsa:ste:20212371009" version="636">
 <red-def:arch datatype="string" operation="pattern match">aarch64|ppc64le|s390x|x86_64</red-def:arch>
 <red-def:evr datatype="evr_string" operation="less than">0:0.18-2.module+el8.4.0+11311+9da8acfb</red-def:evr>
</red-def:rpminfo_state>
<red-def:rpminfo_state id="oval:com.redhat.rhsa:ste:20212371010" version="636">
 <red-def:arch datatype="string" operation="pattern match">aarch64|ppc64le|s390x|x86_64</red-def:arch>
 <red-def:evr datatype="evr_string" operation="less than">0:1.4.0-3.module+el8.4.0+11311+9da8acfb</red-def:evr>
</red-def:rpminfo_state>
<red-def:rpminfo_state id="oval:com.redhat.rhsa:ste:20212371011" version="636">
 <red-def:arch datatype="string" operation="pattern match">aarch64|ppc64le|s390x|x86_64</red-def:arch>
 <red-def:evr datatype="evr_string" operation="less than">0:4.3.1-1.module+el8.4.0+11311+9da8acfb</red-def:evr>
</red-def:rpminfo_state>
<red-def:rpminfo_state id="oval:com.redhat.rhsa:ste:20212371012" version="636">
 <red-def:arch datatype="string" operation="pattern match">aarch64|ppc64le|s390x|x86_64</red-def:arch>
 <red-def:evr datatype="evr_string" operation="less than">0:1.2.0-2.module+el8.4.0+11311+9da8acfb</red-def:evr>
</red-def:rpminfo_state>
<red-def:rpminfo_state id="oval:com.redhat.rhsa:ste:20212371013" version="636">
 <red-def:arch datatype="string" operation="pattern match">aarch64|ppc64le|s390x|x86_64</red-def:arch>
 <red-def:evr datatype="evr_string" operation="less than">0:3.0.1-7.module+el8.4.0+11311+9da8acfb</red-def:evr>
</red-def:rpminfo_state>
<red-def:rpminfo_state id="oval:com.redhat.rhsa:ste:20212371014" version="636">
 <red-def:evr datatype="evr_string" operation="less than">0:3.0.1-7.module+el8.4.0+11311+9da8acfb</red-def:evr>
</red-def:rpminfo_state>
<red-def:rpminfo_state id="oval:com.redhat.rhsa:ste:20212371015" version="636">
 <red-def:arch datatype="string" operation="pattern match">aarch64|ppc64le|s390x|x86_64</red-def:arch>
 <red-def:evr datatype="evr_string" operation="less than">0:1.0.0-73.rc93.module+el8.4.0+11311+9da8acfb</red-def:evr>
</red-def:rpminfo_state>
<red-def:rpminfo_state id="oval:com.redhat.rhsa:ste:20212371016" version="636">
 <red-def:arch datatype="string" operation="pattern match">aarch64|ppc64le|s390x|x86_64</red-def:arch>
 <red-def:evr datatype="evr_string" operation="less than">0:1.1.8-1.module+el8.4.0+11311+9da8acfb</red-def:evr>
</red-def:rpminfo_state>
<red-def:rpminfo_state id="oval:com.redhat.rhsa:ste:20212371017" version="636">
 <red-def:evr datatype="evr_string" operation="less than">0:0.0.8-1.module+el8.4.0+11311+9da8acfb</red-def:evr>
</red-def:rpminfo_state>
<red-def:rpminfo_state id="oval:com.redhat.rhsa:ste:20212371018" version="636">
 <red-def:evr datatype="evr_string" operation="less than">0:0.2.4-1.module+el8.4.0+11311+9da8acfb</red-def:evr>
</red-def:rpminfo_state>
<red-def:rpminfo_state id="oval:com.redhat.rhsa:ste:20212372001" version="637">
 <red-def:arch datatype="string" operation="pattern match">aarch64|ppc64le|s390x|x86_64</red-def:arch>
 <red-def:evr datatype="evr_string" operation="less than">0:1.4.0-6.module+el8.4.0+11288+c193d6d7</red-def:evr>
</red-def:rpminfo_state>
<red-def:rpminfo_state id="oval:com.redhat.rhsa:ste:20212372003" version="637">
 <red-def:arch datatype="string" operation="pattern match">aarch64|ppc64le|s390x|x86_64</red-def:arch>
 <red-def:evr datatype="evr_string" operation="less than">0:0.10.0-2.module+el8.4.0+11288+c193d6d7</red-def:evr>
</red-def:rpminfo_state>
<red-def:rpminfo_state id="oval:com.redhat.rhsa:ste:20212372004" version="637">
 <red-def:arch datatype="string" operation="pattern match">aarch64|ppc64le|s390x|x86_64</red-def:arch>
 <red-def:evr datatype="evr_string" operation="less than">0:12.7-1.module+el8.4.0+11288+c193d6d7</red-def:evr>
</red-def:rpminfo_state>
<red-def:rpminfo_state id="oval:com.redhat.rhsa:ste:20212372005" version="637">
 <red-def:evr datatype="evr_string" operation="less than">0:12.7-1.module+el8.4.0+11288+c193d6d7</red-def:evr>
</red-def:rpminfo_state>
<red-def:rpminfo_state id="oval:com.redhat.rhsa:ste:20212375001" version="636">
 <red-def:arch datatype="string" operation="pattern match">aarch64|ppc64le|s390x|x86_64</red-def:arch>
 <red-def:evr datatype="evr_string" operation="less than">0:1.5.0-1.module+el8.4.0+8873+b821c30a</red-def:evr>
</red-def:rpminfo_state>
<red-def:rpminfo_state id="oval:com.redhat.rhsa:ste:20212375003" version="636">
 <red-def:arch datatype="string" operation="pattern match">aarch64|ppc64le|s390x|x86_64</red-def:arch>
 <red-def:evr datatype="evr_string" operation="less than">0:0.10.0-2.module+el8.4.0+8873+b821c30a</red-def:evr>
</red-def:rpminfo_state>
<red-def:rpminfo_state id="oval:com.redhat.rhsa:ste:20212375004" version="636">
 <red-def:arch datatype="string" operation="pattern match">aarch64|ppc64le|s390x|x86_64</red-def:arch>
 <red-def:evr datatype="evr_string" operation="less than">0:13.3-1.module+el8.4.0+11254+85259292</red-def:evr>
</red-def:rpminfo_state>
<red-def:rpminfo_state id="oval:com.redhat.rhsa:ste:20212375005" version="636">
 <red-def:evr datatype="evr_string" operation="less than">0:13.3-1.module+el8.4.0+11254+85259292</red-def:evr>
</red-def:rpminfo_state>
<ind-def:textfilecontent54_state id="oval:com.redhat.rhsa:ste:20212375006" version="636">
 <ind-def:text operation="pattern match">\nstream\s*=\s*13\b[\w\W]*\nstate\s*=\s*(enabled|1|true)|\nstate\s*=\s*(enabled|1|true)[\w\W]*\nstream\s*=\s*13\b</ind-def:text>
</ind-def:textfilecontent54_state>
<red-def:rpminfo_state id="oval:com.redhat.rhsa:ste:20212563002" version="636">
 <red-def:arch datatype="string" operation="pattern match">ppc64le|x86_64</red-def:arch>
 <red-def:evr datatype="evr_string" operation="equals">0:4.18.0-305.el8</red-def:evr>
</red-def:rpminfo_state>
<red-def:rpminfo_state id="oval:com.redhat.rhsa:ste:20212563006" version="636">
 <red-def:arch datatype="string" operation="pattern match">ppc64le|x86_64</red-def:arch>
 <red-def:evr datatype="evr_string" operation="less than">0:1-1.el8_4</red-def:evr>
</red-def:rpminfo_state>
<red-def:rpminfo_state id="oval:com.redhat.rhsa:ste:20212563007" version="636">
 <red-def:arch datatype="string" operation="pattern match">ppc64le|x86_64</red-def:arch>
 <red-def:evr datatype="evr_string" operation="equals">0:4.18.0-305.3.1.el8_4</red-def:evr>
</red-def:rpminfo_state>
<unix-def:uname_state id="oval:com.redhat.rhsa:ste:20212563008" version="636">
 <unix-def:os_release operation="pattern match">4.18.0-305.3.1.el8_4</unix-def:os_release>
</unix-def:uname_state>
<ind-def:textfilecontent54_state id="oval:com.redhat.rhsa:ste:20212563009" version="636">
 <ind-def:text operation="pattern match">4.18.0-305.3.1.el8_4</ind-def:text>
</ind-def:textfilecontent54_state>
<red-def:rpminfo_state id="oval:com.redhat.rhsa:ste:20212566001" version="634">
 <red-def:arch datatype="string" operation="pattern match">aarch64|ppc64le|s390x|x86_64</red-def:arch>
 <red-def:evr datatype="evr_string" operation="less than">0:1.5.9-1.el8_4</red-def:evr>
</red-def:rpminfo_state>
<red-def:rpminfo_state id="oval:com.redhat.rhsa:ste:20212569001" version="636">
 <red-def:arch datatype="string" operation="pattern match">aarch64|i686|ppc64le|s390x|x86_64</red-def:arch>
 <red-def:evr datatype="evr_string" operation="less than">0:2.9.7-9.el8_4.2</red-def:evr>
</red-def:rpminfo_state>
<red-def:rpminfo_state id="oval:com.redhat.rhsa:ste:20212569003" version="636">
 <red-def:arch datatype="string" operation="pattern match">aarch64|ppc64le|s390x|x86_64</red-def:arch>
 <red-def:evr datatype="evr_string" operation="less than">0:2.9.7-9.el8_4.2</red-def:evr>
</red-def:rpminfo_state>
<red-def:rpminfo_state id="oval:com.redhat.rhsa:ste:20212570001" version="641">
 <red-def:arch datatype="string" operation="pattern match">aarch64|ppc64le|s390x|x86_64</red-def:arch>
 <red-def:evr datatype="evr_string" operation="less than">0:4.18.0-305.7.1.el8_4</red-def:evr>
</red-def:rpminfo_state>
<red-def:rpminfo_state id="oval:com.redhat.rhsa:ste:20251740006" version="636">
 <red-def:evr datatype="evr_string" operation="less than">0:16.8-1.module+el8.10.0+22867+e4e13b1c</red-def:evr>
</red-def:rpminfo_state>
</states>
</oval_definitions>
